#
# There is insufficient memory for the Java Runtime Environment to continue.
# Native memory allocation (mmap) failed to map 132120576 bytes for Failed to commit area from 0x000000008ce00000 to 0x0000000094c00000 of length 132120576.
# Possible reasons:
#   The system is out of physical RAM or swap space
#   The process is running with CompressedOops enabled, and the Java Heap may be blocking the growth of the native heap
# Possible solutions:
#   Reduce memory load on the system
#   Increase physical memory or swap space
#   Check if swap backing store is full
#   Decrease Java heap size (-Xmx/-Xms)
#   Decrease number of Java threads
#   Decrease Java thread stack sizes (-Xss)
#   Set larger code cache with -XX:ReservedCodeCacheSize=
#   JVM is running with Unscaled Compressed Oops mode in which the Java heap is
#     placed in the first 4GB address space. The Java Heap base address is the
#     maximum limit for the native heap growth. Please use -XX:HeapBaseMinAddress
#     to set the Java Heap base and to place the Java Heap above 4GB virtual address.
# This output file may be truncated or incomplete.
#
#  Out of Memory Error (src/hotspot/os/windows/os_windows.cpp:3627), pid=15064, tid=12896
#
# JRE version: OpenJDK Runtime Environment (11.0.15) (build 11.0.15+0-b2043.56-8887301)
# Java VM: OpenJDK 64-Bit Server VM (11.0.15+0-b2043.56-8887301, mixed mode, tiered, compressed oops, g1 gc, windows-amd64)
# No core dump will be written. Minidumps are not enabled by default on client versions of Windows
#

---------------  S U M M A R Y ------------

Command Line: --add-opens=java.base/java.util=ALL-UNNAMED --add-opens=java.base/java.lang=ALL-UNNAMED --add-opens=java.base/java.lang.invoke=ALL-UNNAMED --add-opens=java.prefs/java.util.prefs=ALL-UNNAMED --add-opens=java.base/java.nio.charset=ALL-UNNAMED --add-opens=java.base/java.net=ALL-UNNAMED --add-opens=java.base/java.util.concurrent.atomic=ALL-UNNAMED -Xmx2048m -Dfile.encoding=UTF-8 -Duser.country=US -Duser.language=en -Duser.variant org.gradle.launcher.daemon.bootstrap.GradleDaemon 8.0

Host: AMD Ryzen 5 4500U with Radeon Graphics         , 6 cores, 7G,  Windows 11 , 64 bit Build 22621 (10.0.22621.2506)
Time: Tue Jan 16 22:07:10 2024 SE Asia Standard Time elapsed time: 6.275512 seconds (0d 0h 0m 6s)

---------------  T H R E A D  ---------------

Current thread (0x0000026af7780000):  VMThread "VM Thread" [stack: 0x000000b1cbf00000,0x000000b1cc000000] [id=12896]

Stack: [0x000000b1cbf00000,0x000000b1cc000000]
[error occurred during error reporting (printing stack bounds), id 0xc0000005, EXCEPTION_ACCESS_VIOLATION (0xc0000005) at pc=0x0000026ae124112d]

Native frames: (J=compiled Java code, j=interpreted, Vv=VM code, C=native code)
V  [jvm.dll+0x64135a]
V  [jvm.dll+0x7d39f9]
V  [jvm.dll+0x7d51b9]
V  [jvm.dll+0x7d5805]
V  [jvm.dll+0x7d57bb]
V  [jvm.dll+0x640655]
V  [jvm.dll+0x640d68]
C  [ntdll.dll+0xa441f]
C  [ntdll.dll+0x1e466]
C  [ntdll.dll+0xa340e]
C  0x0000026ae124112d

VM_Operation (0x000000b1ce0fdf10): G1CollectForAllocation, mode: safepoint, requested by thread 0x0000026afa249000


---------------  P R O C E S S  ---------------

Threads class SMR info:
_java_thread_list=0x0000026afbb19eb0, length=38, elements={
0x0000026add725800, 0x0000026af7785000, 0x0000026af778e000, 0x0000026af8103000,
0x0000026af779c000, 0x0000026af779d000, 0x0000026af77a1800, 0x0000026af77a2800,
0x0000026af77a6000, 0x0000026af825b800, 0x0000026afa8d8800, 0x0000026af83ad800,
0x0000026af934c800, 0x0000026af981e800, 0x0000026afa5f5800, 0x0000026afa43a000,
0x0000026afa504800, 0x0000026afab7b800, 0x0000026afab7c800, 0x0000026afab95000,
0x0000026afaac3800, 0x0000026afa248800, 0x0000026afa24a000, 0x0000026afa245000,
0x0000026afa244800, 0x0000026afa246000, 0x0000026afa249000, 0x0000026afa24b000,
0x0000026afa246800, 0x0000026afa247800, 0x0000026aface3000, 0x0000026aface3800,
0x0000026aface1000, 0x0000026aface7000, 0x0000026aface4800, 0x0000026aface8000,
0x0000026aface5800, 0x0000026aface6000
}

Java Threads: ( => current thread )
  0x0000026add725800 JavaThread "main" [_thread_blocked, id=21360, stack(0x000000b1cb900000,0x000000b1cba00000)]
  0x0000026af7785000 JavaThread "Reference Handler" daemon [_thread_blocked, id=18604, stack(0x000000b1cc000000,0x000000b1cc100000)]
  0x0000026af778e000 JavaThread "Finalizer" daemon [_thread_blocked, id=5304, stack(0x000000b1cc100000,0x000000b1cc200000)]
  0x0000026af8103000 JavaThread "Signal Dispatcher" daemon [_thread_blocked, id=8640, stack(0x000000b1cc200000,0x000000b1cc300000)]
  0x0000026af779c000 JavaThread "Attach Listener" daemon [_thread_blocked, id=5544, stack(0x000000b1cc300000,0x000000b1cc400000)]
  0x0000026af779d000 JavaThread "Service Thread" daemon [_thread_blocked, id=2428, stack(0x000000b1cc400000,0x000000b1cc500000)]
  0x0000026af77a1800 JavaThread "C2 CompilerThread0" daemon [_thread_blocked, id=6824, stack(0x000000b1cc500000,0x000000b1cc600000)]
  0x0000026af77a2800 JavaThread "C1 CompilerThread0" daemon [_thread_blocked, id=10608, stack(0x000000b1cc600000,0x000000b1cc700000)]
  0x0000026af77a6000 JavaThread "Sweeper thread" daemon [_thread_blocked, id=13856, stack(0x000000b1cc700000,0x000000b1cc800000)]
  0x0000026af825b800 JavaThread "Common-Cleaner" daemon [_thread_blocked, id=14744, stack(0x000000b1cc800000,0x000000b1cc900000)]
  0x0000026afa8d8800 JavaThread "Daemon health stats" [_thread_blocked, id=17524, stack(0x000000b1ccc00000,0x000000b1ccd00000)]
  0x0000026af83ad800 JavaThread "Incoming local TCP Connector on port 55163" [_thread_in_native, id=19096, stack(0x000000b1cca00000,0x000000b1ccb00000)]
  0x0000026af934c800 JavaThread "Daemon periodic checks" [_thread_blocked, id=11908, stack(0x000000b1ccd00000,0x000000b1cce00000)]
  0x0000026af981e800 JavaThread "Daemon" [_thread_blocked, id=19364, stack(0x000000b1cce00000,0x000000b1ccf00000)]
  0x0000026afa5f5800 JavaThread "Handler for socket connection from /127.0.0.1:55163 to /127.0.0.1:55164" [_thread_in_native, id=11868, stack(0x000000b1ccf00000,0x000000b1cd000000)]
  0x0000026afa43a000 JavaThread "Cancel handler" [_thread_blocked, id=20340, stack(0x000000b1cd000000,0x000000b1cd100000)]
  0x0000026afa504800 JavaThread "Daemon worker" [_thread_blocked, id=4728, stack(0x000000b1cd100000,0x000000b1cd200000)]
  0x0000026afab7b800 JavaThread "Asynchronous log dispatcher for DefaultDaemonConnection: socket connection from /127.0.0.1:55163 to /127.0.0.1:55164" [_thread_blocked, id=8416, stack(0x000000b1cd200000,0x000000b1cd300000)]
  0x0000026afab7c800 JavaThread "Stdin handler" [_thread_blocked, id=13064, stack(0x000000b1cd300000,0x000000b1cd400000)]
  0x0000026afab95000 JavaThread "Daemon client event forwarder" [_thread_blocked, id=15724, stack(0x000000b1cd400000,0x000000b1cd500000)]
  0x0000026afaac3800 JavaThread "C2 CompilerThread1" daemon [_thread_in_native, id=14072, stack(0x000000b1cd500000,0x000000b1cd600000)]
  0x0000026afa248800 JavaThread "Cache worker for journal cache (C:\Users\HI\.gradle\caches\journal-1)" [_thread_blocked, id=1784, stack(0x000000b1cdb00000,0x000000b1cdc00000)]
  0x0000026afa24a000 JavaThread "File lock request listener" [_thread_in_native, id=18468, stack(0x000000b1cdc00000,0x000000b1cdd00000)]
  0x0000026afa245000 JavaThread "Cache worker for file hash cache (C:\Users\HI\.gradle\caches\8.0\fileHashes)" [_thread_blocked, id=17592, stack(0x000000b1cdd00000,0x000000b1cde00000)]
  0x0000026afa244800 JavaThread "File watcher server" daemon [_thread_in_native, id=6892, stack(0x000000b1cde00000,0x000000b1cdf00000)]
  0x0000026afa246000 JavaThread "File watcher consumer" daemon [_thread_blocked, id=20592, stack(0x000000b1cdf00000,0x000000b1ce000000)]
  0x0000026afa249000 JavaThread "jar transforms" [_thread_blocked, id=13916, stack(0x000000b1ce000000,0x000000b1ce100000)]
  0x0000026afa24b000 JavaThread "jar transforms Thread 2" [_thread_blocked, id=5692, stack(0x000000b1ce100000,0x000000b1ce200000)]
  0x0000026afa246800 JavaThread "jar transforms Thread 3" [_thread_blocked, id=9708, stack(0x000000b1ce200000,0x000000b1ce300000)]
  0x0000026afa247800 JavaThread "jar transforms Thread 4" [_thread_blocked, id=7632, stack(0x000000b1ce300000,0x000000b1ce400000)]
  0x0000026aface3000 JavaThread "jar transforms Thread 5" [_thread_blocked, id=18088, stack(0x000000b1ce400000,0x000000b1ce500000)]
  0x0000026aface3800 JavaThread "jar transforms Thread 6" [_thread_blocked, id=2236, stack(0x000000b1ce500000,0x000000b1ce600000)]
  0x0000026aface1000 JavaThread "Cache worker for checksums cache (C:\Users\HI\AndroidStudioProjects\Spinner\.gradle\8.0\checksums)" [_thread_blocked, id=12092, stack(0x000000b1ce600000,0x000000b1ce700000)]
  0x0000026aface7000 JavaThread "Cache worker for cache directory md-rule (C:\Users\HI\.gradle\caches\8.0\md-rule)" [_thread_blocked, id=3460, stack(0x000000b1ce700000,0x000000b1ce800000)]
  0x0000026aface4800 JavaThread "Cache worker for file content cache (C:\Users\HI\.gradle\caches\8.0\fileContent)" [_thread_blocked, id=12256, stack(0x000000b1ce800000,0x000000b1ce900000)]
  0x0000026aface8000 JavaThread "Cache worker for file hash cache (C:\Users\HI\AndroidStudioProjects\Spinner\.gradle\8.0\fileHashes)" [_thread_blocked, id=17608, stack(0x000000b1ce900000,0x000000b1cea00000)]
  0x0000026aface5800 JavaThread "Cache worker for cache directory md-supplier (C:\Users\HI\.gradle\caches\8.0\md-supplier)" [_thread_blocked, id=13072, stack(0x000000b1cea00000,0x000000b1ceb00000)]
  0x0000026aface6000 JavaThread "Cache worker for execution history cache (C:\Users\HI\.gradle\caches\8.0\executionHistory)" [_thread_blocked, id=14884, stack(0x000000b1ceb00000,0x000000b1cec00000)]

Other Threads:
=>0x0000026af7780000 VMThread "VM Thread" [stack: 0x000000b1cbf00000,0x000000b1cc000000] [id=12896]
  0x0000026af8281000 WatcherThread [stack: 0x000000b1cc900000,0x000000b1cca00000] [id=16184]
  0x0000026add740800 GCTaskThread "GC Thread#0" [stack: 0x000000b1cba00000,0x000000b1cbb00000] [id=9880]
  0x0000026af8d6e800 GCTaskThread "GC Thread#1" [stack: 0x000000b1ccb00000,0x000000b1ccc00000] [id=18712]
  0x0000026afa641000 GCTaskThread "GC Thread#2" [stack: 0x000000b1cd600000,0x000000b1cd700000] [id=3468]
  0x0000026afaac4000 GCTaskThread "GC Thread#3" [stack: 0x000000b1cd700000,0x000000b1cd800000] [id=10476]
  0x0000026afa072800 GCTaskThread "GC Thread#4" [stack: 0x000000b1cd800000,0x000000b1cd900000] [id=9188]
  0x0000026afa073800 GCTaskThread "GC Thread#5" [stack: 0x000000b1cd900000,0x000000b1cda00000] [id=5036]
  0x0000026add770800 ConcurrentGCThread "G1 Main Marker" [stack: 0x000000b1cbb00000,0x000000b1cbc00000] [id=20252]
  0x0000026add773000 ConcurrentGCThread "G1 Conc#0" [stack: 0x000000b1cbc00000,0x000000b1cbd00000] [id=7620]
  0x0000026afa92f000 ConcurrentGCThread "G1 Conc#1" [stack: 0x000000b1cda00000,0x000000b1cdb00000] [id=8128]
  0x0000026af75d0800 ConcurrentGCThread "G1 Refine#0" [stack: 0x000000b1cbd00000,0x000000b1cbe00000] [id=13184]
  0x0000026af75d1800 ConcurrentGCThread "G1 Young RemSet Sampling" [stack: 0x000000b1cbe00000,0x000000b1cbf00000] [id=12396]

Threads with active compile tasks:
C2 CompilerThread0     6285 4555       4       org.objectweb.asm.ClassReader::readCode (5109 bytes)
C2 CompilerThread1     6285 4540       4       org.objectweb.asm.ClassReader::accept (1412 bytes)

VM state:at safepoint (normal execution)

VM Mutex/Monitor currently owned by a thread:  ([mutex/lock_event])
[0x0000026add7222a0] Threads_lock - owner thread: 0x0000026af7780000
[0x0000026add720b00] Heap_lock - owner thread: 0x0000026afa249000

Heap address: 0x0000000080000000, size: 2048 MB, Compressed Oops mode: 32-bit
Narrow klass base: 0x0000000000000000, Narrow klass shift: 3
Compressed class space size: 1073741824 Address: 0x0000000100000000

Heap:
 garbage-first heap   total 339968K, used 88452K [0x0000000080000000, 0x0000000100000000)
  region size 1024K, 7 young (7168K), 7 survivors (7168K)
 Metaspace       used 45629K, capacity 46806K, committed 47056K, reserved 1089536K
  class space    used 5789K, capacity 6240K, committed 6272K, reserved 1048576K
Heap Regions: E=young(eden), S=young(survivor), O=old, HS=humongous(starts), HC=humongous(continues), CS=collection set, F=free, A=archive, TAMS=top-at-mark-start (previous, next)
|   0|0x0000000080000000, 0x0000000080100000, 0x0000000080100000|100%|HS|  |TAMS 0x0000000080100000, 0x0000000080000000| Complete 
|   1|0x0000000080100000, 0x0000000080200000, 0x0000000080200000|100%|HC|  |TAMS 0x0000000080200000, 0x0000000080100000| Complete 
|   2|0x0000000080200000, 0x0000000080300000, 0x0000000080300000|100%|HC|  |TAMS 0x0000000080300000, 0x0000000080200000| Complete 
|   3|0x0000000080300000, 0x0000000080400000, 0x0000000080400000|100%|HC|  |TAMS 0x0000000080400000, 0x0000000080300000| Complete 
|   4|0x0000000080400000, 0x0000000080500000, 0x0000000080500000|100%| O|  |TAMS 0x0000000080500000, 0x0000000080400000| Untracked 
|   5|0x0000000080500000, 0x0000000080600000, 0x0000000080600000|100%| O|  |TAMS 0x0000000080600000, 0x0000000080500000| Untracked 
|   6|0x0000000080600000, 0x0000000080700000, 0x0000000080700000|100%| O|  |TAMS 0x0000000080700000, 0x0000000080600000| Untracked 
|   7|0x0000000080700000, 0x0000000080800000, 0x0000000080800000|100%| O|  |TAMS 0x0000000080800000, 0x0000000080700000| Untracked 
|   8|0x0000000080800000, 0x0000000080900000, 0x0000000080900000|100%| O|  |TAMS 0x0000000080900000, 0x0000000080800000| Untracked 
|   9|0x0000000080900000, 0x0000000080a00000, 0x0000000080a00000|100%| O|  |TAMS 0x0000000080a00000, 0x0000000080900000| Untracked 
|  10|0x0000000080a00000, 0x0000000080b00000, 0x0000000080b00000|100%| O|  |TAMS 0x0000000080b00000, 0x0000000080a00000| Untracked 
|  11|0x0000000080b00000, 0x0000000080c00000, 0x0000000080c00000|100%| O|  |TAMS 0x0000000080c00000, 0x0000000080b00000| Untracked 
|  12|0x0000000080c00000, 0x0000000080d00000, 0x0000000080d00000|100%| O|  |TAMS 0x0000000080d00000, 0x0000000080c00000| Untracked 
|  13|0x0000000080d00000, 0x0000000080e00000, 0x0000000080e00000|100%| O|  |TAMS 0x0000000080e00000, 0x0000000080d00000| Untracked 
|  14|0x0000000080e00000, 0x0000000080f00000, 0x0000000080f00000|100%| O|  |TAMS 0x0000000080f00000, 0x0000000080e00000| Untracked 
|  15|0x0000000080f00000, 0x0000000081000000, 0x0000000081000000|100%| O|  |TAMS 0x0000000081000000, 0x0000000080f00000| Untracked 
|  16|0x0000000081000000, 0x0000000081100000, 0x0000000081100000|100%| O|  |TAMS 0x0000000081100000, 0x0000000081000000| Untracked 
|  17|0x0000000081100000, 0x0000000081200000, 0x0000000081200000|100%| O|  |TAMS 0x0000000081200000, 0x0000000081100000| Untracked 
|  18|0x0000000081200000, 0x0000000081300000, 0x0000000081300000|100%|HS|  |TAMS 0x0000000081300000, 0x0000000081200000| Complete 
|  19|0x0000000081300000, 0x0000000081400000, 0x0000000081400000|100%|HC|  |TAMS 0x0000000081400000, 0x0000000081300000| Complete 
|  20|0x0000000081400000, 0x0000000081500000, 0x0000000081500000|100%|HS|  |TAMS 0x0000000081500000, 0x0000000081400000| Complete 
|  21|0x0000000081500000, 0x0000000081600000, 0x0000000081600000|100%|HC|  |TAMS 0x0000000081600000, 0x0000000081500000| Complete 
|  22|0x0000000081600000, 0x0000000081700000, 0x0000000081700000|100%|HC|  |TAMS 0x0000000081700000, 0x0000000081600000| Complete 
|  23|0x0000000081700000, 0x0000000081800000, 0x0000000081800000|100%|HS|  |TAMS 0x0000000081800000, 0x0000000081700000| Complete 
|  24|0x0000000081800000, 0x0000000081900000, 0x0000000081900000|100%|HC|  |TAMS 0x0000000081900000, 0x0000000081800000| Complete 
|  25|0x0000000081900000, 0x0000000081a00000, 0x0000000081a00000|100%|HC|  |TAMS 0x0000000081a00000, 0x0000000081900000| Complete 
|  26|0x0000000081a00000, 0x0000000081b00000, 0x0000000081b00000|100%|HS|  |TAMS 0x0000000081b00000, 0x0000000081a00000| Complete 
|  27|0x0000000081b00000, 0x0000000081c00000, 0x0000000081c00000|100%|HC|  |TAMS 0x0000000081c00000, 0x0000000081b00000| Complete 
|  28|0x0000000081c00000, 0x0000000081d00000, 0x0000000081d00000|100%|HS|  |TAMS 0x0000000081d00000, 0x0000000081c00000| Complete 
|  29|0x0000000081d00000, 0x0000000081e00000, 0x0000000081e00000|100%|HC|  |TAMS 0x0000000081e00000, 0x0000000081d00000| Complete 
|  30|0x0000000081e00000, 0x0000000081f00000, 0x0000000081f00000|100%|HC|  |TAMS 0x0000000081f00000, 0x0000000081e00000| Complete 
|  31|0x0000000081f00000, 0x0000000082000000, 0x0000000082000000|100%|HC|  |TAMS 0x0000000082000000, 0x0000000081f00000| Complete 
|  32|0x0000000082000000, 0x0000000082100000, 0x0000000082100000|100%|HC|  |TAMS 0x0000000082100000, 0x0000000082000000| Complete 
|  33|0x0000000082100000, 0x0000000082200000, 0x0000000082200000|100%|HS|  |TAMS 0x0000000082200000, 0x0000000082100000| Complete 
|  34|0x0000000082200000, 0x0000000082300000, 0x0000000082300000|100%|HC|  |TAMS 0x0000000082300000, 0x0000000082200000| Complete 
|  35|0x0000000082300000, 0x0000000082400000, 0x0000000082400000|100%|HC|  |TAMS 0x0000000082400000, 0x0000000082300000| Complete 
|  36|0x0000000082400000, 0x0000000082500000, 0x0000000082500000|100%|HC|  |TAMS 0x0000000082500000, 0x0000000082400000| Complete 
|  37|0x0000000082500000, 0x0000000082600000, 0x0000000082600000|100%|HC|  |TAMS 0x0000000082600000, 0x0000000082500000| Complete 
|  38|0x0000000082600000, 0x0000000082700000, 0x0000000082700000|100%|HC|  |TAMS 0x0000000082700000, 0x0000000082600000| Complete 
|  39|0x0000000082700000, 0x0000000082800000, 0x0000000082800000|100%|HC|  |TAMS 0x0000000082800000, 0x0000000082700000| Complete 
|  40|0x0000000082800000, 0x0000000082900000, 0x0000000082900000|100%|HC|  |TAMS 0x0000000082900000, 0x0000000082800000| Complete 
|  41|0x0000000082900000, 0x0000000082a00000, 0x0000000082a00000|100%|HC|  |TAMS 0x0000000082a00000, 0x0000000082900000| Complete 
|  42|0x0000000082a00000, 0x0000000082b00000, 0x0000000082b00000|100%|HC|  |TAMS 0x0000000082b00000, 0x0000000082a00000| Complete 
|  43|0x0000000082b00000, 0x0000000082c00000, 0x0000000082c00000|100%|HS|  |TAMS 0x0000000082c00000, 0x0000000082b00000| Complete 
|  44|0x0000000082c00000, 0x0000000082d00000, 0x0000000082d00000|100%|HC|  |TAMS 0x0000000082d00000, 0x0000000082c00000| Complete 
|  45|0x0000000082d00000, 0x0000000082e00000, 0x0000000082e00000|100%| O|  |TAMS 0x0000000082e00000, 0x0000000082d00000| Untracked 
|  46|0x0000000082e00000, 0x0000000082f00000, 0x0000000082f00000|100%| O|  |TAMS 0x0000000082f00000, 0x0000000082e00000| Untracked 
|  47|0x0000000082f00000, 0x0000000083000000, 0x0000000083000000|100%| O|  |TAMS 0x0000000083000000, 0x0000000082f00000| Untracked 
|  48|0x0000000083000000, 0x0000000083100000, 0x0000000083100000|100%| O|  |TAMS 0x0000000083100000, 0x0000000083000000| Untracked 
|  49|0x0000000083100000, 0x0000000083200000, 0x0000000083200000|100%| O|  |TAMS 0x0000000083200000, 0x0000000083100000| Untracked 
|  50|0x0000000083200000, 0x0000000083300000, 0x0000000083300000|100%| O|  |TAMS 0x0000000083300000, 0x0000000083200000| Untracked 
|  51|0x0000000083300000, 0x0000000083400000, 0x0000000083400000|100%| O|  |TAMS 0x0000000083400000, 0x0000000083300000| Untracked 
|  52|0x0000000083400000, 0x0000000083500000, 0x0000000083500000|100%| O|  |TAMS 0x0000000083500000, 0x0000000083400000| Untracked 
|  53|0x0000000083500000, 0x0000000083600000, 0x0000000083600000|100%| O|  |TAMS 0x0000000083600000, 0x0000000083500000| Untracked 
|  54|0x0000000083600000, 0x0000000083700000, 0x0000000083700000|100%|HS|  |TAMS 0x0000000083700000, 0x0000000083600000| Complete 
|  55|0x0000000083700000, 0x0000000083800000, 0x0000000083800000|100%|HC|  |TAMS 0x0000000083800000, 0x0000000083700000| Complete 
|  56|0x0000000083800000, 0x0000000083900000, 0x0000000083900000|100%|HS|  |TAMS 0x0000000083900000, 0x0000000083800000| Complete 
|  57|0x0000000083900000, 0x0000000083a00000, 0x0000000083a00000|100%|HC|  |TAMS 0x0000000083a00000, 0x0000000083900000| Complete 
|  58|0x0000000083a00000, 0x0000000083b00000, 0x0000000083b00000|100%|HC|  |TAMS 0x0000000083b00000, 0x0000000083a00000| Complete 
|  59|0x0000000083b00000, 0x0000000083c00000, 0x0000000083c00000|100%|HC|  |TAMS 0x0000000083c00000, 0x0000000083b00000| Complete 
|  60|0x0000000083c00000, 0x0000000083d00000, 0x0000000083d00000|100%|HC|  |TAMS 0x0000000083d00000, 0x0000000083c00000| Complete 
|  61|0x0000000083d00000, 0x0000000083e00000, 0x0000000083e00000|100%| O|  |TAMS 0x0000000083e00000, 0x0000000083d00000| Untracked 
|  62|0x0000000083e00000, 0x0000000083f00000, 0x0000000083f00000|100%| O|  |TAMS 0x0000000083f00000, 0x0000000083e00000| Untracked 
|  63|0x0000000083f00000, 0x0000000084000000, 0x0000000084000000|100%| O|  |TAMS 0x0000000083f00000, 0x0000000083f00000| Untracked 
|  64|0x0000000084000000, 0x0000000084100000, 0x0000000084100000|100%| O|  |TAMS 0x0000000084100000, 0x0000000084000000| Untracked 
|  65|0x0000000084100000, 0x0000000084200000, 0x0000000084200000|100%| O|  |TAMS 0x0000000084200000, 0x0000000084100000| Untracked 
|  66|0x0000000084200000, 0x0000000084300000, 0x0000000084300000|100%| O|  |TAMS 0x0000000084300000, 0x0000000084200000| Untracked 
|  67|0x0000000084300000, 0x0000000084400000, 0x0000000084400000|100%| O|  |TAMS 0x0000000084400000, 0x0000000084300000| Untracked 
|  68|0x0000000084400000, 0x0000000084500000, 0x0000000084500000|100%| O|  |TAMS 0x0000000084500000, 0x0000000084400000| Untracked 
|  69|0x0000000084500000, 0x0000000084600000, 0x0000000084600000|100%| O|  |TAMS 0x0000000084600000, 0x0000000084500000| Untracked 
|  70|0x0000000084600000, 0x0000000084700000, 0x0000000084700000|100%| O|  |TAMS 0x0000000084700000, 0x0000000084600000| Untracked 
|  71|0x0000000084700000, 0x0000000084800000, 0x0000000084800000|100%| O|  |TAMS 0x0000000084700000, 0x0000000084700000| Untracked 
|  72|0x0000000084800000, 0x0000000084900000, 0x0000000084900000|100%| O|  |TAMS 0x0000000084800000, 0x0000000084800000| Untracked 
|  73|0x0000000084900000, 0x0000000084a00000, 0x0000000084a00000|100%| O|  |TAMS 0x0000000084900000, 0x0000000084900000| Untracked 
|  74|0x0000000084a00000, 0x0000000084b00000, 0x0000000084b00000|100%| O|  |TAMS 0x0000000084a1fc00, 0x0000000084a00000| Untracked 
|  75|0x0000000084b00000, 0x0000000084c00000, 0x0000000084c00000|100%| O|  |TAMS 0x0000000084b00000, 0x0000000084b00000| Untracked 
|  76|0x0000000084c00000, 0x0000000084d00000, 0x0000000084d00000|100%| O|  |TAMS 0x0000000084c00000, 0x0000000084c00000| Untracked 
|  77|0x0000000084d00000, 0x0000000084e00000, 0x0000000084e00000|100%| O|  |TAMS 0x0000000084d00000, 0x0000000084d00000| Untracked 
|  78|0x0000000084e00000, 0x0000000084f00000, 0x0000000084f00000|100%| O|  |TAMS 0x0000000084e00000, 0x0000000084e00000| Untracked 
|  79|0x0000000084f00000, 0x0000000085000000, 0x0000000085000000|100%| O|  |TAMS 0x0000000084f00000, 0x0000000084f00000| Untracked 
|  80|0x0000000085000000, 0x0000000085000000, 0x0000000085100000|  0%| F|  |TAMS 0x0000000085000000, 0x0000000085000000| Untracked 
|  81|0x0000000085100000, 0x0000000085100000, 0x0000000085200000|  0%| F|  |TAMS 0x0000000085100000, 0x0000000085100000| Untracked 
|  82|0x0000000085200000, 0x0000000085200000, 0x0000000085300000|  0%| F|  |TAMS 0x0000000085200000, 0x0000000085200000| Untracked 
|  83|0x0000000085300000, 0x0000000085300000, 0x0000000085400000|  0%| F|  |TAMS 0x0000000085300000, 0x0000000085300000| Untracked 
|  84|0x0000000085400000, 0x0000000085400000, 0x0000000085500000|  0%| F|  |TAMS 0x0000000085400000, 0x0000000085400000| Untracked 
|  85|0x0000000085500000, 0x0000000085500000, 0x0000000085600000|  0%| F|  |TAMS 0x0000000085500000, 0x0000000085500000| Untracked 
|  86|0x0000000085600000, 0x0000000085600000, 0x0000000085700000|  0%| F|  |TAMS 0x0000000085600000, 0x0000000085600000| Untracked 
|  87|0x0000000085700000, 0x0000000085700000, 0x0000000085800000|  0%| F|  |TAMS 0x0000000085700000, 0x0000000085700000| Untracked 
|  88|0x0000000085800000, 0x0000000085800000, 0x0000000085900000|  0%| F|  |TAMS 0x0000000085800000, 0x0000000085800000| Untracked 
|  89|0x0000000085900000, 0x0000000085900000, 0x0000000085a00000|  0%| F|  |TAMS 0x0000000085900000, 0x0000000085900000| Untracked 
|  90|0x0000000085a00000, 0x0000000085a00000, 0x0000000085b00000|  0%| F|  |TAMS 0x0000000085a00000, 0x0000000085a00000| Untracked 
|  91|0x0000000085b00000, 0x0000000085b00000, 0x0000000085c00000|  0%| F|  |TAMS 0x0000000085b00000, 0x0000000085b00000| Untracked 
|  92|0x0000000085c00000, 0x0000000085c00000, 0x0000000085d00000|  0%| F|  |TAMS 0x0000000085c00000, 0x0000000085c00000| Untracked 
|  93|0x0000000085d00000, 0x0000000085d00000, 0x0000000085e00000|  0%| F|  |TAMS 0x0000000085d00000, 0x0000000085d00000| Untracked 
|  94|0x0000000085e00000, 0x0000000085e00000, 0x0000000085f00000|  0%| F|  |TAMS 0x0000000085e00000, 0x0000000085e00000| Untracked 
|  95|0x0000000085f00000, 0x0000000085f00000, 0x0000000086000000|  0%| F|  |TAMS 0x0000000085f00000, 0x0000000085f00000| Untracked 
|  96|0x0000000086000000, 0x0000000086000000, 0x0000000086100000|  0%| F|  |TAMS 0x0000000086000000, 0x0000000086000000| Untracked 
|  97|0x0000000086100000, 0x0000000086100000, 0x0000000086200000|  0%| F|  |TAMS 0x0000000086100000, 0x0000000086100000| Untracked 
|  98|0x0000000086200000, 0x0000000086200000, 0x0000000086300000|  0%| F|  |TAMS 0x0000000086200000, 0x0000000086200000| Untracked 
|  99|0x0000000086300000, 0x0000000086300000, 0x0000000086400000|  0%| F|  |TAMS 0x0000000086300000, 0x0000000086300000| Untracked 
| 100|0x0000000086400000, 0x0000000086400000, 0x0000000086500000|  0%| F|  |TAMS 0x0000000086400000, 0x0000000086400000| Untracked 
| 101|0x0000000086500000, 0x0000000086500000, 0x0000000086600000|  0%| F|  |TAMS 0x0000000086500000, 0x0000000086500000| Untracked 
| 102|0x0000000086600000, 0x0000000086600000, 0x0000000086700000|  0%| F|  |TAMS 0x0000000086600000, 0x0000000086600000| Untracked 
| 103|0x0000000086700000, 0x0000000086700000, 0x0000000086800000|  0%| F|  |TAMS 0x0000000086700000, 0x0000000086700000| Untracked 
| 104|0x0000000086800000, 0x0000000086800000, 0x0000000086900000|  0%| F|  |TAMS 0x0000000086800000, 0x0000000086800000| Untracked 
| 105|0x0000000086900000, 0x0000000086900000, 0x0000000086a00000|  0%| F|  |TAMS 0x0000000086900000, 0x0000000086900000| Untracked 
| 106|0x0000000086a00000, 0x0000000086a00000, 0x0000000086b00000|  0%| F|  |TAMS 0x0000000086a00000, 0x0000000086a00000| Untracked 
| 107|0x0000000086b00000, 0x0000000086b00000, 0x0000000086c00000|  0%| F|  |TAMS 0x0000000086b00000, 0x0000000086b00000| Untracked 
| 108|0x0000000086c00000, 0x0000000086c00000, 0x0000000086d00000|  0%| F|  |TAMS 0x0000000086c00000, 0x0000000086c00000| Untracked 
| 109|0x0000000086d00000, 0x0000000086d00000, 0x0000000086e00000|  0%| F|  |TAMS 0x0000000086d00000, 0x0000000086d00000| Untracked 
| 110|0x0000000086e00000, 0x0000000086e00000, 0x0000000086f00000|  0%| F|  |TAMS 0x0000000086e00000, 0x0000000086e00000| Untracked 
| 111|0x0000000086f00000, 0x0000000086f61330, 0x0000000087000000| 37%| S|CS|TAMS 0x0000000086f00000, 0x0000000086f00000| Complete 
| 112|0x0000000087000000, 0x0000000087100000, 0x0000000087100000|100%| S|CS|TAMS 0x0000000087000000, 0x0000000087000000| Complete 
| 113|0x0000000087100000, 0x0000000087200000, 0x0000000087200000|100%| S|CS|TAMS 0x0000000087100000, 0x0000000087100000| Complete 
| 114|0x0000000087200000, 0x0000000087300000, 0x0000000087300000|100%| S|CS|TAMS 0x0000000087200000, 0x0000000087200000| Complete 
| 115|0x0000000087300000, 0x0000000087400000, 0x0000000087400000|100%| S|CS|TAMS 0x0000000087300000, 0x0000000087300000| Complete 
| 116|0x0000000087400000, 0x0000000087500000, 0x0000000087500000|100%| S|CS|TAMS 0x0000000087400000, 0x0000000087400000| Complete 
| 117|0x0000000087500000, 0x0000000087600000, 0x0000000087600000|100%| S|CS|TAMS 0x0000000087500000, 0x0000000087500000| Complete 
| 118|0x0000000087600000, 0x0000000087600000, 0x0000000087700000|  0%| F|  |TAMS 0x0000000087600000, 0x0000000087600000| Untracked 
| 119|0x0000000087700000, 0x0000000087700000, 0x0000000087800000|  0%| F|  |TAMS 0x0000000087700000, 0x0000000087700000| Untracked 
| 120|0x0000000087800000, 0x0000000087800000, 0x0000000087900000|  0%| F|  |TAMS 0x0000000087800000, 0x0000000087800000| Untracked 
| 121|0x0000000087900000, 0x0000000087900000, 0x0000000087a00000|  0%| F|  |TAMS 0x0000000087900000, 0x0000000087900000| Untracked 
| 122|0x0000000087a00000, 0x0000000087a00000, 0x0000000087b00000|  0%| F|  |TAMS 0x0000000087a00000, 0x0000000087a00000| Untracked 
| 123|0x0000000087b00000, 0x0000000087b00000, 0x0000000087c00000|  0%| F|  |TAMS 0x0000000087b00000, 0x0000000087b00000| Untracked 
| 124|0x0000000087c00000, 0x0000000087c00000, 0x0000000087d00000|  0%| F|  |TAMS 0x0000000087c00000, 0x0000000087c00000| Untracked 
| 125|0x0000000087d00000, 0x0000000087d00000, 0x0000000087e00000|  0%| F|  |TAMS 0x0000000087d00000, 0x0000000087d00000| Untracked 
| 126|0x0000000087e00000, 0x0000000087e00000, 0x0000000087f00000|  0%| F|  |TAMS 0x0000000087e00000, 0x0000000087e00000| Untracked 
| 127|0x0000000087f00000, 0x0000000087f00000, 0x0000000088000000|  0%| F|  |TAMS 0x0000000087f00000, 0x0000000087f00000| Untracked 
| 128|0x0000000088000000, 0x0000000088000000, 0x0000000088100000|  0%| F|  |TAMS 0x0000000088000000, 0x0000000088000000| Untracked 
| 129|0x0000000088100000, 0x0000000088100000, 0x0000000088200000|  0%| F|  |TAMS 0x0000000088100000, 0x0000000088100000| Untracked 
| 130|0x0000000088200000, 0x0000000088200000, 0x0000000088300000|  0%| F|  |TAMS 0x0000000088200000, 0x0000000088200000| Untracked 
| 131|0x0000000088300000, 0x0000000088300000, 0x0000000088400000|  0%| F|  |TAMS 0x0000000088300000, 0x0000000088300000| Untracked 
| 132|0x0000000088400000, 0x0000000088400000, 0x0000000088500000|  0%| F|  |TAMS 0x0000000088400000, 0x0000000088400000| Untracked 
| 133|0x0000000088500000, 0x0000000088500000, 0x0000000088600000|  0%| F|  |TAMS 0x0000000088500000, 0x0000000088500000| Untracked 
| 134|0x0000000088600000, 0x0000000088600000, 0x0000000088700000|  0%| F|  |TAMS 0x0000000088600000, 0x0000000088600000| Untracked 
| 135|0x0000000088700000, 0x0000000088700000, 0x0000000088800000|  0%| F|  |TAMS 0x0000000088700000, 0x0000000088700000| Untracked 
| 136|0x0000000088800000, 0x0000000088800000, 0x0000000088900000|  0%| F|  |TAMS 0x0000000088800000, 0x0000000088800000| Untracked 
| 137|0x0000000088900000, 0x0000000088900000, 0x0000000088a00000|  0%| F|  |TAMS 0x0000000088900000, 0x0000000088900000| Untracked 
| 138|0x0000000088a00000, 0x0000000088a00000, 0x0000000088b00000|  0%| F|  |TAMS 0x0000000088a00000, 0x0000000088a00000| Untracked 
| 139|0x0000000088b00000, 0x0000000088b00000, 0x0000000088c00000|  0%| F|  |TAMS 0x0000000088b00000, 0x0000000088b00000| Untracked 
| 140|0x0000000088c00000, 0x0000000088c00000, 0x0000000088d00000|  0%| F|  |TAMS 0x0000000088c00000, 0x0000000088c00000| Untracked 
| 141|0x0000000088d00000, 0x0000000088d00000, 0x0000000088e00000|  0%| F|  |TAMS 0x0000000088d00000, 0x0000000088d00000| Untracked 
| 142|0x0000000088e00000, 0x0000000088e00000, 0x0000000088f00000|  0%| F|  |TAMS 0x0000000088e00000, 0x0000000088e00000| Untracked 
| 143|0x0000000088f00000, 0x0000000088f00000, 0x0000000089000000|  0%| F|  |TAMS 0x0000000088f00000, 0x0000000088f00000| Untracked 
| 144|0x0000000089000000, 0x0000000089000000, 0x0000000089100000|  0%| F|  |TAMS 0x0000000089000000, 0x0000000089000000| Untracked 
| 145|0x0000000089100000, 0x0000000089100000, 0x0000000089200000|  0%| F|  |TAMS 0x0000000089100000, 0x0000000089100000| Untracked 
| 146|0x0000000089200000, 0x0000000089200000, 0x0000000089300000|  0%| F|  |TAMS 0x0000000089200000, 0x0000000089200000| Untracked 
| 147|0x0000000089300000, 0x0000000089300000, 0x0000000089400000|  0%| F|  |TAMS 0x0000000089300000, 0x0000000089300000| Untracked 
| 148|0x0000000089400000, 0x0000000089400000, 0x0000000089500000|  0%| F|  |TAMS 0x0000000089400000, 0x0000000089400000| Untracked 
| 149|0x0000000089500000, 0x0000000089500000, 0x0000000089600000|  0%| F|  |TAMS 0x0000000089500000, 0x0000000089500000| Untracked 
| 150|0x0000000089600000, 0x0000000089600000, 0x0000000089700000|  0%| F|  |TAMS 0x0000000089600000, 0x0000000089600000| Untracked 
| 151|0x0000000089700000, 0x0000000089700000, 0x0000000089800000|  0%| F|  |TAMS 0x0000000089700000, 0x0000000089700000| Untracked 
| 152|0x0000000089800000, 0x0000000089800000, 0x0000000089900000|  0%| F|  |TAMS 0x0000000089800000, 0x0000000089800000| Untracked 
| 153|0x0000000089900000, 0x0000000089900000, 0x0000000089a00000|  0%| F|  |TAMS 0x0000000089900000, 0x0000000089900000| Untracked 
| 154|0x0000000089a00000, 0x0000000089a00000, 0x0000000089b00000|  0%| F|  |TAMS 0x0000000089a00000, 0x0000000089a00000| Untracked 
| 155|0x0000000089b00000, 0x0000000089b00000, 0x0000000089c00000|  0%| F|  |TAMS 0x0000000089b00000, 0x0000000089b00000| Untracked 
| 156|0x0000000089c00000, 0x0000000089c00000, 0x0000000089d00000|  0%| F|  |TAMS 0x0000000089c00000, 0x0000000089c00000| Untracked 
| 157|0x0000000089d00000, 0x0000000089d00000, 0x0000000089e00000|  0%| F|  |TAMS 0x0000000089d00000, 0x0000000089d00000| Untracked 
| 158|0x0000000089e00000, 0x0000000089e00000, 0x0000000089f00000|  0%| F|  |TAMS 0x0000000089e00000, 0x0000000089e00000| Untracked 
| 159|0x0000000089f00000, 0x0000000089f00000, 0x000000008a000000|  0%| F|  |TAMS 0x0000000089f00000, 0x0000000089f00000| Untracked 
| 160|0x000000008a000000, 0x000000008a000000, 0x000000008a100000|  0%| F|  |TAMS 0x000000008a000000, 0x000000008a000000| Untracked 
| 161|0x000000008a100000, 0x000000008a100000, 0x000000008a200000|  0%| F|  |TAMS 0x000000008a100000, 0x000000008a100000| Untracked 
| 162|0x000000008a200000, 0x000000008a200000, 0x000000008a300000|  0%| F|  |TAMS 0x000000008a200000, 0x000000008a200000| Untracked 
| 163|0x000000008a300000, 0x000000008a300000, 0x000000008a400000|  0%| F|  |TAMS 0x000000008a300000, 0x000000008a300000| Untracked 
| 164|0x000000008a400000, 0x000000008a400000, 0x000000008a500000|  0%| F|  |TAMS 0x000000008a400000, 0x000000008a400000| Untracked 
| 165|0x000000008a500000, 0x000000008a500000, 0x000000008a600000|  0%| F|  |TAMS 0x000000008a500000, 0x000000008a500000| Untracked 
| 166|0x000000008a600000, 0x000000008a600000, 0x000000008a700000|  0%| F|  |TAMS 0x000000008a600000, 0x000000008a600000| Untracked 
| 167|0x000000008a700000, 0x000000008a700000, 0x000000008a800000|  0%| F|  |TAMS 0x000000008a700000, 0x000000008a700000| Untracked 
| 168|0x000000008a800000, 0x000000008a800000, 0x000000008a900000|  0%| F|  |TAMS 0x000000008a800000, 0x000000008a800000| Untracked 
| 169|0x000000008a900000, 0x000000008a900000, 0x000000008aa00000|  0%| F|  |TAMS 0x000000008a900000, 0x000000008a900000| Untracked 
| 170|0x000000008aa00000, 0x000000008aa00000, 0x000000008ab00000|  0%| F|  |TAMS 0x000000008aa00000, 0x000000008aa00000| Untracked 
| 171|0x000000008ab00000, 0x000000008ab00000, 0x000000008ac00000|  0%| F|  |TAMS 0x000000008ab00000, 0x000000008ab00000| Untracked 
| 172|0x000000008ac00000, 0x000000008ac00000, 0x000000008ad00000|  0%| F|  |TAMS 0x000000008ac00000, 0x000000008ac00000| Untracked 
| 173|0x000000008ad00000, 0x000000008ad00000, 0x000000008ae00000|  0%| F|  |TAMS 0x000000008ad00000, 0x000000008ad00000| Untracked 
| 174|0x000000008ae00000, 0x000000008ae00000, 0x000000008af00000|  0%| F|  |TAMS 0x000000008ae00000, 0x000000008ae00000| Untracked 
| 175|0x000000008af00000, 0x000000008af00000, 0x000000008b000000|  0%| F|  |TAMS 0x000000008af00000, 0x000000008af00000| Untracked 
| 176|0x000000008b000000, 0x000000008b000000, 0x000000008b100000|  0%| F|  |TAMS 0x000000008b000000, 0x000000008b000000| Untracked 
| 177|0x000000008b100000, 0x000000008b100000, 0x000000008b200000|  0%| F|  |TAMS 0x000000008b100000, 0x000000008b100000| Untracked 
| 178|0x000000008b200000, 0x000000008b200000, 0x000000008b300000|  0%| F|  |TAMS 0x000000008b200000, 0x000000008b200000| Untracked 
| 179|0x000000008b300000, 0x000000008b300000, 0x000000008b400000|  0%| F|  |TAMS 0x000000008b300000, 0x000000008b300000| Untracked 
| 180|0x000000008b400000, 0x000000008b400000, 0x000000008b500000|  0%| F|  |TAMS 0x000000008b400000, 0x000000008b400000| Untracked 
| 181|0x000000008b500000, 0x000000008b500000, 0x000000008b600000|  0%| F|  |TAMS 0x000000008b500000, 0x000000008b500000| Untracked 
| 182|0x000000008b600000, 0x000000008b600000, 0x000000008b700000|  0%| F|  |TAMS 0x000000008b600000, 0x000000008b600000| Untracked 
| 183|0x000000008b700000, 0x000000008b700000, 0x000000008b800000|  0%| F|  |TAMS 0x000000008b700000, 0x000000008b700000| Untracked 
| 184|0x000000008b800000, 0x000000008b800000, 0x000000008b900000|  0%| F|  |TAMS 0x000000008b800000, 0x000000008b800000| Untracked 
| 185|0x000000008b900000, 0x000000008b900000, 0x000000008ba00000|  0%| F|  |TAMS 0x000000008b900000, 0x000000008b900000| Untracked 
| 186|0x000000008ba00000, 0x000000008ba00000, 0x000000008bb00000|  0%| F|  |TAMS 0x000000008ba00000, 0x000000008ba00000| Untracked 
| 187|0x000000008bb00000, 0x000000008bb00000, 0x000000008bc00000|  0%| F|  |TAMS 0x000000008bb00000, 0x000000008bb00000| Untracked 
| 188|0x000000008bc00000, 0x000000008bc00000, 0x000000008bd00000|  0%| F|  |TAMS 0x000000008bc00000, 0x000000008bc00000| Untracked 
| 189|0x000000008bd00000, 0x000000008bd00000, 0x000000008be00000|  0%| F|  |TAMS 0x000000008bd00000, 0x000000008bd00000| Untracked 
| 190|0x000000008be00000, 0x000000008be00000, 0x000000008bf00000|  0%| F|  |TAMS 0x000000008be00000, 0x000000008be00000| Untracked 
| 191|0x000000008bf00000, 0x000000008bf00000, 0x000000008c000000|  0%| F|  |TAMS 0x000000008bf00000, 0x000000008bf00000| Untracked 
| 192|0x000000008c000000, 0x000000008c000000, 0x000000008c100000|  0%| F|  |TAMS 0x000000008c000000, 0x000000008c000000| Untracked 
| 193|0x000000008c100000, 0x000000008c100000, 0x000000008c200000|  0%| F|  |TAMS 0x000000008c100000, 0x000000008c100000| Untracked 
| 194|0x000000008c200000, 0x000000008c200000, 0x000000008c300000|  0%| F|  |TAMS 0x000000008c200000, 0x000000008c200000| Untracked 
| 195|0x000000008c300000, 0x000000008c300000, 0x000000008c400000|  0%| F|  |TAMS 0x000000008c300000, 0x000000008c300000| Untracked 
| 196|0x000000008c400000, 0x000000008c400000, 0x000000008c500000|  0%| F|  |TAMS 0x000000008c400000, 0x000000008c400000| Untracked 
| 197|0x000000008c500000, 0x000000008c500000, 0x000000008c600000|  0%| F|  |TAMS 0x000000008c500000, 0x000000008c500000| Untracked 
| 198|0x000000008c600000, 0x000000008c600000, 0x000000008c700000|  0%| F|  |TAMS 0x000000008c600000, 0x000000008c600000| Untracked 
| 199|0x000000008c700000, 0x000000008c700000, 0x000000008c800000|  0%| F|  |TAMS 0x000000008c700000, 0x000000008c700000| Untracked 
| 200|0x000000008c800000, 0x000000008c800000, 0x000000008c900000|  0%| F|  |TAMS 0x000000008c800000, 0x000000008c800000| Untracked 
| 201|0x000000008c900000, 0x000000008c900000, 0x000000008ca00000|  0%| F|  |TAMS 0x000000008c900000, 0x000000008c900000| Untracked 
| 202|0x000000008ca00000, 0x000000008ca00000, 0x000000008cb00000|  0%| F|  |TAMS 0x000000008ca00000, 0x000000008ca00000| Untracked 
| 203|0x000000008cb00000, 0x000000008cb00000, 0x000000008cc00000|  0%| F|  |TAMS 0x000000008cb00000, 0x000000008cb00000| Untracked 
| 204|0x000000008cc00000, 0x000000008cc00000, 0x000000008cd00000|  0%| F|  |TAMS 0x000000008cc00000, 0x000000008cc00000| Untracked 
| 205|0x000000008cd00000, 0x000000008cd00000, 0x000000008ce00000|  0%| F|  |TAMS 0x000000008cd00000, 0x000000008cd00000| Untracked 

Card table byte_map: [0x0000026af0750000,0x0000026af0b50000] _byte_map_base: 0x0000026af0350000

Marking Bits (Prev, Next): (CMBitMap*) 0x0000026add767460, (CMBitMap*) 0x0000026add767428
 Prev Bits: [0x0000026af2f50000, 0x0000026af4f50000)
 Next Bits: [0x0000026af0f50000, 0x0000026af2f50000)

Polling page: 0x0000026adb6f0000

Metaspace:

Usage:
  Non-class:     39.62 MB capacity,    38.91 MB ( 98%) used,   603.08 KB (  1%) free+waste,   123.00 KB ( <1%) overhead. 
      Class:      6.09 MB capacity,     5.65 MB ( 93%) used,   390.58 KB (  6%) free+waste,    59.69 KB ( <1%) overhead. 
       Both:     45.71 MB capacity,    44.56 MB ( 97%) used,   993.66 KB (  2%) free+waste,   182.69 KB ( <1%) overhead. 

Virtual space:
  Non-class space:       40.00 MB reserved,      39.83 MB (>99%) committed 
      Class space:        1.00 GB reserved,       6.12 MB ( <1%) committed 
             Both:        1.04 GB reserved,      45.95 MB (  4%) committed 

Chunk freelists:
   Non-Class:  26.00 KB
       Class:  0 bytes
        Both:  26.00 KB

MaxMetaspaceSize: 17179869184.00 GB
CompressedClassSpaceSize: 1.00 GB
Initial GC threshold: 20.80 MB
Current GC threshold: 76.59 MB
CDS: off

CodeHeap 'non-profiled nmethods': size=120064Kb used=2829Kb max_used=2829Kb free=117234Kb
 bounds [0x0000026ae8d00000, 0x0000026ae8fd0000, 0x0000026af0240000]
CodeHeap 'profiled nmethods': size=120000Kb used=10098Kb max_used=10098Kb free=109901Kb
 bounds [0x0000026ae17d0000, 0x0000026ae21b0000, 0x0000026ae8d00000]
CodeHeap 'non-nmethods': size=5696Kb used=2287Kb max_used=2347Kb free=3408Kb
 bounds [0x0000026ae1240000, 0x0000026ae14b0000, 0x0000026ae17d0000]
 total_blobs=5232 nmethods=4447 adapters=697
 compilation: enabled
              stopped_count=0, restarted_count=0
 full_count=0

Compilation events (20 events):
Event: 6.188 Thread 0x0000026af77a2800 4547 %     3       org.objectweb.asm.MethodWriter::visitTableSwitchInsn @ 78 (120 bytes)
Event: 6.189 Thread 0x0000026af77a2800 nmethod 4547% 0x0000026ae219b890 code [0x0000026ae219bac0, 0x0000026ae219c028]
Event: 6.189 Thread 0x0000026af77a2800 4548       3       org.objectweb.asm.MethodWriter::visitTableSwitchInsn (120 bytes)
Event: 6.189 Thread 0x0000026af77a2800 nmethod 4548 0x0000026ae219c410 code [0x0000026ae219c640, 0x0000026ae219ca88]
Event: 6.192 Thread 0x0000026af77a2800 4549 %     3       org.objectweb.asm.ClassWriter::toByteArray @ 865 (1535 bytes)
Event: 6.196 Thread 0x0000026af77a2800 nmethod 4549% 0x0000026ae219cd90 code [0x0000026ae219d680, 0x0000026ae21a1648]
Event: 6.196 Thread 0x0000026af77a2800 4550       3       org.objectweb.asm.ClassReader::<init> (371 bytes)
Event: 6.198 Thread 0x0000026af77a2800 nmethod 4550 0x0000026ae21a3710 code [0x0000026ae21a3a40, 0x0000026ae21a50f8]
Event: 6.198 Thread 0x0000026af77a2800 4551       2       org.objectweb.asm.SymbolTable::computeBootstrapMethodsSize (27 bytes)
Event: 6.198 Thread 0x0000026af77a2800 nmethod 4551 0x0000026ae21a5890 code [0x0000026ae21a5a40, 0x0000026ae21a5ba8]
Event: 6.200 Thread 0x0000026af77a2800 4552       3       org.objectweb.asm.ClassWriter::toByteArray (1535 bytes)
Event: 6.204 Thread 0x0000026af77a2800 nmethod 4552 0x0000026ae21a5c90 code [0x0000026ae21a6580, 0x0000026ae21aa328]
Event: 6.204 Thread 0x0000026af77a2800 4553       2       org.objectweb.asm.SymbolTable::getConstantPoolLength (8 bytes)
Event: 6.205 Thread 0x0000026af77a2800 nmethod 4553 0x0000026ae21ac390 code [0x0000026ae21ac540, 0x0000026ae21ac638]
Event: 6.205 Thread 0x0000026af77a2800 4554       2       org.objectweb.asm.ByteVector::<init> (12 bytes)
Event: 6.205 Thread 0x0000026af77a2800 nmethod 4554 0x0000026ae21ac710 code [0x0000026ae21ac8c0, 0x0000026ae21aca98]
Event: 6.217 Thread 0x0000026af77a1800 nmethod 4505% 0x0000026ae8fac710 code [0x0000026ae8fad000, 0x0000026ae8fb9070]
Event: 6.218 Thread 0x0000026af77a1800 4541       4       org.objectweb.asm.ClassReader::readElementValues (88 bytes)
Event: 6.225 Thread 0x0000026af77a1800 nmethod 4541 0x0000026ae8fc2910 code [0x0000026ae8fc2ae0, 0x0000026ae8fc3168]
Event: 6.225 Thread 0x0000026af77a1800 4555       4       org.objectweb.asm.ClassReader::readCode (5109 bytes)

GC Heap History (20 events):
Event: 5.091 GC heap after
{Heap after GC invocations=25 (full 0):
 garbage-first heap   total 175104K, used 73094K [0x0000000080000000, 0x0000000100000000)
  region size 1024K, 2 young (2048K), 2 survivors (2048K)
 Metaspace       used 45603K, capacity 46806K, committed 47056K, reserved 1089536K
  class space    used 5789K, capacity 6240K, committed 6272K, reserved 1048576K
}
Event: 5.185 GC heap before
{Heap before GC invocations=25 (full 0):
 garbage-first heap   total 175104K, used 125318K [0x0000000080000000, 0x0000000100000000)
  region size 1024K, 54 young (55296K), 2 survivors (2048K)
 Metaspace       used 45606K, capacity 46806K, committed 47056K, reserved 1089536K
  class space    used 5789K, capacity 6240K, committed 6272K, reserved 1048576K
}
Event: 5.186 GC heap after
{Heap after GC invocations=26 (full 0):
 garbage-first heap   total 175104K, used 73348K [0x0000000080000000, 0x0000000100000000)
  region size 1024K, 2 young (2048K), 2 survivors (2048K)
 Metaspace       used 45606K, capacity 46806K, committed 47056K, reserved 1089536K
  class space    used 5789K, capacity 6240K, committed 6272K, reserved 1048576K
}
Event: 5.270 GC heap before
{Heap before GC invocations=26 (full 0):
 garbage-first heap   total 175104K, used 133764K [0x0000000080000000, 0x0000000100000000)
  region size 1024K, 61 young (62464K), 2 survivors (2048K)
 Metaspace       used 45608K, capacity 46806K, committed 47056K, reserved 1089536K
  class space    used 5789K, capacity 6240K, committed 6272K, reserved 1048576K
}
Event: 5.272 GC heap after
{Heap after GC invocations=27 (full 0):
 garbage-first heap   total 175104K, used 73899K [0x0000000080000000, 0x0000000100000000)
  region size 1024K, 3 young (3072K), 3 survivors (3072K)
 Metaspace       used 45608K, capacity 46806K, committed 47056K, reserved 1089536K
  class space    used 5789K, capacity 6240K, committed 6272K, reserved 1048576K
}
Event: 5.385 GC heap before
{Heap before GC invocations=27 (full 0):
 garbage-first heap   total 175104K, used 135339K [0x0000000080000000, 0x0000000100000000)
  region size 1024K, 64 young (65536K), 3 survivors (3072K)
 Metaspace       used 45611K, capacity 46806K, committed 47056K, reserved 1089536K
  class space    used 5789K, capacity 6240K, committed 6272K, reserved 1048576K
}
Event: 5.387 GC heap after
{Heap after GC invocations=28 (full 0):
 garbage-first heap   total 175104K, used 74448K [0x0000000080000000, 0x0000000100000000)
  region size 1024K, 3 young (3072K), 3 survivors (3072K)
 Metaspace       used 45611K, capacity 46806K, committed 47056K, reserved 1089536K
  class space    used 5789K, capacity 6240K, committed 6272K, reserved 1048576K
}
Event: 5.507 GC heap before
{Heap before GC invocations=28 (full 0):
 garbage-first heap   total 175104K, used 141008K [0x0000000080000000, 0x0000000100000000)
  region size 1024K, 68 young (69632K), 3 survivors (3072K)
 Metaspace       used 45613K, capacity 46806K, committed 47056K, reserved 1089536K
  class space    used 5789K, capacity 6240K, committed 6272K, reserved 1048576K
}
Event: 5.509 GC heap after
{Heap after GC invocations=29 (full 0):
 garbage-first heap   total 175104K, used 74954K [0x0000000080000000, 0x0000000100000000)
  region size 1024K, 4 young (4096K), 4 survivors (4096K)
 Metaspace       used 45613K, capacity 46806K, committed 47056K, reserved 1089536K
  class space    used 5789K, capacity 6240K, committed 6272K, reserved 1048576K
}
Event: 5.606 GC heap before
{Heap before GC invocations=29 (full 0):
 garbage-first heap   total 175104K, used 141514K [0x0000000080000000, 0x0000000100000000)
  region size 1024K, 69 young (70656K), 4 survivors (4096K)
 Metaspace       used 45615K, capacity 46806K, committed 47056K, reserved 1089536K
  class space    used 5789K, capacity 6240K, committed 6272K, reserved 1048576K
}
Event: 5.608 GC heap after
{Heap after GC invocations=30 (full 0):
 garbage-first heap   total 175104K, used 75572K [0x0000000080000000, 0x0000000100000000)
  region size 1024K, 4 young (4096K), 4 survivors (4096K)
 Metaspace       used 45615K, capacity 46806K, committed 47056K, reserved 1089536K
  class space    used 5789K, capacity 6240K, committed 6272K, reserved 1048576K
}
Event: 5.716 GC heap before
{Heap before GC invocations=30 (full 0):
 garbage-first heap   total 175104K, used 145204K [0x0000000080000000, 0x0000000100000000)
  region size 1024K, 70 young (71680K), 4 survivors (4096K)
 Metaspace       used 45616K, capacity 46806K, committed 47056K, reserved 1089536K
  class space    used 5789K, capacity 6240K, committed 6272K, reserved 1048576K
}
Event: 5.720 GC heap after
{Heap after GC invocations=31 (full 0):
 garbage-first heap   total 210944K, used 77723K [0x0000000080000000, 0x0000000100000000)
  region size 1024K, 6 young (6144K), 6 survivors (6144K)
 Metaspace       used 45616K, capacity 46806K, committed 47056K, reserved 1089536K
  class space    used 5789K, capacity 6240K, committed 6272K, reserved 1048576K
}
Event: 5.832 GC heap before
{Heap before GC invocations=31 (full 0):
 garbage-first heap   total 210944K, used 154523K [0x0000000080000000, 0x0000000100000000)
  region size 1024K, 81 young (82944K), 6 survivors (6144K)
 Metaspace       used 45617K, capacity 46806K, committed 47056K, reserved 1089536K
  class space    used 5789K, capacity 6240K, committed 6272K, reserved 1048576K
}
Event: 5.838 GC heap after
{Heap after GC invocations=32 (full 0):
 garbage-first heap   total 210944K, used 82317K [0x0000000080000000, 0x0000000100000000)
  region size 1024K, 10 young (10240K), 10 survivors (10240K)
 Metaspace       used 45617K, capacity 46806K, committed 47056K, reserved 1089536K
  class space    used 5789K, capacity 6240K, committed 6272K, reserved 1048576K
}
Event: 5.947 GC heap before
{Heap before GC invocations=32 (full 0):
 garbage-first heap   total 210944K, used 163213K [0x0000000080000000, 0x0000000100000000)
  region size 1024K, 89 young (91136K), 10 survivors (10240K)
 Metaspace       used 45617K, capacity 46806K, committed 47056K, reserved 1089536K
  class space    used 5789K, capacity 6240K, committed 6272K, reserved 1048576K
}
Event: 5.954 GC heap after
{Heap after GC invocations=33 (full 0):
 garbage-first heap   total 210944K, used 86650K [0x0000000080000000, 0x0000000100000000)
  region size 1024K, 9 young (9216K), 9 survivors (9216K)
 Metaspace       used 45617K, capacity 46806K, committed 47056K, reserved 1089536K
  class space    used 5789K, capacity 6240K, committed 6272K, reserved 1048576K
}
Event: 6.050 GC heap before
{Heap before GC invocations=33 (full 0):
 garbage-first heap   total 210944K, used 168570K [0x0000000080000000, 0x0000000100000000)
  region size 1024K, 89 young (91136K), 9 survivors (9216K)
 Metaspace       used 45618K, capacity 46806K, committed 47056K, reserved 1089536K
  class space    used 5789K, capacity 6240K, committed 6272K, reserved 1048576K
}
Event: 6.057 GC heap after
{Heap after GC invocations=34 (full 0):
 garbage-first heap   total 210944K, used 87879K [0x0000000080000000, 0x0000000100000000)
  region size 1024K, 6 young (6144K), 6 survivors (6144K)
 Metaspace       used 45618K, capacity 46806K, committed 47056K, reserved 1089536K
  class space    used 5789K, capacity 6240K, committed 6272K, reserved 1048576K
}
Event: 6.269 GC heap before
{Heap before GC invocations=34 (full 0):
 garbage-first heap   total 210944K, used 171847K [0x0000000080000000, 0x0000000100000000)
  region size 1024K, 88 young (90112K), 6 survivors (6144K)
 Metaspace       used 45629K, capacity 46806K, committed 47056K, reserved 1089536K
  class space    used 5789K, capacity 6240K, committed 6272K, reserved 1048576K
}

Deoptimization events (20 events):
Event: 6.223 Thread 0x0000026afa246800 DEOPT PACKING pc=0x0000026ae216e2f2 sp=0x000000b1ce2fe3b0
Event: 6.223 Thread 0x0000026afa246800 DEOPT UNPACKING pc=0x0000026ae128a95e sp=0x000000b1ce2fda20 mode 0
Event: 6.224 Thread 0x0000026afa246800 DEOPT PACKING pc=0x0000026ae216f1fa sp=0x000000b1ce2fe3b0
Event: 6.224 Thread 0x0000026afa246800 DEOPT UNPACKING pc=0x0000026ae128a95e sp=0x000000b1ce2fda20 mode 0
Event: 6.229 Thread 0x0000026afa246800 DEOPT PACKING pc=0x0000026ae216e2f2 sp=0x000000b1ce2fe3b0
Event: 6.229 Thread 0x0000026afa246800 DEOPT UNPACKING pc=0x0000026ae128a95e sp=0x000000b1ce2fda20 mode 0
Event: 6.242 Thread 0x0000026afa249000 DEOPT PACKING pc=0x0000026ae21a4d76 sp=0x000000b1ce0fe3f0
Event: 6.242 Thread 0x0000026afa249000 DEOPT UNPACKING pc=0x0000026ae128a95e sp=0x000000b1ce0fd910 mode 0
Event: 6.243 Thread 0x0000026afa249000 DEOPT PACKING pc=0x0000026ae216e2f2 sp=0x000000b1ce0fdd20
Event: 6.243 Thread 0x0000026afa249000 DEOPT UNPACKING pc=0x0000026ae128a95e sp=0x000000b1ce0fd390 mode 0
Event: 6.251 Thread 0x0000026afa249000 DEOPT PACKING pc=0x0000026ae21a4d76 sp=0x000000b1ce0fe3f0
Event: 6.251 Thread 0x0000026afa249000 DEOPT UNPACKING pc=0x0000026ae128a95e sp=0x000000b1ce0fd910 mode 0
Event: 6.259 Thread 0x0000026afa246800 DEOPT PACKING pc=0x0000026ae21a4d76 sp=0x000000b1ce2fea80
Event: 6.259 Thread 0x0000026afa246800 DEOPT UNPACKING pc=0x0000026ae128a95e sp=0x000000b1ce2fdfa0 mode 0
Event: 6.260 Thread 0x0000026afa249000 DEOPT PACKING pc=0x0000026ae216f1fa sp=0x000000b1ce0fdd20
Event: 6.260 Thread 0x0000026afa249000 DEOPT UNPACKING pc=0x0000026ae128a95e sp=0x000000b1ce0fd390 mode 0
Event: 6.267 Thread 0x0000026afa249000 DEOPT PACKING pc=0x0000026ae216e2f2 sp=0x000000b1ce0fdd20
Event: 6.267 Thread 0x0000026afa249000 DEOPT UNPACKING pc=0x0000026ae128a95e sp=0x000000b1ce0fd390 mode 0
Event: 6.268 Thread 0x0000026afa246800 DEOPT PACKING pc=0x0000026ae21a4d76 sp=0x000000b1ce2fea80
Event: 6.268 Thread 0x0000026afa246800 DEOPT UNPACKING pc=0x0000026ae128a95e sp=0x000000b1ce2fdfa0 mode 0

Classes redefined (0 events):
No events

Internal exceptions (20 events):
Event: 4.172 Thread 0x0000026afa504800 Exception <a 'java/lang/ClassNotFoundException'{0x0000000088a11c48}: groovy/lang/ClosureCustomizer> (0x0000000088a11c48) thrown at [src/hotspot/share/classfile/systemDictionary.cpp, line 230]
Event: 4.175 Thread 0x0000026afa504800 Exception <a 'java/lang/ClassNotFoundException'{0x0000000088a68cd0}: groovy/lang/Closure$1Customizer> (0x0000000088a68cd0) thrown at [src/hotspot/share/classfile/systemDictionary.cpp, line 230]
Event: 4.199 Thread 0x0000026aface3800 Exception <a 'sun/nio/fs/WindowsException'{0x00000000889a8a90}> (0x00000000889a8a90) thrown at [src/hotspot/share/prims/jni.cpp, line 617]
Event: 4.233 Thread 0x0000026aface3800 Exception <a 'sun/nio/fs/WindowsException'{0x000000008878ee58}> (0x000000008878ee58) thrown at [src/hotspot/share/prims/jni.cpp, line 617]
Event: 4.234 Thread 0x0000026aface3800 Exception <a 'sun/nio/fs/WindowsException'{0x000000008878f058}> (0x000000008878f058) thrown at [src/hotspot/share/prims/jni.cpp, line 617]
Event: 4.273 Thread 0x0000026afa504800 Exception <a 'java/lang/ClassNotFoundException'{0x00000000887cadd0}: sync_studio_tooling8_6g78cat89it1cevketens5h0cBeanInfo> (0x00000000887cadd0) thrown at [src/hotspot/share/classfile/systemDictionary.cpp, line 230]
Event: 4.273 Thread 0x0000026afa504800 Exception <a 'java/lang/ClassNotFoundException'{0x00000000887d8180}: sync_studio_tooling8_6g78cat89it1cevketens5h0cCustomizer> (0x00000000887d8180) thrown at [src/hotspot/share/classfile/systemDictionary.cpp, line 230]
Event: 4.278 Thread 0x0000026afa504800 Exception <a 'java/lang/ClassNotFoundException'{0x0000000088654af8}: org/gradle/internal/metaobject/ConfigureDelegateBeanInfo> (0x0000000088654af8) thrown at [src/hotspot/share/classfile/systemDictionary.cpp, line 230]
Event: 4.278 Thread 0x0000026afa504800 Exception <a 'java/lang/ClassNotFoundException'{0x000000008867d400}: org/gradle/internal/metaobject/ConfigureDelegateCustomizer> (0x000000008867d400) thrown at [src/hotspot/share/classfile/systemDictionary.cpp, line 230]
Event: 4.282 Thread 0x0000026afa504800 Exception <a 'java/lang/ClassNotFoundException'{0x0000000088503bf0}: org/gradle/api/internal/initialization/DefaultScriptHandlerBeanInfo> (0x0000000088503bf0) thrown at [src/hotspot/share/classfile/systemDictionary.cpp, line 230]
Event: 4.283 Thread 0x0000026afa504800 Exception <a 'java/lang/ClassNotFoundException'{0x000000008852f560}: org/gradle/api/internal/initialization/DefaultScriptHandlerCustomizer> (0x000000008852f560) thrown at [src/hotspot/share/classfile/systemDictionary.cpp, line 230]
Event: 4.364 Thread 0x0000026afa504800 Implicit null exception at 0x0000026ae8e91cef to 0x0000026ae8e91d98
Event: 4.368 Thread 0x0000026afa504800 Exception <a 'java/lang/ClassNotFoundException'{0x0000000087cd61d8}: org/gradle/api/internal/artifacts/dsl/dependencies/DefaultDependencyHandler_DecoratedBeanInfo> (0x0000000087cd61d8) thrown at [src/hotspot/share/classfile/systemDictionary.cpp, line 230]
Event: 4.369 Thread 0x0000026afa504800 Exception <a 'java/lang/ClassNotFoundException'{0x0000000087b18828}: org/gradle/api/internal/artifacts/dsl/dependencies/DefaultDependencyHandlerBeanInfo> (0x0000000087b18828) thrown at [src/hotspot/share/classfile/systemDictionary.cpp, line 230]
Event: 4.369 Thread 0x0000026afa504800 Exception <a 'java/lang/ClassNotFoundException'{0x0000000087b5a130}: org/gradle/api/internal/artifacts/dsl/dependencies/DefaultDependencyHandlerCustomizer> (0x0000000087b5a130) thrown at [src/hotspot/share/classfile/systemDictionary.cpp, line 230]
Event: 4.371 Thread 0x0000026afa504800 Exception <a 'java/lang/ClassNotFoundException'{0x0000000087bc5528}: org/gradle/api/internal/artifacts/dsl/dependencies/DefaultDependencyHandler_DecoratedCustomizer> (0x0000000087bc5528) thrown at [src/hotspot/share/classfile/systemDictionary.cpp, line 230]
Event: 4.411 Thread 0x0000026afa504800 Exception <a 'java/lang/NoSuchMethodError'{0x00000000877e7d88}: 'java.lang.Object java.lang.invoke.DirectMethodHandle$Holder.invokeStatic(java.lang.Object, int, java.lang.Object)'> (0x00000000877e7d88) thrown at [src/hotspot/share/interpreter/linkResolver.cpp, line 773]
Event: 4.535 Thread 0x0000026afa504800 Exception <a 'java/lang/NoSuchMethodError'{0x0000000086431b58}: 'int java.lang.invoke.DirectMethodHandle$Holder.invokeStaticInit(java.lang.Object)'> (0x0000000086431b58) thrown at [src/hotspot/share/interpreter/linkResolver.cpp, line 773]
Event: 4.567 Thread 0x0000026afa246800 Exception <a 'sun/nio/fs/WindowsException'{0x0000000088b7bb68}> (0x0000000088b7bb68) thrown at [src/hotspot/share/prims/jni.cpp, line 617]
Event: 4.600 Thread 0x0000026afa249000 Exception <a 'sun/nio/fs/WindowsException'{0x000000008820e188}> (0x000000008820e188) thrown at [src/hotspot/share/prims/jni.cpp, line 617]

Events (20 events):
Event: 5.385 Executing VM operation: G1CollectForAllocation
Event: 5.385 Executing VM operation: G1CollectForAllocation done
Event: 5.385 Executing VM operation: G1CollectForAllocation
Event: 5.387 Executing VM operation: G1CollectForAllocation done
Event: 5.507 Executing VM operation: G1CollectForAllocation
Event: 5.509 Executing VM operation: G1CollectForAllocation done
Event: 5.605 Executing VM operation: G1CollectForAllocation
Event: 5.605 Executing VM operation: G1CollectForAllocation done
Event: 5.605 Executing VM operation: G1CollectForAllocation
Event: 5.608 Executing VM operation: G1CollectForAllocation done
Event: 5.715 Executing VM operation: G1CollectForAllocation
Event: 5.720 Executing VM operation: G1CollectForAllocation done
Event: 5.832 Executing VM operation: G1CollectForAllocation
Event: 5.838 Executing VM operation: G1CollectForAllocation done
Event: 5.947 Executing VM operation: G1CollectForAllocation
Event: 5.954 Executing VM operation: G1CollectForAllocation done
Event: 6.050 Executing VM operation: G1CollectForAllocation
Event: 6.057 Executing VM operation: G1CollectForAllocation done
Event: 6.119 Loaded shared library D:\FongAndroid\jbr\bin\java.dll
Event: 6.269 Executing VM operation: G1CollectForAllocation


Dynamic libraries:
0x00007ff733910000 - 0x00007ff73391a000 	D:\FongAndroid\jbr\bin\java.exe
0x00007ffdb0f30000 - 0x00007ffdb1147000 	C:\WINDOWS\SYSTEM32\ntdll.dll
0x00007ffdb03d0000 - 0x00007ffdb0494000 	C:\WINDOWS\System32\KERNEL32.DLL
0x00007ffdae5f0000 - 0x00007ffdae996000 	C:\WINDOWS\System32\KERNELBASE.dll
0x00007ffdae4d0000 - 0x00007ffdae5e1000 	C:\WINDOWS\System32\ucrtbase.dll
0x00007ffd965c0000 - 0x00007ffd965d7000 	D:\FongAndroid\jbr\bin\jli.dll
0x00007ffd92460000 - 0x00007ffd9247b000 	D:\FongAndroid\jbr\bin\VCRUNTIME140.dll
0x00007ffdb0d30000 - 0x00007ffdb0ede000 	C:\WINDOWS\System32\USER32.dll
0x00007ffd96a10000 - 0x00007ffd96ca3000 	C:\WINDOWS\WinSxS\amd64_microsoft.windows.common-controls_6595b64144ccf1df_6.0.22621.2506_none_270c5ae97388e100\COMCTL32.dll
0x00007ffdae9a0000 - 0x00007ffdae9c6000 	C:\WINDOWS\System32\win32u.dll
0x00007ffdafba0000 - 0x00007ffdafc47000 	C:\WINDOWS\System32\msvcrt.dll
0x00007ffdb0b50000 - 0x00007ffdb0b79000 	C:\WINDOWS\System32\GDI32.dll
0x00007ffdae270000 - 0x00007ffdae388000 	C:\WINDOWS\System32\gdi32full.dll
0x00007ffdae430000 - 0x00007ffdae4ca000 	C:\WINDOWS\System32\msvcp_win.dll
0x00007ffdafe00000 - 0x00007ffdafe31000 	C:\WINDOWS\System32\IMM32.DLL
0x00007ffd759b0000 - 0x00007ffd75a3d000 	D:\FongAndroid\jbr\bin\msvcp140.dll
0x00007ffd872d0000 - 0x00007ffd872dc000 	C:\WINDOWS\SYSTEM32\VCRUNTIME140_1.dll
0x00007ffd6dfc0000 - 0x00007ffd6eb7c000 	D:\FongAndroid\jbr\bin\server\jvm.dll
0x00007ffdaf700000 - 0x00007ffdaf7b3000 	C:\WINDOWS\System32\ADVAPI32.dll
0x00007ffdb04b0000 - 0x00007ffdb0558000 	C:\WINDOWS\System32\sechost.dll
0x00007ffdae390000 - 0x00007ffdae3b8000 	C:\WINDOWS\System32\bcrypt.dll
0x00007ffdaec80000 - 0x00007ffdaed97000 	C:\WINDOWS\System32\RPCRT4.dll
0x00007ffdb0c90000 - 0x00007ffdb0c98000 	C:\WINDOWS\System32\PSAPI.DLL
0x00007ffda74b0000 - 0x00007ffda74ba000 	C:\WINDOWS\SYSTEM32\VERSION.dll
0x00007ffd9ea70000 - 0x00007ffd9ea79000 	C:\WINDOWS\SYSTEM32\WSOCK32.dll
0x00007ffdafed0000 - 0x00007ffdaff41000 	C:\WINDOWS\System32\WS2_32.dll
0x00007ffda7030000 - 0x00007ffda7064000 	C:\WINDOWS\SYSTEM32\WINMM.dll
0x00007ffdad2a0000 - 0x00007ffdad2b8000 	C:\WINDOWS\SYSTEM32\kernel.appcore.dll
0x00007ffd9ea60000 - 0x00007ffd9ea70000 	D:\FongAndroid\jbr\bin\verify.dll
0x00007ffdabcc0000 - 0x00007ffdabef3000 	C:\WINDOWS\SYSTEM32\DBGHELP.DLL
0x00007ffdaf810000 - 0x00007ffdafb99000 	C:\WINDOWS\System32\combase.dll
0x00007ffdaf620000 - 0x00007ffdaf6f7000 	C:\WINDOWS\System32\OLEAUT32.dll
0x00007ffd87df0000 - 0x00007ffd87e22000 	C:\WINDOWS\SYSTEM32\dbgcore.DLL
0x00007ffdaec00000 - 0x00007ffdaec7a000 	C:\WINDOWS\System32\bcryptPrimitives.dll
0x00007ffd92310000 - 0x00007ffd92338000 	D:\FongAndroid\jbr\bin\java.dll
0x00007ffd96620000 - 0x00007ffd9662a000 	D:\FongAndroid\jbr\bin\jimage.dll
0x00007ffd922f0000 - 0x00007ffd92308000 	D:\FongAndroid\jbr\bin\zip.dll
0x00007ffdaeda0000 - 0x00007ffdaf5fa000 	C:\WINDOWS\System32\SHELL32.dll
0x00007ffdac1c0000 - 0x00007ffdacab6000 	C:\WINDOWS\SYSTEM32\windows.storage.dll
0x00007ffdac080000 - 0x00007ffdac1be000 	C:\WINDOWS\SYSTEM32\wintypes.dll
0x00007ffdb0b90000 - 0x00007ffdb0c83000 	C:\WINDOWS\System32\SHCORE.dll
0x00007ffdb07a0000 - 0x00007ffdb07fe000 	C:\WINDOWS\System32\shlwapi.dll
0x00007ffdae1a0000 - 0x00007ffdae1c6000 	C:\WINDOWS\SYSTEM32\profapi.dll
0x00007ffd91df0000 - 0x00007ffd91e09000 	D:\FongAndroid\jbr\bin\net.dll
0x00007ffda6e70000 - 0x00007ffda6fa7000 	C:\WINDOWS\SYSTEM32\WINHTTP.dll
0x00007ffdad720000 - 0x00007ffdad789000 	C:\WINDOWS\system32\mswsock.dll
0x00007ffd91dd0000 - 0x00007ffd91de3000 	D:\FongAndroid\jbr\bin\nio.dll
0x00007ffd92560000 - 0x00007ffd92587000 	C:\Users\HI\.gradle\native\68d5fa5c4cc2d200863cafc0d521ce42e7d3e7ee720ec0a83991735586a16f82\windows-amd64\native-platform.dll
0x00007ffd6fdc0000 - 0x00007ffd6ff04000 	C:\Users\HI\.gradle\native\e376f236ea51e6404a007f0833ffe2c6e607c4080706a723a18a27aeea778392\windows-amd64\native-platform-file-events.dll
0x00007ffd954f0000 - 0x00007ffd954fa000 	D:\FongAndroid\jbr\bin\management.dll
0x00007ffd951d0000 - 0x00007ffd951db000 	D:\FongAndroid\jbr\bin\management_ext.dll
0x00007ffdad980000 - 0x00007ffdad99b000 	C:\WINDOWS\SYSTEM32\CRYPTSP.dll
0x00007ffdad200000 - 0x00007ffdad235000 	C:\WINDOWS\system32\rsaenh.dll
0x00007ffdad810000 - 0x00007ffdad83c000 	C:\WINDOWS\SYSTEM32\USERENV.dll
0x00007ffdad970000 - 0x00007ffdad97c000 	C:\WINDOWS\SYSTEM32\CRYPTBASE.dll
0x00007ffdacd20000 - 0x00007ffdacd4d000 	C:\WINDOWS\SYSTEM32\IPHLPAPI.DLL
0x00007ffdb04a0000 - 0x00007ffdb04a9000 	C:\WINDOWS\System32\NSI.dll
0x00007ffda65e0000 - 0x00007ffda65f9000 	C:\WINDOWS\SYSTEM32\dhcpcsvc6.DLL
0x00007ffda6500000 - 0x00007ffda651f000 	C:\WINDOWS\SYSTEM32\dhcpcsvc.DLL
0x00007ffdacd90000 - 0x00007ffdace89000 	C:\WINDOWS\SYSTEM32\DNSAPI.dll

dbghelp: loaded successfully - version: 4.0.5 - missing functions: none
symbol engine: initialized successfully - sym options: 0x614 - pdb path: .;D:\FongAndroid\jbr\bin;C:\WINDOWS\SYSTEM32;C:\WINDOWS\WinSxS\amd64_microsoft.windows.common-controls_6595b64144ccf1df_6.0.22621.2506_none_270c5ae97388e100;D:\FongAndroid\jbr\bin\server;C:\Users\HI\.gradle\native\68d5fa5c4cc2d200863cafc0d521ce42e7d3e7ee720ec0a83991735586a16f82\windows-amd64;C:\Users\HI\.gradle\native\e376f236ea51e6404a007f0833ffe2c6e607c4080706a723a18a27aeea778392\windows-amd64

VM Arguments:
jvm_args: --add-opens=java.base/java.util=ALL-UNNAMED --add-opens=java.base/java.lang=ALL-UNNAMED --add-opens=java.base/java.lang.invoke=ALL-UNNAMED --add-opens=java.prefs/java.util.prefs=ALL-UNNAMED --add-opens=java.base/java.nio.charset=ALL-UNNAMED --add-opens=java.base/java.net=ALL-UNNAMED --add-opens=java.base/java.util.concurrent.atomic=ALL-UNNAMED -Xmx2048m -Dfile.encoding=UTF-8 -Duser.country=US -Duser.language=en -Duser.variant 
java_command: org.gradle.launcher.daemon.bootstrap.GradleDaemon 8.0
java_class_path (initial): C:\Users\HI\.gradle\wrapper\dists\gradle-8.0-bin\ca5e32bp14vu59qr306oxotwh\gradle-8.0\lib\gradle-launcher-8.0.jar
Launcher Type: SUN_STANDARD

[Global flags]
     intx CICompilerCount                          = 3                                         {product} {ergonomic}
     uint ConcGCThreads                            = 2                                         {product} {ergonomic}
     uint G1ConcRefinementThreads                  = 6                                         {product} {ergonomic}
   size_t G1HeapRegionSize                         = 1048576                                   {product} {ergonomic}
    uintx GCDrainStackTargetSize                   = 64                                        {product} {ergonomic}
   size_t InitialHeapSize                          = 123731968                                 {product} {ergonomic}
   size_t MarkStackSize                            = 4194304                                   {product} {ergonomic}
   size_t MaxHeapSize                              = 2147483648                                {product} {command line}
   size_t MaxNewSize                               = 1287651328                                {product} {ergonomic}
   size_t MinHeapDeltaBytes                        = 1048576                                   {product} {ergonomic}
    uintx NonNMethodCodeHeapSize                   = 5830732                                {pd product} {ergonomic}
    uintx NonProfiledCodeHeapSize                  = 122913754                              {pd product} {ergonomic}
    uintx ProfiledCodeHeapSize                     = 122913754                              {pd product} {ergonomic}
    uintx ReservedCodeCacheSize                    = 251658240                              {pd product} {ergonomic}
     bool SegmentedCodeCache                       = true                                      {product} {ergonomic}
     bool UseCompressedClassPointers               = true                                 {lp64_product} {ergonomic}
     bool UseCompressedOops                        = true                                 {lp64_product} {ergonomic}
     bool UseG1GC                                  = true                                      {product} {ergonomic}
     bool UseLargePagesIndividualAllocation        = false                                  {pd product} {ergonomic}

Logging:
Log output configuration:
 #0: stdout all=warning uptime,level,tags
 #1: stderr all=off uptime,level,tags

Environment Variables:
JAVA_HOME=C:\Java\
PATH=C:\Program Files\Common Files\Oracle\Java\javapath;C:\Program Files (x86)\VMware\VMware Workstation\bin\;C:\Java\bin;C:\WINDOWS\system32;C:\WINDOWS;C:\WINDOWS\System32\Wbem;C:\WINDOWS\System32\WindowsPowerShell\v1.0\;C:\WINDOWS\System32\OpenSSH\;C:\MinGW\bin\;C:\TDM-GCC-64\bin;C:\Program Files\Microsoft SQL Server\Client SDK\ODBC\170\Tools\Binn\;C:\Program Files (x86)\Microsoft SQL Server\150\Tools\Binn\;C:\Program Files\Microsoft SQL Server\150\Tools\Binn\;C:\Program Files\Microsoft SQL Server\150\DTS\Binn\;C:\Program Files (x86)\Microsoft SQL Server\160\DTS\Binn\;C:\Program Files (x86)\Microsoft SQL Server\160\Tools\Binn\;C:\Program Files\Microsoft SQL Server\160\Tools\Binn\;C:\Program Files\Microsoft SQL Server\160\DTS\Binn\;D:\;C:\dart-sdk;C:\Program Files\dotnet\;C:\Program Files\Git\cmd;C:\Program Files\MySQL\MySQL Shell 8.0\bin\;D:\Scripts\;D:\;D:\python\Scripts\;D:\python\;C:\Users\HI\AppData\Local\Microsoft\WindowsApps;C:\Users\HI\AppData\Local\Programs\Microsoft VS Code\bin;C:\TDM-GCC-64\bin;D:\php\php;C:\Program Files\JetBrains\PyCharm Community Edition 2021.2.3\bin;;;C:\Program Files\Azure Data Studio\bin;C:\Users\HI\AppData\Roaming\npm;C:\Users\HI\.dotnet\tools;C:\Program Files\JetBrains\IntelliJ IDEA 2023.2.2\bin;;C:\Program Files\JetBrains\IntelliJ IDEA Educational Edition 2022.2.2\bin;;C:\Program Files\JetBrains\IntelliJ IDEA Community Edition 2023.2.2\bin;
USERNAME=HI
OS=Windows_NT
PROCESSOR_IDENTIFIER=AMD64 Family 23 Model 96 Stepping 1, AuthenticAMD



---------------  S Y S T E M  ---------------

OS: Windows 11 , 64 bit Build 22621 (10.0.22621.2506)
OS uptime: 0 days 7:40 hours

CPU:total 6 (initial active 6) (6 cores per cpu, 1 threads per core) family 23 model 96 stepping 1 microcode 0x0, cmov, cx8, fxsr, mmx, sse, sse2, sse3, ssse3, sse4.1, sse4.2, popcnt, avx, avx2, aes, clmul, mmxext, 3dnowpref, lzcnt, sse4a, tsc, tscinvbit, tscinv, bmi1, bmi2, adx, sha, fma

Memory: 4k page, system-wide physical 7542M (478M free)
TotalPageFile size 11638M (AvailPageFile size 63M)
current process WorkingSet (physical memory assigned to process): 391M, peak: 398M
current process commit charge ("private bytes"): 425M, peak: 551M

vm_info: OpenJDK 64-Bit Server VM (11.0.15+0-b2043.56-8887301) for windows-amd64 JRE (11.0.15+0-b2043.56-8887301), built on Jul 29 2022 23:19:47 by "builduser" with unknown MS VC++:1929

END.
