#
# There is insufficient memory for the Java Runtime Environment to continue.
# Native memory allocation (mmap) failed to map 133169152 bytes for Failed to commit area from 0x000000008dd00000 to 0x0000000095c00000 of length 133169152.
# Possible reasons:
#   The system is out of physical RAM or swap space
#   The process is running with CompressedOops enabled, and the Java Heap may be blocking the growth of the native heap
# Possible solutions:
#   Reduce memory load on the system
#   Increase physical memory or swap space
#   Check if swap backing store is full
#   Decrease Java heap size (-Xmx/-Xms)
#   Decrease number of Java threads
#   Decrease Java thread stack sizes (-Xss)
#   Set larger code cache with -XX:ReservedCodeCacheSize=
#   JVM is running with Unscaled Compressed Oops mode in which the Java heap is
#     placed in the first 4GB address space. The Java Heap base address is the
#     maximum limit for the native heap growth. Please use -XX:HeapBaseMinAddress
#     to set the Java Heap base and to place the Java Heap above 4GB virtual address.
# This output file may be truncated or incomplete.
#
#  Out of Memory Error (src/hotspot/os/windows/os_windows.cpp:3627), pid=17920, tid=13588
#
# JRE version: OpenJDK Runtime Environment (11.0.15) (build 11.0.15+0-b2043.56-8887301)
# Java VM: OpenJDK 64-Bit Server VM (11.0.15+0-b2043.56-8887301, mixed mode, tiered, compressed oops, g1 gc, windows-amd64)
# No core dump will be written. Minidumps are not enabled by default on client versions of Windows
#

---------------  S U M M A R Y ------------

Command Line: --add-opens=java.base/java.util=ALL-UNNAMED --add-opens=java.base/java.lang=ALL-UNNAMED --add-opens=java.base/java.lang.invoke=ALL-UNNAMED --add-opens=java.prefs/java.util.prefs=ALL-UNNAMED --add-opens=java.base/java.nio.charset=ALL-UNNAMED --add-opens=java.base/java.net=ALL-UNNAMED --add-opens=java.base/java.util.concurrent.atomic=ALL-UNNAMED -Xmx2048m -Dfile.encoding=UTF-8 -Duser.country=US -Duser.language=en -Duser.variant org.gradle.launcher.daemon.bootstrap.GradleDaemon 8.0

Host: AMD Ryzen 5 4500U with Radeon Graphics         , 6 cores, 7G,  Windows 11 , 64 bit Build 22621 (10.0.22621.2506)
Time: Tue Jan 16 22:06:23 2024 SE Asia Standard Time elapsed time: 9.873324 seconds (0d 0h 0m 9s)

---------------  T H R E A D  ---------------

Current thread (0x000001261f09d000):  VMThread "VM Thread" [stack: 0x000000254df00000,0x000000254e000000] [id=13588]

Stack: [0x000000254df00000,0x000000254e000000]
[error occurred during error reporting (printing stack bounds), id 0xc0000005, EXCEPTION_ACCESS_VIOLATION (0xc0000005) at pc=0x0000012608b7112d]

Native frames: (J=compiled Java code, j=interpreted, Vv=VM code, C=native code)
V  [jvm.dll+0x64135a]
V  [jvm.dll+0x7d39f9]
V  [jvm.dll+0x7d51b9]
V  [jvm.dll+0x7d5805]
V  [jvm.dll+0x7d57bb]
V  [jvm.dll+0x640655]
V  [jvm.dll+0x640d68]
C  [ntdll.dll+0xa441f]
C  [ntdll.dll+0x1e466]
C  [ntdll.dll+0xa340e]
C  0x0000012608b7112d

VM_Operation (0x00000025500fd7f0): G1CollectForAllocation, mode: safepoint, requested by thread 0x000001262336a800


---------------  P R O C E S S  ---------------

Threads class SMR info:
_java_thread_list=0x000001262275cf40, length=38, elements={
0x0000012605056000, 0x000001261f0a3000, 0x000001261f0ac000, 0x000001261f0b9000,
0x000001261f0ba800, 0x000001261f0bc000, 0x000001261f0bf000, 0x000001261f0c8000,
0x000001261f0c9800, 0x000001261fb82800, 0x0000012621b53800, 0x000001262112d800,
0x00000126225db800, 0x000001261fe29800, 0x000001262131f000, 0x0000012621ee6800,
0x000001262132b000, 0x0000012620b75800, 0x0000012621cc6000, 0x0000012622046800,
0x0000012622146800, 0x0000012622147800, 0x0000012622148000, 0x0000012622145800,
0x0000012623366800, 0x0000012623368800, 0x000001262336a800, 0x0000012623367000,
0x0000012623369800, 0x000001262336b000, 0x0000012623365800, 0x0000012623383000,
0x000001262336c000, 0x000001262336d000, 0x0000012623368000, 0x0000012623371800,
0x0000012623373800, 0x000001262336f800
}

Java Threads: ( => current thread )
  0x0000012605056000 JavaThread "main" [_thread_blocked, id=15396, stack(0x000000254d900000,0x000000254da00000)]
  0x000001261f0a3000 JavaThread "Reference Handler" daemon [_thread_blocked, id=18296, stack(0x000000254e000000,0x000000254e100000)]
  0x000001261f0ac000 JavaThread "Finalizer" daemon [_thread_blocked, id=19880, stack(0x000000254e100000,0x000000254e200000)]
  0x000001261f0b9000 JavaThread "Signal Dispatcher" daemon [_thread_blocked, id=18568, stack(0x000000254e200000,0x000000254e300000)]
  0x000001261f0ba800 JavaThread "Attach Listener" daemon [_thread_blocked, id=20464, stack(0x000000254e300000,0x000000254e400000)]
  0x000001261f0bc000 JavaThread "Service Thread" daemon [_thread_blocked, id=7300, stack(0x000000254e400000,0x000000254e500000)]
  0x000001261f0bf000 JavaThread "C2 CompilerThread0" daemon [_thread_blocked, id=10880, stack(0x000000254e500000,0x000000254e600000)]
  0x000001261f0c8000 JavaThread "C1 CompilerThread0" daemon [_thread_blocked, id=12708, stack(0x000000254e600000,0x000000254e700000)]
  0x000001261f0c9800 JavaThread "Sweeper thread" daemon [_thread_blocked, id=18340, stack(0x000000254e700000,0x000000254e800000)]
  0x000001261fb82800 JavaThread "Common-Cleaner" daemon [_thread_blocked, id=21152, stack(0x000000254e800000,0x000000254e900000)]
  0x0000012621b53800 JavaThread "Daemon health stats" [_thread_blocked, id=21020, stack(0x000000254ec00000,0x000000254ed00000)]
  0x000001262112d800 JavaThread "Incoming local TCP Connector on port 55105" [_thread_in_native, id=13520, stack(0x000000254ea00000,0x000000254eb00000)]
  0x00000126225db800 JavaThread "Daemon periodic checks" [_thread_blocked, id=15208, stack(0x000000254ed00000,0x000000254ee00000)]
  0x000001261fe29800 JavaThread "Daemon" [_thread_blocked, id=11936, stack(0x000000254ee00000,0x000000254ef00000)]
  0x000001262131f000 JavaThread "Handler for socket connection from /127.0.0.1:55105 to /127.0.0.1:55106" [_thread_in_native, id=21424, stack(0x000000254ef00000,0x000000254f000000)]
  0x0000012621ee6800 JavaThread "Cancel handler" [_thread_blocked, id=20188, stack(0x000000254f000000,0x000000254f100000)]
  0x000001262132b000 JavaThread "Daemon worker" [_thread_blocked, id=6140, stack(0x000000254f100000,0x000000254f200000)]
  0x0000012620b75800 JavaThread "Asynchronous log dispatcher for DefaultDaemonConnection: socket connection from /127.0.0.1:55105 to /127.0.0.1:55106" [_thread_blocked, id=14016, stack(0x000000254f200000,0x000000254f300000)]
  0x0000012621cc6000 JavaThread "Stdin handler" [_thread_blocked, id=11824, stack(0x000000254f300000,0x000000254f400000)]
  0x0000012622046800 JavaThread "Daemon client event forwarder" [_thread_blocked, id=3888, stack(0x000000254f500000,0x000000254f600000)]
  0x0000012622146800 JavaThread "Cache worker for journal cache (C:\Users\HI\.gradle\caches\journal-1)" [_thread_blocked, id=12996, stack(0x000000254fb00000,0x000000254fc00000)]
  0x0000012622147800 JavaThread "File lock request listener" [_thread_in_native, id=1028, stack(0x000000254fc00000,0x000000254fd00000)]
  0x0000012622148000 JavaThread "Cache worker for file hash cache (C:\Users\HI\.gradle\caches\8.0\fileHashes)" [_thread_blocked, id=16964, stack(0x000000254fd00000,0x000000254fe00000)]
  0x0000012622145800 JavaThread "File watcher server" daemon [_thread_in_native, id=11060, stack(0x000000254fe00000,0x000000254ff00000)]
  0x0000012623366800 JavaThread "File watcher consumer" daemon [_thread_blocked, id=5500, stack(0x000000254ff00000,0x0000002550000000)]
  0x0000012623368800 JavaThread "jar transforms" [_thread_blocked, id=18732, stack(0x000000254f400000,0x000000254f500000)]
  0x000001262336a800 JavaThread "jar transforms Thread 2" [_thread_blocked, id=8936, stack(0x0000002550000000,0x0000002550100000)]
  0x0000012623367000 JavaThread "jar transforms Thread 3" [_thread_blocked, id=10588, stack(0x0000002550100000,0x0000002550200000)]
  0x0000012623369800 JavaThread "jar transforms Thread 4" [_thread_blocked, id=5316, stack(0x0000002550200000,0x0000002550300000)]
  0x000001262336b000 JavaThread "jar transforms Thread 5" [_thread_blocked, id=4468, stack(0x0000002550300000,0x0000002550400000)]
  0x0000012623365800 JavaThread "jar transforms Thread 6" [_thread_blocked, id=4456, stack(0x0000002550400000,0x0000002550500000)]
  0x0000012623383000 JavaThread "C2 CompilerThread1" daemon [_thread_blocked, id=21288, stack(0x0000002550500000,0x0000002550600000)]
  0x000001262336c000 JavaThread "Cache worker for checksums cache (C:\Users\HI\AndroidStudioProjects\Spinner\.gradle\8.0\checksums)" [_thread_blocked, id=20992, stack(0x0000002550600000,0x0000002550700000)]
  0x000001262336d000 JavaThread "Cache worker for cache directory md-rule (C:\Users\HI\.gradle\caches\8.0\md-rule)" [_thread_blocked, id=664, stack(0x0000002550700000,0x0000002550800000)]
  0x0000012623368000 JavaThread "Cache worker for file content cache (C:\Users\HI\.gradle\caches\8.0\fileContent)" [_thread_blocked, id=2204, stack(0x0000002550800000,0x0000002550900000)]
  0x0000012623371800 JavaThread "Cache worker for file hash cache (C:\Users\HI\AndroidStudioProjects\Spinner\.gradle\8.0\fileHashes)" [_thread_blocked, id=18940, stack(0x0000002550900000,0x0000002550a00000)]
  0x0000012623373800 JavaThread "Cache worker for cache directory md-supplier (C:\Users\HI\.gradle\caches\8.0\md-supplier)" [_thread_blocked, id=9368, stack(0x0000002550a00000,0x0000002550b00000)]
  0x000001262336f800 JavaThread "Cache worker for execution history cache (C:\Users\HI\.gradle\caches\8.0\executionHistory)" [_thread_blocked, id=11412, stack(0x0000002550b00000,0x0000002550c00000)]

Other Threads:
=>0x000001261f09d000 VMThread "VM Thread" [stack: 0x000000254df00000,0x000000254e000000] [id=13588]
  0x000001261fb8e800 WatcherThread [stack: 0x000000254e900000,0x000000254ea00000] [id=14628]
  0x0000012605071000 GCTaskThread "GC Thread#0" [stack: 0x000000254da00000,0x000000254db00000] [id=13828]
  0x00000126209ca800 GCTaskThread "GC Thread#1" [stack: 0x000000254eb00000,0x000000254ec00000] [id=19948]
  0x0000012621463000 GCTaskThread "GC Thread#2" [stack: 0x000000254f600000,0x000000254f700000] [id=19952]
  0x0000012621464000 GCTaskThread "GC Thread#3" [stack: 0x000000254f700000,0x000000254f800000] [id=21192]
  0x0000012621464800 GCTaskThread "GC Thread#4" [stack: 0x000000254f800000,0x000000254f900000] [id=3808]
  0x0000012621465800 GCTaskThread "GC Thread#5" [stack: 0x000000254f900000,0x000000254fa00000] [id=3996]
  0x00000126050a2800 ConcurrentGCThread "G1 Main Marker" [stack: 0x000000254db00000,0x000000254dc00000] [id=13936]
  0x00000126050a4000 ConcurrentGCThread "G1 Conc#0" [stack: 0x000000254dc00000,0x000000254dd00000] [id=15588]
  0x0000012621462800 ConcurrentGCThread "G1 Conc#1" [stack: 0x000000254fa00000,0x000000254fb00000] [id=13540]
  0x000001260511e000 ConcurrentGCThread "G1 Refine#0" [stack: 0x000000254dd00000,0x000000254de00000] [id=2364]
  0x000001261eef0800 ConcurrentGCThread "G1 Young RemSet Sampling" [stack: 0x000000254de00000,0x000000254df00000] [id=13080]

Threads with active compile tasks:
C2 CompilerThread0     9885 5334       4       org.objectweb.asm.ClassWriter::toByteArray (1535 bytes)
C2 CompilerThread1     9885 5313 %     4       org.objectweb.asm.ClassReader::readCode @ 92 (5109 bytes)

VM state:at safepoint (normal execution)

VM Mutex/Monitor currently owned by a thread:  ([mutex/lock_event])
[0x0000012605052c40] Threads_lock - owner thread: 0x000001261f09d000
[0x0000012605051da0] Heap_lock - owner thread: 0x000001262336a800

Heap address: 0x0000000080000000, size: 2048 MB, Compressed Oops mode: 32-bit
Narrow klass base: 0x0000000000000000, Narrow klass shift: 3
Compressed class space size: 1073741824 Address: 0x0000000100000000

Heap:
 garbage-first heap   total 356352K, used 91884K [0x0000000080000000, 0x0000000100000000)
  region size 1024K, 6 young (6144K), 6 survivors (6144K)
 Metaspace       used 51033K, capacity 52492K, committed 52816K, reserved 1095680K
  class space    used 6515K, capacity 7042K, committed 7168K, reserved 1048576K
Heap Regions: E=young(eden), S=young(survivor), O=old, HS=humongous(starts), HC=humongous(continues), CS=collection set, F=free, A=archive, TAMS=top-at-mark-start (previous, next)
|   0|0x0000000080000000, 0x0000000080100000, 0x0000000080100000|100%|HS|  |TAMS 0x0000000080100000, 0x0000000080000000| Complete 
|   1|0x0000000080100000, 0x0000000080200000, 0x0000000080200000|100%|HC|  |TAMS 0x0000000080200000, 0x0000000080100000| Complete 
|   2|0x0000000080200000, 0x0000000080300000, 0x0000000080300000|100%|HC|  |TAMS 0x0000000080300000, 0x0000000080200000| Complete 
|   3|0x0000000080300000, 0x0000000080400000, 0x0000000080400000|100%|HC|  |TAMS 0x0000000080400000, 0x0000000080300000| Complete 
|   4|0x0000000080400000, 0x0000000080500000, 0x0000000080500000|100%| O|  |TAMS 0x0000000080500000, 0x0000000080400000| Untracked 
|   5|0x0000000080500000, 0x0000000080600000, 0x0000000080600000|100%| O|  |TAMS 0x0000000080600000, 0x0000000080500000| Untracked 
|   6|0x0000000080600000, 0x0000000080700000, 0x0000000080700000|100%| O|  |TAMS 0x0000000080700000, 0x0000000080600000| Untracked 
|   7|0x0000000080700000, 0x0000000080800000, 0x0000000080800000|100%| O|  |TAMS 0x0000000080800000, 0x0000000080700000| Untracked 
|   8|0x0000000080800000, 0x0000000080900000, 0x0000000080900000|100%| O|  |TAMS 0x0000000080900000, 0x0000000080800000| Untracked 
|   9|0x0000000080900000, 0x0000000080a00000, 0x0000000080a00000|100%| O|  |TAMS 0x0000000080a00000, 0x0000000080900000| Untracked 
|  10|0x0000000080a00000, 0x0000000080b00000, 0x0000000080b00000|100%| O|  |TAMS 0x0000000080b00000, 0x0000000080a00000| Untracked 
|  11|0x0000000080b00000, 0x0000000080c00000, 0x0000000080c00000|100%| O|  |TAMS 0x0000000080c00000, 0x0000000080b00000| Untracked 
|  12|0x0000000080c00000, 0x0000000080d00000, 0x0000000080d00000|100%| O|  |TAMS 0x0000000080d00000, 0x0000000080c00000| Untracked 
|  13|0x0000000080d00000, 0x0000000080e00000, 0x0000000080e00000|100%| O|  |TAMS 0x0000000080e00000, 0x0000000080d00000| Untracked 
|  14|0x0000000080e00000, 0x0000000080f00000, 0x0000000080f00000|100%| O|  |TAMS 0x0000000080f00000, 0x0000000080e00000| Untracked 
|  15|0x0000000080f00000, 0x0000000081000000, 0x0000000081000000|100%| O|  |TAMS 0x0000000081000000, 0x0000000080f00000| Untracked 
|  16|0x0000000081000000, 0x0000000081100000, 0x0000000081100000|100%| O|  |TAMS 0x0000000081100000, 0x0000000081000000| Untracked 
|  17|0x0000000081100000, 0x0000000081200000, 0x0000000081200000|100%|HS|  |TAMS 0x0000000081200000, 0x0000000081100000| Complete 
|  18|0x0000000081200000, 0x0000000081300000, 0x0000000081300000|100%|HC|  |TAMS 0x0000000081300000, 0x0000000081200000| Complete 
|  19|0x0000000081300000, 0x0000000081400000, 0x0000000081400000|100%|HS|  |TAMS 0x0000000081400000, 0x0000000081300000| Complete 
|  20|0x0000000081400000, 0x0000000081500000, 0x0000000081500000|100%|HC|  |TAMS 0x0000000081500000, 0x0000000081400000| Complete 
|  21|0x0000000081500000, 0x0000000081600000, 0x0000000081600000|100%|HC|  |TAMS 0x0000000081600000, 0x0000000081500000| Complete 
|  22|0x0000000081600000, 0x0000000081700000, 0x0000000081700000|100%|HS|  |TAMS 0x0000000081700000, 0x0000000081600000| Complete 
|  23|0x0000000081700000, 0x0000000081800000, 0x0000000081800000|100%|HC|  |TAMS 0x0000000081800000, 0x0000000081700000| Complete 
|  24|0x0000000081800000, 0x0000000081900000, 0x0000000081900000|100%|HC|  |TAMS 0x0000000081900000, 0x0000000081800000| Complete 
|  25|0x0000000081900000, 0x0000000081a00000, 0x0000000081a00000|100%|HS|  |TAMS 0x0000000081a00000, 0x0000000081900000| Complete 
|  26|0x0000000081a00000, 0x0000000081b00000, 0x0000000081b00000|100%|HC|  |TAMS 0x0000000081b00000, 0x0000000081a00000| Complete 
|  27|0x0000000081b00000, 0x0000000081c00000, 0x0000000081c00000|100%|HS|  |TAMS 0x0000000081c00000, 0x0000000081b00000| Complete 
|  28|0x0000000081c00000, 0x0000000081d00000, 0x0000000081d00000|100%|HC|  |TAMS 0x0000000081d00000, 0x0000000081c00000| Complete 
|  29|0x0000000081d00000, 0x0000000081e00000, 0x0000000081e00000|100%|HC|  |TAMS 0x0000000081e00000, 0x0000000081d00000| Complete 
|  30|0x0000000081e00000, 0x0000000081f00000, 0x0000000081f00000|100%|HC|  |TAMS 0x0000000081f00000, 0x0000000081e00000| Complete 
|  31|0x0000000081f00000, 0x0000000082000000, 0x0000000082000000|100%|HC|  |TAMS 0x0000000082000000, 0x0000000081f00000| Complete 
|  32|0x0000000082000000, 0x0000000082100000, 0x0000000082100000|100%|HC|  |TAMS 0x0000000082100000, 0x0000000082000000| Complete 
|  33|0x0000000082100000, 0x0000000082200000, 0x0000000082200000|100%|HC|  |TAMS 0x0000000082200000, 0x0000000082100000| Complete 
|  34|0x0000000082200000, 0x0000000082300000, 0x0000000082300000|100%|HC|  |TAMS 0x0000000082300000, 0x0000000082200000| Complete 
|  35|0x0000000082300000, 0x0000000082400000, 0x0000000082400000|100%|HC|  |TAMS 0x0000000082400000, 0x0000000082300000| Complete 
|  36|0x0000000082400000, 0x0000000082500000, 0x0000000082500000|100%|HC|  |TAMS 0x0000000082500000, 0x0000000082400000| Complete 
|  37|0x0000000082500000, 0x0000000082600000, 0x0000000082600000|100%|HS|  |TAMS 0x0000000082600000, 0x0000000082500000| Complete 
|  38|0x0000000082600000, 0x0000000082700000, 0x0000000082700000|100%|HC|  |TAMS 0x0000000082700000, 0x0000000082600000| Complete 
|  39|0x0000000082700000, 0x0000000082800000, 0x0000000082800000|100%|HS|  |TAMS 0x0000000082800000, 0x0000000082700000| Complete 
|  40|0x0000000082800000, 0x0000000082900000, 0x0000000082900000|100%|HC|  |TAMS 0x0000000082900000, 0x0000000082800000| Complete 
|  41|0x0000000082900000, 0x0000000082a00000, 0x0000000082a00000|100%|HC|  |TAMS 0x0000000082a00000, 0x0000000082900000| Complete 
|  42|0x0000000082a00000, 0x0000000082b00000, 0x0000000082b00000|100%|HC|  |TAMS 0x0000000082b00000, 0x0000000082a00000| Complete 
|  43|0x0000000082b00000, 0x0000000082c00000, 0x0000000082c00000|100%|HC|  |TAMS 0x0000000082c00000, 0x0000000082b00000| Complete 
|  44|0x0000000082c00000, 0x0000000082d00000, 0x0000000082d00000|100%| O|  |TAMS 0x0000000082d00000, 0x0000000082c00000| Untracked 
|  45|0x0000000082d00000, 0x0000000082e00000, 0x0000000082e00000|100%| O|  |TAMS 0x0000000082e00000, 0x0000000082d00000| Untracked 
|  46|0x0000000082e00000, 0x0000000082f00000, 0x0000000082f00000|100%| O|  |TAMS 0x0000000082f00000, 0x0000000082e00000| Untracked 
|  47|0x0000000082f00000, 0x0000000083000000, 0x0000000083000000|100%| O|  |TAMS 0x0000000083000000, 0x0000000082f00000| Untracked 
|  48|0x0000000083000000, 0x0000000083100000, 0x0000000083100000|100%| O|  |TAMS 0x0000000083100000, 0x0000000083000000| Untracked 
|  49|0x0000000083100000, 0x0000000083200000, 0x0000000083200000|100%| O|  |TAMS 0x0000000083200000, 0x0000000083100000| Untracked 
|  50|0x0000000083200000, 0x0000000083300000, 0x0000000083300000|100%| O|  |TAMS 0x0000000083300000, 0x0000000083200000| Untracked 
|  51|0x0000000083300000, 0x0000000083400000, 0x0000000083400000|100%| O|  |TAMS 0x0000000083400000, 0x0000000083300000| Untracked 
|  52|0x0000000083400000, 0x0000000083500000, 0x0000000083500000|100%| O|  |TAMS 0x0000000083500000, 0x0000000083400000| Untracked 
|  53|0x0000000083500000, 0x0000000083600000, 0x0000000083600000|100%| O|  |TAMS 0x0000000083600000, 0x0000000083500000| Untracked 
|  54|0x0000000083600000, 0x0000000083700000, 0x0000000083700000|100%| O|  |TAMS 0x0000000083700000, 0x0000000083600000| Untracked 
|  55|0x0000000083700000, 0x0000000083800000, 0x0000000083800000|100%| O|  |TAMS 0x0000000083800000, 0x0000000083700000| Untracked 
|  56|0x0000000083800000, 0x0000000083900000, 0x0000000083900000|100%| O|  |TAMS 0x0000000083900000, 0x0000000083800000| Untracked 
|  57|0x0000000083900000, 0x0000000083a00000, 0x0000000083a00000|100%| O|  |TAMS 0x0000000083a00000, 0x0000000083900000| Untracked 
|  58|0x0000000083a00000, 0x0000000083b00000, 0x0000000083b00000|100%| O|  |TAMS 0x0000000083b00000, 0x0000000083a00000| Untracked 
|  59|0x0000000083b00000, 0x0000000083c00000, 0x0000000083c00000|100%| O|  |TAMS 0x0000000083c00000, 0x0000000083b00000| Untracked 
|  60|0x0000000083c00000, 0x0000000083d00000, 0x0000000083d00000|100%| O|  |TAMS 0x0000000083d00000, 0x0000000083c00000| Untracked 
|  61|0x0000000083d00000, 0x0000000083e00000, 0x0000000083e00000|100%| O|  |TAMS 0x0000000083d00000, 0x0000000083d00000| Untracked 
|  62|0x0000000083e00000, 0x0000000083f00000, 0x0000000083f00000|100%| O|  |TAMS 0x0000000083e00000, 0x0000000083e00000| Untracked 
|  63|0x0000000083f00000, 0x0000000084000000, 0x0000000084000000|100%| O|  |TAMS 0x0000000084000000, 0x0000000083f00000| Untracked 
|  64|0x0000000084000000, 0x0000000084100000, 0x0000000084100000|100%| O|  |TAMS 0x0000000084100000, 0x0000000084000000| Untracked 
|  65|0x0000000084100000, 0x0000000084200000, 0x0000000084200000|100%| O|  |TAMS 0x0000000084200000, 0x0000000084100000| Untracked 
|  66|0x0000000084200000, 0x0000000084300000, 0x0000000084300000|100%|HS|  |TAMS 0x0000000084300000, 0x0000000084200000| Complete 
|  67|0x0000000084300000, 0x0000000084400000, 0x0000000084400000|100%|HC|  |TAMS 0x0000000084400000, 0x0000000084300000| Complete 
|  68|0x0000000084400000, 0x0000000084500000, 0x0000000084500000|100%|HS|  |TAMS 0x0000000084500000, 0x0000000084400000| Complete 
|  69|0x0000000084500000, 0x0000000084600000, 0x0000000084600000|100%|HC|  |TAMS 0x0000000084600000, 0x0000000084500000| Complete 
|  70|0x0000000084600000, 0x0000000084700000, 0x0000000084700000|100%|HC|  |TAMS 0x0000000084700000, 0x0000000084600000| Complete 
|  71|0x0000000084700000, 0x0000000084800000, 0x0000000084800000|100%|HC|  |TAMS 0x0000000084800000, 0x0000000084700000| Complete 
|  72|0x0000000084800000, 0x0000000084900000, 0x0000000084900000|100%|HC|  |TAMS 0x0000000084900000, 0x0000000084800000| Complete 
|  73|0x0000000084900000, 0x0000000084a00000, 0x0000000084a00000|100%| O|  |TAMS 0x0000000084a00000, 0x0000000084900000| Untracked 
|  74|0x0000000084a00000, 0x0000000084b00000, 0x0000000084b00000|100%| O|  |TAMS 0x0000000084b00000, 0x0000000084a00000| Untracked 
|  75|0x0000000084b00000, 0x0000000084c00000, 0x0000000084c00000|100%| O|  |TAMS 0x0000000084b7d200, 0x0000000084b00000| Untracked 
|  76|0x0000000084c00000, 0x0000000084d00000, 0x0000000084d00000|100%| O|  |TAMS 0x0000000084c00000, 0x0000000084c00000| Untracked 
|  77|0x0000000084d00000, 0x0000000084e00000, 0x0000000084e00000|100%| O|  |TAMS 0x0000000084d00000, 0x0000000084d00000| Untracked 
|  78|0x0000000084e00000, 0x0000000084f00000, 0x0000000084f00000|100%| O|  |TAMS 0x0000000084e00000, 0x0000000084e00000| Untracked 
|  79|0x0000000084f00000, 0x0000000085000000, 0x0000000085000000|100%| O|  |TAMS 0x0000000084f00000, 0x0000000084f00000| Untracked 
|  80|0x0000000085000000, 0x0000000085100000, 0x0000000085100000|100%| O|  |TAMS 0x0000000085000000, 0x0000000085000000| Untracked 
|  81|0x0000000085100000, 0x0000000085200000, 0x0000000085200000|100%| O|  |TAMS 0x0000000085100000, 0x0000000085100000| Untracked 
|  82|0x0000000085200000, 0x0000000085300000, 0x0000000085300000|100%| O|  |TAMS 0x0000000085200000, 0x0000000085200000| Untracked 
|  83|0x0000000085300000, 0x0000000085400000, 0x0000000085400000|100%| O|  |TAMS 0x0000000085300000, 0x0000000085300000| Untracked 
|  84|0x0000000085400000, 0x0000000085400000, 0x0000000085500000|  0%| F|  |TAMS 0x0000000085400000, 0x0000000085400000| Untracked 
|  85|0x0000000085500000, 0x0000000085500000, 0x0000000085600000|  0%| F|  |TAMS 0x0000000085500000, 0x0000000085500000| Untracked 
|  86|0x0000000085600000, 0x0000000085600000, 0x0000000085700000|  0%| F|  |TAMS 0x0000000085600000, 0x0000000085600000| Untracked 
|  87|0x0000000085700000, 0x0000000085700000, 0x0000000085800000|  0%| F|  |TAMS 0x0000000085700000, 0x0000000085700000| Untracked 
|  88|0x0000000085800000, 0x0000000085800000, 0x0000000085900000|  0%| F|  |TAMS 0x0000000085800000, 0x0000000085800000| Untracked 
|  89|0x0000000085900000, 0x0000000085900000, 0x0000000085a00000|  0%| F|  |TAMS 0x0000000085900000, 0x0000000085900000| Untracked 
|  90|0x0000000085a00000, 0x0000000085a00000, 0x0000000085b00000|  0%| F|  |TAMS 0x0000000085a00000, 0x0000000085a00000| Untracked 
|  91|0x0000000085b00000, 0x0000000085b00000, 0x0000000085c00000|  0%| F|  |TAMS 0x0000000085b00000, 0x0000000085b00000| Untracked 
|  92|0x0000000085c00000, 0x0000000085c00000, 0x0000000085d00000|  0%| F|  |TAMS 0x0000000085c00000, 0x0000000085c00000| Untracked 
|  93|0x0000000085d00000, 0x0000000085d00000, 0x0000000085e00000|  0%| F|  |TAMS 0x0000000085d00000, 0x0000000085d00000| Untracked 
|  94|0x0000000085e00000, 0x0000000085e00000, 0x0000000085f00000|  0%| F|  |TAMS 0x0000000085e00000, 0x0000000085e00000| Untracked 
|  95|0x0000000085f00000, 0x0000000085f00000, 0x0000000086000000|  0%| F|  |TAMS 0x0000000085f00000, 0x0000000085f00000| Untracked 
|  96|0x0000000086000000, 0x0000000086000000, 0x0000000086100000|  0%| F|  |TAMS 0x0000000086000000, 0x0000000086000000| Untracked 
|  97|0x0000000086100000, 0x0000000086100000, 0x0000000086200000|  0%| F|  |TAMS 0x0000000086100000, 0x0000000086100000| Untracked 
|  98|0x0000000086200000, 0x0000000086200000, 0x0000000086300000|  0%| F|  |TAMS 0x0000000086200000, 0x0000000086200000| Untracked 
|  99|0x0000000086300000, 0x0000000086300000, 0x0000000086400000|  0%| F|  |TAMS 0x0000000086300000, 0x0000000086300000| Untracked 
| 100|0x0000000086400000, 0x0000000086400000, 0x0000000086500000|  0%| F|  |TAMS 0x0000000086400000, 0x0000000086400000| Untracked 
| 101|0x0000000086500000, 0x0000000086500000, 0x0000000086600000|  0%| F|  |TAMS 0x0000000086500000, 0x0000000086500000| Untracked 
| 102|0x0000000086600000, 0x0000000086600000, 0x0000000086700000|  0%| F|  |TAMS 0x0000000086600000, 0x0000000086600000| Untracked 
| 103|0x0000000086700000, 0x0000000086700000, 0x0000000086800000|  0%| F|  |TAMS 0x0000000086700000, 0x0000000086700000| Untracked 
| 104|0x0000000086800000, 0x0000000086800000, 0x0000000086900000|  0%| F|  |TAMS 0x0000000086800000, 0x0000000086800000| Untracked 
| 105|0x0000000086900000, 0x0000000086900000, 0x0000000086a00000|  0%| F|  |TAMS 0x0000000086900000, 0x0000000086900000| Untracked 
| 106|0x0000000086a00000, 0x0000000086a00000, 0x0000000086b00000|  0%| F|  |TAMS 0x0000000086a00000, 0x0000000086a00000| Untracked 
| 107|0x0000000086b00000, 0x0000000086b00000, 0x0000000086c00000|  0%| F|  |TAMS 0x0000000086b00000, 0x0000000086b00000| Untracked 
| 108|0x0000000086c00000, 0x0000000086c00000, 0x0000000086d00000|  0%| F|  |TAMS 0x0000000086c00000, 0x0000000086c00000| Untracked 
| 109|0x0000000086d00000, 0x0000000086d00000, 0x0000000086e00000|  0%| F|  |TAMS 0x0000000086d00000, 0x0000000086d00000| Untracked 
| 110|0x0000000086e00000, 0x0000000086e00000, 0x0000000086f00000|  0%| F|  |TAMS 0x0000000086e00000, 0x0000000086e00000| Untracked 
| 111|0x0000000086f00000, 0x0000000086f00000, 0x0000000087000000|  0%| F|  |TAMS 0x0000000086f00000, 0x0000000086f00000| Untracked 
| 112|0x0000000087000000, 0x0000000087000000, 0x0000000087100000|  0%| F|  |TAMS 0x0000000087000000, 0x0000000087000000| Untracked 
| 113|0x0000000087100000, 0x0000000087100000, 0x0000000087200000|  0%| F|  |TAMS 0x0000000087100000, 0x0000000087100000| Untracked 
| 114|0x0000000087200000, 0x0000000087200000, 0x0000000087300000|  0%| F|  |TAMS 0x0000000087200000, 0x0000000087200000| Untracked 
| 115|0x0000000087300000, 0x0000000087300000, 0x0000000087400000|  0%| F|  |TAMS 0x0000000087300000, 0x0000000087300000| Untracked 
| 116|0x0000000087400000, 0x0000000087400000, 0x0000000087500000|  0%| F|  |TAMS 0x0000000087400000, 0x0000000087400000| Untracked 
| 117|0x0000000087500000, 0x0000000087500000, 0x0000000087600000|  0%| F|  |TAMS 0x0000000087500000, 0x0000000087500000| Untracked 
| 118|0x0000000087600000, 0x0000000087600000, 0x0000000087700000|  0%| F|  |TAMS 0x0000000087600000, 0x0000000087600000| Untracked 
| 119|0x0000000087700000, 0x0000000087700000, 0x0000000087800000|  0%| F|  |TAMS 0x0000000087700000, 0x0000000087700000| Untracked 
| 120|0x0000000087800000, 0x0000000087800000, 0x0000000087900000|  0%| F|  |TAMS 0x0000000087800000, 0x0000000087800000| Untracked 
| 121|0x0000000087900000, 0x0000000087900000, 0x0000000087a00000|  0%| F|  |TAMS 0x0000000087900000, 0x0000000087900000| Untracked 
| 122|0x0000000087a00000, 0x0000000087a00000, 0x0000000087b00000|  0%| F|  |TAMS 0x0000000087a00000, 0x0000000087a00000| Untracked 
| 123|0x0000000087b00000, 0x0000000087b00000, 0x0000000087c00000|  0%| F|  |TAMS 0x0000000087b00000, 0x0000000087b00000| Untracked 
| 124|0x0000000087c00000, 0x0000000087c00000, 0x0000000087d00000|  0%| F|  |TAMS 0x0000000087c00000, 0x0000000087c00000| Untracked 
| 125|0x0000000087d00000, 0x0000000087dbb220, 0x0000000087e00000| 73%| S|CS|TAMS 0x0000000087d00000, 0x0000000087d00000| Complete 
| 126|0x0000000087e00000, 0x0000000087f00000, 0x0000000087f00000|100%| S|CS|TAMS 0x0000000087e00000, 0x0000000087e00000| Complete 
| 127|0x0000000087f00000, 0x0000000088000000, 0x0000000088000000|100%| S|CS|TAMS 0x0000000087f00000, 0x0000000087f00000| Complete 
| 128|0x0000000088000000, 0x0000000088100000, 0x0000000088100000|100%| S|CS|TAMS 0x0000000088000000, 0x0000000088000000| Complete 
| 129|0x0000000088100000, 0x0000000088200000, 0x0000000088200000|100%| S|CS|TAMS 0x0000000088100000, 0x0000000088100000| Complete 
| 130|0x0000000088200000, 0x0000000088300000, 0x0000000088300000|100%| S|CS|TAMS 0x0000000088200000, 0x0000000088200000| Complete 
| 131|0x0000000088300000, 0x0000000088300000, 0x0000000088400000|  0%| F|  |TAMS 0x0000000088300000, 0x0000000088300000| Untracked 
| 132|0x0000000088400000, 0x0000000088400000, 0x0000000088500000|  0%| F|  |TAMS 0x0000000088400000, 0x0000000088400000| Untracked 
| 133|0x0000000088500000, 0x0000000088500000, 0x0000000088600000|  0%| F|  |TAMS 0x0000000088500000, 0x0000000088500000| Untracked 
| 134|0x0000000088600000, 0x0000000088600000, 0x0000000088700000|  0%| F|  |TAMS 0x0000000088600000, 0x0000000088600000| Untracked 
| 135|0x0000000088700000, 0x0000000088700000, 0x0000000088800000|  0%| F|  |TAMS 0x0000000088700000, 0x0000000088700000| Untracked 
| 136|0x0000000088800000, 0x0000000088800000, 0x0000000088900000|  0%| F|  |TAMS 0x0000000088800000, 0x0000000088800000| Untracked 
| 137|0x0000000088900000, 0x0000000088900000, 0x0000000088a00000|  0%| F|  |TAMS 0x0000000088900000, 0x0000000088900000| Untracked 
| 138|0x0000000088a00000, 0x0000000088a00000, 0x0000000088b00000|  0%| F|  |TAMS 0x0000000088a00000, 0x0000000088a00000| Untracked 
| 139|0x0000000088b00000, 0x0000000088b00000, 0x0000000088c00000|  0%| F|  |TAMS 0x0000000088b00000, 0x0000000088b00000| Untracked 
| 140|0x0000000088c00000, 0x0000000088c00000, 0x0000000088d00000|  0%| F|  |TAMS 0x0000000088c00000, 0x0000000088c00000| Untracked 
| 141|0x0000000088d00000, 0x0000000088d00000, 0x0000000088e00000|  0%| F|  |TAMS 0x0000000088d00000, 0x0000000088d00000| Untracked 
| 142|0x0000000088e00000, 0x0000000088e00000, 0x0000000088f00000|  0%| F|  |TAMS 0x0000000088e00000, 0x0000000088e00000| Untracked 
| 143|0x0000000088f00000, 0x0000000088f00000, 0x0000000089000000|  0%| F|  |TAMS 0x0000000088f00000, 0x0000000088f00000| Untracked 
| 144|0x0000000089000000, 0x0000000089000000, 0x0000000089100000|  0%| F|  |TAMS 0x0000000089000000, 0x0000000089000000| Untracked 
| 145|0x0000000089100000, 0x0000000089100000, 0x0000000089200000|  0%| F|  |TAMS 0x0000000089100000, 0x0000000089100000| Untracked 
| 146|0x0000000089200000, 0x0000000089200000, 0x0000000089300000|  0%| F|  |TAMS 0x0000000089200000, 0x0000000089200000| Untracked 
| 147|0x0000000089300000, 0x0000000089300000, 0x0000000089400000|  0%| F|  |TAMS 0x0000000089300000, 0x0000000089300000| Untracked 
| 148|0x0000000089400000, 0x0000000089400000, 0x0000000089500000|  0%| F|  |TAMS 0x0000000089400000, 0x0000000089400000| Untracked 
| 149|0x0000000089500000, 0x0000000089500000, 0x0000000089600000|  0%| F|  |TAMS 0x0000000089500000, 0x0000000089500000| Untracked 
| 150|0x0000000089600000, 0x0000000089600000, 0x0000000089700000|  0%| F|  |TAMS 0x0000000089600000, 0x0000000089600000| Untracked 
| 151|0x0000000089700000, 0x0000000089700000, 0x0000000089800000|  0%| F|  |TAMS 0x0000000089700000, 0x0000000089700000| Untracked 
| 152|0x0000000089800000, 0x0000000089800000, 0x0000000089900000|  0%| F|  |TAMS 0x0000000089800000, 0x0000000089800000| Untracked 
| 153|0x0000000089900000, 0x0000000089900000, 0x0000000089a00000|  0%| F|  |TAMS 0x0000000089900000, 0x0000000089900000| Untracked 
| 154|0x0000000089a00000, 0x0000000089a00000, 0x0000000089b00000|  0%| F|  |TAMS 0x0000000089a00000, 0x0000000089a00000| Untracked 
| 155|0x0000000089b00000, 0x0000000089b00000, 0x0000000089c00000|  0%| F|  |TAMS 0x0000000089b00000, 0x0000000089b00000| Untracked 
| 156|0x0000000089c00000, 0x0000000089c00000, 0x0000000089d00000|  0%| F|  |TAMS 0x0000000089c00000, 0x0000000089c00000| Untracked 
| 157|0x0000000089d00000, 0x0000000089d00000, 0x0000000089e00000|  0%| F|  |TAMS 0x0000000089d00000, 0x0000000089d00000| Untracked 
| 158|0x0000000089e00000, 0x0000000089e00000, 0x0000000089f00000|  0%| F|  |TAMS 0x0000000089e00000, 0x0000000089e00000| Untracked 
| 159|0x0000000089f00000, 0x0000000089f00000, 0x000000008a000000|  0%| F|  |TAMS 0x0000000089f00000, 0x0000000089f00000| Untracked 
| 160|0x000000008a000000, 0x000000008a000000, 0x000000008a100000|  0%| F|  |TAMS 0x000000008a000000, 0x000000008a000000| Untracked 
| 161|0x000000008a100000, 0x000000008a100000, 0x000000008a200000|  0%| F|  |TAMS 0x000000008a100000, 0x000000008a100000| Untracked 
| 162|0x000000008a200000, 0x000000008a200000, 0x000000008a300000|  0%| F|  |TAMS 0x000000008a200000, 0x000000008a200000| Untracked 
| 163|0x000000008a300000, 0x000000008a300000, 0x000000008a400000|  0%| F|  |TAMS 0x000000008a300000, 0x000000008a300000| Untracked 
| 164|0x000000008a400000, 0x000000008a400000, 0x000000008a500000|  0%| F|  |TAMS 0x000000008a400000, 0x000000008a400000| Untracked 
| 165|0x000000008a500000, 0x000000008a500000, 0x000000008a600000|  0%| F|  |TAMS 0x000000008a500000, 0x000000008a500000| Untracked 
| 166|0x000000008a600000, 0x000000008a600000, 0x000000008a700000|  0%| F|  |TAMS 0x000000008a600000, 0x000000008a600000| Untracked 
| 167|0x000000008a700000, 0x000000008a700000, 0x000000008a800000|  0%| F|  |TAMS 0x000000008a700000, 0x000000008a700000| Untracked 
| 168|0x000000008a800000, 0x000000008a800000, 0x000000008a900000|  0%| F|  |TAMS 0x000000008a800000, 0x000000008a800000| Untracked 
| 169|0x000000008a900000, 0x000000008a900000, 0x000000008aa00000|  0%| F|  |TAMS 0x000000008a900000, 0x000000008a900000| Untracked 
| 170|0x000000008aa00000, 0x000000008aa00000, 0x000000008ab00000|  0%| F|  |TAMS 0x000000008aa00000, 0x000000008aa00000| Untracked 
| 171|0x000000008ab00000, 0x000000008ab00000, 0x000000008ac00000|  0%| F|  |TAMS 0x000000008ab00000, 0x000000008ab00000| Untracked 
| 172|0x000000008ac00000, 0x000000008ac00000, 0x000000008ad00000|  0%| F|  |TAMS 0x000000008ac00000, 0x000000008ac00000| Untracked 
| 173|0x000000008ad00000, 0x000000008ad00000, 0x000000008ae00000|  0%| F|  |TAMS 0x000000008ad00000, 0x000000008ad00000| Untracked 
| 174|0x000000008ae00000, 0x000000008ae00000, 0x000000008af00000|  0%| F|  |TAMS 0x000000008ae00000, 0x000000008ae00000| Untracked 
| 175|0x000000008af00000, 0x000000008af00000, 0x000000008b000000|  0%| F|  |TAMS 0x000000008af00000, 0x000000008af00000| Untracked 
| 176|0x000000008b000000, 0x000000008b000000, 0x000000008b100000|  0%| F|  |TAMS 0x000000008b000000, 0x000000008b000000| Untracked 
| 177|0x000000008b100000, 0x000000008b100000, 0x000000008b200000|  0%| F|  |TAMS 0x000000008b100000, 0x000000008b100000| Untracked 
| 178|0x000000008b200000, 0x000000008b200000, 0x000000008b300000|  0%| F|  |TAMS 0x000000008b200000, 0x000000008b200000| Untracked 
| 179|0x000000008b300000, 0x000000008b300000, 0x000000008b400000|  0%| F|  |TAMS 0x000000008b300000, 0x000000008b300000| Untracked 
| 180|0x000000008b400000, 0x000000008b400000, 0x000000008b500000|  0%| F|  |TAMS 0x000000008b400000, 0x000000008b400000| Untracked 
| 181|0x000000008b500000, 0x000000008b500000, 0x000000008b600000|  0%| F|  |TAMS 0x000000008b500000, 0x000000008b500000| Untracked 
| 182|0x000000008b600000, 0x000000008b600000, 0x000000008b700000|  0%| F|  |TAMS 0x000000008b600000, 0x000000008b600000| Untracked 
| 183|0x000000008b700000, 0x000000008b700000, 0x000000008b800000|  0%| F|  |TAMS 0x000000008b700000, 0x000000008b700000| Untracked 
| 184|0x000000008b800000, 0x000000008b800000, 0x000000008b900000|  0%| F|  |TAMS 0x000000008b800000, 0x000000008b800000| Untracked 
| 185|0x000000008b900000, 0x000000008b900000, 0x000000008ba00000|  0%| F|  |TAMS 0x000000008b900000, 0x000000008b900000| Untracked 
| 186|0x000000008ba00000, 0x000000008ba00000, 0x000000008bb00000|  0%| F|  |TAMS 0x000000008ba00000, 0x000000008ba00000| Untracked 
| 187|0x000000008bb00000, 0x000000008bb00000, 0x000000008bc00000|  0%| F|  |TAMS 0x000000008bb00000, 0x000000008bb00000| Untracked 
| 188|0x000000008bc00000, 0x000000008bc00000, 0x000000008bd00000|  0%| F|  |TAMS 0x000000008bc00000, 0x000000008bc00000| Untracked 
| 189|0x000000008bd00000, 0x000000008bd00000, 0x000000008be00000|  0%| F|  |TAMS 0x000000008bd00000, 0x000000008bd00000| Untracked 
| 190|0x000000008be00000, 0x000000008be00000, 0x000000008bf00000|  0%| F|  |TAMS 0x000000008be00000, 0x000000008be00000| Untracked 
| 191|0x000000008bf00000, 0x000000008bf00000, 0x000000008c000000|  0%| F|  |TAMS 0x000000008bf00000, 0x000000008bf00000| Untracked 
| 192|0x000000008c000000, 0x000000008c000000, 0x000000008c100000|  0%| F|  |TAMS 0x000000008c000000, 0x000000008c000000| Untracked 
| 193|0x000000008c100000, 0x000000008c100000, 0x000000008c200000|  0%| F|  |TAMS 0x000000008c100000, 0x000000008c100000| Untracked 
| 194|0x000000008c200000, 0x000000008c200000, 0x000000008c300000|  0%| F|  |TAMS 0x000000008c200000, 0x000000008c200000| Untracked 
| 195|0x000000008c300000, 0x000000008c300000, 0x000000008c400000|  0%| F|  |TAMS 0x000000008c300000, 0x000000008c300000| Untracked 
| 196|0x000000008c400000, 0x000000008c400000, 0x000000008c500000|  0%| F|  |TAMS 0x000000008c400000, 0x000000008c400000| Untracked 
| 197|0x000000008c500000, 0x000000008c500000, 0x000000008c600000|  0%| F|  |TAMS 0x000000008c500000, 0x000000008c500000| Untracked 
| 198|0x000000008c600000, 0x000000008c600000, 0x000000008c700000|  0%| F|  |TAMS 0x000000008c600000, 0x000000008c600000| Untracked 
| 199|0x000000008c700000, 0x000000008c700000, 0x000000008c800000|  0%| F|  |TAMS 0x000000008c700000, 0x000000008c700000| Untracked 
| 200|0x000000008c800000, 0x000000008c800000, 0x000000008c900000|  0%| F|  |TAMS 0x000000008c800000, 0x000000008c800000| Untracked 
| 201|0x000000008c900000, 0x000000008c900000, 0x000000008ca00000|  0%| F|  |TAMS 0x000000008c900000, 0x000000008c900000| Untracked 
| 202|0x000000008ca00000, 0x000000008ca00000, 0x000000008cb00000|  0%| F|  |TAMS 0x000000008ca00000, 0x000000008ca00000| Untracked 
| 203|0x000000008cb00000, 0x000000008cb00000, 0x000000008cc00000|  0%| F|  |TAMS 0x000000008cb00000, 0x000000008cb00000| Untracked 
| 204|0x000000008cc00000, 0x000000008cc00000, 0x000000008cd00000|  0%| F|  |TAMS 0x000000008cc00000, 0x000000008cc00000| Untracked 
| 205|0x000000008cd00000, 0x000000008cd00000, 0x000000008ce00000|  0%| F|  |TAMS 0x000000008cd00000, 0x000000008cd00000| Untracked 
| 206|0x000000008ce00000, 0x000000008ce00000, 0x000000008cf00000|  0%| F|  |TAMS 0x000000008ce00000, 0x000000008ce00000| Untracked 
| 207|0x000000008cf00000, 0x000000008cf00000, 0x000000008d000000|  0%| F|  |TAMS 0x000000008cf00000, 0x000000008cf00000| Untracked 
| 208|0x000000008d000000, 0x000000008d000000, 0x000000008d100000|  0%| F|  |TAMS 0x000000008d000000, 0x000000008d000000| Untracked 
| 209|0x000000008d100000, 0x000000008d100000, 0x000000008d200000|  0%| F|  |TAMS 0x000000008d100000, 0x000000008d100000| Untracked 
| 210|0x000000008d200000, 0x000000008d200000, 0x000000008d300000|  0%| F|  |TAMS 0x000000008d200000, 0x000000008d200000| Untracked 
| 211|0x000000008d300000, 0x000000008d300000, 0x000000008d400000|  0%| F|  |TAMS 0x000000008d300000, 0x000000008d300000| Untracked 
| 212|0x000000008d400000, 0x000000008d400000, 0x000000008d500000|  0%| F|  |TAMS 0x000000008d400000, 0x000000008d400000| Untracked 
| 213|0x000000008d500000, 0x000000008d500000, 0x000000008d600000|  0%| F|  |TAMS 0x000000008d500000, 0x000000008d500000| Untracked 
| 214|0x000000008d600000, 0x000000008d600000, 0x000000008d700000|  0%| F|  |TAMS 0x000000008d600000, 0x000000008d600000| Untracked 
| 215|0x000000008d700000, 0x000000008d700000, 0x000000008d800000|  0%| F|  |TAMS 0x000000008d700000, 0x000000008d700000| Untracked 
| 216|0x000000008d800000, 0x000000008d800000, 0x000000008d900000|  0%| F|  |TAMS 0x000000008d800000, 0x000000008d800000| Untracked 
| 217|0x000000008d900000, 0x000000008d900000, 0x000000008da00000|  0%| F|  |TAMS 0x000000008d900000, 0x000000008d900000| Untracked 
| 218|0x000000008da00000, 0x000000008da00000, 0x000000008db00000|  0%| F|  |TAMS 0x000000008da00000, 0x000000008da00000| Untracked 
| 219|0x000000008db00000, 0x000000008db00000, 0x000000008dc00000|  0%| F|  |TAMS 0x000000008db00000, 0x000000008db00000| Untracked 
| 220|0x000000008dc00000, 0x000000008dc00000, 0x000000008dd00000|  0%| F|  |TAMS 0x000000008dc00000, 0x000000008dc00000| Untracked 

Card table byte_map: [0x0000012618080000,0x0000012618480000] _byte_map_base: 0x0000012617c80000

Marking Bits (Prev, Next): (CMBitMap*) 0x0000012605099bf0, (CMBitMap*) 0x0000012605099bb8
 Prev Bits: [0x000001261a880000, 0x000001261c880000)
 Next Bits: [0x0000012618880000, 0x000001261a880000)

Polling page: 0x0000012602f90000

Metaspace:

Usage:
  Non-class:     44.38 MB capacity,    43.47 MB ( 98%) used,   792.43 KB (  2%) free+waste,   139.69 KB ( <1%) overhead. 
      Class:      6.88 MB capacity,     6.36 MB ( 93%) used,   459.28 KB (  7%) free+waste,    67.19 KB ( <1%) overhead. 
       Both:     51.26 MB capacity,    49.84 MB ( 97%) used,     1.22 MB (  2%) free+waste,   206.88 KB ( <1%) overhead. 

Virtual space:
  Non-class space:       46.00 MB reserved,      44.58 MB ( 97%) committed 
      Class space:        1.00 GB reserved,       7.00 MB ( <1%) committed 
             Both:        1.04 GB reserved,      51.58 MB (  5%) committed 

Chunk freelists:
   Non-Class:  70.00 KB
       Class:  30.00 KB
        Both:  100.00 KB

MaxMetaspaceSize: 17179869184.00 GB
CompressedClassSpaceSize: 1.00 GB
Initial GC threshold: 20.80 MB
Current GC threshold: 85.55 MB
CDS: off

CodeHeap 'non-profiled nmethods': size=120064Kb used=3443Kb max_used=3443Kb free=116620Kb
 bounds [0x0000012610630000, 0x0000012610990000, 0x0000012617b70000]
CodeHeap 'profiled nmethods': size=120000Kb used=11306Kb max_used=11306Kb free=108693Kb
 bounds [0x0000012609100000, 0x0000012609c10000, 0x0000012610630000]
CodeHeap 'non-nmethods': size=5696Kb used=2354Kb max_used=2391Kb free=3341Kb
 bounds [0x0000012608b70000, 0x0000012608de0000, 0x0000012609100000]
 total_blobs=6046 nmethods=5242 adapters=714
 compilation: enabled
              stopped_count=0, restarted_count=0
 full_count=0

Compilation events (20 events):
Event: 9.473 Thread 0x000001261f0bf000 nmethod 5244 0x0000012610971c90 code [0x0000012610972100, 0x0000012610977888]
Event: 9.473 Thread 0x000001261f0bf000 5285       4       org.objectweb.asm.Handler::putExceptionTable (63 bytes)
Event: 9.479 Thread 0x000001261f0bf000 nmethod 5285 0x000001261097a090 code [0x000001261097a280, 0x000001261097a920]
Event: 9.479 Thread 0x000001261f0bf000 5270       4       org.objectweb.asm.MethodWriter::putMethodInfo (1274 bytes)
Event: 9.551 Thread 0x000001261f0c8000 5335       2       org.objectweb.asm.FieldWriter::visitTypeAnnotation (45 bytes)
Event: 9.552 Thread 0x000001261f0c8000 nmethod 5335 0x0000012609c08710 code [0x0000012609c088e0, 0x0000012609c08af8]
Event: 9.587 Thread 0x000001261f0c8000 5336   !   2       java.util.stream.ReferencePipeline$7$1::accept (127 bytes)
Event: 9.587 Thread 0x000001261f0c8000 nmethod 5336 0x0000012609c08c10 code [0x0000012609c08e60, 0x0000012609c09378]
Event: 9.587 Thread 0x000001261f0c8000 5337       2       java.util.stream.AbstractPipeline::sequential (10 bytes)
Event: 9.587 Thread 0x000001261f0c8000 nmethod 5337 0x0000012609c09690 code [0x0000012609c09840, 0x0000012609c09938]
Event: 9.587 Thread 0x000001261f0c8000 5338       2       java.util.stream.AbstractPipeline::close (48 bytes)
Event: 9.587 Thread 0x000001261f0c8000 nmethod 5338 0x0000012609c09a10 code [0x0000012609c09bc0, 0x0000012609c09d88]
Event: 9.589 Thread 0x000001261f0c8000 5339       2       org.objectweb.asm.ClassWriter::visitNestMember (48 bytes)
Event: 9.589 Thread 0x000001261f0c8000 nmethod 5339 0x0000012609c09e90 code [0x0000012609c0a060, 0x0000012609c0a398]
Event: 9.591 Thread 0x000001261f0c8000 5340       2       org.objectweb.asm.ClassWriter::visitNestHost (16 bytes)
Event: 9.591 Thread 0x000001261f0c8000 nmethod 5340 0x0000012609c0a510 code [0x0000012609c0a6c0, 0x0000012609c0a808]
Event: 9.815 Thread 0x000001261f0bf000 nmethod 5270 0x000001261097ae90 code [0x000001261097b6e0, 0x00000126109859e8]
Event: 9.815 Thread 0x000001261f0bf000 5342       4       org.objectweb.asm.SymbolTable::addConstantUtf8Reference (101 bytes)
Event: 9.841 Thread 0x000001261f0bf000 nmethod 5342 0x000001261098b310 code [0x000001261098b500, 0x000001261098c558]
Event: 9.841 Thread 0x000001261f0bf000 5334       4       org.objectweb.asm.ClassWriter::toByteArray (1535 bytes)

GC Heap History (20 events):
Event: 8.581 GC heap after
{Heap after GC invocations=36 (full 0):
 garbage-first heap   total 151552K, used 76823K [0x0000000080000000, 0x0000000100000000)
  region size 1024K, 2 young (2048K), 2 survivors (2048K)
 Metaspace       used 51024K, capacity 52364K, committed 52560K, reserved 1095680K
  class space    used 6515K, capacity 7042K, committed 7168K, reserved 1048576K
}
Event: 8.648 GC heap before
{Heap before GC invocations=37 (full 0):
 garbage-first heap   total 151552K, used 115735K [0x0000000080000000, 0x0000000100000000)
  region size 1024K, 40 young (40960K), 2 survivors (2048K)
 Metaspace       used 51024K, capacity 52364K, committed 52560K, reserved 1095680K
  class space    used 6515K, capacity 7042K, committed 7168K, reserved 1048576K
}
Event: 8.650 GC heap after
{Heap after GC invocations=38 (full 0):
 garbage-first heap   total 151552K, used 77133K [0x0000000080000000, 0x0000000100000000)
  region size 1024K, 2 young (2048K), 2 survivors (2048K)
 Metaspace       used 51024K, capacity 52364K, committed 52560K, reserved 1095680K
  class space    used 6515K, capacity 7042K, committed 7168K, reserved 1048576K
}
Event: 8.713 GC heap before
{Heap before GC invocations=38 (full 0):
 garbage-first heap   total 151552K, used 118093K [0x0000000080000000, 0x0000000100000000)
  region size 1024K, 42 young (43008K), 2 survivors (2048K)
 Metaspace       used 51025K, capacity 52364K, committed 52560K, reserved 1095680K
  class space    used 6515K, capacity 7042K, committed 7168K, reserved 1048576K
}
Event: 8.716 GC heap after
{Heap after GC invocations=39 (full 0):
 garbage-first heap   total 182272K, used 77627K [0x0000000080000000, 0x0000000100000000)
  region size 1024K, 3 young (3072K), 3 survivors (3072K)
 Metaspace       used 51025K, capacity 52364K, committed 52560K, reserved 1095680K
  class space    used 6515K, capacity 7042K, committed 7168K, reserved 1048576K
}
Event: 8.833 GC heap before
{Heap before GC invocations=40 (full 0):
 garbage-first heap   total 182272K, used 130875K [0x0000000080000000, 0x0000000100000000)
  region size 1024K, 55 young (56320K), 3 survivors (3072K)
 Metaspace       used 51026K, capacity 52428K, committed 52816K, reserved 1095680K
  class space    used 6515K, capacity 7042K, committed 7168K, reserved 1048576K
}
Event: 8.835 GC heap after
{Heap after GC invocations=41 (full 0):
 garbage-first heap   total 182272K, used 77935K [0x0000000080000000, 0x0000000100000000)
  region size 1024K, 3 young (3072K), 3 survivors (3072K)
 Metaspace       used 51026K, capacity 52428K, committed 52816K, reserved 1095680K
  class space    used 6515K, capacity 7042K, committed 7168K, reserved 1048576K
}
Event: 8.938 GC heap before
{Heap before GC invocations=41 (full 0):
 garbage-first heap   total 182272K, used 134255K [0x0000000080000000, 0x0000000100000000)
  region size 1024K, 58 young (59392K), 3 survivors (3072K)
 Metaspace       used 51027K, capacity 52428K, committed 52816K, reserved 1095680K
  class space    used 6515K, capacity 7042K, committed 7168K, reserved 1048576K
}
Event: 8.940 GC heap after
{Heap after GC invocations=42 (full 0):
 garbage-first heap   total 182272K, used 78481K [0x0000000080000000, 0x0000000100000000)
  region size 1024K, 4 young (4096K), 4 survivors (4096K)
 Metaspace       used 51027K, capacity 52428K, committed 52816K, reserved 1095680K
  class space    used 6515K, capacity 7042K, committed 7168K, reserved 1048576K
}
Event: 9.036 GC heap before
{Heap before GC invocations=42 (full 0):
 garbage-first heap   total 182272K, used 136849K [0x0000000080000000, 0x0000000100000000)
  region size 1024K, 61 young (62464K), 4 survivors (4096K)
 Metaspace       used 51027K, capacity 52428K, committed 52816K, reserved 1095680K
  class space    used 6515K, capacity 7042K, committed 7168K, reserved 1048576K
}
Event: 9.038 GC heap after
{Heap after GC invocations=43 (full 0):
 garbage-first heap   total 182272K, used 78988K [0x0000000080000000, 0x0000000100000000)
  region size 1024K, 4 young (4096K), 4 survivors (4096K)
 Metaspace       used 51027K, capacity 52428K, committed 52816K, reserved 1095680K
  class space    used 6515K, capacity 7042K, committed 7168K, reserved 1048576K
}
Event: 9.163 GC heap before
{Heap before GC invocations=43 (full 0):
 garbage-first heap   total 182272K, used 142476K [0x0000000080000000, 0x0000000100000000)
  region size 1024K, 64 young (65536K), 4 survivors (4096K)
 Metaspace       used 51028K, capacity 52428K, committed 52816K, reserved 1095680K
  class space    used 6515K, capacity 7042K, committed 7168K, reserved 1048576K
}
Event: 9.166 GC heap after
{Heap after GC invocations=44 (full 0):
 garbage-first heap   total 226304K, used 80332K [0x0000000080000000, 0x0000000100000000)
  region size 1024K, 5 young (5120K), 5 survivors (5120K)
 Metaspace       used 51028K, capacity 52428K, committed 52816K, reserved 1095680K
  class space    used 6515K, capacity 7042K, committed 7168K, reserved 1048576K
}
Event: 9.369 GC heap before
{Heap before GC invocations=44 (full 0):
 garbage-first heap   total 226304K, used 162252K [0x0000000080000000, 0x0000000100000000)
  region size 1024K, 85 young (87040K), 5 survivors (5120K)
 Metaspace       used 51029K, capacity 52428K, committed 52816K, reserved 1095680K
  class space    used 6515K, capacity 7042K, committed 7168K, reserved 1048576K
}
Event: 9.377 GC heap after
{Heap after GC invocations=45 (full 0):
 garbage-first heap   total 226304K, used 86074K [0x0000000080000000, 0x0000000100000000)
  region size 1024K, 11 young (11264K), 11 survivors (11264K)
 Metaspace       used 51029K, capacity 52428K, committed 52816K, reserved 1095680K
  class space    used 6515K, capacity 7042K, committed 7168K, reserved 1048576K
}
Event: 9.566 GC heap before
{Heap before GC invocations=45 (full 0):
 garbage-first heap   total 226304K, used 169018K [0x0000000080000000, 0x0000000100000000)
  region size 1024K, 92 young (94208K), 11 survivors (11264K)
 Metaspace       used 51030K, capacity 52428K, committed 52816K, reserved 1095680K
  class space    used 6515K, capacity 7042K, committed 7168K, reserved 1048576K
}
Event: 9.575 GC heap after
{Heap after GC invocations=46 (full 0):
 garbage-first heap   total 226304K, used 90245K [0x0000000080000000, 0x0000000100000000)
  region size 1024K, 10 young (10240K), 10 survivors (10240K)
 Metaspace       used 51030K, capacity 52428K, committed 52816K, reserved 1095680K
  class space    used 6515K, capacity 7042K, committed 7168K, reserved 1048576K
}
Event: 9.725 GC heap before
{Heap before GC invocations=46 (full 0):
 garbage-first heap   total 226304K, used 173189K [0x0000000080000000, 0x0000000100000000)
  region size 1024K, 91 young (93184K), 10 survivors (10240K)
 Metaspace       used 51033K, capacity 52492K, committed 52816K, reserved 1095680K
  class space    used 6515K, capacity 7042K, committed 7168K, reserved 1048576K
}
Event: 9.730 GC heap after
{Heap after GC invocations=47 (full 0):
 garbage-first heap   total 226304K, used 91445K [0x0000000080000000, 0x0000000100000000)
  region size 1024K, 6 young (6144K), 6 survivors (6144K)
 Metaspace       used 51033K, capacity 52492K, committed 52816K, reserved 1095680K
  class space    used 6515K, capacity 7042K, committed 7168K, reserved 1048576K
}
Event: 9.865 GC heap before
{Heap before GC invocations=47 (full 0):
 garbage-first heap   total 226304K, used 177461K [0x0000000080000000, 0x0000000100000000)
  region size 1024K, 90 young (92160K), 6 survivors (6144K)
 Metaspace       used 51033K, capacity 52492K, committed 52816K, reserved 1095680K
  class space    used 6515K, capacity 7042K, committed 7168K, reserved 1048576K
}

Deoptimization events (20 events):
Event: 9.785 Thread 0x000001262336a800 DEOPT PACKING pc=0x0000012609ac30ba sp=0x00000025500fe350
Event: 9.785 Thread 0x000001262336a800 DEOPT UNPACKING pc=0x0000012608bba95e sp=0x00000025500fd9d0 mode 0
Event: 9.796 Thread 0x000001262336a800 DEOPT PACKING pc=0x0000012609ac30ba sp=0x00000025500fe350
Event: 9.796 Thread 0x000001262336a800 DEOPT UNPACKING pc=0x0000012608bba95e sp=0x00000025500fd9d0 mode 0
Event: 9.806 Thread 0x000001262336a800 DEOPT PACKING pc=0x0000012609ac30ba sp=0x00000025500fe350
Event: 9.806 Thread 0x000001262336a800 DEOPT UNPACKING pc=0x0000012608bba95e sp=0x00000025500fd9d0 mode 0
Event: 9.807 Thread 0x000001262336a800 DEOPT PACKING pc=0x0000012609ac30ba sp=0x00000025500fe350
Event: 9.807 Thread 0x000001262336a800 DEOPT UNPACKING pc=0x0000012608bba95e sp=0x00000025500fd9d0 mode 0
Event: 9.811 Thread 0x0000012623369800 DEOPT PACKING pc=0x0000012609ac30ba sp=0x00000025502fdc70
Event: 9.811 Thread 0x0000012623369800 DEOPT UNPACKING pc=0x0000012608bba95e sp=0x00000025502fd2f0 mode 0
Event: 9.822 Thread 0x0000012623369800 DEOPT PACKING pc=0x0000012609ac30ba sp=0x00000025502fdc70
Event: 9.822 Thread 0x0000012623369800 DEOPT UNPACKING pc=0x0000012608bba95e sp=0x00000025502fd2f0 mode 0
Event: 9.827 Thread 0x000001262336a800 DEOPT PACKING pc=0x0000012609ac30ba sp=0x00000025500fe350
Event: 9.827 Thread 0x000001262336a800 DEOPT UNPACKING pc=0x0000012608bba95e sp=0x00000025500fd9d0 mode 0
Event: 9.833 Thread 0x000001262336a800 DEOPT PACKING pc=0x0000012609ac30ba sp=0x00000025500fe350
Event: 9.833 Thread 0x000001262336a800 DEOPT UNPACKING pc=0x0000012608bba95e sp=0x00000025500fd9d0 mode 0
Event: 9.850 Thread 0x0000012623369800 DEOPT PACKING pc=0x0000012609ac30ba sp=0x00000025502fdc70
Event: 9.850 Thread 0x0000012623369800 DEOPT UNPACKING pc=0x0000012608bba95e sp=0x00000025502fd2f0 mode 0
Event: 9.852 Thread 0x0000012623369800 DEOPT PACKING pc=0x0000012609ac30ba sp=0x00000025502fdc70
Event: 9.852 Thread 0x0000012623369800 DEOPT UNPACKING pc=0x0000012608bba95e sp=0x00000025502fd2f0 mode 0

Classes redefined (0 events):
No events

Internal exceptions (20 events):
Event: 7.471 Thread 0x000001262132b000 Exception <a 'java/lang/ClassNotFoundException'{0x0000000085d7fcd8}: org/apache/groovy/parser/antlr4/util/StringUtils$3BeanInfo> (0x0000000085d7fcd8) thrown at [src/hotspot/share/classfile/systemDictionary.cpp, line 230]
Event: 7.473 Thread 0x000001262132b000 Exception <a 'java/lang/ClassNotFoundException'{0x0000000085cbdfe0}: org/apache/groovy/parser/antlr4/util/StringUtils$3Customizer> (0x0000000085cbdfe0) thrown at [src/hotspot/share/classfile/systemDictionary.cpp, line 230]
Event: 7.510 Thread 0x000001262336b000 Exception <a 'sun/nio/fs/WindowsException'{0x0000000085a048c0}> (0x0000000085a048c0) thrown at [src/hotspot/share/prims/jni.cpp, line 617]
Event: 7.514 Thread 0x000001262336b000 Exception <a 'sun/nio/fs/WindowsException'{0x0000000085a3f0e0}> (0x0000000085a3f0e0) thrown at [src/hotspot/share/prims/jni.cpp, line 617]
Event: 7.514 Thread 0x000001262336b000 Exception <a 'sun/nio/fs/WindowsException'{0x0000000085a3f248}> (0x0000000085a3f248) thrown at [src/hotspot/share/prims/jni.cpp, line 617]
Event: 7.545 Thread 0x000001262132b000 Exception <a 'java/lang/ClassNotFoundException'{0x0000000085abf450}: sync_studio_tooling6_e2s7uhb4lvxe9xm4fmnjvs7fpBeanInfo> (0x0000000085abf450) thrown at [src/hotspot/share/classfile/systemDictionary.cpp, line 230]
Event: 7.545 Thread 0x000001262132b000 Exception <a 'java/lang/ClassNotFoundException'{0x0000000085acc800}: sync_studio_tooling6_e2s7uhb4lvxe9xm4fmnjvs7fpCustomizer> (0x0000000085acc800) thrown at [src/hotspot/share/classfile/systemDictionary.cpp, line 230]
Event: 7.549 Thread 0x000001262132b000 Exception <a 'java/lang/ClassNotFoundException'{0x000000008594a380}: org/gradle/internal/metaobject/ConfigureDelegateBeanInfo> (0x000000008594a380) thrown at [src/hotspot/share/classfile/systemDictionary.cpp, line 230]
Event: 7.550 Thread 0x000001262132b000 Exception <a 'java/lang/ClassNotFoundException'{0x0000000085972a78}: org/gradle/internal/metaobject/ConfigureDelegateCustomizer> (0x0000000085972a78) thrown at [src/hotspot/share/classfile/systemDictionary.cpp, line 230]
Event: 7.554 Thread 0x000001262132b000 Exception <a 'java/lang/ClassNotFoundException'{0x00000000859efac8}: org/gradle/api/internal/initialization/DefaultScriptHandlerBeanInfo> (0x00000000859efac8) thrown at [src/hotspot/share/classfile/systemDictionary.cpp, line 230]
Event: 7.558 Thread 0x000001262132b000 Exception <a 'java/lang/ClassNotFoundException'{0x000000008751d170}: org/gradle/api/internal/initialization/DefaultScriptHandlerCustomizer> (0x000000008751d170) thrown at [src/hotspot/share/classfile/systemDictionary.cpp, line 230]
Event: 7.638 Thread 0x000001262132b000 Implicit null exception at 0x00000126107bc3ef to 0x00000126107bc498
Event: 7.643 Thread 0x000001262132b000 Exception <a 'java/lang/ClassNotFoundException'{0x0000000086cd8340}: org/gradle/api/internal/artifacts/dsl/dependencies/DefaultDependencyHandler_DecoratedBeanInfo> (0x0000000086cd8340) thrown at [src/hotspot/share/classfile/systemDictionary.cpp, line 230]
Event: 7.643 Thread 0x000001262132b000 Exception <a 'java/lang/ClassNotFoundException'{0x0000000086b1a9d8}: org/gradle/api/internal/artifacts/dsl/dependencies/DefaultDependencyHandlerBeanInfo> (0x0000000086b1a9d8) thrown at [src/hotspot/share/classfile/systemDictionary.cpp, line 230]
Event: 7.644 Thread 0x000001262132b000 Exception <a 'java/lang/ClassNotFoundException'{0x0000000086b5c2e0}: org/gradle/api/internal/artifacts/dsl/dependencies/DefaultDependencyHandlerCustomizer> (0x0000000086b5c2e0) thrown at [src/hotspot/share/classfile/systemDictionary.cpp, line 230]
Event: 7.646 Thread 0x000001262132b000 Exception <a 'java/lang/ClassNotFoundException'{0x0000000086bc76a0}: org/gradle/api/internal/artifacts/dsl/dependencies/DefaultDependencyHandler_DecoratedCustomizer> (0x0000000086bc76a0) thrown at [src/hotspot/share/classfile/systemDictionary.cpp, line 230]
Event: 7.674 Thread 0x000001262132b000 Exception <a 'java/lang/NoSuchMethodError'{0x0000000086705e18}: 'java.lang.Object java.lang.invoke.DirectMethodHandle$Holder.invokeStatic(java.lang.Object, int, java.lang.Object)'> (0x0000000086705e18) thrown at [src/hotspot/share/interpreter/linkResolver.cpp, line 773]
Event: 7.867 Thread 0x000001262132b000 Exception <a 'java/lang/NoSuchMethodError'{0x000000008713d770}: 'int java.lang.invoke.DirectMethodHandle$Holder.invokeStaticInit(java.lang.Object)'> (0x000000008713d770) thrown at [src/hotspot/share/interpreter/linkResolver.cpp, line 773]
Event: 7.918 Thread 0x000001262336a800 Exception <a 'sun/nio/fs/WindowsException'{0x0000000086d77240}> (0x0000000086d77240) thrown at [src/hotspot/share/prims/jni.cpp, line 617]
Event: 7.928 Thread 0x0000012623369800 Exception <a 'sun/nio/fs/WindowsException'{0x0000000087060968}> (0x0000000087060968) thrown at [src/hotspot/share/prims/jni.cpp, line 617]

Events (20 events):
Event: 8.742 Executing VM operation: CGC_Operation done
Event: 8.754 Executing VM operation: CGC_Operation
Event: 8.754 Executing VM operation: CGC_Operation done
Event: 8.833 Executing VM operation: G1CollectForAllocation
Event: 8.836 Executing VM operation: G1CollectForAllocation done
Event: 8.938 Executing VM operation: G1CollectForAllocation
Event: 8.940 Executing VM operation: G1CollectForAllocation done
Event: 9.036 Executing VM operation: G1CollectForAllocation
Event: 9.036 Executing VM operation: G1CollectForAllocation done
Event: 9.036 Executing VM operation: G1CollectForAllocation
Event: 9.038 Executing VM operation: G1CollectForAllocation done
Event: 9.162 Executing VM operation: G1CollectForAllocation
Event: 9.166 Executing VM operation: G1CollectForAllocation done
Event: 9.369 Executing VM operation: G1CollectForAllocation
Event: 9.377 Executing VM operation: G1CollectForAllocation done
Event: 9.566 Executing VM operation: G1CollectForAllocation
Event: 9.575 Executing VM operation: G1CollectForAllocation done
Event: 9.725 Executing VM operation: G1CollectForAllocation
Event: 9.731 Executing VM operation: G1CollectForAllocation done
Event: 9.865 Executing VM operation: G1CollectForAllocation


Dynamic libraries:
0x00007ff733910000 - 0x00007ff73391a000 	D:\FongAndroid\jbr\bin\java.exe
0x00007ffdb0f30000 - 0x00007ffdb1147000 	C:\WINDOWS\SYSTEM32\ntdll.dll
0x00007ffdb03d0000 - 0x00007ffdb0494000 	C:\WINDOWS\System32\KERNEL32.DLL
0x00007ffdae5f0000 - 0x00007ffdae996000 	C:\WINDOWS\System32\KERNELBASE.dll
0x00007ffdae4d0000 - 0x00007ffdae5e1000 	C:\WINDOWS\System32\ucrtbase.dll
0x00007ffd965c0000 - 0x00007ffd965d7000 	D:\FongAndroid\jbr\bin\jli.dll
0x00007ffd92460000 - 0x00007ffd9247b000 	D:\FongAndroid\jbr\bin\VCRUNTIME140.dll
0x00007ffdb0d30000 - 0x00007ffdb0ede000 	C:\WINDOWS\System32\USER32.dll
0x00007ffdae9a0000 - 0x00007ffdae9c6000 	C:\WINDOWS\System32\win32u.dll
0x00007ffdb0b50000 - 0x00007ffdb0b79000 	C:\WINDOWS\System32\GDI32.dll
0x00007ffdae270000 - 0x00007ffdae388000 	C:\WINDOWS\System32\gdi32full.dll
0x00007ffd96a10000 - 0x00007ffd96ca3000 	C:\WINDOWS\WinSxS\amd64_microsoft.windows.common-controls_6595b64144ccf1df_6.0.22621.2506_none_270c5ae97388e100\COMCTL32.dll
0x00007ffdae430000 - 0x00007ffdae4ca000 	C:\WINDOWS\System32\msvcp_win.dll
0x00007ffdafba0000 - 0x00007ffdafc47000 	C:\WINDOWS\System32\msvcrt.dll
0x00007ffdafe00000 - 0x00007ffdafe31000 	C:\WINDOWS\System32\IMM32.DLL
0x00007ffd759b0000 - 0x00007ffd75a3d000 	D:\FongAndroid\jbr\bin\msvcp140.dll
0x00007ffd872d0000 - 0x00007ffd872dc000 	C:\WINDOWS\SYSTEM32\VCRUNTIME140_1.dll
0x00007ffd6dfc0000 - 0x00007ffd6eb7c000 	D:\FongAndroid\jbr\bin\server\jvm.dll
0x00007ffdaf700000 - 0x00007ffdaf7b3000 	C:\WINDOWS\System32\ADVAPI32.dll
0x00007ffdb04b0000 - 0x00007ffdb0558000 	C:\WINDOWS\System32\sechost.dll
0x00007ffdae390000 - 0x00007ffdae3b8000 	C:\WINDOWS\System32\bcrypt.dll
0x00007ffdaec80000 - 0x00007ffdaed97000 	C:\WINDOWS\System32\RPCRT4.dll
0x00007ffdb0c90000 - 0x00007ffdb0c98000 	C:\WINDOWS\System32\PSAPI.DLL
0x00007ffd9ea70000 - 0x00007ffd9ea79000 	C:\WINDOWS\SYSTEM32\WSOCK32.dll
0x00007ffda74b0000 - 0x00007ffda74ba000 	C:\WINDOWS\SYSTEM32\VERSION.dll
0x00007ffda7030000 - 0x00007ffda7064000 	C:\WINDOWS\SYSTEM32\WINMM.dll
0x00007ffdafed0000 - 0x00007ffdaff41000 	C:\WINDOWS\System32\WS2_32.dll
0x00007ffdad2a0000 - 0x00007ffdad2b8000 	C:\WINDOWS\SYSTEM32\kernel.appcore.dll
0x00007ffd9ea60000 - 0x00007ffd9ea70000 	D:\FongAndroid\jbr\bin\verify.dll
0x00007ffdabcc0000 - 0x00007ffdabef3000 	C:\WINDOWS\SYSTEM32\DBGHELP.DLL
0x00007ffdaf810000 - 0x00007ffdafb99000 	C:\WINDOWS\System32\combase.dll
0x00007ffdaf620000 - 0x00007ffdaf6f7000 	C:\WINDOWS\System32\OLEAUT32.dll
0x00007ffd87df0000 - 0x00007ffd87e22000 	C:\WINDOWS\SYSTEM32\dbgcore.DLL
0x00007ffdaec00000 - 0x00007ffdaec7a000 	C:\WINDOWS\System32\bcryptPrimitives.dll
0x00007ffd92310000 - 0x00007ffd92338000 	D:\FongAndroid\jbr\bin\java.dll
0x00007ffd96620000 - 0x00007ffd9662a000 	D:\FongAndroid\jbr\bin\jimage.dll
0x00007ffd922f0000 - 0x00007ffd92308000 	D:\FongAndroid\jbr\bin\zip.dll
0x00007ffdaeda0000 - 0x00007ffdaf5fa000 	C:\WINDOWS\System32\SHELL32.dll
0x00007ffdac1c0000 - 0x00007ffdacab6000 	C:\WINDOWS\SYSTEM32\windows.storage.dll
0x00007ffdac080000 - 0x00007ffdac1be000 	C:\WINDOWS\SYSTEM32\wintypes.dll
0x00007ffdb0b90000 - 0x00007ffdb0c83000 	C:\WINDOWS\System32\SHCORE.dll
0x00007ffdb07a0000 - 0x00007ffdb07fe000 	C:\WINDOWS\System32\shlwapi.dll
0x00007ffdae1a0000 - 0x00007ffdae1c6000 	C:\WINDOWS\SYSTEM32\profapi.dll
0x00007ffd91df0000 - 0x00007ffd91e09000 	D:\FongAndroid\jbr\bin\net.dll
0x00007ffda6e70000 - 0x00007ffda6fa7000 	C:\WINDOWS\SYSTEM32\WINHTTP.dll
0x00007ffdad720000 - 0x00007ffdad789000 	C:\WINDOWS\system32\mswsock.dll
0x00007ffd91dd0000 - 0x00007ffd91de3000 	D:\FongAndroid\jbr\bin\nio.dll
0x00007ffd92560000 - 0x00007ffd92587000 	C:\Users\HI\.gradle\native\68d5fa5c4cc2d200863cafc0d521ce42e7d3e7ee720ec0a83991735586a16f82\windows-amd64\native-platform.dll
0x00007ffd70390000 - 0x00007ffd704d4000 	C:\Users\HI\.gradle\native\e376f236ea51e6404a007f0833ffe2c6e607c4080706a723a18a27aeea778392\windows-amd64\native-platform-file-events.dll
0x00007ffd954f0000 - 0x00007ffd954fa000 	D:\FongAndroid\jbr\bin\management.dll
0x00007ffd951d0000 - 0x00007ffd951db000 	D:\FongAndroid\jbr\bin\management_ext.dll
0x00007ffdad980000 - 0x00007ffdad99b000 	C:\WINDOWS\SYSTEM32\CRYPTSP.dll
0x00007ffdad200000 - 0x00007ffdad235000 	C:\WINDOWS\system32\rsaenh.dll
0x00007ffdad810000 - 0x00007ffdad83c000 	C:\WINDOWS\SYSTEM32\USERENV.dll
0x00007ffdad970000 - 0x00007ffdad97c000 	C:\WINDOWS\SYSTEM32\CRYPTBASE.dll
0x00007ffdacd20000 - 0x00007ffdacd4d000 	C:\WINDOWS\SYSTEM32\IPHLPAPI.DLL
0x00007ffdb04a0000 - 0x00007ffdb04a9000 	C:\WINDOWS\System32\NSI.dll
0x00007ffda65e0000 - 0x00007ffda65f9000 	C:\WINDOWS\SYSTEM32\dhcpcsvc6.DLL
0x00007ffda6500000 - 0x00007ffda651f000 	C:\WINDOWS\SYSTEM32\dhcpcsvc.DLL
0x00007ffdacd90000 - 0x00007ffdace89000 	C:\WINDOWS\SYSTEM32\DNSAPI.dll

dbghelp: loaded successfully - version: 4.0.5 - missing functions: none
symbol engine: initialized successfully - sym options: 0x614 - pdb path: .;D:\FongAndroid\jbr\bin;C:\WINDOWS\SYSTEM32;C:\WINDOWS\WinSxS\amd64_microsoft.windows.common-controls_6595b64144ccf1df_6.0.22621.2506_none_270c5ae97388e100;D:\FongAndroid\jbr\bin\server;C:\Users\HI\.gradle\native\68d5fa5c4cc2d200863cafc0d521ce42e7d3e7ee720ec0a83991735586a16f82\windows-amd64;C:\Users\HI\.gradle\native\e376f236ea51e6404a007f0833ffe2c6e607c4080706a723a18a27aeea778392\windows-amd64

VM Arguments:
jvm_args: --add-opens=java.base/java.util=ALL-UNNAMED --add-opens=java.base/java.lang=ALL-UNNAMED --add-opens=java.base/java.lang.invoke=ALL-UNNAMED --add-opens=java.prefs/java.util.prefs=ALL-UNNAMED --add-opens=java.base/java.nio.charset=ALL-UNNAMED --add-opens=java.base/java.net=ALL-UNNAMED --add-opens=java.base/java.util.concurrent.atomic=ALL-UNNAMED -Xmx2048m -Dfile.encoding=UTF-8 -Duser.country=US -Duser.language=en -Duser.variant 
java_command: org.gradle.launcher.daemon.bootstrap.GradleDaemon 8.0
java_class_path (initial): C:\Users\HI\.gradle\wrapper\dists\gradle-8.0-bin\ca5e32bp14vu59qr306oxotwh\gradle-8.0\lib\gradle-launcher-8.0.jar
Launcher Type: SUN_STANDARD

[Global flags]
     intx CICompilerCount                          = 3                                         {product} {ergonomic}
     uint ConcGCThreads                            = 2                                         {product} {ergonomic}
     uint G1ConcRefinementThreads                  = 6                                         {product} {ergonomic}
   size_t G1HeapRegionSize                         = 1048576                                   {product} {ergonomic}
    uintx GCDrainStackTargetSize                   = 64                                        {product} {ergonomic}
   size_t InitialHeapSize                          = 123731968                                 {product} {ergonomic}
   size_t MarkStackSize                            = 4194304                                   {product} {ergonomic}
   size_t MaxHeapSize                              = 2147483648                                {product} {command line}
   size_t MaxNewSize                               = 1287651328                                {product} {ergonomic}
   size_t MinHeapDeltaBytes                        = 1048576                                   {product} {ergonomic}
    uintx NonNMethodCodeHeapSize                   = 5830732                                {pd product} {ergonomic}
    uintx NonProfiledCodeHeapSize                  = 122913754                              {pd product} {ergonomic}
    uintx ProfiledCodeHeapSize                     = 122913754                              {pd product} {ergonomic}
    uintx ReservedCodeCacheSize                    = 251658240                              {pd product} {ergonomic}
     bool SegmentedCodeCache                       = true                                      {product} {ergonomic}
     bool UseCompressedClassPointers               = true                                 {lp64_product} {ergonomic}
     bool UseCompressedOops                        = true                                 {lp64_product} {ergonomic}
     bool UseG1GC                                  = true                                      {product} {ergonomic}
     bool UseLargePagesIndividualAllocation        = false                                  {pd product} {ergonomic}

Logging:
Log output configuration:
 #0: stdout all=warning uptime,level,tags
 #1: stderr all=off uptime,level,tags

Environment Variables:
JAVA_HOME=C:\Java\
PATH=C:\Program Files\Common Files\Oracle\Java\javapath;C:\Program Files (x86)\VMware\VMware Workstation\bin\;C:\Java\bin;C:\WINDOWS\system32;C:\WINDOWS;C:\WINDOWS\System32\Wbem;C:\WINDOWS\System32\WindowsPowerShell\v1.0\;C:\WINDOWS\System32\OpenSSH\;C:\MinGW\bin\;C:\TDM-GCC-64\bin;C:\Program Files\Microsoft SQL Server\Client SDK\ODBC\170\Tools\Binn\;C:\Program Files (x86)\Microsoft SQL Server\150\Tools\Binn\;C:\Program Files\Microsoft SQL Server\150\Tools\Binn\;C:\Program Files\Microsoft SQL Server\150\DTS\Binn\;C:\Program Files (x86)\Microsoft SQL Server\160\DTS\Binn\;C:\Program Files (x86)\Microsoft SQL Server\160\Tools\Binn\;C:\Program Files\Microsoft SQL Server\160\Tools\Binn\;C:\Program Files\Microsoft SQL Server\160\DTS\Binn\;D:\;C:\dart-sdk;C:\Program Files\dotnet\;C:\Program Files\Git\cmd;C:\Program Files\MySQL\MySQL Shell 8.0\bin\;D:\Scripts\;D:\;D:\python\Scripts\;D:\python\;C:\Users\HI\AppData\Local\Microsoft\WindowsApps;C:\Users\HI\AppData\Local\Programs\Microsoft VS Code\bin;C:\TDM-GCC-64\bin;D:\php\php;C:\Program Files\JetBrains\PyCharm Community Edition 2021.2.3\bin;;;C:\Program Files\Azure Data Studio\bin;C:\Users\HI\AppData\Roaming\npm;C:\Users\HI\.dotnet\tools;C:\Program Files\JetBrains\IntelliJ IDEA 2023.2.2\bin;;C:\Program Files\JetBrains\IntelliJ IDEA Educational Edition 2022.2.2\bin;;C:\Program Files\JetBrains\IntelliJ IDEA Community Edition 2023.2.2\bin;
USERNAME=HI
OS=Windows_NT
PROCESSOR_IDENTIFIER=AMD64 Family 23 Model 96 Stepping 1, AuthenticAMD



---------------  S Y S T E M  ---------------

OS: Windows 11 , 64 bit Build 22621 (10.0.22621.2506)
OS uptime: 0 days 7:39 hours

CPU:total 6 (initial active 6) (6 cores per cpu, 1 threads per core) family 23 model 96 stepping 1 microcode 0x0, cmov, cx8, fxsr, mmx, sse, sse2, sse3, ssse3, sse4.1, sse4.2, popcnt, avx, avx2, aes, clmul, mmxext, 3dnowpref, lzcnt, sse4a, tsc, tscinvbit, tscinv, bmi1, bmi2, adx, sha, fma

Memory: 4k page, system-wide physical 7542M (567M free)
TotalPageFile size 11638M (AvailPageFile size 25M)
current process WorkingSet (physical memory assigned to process): 416M, peak: 426M
current process commit charge ("private bytes"): 449M, peak: 576M

vm_info: OpenJDK 64-Bit Server VM (11.0.15+0-b2043.56-8887301) for windows-amd64 JRE (11.0.15+0-b2043.56-8887301), built on Jul 29 2022 23:19:47 by "builduser" with unknown MS VC++:1929

END.
