#
# There is insufficient memory for the Java Runtime Environment to continue.
# Native memory allocation (mmap) failed to map 159383552 bytes for Failed to commit area from 0x0000000093300000 to 0x000000009cb00000 of length 159383552.
# Possible reasons:
#   The system is out of physical RAM or swap space
#   The process is running with CompressedOops enabled, and the Java Heap may be blocking the growth of the native heap
# Possible solutions:
#   Reduce memory load on the system
#   Increase physical memory or swap space
#   Check if swap backing store is full
#   Decrease Java heap size (-Xmx/-Xms)
#   Decrease number of Java threads
#   Decrease Java thread stack sizes (-Xss)
#   Set larger code cache with -XX:ReservedCodeCacheSize=
#   JVM is running with Unscaled Compressed Oops mode in which the Java heap is
#     placed in the first 4GB address space. The Java Heap base address is the
#     maximum limit for the native heap growth. Please use -XX:HeapBaseMinAddress
#     to set the Java Heap base and to place the Java Heap above 4GB virtual address.
# This output file may be truncated or incomplete.
#
#  Out of Memory Error (src/hotspot/os/windows/os_windows.cpp:3627), pid=608, tid=4776
#
# JRE version: OpenJDK Runtime Environment (11.0.15) (build 11.0.15+0-b2043.56-8887301)
# Java VM: OpenJDK 64-Bit Server VM (11.0.15+0-b2043.56-8887301, mixed mode, tiered, compressed oops, g1 gc, windows-amd64)
# No core dump will be written. Minidumps are not enabled by default on client versions of Windows
#

---------------  S U M M A R Y ------------

Command Line: --add-opens=java.base/java.util=ALL-UNNAMED --add-opens=java.base/java.lang=ALL-UNNAMED --add-opens=java.base/java.lang.invoke=ALL-UNNAMED --add-opens=java.prefs/java.util.prefs=ALL-UNNAMED --add-opens=java.base/java.nio.charset=ALL-UNNAMED --add-opens=java.base/java.net=ALL-UNNAMED --add-opens=java.base/java.util.concurrent.atomic=ALL-UNNAMED -Xmx2048m -Dfile.encoding=UTF-8 -Duser.country=US -Duser.language=en -Duser.variant -javaagent:C:\Users\HI\.gradle\wrapper\dists\gradle-8.5-bin\5t9huq95ubn472n8rpzujfbqh\gradle-8.5\lib\agents\gradle-instrumentation-agent-8.5.jar org.gradle.launcher.daemon.bootstrap.GradleDaemon 8.5

Host: AMD Ryzen 5 4500U with Radeon Graphics         , 6 cores, 7G,  Windows 11 , 64 bit Build 22621 (10.0.22621.2506)
Time: Tue Jan 16 22:04:53 2024 SE Asia Standard Time elapsed time: 7.308512 seconds (0d 0h 0m 7s)

---------------  T H R E A D  ---------------

Current thread (0x000001b23934f800):  VMThread "VM Thread" [stack: 0x0000003b6fa00000,0x0000003b6fb00000] [id=4776]

Stack: [0x0000003b6fa00000,0x0000003b6fb00000]
[error occurred during error reporting (printing stack bounds), id 0xc0000005, EXCEPTION_ACCESS_VIOLATION (0xc0000005) at pc=0x000001b222e2112d]

Native frames: (J=compiled Java code, j=interpreted, Vv=VM code, C=native code)
V  [jvm.dll+0x64135a]
V  [jvm.dll+0x7d39f9]
V  [jvm.dll+0x7d51b9]
V  [jvm.dll+0x7d5805]
V  [jvm.dll+0x7d57bb]
V  [jvm.dll+0x640655]
V  [jvm.dll+0x640d68]
C  [ntdll.dll+0xa441f]
C  [ntdll.dll+0x1e466]
C  [ntdll.dll+0xa340e]
C  0x000001b222e2112d

VM_Operation (0x0000003b71dfc200): G1CollectForAllocation, mode: safepoint, requested by thread 0x000001b23c056000


---------------  P R O C E S S  ---------------

Threads class SMR info:
_java_thread_list=0x000001b23d54f4c0, length=38, elements={
0x000001b21f307000, 0x000001b239354000, 0x000001b23935e000, 0x000001b239cd2800,
0x000001b23936e000, 0x000001b23936f000, 0x000001b239372000, 0x000001b239373000,
0x000001b239375000, 0x000001b239df9000, 0x000001b23c36d000, 0x000001b23a0f6000,
0x000001b23c14c000, 0x000001b23c2eb800, 0x000001b23a8bd800, 0x000001b23be62800,
0x000001b23ae0f800, 0x000001b23abdd000, 0x000001b23c4f3800, 0x000001b23a8be800,
0x000001b23c053800, 0x000001b23c050800, 0x000001b23c055000, 0x000001b23d201800,
0x000001b23c052000, 0x000001b23c04f800, 0x000001b23c054800, 0x000001b23c053000,
0x000001b23c056000, 0x000001b23c051000, 0x000001b23dbb4800, 0x000001b23dbb4000,
0x000001b23dbb5800, 0x000001b23dbb2000, 0x000001b23dbb7000, 0x000001b23dbb3000,
0x000001b23dbbb000, 0x000001b23dbb9800
}

Java Threads: ( => current thread )
  0x000001b21f307000 JavaThread "main" [_thread_blocked, id=3800, stack(0x0000003b6f400000,0x0000003b6f500000)]
  0x000001b239354000 JavaThread "Reference Handler" daemon [_thread_blocked, id=13892, stack(0x0000003b6fb00000,0x0000003b6fc00000)]
  0x000001b23935e000 JavaThread "Finalizer" daemon [_thread_blocked, id=19568, stack(0x0000003b6fc00000,0x0000003b6fd00000)]
  0x000001b239cd2800 JavaThread "Signal Dispatcher" daemon [_thread_blocked, id=19644, stack(0x0000003b6fd00000,0x0000003b6fe00000)]
  0x000001b23936e000 JavaThread "Attach Listener" daemon [_thread_blocked, id=11572, stack(0x0000003b6fe00000,0x0000003b6ff00000)]
  0x000001b23936f000 JavaThread "Service Thread" daemon [_thread_blocked, id=17276, stack(0x0000003b6ff00000,0x0000003b70000000)]
  0x000001b239372000 JavaThread "C2 CompilerThread0" daemon [_thread_blocked, id=6660, stack(0x0000003b70000000,0x0000003b70100000)]
  0x000001b239373000 JavaThread "C1 CompilerThread0" daemon [_thread_blocked, id=9612, stack(0x0000003b70100000,0x0000003b70200000)]
  0x000001b239375000 JavaThread "Sweeper thread" daemon [_thread_blocked, id=5532, stack(0x0000003b70200000,0x0000003b70300000)]
  0x000001b239df9000 JavaThread "Common-Cleaner" daemon [_thread_blocked, id=11380, stack(0x0000003b70300000,0x0000003b70400000)]
  0x000001b23c36d000 JavaThread "Daemon health stats" [_thread_blocked, id=3432, stack(0x0000003b70700000,0x0000003b70800000)]
  0x000001b23a0f6000 JavaThread "Incoming local TCP Connector on port 54992" [_thread_in_native, id=12116, stack(0x0000003b70500000,0x0000003b70600000)]
  0x000001b23c14c000 JavaThread "Daemon periodic checks" [_thread_blocked, id=7760, stack(0x0000003b70a00000,0x0000003b70b00000)]
  0x000001b23c2eb800 JavaThread "Daemon" [_thread_blocked, id=13864, stack(0x0000003b70b00000,0x0000003b70c00000)]
  0x000001b23a8bd800 JavaThread "Handler for socket connection from /127.0.0.1:54992 to /127.0.0.1:54993" [_thread_in_native, id=20404, stack(0x0000003b70c00000,0x0000003b70d00000)]
  0x000001b23be62800 JavaThread "Cancel handler" [_thread_blocked, id=3712, stack(0x0000003b70d00000,0x0000003b70e00000)]
  0x000001b23ae0f800 JavaThread "Daemon worker" [_thread_blocked, id=20920, stack(0x0000003b70e00000,0x0000003b70f00000)]
  0x000001b23abdd000 JavaThread "Asynchronous log dispatcher for DefaultDaemonConnection: socket connection from /127.0.0.1:54992 to /127.0.0.1:54993" [_thread_blocked, id=2240, stack(0x0000003b70f00000,0x0000003b71000000)]
  0x000001b23c4f3800 JavaThread "Stdin handler" [_thread_blocked, id=2668, stack(0x0000003b71000000,0x0000003b71100000)]
  0x000001b23a8be800 JavaThread "Daemon client event forwarder" [_thread_blocked, id=17424, stack(0x0000003b71100000,0x0000003b71200000)]
  0x000001b23c053800 JavaThread "Cache worker for journal cache (C:\Users\HI\.gradle\caches\journal-1)" [_thread_blocked, id=15840, stack(0x0000003b71500000,0x0000003b71600000)]
  0x000001b23c050800 JavaThread "File lock request listener" [_thread_in_native, id=18444, stack(0x0000003b71600000,0x0000003b71700000)]
  0x000001b23c055000 JavaThread "Cache worker for file hash cache (C:\Users\HI\.gradle\caches\8.5\fileHashes)" [_thread_blocked, id=9932, stack(0x0000003b71700000,0x0000003b71800000)]
  0x000001b23d201800 JavaThread "C2 CompilerThread1" daemon [_thread_in_native, id=2608, stack(0x0000003b71800000,0x0000003b71900000)]
  0x000001b23c052000 JavaThread "File watcher server" daemon [_thread_in_native, id=19996, stack(0x0000003b71900000,0x0000003b71a00000)]
  0x000001b23c04f800 JavaThread "File watcher consumer" daemon [_thread_blocked, id=16304, stack(0x0000003b71a00000,0x0000003b71b00000)]
  0x000001b23c054800 JavaThread "jar transforms" [_thread_blocked, id=9024, stack(0x0000003b71b00000,0x0000003b71c00000)]
  0x000001b23c053000 JavaThread "jar transforms Thread 2" [_thread_blocked, id=13652, stack(0x0000003b71c00000,0x0000003b71d00000)]
  0x000001b23c056000 JavaThread "jar transforms Thread 3" [_thread_blocked, id=13116, stack(0x0000003b71d00000,0x0000003b71e00000)]
  0x000001b23c051000 JavaThread "jar transforms Thread 4" [_thread_blocked, id=10812, stack(0x0000003b71e00000,0x0000003b71f00000)]
  0x000001b23dbb4800 JavaThread "jar transforms Thread 5" [_thread_blocked, id=15872, stack(0x0000003b71f00000,0x0000003b72000000)]
  0x000001b23dbb4000 JavaThread "jar transforms Thread 6" [_thread_blocked, id=12732, stack(0x0000003b72000000,0x0000003b72100000)]
  0x000001b23dbb5800 JavaThread "Cache worker for checksums cache (C:\Users\HI\AndroidStudioProjects\Spinner\.gradle\8.5\checksums)" [_thread_blocked, id=13696, stack(0x0000003b72100000,0x0000003b72200000)]
  0x000001b23dbb2000 JavaThread "Cache worker for file hash cache (C:\Users\HI\AndroidStudioProjects\Spinner\.gradle\8.5\fileHashes)" [_thread_blocked, id=7384, stack(0x0000003b72200000,0x0000003b72300000)]
  0x000001b23dbb7000 JavaThread "Cache worker for cache directory md-supplier (C:\Users\HI\.gradle\caches\8.5\md-supplier)" [_thread_blocked, id=10680, stack(0x0000003b72300000,0x0000003b72400000)]
  0x000001b23dbb3000 JavaThread "Cache worker for cache directory md-rule (C:\Users\HI\.gradle\caches\8.5\md-rule)" [_thread_blocked, id=7772, stack(0x0000003b72400000,0x0000003b72500000)]
  0x000001b23dbbb000 JavaThread "Cache worker for file content cache (C:\Users\HI\.gradle\caches\8.5\fileContent)" [_thread_blocked, id=13964, stack(0x0000003b72500000,0x0000003b72600000)]
  0x000001b23dbb9800 JavaThread "Cache worker for execution history cache (C:\Users\HI\.gradle\caches\8.5\executionHistory)" [_thread_blocked, id=13200, stack(0x0000003b72600000,0x0000003b72700000)]

Other Threads:
=>0x000001b23934f800 VMThread "VM Thread" [stack: 0x0000003b6fa00000,0x0000003b6fb00000] [id=4776]
  0x000001b23a0b0800 WatcherThread [stack: 0x0000003b70400000,0x0000003b70500000] [id=4212]
  0x000001b21f321800 GCTaskThread "GC Thread#0" [stack: 0x0000003b6f500000,0x0000003b6f600000] [id=8812]
  0x000001b23a8dc000 GCTaskThread "GC Thread#1" [stack: 0x0000003b70600000,0x0000003b70700000] [id=5760]
  0x000001b23c3cd800 GCTaskThread "GC Thread#2" [stack: 0x0000003b70800000,0x0000003b70900000] [id=16024]
  0x000001b23d1d7800 GCTaskThread "GC Thread#3" [stack: 0x0000003b70900000,0x0000003b70a00000] [id=12304]
  0x000001b23bad1800 GCTaskThread "GC Thread#4" [stack: 0x0000003b71200000,0x0000003b71300000] [id=10556]
  0x000001b23bd1b800 GCTaskThread "GC Thread#5" [stack: 0x0000003b71300000,0x0000003b71400000] [id=19336]
  0x000001b21f353800 ConcurrentGCThread "G1 Main Marker" [stack: 0x0000003b6f600000,0x0000003b6f700000] [id=16108]
  0x000001b21f356000 ConcurrentGCThread "G1 Conc#0" [stack: 0x0000003b6f700000,0x0000003b6f800000] [id=13484]
  0x000001b23c4d3800 ConcurrentGCThread "G1 Conc#1" [stack: 0x0000003b71400000,0x0000003b71500000] [id=11752]
  0x000001b2391a0800 ConcurrentGCThread "G1 Refine#0" [stack: 0x0000003b6f800000,0x0000003b6f900000] [id=1756]
  0x000001b2391a1800 ConcurrentGCThread "G1 Young RemSet Sampling" [stack: 0x0000003b6f900000,0x0000003b6fa00000] [id=8104]

Threads with active compile tasks:
C2 CompilerThread0     7318 5002 %     4       org.objectweb.asm.ClassReader::readCode @ 92 (5117 bytes)
C2 CompilerThread1     7318 4969       4       org.objectweb.asm.ClassReader::readMethod (1066 bytes)

VM state:at safepoint (normal execution)

VM Mutex/Monitor currently owned by a thread:  ([mutex/lock_event])
[0x000001b21f303430] Threads_lock - owner thread: 0x000001b23934f800
[0x000001b21f303700] Heap_lock - owner thread: 0x000001b23c056000

Heap address: 0x0000000080000000, size: 2048 MB, Compressed Oops mode: 32-bit
Narrow klass base: 0x0000000000000000, Narrow klass shift: 3
Compressed class space size: 1073741824 Address: 0x0000000100000000

Heap:
 garbage-first heap   total 470016K, used 100274K [0x0000000080000000, 0x0000000100000000)
  region size 1024K, 14 young (14336K), 14 survivors (14336K)
 Metaspace       used 48151K, capacity 49673K, committed 49792K, reserved 1091584K
  class space    used 6128K, capacity 6673K, committed 6784K, reserved 1048576K
Heap Regions: E=young(eden), S=young(survivor), O=old, HS=humongous(starts), HC=humongous(continues), CS=collection set, F=free, A=archive, TAMS=top-at-mark-start (previous, next)
|   0|0x0000000080000000, 0x0000000080100000, 0x0000000080100000|100%|HS|  |TAMS 0x0000000080100000, 0x0000000080000000| Complete 
|   1|0x0000000080100000, 0x0000000080200000, 0x0000000080200000|100%|HC|  |TAMS 0x0000000080200000, 0x0000000080100000| Complete 
|   2|0x0000000080200000, 0x0000000080300000, 0x0000000080300000|100%|HC|  |TAMS 0x0000000080300000, 0x0000000080200000| Complete 
|   3|0x0000000080300000, 0x0000000080400000, 0x0000000080400000|100%|HC|  |TAMS 0x0000000080400000, 0x0000000080300000| Complete 
|   4|0x0000000080400000, 0x0000000080500000, 0x0000000080500000|100%| O|  |TAMS 0x0000000080500000, 0x0000000080400000| Untracked 
|   5|0x0000000080500000, 0x0000000080600000, 0x0000000080600000|100%| O|  |TAMS 0x0000000080600000, 0x0000000080500000| Untracked 
|   6|0x0000000080600000, 0x0000000080700000, 0x0000000080700000|100%| O|  |TAMS 0x0000000080700000, 0x0000000080600000| Untracked 
|   7|0x0000000080700000, 0x0000000080800000, 0x0000000080800000|100%| O|  |TAMS 0x0000000080800000, 0x0000000080700000| Untracked 
|   8|0x0000000080800000, 0x0000000080900000, 0x0000000080900000|100%| O|  |TAMS 0x0000000080900000, 0x0000000080800000| Untracked 
|   9|0x0000000080900000, 0x0000000080a00000, 0x0000000080a00000|100%| O|  |TAMS 0x0000000080a00000, 0x0000000080900000| Untracked 
|  10|0x0000000080a00000, 0x0000000080b00000, 0x0000000080b00000|100%| O|  |TAMS 0x0000000080b00000, 0x0000000080a00000| Untracked 
|  11|0x0000000080b00000, 0x0000000080c00000, 0x0000000080c00000|100%| O|  |TAMS 0x0000000080c00000, 0x0000000080b00000| Untracked 
|  12|0x0000000080c00000, 0x0000000080d00000, 0x0000000080d00000|100%| O|  |TAMS 0x0000000080d00000, 0x0000000080c00000| Untracked 
|  13|0x0000000080d00000, 0x0000000080e00000, 0x0000000080e00000|100%| O|  |TAMS 0x0000000080e00000, 0x0000000080d00000| Untracked 
|  14|0x0000000080e00000, 0x0000000080f00000, 0x0000000080f00000|100%| O|  |TAMS 0x0000000080f00000, 0x0000000080e00000| Untracked 
|  15|0x0000000080f00000, 0x0000000081000000, 0x0000000081000000|100%| O|  |TAMS 0x0000000081000000, 0x0000000080f00000| Untracked 
|  16|0x0000000081000000, 0x0000000081100000, 0x0000000081100000|100%| O|  |TAMS 0x0000000081100000, 0x0000000081000000| Untracked 
|  17|0x0000000081100000, 0x0000000081200000, 0x0000000081200000|100%|HS|  |TAMS 0x0000000081200000, 0x0000000081100000| Complete 
|  18|0x0000000081200000, 0x0000000081300000, 0x0000000081300000|100%|HC|  |TAMS 0x0000000081300000, 0x0000000081200000| Complete 
|  19|0x0000000081300000, 0x0000000081400000, 0x0000000081400000|100%|HS|  |TAMS 0x0000000081400000, 0x0000000081300000| Complete 
|  20|0x0000000081400000, 0x0000000081500000, 0x0000000081500000|100%|HC|  |TAMS 0x0000000081500000, 0x0000000081400000| Complete 
|  21|0x0000000081500000, 0x0000000081600000, 0x0000000081600000|100%|HC|  |TAMS 0x0000000081600000, 0x0000000081500000| Complete 
|  22|0x0000000081600000, 0x0000000081700000, 0x0000000081700000|100%|HS|  |TAMS 0x0000000081700000, 0x0000000081600000| Complete 
|  23|0x0000000081700000, 0x0000000081800000, 0x0000000081800000|100%|HC|  |TAMS 0x0000000081800000, 0x0000000081700000| Complete 
|  24|0x0000000081800000, 0x0000000081900000, 0x0000000081900000|100%|HC|  |TAMS 0x0000000081900000, 0x0000000081800000| Complete 
|  25|0x0000000081900000, 0x0000000081a00000, 0x0000000081a00000|100%|HS|  |TAMS 0x0000000081a00000, 0x0000000081900000| Complete 
|  26|0x0000000081a00000, 0x0000000081b00000, 0x0000000081b00000|100%|HC|  |TAMS 0x0000000081b00000, 0x0000000081a00000| Complete 
|  27|0x0000000081b00000, 0x0000000081c00000, 0x0000000081c00000|100%|HS|  |TAMS 0x0000000081c00000, 0x0000000081b00000| Complete 
|  28|0x0000000081c00000, 0x0000000081d00000, 0x0000000081d00000|100%|HC|  |TAMS 0x0000000081d00000, 0x0000000081c00000| Complete 
|  29|0x0000000081d00000, 0x0000000081e00000, 0x0000000081e00000|100%|HC|  |TAMS 0x0000000081e00000, 0x0000000081d00000| Complete 
|  30|0x0000000081e00000, 0x0000000081f00000, 0x0000000081f00000|100%|HC|  |TAMS 0x0000000081f00000, 0x0000000081e00000| Complete 
|  31|0x0000000081f00000, 0x0000000082000000, 0x0000000082000000|100%|HC|  |TAMS 0x0000000082000000, 0x0000000081f00000| Complete 
|  32|0x0000000082000000, 0x0000000082100000, 0x0000000082100000|100%|HS|  |TAMS 0x0000000082100000, 0x0000000082000000| Complete 
|  33|0x0000000082100000, 0x0000000082200000, 0x0000000082200000|100%|HC|  |TAMS 0x0000000082200000, 0x0000000082100000| Complete 
|  34|0x0000000082200000, 0x0000000082300000, 0x0000000082300000|100%|HC|  |TAMS 0x0000000082300000, 0x0000000082200000| Complete 
|  35|0x0000000082300000, 0x0000000082400000, 0x0000000082400000|100%|HC|  |TAMS 0x0000000082400000, 0x0000000082300000| Complete 
|  36|0x0000000082400000, 0x0000000082500000, 0x0000000082500000|100%|HC|  |TAMS 0x0000000082500000, 0x0000000082400000| Complete 
|  37|0x0000000082500000, 0x0000000082600000, 0x0000000082600000|100%|HC|  |TAMS 0x0000000082600000, 0x0000000082500000| Complete 
|  38|0x0000000082600000, 0x0000000082700000, 0x0000000082700000|100%|HC|  |TAMS 0x0000000082700000, 0x0000000082600000| Complete 
|  39|0x0000000082700000, 0x0000000082800000, 0x0000000082800000|100%|HC|  |TAMS 0x0000000082800000, 0x0000000082700000| Complete 
|  40|0x0000000082800000, 0x0000000082900000, 0x0000000082900000|100%|HC|  |TAMS 0x0000000082900000, 0x0000000082800000| Complete 
|  41|0x0000000082900000, 0x0000000082a00000, 0x0000000082a00000|100%|HC|  |TAMS 0x0000000082a00000, 0x0000000082900000| Complete 
|  42|0x0000000082a00000, 0x0000000082b00000, 0x0000000082b00000|100%|HS|  |TAMS 0x0000000082b00000, 0x0000000082a00000| Complete 
|  43|0x0000000082b00000, 0x0000000082c00000, 0x0000000082c00000|100%|HC|  |TAMS 0x0000000082c00000, 0x0000000082b00000| Complete 
|  44|0x0000000082c00000, 0x0000000082d00000, 0x0000000082d00000|100%| O|  |TAMS 0x0000000082d00000, 0x0000000082c00000| Untracked 
|  45|0x0000000082d00000, 0x0000000082e00000, 0x0000000082e00000|100%| O|  |TAMS 0x0000000082e00000, 0x0000000082d00000| Untracked 
|  46|0x0000000082e00000, 0x0000000082f00000, 0x0000000082f00000|100%| O|  |TAMS 0x0000000082f00000, 0x0000000082e00000| Untracked 
|  47|0x0000000082f00000, 0x0000000083000000, 0x0000000083000000|100%| O|  |TAMS 0x0000000083000000, 0x0000000082f00000| Untracked 
|  48|0x0000000083000000, 0x0000000083100000, 0x0000000083100000|100%| O|  |TAMS 0x0000000083100000, 0x0000000083000000| Untracked 
|  49|0x0000000083100000, 0x0000000083200000, 0x0000000083200000|100%| O|  |TAMS 0x0000000083200000, 0x0000000083100000| Untracked 
|  50|0x0000000083200000, 0x0000000083300000, 0x0000000083300000|100%| O|  |TAMS 0x0000000083300000, 0x0000000083200000| Untracked 
|  51|0x0000000083300000, 0x0000000083400000, 0x0000000083400000|100%| O|  |TAMS 0x0000000083400000, 0x0000000083300000| Untracked 
|  52|0x0000000083400000, 0x0000000083500000, 0x0000000083500000|100%|HS|  |TAMS 0x0000000083500000, 0x0000000083400000| Complete 
|  53|0x0000000083500000, 0x0000000083600000, 0x0000000083600000|100%|HC|  |TAMS 0x0000000083600000, 0x0000000083500000| Complete 
|  54|0x0000000083600000, 0x0000000083700000, 0x0000000083700000|100%|HS|  |TAMS 0x0000000083700000, 0x0000000083600000| Complete 
|  55|0x0000000083700000, 0x0000000083800000, 0x0000000083800000|100%|HC|  |TAMS 0x0000000083800000, 0x0000000083700000| Complete 
|  56|0x0000000083800000, 0x0000000083900000, 0x0000000083900000|100%|HC|  |TAMS 0x0000000083900000, 0x0000000083800000| Complete 
|  57|0x0000000083900000, 0x0000000083a00000, 0x0000000083a00000|100%| O|  |TAMS 0x0000000083a00000, 0x0000000083900000| Untracked 
|  58|0x0000000083a00000, 0x0000000083b00000, 0x0000000083b00000|100%| O|  |TAMS 0x0000000083b00000, 0x0000000083a00000| Untracked 
|  59|0x0000000083b00000, 0x0000000083c00000, 0x0000000083c00000|100%| O|  |TAMS 0x0000000083c00000, 0x0000000083b00000| Untracked 
|  60|0x0000000083c00000, 0x0000000083d00000, 0x0000000083d00000|100%| O|  |TAMS 0x0000000083d00000, 0x0000000083c00000| Untracked 
|  61|0x0000000083d00000, 0x0000000083e00000, 0x0000000083e00000|100%| O|  |TAMS 0x0000000083e00000, 0x0000000083d00000| Untracked 
|  62|0x0000000083e00000, 0x0000000083f00000, 0x0000000083f00000|100%| O|  |TAMS 0x0000000083f00000, 0x0000000083e00000| Untracked 
|  63|0x0000000083f00000, 0x0000000084000000, 0x0000000084000000|100%|HS|  |TAMS 0x0000000084000000, 0x0000000083f00000| Complete 
|  64|0x0000000084000000, 0x0000000084100000, 0x0000000084100000|100%|HC|  |TAMS 0x0000000084100000, 0x0000000084000000| Complete 
|  65|0x0000000084100000, 0x0000000084200000, 0x0000000084200000|100%|HC|  |TAMS 0x0000000084200000, 0x0000000084100000| Complete 
|  66|0x0000000084200000, 0x0000000084300000, 0x0000000084300000|100%|HC|  |TAMS 0x0000000084300000, 0x0000000084200000| Complete 
|  67|0x0000000084300000, 0x0000000084400000, 0x0000000084400000|100%|HC|  |TAMS 0x0000000084400000, 0x0000000084300000| Complete 
|  68|0x0000000084400000, 0x0000000084500000, 0x0000000084500000|100%|HC|  |TAMS 0x0000000084500000, 0x0000000084400000| Complete 
|  69|0x0000000084500000, 0x0000000084600000, 0x0000000084600000|100%|HC|  |TAMS 0x0000000084600000, 0x0000000084500000| Complete 
|  70|0x0000000084600000, 0x0000000084700000, 0x0000000084700000|100%|HC|  |TAMS 0x0000000084700000, 0x0000000084600000| Complete 
|  71|0x0000000084700000, 0x0000000084800000, 0x0000000084800000|100%|HC|  |TAMS 0x0000000084800000, 0x0000000084700000| Complete 
|  72|0x0000000084800000, 0x0000000084900000, 0x0000000084900000|100%|HC|  |TAMS 0x0000000084900000, 0x0000000084800000| Complete 
|  73|0x0000000084900000, 0x0000000084a00000, 0x0000000084a00000|100%|HS|  |TAMS 0x0000000084a00000, 0x0000000084900000| Complete 
|  74|0x0000000084a00000, 0x0000000084b00000, 0x0000000084b00000|100%|HC|  |TAMS 0x0000000084b00000, 0x0000000084a00000| Complete 
|  75|0x0000000084b00000, 0x0000000084c00000, 0x0000000084c00000|100%|HC|  |TAMS 0x0000000084c00000, 0x0000000084b00000| Complete 
|  76|0x0000000084c00000, 0x0000000084d00000, 0x0000000084d00000|100%| O|  |TAMS 0x0000000084d00000, 0x0000000084c00000| Untracked 
|  77|0x0000000084d00000, 0x0000000084e00000, 0x0000000084e00000|100%| O|  |TAMS 0x0000000084e00000, 0x0000000084d00000| Untracked 
|  78|0x0000000084e00000, 0x0000000084f00000, 0x0000000084f00000|100%| O|  |TAMS 0x0000000084f00000, 0x0000000084e00000| Untracked 
|  79|0x0000000084f00000, 0x0000000085000000, 0x0000000085000000|100%| O|  |TAMS 0x0000000085000000, 0x0000000084f00000| Untracked 
|  80|0x0000000085000000, 0x0000000085100000, 0x0000000085100000|100%| O|  |TAMS 0x0000000085100000, 0x0000000085000000| Untracked 
|  81|0x0000000085100000, 0x0000000085200000, 0x0000000085200000|100%| O|  |TAMS 0x0000000085200000, 0x0000000085100000| Untracked 
|  82|0x0000000085200000, 0x0000000085300000, 0x0000000085300000|100%| O|  |TAMS 0x0000000085300000, 0x0000000085200000| Untracked 
|  83|0x0000000085300000, 0x00000000853ec800, 0x0000000085400000| 92%| O|  |TAMS 0x000000008531dc00, 0x0000000085300000| Untracked 
|  84|0x0000000085400000, 0x0000000085400000, 0x0000000085500000|  0%| F|  |TAMS 0x0000000085400000, 0x0000000085400000| Untracked 
|  85|0x0000000085500000, 0x0000000085500000, 0x0000000085600000|  0%| F|  |TAMS 0x0000000085500000, 0x0000000085500000| Untracked 
|  86|0x0000000085600000, 0x0000000085600000, 0x0000000085700000|  0%| F|  |TAMS 0x0000000085600000, 0x0000000085600000| Untracked 
|  87|0x0000000085700000, 0x0000000085700000, 0x0000000085800000|  0%| F|  |TAMS 0x0000000085700000, 0x0000000085700000| Untracked 
|  88|0x0000000085800000, 0x0000000085800000, 0x0000000085900000|  0%| F|  |TAMS 0x0000000085800000, 0x0000000085800000| Untracked 
|  89|0x0000000085900000, 0x0000000085900000, 0x0000000085a00000|  0%| F|  |TAMS 0x0000000085900000, 0x0000000085900000| Untracked 
|  90|0x0000000085a00000, 0x0000000085a00000, 0x0000000085b00000|  0%| F|  |TAMS 0x0000000085a00000, 0x0000000085a00000| Untracked 
|  91|0x0000000085b00000, 0x0000000085b00000, 0x0000000085c00000|  0%| F|  |TAMS 0x0000000085b00000, 0x0000000085b00000| Untracked 
|  92|0x0000000085c00000, 0x0000000085c00000, 0x0000000085d00000|  0%| F|  |TAMS 0x0000000085c00000, 0x0000000085c00000| Untracked 
|  93|0x0000000085d00000, 0x0000000085d00000, 0x0000000085e00000|  0%| F|  |TAMS 0x0000000085d00000, 0x0000000085d00000| Untracked 
|  94|0x0000000085e00000, 0x0000000085e00000, 0x0000000085f00000|  0%| F|  |TAMS 0x0000000085e00000, 0x0000000085e00000| Untracked 
|  95|0x0000000085f00000, 0x0000000085f00000, 0x0000000086000000|  0%| F|  |TAMS 0x0000000085f00000, 0x0000000085f00000| Untracked 
|  96|0x0000000086000000, 0x0000000086000000, 0x0000000086100000|  0%| F|  |TAMS 0x0000000086000000, 0x0000000086000000| Untracked 
|  97|0x0000000086100000, 0x0000000086100000, 0x0000000086200000|  0%| F|  |TAMS 0x0000000086100000, 0x0000000086100000| Untracked 
|  98|0x0000000086200000, 0x0000000086200000, 0x0000000086300000|  0%| F|  |TAMS 0x0000000086200000, 0x0000000086200000| Untracked 
|  99|0x0000000086300000, 0x0000000086300000, 0x0000000086400000|  0%| F|  |TAMS 0x0000000086300000, 0x0000000086300000| Untracked 
| 100|0x0000000086400000, 0x0000000086400000, 0x0000000086500000|  0%| F|  |TAMS 0x0000000086400000, 0x0000000086400000| Untracked 
| 101|0x0000000086500000, 0x0000000086500000, 0x0000000086600000|  0%| F|  |TAMS 0x0000000086500000, 0x0000000086500000| Untracked 
| 102|0x0000000086600000, 0x0000000086600000, 0x0000000086700000|  0%| F|  |TAMS 0x0000000086600000, 0x0000000086600000| Untracked 
| 103|0x0000000086700000, 0x0000000086700000, 0x0000000086800000|  0%| F|  |TAMS 0x0000000086700000, 0x0000000086700000| Untracked 
| 104|0x0000000086800000, 0x0000000086800000, 0x0000000086900000|  0%| F|  |TAMS 0x0000000086800000, 0x0000000086800000| Untracked 
| 105|0x0000000086900000, 0x0000000086900000, 0x0000000086a00000|  0%| F|  |TAMS 0x0000000086900000, 0x0000000086900000| Untracked 
| 106|0x0000000086a00000, 0x0000000086a00000, 0x0000000086b00000|  0%| F|  |TAMS 0x0000000086a00000, 0x0000000086a00000| Untracked 
| 107|0x0000000086b00000, 0x0000000086b00000, 0x0000000086c00000|  0%| F|  |TAMS 0x0000000086b00000, 0x0000000086b00000| Untracked 
| 108|0x0000000086c00000, 0x0000000086c00000, 0x0000000086d00000|  0%| F|  |TAMS 0x0000000086c00000, 0x0000000086c00000| Untracked 
| 109|0x0000000086d00000, 0x0000000086d00000, 0x0000000086e00000|  0%| F|  |TAMS 0x0000000086d00000, 0x0000000086d00000| Untracked 
| 110|0x0000000086e00000, 0x0000000086e00000, 0x0000000086f00000|  0%| F|  |TAMS 0x0000000086e00000, 0x0000000086e00000| Untracked 
| 111|0x0000000086f00000, 0x0000000086f00000, 0x0000000087000000|  0%| F|  |TAMS 0x0000000086f00000, 0x0000000086f00000| Untracked 
| 112|0x0000000087000000, 0x0000000087000000, 0x0000000087100000|  0%| F|  |TAMS 0x0000000087000000, 0x0000000087000000| Untracked 
| 113|0x0000000087100000, 0x0000000087100000, 0x0000000087200000|  0%| F|  |TAMS 0x0000000087100000, 0x0000000087100000| Untracked 
| 114|0x0000000087200000, 0x0000000087200000, 0x0000000087300000|  0%| F|  |TAMS 0x0000000087200000, 0x0000000087200000| Untracked 
| 115|0x0000000087300000, 0x0000000087300000, 0x0000000087400000|  0%| F|  |TAMS 0x0000000087300000, 0x0000000087300000| Untracked 
| 116|0x0000000087400000, 0x0000000087400000, 0x0000000087500000|  0%| F|  |TAMS 0x0000000087400000, 0x0000000087400000| Untracked 
| 117|0x0000000087500000, 0x0000000087500000, 0x0000000087600000|  0%| F|  |TAMS 0x0000000087500000, 0x0000000087500000| Untracked 
| 118|0x0000000087600000, 0x0000000087600000, 0x0000000087700000|  0%| F|  |TAMS 0x0000000087600000, 0x0000000087600000| Untracked 
| 119|0x0000000087700000, 0x0000000087700000, 0x0000000087800000|  0%| F|  |TAMS 0x0000000087700000, 0x0000000087700000| Untracked 
| 120|0x0000000087800000, 0x0000000087800000, 0x0000000087900000|  0%| F|  |TAMS 0x0000000087800000, 0x0000000087800000| Untracked 
| 121|0x0000000087900000, 0x0000000087a00000, 0x0000000087a00000|100%| S|CS|TAMS 0x0000000087900000, 0x0000000087900000| Complete 
| 122|0x0000000087a00000, 0x0000000087b00000, 0x0000000087b00000|100%| S|CS|TAMS 0x0000000087a00000, 0x0000000087a00000| Complete 
| 123|0x0000000087b00000, 0x0000000087c00000, 0x0000000087c00000|100%| S|CS|TAMS 0x0000000087b00000, 0x0000000087b00000| Complete 
| 124|0x0000000087c00000, 0x0000000087d00000, 0x0000000087d00000|100%| S|CS|TAMS 0x0000000087c00000, 0x0000000087c00000| Complete 
| 125|0x0000000087d00000, 0x0000000087e00000, 0x0000000087e00000|100%| S|CS|TAMS 0x0000000087d00000, 0x0000000087d00000| Complete 
| 126|0x0000000087e00000, 0x0000000087f00000, 0x0000000087f00000|100%| S|CS|TAMS 0x0000000087e00000, 0x0000000087e00000| Complete 
| 127|0x0000000087f00000, 0x0000000088000000, 0x0000000088000000|100%| S|CS|TAMS 0x0000000087f00000, 0x0000000087f00000| Complete 
| 128|0x0000000088000000, 0x0000000088100000, 0x0000000088100000|100%| S|CS|TAMS 0x0000000088000000, 0x0000000088000000| Complete 
| 129|0x0000000088100000, 0x0000000088200000, 0x0000000088200000|100%| S|CS|TAMS 0x0000000088100000, 0x0000000088100000| Complete 
| 130|0x0000000088200000, 0x0000000088300000, 0x0000000088300000|100%| S|CS|TAMS 0x0000000088200000, 0x0000000088200000| Complete 
| 131|0x0000000088300000, 0x0000000088300000, 0x0000000088400000|  0%| F|  |TAMS 0x0000000088300000, 0x0000000088300000| Untracked 
| 132|0x0000000088400000, 0x0000000088400000, 0x0000000088500000|  0%| F|  |TAMS 0x0000000088400000, 0x0000000088400000| Untracked 
| 133|0x0000000088500000, 0x0000000088500000, 0x0000000088600000|  0%| F|  |TAMS 0x0000000088500000, 0x0000000088500000| Untracked 
| 134|0x0000000088600000, 0x0000000088600000, 0x0000000088700000|  0%| F|  |TAMS 0x0000000088600000, 0x0000000088600000| Untracked 
| 135|0x0000000088700000, 0x0000000088700000, 0x0000000088800000|  0%| F|  |TAMS 0x0000000088700000, 0x0000000088700000| Untracked 
| 136|0x0000000088800000, 0x0000000088800000, 0x0000000088900000|  0%| F|  |TAMS 0x0000000088800000, 0x0000000088800000| Untracked 
| 137|0x0000000088900000, 0x0000000088900000, 0x0000000088a00000|  0%| F|  |TAMS 0x0000000088900000, 0x0000000088900000| Untracked 
| 138|0x0000000088a00000, 0x0000000088a00000, 0x0000000088b00000|  0%| F|  |TAMS 0x0000000088a00000, 0x0000000088a00000| Untracked 
| 139|0x0000000088b00000, 0x0000000088b00000, 0x0000000088c00000|  0%| F|  |TAMS 0x0000000088b00000, 0x0000000088b00000| Untracked 
| 140|0x0000000088c00000, 0x0000000088c00000, 0x0000000088d00000|  0%| F|  |TAMS 0x0000000088c00000, 0x0000000088c00000| Untracked 
| 141|0x0000000088d00000, 0x0000000088d00000, 0x0000000088e00000|  0%| F|  |TAMS 0x0000000088d00000, 0x0000000088d00000| Untracked 
| 142|0x0000000088e00000, 0x0000000088e00000, 0x0000000088f00000|  0%| F|  |TAMS 0x0000000088e00000, 0x0000000088e00000| Untracked 
| 143|0x0000000088f00000, 0x0000000088f00000, 0x0000000089000000|  0%| F|  |TAMS 0x0000000088f00000, 0x0000000088f00000| Untracked 
| 144|0x0000000089000000, 0x0000000089100000, 0x0000000089100000|100%| S|CS|TAMS 0x0000000089000000, 0x0000000089000000| Complete 
| 145|0x0000000089100000, 0x0000000089200000, 0x0000000089200000|100%| S|CS|TAMS 0x0000000089100000, 0x0000000089100000| Complete 
| 146|0x0000000089200000, 0x0000000089300000, 0x0000000089300000|100%| S|CS|TAMS 0x0000000089200000, 0x0000000089200000| Complete 
| 147|0x0000000089300000, 0x0000000089400000, 0x0000000089400000|100%| S|CS|TAMS 0x0000000089300000, 0x0000000089300000| Complete 
| 148|0x0000000089400000, 0x0000000089400000, 0x0000000089500000|  0%| F|  |TAMS 0x0000000089400000, 0x0000000089400000| Untracked 
| 149|0x0000000089500000, 0x0000000089500000, 0x0000000089600000|  0%| F|  |TAMS 0x0000000089500000, 0x0000000089500000| Untracked 
| 150|0x0000000089600000, 0x0000000089600000, 0x0000000089700000|  0%| F|  |TAMS 0x0000000089600000, 0x0000000089600000| Untracked 
| 151|0x0000000089700000, 0x0000000089700000, 0x0000000089800000|  0%| F|  |TAMS 0x0000000089700000, 0x0000000089700000| Untracked 
| 152|0x0000000089800000, 0x0000000089800000, 0x0000000089900000|  0%| F|  |TAMS 0x0000000089800000, 0x0000000089800000| Untracked 
| 153|0x0000000089900000, 0x0000000089900000, 0x0000000089a00000|  0%| F|  |TAMS 0x0000000089900000, 0x0000000089900000| Untracked 
| 154|0x0000000089a00000, 0x0000000089a00000, 0x0000000089b00000|  0%| F|  |TAMS 0x0000000089a00000, 0x0000000089a00000| Untracked 
| 155|0x0000000089b00000, 0x0000000089b00000, 0x0000000089c00000|  0%| F|  |TAMS 0x0000000089b00000, 0x0000000089b00000| Untracked 
| 156|0x0000000089c00000, 0x0000000089c00000, 0x0000000089d00000|  0%| F|  |TAMS 0x0000000089c00000, 0x0000000089c00000| Untracked 
| 157|0x0000000089d00000, 0x0000000089d00000, 0x0000000089e00000|  0%| F|  |TAMS 0x0000000089d00000, 0x0000000089d00000| Untracked 
| 158|0x0000000089e00000, 0x0000000089e00000, 0x0000000089f00000|  0%| F|  |TAMS 0x0000000089e00000, 0x0000000089e00000| Untracked 
| 159|0x0000000089f00000, 0x0000000089f00000, 0x000000008a000000|  0%| F|  |TAMS 0x0000000089f00000, 0x0000000089f00000| Untracked 
| 160|0x000000008a000000, 0x000000008a000000, 0x000000008a100000|  0%| F|  |TAMS 0x000000008a000000, 0x000000008a000000| Untracked 
| 161|0x000000008a100000, 0x000000008a100000, 0x000000008a200000|  0%| F|  |TAMS 0x000000008a100000, 0x000000008a100000| Untracked 
| 162|0x000000008a200000, 0x000000008a200000, 0x000000008a300000|  0%| F|  |TAMS 0x000000008a200000, 0x000000008a200000| Untracked 
| 163|0x000000008a300000, 0x000000008a300000, 0x000000008a400000|  0%| F|  |TAMS 0x000000008a300000, 0x000000008a300000| Untracked 
| 164|0x000000008a400000, 0x000000008a400000, 0x000000008a500000|  0%| F|  |TAMS 0x000000008a400000, 0x000000008a400000| Untracked 
| 165|0x000000008a500000, 0x000000008a500000, 0x000000008a600000|  0%| F|  |TAMS 0x000000008a500000, 0x000000008a500000| Untracked 
| 166|0x000000008a600000, 0x000000008a600000, 0x000000008a700000|  0%| F|  |TAMS 0x000000008a600000, 0x000000008a600000| Untracked 
| 167|0x000000008a700000, 0x000000008a700000, 0x000000008a800000|  0%| F|  |TAMS 0x000000008a700000, 0x000000008a700000| Untracked 
| 168|0x000000008a800000, 0x000000008a800000, 0x000000008a900000|  0%| F|  |TAMS 0x000000008a800000, 0x000000008a800000| Untracked 
| 169|0x000000008a900000, 0x000000008a900000, 0x000000008aa00000|  0%| F|  |TAMS 0x000000008a900000, 0x000000008a900000| Untracked 
| 170|0x000000008aa00000, 0x000000008aa00000, 0x000000008ab00000|  0%| F|  |TAMS 0x000000008aa00000, 0x000000008aa00000| Untracked 
| 171|0x000000008ab00000, 0x000000008ab00000, 0x000000008ac00000|  0%| F|  |TAMS 0x000000008ab00000, 0x000000008ab00000| Untracked 
| 172|0x000000008ac00000, 0x000000008ac00000, 0x000000008ad00000|  0%| F|  |TAMS 0x000000008ac00000, 0x000000008ac00000| Untracked 
| 173|0x000000008ad00000, 0x000000008ad00000, 0x000000008ae00000|  0%| F|  |TAMS 0x000000008ad00000, 0x000000008ad00000| Untracked 
| 174|0x000000008ae00000, 0x000000008ae00000, 0x000000008af00000|  0%| F|  |TAMS 0x000000008ae00000, 0x000000008ae00000| Untracked 
| 175|0x000000008af00000, 0x000000008af00000, 0x000000008b000000|  0%| F|  |TAMS 0x000000008af00000, 0x000000008af00000| Untracked 
| 176|0x000000008b000000, 0x000000008b000000, 0x000000008b100000|  0%| F|  |TAMS 0x000000008b000000, 0x000000008b000000| Untracked 
| 177|0x000000008b100000, 0x000000008b100000, 0x000000008b200000|  0%| F|  |TAMS 0x000000008b100000, 0x000000008b100000| Untracked 
| 178|0x000000008b200000, 0x000000008b200000, 0x000000008b300000|  0%| F|  |TAMS 0x000000008b200000, 0x000000008b200000| Untracked 
| 179|0x000000008b300000, 0x000000008b300000, 0x000000008b400000|  0%| F|  |TAMS 0x000000008b300000, 0x000000008b300000| Untracked 
| 180|0x000000008b400000, 0x000000008b400000, 0x000000008b500000|  0%| F|  |TAMS 0x000000008b400000, 0x000000008b400000| Untracked 
| 181|0x000000008b500000, 0x000000008b500000, 0x000000008b600000|  0%| F|  |TAMS 0x000000008b500000, 0x000000008b500000| Untracked 
| 182|0x000000008b600000, 0x000000008b600000, 0x000000008b700000|  0%| F|  |TAMS 0x000000008b600000, 0x000000008b600000| Untracked 
| 183|0x000000008b700000, 0x000000008b700000, 0x000000008b800000|  0%| F|  |TAMS 0x000000008b700000, 0x000000008b700000| Untracked 
| 184|0x000000008b800000, 0x000000008b800000, 0x000000008b900000|  0%| F|  |TAMS 0x000000008b800000, 0x000000008b800000| Untracked 
| 185|0x000000008b900000, 0x000000008b900000, 0x000000008ba00000|  0%| F|  |TAMS 0x000000008b900000, 0x000000008b900000| Untracked 
| 186|0x000000008ba00000, 0x000000008ba00000, 0x000000008bb00000|  0%| F|  |TAMS 0x000000008ba00000, 0x000000008ba00000| Untracked 
| 187|0x000000008bb00000, 0x000000008bb00000, 0x000000008bc00000|  0%| F|  |TAMS 0x000000008bb00000, 0x000000008bb00000| Untracked 
| 188|0x000000008bc00000, 0x000000008bc00000, 0x000000008bd00000|  0%| F|  |TAMS 0x000000008bc00000, 0x000000008bc00000| Untracked 
| 189|0x000000008bd00000, 0x000000008bd00000, 0x000000008be00000|  0%| F|  |TAMS 0x000000008bd00000, 0x000000008bd00000| Untracked 
| 190|0x000000008be00000, 0x000000008be00000, 0x000000008bf00000|  0%| F|  |TAMS 0x000000008be00000, 0x000000008be00000| Untracked 
| 191|0x000000008bf00000, 0x000000008bf00000, 0x000000008c000000|  0%| F|  |TAMS 0x000000008bf00000, 0x000000008bf00000| Untracked 
| 192|0x000000008c000000, 0x000000008c000000, 0x000000008c100000|  0%| F|  |TAMS 0x000000008c000000, 0x000000008c000000| Untracked 
| 193|0x000000008c100000, 0x000000008c100000, 0x000000008c200000|  0%| F|  |TAMS 0x000000008c100000, 0x000000008c100000| Untracked 
| 194|0x000000008c200000, 0x000000008c200000, 0x000000008c300000|  0%| F|  |TAMS 0x000000008c200000, 0x000000008c200000| Untracked 
| 195|0x000000008c300000, 0x000000008c300000, 0x000000008c400000|  0%| F|  |TAMS 0x000000008c300000, 0x000000008c300000| Untracked 
| 196|0x000000008c400000, 0x000000008c400000, 0x000000008c500000|  0%| F|  |TAMS 0x000000008c400000, 0x000000008c400000| Untracked 
| 197|0x000000008c500000, 0x000000008c500000, 0x000000008c600000|  0%| F|  |TAMS 0x000000008c500000, 0x000000008c500000| Untracked 
| 198|0x000000008c600000, 0x000000008c600000, 0x000000008c700000|  0%| F|  |TAMS 0x000000008c600000, 0x000000008c600000| Untracked 
| 199|0x000000008c700000, 0x000000008c700000, 0x000000008c800000|  0%| F|  |TAMS 0x000000008c700000, 0x000000008c700000| Untracked 
| 200|0x000000008c800000, 0x000000008c800000, 0x000000008c900000|  0%| F|  |TAMS 0x000000008c800000, 0x000000008c800000| Untracked 
| 201|0x000000008c900000, 0x000000008c900000, 0x000000008ca00000|  0%| F|  |TAMS 0x000000008c900000, 0x000000008c900000| Untracked 
| 202|0x000000008ca00000, 0x000000008ca00000, 0x000000008cb00000|  0%| F|  |TAMS 0x000000008ca00000, 0x000000008ca00000| Untracked 
| 203|0x000000008cb00000, 0x000000008cb00000, 0x000000008cc00000|  0%| F|  |TAMS 0x000000008cb00000, 0x000000008cb00000| Untracked 
| 204|0x000000008cc00000, 0x000000008cc00000, 0x000000008cd00000|  0%| F|  |TAMS 0x000000008cc00000, 0x000000008cc00000| Untracked 
| 205|0x000000008cd00000, 0x000000008cd00000, 0x000000008ce00000|  0%| F|  |TAMS 0x000000008cd00000, 0x000000008cd00000| Untracked 
| 206|0x000000008ce00000, 0x000000008ce00000, 0x000000008cf00000|  0%| F|  |TAMS 0x000000008ce00000, 0x000000008ce00000| Untracked 
| 207|0x000000008cf00000, 0x000000008cf00000, 0x000000008d000000|  0%| F|  |TAMS 0x000000008cf00000, 0x000000008cf00000| Untracked 
| 208|0x000000008d000000, 0x000000008d000000, 0x000000008d100000|  0%| F|  |TAMS 0x000000008d000000, 0x000000008d000000| Untracked 
| 209|0x000000008d100000, 0x000000008d100000, 0x000000008d200000|  0%| F|  |TAMS 0x000000008d100000, 0x000000008d100000| Untracked 
| 210|0x000000008d200000, 0x000000008d200000, 0x000000008d300000|  0%| F|  |TAMS 0x000000008d200000, 0x000000008d200000| Untracked 
| 211|0x000000008d300000, 0x000000008d300000, 0x000000008d400000|  0%| F|  |TAMS 0x000000008d300000, 0x000000008d300000| Untracked 
| 212|0x000000008d400000, 0x000000008d400000, 0x000000008d500000|  0%| F|  |TAMS 0x000000008d400000, 0x000000008d400000| Untracked 
| 213|0x000000008d500000, 0x000000008d500000, 0x000000008d600000|  0%| F|  |TAMS 0x000000008d500000, 0x000000008d500000| Untracked 
| 214|0x000000008d600000, 0x000000008d600000, 0x000000008d700000|  0%| F|  |TAMS 0x000000008d600000, 0x000000008d600000| Untracked 
| 215|0x000000008d700000, 0x000000008d700000, 0x000000008d800000|  0%| F|  |TAMS 0x000000008d700000, 0x000000008d700000| Untracked 
| 216|0x000000008d800000, 0x000000008d800000, 0x000000008d900000|  0%| F|  |TAMS 0x000000008d800000, 0x000000008d800000| Untracked 
| 217|0x000000008d900000, 0x000000008d900000, 0x000000008da00000|  0%| F|  |TAMS 0x000000008d900000, 0x000000008d900000| Untracked 
| 218|0x000000008da00000, 0x000000008da00000, 0x000000008db00000|  0%| F|  |TAMS 0x000000008da00000, 0x000000008da00000| Untracked 
| 219|0x000000008db00000, 0x000000008db00000, 0x000000008dc00000|  0%| F|  |TAMS 0x000000008db00000, 0x000000008db00000| Untracked 
| 220|0x000000008dc00000, 0x000000008dc00000, 0x000000008dd00000|  0%| F|  |TAMS 0x000000008dc00000, 0x000000008dc00000| Untracked 
| 221|0x000000008dd00000, 0x000000008dd00000, 0x000000008de00000|  0%| F|  |TAMS 0x000000008dd00000, 0x000000008dd00000| Untracked 
| 222|0x000000008de00000, 0x000000008de00000, 0x000000008df00000|  0%| F|  |TAMS 0x000000008de00000, 0x000000008de00000| Untracked 
| 223|0x000000008df00000, 0x000000008df00000, 0x000000008e000000|  0%| F|  |TAMS 0x000000008df00000, 0x000000008df00000| Untracked 
| 224|0x000000008e000000, 0x000000008e000000, 0x000000008e100000|  0%| F|  |TAMS 0x000000008e000000, 0x000000008e000000| Untracked 
| 225|0x000000008e100000, 0x000000008e100000, 0x000000008e200000|  0%| F|  |TAMS 0x000000008e100000, 0x000000008e100000| Untracked 
| 226|0x000000008e200000, 0x000000008e200000, 0x000000008e300000|  0%| F|  |TAMS 0x000000008e200000, 0x000000008e200000| Untracked 
| 227|0x000000008e300000, 0x000000008e300000, 0x000000008e400000|  0%| F|  |TAMS 0x000000008e300000, 0x000000008e300000| Untracked 
| 228|0x000000008e400000, 0x000000008e400000, 0x000000008e500000|  0%| F|  |TAMS 0x000000008e400000, 0x000000008e400000| Untracked 
| 229|0x000000008e500000, 0x000000008e500000, 0x000000008e600000|  0%| F|  |TAMS 0x000000008e500000, 0x000000008e500000| Untracked 
| 230|0x000000008e600000, 0x000000008e600000, 0x000000008e700000|  0%| F|  |TAMS 0x000000008e600000, 0x000000008e600000| Untracked 
| 231|0x000000008e700000, 0x000000008e700000, 0x000000008e800000|  0%| F|  |TAMS 0x000000008e700000, 0x000000008e700000| Untracked 
| 232|0x000000008e800000, 0x000000008e800000, 0x000000008e900000|  0%| F|  |TAMS 0x000000008e800000, 0x000000008e800000| Untracked 
| 233|0x000000008e900000, 0x000000008e900000, 0x000000008ea00000|  0%| F|  |TAMS 0x000000008e900000, 0x000000008e900000| Untracked 
| 234|0x000000008ea00000, 0x000000008ea00000, 0x000000008eb00000|  0%| F|  |TAMS 0x000000008ea00000, 0x000000008ea00000| Untracked 
| 235|0x000000008eb00000, 0x000000008eb00000, 0x000000008ec00000|  0%| F|  |TAMS 0x000000008eb00000, 0x000000008eb00000| Untracked 
| 236|0x000000008ec00000, 0x000000008ec00000, 0x000000008ed00000|  0%| F|  |TAMS 0x000000008ec00000, 0x000000008ec00000| Untracked 
| 237|0x000000008ed00000, 0x000000008ed00000, 0x000000008ee00000|  0%| F|  |TAMS 0x000000008ed00000, 0x000000008ed00000| Untracked 
| 238|0x000000008ee00000, 0x000000008ee00000, 0x000000008ef00000|  0%| F|  |TAMS 0x000000008ee00000, 0x000000008ee00000| Untracked 
| 239|0x000000008ef00000, 0x000000008ef00000, 0x000000008f000000|  0%| F|  |TAMS 0x000000008ef00000, 0x000000008ef00000| Untracked 
| 240|0x000000008f000000, 0x000000008f000000, 0x000000008f100000|  0%| F|  |TAMS 0x000000008f000000, 0x000000008f000000| Untracked 
| 241|0x000000008f100000, 0x000000008f100000, 0x000000008f200000|  0%| F|  |TAMS 0x000000008f100000, 0x000000008f100000| Untracked 
| 242|0x000000008f200000, 0x000000008f200000, 0x000000008f300000|  0%| F|  |TAMS 0x000000008f200000, 0x000000008f200000| Untracked 
| 243|0x000000008f300000, 0x000000008f300000, 0x000000008f400000|  0%| F|  |TAMS 0x000000008f300000, 0x000000008f300000| Untracked 
| 244|0x000000008f400000, 0x000000008f400000, 0x000000008f500000|  0%| F|  |TAMS 0x000000008f400000, 0x000000008f400000| Untracked 
| 245|0x000000008f500000, 0x000000008f500000, 0x000000008f600000|  0%| F|  |TAMS 0x000000008f500000, 0x000000008f500000| Untracked 
| 246|0x000000008f600000, 0x000000008f600000, 0x000000008f700000|  0%| F|  |TAMS 0x000000008f600000, 0x000000008f600000| Untracked 
| 247|0x000000008f700000, 0x000000008f700000, 0x000000008f800000|  0%| F|  |TAMS 0x000000008f700000, 0x000000008f700000| Untracked 
| 248|0x000000008f800000, 0x000000008f800000, 0x000000008f900000|  0%| F|  |TAMS 0x000000008f800000, 0x000000008f800000| Untracked 
| 249|0x000000008f900000, 0x000000008f900000, 0x000000008fa00000|  0%| F|  |TAMS 0x000000008f900000, 0x000000008f900000| Untracked 
| 250|0x000000008fa00000, 0x000000008fa00000, 0x000000008fb00000|  0%| F|  |TAMS 0x000000008fa00000, 0x000000008fa00000| Untracked 
| 251|0x000000008fb00000, 0x000000008fb00000, 0x000000008fc00000|  0%| F|  |TAMS 0x000000008fb00000, 0x000000008fb00000| Untracked 
| 252|0x000000008fc00000, 0x000000008fc00000, 0x000000008fd00000|  0%| F|  |TAMS 0x000000008fc00000, 0x000000008fc00000| Untracked 
| 253|0x000000008fd00000, 0x000000008fd00000, 0x000000008fe00000|  0%| F|  |TAMS 0x000000008fd00000, 0x000000008fd00000| Untracked 
| 254|0x000000008fe00000, 0x000000008fe00000, 0x000000008ff00000|  0%| F|  |TAMS 0x000000008fe00000, 0x000000008fe00000| Untracked 
| 255|0x000000008ff00000, 0x000000008ff00000, 0x0000000090000000|  0%| F|  |TAMS 0x000000008ff00000, 0x000000008ff00000| Untracked 
| 256|0x0000000090000000, 0x0000000090000000, 0x0000000090100000|  0%| F|  |TAMS 0x0000000090000000, 0x0000000090000000| Untracked 
| 257|0x0000000090100000, 0x0000000090100000, 0x0000000090200000|  0%| F|  |TAMS 0x0000000090100000, 0x0000000090100000| Untracked 
| 258|0x0000000090200000, 0x0000000090200000, 0x0000000090300000|  0%| F|  |TAMS 0x0000000090200000, 0x0000000090200000| Untracked 
| 259|0x0000000090300000, 0x0000000090300000, 0x0000000090400000|  0%| F|  |TAMS 0x0000000090300000, 0x0000000090300000| Untracked 
| 260|0x0000000090400000, 0x0000000090400000, 0x0000000090500000|  0%| F|  |TAMS 0x0000000090400000, 0x0000000090400000| Untracked 
| 261|0x0000000090500000, 0x0000000090500000, 0x0000000090600000|  0%| F|  |TAMS 0x0000000090500000, 0x0000000090500000| Untracked 
| 262|0x0000000090600000, 0x0000000090600000, 0x0000000090700000|  0%| F|  |TAMS 0x0000000090600000, 0x0000000090600000| Untracked 
| 263|0x0000000090700000, 0x0000000090700000, 0x0000000090800000|  0%| F|  |TAMS 0x0000000090700000, 0x0000000090700000| Untracked 
| 264|0x0000000090800000, 0x0000000090800000, 0x0000000090900000|  0%| F|  |TAMS 0x0000000090800000, 0x0000000090800000| Untracked 
| 265|0x0000000090900000, 0x0000000090900000, 0x0000000090a00000|  0%| F|  |TAMS 0x0000000090900000, 0x0000000090900000| Untracked 
| 266|0x0000000090a00000, 0x0000000090a00000, 0x0000000090b00000|  0%| F|  |TAMS 0x0000000090a00000, 0x0000000090a00000| Untracked 
| 267|0x0000000090b00000, 0x0000000090b00000, 0x0000000090c00000|  0%| F|  |TAMS 0x0000000090b00000, 0x0000000090b00000| Untracked 
| 268|0x0000000090c00000, 0x0000000090c00000, 0x0000000090d00000|  0%| F|  |TAMS 0x0000000090c00000, 0x0000000090c00000| Untracked 
| 269|0x0000000090d00000, 0x0000000090d00000, 0x0000000090e00000|  0%| F|  |TAMS 0x0000000090d00000, 0x0000000090d00000| Untracked 
| 270|0x0000000090e00000, 0x0000000090e00000, 0x0000000090f00000|  0%| F|  |TAMS 0x0000000090e00000, 0x0000000090e00000| Untracked 
| 271|0x0000000090f00000, 0x0000000090f00000, 0x0000000091000000|  0%| F|  |TAMS 0x0000000090f00000, 0x0000000090f00000| Untracked 
| 272|0x0000000091000000, 0x0000000091000000, 0x0000000091100000|  0%| F|  |TAMS 0x0000000091000000, 0x0000000091000000| Untracked 
| 273|0x0000000091100000, 0x0000000091100000, 0x0000000091200000|  0%| F|  |TAMS 0x0000000091100000, 0x0000000091100000| Untracked 
| 274|0x0000000091200000, 0x0000000091200000, 0x0000000091300000|  0%| F|  |TAMS 0x0000000091200000, 0x0000000091200000| Untracked 
| 275|0x0000000091300000, 0x0000000091300000, 0x0000000091400000|  0%| F|  |TAMS 0x0000000091300000, 0x0000000091300000| Untracked 
| 276|0x0000000091400000, 0x0000000091400000, 0x0000000091500000|  0%| F|  |TAMS 0x0000000091400000, 0x0000000091400000| Untracked 
| 277|0x0000000091500000, 0x0000000091500000, 0x0000000091600000|  0%| F|  |TAMS 0x0000000091500000, 0x0000000091500000| Untracked 
| 278|0x0000000091600000, 0x0000000091600000, 0x0000000091700000|  0%| F|  |TAMS 0x0000000091600000, 0x0000000091600000| Untracked 
| 279|0x0000000091700000, 0x0000000091700000, 0x0000000091800000|  0%| F|  |TAMS 0x0000000091700000, 0x0000000091700000| Untracked 
| 280|0x0000000091800000, 0x0000000091800000, 0x0000000091900000|  0%| F|  |TAMS 0x0000000091800000, 0x0000000091800000| Untracked 
| 281|0x0000000091900000, 0x0000000091900000, 0x0000000091a00000|  0%| F|  |TAMS 0x0000000091900000, 0x0000000091900000| Untracked 
| 282|0x0000000091a00000, 0x0000000091a00000, 0x0000000091b00000|  0%| F|  |TAMS 0x0000000091a00000, 0x0000000091a00000| Untracked 
| 283|0x0000000091b00000, 0x0000000091b00000, 0x0000000091c00000|  0%| F|  |TAMS 0x0000000091b00000, 0x0000000091b00000| Untracked 
| 284|0x0000000091c00000, 0x0000000091c00000, 0x0000000091d00000|  0%| F|  |TAMS 0x0000000091c00000, 0x0000000091c00000| Untracked 
| 285|0x0000000091d00000, 0x0000000091d00000, 0x0000000091e00000|  0%| F|  |TAMS 0x0000000091d00000, 0x0000000091d00000| Untracked 
| 286|0x0000000091e00000, 0x0000000091e00000, 0x0000000091f00000|  0%| F|  |TAMS 0x0000000091e00000, 0x0000000091e00000| Untracked 
| 287|0x0000000091f00000, 0x0000000091f00000, 0x0000000092000000|  0%| F|  |TAMS 0x0000000091f00000, 0x0000000091f00000| Untracked 
| 288|0x0000000092000000, 0x0000000092000000, 0x0000000092100000|  0%| F|  |TAMS 0x0000000092000000, 0x0000000092000000| Untracked 
| 289|0x0000000092100000, 0x0000000092100000, 0x0000000092200000|  0%| F|  |TAMS 0x0000000092100000, 0x0000000092100000| Untracked 
| 290|0x0000000092200000, 0x0000000092200000, 0x0000000092300000|  0%| F|  |TAMS 0x0000000092200000, 0x0000000092200000| Untracked 
| 291|0x0000000092300000, 0x0000000092300000, 0x0000000092400000|  0%| F|  |TAMS 0x0000000092300000, 0x0000000092300000| Untracked 
| 292|0x0000000092400000, 0x0000000092400000, 0x0000000092500000|  0%| F|  |TAMS 0x0000000092400000, 0x0000000092400000| Untracked 
| 293|0x0000000092500000, 0x0000000092500000, 0x0000000092600000|  0%| F|  |TAMS 0x0000000092500000, 0x0000000092500000| Untracked 
| 294|0x0000000092600000, 0x0000000092600000, 0x0000000092700000|  0%| F|  |TAMS 0x0000000092600000, 0x0000000092600000| Untracked 
| 295|0x0000000092700000, 0x0000000092700000, 0x0000000092800000|  0%| F|  |TAMS 0x0000000092700000, 0x0000000092700000| Untracked 
| 296|0x0000000092800000, 0x0000000092800000, 0x0000000092900000|  0%| F|  |TAMS 0x0000000092800000, 0x0000000092800000| Untracked 
| 297|0x0000000092900000, 0x0000000092900000, 0x0000000092a00000|  0%| F|  |TAMS 0x0000000092900000, 0x0000000092900000| Untracked 
| 298|0x0000000092a00000, 0x0000000092a00000, 0x0000000092b00000|  0%| F|  |TAMS 0x0000000092a00000, 0x0000000092a00000| Untracked 
| 299|0x0000000092b00000, 0x0000000092b00000, 0x0000000092c00000|  0%| F|  |TAMS 0x0000000092b00000, 0x0000000092b00000| Untracked 
| 300|0x0000000092c00000, 0x0000000092c00000, 0x0000000092d00000|  0%| F|  |TAMS 0x0000000092c00000, 0x0000000092c00000| Untracked 
| 301|0x0000000092d00000, 0x0000000092d00000, 0x0000000092e00000|  0%| F|  |TAMS 0x0000000092d00000, 0x0000000092d00000| Untracked 
| 302|0x0000000092e00000, 0x0000000092e00000, 0x0000000092f00000|  0%| F|  |TAMS 0x0000000092e00000, 0x0000000092e00000| Untracked 
| 303|0x0000000092f00000, 0x0000000092f00000, 0x0000000093000000|  0%| F|  |TAMS 0x0000000092f00000, 0x0000000092f00000| Untracked 
| 304|0x0000000093000000, 0x0000000093000000, 0x0000000093100000|  0%| F|  |TAMS 0x0000000093000000, 0x0000000093000000| Untracked 
| 305|0x0000000093100000, 0x0000000093100000, 0x0000000093200000|  0%| F|  |TAMS 0x0000000093100000, 0x0000000093100000| Untracked 
| 306|0x0000000093200000, 0x0000000093200000, 0x0000000093300000|  0%| F|  |TAMS 0x0000000093200000, 0x0000000093200000| Untracked 

Card table byte_map: [0x000001b232330000,0x000001b232730000] _byte_map_base: 0x000001b231f30000

Marking Bits (Prev, Next): (CMBitMap*) 0x000001b21f34ab70, (CMBitMap*) 0x000001b21f34ab38
 Prev Bits: [0x000001b234b30000, 0x000001b236b30000)
 Next Bits: [0x000001b232b30000, 0x000001b234b30000)

Polling page: 0x000001b21ead0000

Metaspace:

Usage:
  Non-class:     41.99 MB capacity,    41.04 MB ( 98%) used,   834.18 KB (  2%) free+waste,   142.56 KB ( <1%) overhead. 
      Class:      6.52 MB capacity,     5.98 MB ( 92%) used,   475.58 KB (  7%) free+waste,    69.00 KB (  1%) overhead. 
       Both:     48.51 MB capacity,    47.02 MB ( 97%) used,     1.28 MB (  3%) free+waste,   211.56 KB ( <1%) overhead. 

Virtual space:
  Non-class space:       42.00 MB reserved,      42.00 MB (100%) committed 
      Class space:        1.00 GB reserved,       6.62 MB ( <1%) committed 
             Both:        1.04 GB reserved,      48.62 MB (  5%) committed 

Chunk freelists:
   Non-Class:  8.00 KB
       Class:  15.00 KB
        Both:  23.00 KB

MaxMetaspaceSize: 17179869184.00 GB
CompressedClassSpaceSize: 1.00 GB
Initial GC threshold: 20.80 MB
Current GC threshold: 81.04 MB
CDS: off

CodeHeap 'non-profiled nmethods': size=120064Kb used=3196Kb max_used=3196Kb free=116868Kb
 bounds [0x000001b22a8e0000, 0x000001b22ac00000, 0x000001b231e20000]
CodeHeap 'profiled nmethods': size=120000Kb used=10539Kb max_used=10539Kb free=109460Kb
 bounds [0x000001b2233b0000, 0x000001b223e00000, 0x000001b22a8e0000]
CodeHeap 'non-nmethods': size=5696Kb used=2291Kb max_used=2365Kb free=3404Kb
 bounds [0x000001b222e20000, 0x000001b223090000, 0x000001b2233b0000]
 total_blobs=5684 nmethods=4895 adapters=701
 compilation: enabled
              stopped_count=0, restarted_count=0
 full_count=0

Compilation events (20 events):
Event: 7.074 Thread 0x000001b239373000 4992       2       org.gradle.internal.classpath.transforms.LambdaSerializationTransformer::getEstimatedSingleLambdaHandlingCodeLength (48 bytes)
Event: 7.074 Thread 0x000001b239373000 nmethod 4992 0x000001b223df1d10 code [0x000001b223df1ec0, 0x000001b223df2088]
Event: 7.075 Thread 0x000001b239373000 4991       2       com.google.common.collect.Iterators$PeekingImpl::peek (33 bytes)
Event: 7.075 Thread 0x000001b239373000 nmethod 4991 0x000001b223df2210 code [0x000001b223df23c0, 0x000001b223df2548]
Event: 7.102 Thread 0x000001b239373000 4995       2       org.objectweb.asm.Type::getClassName (180 bytes)
Event: 7.103 Thread 0x000001b239373000 nmethod 4995 0x000001b223df2610 code [0x000001b223df28c0, 0x000001b223df3218]
Event: 7.201 Thread 0x000001b239373000 5000 %     3       org.gradle.api.internal.changedetection.state.ZipHasher::fingerprintZipEntries @ 21 (168 bytes)
Event: 7.203 Thread 0x000001b239373000 nmethod 5000% 0x000001b223df3790 code [0x000001b223df3ba0, 0x000001b223df5878]
Event: 7.225 Thread 0x000001b239373000 5001       3       org.gradle.api.internal.changedetection.state.ZipHasher::fingerprintZipEntries (168 bytes)
Event: 7.227 Thread 0x000001b239373000 nmethod 5001 0x000001b223df6210 code [0x000001b223df6620, 0x000001b223df81b8]
Event: 7.233 Thread 0x000001b239372000 nmethod 4862% 0x000001b22abe5d90 code [0x000001b22abe6700, 0x000001b22abf5be0]
Event: 7.233 Thread 0x000001b239372000 4986       4       org.objectweb.asm.ClassReader::getFirstAttributeOffset (136 bytes)
Event: 7.239 Thread 0x000001b239372000 nmethod 4986 0x000001b22abfe590 code [0x000001b22abfe740, 0x000001b22abfebf8]
Event: 7.239 Thread 0x000001b239372000 5002 %     4       org.objectweb.asm.ClassReader::readCode @ 92 (5117 bytes)
Event: 7.246 Thread 0x000001b239373000 5003       2       java.util.concurrent.locks.AbstractQueuedSynchronizer::enq (37 bytes)
Event: 7.247 Thread 0x000001b239373000 nmethod 5003 0x000001b223df8b10 code [0x000001b223df8dc0, 0x000001b223df99a8]
Event: 7.253 Thread 0x000001b239373000 5005       2       org.objectweb.asm.tree.ClassNode::visitField (31 bytes)
Event: 7.253 Thread 0x000001b239373000 nmethod 5005 0x000001b223df9f90 code [0x000001b223dfa160, 0x000001b223dfa428]
Event: 7.253 Thread 0x000001b239373000 5006       2       org.objectweb.asm.tree.FieldNode::<init> (31 bytes)
Event: 7.253 Thread 0x000001b239373000 nmethod 5006 0x000001b223dfa610 code [0x000001b223dfa7e0, 0x000001b223dfabb8]

GC Heap History (20 events):
Event: 6.221 GC heap after
{Heap after GC invocations=27 (full 0):
 garbage-first heap   total 175104K, used 88014K [0x0000000080000000, 0x0000000100000000)
  region size 1024K, 4 young (4096K), 4 survivors (4096K)
 Metaspace       used 48110K, capacity 49672K, committed 49792K, reserved 1091584K
  class space    used 6128K, capacity 6673K, committed 6784K, reserved 1048576K
}
Event: 6.278 GC heap before
{Heap before GC invocations=28 (full 0):
 garbage-first heap   total 175104K, used 137166K [0x0000000080000000, 0x0000000100000000)
  region size 1024K, 53 young (54272K), 4 survivors (4096K)
 Metaspace       used 48113K, capacity 49672K, committed 49792K, reserved 1091584K
  class space    used 6128K, capacity 6673K, committed 6784K, reserved 1048576K
}
Event: 6.280 GC heap after
{Heap after GC invocations=29 (full 0):
 garbage-first heap   total 175104K, used 88801K [0x0000000080000000, 0x0000000100000000)
  region size 1024K, 5 young (5120K), 5 survivors (5120K)
 Metaspace       used 48113K, capacity 49672K, committed 49792K, reserved 1091584K
  class space    used 6128K, capacity 6673K, committed 6784K, reserved 1048576K
}
Event: 6.317 GC heap before
{Heap before GC invocations=29 (full 0):
 garbage-first heap   total 175104K, used 138977K [0x0000000080000000, 0x0000000100000000)
  region size 1024K, 55 young (56320K), 5 survivors (5120K)
 Metaspace       used 48113K, capacity 49672K, committed 49792K, reserved 1091584K
  class space    used 6128K, capacity 6673K, committed 6784K, reserved 1048576K
}
Event: 6.320 GC heap after
{Heap after GC invocations=30 (full 0):
 garbage-first heap   total 222208K, used 89466K [0x0000000080000000, 0x0000000100000000)
  region size 1024K, 5 young (5120K), 5 survivors (5120K)
 Metaspace       used 48113K, capacity 49672K, committed 49792K, reserved 1091584K
  class space    used 6128K, capacity 6673K, committed 6784K, reserved 1048576K
}
Event: 6.413 GC heap before
{Heap before GC invocations=31 (full 0):
 garbage-first heap   total 222208K, used 163194K [0x0000000080000000, 0x0000000100000000)
  region size 1024K, 77 young (78848K), 5 survivors (5120K)
 Metaspace       used 48119K, capacity 49673K, committed 49792K, reserved 1091584K
  class space    used 6128K, capacity 6673K, committed 6784K, reserved 1048576K
}
Event: 6.415 GC heap after
{Heap after GC invocations=32 (full 0):
 garbage-first heap   total 222208K, used 90209K [0x0000000080000000, 0x0000000100000000)
  region size 1024K, 5 young (5120K), 5 survivors (5120K)
 Metaspace       used 48119K, capacity 49673K, committed 49792K, reserved 1091584K
  class space    used 6128K, capacity 6673K, committed 6784K, reserved 1048576K
}
Event: 6.498 GC heap before
{Heap before GC invocations=32 (full 0):
 garbage-first heap   total 222208K, used 173153K [0x0000000080000000, 0x0000000100000000)
  region size 1024K, 86 young (88064K), 5 survivors (5120K)
 Metaspace       used 48122K, capacity 49673K, committed 49792K, reserved 1091584K
  class space    used 6128K, capacity 6673K, committed 6784K, reserved 1048576K
}
Event: 6.501 GC heap after
{Heap after GC invocations=33 (full 0):
 garbage-first heap   total 222208K, used 91093K [0x0000000080000000, 0x0000000100000000)
  region size 1024K, 6 young (6144K), 6 survivors (6144K)
 Metaspace       used 48122K, capacity 49673K, committed 49792K, reserved 1091584K
  class space    used 6128K, capacity 6673K, committed 6784K, reserved 1048576K
}
Event: 6.592 GC heap before
{Heap before GC invocations=33 (full 0):
 garbage-first heap   total 222208K, used 174037K [0x0000000080000000, 0x0000000100000000)
  region size 1024K, 88 young (90112K), 6 survivors (6144K)
 Metaspace       used 48126K, capacity 49673K, committed 49792K, reserved 1091584K
  class space    used 6128K, capacity 6673K, committed 6784K, reserved 1048576K
}
Event: 6.595 GC heap after
{Heap after GC invocations=34 (full 0):
 garbage-first heap   total 222208K, used 92118K [0x0000000080000000, 0x0000000100000000)
  region size 1024K, 7 young (7168K), 7 survivors (7168K)
 Metaspace       used 48126K, capacity 49673K, committed 49792K, reserved 1091584K
  class space    used 6128K, capacity 6673K, committed 6784K, reserved 1048576K
}
Event: 6.674 GC heap before
{Heap before GC invocations=34 (full 0):
 garbage-first heap   total 222208K, used 176086K [0x0000000080000000, 0x0000000100000000)
  region size 1024K, 90 young (92160K), 7 survivors (7168K)
 Metaspace       used 48126K, capacity 49673K, committed 49792K, reserved 1091584K
  class space    used 6128K, capacity 6673K, committed 6784K, reserved 1048576K
}
Event: 6.680 GC heap after
{Heap after GC invocations=35 (full 0):
 garbage-first heap   total 314368K, used 92702K [0x0000000080000000, 0x0000000100000000)
  region size 1024K, 7 young (7168K), 7 survivors (7168K)
 Metaspace       used 48126K, capacity 49673K, committed 49792K, reserved 1091584K
  class space    used 6128K, capacity 6673K, committed 6784K, reserved 1048576K
}
Event: 6.805 GC heap before
{Heap before GC invocations=35 (full 0):
 garbage-first heap   total 314368K, used 212510K [0x0000000080000000, 0x0000000100000000)
  region size 1024K, 124 young (126976K), 7 survivors (7168K)
 Metaspace       used 48129K, capacity 49673K, committed 49792K, reserved 1091584K
  class space    used 6128K, capacity 6673K, committed 6784K, reserved 1048576K
}
Event: 6.808 GC heap after
{Heap after GC invocations=36 (full 0):
 garbage-first heap   total 314368K, used 94154K [0x0000000080000000, 0x0000000100000000)
  region size 1024K, 9 young (9216K), 9 survivors (9216K)
 Metaspace       used 48129K, capacity 49673K, committed 49792K, reserved 1091584K
  class space    used 6128K, capacity 6673K, committed 6784K, reserved 1048576K
}
Event: 6.954 GC heap before
{Heap before GC invocations=36 (full 0):
 garbage-first heap   total 314368K, used 228298K [0x0000000080000000, 0x0000000100000000)
  region size 1024K, 141 young (144384K), 9 survivors (9216K)
 Metaspace       used 48139K, capacity 49673K, committed 49792K, reserved 1091584K
  class space    used 6128K, capacity 6673K, committed 6784K, reserved 1048576K
}
Event: 6.959 GC heap after
{Heap after GC invocations=37 (full 0):
 garbage-first heap   total 314368K, used 96549K [0x0000000080000000, 0x0000000100000000)
  region size 1024K, 11 young (11264K), 11 survivors (11264K)
 Metaspace       used 48139K, capacity 49673K, committed 49792K, reserved 1091584K
  class space    used 6128K, capacity 6673K, committed 6784K, reserved 1048576K
}
Event: 7.119 GC heap before
{Heap before GC invocations=37 (full 0):
 garbage-first heap   total 314368K, used 252197K [0x0000000080000000, 0x0000000100000000)
  region size 1024K, 163 young (166912K), 11 survivors (11264K)
 Metaspace       used 48147K, capacity 49673K, committed 49792K, reserved 1091584K
  class space    used 6128K, capacity 6673K, committed 6784K, reserved 1048576K
}
Event: 7.124 GC heap after
{Heap after GC invocations=38 (full 0):
 garbage-first heap   total 314368K, used 98121K [0x0000000080000000, 0x0000000100000000)
  region size 1024K, 13 young (13312K), 13 survivors (13312K)
 Metaspace       used 48147K, capacity 49673K, committed 49792K, reserved 1091584K
  class space    used 6128K, capacity 6673K, committed 6784K, reserved 1048576K
}
Event: 7.301 GC heap before
{Heap before GC invocations=38 (full 0):
 garbage-first heap   total 314368K, used 260937K [0x0000000080000000, 0x0000000100000000)
  region size 1024K, 172 young (176128K), 13 survivors (13312K)
 Metaspace       used 48151K, capacity 49673K, committed 49792K, reserved 1091584K
  class space    used 6128K, capacity 6673K, committed 6784K, reserved 1048576K
}

Deoptimization events (20 events):
Event: 6.588 Thread 0x000001b23c36d000 Uncommon trap: trap_request=0xffffffde fr.pc=0x000001b22ab98ff0 relative=0x0000000000000550
Event: 6.588 Thread 0x000001b23c36d000 Uncommon trap: reason=class_check action=maybe_recompile pc=0x000001b22ab98ff0 method=java.util.stream.ReferencePipeline$7$1.accept(Ljava/lang/Object;)V @ 8 c2
Event: 6.588 Thread 0x000001b23c36d000 DEOPT PACKING pc=0x000001b22ab98ff0 sp=0x0000003b707fed70
Event: 6.588 Thread 0x000001b23c36d000 DEOPT UNPACKING pc=0x000001b222e6a1af sp=0x0000003b707fed20 mode 2
Event: 6.588 Thread 0x000001b23c36d000 Uncommon trap: trap_request=0xffffffde fr.pc=0x000001b22ab98ff0 relative=0x0000000000000550
Event: 6.588 Thread 0x000001b23c36d000 Uncommon trap: reason=class_check action=maybe_recompile pc=0x000001b22ab98ff0 method=java.util.stream.ReferencePipeline$7$1.accept(Ljava/lang/Object;)V @ 8 c2
Event: 6.588 Thread 0x000001b23c36d000 DEOPT PACKING pc=0x000001b22ab98ff0 sp=0x0000003b707fed70
Event: 6.588 Thread 0x000001b23c36d000 DEOPT UNPACKING pc=0x000001b222e6a1af sp=0x0000003b707fed20 mode 2
Event: 6.621 Thread 0x000001b23c056000 DEOPT PACKING pc=0x000001b223d87ea1 sp=0x0000003b71dfd920
Event: 6.621 Thread 0x000001b23c056000 DEOPT UNPACKING pc=0x000001b222e6a95e sp=0x0000003b71dfcda8 mode 0
Event: 6.797 Thread 0x000001b23dbb4000 Uncommon trap: trap_request=0xffffff4d fr.pc=0x000001b22aba1ab8 relative=0x0000000000000398
Event: 6.797 Thread 0x000001b23dbb4000 Uncommon trap: reason=unstable_if action=reinterpret pc=0x000001b22aba1ab8 method=org.objectweb.asm.AnnotationWriter.putAnnotations(Lorg/objectweb/asm/SymbolTable;Lorg/objectweb/asm/AnnotationWriter;Lorg/objectweb/asm/AnnotationWriter;Lorg/objectweb/asm/A
Event: 6.797 Thread 0x000001b23dbb4000 DEOPT PACKING pc=0x000001b22aba1ab8 sp=0x0000003b720fe3c0
Event: 6.797 Thread 0x000001b23dbb4000 DEOPT UNPACKING pc=0x000001b222e6a1af sp=0x0000003b720fe360 mode 2
Event: 6.846 Thread 0x000001b23dbb4000 Uncommon trap: trap_request=0xffffff4d fr.pc=0x000001b22ab84058 relative=0x0000000000000cd8
Event: 6.846 Thread 0x000001b23dbb4000 Uncommon trap: reason=unstable_if action=reinterpret pc=0x000001b22ab84058 method=org.gradle.internal.classpath.transforms.InstrumentingClassTransform$InstrumentingMethodVisitor.visitINVOKEVIRTUAL(Ljava/lang/String;Ljava/lang/String;Ljava/lang/String;)Z @
Event: 6.846 Thread 0x000001b23dbb4000 DEOPT PACKING pc=0x000001b22ab84058 sp=0x0000003b720fde50
Event: 6.846 Thread 0x000001b23dbb4000 DEOPT UNPACKING pc=0x000001b222e6a1af sp=0x0000003b720fddc0 mode 2
Event: 7.272 Thread 0x000001b23c056000 DEOPT PACKING pc=0x000001b223c3fb70 sp=0x0000003b71dfdd30
Event: 7.272 Thread 0x000001b23c056000 DEOPT UNPACKING pc=0x000001b222e6a95e sp=0x0000003b71dfd3b0 mode 0

Classes redefined (0 events):
No events

Internal exceptions (20 events):
Event: 5.192 Thread 0x000001b23ae0f800 Exception <a 'java/lang/ClassNotFoundException'{0x0000000086bed880}: org/gradle/api/internal/initialization/DefaultScriptHandler_DecoratedCustomizer> (0x0000000086bed880) thrown at [src/hotspot/share/classfile/systemDictionary.cpp, line 230]
Event: 5.294 Thread 0x000001b23ae0f800 Implicit null exception at 0x000001b22aa977ec to 0x000001b22aa97894
Event: 5.301 Thread 0x000001b23ae0f800 Exception <a 'java/lang/ClassNotFoundException'{0x00000000888bfc60}: org/gradle/api/internal/artifacts/dsl/dependencies/DefaultDependencyHandler_DecoratedBeanInfo> (0x00000000888bfc60) thrown at [src/hotspot/share/classfile/systemDictionary.cpp, line 230]
Event: 5.302 Thread 0x000001b23ae0f800 Exception <a 'java/lang/ClassNotFoundException'{0x0000000088705ad8}: org/gradle/api/internal/artifacts/dsl/dependencies/DefaultDependencyHandlerBeanInfo> (0x0000000088705ad8) thrown at [src/hotspot/share/classfile/systemDictionary.cpp, line 230]
Event: 5.302 Thread 0x000001b23ae0f800 Exception <a 'java/lang/ClassNotFoundException'{0x000000008874ae68}: org/gradle/api/internal/artifacts/dsl/dependencies/DefaultDependencyHandlerCustomizer> (0x000000008874ae68) thrown at [src/hotspot/share/classfile/systemDictionary.cpp, line 230]
Event: 5.304 Thread 0x000001b23ae0f800 Exception <a 'java/lang/ClassNotFoundException'{0x00000000887b9538}: org/gradle/api/internal/artifacts/dsl/dependencies/DefaultDependencyHandler_DecoratedCustomizer> (0x00000000887b9538) thrown at [src/hotspot/share/classfile/systemDictionary.cpp, line 230]
Event: 5.355 Thread 0x000001b23ae0f800 Exception <a 'java/lang/NoSuchMethodError'{0x0000000088147dc8}: 'java.lang.Object java.lang.invoke.DirectMethodHandle$Holder.invokeStatic(java.lang.Object, int, java.lang.Object)'> (0x0000000088147dc8) thrown at [src/hotspot/share/interpreter/linkResolver.cpp, line 773]
Event: 5.394 Thread 0x000001b23ae0f800 Exception <a 'java/lang/NoSuchMethodError'{0x0000000087cadf88}: 'void java.lang.invoke.DirectMethodHandle$Holder.invokeInterface(java.lang.Object, java.lang.Object)'> (0x0000000087cadf88) thrown at [src/hotspot/share/interpreter/linkResolver.cpp, line 773]
Event: 5.509 Thread 0x000001b23ae0f800 Exception <a 'java/lang/NoSuchMethodError'{0x0000000086de8740}: 'int java.lang.invoke.DirectMethodHandle$Holder.invokeStaticInit(java.lang.Object)'> (0x0000000086de8740) thrown at [src/hotspot/share/interpreter/linkResolver.cpp, line 773]
Event: 5.534 Thread 0x000001b23c054800 Exception <a 'sun/nio/fs/WindowsException'{0x0000000086cf95e8}> (0x0000000086cf95e8) thrown at [src/hotspot/share/prims/jni.cpp, line 617]
Event: 5.538 Thread 0x000001b23c054800 Exception <a 'sun/nio/fs/WindowsException'{0x0000000086b2e438}> (0x0000000086b2e438) thrown at [src/hotspot/share/prims/jni.cpp, line 617]
Event: 5.538 Thread 0x000001b23c054800 Exception <a 'sun/nio/fs/WindowsException'{0x0000000086b2e590}> (0x0000000086b2e590) thrown at [src/hotspot/share/prims/jni.cpp, line 617]
Event: 5.560 Thread 0x000001b23ae0f800 Exception <a 'java/lang/ClassNotFoundException'{0x0000000086bad368}: sync_studio_tooling11_7kt5mksqqmqu8xyh54rggnrx9BeanInfo> (0x0000000086bad368) thrown at [src/hotspot/share/classfile/systemDictionary.cpp, line 230]
Event: 5.560 Thread 0x000001b23ae0f800 Exception <a 'java/lang/ClassNotFoundException'{0x0000000086bbac58}: sync_studio_tooling11_7kt5mksqqmqu8xyh54rggnrx9Customizer> (0x0000000086bbac58) thrown at [src/hotspot/share/classfile/systemDictionary.cpp, line 230]
Event: 5.573 Thread 0x000001b23ae0f800 Exception <a 'java/lang/ClassNotFoundException'{0x0000000086aaf988}: ijinit1_em9x8wroq4q11uaz4fy1o8rauBeanInfo> (0x0000000086aaf988) thrown at [src/hotspot/share/classfile/systemDictionary.cpp, line 230]
Event: 5.574 Thread 0x000001b23ae0f800 Exception <a 'java/lang/ClassNotFoundException'{0x0000000086abc730}: ijinit1_em9x8wroq4q11uaz4fy1o8rauCustomizer> (0x0000000086abc730) thrown at [src/hotspot/share/classfile/systemDictionary.cpp, line 230]
Event: 5.578 Thread 0x000001b23ae0f800 Exception <a 'java/lang/ClassNotFoundException'{0x0000000086911e60}: ijinit1_em9x8wroq4q11uaz4fy1o8rau$_run_closure1BeanInfo> (0x0000000086911e60) thrown at [src/hotspot/share/classfile/systemDictionary.cpp, line 230]
Event: 5.578 Thread 0x000001b23ae0f800 Exception <a 'java/lang/ClassNotFoundException'{0x0000000086918fa8}: ijinit1_em9x8wroq4q11uaz4fy1o8rau$_run_closure1Customizer> (0x0000000086918fa8) thrown at [src/hotspot/share/classfile/systemDictionary.cpp, line 230]
Event: 5.605 Thread 0x000001b23c056000 Exception <a 'sun/nio/fs/WindowsException'{0x0000000088d0f710}> (0x0000000088d0f710) thrown at [src/hotspot/share/prims/jni.cpp, line 617]
Event: 5.605 Thread 0x000001b23dbb4000 Exception <a 'sun/nio/fs/WindowsException'{0x0000000088d0af50}> (0x0000000088d0af50) thrown at [src/hotspot/share/prims/jni.cpp, line 617]

Events (20 events):
Event: 6.341 Executing VM operation: CGC_Operation
Event: 6.345 Executing VM operation: CGC_Operation done
Event: 6.354 Executing VM operation: CGC_Operation
Event: 6.354 Executing VM operation: CGC_Operation done
Event: 6.412 Executing VM operation: G1CollectForAllocation
Event: 6.415 Executing VM operation: G1CollectForAllocation done
Event: 6.498 Executing VM operation: G1CollectForAllocation
Event: 6.501 Executing VM operation: G1CollectForAllocation done
Event: 6.527 Loaded shared library D:\FongAndroid\jbr\bin\java.dll
Event: 6.592 Executing VM operation: G1CollectForAllocation
Event: 6.595 Executing VM operation: G1CollectForAllocation done
Event: 6.674 Executing VM operation: G1CollectForAllocation
Event: 6.680 Executing VM operation: G1CollectForAllocation done
Event: 6.805 Executing VM operation: G1CollectForAllocation
Event: 6.808 Executing VM operation: G1CollectForAllocation done
Event: 6.954 Executing VM operation: G1CollectForAllocation
Event: 6.959 Executing VM operation: G1CollectForAllocation done
Event: 7.119 Executing VM operation: G1CollectForAllocation
Event: 7.124 Executing VM operation: G1CollectForAllocation done
Event: 7.301 Executing VM operation: G1CollectForAllocation


Dynamic libraries:
0x00007ff733910000 - 0x00007ff73391a000 	D:\FongAndroid\jbr\bin\java.exe
0x00007ffdb0f30000 - 0x00007ffdb1147000 	C:\WINDOWS\SYSTEM32\ntdll.dll
0x00007ffdb03d0000 - 0x00007ffdb0494000 	C:\WINDOWS\System32\KERNEL32.DLL
0x00007ffdae5f0000 - 0x00007ffdae996000 	C:\WINDOWS\System32\KERNELBASE.dll
0x00007ffdae4d0000 - 0x00007ffdae5e1000 	C:\WINDOWS\System32\ucrtbase.dll
0x00007ffd92460000 - 0x00007ffd9247b000 	D:\FongAndroid\jbr\bin\VCRUNTIME140.dll
0x00007ffd965c0000 - 0x00007ffd965d7000 	D:\FongAndroid\jbr\bin\jli.dll
0x00007ffdb0d30000 - 0x00007ffdb0ede000 	C:\WINDOWS\System32\USER32.dll
0x00007ffd96a10000 - 0x00007ffd96ca3000 	C:\WINDOWS\WinSxS\amd64_microsoft.windows.common-controls_6595b64144ccf1df_6.0.22621.2506_none_270c5ae97388e100\COMCTL32.dll
0x00007ffdae9a0000 - 0x00007ffdae9c6000 	C:\WINDOWS\System32\win32u.dll
0x00007ffdb0b50000 - 0x00007ffdb0b79000 	C:\WINDOWS\System32\GDI32.dll
0x00007ffdafba0000 - 0x00007ffdafc47000 	C:\WINDOWS\System32\msvcrt.dll
0x00007ffdae270000 - 0x00007ffdae388000 	C:\WINDOWS\System32\gdi32full.dll
0x00007ffdae430000 - 0x00007ffdae4ca000 	C:\WINDOWS\System32\msvcp_win.dll
0x00007ffdafe00000 - 0x00007ffdafe31000 	C:\WINDOWS\System32\IMM32.DLL
0x00007ffd759b0000 - 0x00007ffd75a3d000 	D:\FongAndroid\jbr\bin\msvcp140.dll
0x00007ffd872d0000 - 0x00007ffd872dc000 	C:\WINDOWS\SYSTEM32\VCRUNTIME140_1.dll
0x00007ffd6dfc0000 - 0x00007ffd6eb7c000 	D:\FongAndroid\jbr\bin\server\jvm.dll
0x00007ffdaf700000 - 0x00007ffdaf7b3000 	C:\WINDOWS\System32\ADVAPI32.dll
0x00007ffdb04b0000 - 0x00007ffdb0558000 	C:\WINDOWS\System32\sechost.dll
0x00007ffdae390000 - 0x00007ffdae3b8000 	C:\WINDOWS\System32\bcrypt.dll
0x00007ffdaec80000 - 0x00007ffdaed97000 	C:\WINDOWS\System32\RPCRT4.dll
0x00007ffdb0c90000 - 0x00007ffdb0c98000 	C:\WINDOWS\System32\PSAPI.DLL
0x00007ffda74b0000 - 0x00007ffda74ba000 	C:\WINDOWS\SYSTEM32\VERSION.dll
0x00007ffda7030000 - 0x00007ffda7064000 	C:\WINDOWS\SYSTEM32\WINMM.dll
0x00007ffd9ea70000 - 0x00007ffd9ea79000 	C:\WINDOWS\SYSTEM32\WSOCK32.dll
0x00007ffdafed0000 - 0x00007ffdaff41000 	C:\WINDOWS\System32\WS2_32.dll
0x00007ffdad2a0000 - 0x00007ffdad2b8000 	C:\WINDOWS\SYSTEM32\kernel.appcore.dll
0x00007ffd9ea60000 - 0x00007ffd9ea70000 	D:\FongAndroid\jbr\bin\verify.dll
0x00007ffdabcc0000 - 0x00007ffdabef3000 	C:\WINDOWS\SYSTEM32\DBGHELP.DLL
0x00007ffdaf810000 - 0x00007ffdafb99000 	C:\WINDOWS\System32\combase.dll
0x00007ffdaf620000 - 0x00007ffdaf6f7000 	C:\WINDOWS\System32\OLEAUT32.dll
0x00007ffd87df0000 - 0x00007ffd87e22000 	C:\WINDOWS\SYSTEM32\dbgcore.DLL
0x00007ffdaec00000 - 0x00007ffdaec7a000 	C:\WINDOWS\System32\bcryptPrimitives.dll
0x00007ffd92310000 - 0x00007ffd92338000 	D:\FongAndroid\jbr\bin\java.dll
0x00007ffd96620000 - 0x00007ffd9662a000 	D:\FongAndroid\jbr\bin\jimage.dll
0x00007ffd955d0000 - 0x00007ffd955de000 	D:\FongAndroid\jbr\bin\instrument.dll
0x00007ffd922f0000 - 0x00007ffd92308000 	D:\FongAndroid\jbr\bin\zip.dll
0x00007ffdaeda0000 - 0x00007ffdaf5fa000 	C:\WINDOWS\System32\SHELL32.dll
0x00007ffdac1c0000 - 0x00007ffdacab6000 	C:\WINDOWS\SYSTEM32\windows.storage.dll
0x00007ffdac080000 - 0x00007ffdac1be000 	C:\WINDOWS\SYSTEM32\wintypes.dll
0x00007ffdb0b90000 - 0x00007ffdb0c83000 	C:\WINDOWS\System32\SHCORE.dll
0x00007ffdb07a0000 - 0x00007ffdb07fe000 	C:\WINDOWS\System32\shlwapi.dll
0x00007ffdae1a0000 - 0x00007ffdae1c6000 	C:\WINDOWS\SYSTEM32\profapi.dll
0x00007ffd91df0000 - 0x00007ffd91e09000 	D:\FongAndroid\jbr\bin\net.dll
0x00007ffda6e70000 - 0x00007ffda6fa7000 	C:\WINDOWS\SYSTEM32\WINHTTP.dll
0x00007ffdad720000 - 0x00007ffdad789000 	C:\WINDOWS\system32\mswsock.dll
0x00007ffd91dd0000 - 0x00007ffd91de3000 	D:\FongAndroid\jbr\bin\nio.dll
0x00007ffd95510000 - 0x00007ffd95537000 	C:\Users\HI\.gradle\native\c067742578af261105cb4f569cf0c3c89f3d7b1fecec35dd04571415982c5e48\windows-amd64\native-platform.dll
0x00007ffd705f0000 - 0x00007ffd70734000 	C:\Users\HI\.gradle\native\38dada09dfb8b06ba9b0570ebf7e218e3eb74d4ef43ca46872605cf95ebc2f47\windows-amd64\native-platform-file-events.dll
0x00007ffd954f0000 - 0x00007ffd954fa000 	D:\FongAndroid\jbr\bin\management.dll
0x00007ffd951d0000 - 0x00007ffd951db000 	D:\FongAndroid\jbr\bin\management_ext.dll
0x00007ffdad980000 - 0x00007ffdad99b000 	C:\WINDOWS\SYSTEM32\CRYPTSP.dll
0x00007ffdad200000 - 0x00007ffdad235000 	C:\WINDOWS\system32\rsaenh.dll
0x00007ffdad810000 - 0x00007ffdad83c000 	C:\WINDOWS\SYSTEM32\USERENV.dll
0x00007ffdad970000 - 0x00007ffdad97c000 	C:\WINDOWS\SYSTEM32\CRYPTBASE.dll
0x00007ffdacd20000 - 0x00007ffdacd4d000 	C:\WINDOWS\SYSTEM32\IPHLPAPI.DLL
0x00007ffdb04a0000 - 0x00007ffdb04a9000 	C:\WINDOWS\System32\NSI.dll
0x00007ffda65e0000 - 0x00007ffda65f9000 	C:\WINDOWS\SYSTEM32\dhcpcsvc6.DLL
0x00007ffda6500000 - 0x00007ffda651f000 	C:\WINDOWS\SYSTEM32\dhcpcsvc.DLL
0x00007ffdacd90000 - 0x00007ffdace89000 	C:\WINDOWS\SYSTEM32\DNSAPI.dll

dbghelp: loaded successfully - version: 4.0.5 - missing functions: none
symbol engine: initialized successfully - sym options: 0x614 - pdb path: .;D:\FongAndroid\jbr\bin;C:\WINDOWS\SYSTEM32;C:\WINDOWS\WinSxS\amd64_microsoft.windows.common-controls_6595b64144ccf1df_6.0.22621.2506_none_270c5ae97388e100;D:\FongAndroid\jbr\bin\server;C:\Users\HI\.gradle\native\c067742578af261105cb4f569cf0c3c89f3d7b1fecec35dd04571415982c5e48\windows-amd64;C:\Users\HI\.gradle\native\38dada09dfb8b06ba9b0570ebf7e218e3eb74d4ef43ca46872605cf95ebc2f47\windows-amd64

VM Arguments:
jvm_args: --add-opens=java.base/java.util=ALL-UNNAMED --add-opens=java.base/java.lang=ALL-UNNAMED --add-opens=java.base/java.lang.invoke=ALL-UNNAMED --add-opens=java.prefs/java.util.prefs=ALL-UNNAMED --add-opens=java.base/java.nio.charset=ALL-UNNAMED --add-opens=java.base/java.net=ALL-UNNAMED --add-opens=java.base/java.util.concurrent.atomic=ALL-UNNAMED -Xmx2048m -Dfile.encoding=UTF-8 -Duser.country=US -Duser.language=en -Duser.variant -javaagent:C:\Users\HI\.gradle\wrapper\dists\gradle-8.5-bin\5t9huq95ubn472n8rpzujfbqh\gradle-8.5\lib\agents\gradle-instrumentation-agent-8.5.jar 
java_command: org.gradle.launcher.daemon.bootstrap.GradleDaemon 8.5
java_class_path (initial): C:\Users\HI\.gradle\wrapper\dists\gradle-8.5-bin\5t9huq95ubn472n8rpzujfbqh\gradle-8.5\lib\gradle-launcher-8.5.jar
Launcher Type: SUN_STANDARD

[Global flags]
     intx CICompilerCount                          = 3                                         {product} {ergonomic}
     uint ConcGCThreads                            = 2                                         {product} {ergonomic}
     uint G1ConcRefinementThreads                  = 6                                         {product} {ergonomic}
   size_t G1HeapRegionSize                         = 1048576                                   {product} {ergonomic}
    uintx GCDrainStackTargetSize                   = 64                                        {product} {ergonomic}
   size_t InitialHeapSize                          = 123731968                                 {product} {ergonomic}
   size_t MarkStackSize                            = 4194304                                   {product} {ergonomic}
   size_t MaxHeapSize                              = 2147483648                                {product} {command line}
   size_t MaxNewSize                               = 1287651328                                {product} {ergonomic}
   size_t MinHeapDeltaBytes                        = 1048576                                   {product} {ergonomic}
    uintx NonNMethodCodeHeapSize                   = 5830732                                {pd product} {ergonomic}
    uintx NonProfiledCodeHeapSize                  = 122913754                              {pd product} {ergonomic}
    uintx ProfiledCodeHeapSize                     = 122913754                              {pd product} {ergonomic}
    uintx ReservedCodeCacheSize                    = 251658240                              {pd product} {ergonomic}
     bool SegmentedCodeCache                       = true                                      {product} {ergonomic}
     bool UseCompressedClassPointers               = true                                 {lp64_product} {ergonomic}
     bool UseCompressedOops                        = true                                 {lp64_product} {ergonomic}
     bool UseG1GC                                  = true                                      {product} {ergonomic}
     bool UseLargePagesIndividualAllocation        = false                                  {pd product} {ergonomic}

Logging:
Log output configuration:
 #0: stdout all=warning uptime,level,tags
 #1: stderr all=off uptime,level,tags

Environment Variables:
JAVA_HOME=C:\Java\
PATH=C:\Program Files\Common Files\Oracle\Java\javapath;C:\Program Files (x86)\VMware\VMware Workstation\bin\;C:\Java\bin;C:\WINDOWS\system32;C:\WINDOWS;C:\WINDOWS\System32\Wbem;C:\WINDOWS\System32\WindowsPowerShell\v1.0\;C:\WINDOWS\System32\OpenSSH\;C:\MinGW\bin\;C:\TDM-GCC-64\bin;C:\Program Files\Microsoft SQL Server\Client SDK\ODBC\170\Tools\Binn\;C:\Program Files (x86)\Microsoft SQL Server\150\Tools\Binn\;C:\Program Files\Microsoft SQL Server\150\Tools\Binn\;C:\Program Files\Microsoft SQL Server\150\DTS\Binn\;C:\Program Files (x86)\Microsoft SQL Server\160\DTS\Binn\;C:\Program Files (x86)\Microsoft SQL Server\160\Tools\Binn\;C:\Program Files\Microsoft SQL Server\160\Tools\Binn\;C:\Program Files\Microsoft SQL Server\160\DTS\Binn\;D:\;C:\dart-sdk;C:\Program Files\dotnet\;C:\Program Files\Git\cmd;C:\Program Files\MySQL\MySQL Shell 8.0\bin\;D:\Scripts\;D:\;D:\python\Scripts\;D:\python\;C:\Users\HI\AppData\Local\Microsoft\WindowsApps;C:\Users\HI\AppData\Local\Programs\Microsoft VS Code\bin;C:\TDM-GCC-64\bin;D:\php\php;C:\Program Files\JetBrains\PyCharm Community Edition 2021.2.3\bin;;;C:\Program Files\Azure Data Studio\bin;C:\Users\HI\AppData\Roaming\npm;C:\Users\HI\.dotnet\tools;C:\Program Files\JetBrains\IntelliJ IDEA 2023.2.2\bin;;C:\Program Files\JetBrains\IntelliJ IDEA Educational Edition 2022.2.2\bin;;C:\Program Files\JetBrains\IntelliJ IDEA Community Edition 2023.2.2\bin;
USERNAME=HI
OS=Windows_NT
PROCESSOR_IDENTIFIER=AMD64 Family 23 Model 96 Stepping 1, AuthenticAMD



---------------  S Y S T E M  ---------------

OS: Windows 11 , 64 bit Build 22621 (10.0.22621.2506)
OS uptime: 0 days 7:38 hours

CPU:total 6 (initial active 6) (6 cores per cpu, 1 threads per core) family 23 model 96 stepping 1 microcode 0x0, cmov, cx8, fxsr, mmx, sse, sse2, sse3, ssse3, sse4.1, sse4.2, popcnt, avx, avx2, aes, clmul, mmxext, 3dnowpref, lzcnt, sse4a, tsc, tscinvbit, tscinv, bmi1, bmi2, adx, sha, fma

Memory: 4k page, system-wide physical 7542M (508M free)
TotalPageFile size 11638M (AvailPageFile size 87M)
current process WorkingSet (physical memory assigned to process): 474M, peak: 484M
current process commit charge ("private bytes"): 539M, peak: 690M

vm_info: OpenJDK 64-Bit Server VM (11.0.15+0-b2043.56-8887301) for windows-amd64 JRE (11.0.15+0-b2043.56-8887301), built on Jul 29 2022 23:19:47 by "builduser" with unknown MS VC++:1929

END.
