#
# There is insufficient memory for the Java Runtime Environment to continue.
# Native memory allocation (malloc) failed to allocate 1046176 bytes for Chunk::new
# Possible reasons:
#   The system is out of physical RAM or swap space
#   The process is running with CompressedOops enabled, and the Java Heap may be blocking the growth of the native heap
# Possible solutions:
#   Reduce memory load on the system
#   Increase physical memory or swap space
#   Check if swap backing store is full
#   Decrease Java heap size (-Xmx/-Xms)
#   Decrease number of Java threads
#   Decrease Java thread stack sizes (-Xss)
#   Set larger code cache with -XX:ReservedCodeCacheSize=
#   JVM is running with Unscaled Compressed Oops mode in which the Java heap is
#     placed in the first 4GB address space. The Java Heap base address is the
#     maximum limit for the native heap growth. Please use -XX:HeapBaseMinAddress
#     to set the Java Heap base and to place the Java Heap above 4GB virtual address.
# This output file may be truncated or incomplete.
#
#  Out of Memory Error (src/hotspot/share/memory/arena.cpp:197), pid=5932, tid=2676
#
# JRE version: OpenJDK Runtime Environment (11.0.15) (build 11.0.15+0-b2043.56-8887301)
# Java VM: OpenJDK 64-Bit Server VM (11.0.15+0-b2043.56-8887301, mixed mode, tiered, compressed oops, g1 gc, windows-amd64)
# No core dump will be written. Minidumps are not enabled by default on client versions of Windows
#

---------------  S U M M A R Y ------------

Command Line: --add-opens=java.base/java.util=ALL-UNNAMED --add-opens=java.base/java.lang=ALL-UNNAMED --add-opens=java.base/java.lang.invoke=ALL-UNNAMED --add-opens=java.prefs/java.util.prefs=ALL-UNNAMED --add-opens=java.base/java.nio.charset=ALL-UNNAMED --add-opens=java.base/java.net=ALL-UNNAMED --add-opens=java.base/java.util.concurrent.atomic=ALL-UNNAMED -Xmx2048m -Dfile.encoding=UTF-8 -Duser.country=US -Duser.language=en -Duser.variant -javaagent:C:\Users\HI\.gradle\wrapper\dists\gradle-8.5-bin\5t9huq95ubn472n8rpzujfbqh\gradle-8.5\lib\agents\gradle-instrumentation-agent-8.5.jar org.gradle.launcher.daemon.bootstrap.GradleDaemon 8.5

Host: AMD Ryzen 5 4500U with Radeon Graphics         , 6 cores, 7G,  Windows 11 , 64 bit Build 22621 (10.0.22621.2506)
Time: Tue Jan 16 22:04:16 2024 SE Asia Standard Time elapsed time: 15.056750 seconds (0d 0h 0m 15s)

---------------  T H R E A D  ---------------

Current thread (0x000001fcecda1000):  JavaThread "C2 CompilerThread0" daemon [_thread_in_native, id=2676, stack(0x00000065eba00000,0x00000065ebb00000)]


Current CompileTask:
C2:  15056 6254 %     4       org.objectweb.asm.ClassReader::readCode @ 1738 (5117 bytes)

Stack: [0x00000065eba00000,0x00000065ebb00000]
Native frames: (J=compiled Java code, j=interpreted, Vv=VM code, C=native code)
V  [jvm.dll+0x64135a]
V  [jvm.dll+0x7d39f9]
V  [jvm.dll+0x7d51b9]
V  [jvm.dll+0x7d58a3]
V  [jvm.dll+0x2691c5]
V  [jvm.dll+0xc1a5c]
V  [jvm.dll+0xc200c]
V  [jvm.dll+0x2da2c2]
V  [jvm.dll+0x54cad9]
V  [jvm.dll+0x220c9d]
V  [jvm.dll+0x222d45]
V  [jvm.dll+0x220384]
V  [jvm.dll+0x19e851]
V  [jvm.dll+0x230479]
V  [jvm.dll+0x22e5ef]
V  [jvm.dll+0x794de1]
V  [jvm.dll+0x78dc24]
V  [jvm.dll+0x6400f6]
C  [ucrtbase.dll+0x29363]
C  [KERNEL32.DLL+0x1257d]
C  [ntdll.dll+0x5aa58]


---------------  P R O C E S S  ---------------

Threads class SMR info:
_java_thread_list=0x000001fcf24bb6c0, length=37, elements={
0x000001fcd2d38800, 0x000001fcecd83800, 0x000001fcecd85000, 0x000001fced702800,
0x000001fcecd9d000, 0x000001fcecd9e000, 0x000001fcecda1000, 0x000001fcecda3000,
0x000001fcecda4000, 0x000001fced839000, 0x000001fcefacd000, 0x000001fcef5c2000,
0x000001fcef249000, 0x000001fcee3c4000, 0x000001fcefaf0000, 0x000001fcefc21800,
0x000001fcefc22000, 0x000001fcefc0a800, 0x000001fcefc0b000, 0x000001fcee4c3000,
0x000001fcefad7000, 0x000001fcefad7800, 0x000001fcefad9800, 0x000001fcefadb000,
0x000001fcefada000, 0x000001fcefad8800, 0x000001fcefadc000, 0x000001fcefad6000,
0x000001fcefadc800, 0x000001fcf010d000, 0x000001fcf010a000, 0x000001fcf010c000,
0x000001fcf010a800, 0x000001fcf010b800, 0x000001fcf0109000, 0x000001fcf0107800,
0x000001fcf010e000
}

Java Threads: ( => current thread )
  0x000001fcd2d38800 JavaThread "main" [_thread_blocked, id=16312, stack(0x00000065eae00000,0x00000065eaf00000)]
  0x000001fcecd83800 JavaThread "Reference Handler" daemon [_thread_blocked, id=12252, stack(0x00000065eb500000,0x00000065eb600000)]
  0x000001fcecd85000 JavaThread "Finalizer" daemon [_thread_blocked, id=10132, stack(0x00000065eb600000,0x00000065eb700000)]
  0x000001fced702800 JavaThread "Signal Dispatcher" daemon [_thread_blocked, id=18424, stack(0x00000065eb700000,0x00000065eb800000)]
  0x000001fcecd9d000 JavaThread "Attach Listener" daemon [_thread_blocked, id=19820, stack(0x00000065eb800000,0x00000065eb900000)]
  0x000001fcecd9e000 JavaThread "Service Thread" daemon [_thread_blocked, id=18408, stack(0x00000065eb900000,0x00000065eba00000)]
=>0x000001fcecda1000 JavaThread "C2 CompilerThread0" daemon [_thread_in_native, id=2676, stack(0x00000065eba00000,0x00000065ebb00000)]
  0x000001fcecda3000 JavaThread "C1 CompilerThread0" daemon [_thread_blocked, id=14228, stack(0x00000065ebb00000,0x00000065ebc00000)]
  0x000001fcecda4000 JavaThread "Sweeper thread" daemon [_thread_blocked, id=5008, stack(0x00000065ebc00000,0x00000065ebd00000)]
  0x000001fced839000 JavaThread "Common-Cleaner" daemon [_thread_blocked, id=19068, stack(0x00000065ebd00000,0x00000065ebe00000)]
  0x000001fcefacd000 JavaThread "Daemon health stats" [_thread_blocked, id=5728, stack(0x00000065ec000000,0x00000065ec100000)]
  0x000001fcef5c2000 JavaThread "Incoming local TCP Connector on port 54957" [_thread_in_native, id=16404, stack(0x00000065ec300000,0x00000065ec400000)]
  0x000001fcef249000 JavaThread "Daemon periodic checks" [_thread_blocked, id=8412, stack(0x00000065ec400000,0x00000065ec500000)]
  0x000001fcee3c4000 JavaThread "Daemon" [_thread_blocked, id=16288, stack(0x00000065ec500000,0x00000065ec600000)]
  0x000001fcefaf0000 JavaThread "Handler for socket connection from /127.0.0.1:54957 to /127.0.0.1:54958" [_thread_in_native, id=3980, stack(0x00000065ec600000,0x00000065ec700000)]
  0x000001fcefc21800 JavaThread "Cancel handler" [_thread_blocked, id=1764, stack(0x00000065ec700000,0x00000065ec800000)]
  0x000001fcefc22000 JavaThread "Daemon worker" [_thread_blocked, id=17936, stack(0x00000065ec800000,0x00000065ec900000)]
  0x000001fcefc0a800 JavaThread "Asynchronous log dispatcher for DefaultDaemonConnection: socket connection from /127.0.0.1:54957 to /127.0.0.1:54958" [_thread_blocked, id=18800, stack(0x00000065ec900000,0x00000065eca00000)]
  0x000001fcefc0b000 JavaThread "Stdin handler" [_thread_blocked, id=19780, stack(0x00000065eca00000,0x00000065ecb00000)]
  0x000001fcee4c3000 JavaThread "Daemon client event forwarder" [_thread_blocked, id=19816, stack(0x00000065ecb00000,0x00000065ecc00000)]
  0x000001fcefad7000 JavaThread "Cache worker for journal cache (C:\Users\HI\.gradle\caches\journal-1)" [_thread_blocked, id=2368, stack(0x00000065ecf00000,0x00000065ed000000)]
  0x000001fcefad7800 JavaThread "File lock request listener" [_thread_in_native, id=14192, stack(0x00000065ed000000,0x00000065ed100000)]
  0x000001fcefad9800 JavaThread "Cache worker for file hash cache (C:\Users\HI\.gradle\caches\8.5\fileHashes)" [_thread_blocked, id=21260, stack(0x00000065ed100000,0x00000065ed200000)]
  0x000001fcefadb000 JavaThread "File watcher server" daemon [_thread_in_native, id=11956, stack(0x00000065ed200000,0x00000065ed300000)]
  0x000001fcefada000 JavaThread "File watcher consumer" daemon [_thread_blocked, id=17060, stack(0x00000065ed300000,0x00000065ed400000)]
  0x000001fcefad8800 JavaThread "jar transforms" [_thread_blocked, id=13232, stack(0x00000065ed400000,0x00000065ed500000)]
  0x000001fcefadc000 JavaThread "jar transforms Thread 2" [_thread_in_Java, id=6276, stack(0x00000065ed500000,0x00000065ed600000)]
  0x000001fcefad6000 JavaThread "jar transforms Thread 3" [_thread_blocked, id=12764, stack(0x00000065ed600000,0x00000065ed700000)]
  0x000001fcefadc800 JavaThread "jar transforms Thread 4" [_thread_in_Java, id=17672, stack(0x00000065ed700000,0x00000065ed800000)]
  0x000001fcf010d000 JavaThread "jar transforms Thread 5" [_thread_in_Java, id=7428, stack(0x00000065ed800000,0x00000065ed900000)]
  0x000001fcf010a000 JavaThread "jar transforms Thread 6" [_thread_blocked, id=17688, stack(0x00000065ed900000,0x00000065eda00000)]
  0x000001fcf010c000 JavaThread "Cache worker for checksums cache (C:\Users\HI\AndroidStudioProjects\Spinner\.gradle\8.5\checksums)" [_thread_blocked, id=18916, stack(0x00000065eda00000,0x00000065edb00000)]
  0x000001fcf010a800 JavaThread "Cache worker for file hash cache (C:\Users\HI\AndroidStudioProjects\Spinner\.gradle\8.5\fileHashes)" [_thread_blocked, id=3456, stack(0x00000065edb00000,0x00000065edc00000)]
  0x000001fcf010b800 JavaThread "Cache worker for cache directory md-supplier (C:\Users\HI\.gradle\caches\8.5\md-supplier)" [_thread_blocked, id=16616, stack(0x00000065edc00000,0x00000065edd00000)]
  0x000001fcf0109000 JavaThread "Cache worker for cache directory md-rule (C:\Users\HI\.gradle\caches\8.5\md-rule)" [_thread_blocked, id=11788, stack(0x00000065edd00000,0x00000065ede00000)]
  0x000001fcf0107800 JavaThread "Cache worker for file content cache (C:\Users\HI\.gradle\caches\8.5\fileContent)" [_thread_blocked, id=6536, stack(0x00000065ede00000,0x00000065edf00000)]
  0x000001fcf010e000 JavaThread "Cache worker for execution history cache (C:\Users\HI\.gradle\caches\8.5\executionHistory)" [_thread_blocked, id=8040, stack(0x00000065edf00000,0x00000065ee000000)]

Other Threads:
  0x000001fcecd80800 VMThread "VM Thread" [stack: 0x00000065eb400000,0x00000065eb500000] [id=19520]
  0x000001fceda2a000 WatcherThread [stack: 0x00000065ebe00000,0x00000065ebf00000] [id=20240]
  0x000001fcd2d51800 GCTaskThread "GC Thread#0" [stack: 0x00000065eaf00000,0x00000065eb000000] [id=18132]
  0x000001fcee39c000 GCTaskThread "GC Thread#1" [stack: 0x00000065ebf00000,0x00000065ec000000] [id=18788]
  0x000001fcefa2e800 GCTaskThread "GC Thread#2" [stack: 0x00000065ec100000,0x00000065ec200000] [id=13048]
  0x000001fcee764800 GCTaskThread "GC Thread#3" [stack: 0x00000065ec200000,0x00000065ec300000] [id=13012]
  0x000001fcee4c3800 GCTaskThread "GC Thread#4" [stack: 0x00000065ecc00000,0x00000065ecd00000] [id=5480]
  0x000001fcefa60000 GCTaskThread "GC Thread#5" [stack: 0x00000065ecd00000,0x00000065ece00000] [id=19000]
  0x000001fcd2d82800 ConcurrentGCThread "G1 Main Marker" [stack: 0x00000065eb000000,0x00000065eb100000] [id=1712]
  0x000001fcd2d84000 ConcurrentGCThread "G1 Conc#0" [stack: 0x00000065eb100000,0x00000065eb200000] [id=19608]
  0x000001fceff8d800 ConcurrentGCThread "G1 Conc#1" [stack: 0x00000065ece00000,0x00000065ecf00000] [id=16704]
  0x000001fcecbd2800 ConcurrentGCThread "G1 Refine#0" [stack: 0x00000065eb200000,0x00000065eb300000] [id=15760]
  0x000001fcecbd3000 ConcurrentGCThread "G1 Young RemSet Sampling" [stack: 0x00000065eb300000,0x00000065eb400000] [id=10196]

Threads with active compile tasks:
C2 CompilerThread0    15078 6254 %     4       org.objectweb.asm.ClassReader::readCode @ 1738 (5117 bytes)

VM state:not at safepoint (normal execution)

VM Mutex/Monitor currently owned by a thread: None

Heap address: 0x0000000080000000, size: 2048 MB, Compressed Oops mode: 32-bit
Narrow klass base: 0x0000000000000000, Narrow klass shift: 3
Compressed class space size: 1073741824 Address: 0x0000000100000000

Heap:
 garbage-first heap   total 281600K, used 169873K [0x0000000080000000, 0x0000000100000000)
  region size 1024K, 65 young (66560K), 10 survivors (10240K)
 Metaspace       used 54085K, capacity 55804K, committed 55936K, reserved 1097728K
  class space    used 6900K, capacity 7497K, committed 7552K, reserved 1048576K
Heap Regions: E=young(eden), S=young(survivor), O=old, HS=humongous(starts), HC=humongous(continues), CS=collection set, F=free, A=archive, TAMS=top-at-mark-start (previous, next)
|   0|0x0000000080000000, 0x0000000080100000, 0x0000000080100000|100%|HS|  |TAMS 0x0000000080100000, 0x0000000080000000| Complete 
|   1|0x0000000080100000, 0x0000000080200000, 0x0000000080200000|100%|HC|  |TAMS 0x0000000080200000, 0x0000000080100000| Complete 
|   2|0x0000000080200000, 0x0000000080300000, 0x0000000080300000|100%|HC|  |TAMS 0x0000000080300000, 0x0000000080200000| Complete 
|   3|0x0000000080300000, 0x0000000080400000, 0x0000000080400000|100%|HC|  |TAMS 0x0000000080400000, 0x0000000080300000| Complete 
|   4|0x0000000080400000, 0x0000000080500000, 0x0000000080500000|100%| O|  |TAMS 0x0000000080500000, 0x0000000080400000| Untracked 
|   5|0x0000000080500000, 0x0000000080600000, 0x0000000080600000|100%| O|  |TAMS 0x0000000080600000, 0x0000000080500000| Untracked 
|   6|0x0000000080600000, 0x0000000080700000, 0x0000000080700000|100%| O|  |TAMS 0x0000000080700000, 0x0000000080600000| Untracked 
|   7|0x0000000080700000, 0x0000000080800000, 0x0000000080800000|100%| O|  |TAMS 0x0000000080800000, 0x0000000080700000| Untracked 
|   8|0x0000000080800000, 0x0000000080900000, 0x0000000080900000|100%| O|  |TAMS 0x0000000080900000, 0x0000000080800000| Untracked 
|   9|0x0000000080900000, 0x0000000080a00000, 0x0000000080a00000|100%| O|  |TAMS 0x0000000080a00000, 0x0000000080900000| Untracked 
|  10|0x0000000080a00000, 0x0000000080b00000, 0x0000000080b00000|100%| O|  |TAMS 0x0000000080b00000, 0x0000000080a00000| Untracked 
|  11|0x0000000080b00000, 0x0000000080c00000, 0x0000000080c00000|100%| O|  |TAMS 0x0000000080c00000, 0x0000000080b00000| Untracked 
|  12|0x0000000080c00000, 0x0000000080d00000, 0x0000000080d00000|100%| O|  |TAMS 0x0000000080d00000, 0x0000000080c00000| Untracked 
|  13|0x0000000080d00000, 0x0000000080e00000, 0x0000000080e00000|100%| O|  |TAMS 0x0000000080e00000, 0x0000000080d00000| Untracked 
|  14|0x0000000080e00000, 0x0000000080f00000, 0x0000000080f00000|100%| O|  |TAMS 0x0000000080f00000, 0x0000000080e00000| Untracked 
|  15|0x0000000080f00000, 0x0000000081000000, 0x0000000081000000|100%| O|  |TAMS 0x0000000081000000, 0x0000000080f00000| Untracked 
|  16|0x0000000081000000, 0x0000000081100000, 0x0000000081100000|100%| O|  |TAMS 0x0000000081100000, 0x0000000081000000| Untracked 
|  17|0x0000000081100000, 0x0000000081200000, 0x0000000081200000|100%|HS|  |TAMS 0x0000000081200000, 0x0000000081100000| Complete 
|  18|0x0000000081200000, 0x0000000081300000, 0x0000000081300000|100%|HC|  |TAMS 0x0000000081300000, 0x0000000081200000| Complete 
|  19|0x0000000081300000, 0x0000000081400000, 0x0000000081400000|100%|HS|  |TAMS 0x0000000081400000, 0x0000000081300000| Complete 
|  20|0x0000000081400000, 0x0000000081500000, 0x0000000081500000|100%|HC|  |TAMS 0x0000000081500000, 0x0000000081400000| Complete 
|  21|0x0000000081500000, 0x0000000081600000, 0x0000000081600000|100%|HC|  |TAMS 0x0000000081600000, 0x0000000081500000| Complete 
|  22|0x0000000081600000, 0x0000000081700000, 0x0000000081700000|100%|HS|  |TAMS 0x0000000081700000, 0x0000000081600000| Complete 
|  23|0x0000000081700000, 0x0000000081800000, 0x0000000081800000|100%|HC|  |TAMS 0x0000000081800000, 0x0000000081700000| Complete 
|  24|0x0000000081800000, 0x0000000081900000, 0x0000000081900000|100%|HC|  |TAMS 0x0000000081900000, 0x0000000081800000| Complete 
|  25|0x0000000081900000, 0x0000000081a00000, 0x0000000081a00000|100%|HS|  |TAMS 0x0000000081a00000, 0x0000000081900000| Complete 
|  26|0x0000000081a00000, 0x0000000081b00000, 0x0000000081b00000|100%|HC|  |TAMS 0x0000000081b00000, 0x0000000081a00000| Complete 
|  27|0x0000000081b00000, 0x0000000081c00000, 0x0000000081c00000|100%|HS|  |TAMS 0x0000000081c00000, 0x0000000081b00000| Complete 
|  28|0x0000000081c00000, 0x0000000081d00000, 0x0000000081d00000|100%|HC|  |TAMS 0x0000000081d00000, 0x0000000081c00000| Complete 
|  29|0x0000000081d00000, 0x0000000081e00000, 0x0000000081e00000|100%|HC|  |TAMS 0x0000000081e00000, 0x0000000081d00000| Complete 
|  30|0x0000000081e00000, 0x0000000081f00000, 0x0000000081f00000|100%|HC|  |TAMS 0x0000000081f00000, 0x0000000081e00000| Complete 
|  31|0x0000000081f00000, 0x0000000082000000, 0x0000000082000000|100%|HC|  |TAMS 0x0000000082000000, 0x0000000081f00000| Complete 
|  32|0x0000000082000000, 0x0000000082100000, 0x0000000082100000|100%|HS|  |TAMS 0x0000000082100000, 0x0000000082000000| Complete 
|  33|0x0000000082100000, 0x0000000082200000, 0x0000000082200000|100%|HC|  |TAMS 0x0000000082200000, 0x0000000082100000| Complete 
|  34|0x0000000082200000, 0x0000000082300000, 0x0000000082300000|100%|HC|  |TAMS 0x0000000082300000, 0x0000000082200000| Complete 
|  35|0x0000000082300000, 0x0000000082400000, 0x0000000082400000|100%|HC|  |TAMS 0x0000000082400000, 0x0000000082300000| Complete 
|  36|0x0000000082400000, 0x0000000082500000, 0x0000000082500000|100%|HC|  |TAMS 0x0000000082500000, 0x0000000082400000| Complete 
|  37|0x0000000082500000, 0x0000000082600000, 0x0000000082600000|100%|HC|  |TAMS 0x0000000082600000, 0x0000000082500000| Complete 
|  38|0x0000000082600000, 0x0000000082700000, 0x0000000082700000|100%|HC|  |TAMS 0x0000000082700000, 0x0000000082600000| Complete 
|  39|0x0000000082700000, 0x0000000082800000, 0x0000000082800000|100%|HC|  |TAMS 0x0000000082800000, 0x0000000082700000| Complete 
|  40|0x0000000082800000, 0x0000000082900000, 0x0000000082900000|100%|HC|  |TAMS 0x0000000082900000, 0x0000000082800000| Complete 
|  41|0x0000000082900000, 0x0000000082a00000, 0x0000000082a00000|100%|HC|  |TAMS 0x0000000082a00000, 0x0000000082900000| Complete 
|  42|0x0000000082a00000, 0x0000000082b00000, 0x0000000082b00000|100%|HS|  |TAMS 0x0000000082b00000, 0x0000000082a00000| Complete 
|  43|0x0000000082b00000, 0x0000000082c00000, 0x0000000082c00000|100%|HC|  |TAMS 0x0000000082c00000, 0x0000000082b00000| Complete 
|  44|0x0000000082c00000, 0x0000000082d00000, 0x0000000082d00000|100%| O|  |TAMS 0x0000000082d00000, 0x0000000082c00000| Untracked 
|  45|0x0000000082d00000, 0x0000000082e00000, 0x0000000082e00000|100%| O|  |TAMS 0x0000000082e00000, 0x0000000082d00000| Untracked 
|  46|0x0000000082e00000, 0x0000000082f00000, 0x0000000082f00000|100%| O|  |TAMS 0x0000000082f00000, 0x0000000082e00000| Untracked 
|  47|0x0000000082f00000, 0x0000000083000000, 0x0000000083000000|100%| O|  |TAMS 0x0000000083000000, 0x0000000082f00000| Untracked 
|  48|0x0000000083000000, 0x0000000083100000, 0x0000000083100000|100%| O|  |TAMS 0x0000000083100000, 0x0000000083000000| Untracked 
|  49|0x0000000083100000, 0x0000000083200000, 0x0000000083200000|100%| O|  |TAMS 0x0000000083200000, 0x0000000083100000| Untracked 
|  50|0x0000000083200000, 0x0000000083300000, 0x0000000083300000|100%| O|  |TAMS 0x0000000083300000, 0x0000000083200000| Untracked 
|  51|0x0000000083300000, 0x0000000083400000, 0x0000000083400000|100%| O|  |TAMS 0x0000000083400000, 0x0000000083300000| Untracked 
|  52|0x0000000083400000, 0x0000000083500000, 0x0000000083500000|100%| O|  |TAMS 0x0000000083500000, 0x0000000083400000| Untracked 
|  53|0x0000000083500000, 0x0000000083600000, 0x0000000083600000|100%| O|  |TAMS 0x0000000083600000, 0x0000000083500000| Untracked 
|  54|0x0000000083600000, 0x0000000083700000, 0x0000000083700000|100%| O|  |TAMS 0x0000000083700000, 0x0000000083600000| Untracked 
|  55|0x0000000083700000, 0x0000000083800000, 0x0000000083800000|100%| O|  |TAMS 0x0000000083800000, 0x0000000083700000| Untracked 
|  56|0x0000000083800000, 0x0000000083900000, 0x0000000083900000|100%| O|  |TAMS 0x0000000083900000, 0x0000000083800000| Untracked 
|  57|0x0000000083900000, 0x0000000083a00000, 0x0000000083a00000|100%| O|  |TAMS 0x0000000083a00000, 0x0000000083900000| Untracked 
|  58|0x0000000083a00000, 0x0000000083b00000, 0x0000000083b00000|100%| O|  |TAMS 0x0000000083b00000, 0x0000000083a00000| Untracked 
|  59|0x0000000083b00000, 0x0000000083c00000, 0x0000000083c00000|100%| O|  |TAMS 0x0000000083c00000, 0x0000000083b00000| Untracked 
|  60|0x0000000083c00000, 0x0000000083d00000, 0x0000000083d00000|100%| O|  |TAMS 0x0000000083d00000, 0x0000000083c00000| Untracked 
|  61|0x0000000083d00000, 0x0000000083e00000, 0x0000000083e00000|100%| O|  |TAMS 0x0000000083e00000, 0x0000000083d00000| Untracked 
|  62|0x0000000083e00000, 0x0000000083f00000, 0x0000000083f00000|100%| O|  |TAMS 0x0000000083f00000, 0x0000000083e00000| Untracked 
|  63|0x0000000083f00000, 0x0000000084000000, 0x0000000084000000|100%| O|  |TAMS 0x0000000083f00000, 0x0000000083f00000| Untracked 
|  64|0x0000000084000000, 0x0000000084100000, 0x0000000084100000|100%| O|  |TAMS 0x0000000084000000, 0x0000000084000000| Untracked 
|  65|0x0000000084100000, 0x0000000084200000, 0x0000000084200000|100%| O|  |TAMS 0x0000000084100000, 0x0000000084100000| Untracked 
|  66|0x0000000084200000, 0x0000000084300000, 0x0000000084300000|100%|HS|  |TAMS 0x0000000084200000, 0x0000000084200000| Complete 
|  67|0x0000000084300000, 0x0000000084400000, 0x0000000084400000|100%|HC|  |TAMS 0x0000000084300000, 0x0000000084300000| Complete 
|  68|0x0000000084400000, 0x0000000084500000, 0x0000000084500000|100%| O|  |TAMS 0x0000000084400000, 0x0000000084400000| Untracked 
|  69|0x0000000084500000, 0x0000000084600000, 0x0000000084600000|100%| O|  |TAMS 0x0000000084500000, 0x0000000084500000| Untracked 
|  70|0x0000000084600000, 0x0000000084700000, 0x0000000084700000|100%| O|  |TAMS 0x0000000084700000, 0x0000000084600000| Untracked 
|  71|0x0000000084700000, 0x0000000084800000, 0x0000000084800000|100%| O|  |TAMS 0x0000000084800000, 0x0000000084700000| Untracked 
|  72|0x0000000084800000, 0x0000000084900000, 0x0000000084900000|100%| O|  |TAMS 0x0000000084900000, 0x0000000084800000| Untracked 
|  73|0x0000000084900000, 0x0000000084a00000, 0x0000000084a00000|100%| O|  |TAMS 0x0000000084a00000, 0x0000000084900000| Untracked 
|  74|0x0000000084a00000, 0x0000000084b00000, 0x0000000084b00000|100%| O|  |TAMS 0x0000000084b00000, 0x0000000084a00000| Untracked 
|  75|0x0000000084b00000, 0x0000000084c00000, 0x0000000084c00000|100%| O|  |TAMS 0x0000000084b00000, 0x0000000084b00000| Untracked 
|  76|0x0000000084c00000, 0x0000000084d00000, 0x0000000084d00000|100%| O|  |TAMS 0x0000000084c00000, 0x0000000084c00000| Untracked 
|  77|0x0000000084d00000, 0x0000000084e00000, 0x0000000084e00000|100%| O|  |TAMS 0x0000000084e00000, 0x0000000084d00000| Untracked 
|  78|0x0000000084e00000, 0x0000000084f00000, 0x0000000084f00000|100%| O|  |TAMS 0x0000000084e91c00, 0x0000000084e00000| Untracked 
|  79|0x0000000084f00000, 0x0000000085000000, 0x0000000085000000|100%| O|  |TAMS 0x0000000084f00000, 0x0000000084f00000| Untracked 
|  80|0x0000000085000000, 0x0000000085100000, 0x0000000085100000|100%| O|  |TAMS 0x0000000085000000, 0x0000000085000000| Untracked 
|  81|0x0000000085100000, 0x0000000085200000, 0x0000000085200000|100%|HS|  |TAMS 0x0000000085100000, 0x0000000085100000| Complete 
|  82|0x0000000085200000, 0x0000000085300000, 0x0000000085300000|100%|HC|  |TAMS 0x0000000085200000, 0x0000000085200000| Complete 
|  83|0x0000000085300000, 0x0000000085400000, 0x0000000085400000|100%|HC|  |TAMS 0x0000000085300000, 0x0000000085300000| Complete 
|  84|0x0000000085400000, 0x0000000085500000, 0x0000000085500000|100%|HC|  |TAMS 0x0000000085400000, 0x0000000085400000| Complete 
|  85|0x0000000085500000, 0x0000000085600000, 0x0000000085600000|100%|HC|  |TAMS 0x0000000085500000, 0x0000000085500000| Complete 
|  86|0x0000000085600000, 0x0000000085700000, 0x0000000085700000|100%|HC|  |TAMS 0x0000000085600000, 0x0000000085600000| Complete 
|  87|0x0000000085700000, 0x0000000085800000, 0x0000000085800000|100%|HC|  |TAMS 0x0000000085700000, 0x0000000085700000| Complete 
|  88|0x0000000085800000, 0x0000000085900000, 0x0000000085900000|100%|HC|  |TAMS 0x0000000085800000, 0x0000000085800000| Complete 
|  89|0x0000000085900000, 0x0000000085a00000, 0x0000000085a00000|100%|HC|  |TAMS 0x0000000085900000, 0x0000000085900000| Complete 
|  90|0x0000000085a00000, 0x0000000085b00000, 0x0000000085b00000|100%|HC|  |TAMS 0x0000000085a00000, 0x0000000085a00000| Complete 
|  91|0x0000000085b00000, 0x0000000085c00000, 0x0000000085c00000|100%|HS|  |TAMS 0x0000000085b00000, 0x0000000085b00000| Complete 
|  92|0x0000000085c00000, 0x0000000085d00000, 0x0000000085d00000|100%|HC|  |TAMS 0x0000000085c00000, 0x0000000085c00000| Complete 
|  93|0x0000000085d00000, 0x0000000085e00000, 0x0000000085e00000|100%|HC|  |TAMS 0x0000000085d00000, 0x0000000085d00000| Complete 
|  94|0x0000000085e00000, 0x0000000085f00000, 0x0000000085f00000|100%| O|  |TAMS 0x0000000085e00000, 0x0000000085e00000| Untracked 
|  95|0x0000000085f00000, 0x0000000086000000, 0x0000000086000000|100%| O|  |TAMS 0x0000000085f00000, 0x0000000085f00000| Untracked 
|  96|0x0000000086000000, 0x0000000086100000, 0x0000000086100000|100%|HS|  |TAMS 0x0000000086000000, 0x0000000086000000| Complete 
|  97|0x0000000086100000, 0x0000000086200000, 0x0000000086200000|100%|HC|  |TAMS 0x0000000086100000, 0x0000000086100000| Complete 
|  98|0x0000000086200000, 0x0000000086300000, 0x0000000086300000|100%|HC|  |TAMS 0x0000000086200000, 0x0000000086200000| Complete 
|  99|0x0000000086300000, 0x0000000086400000, 0x0000000086400000|100%| O|  |TAMS 0x0000000086300000, 0x0000000086300000| Untracked 
| 100|0x0000000086400000, 0x0000000086500000, 0x0000000086500000|100%| O|  |TAMS 0x0000000086400000, 0x0000000086400000| Untracked 
| 101|0x0000000086500000, 0x0000000086600000, 0x0000000086600000|100%| O|  |TAMS 0x0000000086500000, 0x0000000086500000| Untracked 
| 102|0x0000000086600000, 0x0000000086700000, 0x0000000086700000|100%| O|  |TAMS 0x0000000086600000, 0x0000000086600000| Untracked 
| 103|0x0000000086700000, 0x000000008679ba00, 0x0000000086800000| 60%| O|  |TAMS 0x0000000086700000, 0x0000000086700000| Untracked 
| 104|0x0000000086800000, 0x0000000086800000, 0x0000000086900000|  0%| F|  |TAMS 0x0000000086800000, 0x0000000086800000| Untracked 
| 105|0x0000000086900000, 0x0000000086900000, 0x0000000086a00000|  0%| F|  |TAMS 0x0000000086900000, 0x0000000086900000| Untracked 
| 106|0x0000000086a00000, 0x0000000086a00000, 0x0000000086b00000|  0%| F|  |TAMS 0x0000000086a00000, 0x0000000086a00000| Untracked 
| 107|0x0000000086b00000, 0x0000000086b00000, 0x0000000086c00000|  0%| F|  |TAMS 0x0000000086b00000, 0x0000000086b00000| Untracked 
| 108|0x0000000086c00000, 0x0000000086c00000, 0x0000000086d00000|  0%| F|  |TAMS 0x0000000086c00000, 0x0000000086c00000| Untracked 
| 109|0x0000000086d00000, 0x0000000086d00000, 0x0000000086e00000|  0%| F|  |TAMS 0x0000000086d00000, 0x0000000086d00000| Untracked 
| 110|0x0000000086e00000, 0x0000000086e00000, 0x0000000086f00000|  0%| F|  |TAMS 0x0000000086e00000, 0x0000000086e00000| Untracked 
| 111|0x0000000086f00000, 0x0000000086f00000, 0x0000000087000000|  0%| F|  |TAMS 0x0000000086f00000, 0x0000000086f00000| Untracked 
| 112|0x0000000087000000, 0x0000000087000000, 0x0000000087100000|  0%| F|  |TAMS 0x0000000087000000, 0x0000000087000000| Untracked 
| 113|0x0000000087100000, 0x0000000087100000, 0x0000000087200000|  0%| F|  |TAMS 0x0000000087100000, 0x0000000087100000| Untracked 
| 114|0x0000000087200000, 0x0000000087200000, 0x0000000087300000|  0%| F|  |TAMS 0x0000000087200000, 0x0000000087200000| Untracked 
| 115|0x0000000087300000, 0x0000000087300000, 0x0000000087400000|  0%| F|  |TAMS 0x0000000087300000, 0x0000000087300000| Untracked 
| 116|0x0000000087400000, 0x0000000087400000, 0x0000000087500000|  0%| F|  |TAMS 0x0000000087400000, 0x0000000087400000| Untracked 
| 117|0x0000000087500000, 0x0000000087500000, 0x0000000087600000|  0%| F|  |TAMS 0x0000000087500000, 0x0000000087500000| Untracked 
| 118|0x0000000087600000, 0x0000000087600000, 0x0000000087700000|  0%| F|  |TAMS 0x0000000087600000, 0x0000000087600000| Untracked 
| 119|0x0000000087700000, 0x0000000087700000, 0x0000000087800000|  0%| F|  |TAMS 0x0000000087700000, 0x0000000087700000| Untracked 
| 120|0x0000000087800000, 0x0000000087800000, 0x0000000087900000|  0%| F|  |TAMS 0x0000000087800000, 0x0000000087800000| Untracked 
| 121|0x0000000087900000, 0x0000000087900000, 0x0000000087a00000|  0%| F|  |TAMS 0x0000000087900000, 0x0000000087900000| Untracked 
| 122|0x0000000087a00000, 0x0000000087a00000, 0x0000000087b00000|  0%| F|  |TAMS 0x0000000087a00000, 0x0000000087a00000| Untracked 
| 123|0x0000000087b00000, 0x0000000087b00000, 0x0000000087c00000|  0%| F|  |TAMS 0x0000000087b00000, 0x0000000087b00000| Untracked 
| 124|0x0000000087c00000, 0x0000000087c00000, 0x0000000087d00000|  0%| F|  |TAMS 0x0000000087c00000, 0x0000000087c00000| Untracked 
| 125|0x0000000087d00000, 0x0000000087d00000, 0x0000000087e00000|  0%| F|  |TAMS 0x0000000087d00000, 0x0000000087d00000| Untracked 
| 126|0x0000000087e00000, 0x0000000087e00000, 0x0000000087f00000|  0%| F|  |TAMS 0x0000000087e00000, 0x0000000087e00000| Untracked 
| 127|0x0000000087f00000, 0x0000000087f00000, 0x0000000088000000|  0%| F|  |TAMS 0x0000000087f00000, 0x0000000087f00000| Untracked 
| 128|0x0000000088000000, 0x0000000088000000, 0x0000000088100000|  0%| F|  |TAMS 0x0000000088000000, 0x0000000088000000| Untracked 
| 129|0x0000000088100000, 0x0000000088100000, 0x0000000088200000|  0%| F|  |TAMS 0x0000000088100000, 0x0000000088100000| Untracked 
| 130|0x0000000088200000, 0x0000000088248db0, 0x0000000088300000| 28%| S|CS|TAMS 0x0000000088200000, 0x0000000088200000| Complete 
| 131|0x0000000088300000, 0x0000000088400000, 0x0000000088400000|100%| S|CS|TAMS 0x0000000088300000, 0x0000000088300000| Complete 
| 132|0x0000000088400000, 0x0000000088400000, 0x0000000088500000|  0%| F|  |TAMS 0x0000000088400000, 0x0000000088400000| Untracked 
| 133|0x0000000088500000, 0x0000000088500000, 0x0000000088600000|  0%| F|  |TAMS 0x0000000088500000, 0x0000000088500000| Untracked 
| 134|0x0000000088600000, 0x0000000088700000, 0x0000000088700000|100%| S|CS|TAMS 0x0000000088600000, 0x0000000088600000| Complete 
| 135|0x0000000088700000, 0x0000000088800000, 0x0000000088800000|100%| S|CS|TAMS 0x0000000088700000, 0x0000000088700000| Complete 
| 136|0x0000000088800000, 0x0000000088900000, 0x0000000088900000|100%| S|CS|TAMS 0x0000000088800000, 0x0000000088800000| Complete 
| 137|0x0000000088900000, 0x0000000088a00000, 0x0000000088a00000|100%| S|CS|TAMS 0x0000000088900000, 0x0000000088900000| Complete 
| 138|0x0000000088a00000, 0x0000000088a00000, 0x0000000088b00000|  0%| F|  |TAMS 0x0000000088a00000, 0x0000000088a00000| Untracked 
| 139|0x0000000088b00000, 0x0000000088b00000, 0x0000000088c00000|  0%| F|  |TAMS 0x0000000088b00000, 0x0000000088b00000| Untracked 
| 140|0x0000000088c00000, 0x0000000088c00000, 0x0000000088d00000|  0%| F|  |TAMS 0x0000000088c00000, 0x0000000088c00000| Untracked 
| 141|0x0000000088d00000, 0x0000000088d00000, 0x0000000088e00000|  0%| F|  |TAMS 0x0000000088d00000, 0x0000000088d00000| Untracked 
| 142|0x0000000088e00000, 0x0000000088e00000, 0x0000000088f00000|  0%| F|  |TAMS 0x0000000088e00000, 0x0000000088e00000| Untracked 
| 143|0x0000000088f00000, 0x0000000088f00000, 0x0000000089000000|  0%| F|  |TAMS 0x0000000088f00000, 0x0000000088f00000| Untracked 
| 144|0x0000000089000000, 0x0000000089000000, 0x0000000089100000|  0%| F|  |TAMS 0x0000000089000000, 0x0000000089000000| Untracked 
| 145|0x0000000089100000, 0x0000000089100000, 0x0000000089200000|  0%| F|  |TAMS 0x0000000089100000, 0x0000000089100000| Untracked 
| 146|0x0000000089200000, 0x0000000089300000, 0x0000000089300000|100%| S|CS|TAMS 0x0000000089200000, 0x0000000089200000| Complete 
| 147|0x0000000089300000, 0x0000000089400000, 0x0000000089400000|100%| S|CS|TAMS 0x0000000089300000, 0x0000000089300000| Complete 
| 148|0x0000000089400000, 0x0000000089500000, 0x0000000089500000|100%| S|CS|TAMS 0x0000000089400000, 0x0000000089400000| Complete 
| 149|0x0000000089500000, 0x0000000089600000, 0x0000000089600000|100%| S|CS|TAMS 0x0000000089500000, 0x0000000089500000| Complete 
| 150|0x0000000089600000, 0x0000000089600000, 0x0000000089700000|  0%| F|  |TAMS 0x0000000089600000, 0x0000000089600000| Untracked 
| 151|0x0000000089700000, 0x0000000089700000, 0x0000000089800000|  0%| F|  |TAMS 0x0000000089700000, 0x0000000089700000| Untracked 
| 152|0x0000000089800000, 0x0000000089800000, 0x0000000089900000|  0%| F|  |TAMS 0x0000000089800000, 0x0000000089800000| Untracked 
| 153|0x0000000089900000, 0x0000000089900000, 0x0000000089a00000|  0%| F|  |TAMS 0x0000000089900000, 0x0000000089900000| Untracked 
| 154|0x0000000089a00000, 0x0000000089a00000, 0x0000000089b00000|  0%| F|  |TAMS 0x0000000089a00000, 0x0000000089a00000| Untracked 
| 155|0x0000000089b00000, 0x0000000089b00000, 0x0000000089c00000|  0%| F|  |TAMS 0x0000000089b00000, 0x0000000089b00000| Untracked 
| 156|0x0000000089c00000, 0x0000000089c00000, 0x0000000089d00000|  0%| F|  |TAMS 0x0000000089c00000, 0x0000000089c00000| Untracked 
| 157|0x0000000089d00000, 0x0000000089d00000, 0x0000000089e00000|  0%| F|  |TAMS 0x0000000089d00000, 0x0000000089d00000| Untracked 
| 158|0x0000000089e00000, 0x0000000089e00000, 0x0000000089f00000|  0%| F|  |TAMS 0x0000000089e00000, 0x0000000089e00000| Untracked 
| 159|0x0000000089f00000, 0x0000000089f00000, 0x000000008a000000|  0%| F|  |TAMS 0x0000000089f00000, 0x0000000089f00000| Untracked 
| 160|0x000000008a000000, 0x000000008a000000, 0x000000008a100000|  0%| F|  |TAMS 0x000000008a000000, 0x000000008a000000| Untracked 
| 161|0x000000008a100000, 0x000000008a100000, 0x000000008a200000|  0%| F|  |TAMS 0x000000008a100000, 0x000000008a100000| Untracked 
| 162|0x000000008a200000, 0x000000008a200000, 0x000000008a300000|  0%| F|  |TAMS 0x000000008a200000, 0x000000008a200000| Untracked 
| 163|0x000000008a300000, 0x000000008a300000, 0x000000008a400000|  0%| F|  |TAMS 0x000000008a300000, 0x000000008a300000| Untracked 
| 164|0x000000008a400000, 0x000000008a400000, 0x000000008a500000|  0%| F|  |TAMS 0x000000008a400000, 0x000000008a400000| Untracked 
| 165|0x000000008a500000, 0x000000008a500000, 0x000000008a600000|  0%| F|  |TAMS 0x000000008a500000, 0x000000008a500000| Untracked 
| 166|0x000000008a600000, 0x000000008a600000, 0x000000008a700000|  0%| F|  |TAMS 0x000000008a600000, 0x000000008a600000| Untracked 
| 167|0x000000008a700000, 0x000000008a700000, 0x000000008a800000|  0%| F|  |TAMS 0x000000008a700000, 0x000000008a700000| Untracked 
| 168|0x000000008a800000, 0x000000008a800000, 0x000000008a900000|  0%| F|  |TAMS 0x000000008a800000, 0x000000008a800000| Untracked 
| 169|0x000000008a900000, 0x000000008a900000, 0x000000008aa00000|  0%| F|  |TAMS 0x000000008a900000, 0x000000008a900000| Untracked 
| 170|0x000000008aa00000, 0x000000008aa00000, 0x000000008ab00000|  0%| F|  |TAMS 0x000000008aa00000, 0x000000008aa00000| Untracked 
| 171|0x000000008ab00000, 0x000000008ab00000, 0x000000008ac00000|  0%| F|  |TAMS 0x000000008ab00000, 0x000000008ab00000| Untracked 
| 172|0x000000008ac00000, 0x000000008ac00000, 0x000000008ad00000|  0%| F|  |TAMS 0x000000008ac00000, 0x000000008ac00000| Untracked 
| 173|0x000000008ad00000, 0x000000008ad00000, 0x000000008ae00000|  0%| F|  |TAMS 0x000000008ad00000, 0x000000008ad00000| Untracked 
| 174|0x000000008ae00000, 0x000000008ae00000, 0x000000008af00000|  0%| F|  |TAMS 0x000000008ae00000, 0x000000008ae00000| Untracked 
| 175|0x000000008af00000, 0x000000008af00000, 0x000000008b000000|  0%| F|  |TAMS 0x000000008af00000, 0x000000008af00000| Untracked 
| 176|0x000000008b000000, 0x000000008b000000, 0x000000008b100000|  0%| F|  |TAMS 0x000000008b000000, 0x000000008b000000| Untracked 
| 177|0x000000008b100000, 0x000000008b100000, 0x000000008b200000|  0%| F|  |TAMS 0x000000008b100000, 0x000000008b100000| Untracked 
| 178|0x000000008b200000, 0x000000008b200000, 0x000000008b300000|  0%| F|  |TAMS 0x000000008b200000, 0x000000008b200000| Untracked 
| 179|0x000000008b300000, 0x000000008b300000, 0x000000008b400000|  0%| F|  |TAMS 0x000000008b300000, 0x000000008b300000| Untracked 
| 180|0x000000008b400000, 0x000000008b400000, 0x000000008b500000|  0%| F|  |TAMS 0x000000008b400000, 0x000000008b400000| Untracked 
| 181|0x000000008b500000, 0x000000008b500000, 0x000000008b600000|  0%| F|  |TAMS 0x000000008b500000, 0x000000008b500000| Untracked 
| 182|0x000000008b600000, 0x000000008b600000, 0x000000008b700000|  0%| F|  |TAMS 0x000000008b600000, 0x000000008b600000| Untracked 
| 183|0x000000008b700000, 0x000000008b700000, 0x000000008b800000|  0%| F|  |TAMS 0x000000008b700000, 0x000000008b700000| Untracked 
| 184|0x000000008b800000, 0x000000008b800000, 0x000000008b900000|  0%| F|  |TAMS 0x000000008b800000, 0x000000008b800000| Untracked 
| 185|0x000000008b900000, 0x000000008b900000, 0x000000008ba00000|  0%| F|  |TAMS 0x000000008b900000, 0x000000008b900000| Untracked 
| 186|0x000000008ba00000, 0x000000008ba00000, 0x000000008bb00000|  0%| F|  |TAMS 0x000000008ba00000, 0x000000008ba00000| Untracked 
| 187|0x000000008bb00000, 0x000000008bb00000, 0x000000008bc00000|  0%| F|  |TAMS 0x000000008bb00000, 0x000000008bb00000| Untracked 
| 188|0x000000008bc00000, 0x000000008bc00000, 0x000000008bd00000|  0%| F|  |TAMS 0x000000008bc00000, 0x000000008bc00000| Untracked 
| 189|0x000000008bd00000, 0x000000008bd00000, 0x000000008be00000|  0%| F|  |TAMS 0x000000008bd00000, 0x000000008bd00000| Untracked 
| 190|0x000000008be00000, 0x000000008be00000, 0x000000008bf00000|  0%| F|  |TAMS 0x000000008be00000, 0x000000008be00000| Untracked 
| 191|0x000000008bf00000, 0x000000008bf00000, 0x000000008c000000|  0%| F|  |TAMS 0x000000008bf00000, 0x000000008bf00000| Untracked 
| 192|0x000000008c000000, 0x000000008c000000, 0x000000008c100000|  0%| F|  |TAMS 0x000000008c000000, 0x000000008c000000| Untracked 
| 193|0x000000008c100000, 0x000000008c100000, 0x000000008c200000|  0%| F|  |TAMS 0x000000008c100000, 0x000000008c100000| Untracked 
| 194|0x000000008c200000, 0x000000008c200000, 0x000000008c300000|  0%| F|  |TAMS 0x000000008c200000, 0x000000008c200000| Untracked 
| 195|0x000000008c300000, 0x000000008c300000, 0x000000008c400000|  0%| F|  |TAMS 0x000000008c300000, 0x000000008c300000| Untracked 
| 196|0x000000008c400000, 0x000000008c400000, 0x000000008c500000|  0%| F|  |TAMS 0x000000008c400000, 0x000000008c400000| Untracked 
| 197|0x000000008c500000, 0x000000008c500000, 0x000000008c600000|  0%| F|  |TAMS 0x000000008c500000, 0x000000008c500000| Untracked 
| 198|0x000000008c600000, 0x000000008c600000, 0x000000008c700000|  0%| F|  |TAMS 0x000000008c600000, 0x000000008c600000| Untracked 
| 199|0x000000008c700000, 0x000000008c700000, 0x000000008c800000|  0%| F|  |TAMS 0x000000008c700000, 0x000000008c700000| Untracked 
| 200|0x000000008c800000, 0x000000008c800000, 0x000000008c900000|  0%| F|  |TAMS 0x000000008c800000, 0x000000008c800000| Untracked 
| 201|0x000000008c900000, 0x000000008c900000, 0x000000008ca00000|  0%| F|  |TAMS 0x000000008c900000, 0x000000008c900000| Untracked 
| 202|0x000000008ca00000, 0x000000008ca00000, 0x000000008cb00000|  0%| F|  |TAMS 0x000000008ca00000, 0x000000008ca00000| Untracked 
| 203|0x000000008cb00000, 0x000000008cb00000, 0x000000008cc00000|  0%| F|  |TAMS 0x000000008cb00000, 0x000000008cb00000| Untracked 
| 204|0x000000008cc00000, 0x000000008cc00000, 0x000000008cd00000|  0%| F|  |TAMS 0x000000008cc00000, 0x000000008cc00000| Untracked 
| 205|0x000000008cd00000, 0x000000008cd00000, 0x000000008ce00000|  0%| F|  |TAMS 0x000000008cd00000, 0x000000008cd00000| Untracked 
| 206|0x000000008ce00000, 0x000000008ce00000, 0x000000008cf00000|  0%| F|  |TAMS 0x000000008ce00000, 0x000000008ce00000| Untracked 
| 207|0x000000008cf00000, 0x000000008cf00000, 0x000000008d000000|  0%| F|  |TAMS 0x000000008cf00000, 0x000000008cf00000| Untracked 
| 208|0x000000008d000000, 0x000000008d000000, 0x000000008d100000|  0%| F|  |TAMS 0x000000008d000000, 0x000000008d000000| Untracked 
| 209|0x000000008d100000, 0x000000008d100000, 0x000000008d200000|  0%| F|  |TAMS 0x000000008d100000, 0x000000008d100000| Untracked 
| 210|0x000000008d200000, 0x000000008d200000, 0x000000008d300000|  0%| F|  |TAMS 0x000000008d200000, 0x000000008d200000| Untracked 
| 211|0x000000008d300000, 0x000000008d300000, 0x000000008d400000|  0%| F|  |TAMS 0x000000008d300000, 0x000000008d300000| Untracked 
| 212|0x000000008d400000, 0x000000008d400000, 0x000000008d500000|  0%| F|  |TAMS 0x000000008d400000, 0x000000008d400000| Untracked 
| 213|0x000000008d500000, 0x000000008d500000, 0x000000008d600000|  0%| F|  |TAMS 0x000000008d500000, 0x000000008d500000| Untracked 
| 214|0x000000008d600000, 0x000000008d600000, 0x000000008d700000|  0%| F|  |TAMS 0x000000008d600000, 0x000000008d600000| Untracked 
| 215|0x000000008d700000, 0x000000008d700000, 0x000000008d800000|  0%| F|  |TAMS 0x000000008d700000, 0x000000008d700000| Untracked 
| 216|0x000000008d800000, 0x000000008d800000, 0x000000008d900000|  0%| F|  |TAMS 0x000000008d800000, 0x000000008d800000| Untracked 
| 217|0x000000008d900000, 0x000000008da00000, 0x000000008da00000|100%| E|  |TAMS 0x000000008d900000, 0x000000008d900000| Complete 
| 218|0x000000008da00000, 0x000000008db00000, 0x000000008db00000|100%| E|CS|TAMS 0x000000008da00000, 0x000000008da00000| Complete 
| 219|0x000000008db00000, 0x000000008dc00000, 0x000000008dc00000|100%| E|CS|TAMS 0x000000008db00000, 0x000000008db00000| Complete 
| 220|0x000000008dc00000, 0x000000008dd00000, 0x000000008dd00000|100%| E|CS|TAMS 0x000000008dc00000, 0x000000008dc00000| Complete 
| 221|0x000000008dd00000, 0x000000008de00000, 0x000000008de00000|100%| E|CS|TAMS 0x000000008dd00000, 0x000000008dd00000| Complete 
| 222|0x000000008de00000, 0x000000008df00000, 0x000000008df00000|100%| E|CS|TAMS 0x000000008de00000, 0x000000008de00000| Complete 
| 223|0x000000008df00000, 0x000000008e000000, 0x000000008e000000|100%| E|CS|TAMS 0x000000008df00000, 0x000000008df00000| Complete 
| 224|0x000000008e000000, 0x000000008e100000, 0x000000008e100000|100%| E|CS|TAMS 0x000000008e000000, 0x000000008e000000| Complete 
| 225|0x000000008e100000, 0x000000008e200000, 0x000000008e200000|100%| E|CS|TAMS 0x000000008e100000, 0x000000008e100000| Complete 
| 226|0x000000008e200000, 0x000000008e300000, 0x000000008e300000|100%| E|CS|TAMS 0x000000008e200000, 0x000000008e200000| Complete 
| 227|0x000000008e300000, 0x000000008e400000, 0x000000008e400000|100%| E|CS|TAMS 0x000000008e300000, 0x000000008e300000| Complete 
| 228|0x000000008e400000, 0x000000008e500000, 0x000000008e500000|100%| E|CS|TAMS 0x000000008e400000, 0x000000008e400000| Complete 
| 229|0x000000008e500000, 0x000000008e600000, 0x000000008e600000|100%| E|CS|TAMS 0x000000008e500000, 0x000000008e500000| Complete 
| 230|0x000000008e600000, 0x000000008e700000, 0x000000008e700000|100%| E|CS|TAMS 0x000000008e600000, 0x000000008e600000| Complete 
| 231|0x000000008e700000, 0x000000008e800000, 0x000000008e800000|100%| E|CS|TAMS 0x000000008e700000, 0x000000008e700000| Complete 
| 232|0x000000008e800000, 0x000000008e900000, 0x000000008e900000|100%| E|CS|TAMS 0x000000008e800000, 0x000000008e800000| Complete 
| 233|0x000000008e900000, 0x000000008ea00000, 0x000000008ea00000|100%| E|CS|TAMS 0x000000008e900000, 0x000000008e900000| Complete 
| 234|0x000000008ea00000, 0x000000008eb00000, 0x000000008eb00000|100%| E|CS|TAMS 0x000000008ea00000, 0x000000008ea00000| Complete 
| 235|0x000000008eb00000, 0x000000008ec00000, 0x000000008ec00000|100%| E|CS|TAMS 0x000000008eb00000, 0x000000008eb00000| Complete 
| 236|0x000000008ec00000, 0x000000008ed00000, 0x000000008ed00000|100%| E|CS|TAMS 0x000000008ec00000, 0x000000008ec00000| Complete 
| 237|0x000000008ed00000, 0x000000008ee00000, 0x000000008ee00000|100%| E|CS|TAMS 0x000000008ed00000, 0x000000008ed00000| Complete 
| 238|0x000000008ee00000, 0x000000008ef00000, 0x000000008ef00000|100%| E|CS|TAMS 0x000000008ee00000, 0x000000008ee00000| Complete 
| 239|0x000000008ef00000, 0x000000008f000000, 0x000000008f000000|100%| E|CS|TAMS 0x000000008ef00000, 0x000000008ef00000| Complete 
| 240|0x000000008f000000, 0x000000008f100000, 0x000000008f100000|100%| E|CS|TAMS 0x000000008f000000, 0x000000008f000000| Complete 
| 241|0x000000008f100000, 0x000000008f200000, 0x000000008f200000|100%| E|CS|TAMS 0x000000008f100000, 0x000000008f100000| Complete 
| 242|0x000000008f200000, 0x000000008f300000, 0x000000008f300000|100%| E|CS|TAMS 0x000000008f200000, 0x000000008f200000| Complete 
| 243|0x000000008f300000, 0x000000008f400000, 0x000000008f400000|100%| E|CS|TAMS 0x000000008f300000, 0x000000008f300000| Complete 
| 244|0x000000008f400000, 0x000000008f500000, 0x000000008f500000|100%| E|CS|TAMS 0x000000008f400000, 0x000000008f400000| Complete 
| 245|0x000000008f500000, 0x000000008f600000, 0x000000008f600000|100%| E|CS|TAMS 0x000000008f500000, 0x000000008f500000| Complete 
| 246|0x000000008f600000, 0x000000008f700000, 0x000000008f700000|100%| E|CS|TAMS 0x000000008f600000, 0x000000008f600000| Complete 
| 247|0x000000008f700000, 0x000000008f800000, 0x000000008f800000|100%| E|CS|TAMS 0x000000008f700000, 0x000000008f700000| Complete 
| 248|0x000000008f800000, 0x000000008f900000, 0x000000008f900000|100%| E|CS|TAMS 0x000000008f800000, 0x000000008f800000| Complete 
| 249|0x000000008f900000, 0x000000008fa00000, 0x000000008fa00000|100%| E|CS|TAMS 0x000000008f900000, 0x000000008f900000| Complete 
| 250|0x000000008fa00000, 0x000000008fb00000, 0x000000008fb00000|100%| E|CS|TAMS 0x000000008fa00000, 0x000000008fa00000| Complete 
| 251|0x000000008fb00000, 0x000000008fc00000, 0x000000008fc00000|100%| E|CS|TAMS 0x000000008fb00000, 0x000000008fb00000| Complete 
| 252|0x000000008fc00000, 0x000000008fd00000, 0x000000008fd00000|100%| E|CS|TAMS 0x000000008fc00000, 0x000000008fc00000| Complete 
| 253|0x000000008fd00000, 0x000000008fe00000, 0x000000008fe00000|100%| E|CS|TAMS 0x000000008fd00000, 0x000000008fd00000| Complete 
| 254|0x000000008fe00000, 0x000000008ff00000, 0x000000008ff00000|100%| E|CS|TAMS 0x000000008fe00000, 0x000000008fe00000| Complete 
| 255|0x000000008ff00000, 0x0000000090000000, 0x0000000090000000|100%| E|CS|TAMS 0x000000008ff00000, 0x000000008ff00000| Complete 
| 256|0x0000000090000000, 0x0000000090100000, 0x0000000090100000|100%| E|CS|TAMS 0x0000000090000000, 0x0000000090000000| Complete 
| 257|0x0000000090100000, 0x0000000090200000, 0x0000000090200000|100%| E|CS|TAMS 0x0000000090100000, 0x0000000090100000| Complete 
| 258|0x0000000090200000, 0x0000000090300000, 0x0000000090300000|100%| E|CS|TAMS 0x0000000090200000, 0x0000000090200000| Complete 
| 259|0x0000000090300000, 0x0000000090400000, 0x0000000090400000|100%| E|CS|TAMS 0x0000000090300000, 0x0000000090300000| Complete 
| 260|0x0000000090400000, 0x0000000090500000, 0x0000000090500000|100%| E|CS|TAMS 0x0000000090400000, 0x0000000090400000| Complete 
| 261|0x0000000090500000, 0x0000000090600000, 0x0000000090600000|100%| E|CS|TAMS 0x0000000090500000, 0x0000000090500000| Complete 
| 262|0x0000000090600000, 0x0000000090700000, 0x0000000090700000|100%| E|CS|TAMS 0x0000000090600000, 0x0000000090600000| Complete 
| 263|0x0000000090700000, 0x0000000090800000, 0x0000000090800000|100%| E|CS|TAMS 0x0000000090700000, 0x0000000090700000| Complete 
| 264|0x0000000090800000, 0x0000000090900000, 0x0000000090900000|100%| E|CS|TAMS 0x0000000090800000, 0x0000000090800000| Complete 
| 265|0x0000000090900000, 0x0000000090a00000, 0x0000000090a00000|100%| E|CS|TAMS 0x0000000090900000, 0x0000000090900000| Complete 
| 266|0x0000000090a00000, 0x0000000090b00000, 0x0000000090b00000|100%| E|CS|TAMS 0x0000000090a00000, 0x0000000090a00000| Complete 
| 267|0x0000000090b00000, 0x0000000090c00000, 0x0000000090c00000|100%| E|CS|TAMS 0x0000000090b00000, 0x0000000090b00000| Complete 
| 268|0x0000000090c00000, 0x0000000090d00000, 0x0000000090d00000|100%| E|CS|TAMS 0x0000000090c00000, 0x0000000090c00000| Complete 
| 269|0x0000000090d00000, 0x0000000090e00000, 0x0000000090e00000|100%| E|CS|TAMS 0x0000000090d00000, 0x0000000090d00000| Complete 
| 270|0x0000000090e00000, 0x0000000090f00000, 0x0000000090f00000|100%| E|CS|TAMS 0x0000000090e00000, 0x0000000090e00000| Complete 
| 271|0x0000000090f00000, 0x0000000091000000, 0x0000000091000000|100%| E|CS|TAMS 0x0000000090f00000, 0x0000000090f00000| Complete 
| 272|0x0000000091000000, 0x0000000091100000, 0x0000000091100000|100%| E|CS|TAMS 0x0000000091000000, 0x0000000091000000| Complete 
| 273|0x0000000091100000, 0x0000000091200000, 0x0000000091200000|100%| E|CS|TAMS 0x0000000091100000, 0x0000000091100000| Complete 
| 274|0x0000000091200000, 0x0000000091300000, 0x0000000091300000|100%| E|CS|TAMS 0x0000000091200000, 0x0000000091200000| Complete 

Card table byte_map: [0x000001fce5d60000,0x000001fce6160000] _byte_map_base: 0x000001fce5960000

Marking Bits (Prev, Next): (CMBitMap*) 0x000001fcd2d79900, (CMBitMap*) 0x000001fcd2d798c8
 Prev Bits: [0x000001fce8560000, 0x000001fcea560000)
 Next Bits: [0x000001fce6560000, 0x000001fce8560000)

Polling page: 0x000001fcd0c60000

Metaspace:

Usage:
  Non-class:     47.17 MB capacity,    46.08 MB ( 98%) used,   956.33 KB (  2%) free+waste,   165.81 KB ( <1%) overhead. 
      Class:      7.32 MB capacity,     6.74 MB ( 92%) used,   517.01 KB (  7%) free+waste,    79.50 KB (  1%) overhead. 
       Both:     54.50 MB capacity,    52.82 MB ( 97%) used,     1.44 MB (  3%) free+waste,   245.31 KB ( <1%) overhead. 

Virtual space:
  Non-class space:       48.00 MB reserved,      47.25 MB ( 98%) committed 
      Class space:        1.00 GB reserved,       7.38 MB ( <1%) committed 
             Both:        1.05 GB reserved,      54.62 MB (  5%) committed 

Chunk freelists:
   Non-Class:  13.00 KB
       Class:  0 bytes
        Both:  13.00 KB

MaxMetaspaceSize: 17179869184.00 GB
CompressedClassSpaceSize: 1.00 GB
Initial GC threshold: 20.80 MB
Current GC threshold: 89.59 MB
CDS: off

CodeHeap 'non-profiled nmethods': size=120064Kb used=3626Kb max_used=3626Kb free=116438Kb
 bounds [0x000001fcde310000, 0x000001fcde6a0000, 0x000001fce5850000]
CodeHeap 'profiled nmethods': size=120000Kb used=13674Kb max_used=13674Kb free=106325Kb
 bounds [0x000001fcd6de0000, 0x000001fcd7b40000, 0x000001fcde310000]
CodeHeap 'non-nmethods': size=5696Kb used=2305Kb max_used=2381Kb free=3391Kb
 bounds [0x000001fcd6850000, 0x000001fcd6ac0000, 0x000001fcd6de0000]
 total_blobs=6854 nmethods=6046 adapters=720
 compilation: enabled
              stopped_count=0, restarted_count=0
 full_count=0

Compilation events (20 events):
Event: 14.521 Thread 0x000001fcecda3000 6252       2       java.util.Collections::indexedBinarySearch (83 bytes)
Event: 14.522 Thread 0x000001fcecda3000 nmethod 6252 0x000001fcd7b34890 code [0x000001fcd7b34a60, 0x000001fcd7b34ce8]
Event: 14.532 Thread 0x000001fcecda3000 6253 %     3       java.util.ComparableTimSort::mergeHi @ 185 (729 bytes)
Event: 14.534 Thread 0x000001fcecda3000 nmethod 6253% 0x000001fcd7b34e90 code [0x000001fcd7b35240, 0x000001fcd7b37a18]
Event: 14.544 Thread 0x000001fcecda1000 nmethod 6183% 0x000001fcde672b90 code [0x000001fcde673520, 0x000001fcde67ee08]
Event: 14.545 Thread 0x000001fcecda1000 6181       4       org.objectweb.asm.ClassReader::readMethod (1066 bytes)
Event: 14.549 Thread 0x000001fcecda3000 6256   !   3       org.gradle.internal.classpath.ClasspathWalker::visitJarContents (107 bytes)
Event: 14.549 Thread 0x000001fcecda3000 nmethod 6256 0x000001fcd7b38290 code [0x000001fcd7b38520, 0x000001fcd7b39188]
Event: 14.551 Thread 0x000001fcecda3000 6257       2       com.google.common.cache.LocalCache$AccessQueue::peek (5 bytes)
Event: 14.551 Thread 0x000001fcecda3000 nmethod 6257 0x000001fcd7b39710 code [0x000001fcd7b398c0, 0x000001fcd7b39a08]
Event: 14.551 Thread 0x000001fcecda3000 6258       2       com.google.common.cache.LocalCache$AccessQueue::peek (24 bytes)
Event: 14.551 Thread 0x000001fcecda3000 nmethod 6258 0x000001fcd7b39b10 code [0x000001fcd7b39cc0, 0x000001fcd7b39e08]
Event: 14.551 Thread 0x000001fcecda3000 6259       2       org.gradle.internal.hash.HashCode::access$100 (7 bytes)
Event: 14.551 Thread 0x000001fcecda3000 nmethod 6259 0x000001fcd7b39e90 code [0x000001fcd7b3a040, 0x000001fcd7b3a128]
Event: 14.650 Thread 0x000001fcecda3000 6261       2       java.util.stream.FindOps::makeRef (14 bytes)
Event: 14.650 Thread 0x000001fcecda3000 nmethod 6261 0x000001fcd7b3a210 code [0x000001fcd7b3a3c0, 0x000001fcd7b3a4b8]
Event: 15.007 Thread 0x000001fcecda1000 nmethod 6181 0x000001fcde688590 code [0x000001fcde688c20, 0x000001fcde6940f8]
Event: 15.007 Thread 0x000001fcecda1000 6254 %     4       org.objectweb.asm.ClassReader::readCode @ 1738 (5117 bytes)
Event: 15.042 Thread 0x000001fcecda3000 6266       2       org.objectweb.asm.tree.FieldNode::<init> (34 bytes)
Event: 15.043 Thread 0x000001fcecda3000 nmethod 6266 0x000001fcd7b3a590 code [0x000001fcd7b3a760, 0x000001fcd7b3aa28]

GC Heap History (20 events):
Event: 13.719 GC heap before
{Heap before GC invocations=50 (full 0):
 garbage-first heap   total 281600K, used 258647K [0x0000000080000000, 0x0000000100000000)
  region size 1024K, 163 young (166912K), 2 survivors (2048K)
 Metaspace       used 54072K, capacity 55804K, committed 55936K, reserved 1097728K
  class space    used 6900K, capacity 7497K, committed 7552K, reserved 1048576K
}
Event: 13.723 GC heap after
{Heap after GC invocations=51 (full 0):
 garbage-first heap   total 281600K, used 98039K [0x0000000080000000, 0x0000000100000000)
  region size 1024K, 5 young (5120K), 5 survivors (5120K)
 Metaspace       used 54072K, capacity 55804K, committed 55936K, reserved 1097728K
  class space    used 6900K, capacity 7497K, committed 7552K, reserved 1048576K
}
Event: 13.854 GC heap before
{Heap before GC invocations=51 (full 0):
 garbage-first heap   total 281600K, used 245495K [0x0000000080000000, 0x0000000100000000)
  region size 1024K, 149 young (152576K), 5 survivors (5120K)
 Metaspace       used 54074K, capacity 55804K, committed 55936K, reserved 1097728K
  class space    used 6900K, capacity 7497K, committed 7552K, reserved 1048576K
}
Event: 13.857 GC heap after
{Heap after GC invocations=52 (full 0):
 garbage-first heap   total 281600K, used 100018K [0x0000000080000000, 0x0000000100000000)
  region size 1024K, 7 young (7168K), 7 survivors (7168K)
 Metaspace       used 54074K, capacity 55804K, committed 55936K, reserved 1097728K
  class space    used 6900K, capacity 7497K, committed 7552K, reserved 1048576K
}
Event: 14.014 GC heap before
{Heap before GC invocations=52 (full 0):
 garbage-first heap   total 281600K, used 243378K [0x0000000080000000, 0x0000000100000000)
  region size 1024K, 148 young (151552K), 7 survivors (7168K)
 Metaspace       used 54076K, capacity 55804K, committed 55936K, reserved 1097728K
  class space    used 6900K, capacity 7497K, committed 7552K, reserved 1048576K
}
Event: 14.019 GC heap after
{Heap after GC invocations=53 (full 0):
 garbage-first heap   total 281600K, used 102408K [0x0000000080000000, 0x0000000100000000)
  region size 1024K, 9 young (9216K), 9 survivors (9216K)
 Metaspace       used 54076K, capacity 55804K, committed 55936K, reserved 1097728K
  class space    used 6900K, capacity 7497K, committed 7552K, reserved 1048576K
}
Event: 14.195 GC heap before
{Heap before GC invocations=53 (full 0):
 garbage-first heap   total 281600K, used 241672K [0x0000000080000000, 0x0000000100000000)
  region size 1024K, 146 young (149504K), 9 survivors (9216K)
 Metaspace       used 54076K, capacity 55804K, committed 55936K, reserved 1097728K
  class space    used 6900K, capacity 7497K, committed 7552K, reserved 1048576K
}
Event: 14.199 GC heap after
{Heap after GC invocations=54 (full 0):
 garbage-first heap   total 281600K, used 105050K [0x0000000080000000, 0x0000000100000000)
  region size 1024K, 12 young (12288K), 12 survivors (12288K)
 Metaspace       used 54076K, capacity 55804K, committed 55936K, reserved 1097728K
  class space    used 6900K, capacity 7497K, committed 7552K, reserved 1048576K
}
Event: 14.319 GC heap before
{Heap before GC invocations=54 (full 0):
 garbage-first heap   total 281600K, used 238170K [0x0000000080000000, 0x0000000100000000)
  region size 1024K, 143 young (146432K), 12 survivors (12288K)
 Metaspace       used 54077K, capacity 55804K, committed 55936K, reserved 1097728K
  class space    used 6900K, capacity 7497K, committed 7552K, reserved 1048576K
}
Event: 14.324 GC heap after
{Heap after GC invocations=55 (full 0):
 garbage-first heap   total 281600K, used 107425K [0x0000000080000000, 0x0000000100000000)
  region size 1024K, 10 young (10240K), 10 survivors (10240K)
 Metaspace       used 54077K, capacity 55804K, committed 55936K, reserved 1097728K
  class space    used 6900K, capacity 7497K, committed 7552K, reserved 1048576K
}
Event: 14.448 GC heap before
{Heap before GC invocations=55 (full 0):
 garbage-first heap   total 281600K, used 244641K [0x0000000080000000, 0x0000000100000000)
  region size 1024K, 141 young (144384K), 10 survivors (10240K)
 Metaspace       used 54082K, capacity 55804K, committed 55936K, reserved 1097728K
  class space    used 6900K, capacity 7497K, committed 7552K, reserved 1048576K
}
Event: 14.452 GC heap after
{Heap after GC invocations=56 (full 0):
 garbage-first heap   total 281600K, used 110076K [0x0000000080000000, 0x0000000100000000)
  region size 1024K, 10 young (10240K), 10 survivors (10240K)
 Metaspace       used 54082K, capacity 55804K, committed 55936K, reserved 1097728K
  class space    used 6900K, capacity 7497K, committed 7552K, reserved 1048576K
}
Event: 14.570 GC heap before
{Heap before GC invocations=56 (full 0):
 garbage-first heap   total 281600K, used 245244K [0x0000000080000000, 0x0000000100000000)
  region size 1024K, 139 young (142336K), 10 survivors (10240K)
 Metaspace       used 54085K, capacity 55804K, committed 55936K, reserved 1097728K
  class space    used 6900K, capacity 7497K, committed 7552K, reserved 1048576K
}
Event: 14.574 GC heap after
{Heap after GC invocations=57 (full 0):
 garbage-first heap   total 281600K, used 110522K [0x0000000080000000, 0x0000000100000000)
  region size 1024K, 11 young (11264K), 11 survivors (11264K)
 Metaspace       used 54085K, capacity 55804K, committed 55936K, reserved 1097728K
  class space    used 6900K, capacity 7497K, committed 7552K, reserved 1048576K
}
Event: 14.705 GC heap before
{Heap before GC invocations=57 (full 0):
 garbage-first heap   total 281600K, used 240570K [0x0000000080000000, 0x0000000100000000)
  region size 1024K, 138 young (141312K), 11 survivors (11264K)
 Metaspace       used 54085K, capacity 55804K, committed 55936K, reserved 1097728K
  class space    used 6900K, capacity 7497K, committed 7552K, reserved 1048576K
}
Event: 14.709 GC heap after
{Heap after GC invocations=58 (full 0):
 garbage-first heap   total 281600K, used 112132K [0x0000000080000000, 0x0000000100000000)
  region size 1024K, 10 young (10240K), 10 survivors (10240K)
 Metaspace       used 54085K, capacity 55804K, committed 55936K, reserved 1097728K
  class space    used 6900K, capacity 7497K, committed 7552K, reserved 1048576K
}
Event: 14.836 GC heap before
{Heap before GC invocations=58 (full 0):
 garbage-first heap   total 281600K, used 242180K [0x0000000080000000, 0x0000000100000000)
  region size 1024K, 137 young (140288K), 10 survivors (10240K)
 Metaspace       used 54085K, capacity 55804K, committed 55936K, reserved 1097728K
  class space    used 6900K, capacity 7497K, committed 7552K, reserved 1048576K
}
Event: 14.840 GC heap after
{Heap after GC invocations=59 (full 0):
 garbage-first heap   total 281600K, used 113829K [0x0000000080000000, 0x0000000100000000)
  region size 1024K, 10 young (10240K), 10 survivors (10240K)
 Metaspace       used 54085K, capacity 55804K, committed 55936K, reserved 1097728K
  class space    used 6900K, capacity 7497K, committed 7552K, reserved 1048576K
}
Event: 15.021 GC heap before
{Heap before GC invocations=59 (full 0):
 garbage-first heap   total 281600K, used 241829K [0x0000000080000000, 0x0000000100000000)
  region size 1024K, 135 young (138240K), 10 survivors (10240K)
 Metaspace       used 54085K, capacity 55804K, committed 55936K, reserved 1097728K
  class space    used 6900K, capacity 7497K, committed 7552K, reserved 1048576K
}
Event: 15.025 GC heap after
{Heap after GC invocations=60 (full 0):
 garbage-first heap   total 281600K, used 115601K [0x0000000080000000, 0x0000000100000000)
  region size 1024K, 10 young (10240K), 10 survivors (10240K)
 Metaspace       used 54085K, capacity 55804K, committed 55936K, reserved 1097728K
  class space    used 6900K, capacity 7497K, committed 7552K, reserved 1048576K
}

Deoptimization events (20 events):
Event: 15.028 Thread 0x000001fcf010d000 DEOPT UNPACKING pc=0x000001fcd689a95e sp=0x00000065ed8fd4a0 mode 0
Event: 15.032 Thread 0x000001fcf010d000 DEOPT PACKING pc=0x000001fcd7a31c7a sp=0x00000065ed8fde30
Event: 15.032 Thread 0x000001fcf010d000 DEOPT UNPACKING pc=0x000001fcd689a95e sp=0x00000065ed8fd4a0 mode 0
Event: 15.036 Thread 0x000001fcefadc000 DEOPT PACKING pc=0x000001fcd7a3120a sp=0x00000065ed5fe290
Event: 15.036 Thread 0x000001fcefadc000 DEOPT UNPACKING pc=0x000001fcd689a95e sp=0x00000065ed5fd900 mode 0
Event: 15.039 Thread 0x000001fcefadc000 DEOPT PACKING pc=0x000001fcd7a30d72 sp=0x00000065ed5fe290
Event: 15.039 Thread 0x000001fcefadc000 DEOPT UNPACKING pc=0x000001fcd689a95e sp=0x00000065ed5fd900 mode 0
Event: 15.043 Thread 0x000001fcefadc000 DEOPT PACKING pc=0x000001fcd7a313be sp=0x00000065ed5fe290
Event: 15.043 Thread 0x000001fcefadc000 DEOPT UNPACKING pc=0x000001fcd689a95e sp=0x00000065ed5fd900 mode 0
Event: 15.046 Thread 0x000001fcefadc000 DEOPT PACKING pc=0x000001fcd7a30d72 sp=0x00000065ed5fe290
Event: 15.046 Thread 0x000001fcefadc000 DEOPT UNPACKING pc=0x000001fcd689a95e sp=0x00000065ed5fd900 mode 0
Event: 15.046 Thread 0x000001fcf010d000 DEOPT PACKING pc=0x000001fcd7a30d72 sp=0x00000065ed8fde30
Event: 15.046 Thread 0x000001fcf010d000 DEOPT UNPACKING pc=0x000001fcd689a95e sp=0x00000065ed8fd4a0 mode 0
Event: 15.048 Thread 0x000001fcefadc000 DEOPT PACKING pc=0x000001fcd7a31c7a sp=0x00000065ed5fe290
Event: 15.048 Thread 0x000001fcefadc000 DEOPT UNPACKING pc=0x000001fcd689a95e sp=0x00000065ed5fd900 mode 0
Event: 15.050 Thread 0x000001fcf010d000 DEOPT PACKING pc=0x000001fcd7a31c7a sp=0x00000065ed8fde30
Event: 15.050 Thread 0x000001fcf010d000 DEOPT UNPACKING pc=0x000001fcd689a95e sp=0x00000065ed8fd4a0 mode 0
Event: 15.053 Thread 0x000001fcefadc000 DEOPT PACKING pc=0x000001fcd7a31c7a sp=0x00000065ed5fe290
Event: 15.053 Thread 0x000001fcefadc000 DEOPT UNPACKING pc=0x000001fcd689a95e sp=0x00000065ed5fd900 mode 0
Event: 15.055 Thread 0x000001fcf010d000 DEOPT PACKING pc=0x000001fcd7a3120a sp=0x00000065ed8fde30

Classes redefined (0 events):
No events

Internal exceptions (20 events):
Event: 13.651 Thread 0x000001fcefad6000 Exception <a 'sun/nio/fs/WindowsException'{0x000000008b7e3bf0}> (0x000000008b7e3bf0) thrown at [src/hotspot/share/prims/jni.cpp, line 617]
Event: 13.651 Thread 0x000001fcf010d000 Implicit null exception at 0x000001fcde39662d to 0x000001fcde3979c0
Event: 13.653 Thread 0x000001fcefadc000 Exception <a 'sun/nio/fs/WindowsException'{0x000000008b690d80}> (0x000000008b690d80) thrown at [src/hotspot/share/prims/jni.cpp, line 617]
Event: 13.654 Thread 0x000001fcf010a000 Exception <a 'sun/nio/fs/WindowsException'{0x000000008b22c788}> (0x000000008b22c788) thrown at [src/hotspot/share/prims/jni.cpp, line 617]
Event: 13.654 Thread 0x000001fcefad8800 Exception <a 'sun/nio/fs/WindowsException'{0x000000008b5d34d0}> (0x000000008b5d34d0) thrown at [src/hotspot/share/prims/jni.cpp, line 617]
Event: 13.668 Thread 0x000001fcefad6000 Exception <a 'sun/nio/fs/WindowsException'{0x000000008a5d8e10}> (0x000000008a5d8e10) thrown at [src/hotspot/share/prims/jni.cpp, line 617]
Event: 13.669 Thread 0x000001fcefad6000 Exception <a 'sun/nio/fs/WindowsException'{0x000000008a5d8fc8}> (0x000000008a5d8fc8) thrown at [src/hotspot/share/prims/jni.cpp, line 617]
Event: 13.669 Thread 0x000001fcefadc000 Exception <a 'sun/nio/fs/WindowsException'{0x000000008a375970}> (0x000000008a375970) thrown at [src/hotspot/share/prims/jni.cpp, line 617]
Event: 13.670 Thread 0x000001fcefadc000 Exception <a 'sun/nio/fs/WindowsException'{0x000000008a375b18}> (0x000000008a375b18) thrown at [src/hotspot/share/prims/jni.cpp, line 617]
Event: 13.674 Thread 0x000001fcf010a000 Exception <a 'sun/nio/fs/WindowsException'{0x000000008b22c920}> (0x000000008b22c920) thrown at [src/hotspot/share/prims/jni.cpp, line 617]
Event: 13.676 Thread 0x000001fcefad6000 Exception <a 'sun/nio/fs/WindowsException'{0x000000008a024f78}> (0x000000008a024f78) thrown at [src/hotspot/share/prims/jni.cpp, line 617]
Event: 13.714 Thread 0x000001fcefad8800 Exception <a 'sun/nio/fs/WindowsException'{0x00000000874619b0}> (0x00000000874619b0) thrown at [src/hotspot/share/prims/jni.cpp, line 617]
Event: 13.714 Thread 0x000001fcefad8800 Exception <a 'sun/nio/fs/WindowsException'{0x0000000087461b70}> (0x0000000087461b70) thrown at [src/hotspot/share/prims/jni.cpp, line 617]
Event: 13.715 Thread 0x000001fcefad6000 Exception <a 'sun/nio/fs/WindowsException'{0x0000000087388720}> (0x0000000087388720) thrown at [src/hotspot/share/prims/jni.cpp, line 617]
Event: 13.716 Thread 0x000001fcefad6000 Exception <a 'sun/nio/fs/WindowsException'{0x0000000087388888}> (0x0000000087388888) thrown at [src/hotspot/share/prims/jni.cpp, line 617]
Event: 13.803 Thread 0x000001fcf010a000 Exception <a 'sun/nio/fs/WindowsException'{0x000000008bb24a08}> (0x000000008bb24a08) thrown at [src/hotspot/share/prims/jni.cpp, line 617]
Event: 14.424 Thread 0x000001fcefadc000 Exception <a 'sun/nio/fs/WindowsException'{0x000000008afe2798}> (0x000000008afe2798) thrown at [src/hotspot/share/prims/jni.cpp, line 617]
Event: 14.520 Thread 0x000001fcf010a000 Exception <a 'sun/nio/fs/WindowsException'{0x000000008b996270}> (0x000000008b996270) thrown at [src/hotspot/share/prims/jni.cpp, line 617]
Event: 14.520 Thread 0x000001fcf010a000 Exception <a 'sun/nio/fs/WindowsException'{0x000000008b9963c8}> (0x000000008b9963c8) thrown at [src/hotspot/share/prims/jni.cpp, line 617]
Event: 14.555 Thread 0x000001fcf010d000 Exception <a 'sun/nio/fs/WindowsException'{0x000000008a01e708}> (0x000000008a01e708) thrown at [src/hotspot/share/prims/jni.cpp, line 617]

Events (20 events):
Event: 13.719 Executing VM operation: G1CollectForAllocation
Event: 13.723 Executing VM operation: G1CollectForAllocation done
Event: 13.854 Executing VM operation: G1CollectForAllocation
Event: 13.857 Executing VM operation: G1CollectForAllocation done
Event: 14.012 Executing VM operation: G1CollectForAllocation
Event: 14.019 Executing VM operation: G1CollectForAllocation done
Event: 14.195 Executing VM operation: G1CollectForAllocation
Event: 14.199 Executing VM operation: G1CollectForAllocation done
Event: 14.318 Executing VM operation: G1CollectForAllocation
Event: 14.324 Executing VM operation: G1CollectForAllocation done
Event: 14.448 Executing VM operation: G1CollectForAllocation
Event: 14.452 Executing VM operation: G1CollectForAllocation done
Event: 14.570 Executing VM operation: G1CollectForAllocation
Event: 14.574 Executing VM operation: G1CollectForAllocation done
Event: 14.705 Executing VM operation: G1CollectForAllocation
Event: 14.709 Executing VM operation: G1CollectForAllocation done
Event: 14.836 Executing VM operation: G1CollectForAllocation
Event: 14.840 Executing VM operation: G1CollectForAllocation done
Event: 15.021 Executing VM operation: G1CollectForAllocation
Event: 15.025 Executing VM operation: G1CollectForAllocation done


Dynamic libraries:
0x00007ff733910000 - 0x00007ff73391a000 	D:\FongAndroid\jbr\bin\java.exe
0x00007ffdb0f30000 - 0x00007ffdb1147000 	C:\WINDOWS\SYSTEM32\ntdll.dll
0x00007ffdb03d0000 - 0x00007ffdb0494000 	C:\WINDOWS\System32\KERNEL32.DLL
0x00007ffdae5f0000 - 0x00007ffdae996000 	C:\WINDOWS\System32\KERNELBASE.dll
0x00007ffdae4d0000 - 0x00007ffdae5e1000 	C:\WINDOWS\System32\ucrtbase.dll
0x00007ffd965c0000 - 0x00007ffd965d7000 	D:\FongAndroid\jbr\bin\jli.dll
0x00007ffd92460000 - 0x00007ffd9247b000 	D:\FongAndroid\jbr\bin\VCRUNTIME140.dll
0x00007ffdb0d30000 - 0x00007ffdb0ede000 	C:\WINDOWS\System32\USER32.dll
0x00007ffdae9a0000 - 0x00007ffdae9c6000 	C:\WINDOWS\System32\win32u.dll
0x00007ffd96a10000 - 0x00007ffd96ca3000 	C:\WINDOWS\WinSxS\amd64_microsoft.windows.common-controls_6595b64144ccf1df_6.0.22621.2506_none_270c5ae97388e100\COMCTL32.dll
0x00007ffdb0b50000 - 0x00007ffdb0b79000 	C:\WINDOWS\System32\GDI32.dll
0x00007ffdafba0000 - 0x00007ffdafc47000 	C:\WINDOWS\System32\msvcrt.dll
0x00007ffdae270000 - 0x00007ffdae388000 	C:\WINDOWS\System32\gdi32full.dll
0x00007ffdae430000 - 0x00007ffdae4ca000 	C:\WINDOWS\System32\msvcp_win.dll
0x00007ffdafe00000 - 0x00007ffdafe31000 	C:\WINDOWS\System32\IMM32.DLL
0x00007ffd759b0000 - 0x00007ffd75a3d000 	D:\FongAndroid\jbr\bin\msvcp140.dll
0x00007ffd872d0000 - 0x00007ffd872dc000 	C:\WINDOWS\SYSTEM32\VCRUNTIME140_1.dll
0x00007ffd6dfc0000 - 0x00007ffd6eb7c000 	D:\FongAndroid\jbr\bin\server\jvm.dll
0x00007ffdaf700000 - 0x00007ffdaf7b3000 	C:\WINDOWS\System32\ADVAPI32.dll
0x00007ffdb04b0000 - 0x00007ffdb0558000 	C:\WINDOWS\System32\sechost.dll
0x00007ffdae390000 - 0x00007ffdae3b8000 	C:\WINDOWS\System32\bcrypt.dll
0x00007ffdaec80000 - 0x00007ffdaed97000 	C:\WINDOWS\System32\RPCRT4.dll
0x00007ffdb0c90000 - 0x00007ffdb0c98000 	C:\WINDOWS\System32\PSAPI.DLL
0x00007ffda74b0000 - 0x00007ffda74ba000 	C:\WINDOWS\SYSTEM32\VERSION.dll
0x00007ffda7030000 - 0x00007ffda7064000 	C:\WINDOWS\SYSTEM32\WINMM.dll
0x00007ffd9ea70000 - 0x00007ffd9ea79000 	C:\WINDOWS\SYSTEM32\WSOCK32.dll
0x00007ffdafed0000 - 0x00007ffdaff41000 	C:\WINDOWS\System32\WS2_32.dll
0x00007ffdad2a0000 - 0x00007ffdad2b8000 	C:\WINDOWS\SYSTEM32\kernel.appcore.dll
0x00007ffd9ea60000 - 0x00007ffd9ea70000 	D:\FongAndroid\jbr\bin\verify.dll
0x00007ffdabcc0000 - 0x00007ffdabef3000 	C:\WINDOWS\SYSTEM32\DBGHELP.DLL
0x00007ffdaf810000 - 0x00007ffdafb99000 	C:\WINDOWS\System32\combase.dll
0x00007ffdaf620000 - 0x00007ffdaf6f7000 	C:\WINDOWS\System32\OLEAUT32.dll
0x00007ffd87df0000 - 0x00007ffd87e22000 	C:\WINDOWS\SYSTEM32\dbgcore.DLL
0x00007ffdaec00000 - 0x00007ffdaec7a000 	C:\WINDOWS\System32\bcryptPrimitives.dll
0x00007ffd92310000 - 0x00007ffd92338000 	D:\FongAndroid\jbr\bin\java.dll
0x00007ffd96620000 - 0x00007ffd9662a000 	D:\FongAndroid\jbr\bin\jimage.dll
0x00007ffd955d0000 - 0x00007ffd955de000 	D:\FongAndroid\jbr\bin\instrument.dll
0x00007ffd922f0000 - 0x00007ffd92308000 	D:\FongAndroid\jbr\bin\zip.dll
0x00007ffdaeda0000 - 0x00007ffdaf5fa000 	C:\WINDOWS\System32\SHELL32.dll
0x00007ffdac1c0000 - 0x00007ffdacab6000 	C:\WINDOWS\SYSTEM32\windows.storage.dll
0x00007ffdac080000 - 0x00007ffdac1be000 	C:\WINDOWS\SYSTEM32\wintypes.dll
0x00007ffdb0b90000 - 0x00007ffdb0c83000 	C:\WINDOWS\System32\SHCORE.dll
0x00007ffdb07a0000 - 0x00007ffdb07fe000 	C:\WINDOWS\System32\shlwapi.dll
0x00007ffdae1a0000 - 0x00007ffdae1c6000 	C:\WINDOWS\SYSTEM32\profapi.dll
0x00007ffd91df0000 - 0x00007ffd91e09000 	D:\FongAndroid\jbr\bin\net.dll
0x00007ffda6e70000 - 0x00007ffda6fa7000 	C:\WINDOWS\SYSTEM32\WINHTTP.dll
0x00007ffdad720000 - 0x00007ffdad789000 	C:\WINDOWS\system32\mswsock.dll
0x00007ffd91dd0000 - 0x00007ffd91de3000 	D:\FongAndroid\jbr\bin\nio.dll
0x00007ffd95510000 - 0x00007ffd95537000 	C:\Users\HI\.gradle\native\c067742578af261105cb4f569cf0c3c89f3d7b1fecec35dd04571415982c5e48\windows-amd64\native-platform.dll
0x00007ffd705f0000 - 0x00007ffd70734000 	C:\Users\HI\.gradle\native\38dada09dfb8b06ba9b0570ebf7e218e3eb74d4ef43ca46872605cf95ebc2f47\windows-amd64\native-platform-file-events.dll
0x00007ffd954f0000 - 0x00007ffd954fa000 	D:\FongAndroid\jbr\bin\management.dll
0x00007ffd951d0000 - 0x00007ffd951db000 	D:\FongAndroid\jbr\bin\management_ext.dll
0x00007ffdad980000 - 0x00007ffdad99b000 	C:\WINDOWS\SYSTEM32\CRYPTSP.dll
0x00007ffdad200000 - 0x00007ffdad235000 	C:\WINDOWS\system32\rsaenh.dll
0x00007ffdad810000 - 0x00007ffdad83c000 	C:\WINDOWS\SYSTEM32\USERENV.dll
0x00007ffdad970000 - 0x00007ffdad97c000 	C:\WINDOWS\SYSTEM32\CRYPTBASE.dll
0x00007ffdacd20000 - 0x00007ffdacd4d000 	C:\WINDOWS\SYSTEM32\IPHLPAPI.DLL
0x00007ffdb04a0000 - 0x00007ffdb04a9000 	C:\WINDOWS\System32\NSI.dll
0x00007ffda65e0000 - 0x00007ffda65f9000 	C:\WINDOWS\SYSTEM32\dhcpcsvc6.DLL
0x00007ffda6500000 - 0x00007ffda651f000 	C:\WINDOWS\SYSTEM32\dhcpcsvc.DLL
0x00007ffdacd90000 - 0x00007ffdace89000 	C:\WINDOWS\SYSTEM32\DNSAPI.dll

dbghelp: loaded successfully - version: 4.0.5 - missing functions: none
symbol engine: initialized successfully - sym options: 0x614 - pdb path: .;D:\FongAndroid\jbr\bin;C:\WINDOWS\SYSTEM32;C:\WINDOWS\WinSxS\amd64_microsoft.windows.common-controls_6595b64144ccf1df_6.0.22621.2506_none_270c5ae97388e100;D:\FongAndroid\jbr\bin\server;C:\Users\HI\.gradle\native\c067742578af261105cb4f569cf0c3c89f3d7b1fecec35dd04571415982c5e48\windows-amd64;C:\Users\HI\.gradle\native\38dada09dfb8b06ba9b0570ebf7e218e3eb74d4ef43ca46872605cf95ebc2f47\windows-amd64

VM Arguments:
jvm_args: --add-opens=java.base/java.util=ALL-UNNAMED --add-opens=java.base/java.lang=ALL-UNNAMED --add-opens=java.base/java.lang.invoke=ALL-UNNAMED --add-opens=java.prefs/java.util.prefs=ALL-UNNAMED --add-opens=java.base/java.nio.charset=ALL-UNNAMED --add-opens=java.base/java.net=ALL-UNNAMED --add-opens=java.base/java.util.concurrent.atomic=ALL-UNNAMED -Xmx2048m -Dfile.encoding=UTF-8 -Duser.country=US -Duser.language=en -Duser.variant -javaagent:C:\Users\HI\.gradle\wrapper\dists\gradle-8.5-bin\5t9huq95ubn472n8rpzujfbqh\gradle-8.5\lib\agents\gradle-instrumentation-agent-8.5.jar 
java_command: org.gradle.launcher.daemon.bootstrap.GradleDaemon 8.5
java_class_path (initial): C:\Users\HI\.gradle\wrapper\dists\gradle-8.5-bin\5t9huq95ubn472n8rpzujfbqh\gradle-8.5\lib\gradle-launcher-8.5.jar
Launcher Type: SUN_STANDARD

[Global flags]
     intx CICompilerCount                          = 3                                         {product} {ergonomic}
     uint ConcGCThreads                            = 2                                         {product} {ergonomic}
     uint G1ConcRefinementThreads                  = 6                                         {product} {ergonomic}
   size_t G1HeapRegionSize                         = 1048576                                   {product} {ergonomic}
    uintx GCDrainStackTargetSize                   = 64                                        {product} {ergonomic}
   size_t InitialHeapSize                          = 123731968                                 {product} {ergonomic}
   size_t MarkStackSize                            = 4194304                                   {product} {ergonomic}
   size_t MaxHeapSize                              = 2147483648                                {product} {command line}
   size_t MaxNewSize                               = 1287651328                                {product} {ergonomic}
   size_t MinHeapDeltaBytes                        = 1048576                                   {product} {ergonomic}
    uintx NonNMethodCodeHeapSize                   = 5830732                                {pd product} {ergonomic}
    uintx NonProfiledCodeHeapSize                  = 122913754                              {pd product} {ergonomic}
    uintx ProfiledCodeHeapSize                     = 122913754                              {pd product} {ergonomic}
    uintx ReservedCodeCacheSize                    = 251658240                              {pd product} {ergonomic}
     bool SegmentedCodeCache                       = true                                      {product} {ergonomic}
     bool UseCompressedClassPointers               = true                                 {lp64_product} {ergonomic}
     bool UseCompressedOops                        = true                                 {lp64_product} {ergonomic}
     bool UseG1GC                                  = true                                      {product} {ergonomic}
     bool UseLargePagesIndividualAllocation        = false                                  {pd product} {ergonomic}

Logging:
Log output configuration:
 #0: stdout all=warning uptime,level,tags
 #1: stderr all=off uptime,level,tags

Environment Variables:
JAVA_HOME=C:\Java\
PATH=C:\Program Files\Common Files\Oracle\Java\javapath;C:\Program Files (x86)\VMware\VMware Workstation\bin\;C:\Java\bin;C:\WINDOWS\system32;C:\WINDOWS;C:\WINDOWS\System32\Wbem;C:\WINDOWS\System32\WindowsPowerShell\v1.0\;C:\WINDOWS\System32\OpenSSH\;C:\MinGW\bin\;C:\TDM-GCC-64\bin;C:\Program Files\Microsoft SQL Server\Client SDK\ODBC\170\Tools\Binn\;C:\Program Files (x86)\Microsoft SQL Server\150\Tools\Binn\;C:\Program Files\Microsoft SQL Server\150\Tools\Binn\;C:\Program Files\Microsoft SQL Server\150\DTS\Binn\;C:\Program Files (x86)\Microsoft SQL Server\160\DTS\Binn\;C:\Program Files (x86)\Microsoft SQL Server\160\Tools\Binn\;C:\Program Files\Microsoft SQL Server\160\Tools\Binn\;C:\Program Files\Microsoft SQL Server\160\DTS\Binn\;D:\;C:\dart-sdk;C:\Program Files\dotnet\;C:\Program Files\Git\cmd;C:\Program Files\MySQL\MySQL Shell 8.0\bin\;D:\Scripts\;D:\;D:\python\Scripts\;D:\python\;C:\Users\HI\AppData\Local\Microsoft\WindowsApps;C:\Users\HI\AppData\Local\Programs\Microsoft VS Code\bin;C:\TDM-GCC-64\bin;D:\php\php;C:\Program Files\JetBrains\PyCharm Community Edition 2021.2.3\bin;;;C:\Program Files\Azure Data Studio\bin;C:\Users\HI\AppData\Roaming\npm;C:\Users\HI\.dotnet\tools;C:\Program Files\JetBrains\IntelliJ IDEA 2023.2.2\bin;;C:\Program Files\JetBrains\IntelliJ IDEA Educational Edition 2022.2.2\bin;;C:\Program Files\JetBrains\IntelliJ IDEA Community Edition 2023.2.2\bin;
USERNAME=HI
OS=Windows_NT
PROCESSOR_IDENTIFIER=AMD64 Family 23 Model 96 Stepping 1, AuthenticAMD



---------------  S Y S T E M  ---------------

OS: Windows 11 , 64 bit Build 22621 (10.0.22621.2506)
OS uptime: 0 days 7:37 hours

CPU:total 6 (initial active 6) (6 cores per cpu, 1 threads per core) family 23 model 96 stepping 1 microcode 0x0, cmov, cx8, fxsr, mmx, sse, sse2, sse3, ssse3, sse4.1, sse4.2, popcnt, avx, avx2, aes, clmul, mmxext, 3dnowpref, lzcnt, sse4a, tsc, tscinvbit, tscinv, bmi1, bmi2, adx, sha, fma

Memory: 4k page, system-wide physical 7542M (325M free)
TotalPageFile size 11638M (AvailPageFile size 4M)
current process WorkingSet (physical memory assigned to process): 464M, peak: 469M
current process commit charge ("private bytes"): 501M, peak: 507M

vm_info: OpenJDK 64-Bit Server VM (11.0.15+0-b2043.56-8887301) for windows-amd64 JRE (11.0.15+0-b2043.56-8887301), built on Jul 29 2022 23:19:47 by "builduser" with unknown MS VC++:1929

END.
