#
# There is insufficient memory for the Java Runtime Environment to continue.
# Native memory allocation (mmap) failed to map 176160768 bytes for Failed to commit area from 0x0000000099500000 to 0x00000000a3d00000 of length 176160768.
# Possible reasons:
#   The system is out of physical RAM or swap space
#   The process is running with CompressedOops enabled, and the Java Heap may be blocking the growth of the native heap
# Possible solutions:
#   Reduce memory load on the system
#   Increase physical memory or swap space
#   Check if swap backing store is full
#   Decrease Java heap size (-Xmx/-Xms)
#   Decrease number of Java threads
#   Decrease Java thread stack sizes (-Xss)
#   Set larger code cache with -XX:ReservedCodeCacheSize=
#   JVM is running with Unscaled Compressed Oops mode in which the Java heap is
#     placed in the first 4GB address space. The Java Heap base address is the
#     maximum limit for the native heap growth. Please use -XX:HeapBaseMinAddress
#     to set the Java Heap base and to place the Java Heap above 4GB virtual address.
# This output file may be truncated or incomplete.
#
#  Out of Memory Error (src/hotspot/os/windows/os_windows.cpp:3627), pid=18760, tid=20256
#
# JRE version: OpenJDK Runtime Environment (11.0.15) (build 11.0.15+0-b2043.56-8887301)
# Java VM: OpenJDK 64-Bit Server VM (11.0.15+0-b2043.56-8887301, mixed mode, tiered, compressed oops, g1 gc, windows-amd64)
# No core dump will be written. Minidumps are not enabled by default on client versions of Windows
#

---------------  S U M M A R Y ------------

Command Line: --add-opens=java.base/java.util=ALL-UNNAMED --add-opens=java.base/java.lang=ALL-UNNAMED --add-opens=java.base/java.lang.invoke=ALL-UNNAMED --add-opens=java.prefs/java.util.prefs=ALL-UNNAMED --add-opens=java.base/java.nio.charset=ALL-UNNAMED --add-opens=java.base/java.net=ALL-UNNAMED --add-opens=java.base/java.util.concurrent.atomic=ALL-UNNAMED -Xmx2048m -Dfile.encoding=UTF-8 -Duser.country=US -Duser.language=en -Duser.variant -javaagent:C:\Users\HI\.gradle\wrapper\dists\gradle-8.5-bin\5t9huq95ubn472n8rpzujfbqh\gradle-8.5\lib\agents\gradle-instrumentation-agent-8.5.jar org.gradle.launcher.daemon.bootstrap.GradleDaemon 8.5

Host: AMD Ryzen 5 4500U with Radeon Graphics         , 6 cores, 7G,  Windows 11 , 64 bit Build 22621 (10.0.22621.2506)
Time: Tue Jan 16 22:05:07 2024 SE Asia Standard Time elapsed time: 8.084977 seconds (0d 0h 0m 8s)

---------------  T H R E A D  ---------------

Current thread (0x0000021266f3c000):  VMThread "VM Thread" [stack: 0x000000fc88100000,0x000000fc88200000] [id=20256]

Stack: [0x000000fc88100000,0x000000fc88200000]
[error occurred during error reporting (printing stack bounds), id 0xc0000005, EXCEPTION_ACCESS_VIOLATION (0xc0000005) at pc=0x0000021250a0112d]

Native frames: (J=compiled Java code, j=interpreted, Vv=VM code, C=native code)
V  [jvm.dll+0x64135a]
V  [jvm.dll+0x7d39f9]
V  [jvm.dll+0x7d51b9]
V  [jvm.dll+0x7d5805]
V  [jvm.dll+0x7d57bb]
V  [jvm.dll+0x640655]
V  [jvm.dll+0x640d68]
C  [ntdll.dll+0xa441f]
C  [ntdll.dll+0x1e466]
C  [ntdll.dll+0xa340e]
C  0x0000021250a0112d

VM_Operation (0x000000fc8a2fdb10): G1CollectForAllocation, mode: safepoint, requested by thread 0x000002126a197800


---------------  P R O C E S S  ---------------

Threads class SMR info:
_java_thread_list=0x000002126d0b44a0, length=38, elements={
0x000002124ceec000, 0x0000021266f41000, 0x0000021266f4b800, 0x00000212678c2800,
0x00000212678c3800, 0x00000212678c4800, 0x00000212678c8800, 0x00000212678c9800,
0x00000212678cd800, 0x00000212679eb000, 0x00000212698bf000, 0x0000021267c47000,
0x0000021268d12800, 0x0000021269e29000, 0x000002126a1f8800, 0x000002126998a800,
0x0000021269669000, 0x00000212686c0800, 0x0000021269c61800, 0x0000021269d67800,
0x000002126a19c800, 0x000002126a198000, 0x000002126a199000, 0x000002126b7cf800,
0x000002126a196800, 0x000002126a19d000, 0x000002126a197800, 0x000002126a19a800,
0x000002126a19a000, 0x000002126a19b800, 0x000002126ba61000, 0x000002126ba62800,
0x000002126ba61800, 0x000002126ba63800, 0x000002126ba5e800, 0x000002126ba5f800,
0x000002126ba60000, 0x000002126ba5d800
}

Java Threads: ( => current thread )
  0x000002124ceec000 JavaThread "main" [_thread_blocked, id=1748, stack(0x000000fc87b00000,0x000000fc87c00000)]
  0x0000021266f41000 JavaThread "Reference Handler" daemon [_thread_blocked, id=12884, stack(0x000000fc88200000,0x000000fc88300000)]
  0x0000021266f4b800 JavaThread "Finalizer" daemon [_thread_blocked, id=20636, stack(0x000000fc88300000,0x000000fc88400000)]
  0x00000212678c2800 JavaThread "Signal Dispatcher" daemon [_thread_blocked, id=3624, stack(0x000000fc88400000,0x000000fc88500000)]
  0x00000212678c3800 JavaThread "Attach Listener" daemon [_thread_blocked, id=8504, stack(0x000000fc88500000,0x000000fc88600000)]
  0x00000212678c4800 JavaThread "Service Thread" daemon [_thread_blocked, id=13800, stack(0x000000fc88600000,0x000000fc88700000)]
  0x00000212678c8800 JavaThread "C2 CompilerThread0" daemon [_thread_in_native, id=18972, stack(0x000000fc88700000,0x000000fc88800000)]
  0x00000212678c9800 JavaThread "C1 CompilerThread0" daemon [_thread_blocked, id=2620, stack(0x000000fc88800000,0x000000fc88900000)]
  0x00000212678cd800 JavaThread "Sweeper thread" daemon [_thread_blocked, id=11720, stack(0x000000fc88900000,0x000000fc88a00000)]
  0x00000212679eb000 JavaThread "Common-Cleaner" daemon [_thread_blocked, id=11636, stack(0x000000fc88a00000,0x000000fc88b00000)]
  0x00000212698bf000 JavaThread "Daemon health stats" [_thread_blocked, id=8484, stack(0x000000fc88e00000,0x000000fc88f00000)]
  0x0000021267c47000 JavaThread "Incoming local TCP Connector on port 55013" [_thread_in_native, id=17732, stack(0x000000fc88c00000,0x000000fc88d00000)]
  0x0000021268d12800 JavaThread "Daemon periodic checks" [_thread_blocked, id=21240, stack(0x000000fc89100000,0x000000fc89200000)]
  0x0000021269e29000 JavaThread "Daemon" [_thread_blocked, id=11300, stack(0x000000fc89200000,0x000000fc89300000)]
  0x000002126a1f8800 JavaThread "Handler for socket connection from /127.0.0.1:55013 to /127.0.0.1:55014" [_thread_in_native, id=21216, stack(0x000000fc89300000,0x000000fc89400000)]
  0x000002126998a800 JavaThread "Cancel handler" [_thread_blocked, id=1408, stack(0x000000fc89400000,0x000000fc89500000)]
  0x0000021269669000 JavaThread "Daemon worker" [_thread_blocked, id=21172, stack(0x000000fc89500000,0x000000fc89600000)]
  0x00000212686c0800 JavaThread "Asynchronous log dispatcher for DefaultDaemonConnection: socket connection from /127.0.0.1:55013 to /127.0.0.1:55014" [_thread_blocked, id=15332, stack(0x000000fc89600000,0x000000fc89700000)]
  0x0000021269c61800 JavaThread "Stdin handler" [_thread_blocked, id=16720, stack(0x000000fc89700000,0x000000fc89800000)]
  0x0000021269d67800 JavaThread "Daemon client event forwarder" [_thread_blocked, id=1256, stack(0x000000fc89800000,0x000000fc89900000)]
  0x000002126a19c800 JavaThread "Cache worker for journal cache (C:\Users\HI\.gradle\caches\journal-1)" [_thread_blocked, id=19320, stack(0x000000fc89c00000,0x000000fc89d00000)]
  0x000002126a198000 JavaThread "File lock request listener" [_thread_in_native, id=7508, stack(0x000000fc89d00000,0x000000fc89e00000)]
  0x000002126a199000 JavaThread "Cache worker for file hash cache (C:\Users\HI\.gradle\caches\8.5\fileHashes)" [_thread_blocked, id=9964, stack(0x000000fc89e00000,0x000000fc89f00000)]
  0x000002126b7cf800 JavaThread "C2 CompilerThread1" daemon [_thread_in_native, id=19592, stack(0x000000fc89f00000,0x000000fc8a000000)]
  0x000002126a196800 JavaThread "File watcher server" daemon [_thread_in_native, id=16004, stack(0x000000fc8a000000,0x000000fc8a100000)]
  0x000002126a19d000 JavaThread "File watcher consumer" daemon [_thread_blocked, id=11320, stack(0x000000fc8a100000,0x000000fc8a200000)]
  0x000002126a197800 JavaThread "jar transforms" [_thread_blocked, id=3864, stack(0x000000fc8a200000,0x000000fc8a300000)]
  0x000002126a19a800 JavaThread "jar transforms Thread 2" [_thread_blocked, id=520, stack(0x000000fc8a300000,0x000000fc8a400000)]
  0x000002126a19a000 JavaThread "jar transforms Thread 3" [_thread_blocked, id=6480, stack(0x000000fc8a400000,0x000000fc8a500000)]
  0x000002126a19b800 JavaThread "jar transforms Thread 4" [_thread_blocked, id=12604, stack(0x000000fc8a500000,0x000000fc8a600000)]
  0x000002126ba61000 JavaThread "jar transforms Thread 5" [_thread_blocked, id=4208, stack(0x000000fc8a600000,0x000000fc8a700000)]
  0x000002126ba62800 JavaThread "jar transforms Thread 6" [_thread_blocked, id=18068, stack(0x000000fc8a700000,0x000000fc8a800000)]
  0x000002126ba61800 JavaThread "Cache worker for checksums cache (C:\Users\HI\AndroidStudioProjects\Spinner\.gradle\8.5\checksums)" [_thread_blocked, id=4720, stack(0x000000fc8a800000,0x000000fc8a900000)]
  0x000002126ba63800 JavaThread "Cache worker for file hash cache (C:\Users\HI\AndroidStudioProjects\Spinner\.gradle\8.5\fileHashes)" [_thread_blocked, id=19352, stack(0x000000fc8a900000,0x000000fc8aa00000)]
  0x000002126ba5e800 JavaThread "Cache worker for cache directory md-supplier (C:\Users\HI\.gradle\caches\8.5\md-supplier)" [_thread_blocked, id=6364, stack(0x000000fc8aa00000,0x000000fc8ab00000)]
  0x000002126ba5f800 JavaThread "Cache worker for cache directory md-rule (C:\Users\HI\.gradle\caches\8.5\md-rule)" [_thread_blocked, id=16764, stack(0x000000fc8ab00000,0x000000fc8ac00000)]
  0x000002126ba60000 JavaThread "Cache worker for file content cache (C:\Users\HI\.gradle\caches\8.5\fileContent)" [_thread_blocked, id=20008, stack(0x000000fc8ac00000,0x000000fc8ad00000)]
  0x000002126ba5d800 JavaThread "Cache worker for execution history cache (C:\Users\HI\.gradle\caches\8.5\executionHistory)" [_thread_blocked, id=1700, stack(0x000000fc8ad00000,0x000000fc8ae00000)]

Other Threads:
=>0x0000021266f3c000 VMThread "VM Thread" [stack: 0x000000fc88100000,0x000000fc88200000] [id=20256]
  0x0000021267b2e000 WatcherThread [stack: 0x000000fc88b00000,0x000000fc88c00000] [id=17792]
  0x000002124cf06800 GCTaskThread "GC Thread#0" [stack: 0x000000fc87c00000,0x000000fc87d00000] [id=13388]
  0x0000021268620800 GCTaskThread "GC Thread#1" [stack: 0x000000fc88d00000,0x000000fc88e00000] [id=2760]
  0x00000212696b4000 GCTaskThread "GC Thread#2" [stack: 0x000000fc88f00000,0x000000fc89000000] [id=2160]
  0x0000021269cfc000 GCTaskThread "GC Thread#3" [stack: 0x000000fc89000000,0x000000fc89100000] [id=16820]
  0x000002126997e800 GCTaskThread "GC Thread#4" [stack: 0x000000fc89900000,0x000000fc89a00000] [id=13360]
  0x0000021269e48000 GCTaskThread "GC Thread#5" [stack: 0x000000fc89a00000,0x000000fc89b00000] [id=14900]
  0x000002124cf33800 ConcurrentGCThread "G1 Main Marker" [stack: 0x000000fc87d00000,0x000000fc87e00000] [id=19764]
  0x000002124cf35000 ConcurrentGCThread "G1 Conc#0" [stack: 0x000000fc87e00000,0x000000fc87f00000] [id=13324]
  0x0000021268fb9800 ConcurrentGCThread "G1 Conc#1" [stack: 0x000000fc89b00000,0x000000fc89c00000] [id=8564]
  0x0000021266d90800 ConcurrentGCThread "G1 Refine#0" [stack: 0x000000fc87f00000,0x000000fc88000000] [id=21204]
  0x0000021266d91800 ConcurrentGCThread "G1 Young RemSet Sampling" [stack: 0x000000fc88000000,0x000000fc88100000] [id=1988]

Threads with active compile tasks:
C2 CompilerThread0     8093 5062       4       org.objectweb.asm.ClassReader::readCode (5117 bytes)
C2 CompilerThread1     8093 5124       4       org.objectweb.asm.FieldWriter::putFieldInfo (269 bytes)

VM state:at safepoint (normal execution)

VM Mutex/Monitor currently owned by a thread:  ([mutex/lock_event])
[0x000002124cee9360] Threads_lock - owner thread: 0x0000021266f3c000
[0x000002124cee7f20] Heap_lock - owner thread: 0x000002126a197800

Heap address: 0x0000000080000000, size: 2048 MB, Compressed Oops mode: 32-bit
Narrow klass base: 0x0000000000000000, Narrow klass shift: 3
Compressed class space size: 1073741824 Address: 0x0000000100000000

Heap:
 garbage-first heap   total 586752K, used 98580K [0x0000000080000000, 0x0000000100000000)
  region size 1024K, 19 young (19456K), 19 survivors (19456K)
 Metaspace       used 48259K, capacity 49738K, committed 50048K, reserved 1093632K
  class space    used 6128K, capacity 6677K, committed 6784K, reserved 1048576K
Heap Regions: E=young(eden), S=young(survivor), O=old, HS=humongous(starts), HC=humongous(continues), CS=collection set, F=free, A=archive, TAMS=top-at-mark-start (previous, next)
|   0|0x0000000080000000, 0x0000000080100000, 0x0000000080100000|100%|HS|  |TAMS 0x0000000080100000, 0x0000000080000000| Complete 
|   1|0x0000000080100000, 0x0000000080200000, 0x0000000080200000|100%|HC|  |TAMS 0x0000000080200000, 0x0000000080100000| Complete 
|   2|0x0000000080200000, 0x0000000080300000, 0x0000000080300000|100%|HC|  |TAMS 0x0000000080300000, 0x0000000080200000| Complete 
|   3|0x0000000080300000, 0x0000000080400000, 0x0000000080400000|100%|HC|  |TAMS 0x0000000080400000, 0x0000000080300000| Complete 
|   4|0x0000000080400000, 0x0000000080500000, 0x0000000080500000|100%| O|  |TAMS 0x0000000080500000, 0x0000000080400000| Untracked 
|   5|0x0000000080500000, 0x0000000080600000, 0x0000000080600000|100%| O|  |TAMS 0x0000000080600000, 0x0000000080500000| Untracked 
|   6|0x0000000080600000, 0x0000000080700000, 0x0000000080700000|100%| O|  |TAMS 0x0000000080700000, 0x0000000080600000| Untracked 
|   7|0x0000000080700000, 0x0000000080800000, 0x0000000080800000|100%| O|  |TAMS 0x0000000080800000, 0x0000000080700000| Untracked 
|   8|0x0000000080800000, 0x0000000080900000, 0x0000000080900000|100%| O|  |TAMS 0x0000000080900000, 0x0000000080800000| Untracked 
|   9|0x0000000080900000, 0x0000000080a00000, 0x0000000080a00000|100%| O|  |TAMS 0x0000000080a00000, 0x0000000080900000| Untracked 
|  10|0x0000000080a00000, 0x0000000080b00000, 0x0000000080b00000|100%| O|  |TAMS 0x0000000080b00000, 0x0000000080a00000| Untracked 
|  11|0x0000000080b00000, 0x0000000080c00000, 0x0000000080c00000|100%| O|  |TAMS 0x0000000080c00000, 0x0000000080b00000| Untracked 
|  12|0x0000000080c00000, 0x0000000080d00000, 0x0000000080d00000|100%| O|  |TAMS 0x0000000080d00000, 0x0000000080c00000| Untracked 
|  13|0x0000000080d00000, 0x0000000080e00000, 0x0000000080e00000|100%| O|  |TAMS 0x0000000080e00000, 0x0000000080d00000| Untracked 
|  14|0x0000000080e00000, 0x0000000080f00000, 0x0000000080f00000|100%| O|  |TAMS 0x0000000080f00000, 0x0000000080e00000| Untracked 
|  15|0x0000000080f00000, 0x0000000081000000, 0x0000000081000000|100%| O|  |TAMS 0x0000000081000000, 0x0000000080f00000| Untracked 
|  16|0x0000000081000000, 0x0000000081100000, 0x0000000081100000|100%| O|  |TAMS 0x0000000081100000, 0x0000000081000000| Untracked 
|  17|0x0000000081100000, 0x0000000081200000, 0x0000000081200000|100%|HS|  |TAMS 0x0000000081200000, 0x0000000081100000| Complete 
|  18|0x0000000081200000, 0x0000000081300000, 0x0000000081300000|100%|HC|  |TAMS 0x0000000081300000, 0x0000000081200000| Complete 
|  19|0x0000000081300000, 0x0000000081400000, 0x0000000081400000|100%|HS|  |TAMS 0x0000000081400000, 0x0000000081300000| Complete 
|  20|0x0000000081400000, 0x0000000081500000, 0x0000000081500000|100%|HC|  |TAMS 0x0000000081500000, 0x0000000081400000| Complete 
|  21|0x0000000081500000, 0x0000000081600000, 0x0000000081600000|100%|HC|  |TAMS 0x0000000081600000, 0x0000000081500000| Complete 
|  22|0x0000000081600000, 0x0000000081700000, 0x0000000081700000|100%|HS|  |TAMS 0x0000000081700000, 0x0000000081600000| Complete 
|  23|0x0000000081700000, 0x0000000081800000, 0x0000000081800000|100%|HC|  |TAMS 0x0000000081800000, 0x0000000081700000| Complete 
|  24|0x0000000081800000, 0x0000000081900000, 0x0000000081900000|100%|HC|  |TAMS 0x0000000081900000, 0x0000000081800000| Complete 
|  25|0x0000000081900000, 0x0000000081a00000, 0x0000000081a00000|100%|HS|  |TAMS 0x0000000081a00000, 0x0000000081900000| Complete 
|  26|0x0000000081a00000, 0x0000000081b00000, 0x0000000081b00000|100%|HC|  |TAMS 0x0000000081b00000, 0x0000000081a00000| Complete 
|  27|0x0000000081b00000, 0x0000000081c00000, 0x0000000081c00000|100%|HS|  |TAMS 0x0000000081c00000, 0x0000000081b00000| Complete 
|  28|0x0000000081c00000, 0x0000000081d00000, 0x0000000081d00000|100%|HC|  |TAMS 0x0000000081d00000, 0x0000000081c00000| Complete 
|  29|0x0000000081d00000, 0x0000000081e00000, 0x0000000081e00000|100%|HC|  |TAMS 0x0000000081e00000, 0x0000000081d00000| Complete 
|  30|0x0000000081e00000, 0x0000000081f00000, 0x0000000081f00000|100%|HC|  |TAMS 0x0000000081f00000, 0x0000000081e00000| Complete 
|  31|0x0000000081f00000, 0x0000000082000000, 0x0000000082000000|100%|HC|  |TAMS 0x0000000082000000, 0x0000000081f00000| Complete 
|  32|0x0000000082000000, 0x0000000082100000, 0x0000000082100000|100%| O|  |TAMS 0x0000000082100000, 0x0000000082000000| Untracked 
|  33|0x0000000082100000, 0x0000000082200000, 0x0000000082200000|100%| O|  |TAMS 0x0000000082200000, 0x0000000082100000| Untracked 
|  34|0x0000000082200000, 0x0000000082300000, 0x0000000082300000|100%| O|  |TAMS 0x0000000082300000, 0x0000000082200000| Untracked 
|  35|0x0000000082300000, 0x0000000082400000, 0x0000000082400000|100%| O|  |TAMS 0x0000000082400000, 0x0000000082300000| Untracked 
|  36|0x0000000082400000, 0x0000000082500000, 0x0000000082500000|100%| O|  |TAMS 0x0000000082500000, 0x0000000082400000| Untracked 
|  37|0x0000000082500000, 0x0000000082600000, 0x0000000082600000|100%| O|  |TAMS 0x0000000082544000, 0x0000000082500000| Untracked 
|  38|0x0000000082600000, 0x0000000082700000, 0x0000000082700000|100%| O|  |TAMS 0x0000000082600000, 0x0000000082600000| Untracked 
|  39|0x0000000082700000, 0x0000000082800000, 0x0000000082800000|100%|HS|  |TAMS 0x0000000082700000, 0x0000000082700000| Complete 
|  40|0x0000000082800000, 0x0000000082900000, 0x0000000082900000|100%|HC|  |TAMS 0x0000000082800000, 0x0000000082800000| Complete 
|  41|0x0000000082900000, 0x0000000082a00000, 0x0000000082a00000|100%|HS|  |TAMS 0x0000000082900000, 0x0000000082900000| Complete 
|  42|0x0000000082a00000, 0x0000000082b00000, 0x0000000082b00000|100%|HC|  |TAMS 0x0000000082a00000, 0x0000000082a00000| Complete 
|  43|0x0000000082b00000, 0x0000000082c00000, 0x0000000082c00000|100%|HC|  |TAMS 0x0000000082b00000, 0x0000000082b00000| Complete 
|  44|0x0000000082c00000, 0x0000000082d00000, 0x0000000082d00000|100%| O|  |TAMS 0x0000000082c00000, 0x0000000082c00000| Untracked 
|  45|0x0000000082d00000, 0x0000000082e00000, 0x0000000082e00000|100%| O|  |TAMS 0x0000000082d00000, 0x0000000082d00000| Untracked 
|  46|0x0000000082e00000, 0x0000000082f00000, 0x0000000082f00000|100%| O|  |TAMS 0x0000000082e00000, 0x0000000082e00000| Untracked 
|  47|0x0000000082f00000, 0x0000000083000000, 0x0000000083000000|100%| O|  |TAMS 0x0000000082f00000, 0x0000000082f00000| Untracked 
|  48|0x0000000083000000, 0x0000000083100000, 0x0000000083100000|100%|HS|  |TAMS 0x0000000083000000, 0x0000000083000000| Complete 
|  49|0x0000000083100000, 0x0000000083200000, 0x0000000083200000|100%|HC|  |TAMS 0x0000000083100000, 0x0000000083100000| Complete 
|  50|0x0000000083200000, 0x0000000083300000, 0x0000000083300000|100%|HC|  |TAMS 0x0000000083200000, 0x0000000083200000| Complete 
|  51|0x0000000083300000, 0x0000000083400000, 0x0000000083400000|100%|HC|  |TAMS 0x0000000083300000, 0x0000000083300000| Complete 
|  52|0x0000000083400000, 0x0000000083500000, 0x0000000083500000|100%|HC|  |TAMS 0x0000000083400000, 0x0000000083400000| Complete 
|  53|0x0000000083500000, 0x0000000083600000, 0x0000000083600000|100%|HC|  |TAMS 0x0000000083500000, 0x0000000083500000| Complete 
|  54|0x0000000083600000, 0x0000000083700000, 0x0000000083700000|100%|HC|  |TAMS 0x0000000083600000, 0x0000000083600000| Complete 
|  55|0x0000000083700000, 0x0000000083800000, 0x0000000083800000|100%|HC|  |TAMS 0x0000000083700000, 0x0000000083700000| Complete 
|  56|0x0000000083800000, 0x0000000083900000, 0x0000000083900000|100%|HC|  |TAMS 0x0000000083800000, 0x0000000083800000| Complete 
|  57|0x0000000083900000, 0x0000000083a00000, 0x0000000083a00000|100%|HC|  |TAMS 0x0000000083900000, 0x0000000083900000| Complete 
|  58|0x0000000083a00000, 0x0000000083b00000, 0x0000000083b00000|100%|HS|  |TAMS 0x0000000083a00000, 0x0000000083a00000| Complete 
|  59|0x0000000083b00000, 0x0000000083c00000, 0x0000000083c00000|100%|HC|  |TAMS 0x0000000083b00000, 0x0000000083b00000| Complete 
|  60|0x0000000083c00000, 0x0000000083d00000, 0x0000000083d00000|100%|HC|  |TAMS 0x0000000083c00000, 0x0000000083c00000| Complete 
|  61|0x0000000083d00000, 0x0000000083e00000, 0x0000000083e00000|100%| O|  |TAMS 0x0000000083d00000, 0x0000000083d00000| Untracked 
|  62|0x0000000083e00000, 0x0000000083f00000, 0x0000000083f00000|100%| O|  |TAMS 0x0000000083e00000, 0x0000000083e00000| Untracked 
|  63|0x0000000083f00000, 0x0000000084000000, 0x0000000084000000|100%| O|  |TAMS 0x0000000083f00000, 0x0000000083f00000| Untracked 
|  64|0x0000000084000000, 0x0000000084100000, 0x0000000084100000|100%| O|  |TAMS 0x0000000084000000, 0x0000000084000000| Untracked 
|  65|0x0000000084100000, 0x0000000084200000, 0x0000000084200000|100%| O|  |TAMS 0x0000000084100000, 0x0000000084100000| Untracked 
|  66|0x0000000084200000, 0x0000000084300000, 0x0000000084300000|100%| O|  |TAMS 0x0000000084200000, 0x0000000084200000| Untracked 
|  67|0x0000000084300000, 0x0000000084400000, 0x0000000084400000|100%| O|  |TAMS 0x0000000084300000, 0x0000000084300000| Untracked 
|  68|0x0000000084400000, 0x0000000084500000, 0x0000000084500000|100%| O|  |TAMS 0x0000000084400000, 0x0000000084400000| Untracked 
|  69|0x0000000084500000, 0x0000000084600000, 0x0000000084600000|100%| O|  |TAMS 0x0000000084500000, 0x0000000084500000| Untracked 
|  70|0x0000000084600000, 0x0000000084700000, 0x0000000084700000|100%| O|  |TAMS 0x0000000084600000, 0x0000000084600000| Untracked 
|  71|0x0000000084700000, 0x0000000084800000, 0x0000000084800000|100%| O|  |TAMS 0x0000000084700000, 0x0000000084700000| Untracked 
|  72|0x0000000084800000, 0x0000000084900000, 0x0000000084900000|100%| O|  |TAMS 0x0000000084800000, 0x0000000084800000| Untracked 
|  73|0x0000000084900000, 0x0000000084a00000, 0x0000000084a00000|100%| O|  |TAMS 0x0000000084900000, 0x0000000084900000| Untracked 
|  74|0x0000000084a00000, 0x0000000084b00000, 0x0000000084b00000|100%| O|  |TAMS 0x0000000084a00000, 0x0000000084a00000| Untracked 
|  75|0x0000000084b00000, 0x0000000084c00000, 0x0000000084c00000|100%| O|  |TAMS 0x0000000084b00000, 0x0000000084b00000| Untracked 
|  76|0x0000000084c00000, 0x0000000084d00000, 0x0000000084d00000|100%| O|  |TAMS 0x0000000084c00000, 0x0000000084c00000| Untracked 
|  77|0x0000000084d00000, 0x0000000084dc5200, 0x0000000084e00000| 77%| O|  |TAMS 0x0000000084d00000, 0x0000000084d00000| Untracked 
|  78|0x0000000084e00000, 0x0000000084e00000, 0x0000000084f00000|  0%| F|  |TAMS 0x0000000084e00000, 0x0000000084e00000| Untracked 
|  79|0x0000000084f00000, 0x0000000084f00000, 0x0000000085000000|  0%| F|  |TAMS 0x0000000084f00000, 0x0000000084f00000| Untracked 
|  80|0x0000000085000000, 0x0000000085000000, 0x0000000085100000|  0%| F|  |TAMS 0x0000000085000000, 0x0000000085000000| Untracked 
|  81|0x0000000085100000, 0x0000000085100000, 0x0000000085200000|  0%| F|  |TAMS 0x0000000085100000, 0x0000000085100000| Untracked 
|  82|0x0000000085200000, 0x0000000085200000, 0x0000000085300000|  0%| F|  |TAMS 0x0000000085200000, 0x0000000085200000| Untracked 
|  83|0x0000000085300000, 0x0000000085300000, 0x0000000085400000|  0%| F|  |TAMS 0x0000000085300000, 0x0000000085300000| Untracked 
|  84|0x0000000085400000, 0x0000000085400000, 0x0000000085500000|  0%| F|  |TAMS 0x0000000085400000, 0x0000000085400000| Untracked 
|  85|0x0000000085500000, 0x0000000085500000, 0x0000000085600000|  0%| F|  |TAMS 0x0000000085500000, 0x0000000085500000| Untracked 
|  86|0x0000000085600000, 0x0000000085600000, 0x0000000085700000|  0%| F|  |TAMS 0x0000000085600000, 0x0000000085600000| Untracked 
|  87|0x0000000085700000, 0x0000000085700000, 0x0000000085800000|  0%| F|  |TAMS 0x0000000085700000, 0x0000000085700000| Untracked 
|  88|0x0000000085800000, 0x0000000085800000, 0x0000000085900000|  0%| F|  |TAMS 0x0000000085800000, 0x0000000085800000| Untracked 
|  89|0x0000000085900000, 0x0000000085900000, 0x0000000085a00000|  0%| F|  |TAMS 0x0000000085900000, 0x0000000085900000| Untracked 
|  90|0x0000000085a00000, 0x0000000085a00000, 0x0000000085b00000|  0%| F|  |TAMS 0x0000000085a00000, 0x0000000085a00000| Untracked 
|  91|0x0000000085b00000, 0x0000000085b00000, 0x0000000085c00000|  0%| F|  |TAMS 0x0000000085b00000, 0x0000000085b00000| Untracked 
|  92|0x0000000085c00000, 0x0000000085c00000, 0x0000000085d00000|  0%| F|  |TAMS 0x0000000085c00000, 0x0000000085c00000| Untracked 
|  93|0x0000000085d00000, 0x0000000085d00000, 0x0000000085e00000|  0%| F|  |TAMS 0x0000000085d00000, 0x0000000085d00000| Untracked 
|  94|0x0000000085e00000, 0x0000000085e00000, 0x0000000085f00000|  0%| F|  |TAMS 0x0000000085e00000, 0x0000000085e00000| Untracked 
|  95|0x0000000085f00000, 0x0000000085f00000, 0x0000000086000000|  0%| F|  |TAMS 0x0000000085f00000, 0x0000000085f00000| Untracked 
|  96|0x0000000086000000, 0x0000000086000000, 0x0000000086100000|  0%| F|  |TAMS 0x0000000086000000, 0x0000000086000000| Untracked 
|  97|0x0000000086100000, 0x0000000086100000, 0x0000000086200000|  0%| F|  |TAMS 0x0000000086100000, 0x0000000086100000| Untracked 
|  98|0x0000000086200000, 0x0000000086200000, 0x0000000086300000|  0%| F|  |TAMS 0x0000000086200000, 0x0000000086200000| Untracked 
|  99|0x0000000086300000, 0x0000000086300000, 0x0000000086400000|  0%| F|  |TAMS 0x0000000086300000, 0x0000000086300000| Untracked 
| 100|0x0000000086400000, 0x0000000086400000, 0x0000000086500000|  0%| F|  |TAMS 0x0000000086400000, 0x0000000086400000| Untracked 
| 101|0x0000000086500000, 0x0000000086500000, 0x0000000086600000|  0%| F|  |TAMS 0x0000000086500000, 0x0000000086500000| Untracked 
| 102|0x0000000086600000, 0x0000000086600000, 0x0000000086700000|  0%| F|  |TAMS 0x0000000086600000, 0x0000000086600000| Untracked 
| 103|0x0000000086700000, 0x0000000086700000, 0x0000000086800000|  0%| F|  |TAMS 0x0000000086700000, 0x0000000086700000| Untracked 
| 104|0x0000000086800000, 0x0000000086800000, 0x0000000086900000|  0%| F|  |TAMS 0x0000000086800000, 0x0000000086800000| Untracked 
| 105|0x0000000086900000, 0x0000000086900000, 0x0000000086a00000|  0%| F|  |TAMS 0x0000000086900000, 0x0000000086900000| Untracked 
| 106|0x0000000086a00000, 0x0000000086a00000, 0x0000000086b00000|  0%| F|  |TAMS 0x0000000086a00000, 0x0000000086a00000| Untracked 
| 107|0x0000000086b00000, 0x0000000086b00000, 0x0000000086c00000|  0%| F|  |TAMS 0x0000000086b00000, 0x0000000086b00000| Untracked 
| 108|0x0000000086c00000, 0x0000000086c00000, 0x0000000086d00000|  0%| F|  |TAMS 0x0000000086c00000, 0x0000000086c00000| Untracked 
| 109|0x0000000086d00000, 0x0000000086d00000, 0x0000000086e00000|  0%| F|  |TAMS 0x0000000086d00000, 0x0000000086d00000| Untracked 
| 110|0x0000000086e00000, 0x0000000086e00000, 0x0000000086f00000|  0%| F|  |TAMS 0x0000000086e00000, 0x0000000086e00000| Untracked 
| 111|0x0000000086f00000, 0x0000000086f00000, 0x0000000087000000|  0%| F|  |TAMS 0x0000000086f00000, 0x0000000086f00000| Untracked 
| 112|0x0000000087000000, 0x0000000087000000, 0x0000000087100000|  0%| F|  |TAMS 0x0000000087000000, 0x0000000087000000| Untracked 
| 113|0x0000000087100000, 0x0000000087100000, 0x0000000087200000|  0%| F|  |TAMS 0x0000000087100000, 0x0000000087100000| Untracked 
| 114|0x0000000087200000, 0x0000000087200000, 0x0000000087300000|  0%| F|  |TAMS 0x0000000087200000, 0x0000000087200000| Untracked 
| 115|0x0000000087300000, 0x0000000087300000, 0x0000000087400000|  0%| F|  |TAMS 0x0000000087300000, 0x0000000087300000| Untracked 
| 116|0x0000000087400000, 0x0000000087400000, 0x0000000087500000|  0%| F|  |TAMS 0x0000000087400000, 0x0000000087400000| Untracked 
| 117|0x0000000087500000, 0x0000000087500000, 0x0000000087600000|  0%| F|  |TAMS 0x0000000087500000, 0x0000000087500000| Untracked 
| 118|0x0000000087600000, 0x0000000087600000, 0x0000000087700000|  0%| F|  |TAMS 0x0000000087600000, 0x0000000087600000| Untracked 
| 119|0x0000000087700000, 0x0000000087700000, 0x0000000087800000|  0%| F|  |TAMS 0x0000000087700000, 0x0000000087700000| Untracked 
| 120|0x0000000087800000, 0x0000000087800000, 0x0000000087900000|  0%| F|  |TAMS 0x0000000087800000, 0x0000000087800000| Untracked 
| 121|0x0000000087900000, 0x0000000087900000, 0x0000000087a00000|  0%| F|  |TAMS 0x0000000087900000, 0x0000000087900000| Untracked 
| 122|0x0000000087a00000, 0x0000000087a00000, 0x0000000087b00000|  0%| F|  |TAMS 0x0000000087a00000, 0x0000000087a00000| Untracked 
| 123|0x0000000087b00000, 0x0000000087b00000, 0x0000000087c00000|  0%| F|  |TAMS 0x0000000087b00000, 0x0000000087b00000| Untracked 
| 124|0x0000000087c00000, 0x0000000087c00000, 0x0000000087d00000|  0%| F|  |TAMS 0x0000000087c00000, 0x0000000087c00000| Untracked 
| 125|0x0000000087d00000, 0x0000000087d00000, 0x0000000087e00000|  0%| F|  |TAMS 0x0000000087d00000, 0x0000000087d00000| Untracked 
| 126|0x0000000087e00000, 0x0000000087e00000, 0x0000000087f00000|  0%| F|  |TAMS 0x0000000087e00000, 0x0000000087e00000| Untracked 
| 127|0x0000000087f00000, 0x0000000087f00000, 0x0000000088000000|  0%| F|  |TAMS 0x0000000087f00000, 0x0000000087f00000| Untracked 
| 128|0x0000000088000000, 0x0000000088000000, 0x0000000088100000|  0%| F|  |TAMS 0x0000000088000000, 0x0000000088000000| Untracked 
| 129|0x0000000088100000, 0x0000000088100000, 0x0000000088200000|  0%| F|  |TAMS 0x0000000088100000, 0x0000000088100000| Untracked 
| 130|0x0000000088200000, 0x0000000088200000, 0x0000000088300000|  0%| F|  |TAMS 0x0000000088200000, 0x0000000088200000| Untracked 
| 131|0x0000000088300000, 0x0000000088300000, 0x0000000088400000|  0%| F|  |TAMS 0x0000000088300000, 0x0000000088300000| Untracked 
| 132|0x0000000088400000, 0x0000000088400000, 0x0000000088500000|  0%| F|  |TAMS 0x0000000088400000, 0x0000000088400000| Untracked 
| 133|0x0000000088500000, 0x0000000088500000, 0x0000000088600000|  0%| F|  |TAMS 0x0000000088500000, 0x0000000088500000| Untracked 
| 134|0x0000000088600000, 0x0000000088600000, 0x0000000088700000|  0%| F|  |TAMS 0x0000000088600000, 0x0000000088600000| Untracked 
| 135|0x0000000088700000, 0x0000000088700000, 0x0000000088800000|  0%| F|  |TAMS 0x0000000088700000, 0x0000000088700000| Untracked 
| 136|0x0000000088800000, 0x0000000088800000, 0x0000000088900000|  0%| F|  |TAMS 0x0000000088800000, 0x0000000088800000| Untracked 
| 137|0x0000000088900000, 0x0000000088900000, 0x0000000088a00000|  0%| F|  |TAMS 0x0000000088900000, 0x0000000088900000| Untracked 
| 138|0x0000000088a00000, 0x0000000088a00000, 0x0000000088b00000|  0%| F|  |TAMS 0x0000000088a00000, 0x0000000088a00000| Untracked 
| 139|0x0000000088b00000, 0x0000000088b00000, 0x0000000088c00000|  0%| F|  |TAMS 0x0000000088b00000, 0x0000000088b00000| Untracked 
| 140|0x0000000088c00000, 0x0000000088c00000, 0x0000000088d00000|  0%| F|  |TAMS 0x0000000088c00000, 0x0000000088c00000| Untracked 
| 141|0x0000000088d00000, 0x0000000088d00000, 0x0000000088e00000|  0%| F|  |TAMS 0x0000000088d00000, 0x0000000088d00000| Untracked 
| 142|0x0000000088e00000, 0x0000000088e00000, 0x0000000088f00000|  0%| F|  |TAMS 0x0000000088e00000, 0x0000000088e00000| Untracked 
| 143|0x0000000088f00000, 0x0000000088f00000, 0x0000000089000000|  0%| F|  |TAMS 0x0000000088f00000, 0x0000000088f00000| Untracked 
| 144|0x0000000089000000, 0x0000000089000000, 0x0000000089100000|  0%| F|  |TAMS 0x0000000089000000, 0x0000000089000000| Untracked 
| 145|0x0000000089100000, 0x0000000089180000, 0x0000000089200000| 50%| S|CS|TAMS 0x0000000089100000, 0x0000000089100000| Complete 
| 146|0x0000000089200000, 0x0000000089300000, 0x0000000089300000|100%| S|CS|TAMS 0x0000000089200000, 0x0000000089200000| Complete 
| 147|0x0000000089300000, 0x0000000089400000, 0x0000000089400000|100%| S|CS|TAMS 0x0000000089300000, 0x0000000089300000| Complete 
| 148|0x0000000089400000, 0x0000000089500000, 0x0000000089500000|100%| S|CS|TAMS 0x0000000089400000, 0x0000000089400000| Complete 
| 149|0x0000000089500000, 0x0000000089600000, 0x0000000089600000|100%| S|CS|TAMS 0x0000000089500000, 0x0000000089500000| Complete 
| 150|0x0000000089600000, 0x0000000089700000, 0x0000000089700000|100%| S|CS|TAMS 0x0000000089600000, 0x0000000089600000| Complete 
| 151|0x0000000089700000, 0x0000000089800000, 0x0000000089800000|100%| S|CS|TAMS 0x0000000089700000, 0x0000000089700000| Complete 
| 152|0x0000000089800000, 0x0000000089900000, 0x0000000089900000|100%| S|CS|TAMS 0x0000000089800000, 0x0000000089800000| Complete 
| 153|0x0000000089900000, 0x0000000089a00000, 0x0000000089a00000|100%| S|CS|TAMS 0x0000000089900000, 0x0000000089900000| Complete 
| 154|0x0000000089a00000, 0x0000000089b00000, 0x0000000089b00000|100%| S|CS|TAMS 0x0000000089a00000, 0x0000000089a00000| Complete 
| 155|0x0000000089b00000, 0x0000000089c00000, 0x0000000089c00000|100%| S|CS|TAMS 0x0000000089b00000, 0x0000000089b00000| Complete 
| 156|0x0000000089c00000, 0x0000000089d00000, 0x0000000089d00000|100%| S|CS|TAMS 0x0000000089c00000, 0x0000000089c00000| Complete 
| 157|0x0000000089d00000, 0x0000000089e00000, 0x0000000089e00000|100%| S|CS|TAMS 0x0000000089d00000, 0x0000000089d00000| Complete 
| 158|0x0000000089e00000, 0x0000000089f00000, 0x0000000089f00000|100%| S|CS|TAMS 0x0000000089e00000, 0x0000000089e00000| Complete 
| 159|0x0000000089f00000, 0x000000008a000000, 0x000000008a000000|100%| S|CS|TAMS 0x0000000089f00000, 0x0000000089f00000| Complete 
| 160|0x000000008a000000, 0x000000008a100000, 0x000000008a100000|100%| S|CS|TAMS 0x000000008a000000, 0x000000008a000000| Complete 
| 161|0x000000008a100000, 0x000000008a200000, 0x000000008a200000|100%| S|CS|TAMS 0x000000008a100000, 0x000000008a100000| Complete 
| 162|0x000000008a200000, 0x000000008a200000, 0x000000008a300000|  0%| F|  |TAMS 0x000000008a200000, 0x000000008a200000| Untracked 
| 163|0x000000008a300000, 0x000000008a300000, 0x000000008a400000|  0%| F|  |TAMS 0x000000008a300000, 0x000000008a300000| Untracked 
| 164|0x000000008a400000, 0x000000008a400000, 0x000000008a500000|  0%| F|  |TAMS 0x000000008a400000, 0x000000008a400000| Untracked 
| 165|0x000000008a500000, 0x000000008a500000, 0x000000008a600000|  0%| F|  |TAMS 0x000000008a500000, 0x000000008a500000| Untracked 
| 166|0x000000008a600000, 0x000000008a600000, 0x000000008a700000|  0%| F|  |TAMS 0x000000008a600000, 0x000000008a600000| Untracked 
| 167|0x000000008a700000, 0x000000008a700000, 0x000000008a800000|  0%| F|  |TAMS 0x000000008a700000, 0x000000008a700000| Untracked 
| 168|0x000000008a800000, 0x000000008a800000, 0x000000008a900000|  0%| F|  |TAMS 0x000000008a800000, 0x000000008a800000| Untracked 
| 169|0x000000008a900000, 0x000000008a900000, 0x000000008aa00000|  0%| F|  |TAMS 0x000000008a900000, 0x000000008a900000| Untracked 
| 170|0x000000008aa00000, 0x000000008aa00000, 0x000000008ab00000|  0%| F|  |TAMS 0x000000008aa00000, 0x000000008aa00000| Untracked 
| 171|0x000000008ab00000, 0x000000008ab00000, 0x000000008ac00000|  0%| F|  |TAMS 0x000000008ab00000, 0x000000008ab00000| Untracked 
| 172|0x000000008ac00000, 0x000000008ac00000, 0x000000008ad00000|  0%| F|  |TAMS 0x000000008ac00000, 0x000000008ac00000| Untracked 
| 173|0x000000008ad00000, 0x000000008ad00000, 0x000000008ae00000|  0%| F|  |TAMS 0x000000008ad00000, 0x000000008ad00000| Untracked 
| 174|0x000000008ae00000, 0x000000008ae00000, 0x000000008af00000|  0%| F|  |TAMS 0x000000008ae00000, 0x000000008ae00000| Untracked 
| 175|0x000000008af00000, 0x000000008af00000, 0x000000008b000000|  0%| F|  |TAMS 0x000000008af00000, 0x000000008af00000| Untracked 
| 176|0x000000008b000000, 0x000000008b000000, 0x000000008b100000|  0%| F|  |TAMS 0x000000008b000000, 0x000000008b000000| Untracked 
| 177|0x000000008b100000, 0x000000008b100000, 0x000000008b200000|  0%| F|  |TAMS 0x000000008b100000, 0x000000008b100000| Untracked 
| 178|0x000000008b200000, 0x000000008b200000, 0x000000008b300000|  0%| F|  |TAMS 0x000000008b200000, 0x000000008b200000| Untracked 
| 179|0x000000008b300000, 0x000000008b400000, 0x000000008b400000|100%| S|CS|TAMS 0x000000008b300000, 0x000000008b300000| Complete 
| 180|0x000000008b400000, 0x000000008b500000, 0x000000008b500000|100%| S|CS|TAMS 0x000000008b400000, 0x000000008b400000| Complete 
| 181|0x000000008b500000, 0x000000008b500000, 0x000000008b600000|  0%| F|  |TAMS 0x000000008b500000, 0x000000008b500000| Untracked 
| 182|0x000000008b600000, 0x000000008b600000, 0x000000008b700000|  0%| F|  |TAMS 0x000000008b600000, 0x000000008b600000| Untracked 
| 183|0x000000008b700000, 0x000000008b700000, 0x000000008b800000|  0%| F|  |TAMS 0x000000008b700000, 0x000000008b700000| Untracked 
| 184|0x000000008b800000, 0x000000008b800000, 0x000000008b900000|  0%| F|  |TAMS 0x000000008b800000, 0x000000008b800000| Untracked 
| 185|0x000000008b900000, 0x000000008b900000, 0x000000008ba00000|  0%| F|  |TAMS 0x000000008b900000, 0x000000008b900000| Untracked 
| 186|0x000000008ba00000, 0x000000008ba00000, 0x000000008bb00000|  0%| F|  |TAMS 0x000000008ba00000, 0x000000008ba00000| Untracked 
| 187|0x000000008bb00000, 0x000000008bb00000, 0x000000008bc00000|  0%| F|  |TAMS 0x000000008bb00000, 0x000000008bb00000| Untracked 
| 188|0x000000008bc00000, 0x000000008bc00000, 0x000000008bd00000|  0%| F|  |TAMS 0x000000008bc00000, 0x000000008bc00000| Untracked 
| 189|0x000000008bd00000, 0x000000008bd00000, 0x000000008be00000|  0%| F|  |TAMS 0x000000008bd00000, 0x000000008bd00000| Untracked 
| 190|0x000000008be00000, 0x000000008be00000, 0x000000008bf00000|  0%| F|  |TAMS 0x000000008be00000, 0x000000008be00000| Untracked 
| 191|0x000000008bf00000, 0x000000008bf00000, 0x000000008c000000|  0%| F|  |TAMS 0x000000008bf00000, 0x000000008bf00000| Untracked 
| 192|0x000000008c000000, 0x000000008c000000, 0x000000008c100000|  0%| F|  |TAMS 0x000000008c000000, 0x000000008c000000| Untracked 
| 193|0x000000008c100000, 0x000000008c100000, 0x000000008c200000|  0%| F|  |TAMS 0x000000008c100000, 0x000000008c100000| Untracked 
| 194|0x000000008c200000, 0x000000008c200000, 0x000000008c300000|  0%| F|  |TAMS 0x000000008c200000, 0x000000008c200000| Untracked 
| 195|0x000000008c300000, 0x000000008c300000, 0x000000008c400000|  0%| F|  |TAMS 0x000000008c300000, 0x000000008c300000| Untracked 
| 196|0x000000008c400000, 0x000000008c400000, 0x000000008c500000|  0%| F|  |TAMS 0x000000008c400000, 0x000000008c400000| Untracked 
| 197|0x000000008c500000, 0x000000008c500000, 0x000000008c600000|  0%| F|  |TAMS 0x000000008c500000, 0x000000008c500000| Untracked 
| 198|0x000000008c600000, 0x000000008c600000, 0x000000008c700000|  0%| F|  |TAMS 0x000000008c600000, 0x000000008c600000| Untracked 
| 199|0x000000008c700000, 0x000000008c700000, 0x000000008c800000|  0%| F|  |TAMS 0x000000008c700000, 0x000000008c700000| Untracked 
| 200|0x000000008c800000, 0x000000008c800000, 0x000000008c900000|  0%| F|  |TAMS 0x000000008c800000, 0x000000008c800000| Untracked 
| 201|0x000000008c900000, 0x000000008c900000, 0x000000008ca00000|  0%| F|  |TAMS 0x000000008c900000, 0x000000008c900000| Untracked 
| 202|0x000000008ca00000, 0x000000008ca00000, 0x000000008cb00000|  0%| F|  |TAMS 0x000000008ca00000, 0x000000008ca00000| Untracked 
| 203|0x000000008cb00000, 0x000000008cb00000, 0x000000008cc00000|  0%| F|  |TAMS 0x000000008cb00000, 0x000000008cb00000| Untracked 
| 204|0x000000008cc00000, 0x000000008cc00000, 0x000000008cd00000|  0%| F|  |TAMS 0x000000008cc00000, 0x000000008cc00000| Untracked 
| 205|0x000000008cd00000, 0x000000008cd00000, 0x000000008ce00000|  0%| F|  |TAMS 0x000000008cd00000, 0x000000008cd00000| Untracked 
| 206|0x000000008ce00000, 0x000000008ce00000, 0x000000008cf00000|  0%| F|  |TAMS 0x000000008ce00000, 0x000000008ce00000| Untracked 
| 207|0x000000008cf00000, 0x000000008cf00000, 0x000000008d000000|  0%| F|  |TAMS 0x000000008cf00000, 0x000000008cf00000| Untracked 
| 208|0x000000008d000000, 0x000000008d000000, 0x000000008d100000|  0%| F|  |TAMS 0x000000008d000000, 0x000000008d000000| Untracked 
| 209|0x000000008d100000, 0x000000008d100000, 0x000000008d200000|  0%| F|  |TAMS 0x000000008d100000, 0x000000008d100000| Untracked 
| 210|0x000000008d200000, 0x000000008d200000, 0x000000008d300000|  0%| F|  |TAMS 0x000000008d200000, 0x000000008d200000| Untracked 
| 211|0x000000008d300000, 0x000000008d300000, 0x000000008d400000|  0%| F|  |TAMS 0x000000008d300000, 0x000000008d300000| Untracked 
| 212|0x000000008d400000, 0x000000008d400000, 0x000000008d500000|  0%| F|  |TAMS 0x000000008d400000, 0x000000008d400000| Untracked 
| 213|0x000000008d500000, 0x000000008d500000, 0x000000008d600000|  0%| F|  |TAMS 0x000000008d500000, 0x000000008d500000| Untracked 
| 214|0x000000008d600000, 0x000000008d600000, 0x000000008d700000|  0%| F|  |TAMS 0x000000008d600000, 0x000000008d600000| Untracked 
| 215|0x000000008d700000, 0x000000008d700000, 0x000000008d800000|  0%| F|  |TAMS 0x000000008d700000, 0x000000008d700000| Untracked 
| 216|0x000000008d800000, 0x000000008d800000, 0x000000008d900000|  0%| F|  |TAMS 0x000000008d800000, 0x000000008d800000| Untracked 
| 217|0x000000008d900000, 0x000000008d900000, 0x000000008da00000|  0%| F|  |TAMS 0x000000008d900000, 0x000000008d900000| Untracked 
| 218|0x000000008da00000, 0x000000008da00000, 0x000000008db00000|  0%| F|  |TAMS 0x000000008da00000, 0x000000008da00000| Untracked 
| 219|0x000000008db00000, 0x000000008db00000, 0x000000008dc00000|  0%| F|  |TAMS 0x000000008db00000, 0x000000008db00000| Untracked 
| 220|0x000000008dc00000, 0x000000008dc00000, 0x000000008dd00000|  0%| F|  |TAMS 0x000000008dc00000, 0x000000008dc00000| Untracked 
| 221|0x000000008dd00000, 0x000000008dd00000, 0x000000008de00000|  0%| F|  |TAMS 0x000000008dd00000, 0x000000008dd00000| Untracked 
| 222|0x000000008de00000, 0x000000008de00000, 0x000000008df00000|  0%| F|  |TAMS 0x000000008de00000, 0x000000008de00000| Untracked 
| 223|0x000000008df00000, 0x000000008df00000, 0x000000008e000000|  0%| F|  |TAMS 0x000000008df00000, 0x000000008df00000| Untracked 
| 224|0x000000008e000000, 0x000000008e000000, 0x000000008e100000|  0%| F|  |TAMS 0x000000008e000000, 0x000000008e000000| Untracked 
| 225|0x000000008e100000, 0x000000008e100000, 0x000000008e200000|  0%| F|  |TAMS 0x000000008e100000, 0x000000008e100000| Untracked 
| 226|0x000000008e200000, 0x000000008e200000, 0x000000008e300000|  0%| F|  |TAMS 0x000000008e200000, 0x000000008e200000| Untracked 
| 227|0x000000008e300000, 0x000000008e300000, 0x000000008e400000|  0%| F|  |TAMS 0x000000008e300000, 0x000000008e300000| Untracked 
| 228|0x000000008e400000, 0x000000008e400000, 0x000000008e500000|  0%| F|  |TAMS 0x000000008e400000, 0x000000008e400000| Untracked 
| 229|0x000000008e500000, 0x000000008e500000, 0x000000008e600000|  0%| F|  |TAMS 0x000000008e500000, 0x000000008e500000| Untracked 
| 230|0x000000008e600000, 0x000000008e600000, 0x000000008e700000|  0%| F|  |TAMS 0x000000008e600000, 0x000000008e600000| Untracked 
| 231|0x000000008e700000, 0x000000008e700000, 0x000000008e800000|  0%| F|  |TAMS 0x000000008e700000, 0x000000008e700000| Untracked 
| 232|0x000000008e800000, 0x000000008e800000, 0x000000008e900000|  0%| F|  |TAMS 0x000000008e800000, 0x000000008e800000| Untracked 
| 233|0x000000008e900000, 0x000000008e900000, 0x000000008ea00000|  0%| F|  |TAMS 0x000000008e900000, 0x000000008e900000| Untracked 
| 234|0x000000008ea00000, 0x000000008ea00000, 0x000000008eb00000|  0%| F|  |TAMS 0x000000008ea00000, 0x000000008ea00000| Untracked 
| 235|0x000000008eb00000, 0x000000008eb00000, 0x000000008ec00000|  0%| F|  |TAMS 0x000000008eb00000, 0x000000008eb00000| Untracked 
| 236|0x000000008ec00000, 0x000000008ec00000, 0x000000008ed00000|  0%| F|  |TAMS 0x000000008ec00000, 0x000000008ec00000| Untracked 
| 237|0x000000008ed00000, 0x000000008ed00000, 0x000000008ee00000|  0%| F|  |TAMS 0x000000008ed00000, 0x000000008ed00000| Untracked 
| 238|0x000000008ee00000, 0x000000008ee00000, 0x000000008ef00000|  0%| F|  |TAMS 0x000000008ee00000, 0x000000008ee00000| Untracked 
| 239|0x000000008ef00000, 0x000000008ef00000, 0x000000008f000000|  0%| F|  |TAMS 0x000000008ef00000, 0x000000008ef00000| Untracked 
| 240|0x000000008f000000, 0x000000008f000000, 0x000000008f100000|  0%| F|  |TAMS 0x000000008f000000, 0x000000008f000000| Untracked 
| 241|0x000000008f100000, 0x000000008f100000, 0x000000008f200000|  0%| F|  |TAMS 0x000000008f100000, 0x000000008f100000| Untracked 
| 242|0x000000008f200000, 0x000000008f200000, 0x000000008f300000|  0%| F|  |TAMS 0x000000008f200000, 0x000000008f200000| Untracked 
| 243|0x000000008f300000, 0x000000008f300000, 0x000000008f400000|  0%| F|  |TAMS 0x000000008f300000, 0x000000008f300000| Untracked 
| 244|0x000000008f400000, 0x000000008f400000, 0x000000008f500000|  0%| F|  |TAMS 0x000000008f400000, 0x000000008f400000| Untracked 
| 245|0x000000008f500000, 0x000000008f500000, 0x000000008f600000|  0%| F|  |TAMS 0x000000008f500000, 0x000000008f500000| Untracked 
| 246|0x000000008f600000, 0x000000008f600000, 0x000000008f700000|  0%| F|  |TAMS 0x000000008f600000, 0x000000008f600000| Untracked 
| 247|0x000000008f700000, 0x000000008f700000, 0x000000008f800000|  0%| F|  |TAMS 0x000000008f700000, 0x000000008f700000| Untracked 
| 248|0x000000008f800000, 0x000000008f800000, 0x000000008f900000|  0%| F|  |TAMS 0x000000008f800000, 0x000000008f800000| Untracked 
| 249|0x000000008f900000, 0x000000008f900000, 0x000000008fa00000|  0%| F|  |TAMS 0x000000008f900000, 0x000000008f900000| Untracked 
| 250|0x000000008fa00000, 0x000000008fa00000, 0x000000008fb00000|  0%| F|  |TAMS 0x000000008fa00000, 0x000000008fa00000| Untracked 
| 251|0x000000008fb00000, 0x000000008fb00000, 0x000000008fc00000|  0%| F|  |TAMS 0x000000008fb00000, 0x000000008fb00000| Untracked 
| 252|0x000000008fc00000, 0x000000008fc00000, 0x000000008fd00000|  0%| F|  |TAMS 0x000000008fc00000, 0x000000008fc00000| Untracked 
| 253|0x000000008fd00000, 0x000000008fd00000, 0x000000008fe00000|  0%| F|  |TAMS 0x000000008fd00000, 0x000000008fd00000| Untracked 
| 254|0x000000008fe00000, 0x000000008fe00000, 0x000000008ff00000|  0%| F|  |TAMS 0x000000008fe00000, 0x000000008fe00000| Untracked 
| 255|0x000000008ff00000, 0x000000008ff00000, 0x0000000090000000|  0%| F|  |TAMS 0x000000008ff00000, 0x000000008ff00000| Untracked 
| 256|0x0000000090000000, 0x0000000090000000, 0x0000000090100000|  0%| F|  |TAMS 0x0000000090000000, 0x0000000090000000| Untracked 
| 257|0x0000000090100000, 0x0000000090100000, 0x0000000090200000|  0%| F|  |TAMS 0x0000000090100000, 0x0000000090100000| Untracked 
| 258|0x0000000090200000, 0x0000000090200000, 0x0000000090300000|  0%| F|  |TAMS 0x0000000090200000, 0x0000000090200000| Untracked 
| 259|0x0000000090300000, 0x0000000090300000, 0x0000000090400000|  0%| F|  |TAMS 0x0000000090300000, 0x0000000090300000| Untracked 
| 260|0x0000000090400000, 0x0000000090400000, 0x0000000090500000|  0%| F|  |TAMS 0x0000000090400000, 0x0000000090400000| Untracked 
| 261|0x0000000090500000, 0x0000000090500000, 0x0000000090600000|  0%| F|  |TAMS 0x0000000090500000, 0x0000000090500000| Untracked 
| 262|0x0000000090600000, 0x0000000090600000, 0x0000000090700000|  0%| F|  |TAMS 0x0000000090600000, 0x0000000090600000| Untracked 
| 263|0x0000000090700000, 0x0000000090700000, 0x0000000090800000|  0%| F|  |TAMS 0x0000000090700000, 0x0000000090700000| Untracked 
| 264|0x0000000090800000, 0x0000000090800000, 0x0000000090900000|  0%| F|  |TAMS 0x0000000090800000, 0x0000000090800000| Untracked 
| 265|0x0000000090900000, 0x0000000090900000, 0x0000000090a00000|  0%| F|  |TAMS 0x0000000090900000, 0x0000000090900000| Untracked 
| 266|0x0000000090a00000, 0x0000000090a00000, 0x0000000090b00000|  0%| F|  |TAMS 0x0000000090a00000, 0x0000000090a00000| Untracked 
| 267|0x0000000090b00000, 0x0000000090b00000, 0x0000000090c00000|  0%| F|  |TAMS 0x0000000090b00000, 0x0000000090b00000| Untracked 
| 268|0x0000000090c00000, 0x0000000090c00000, 0x0000000090d00000|  0%| F|  |TAMS 0x0000000090c00000, 0x0000000090c00000| Untracked 
| 269|0x0000000090d00000, 0x0000000090d00000, 0x0000000090e00000|  0%| F|  |TAMS 0x0000000090d00000, 0x0000000090d00000| Untracked 
| 270|0x0000000090e00000, 0x0000000090e00000, 0x0000000090f00000|  0%| F|  |TAMS 0x0000000090e00000, 0x0000000090e00000| Untracked 
| 271|0x0000000090f00000, 0x0000000090f00000, 0x0000000091000000|  0%| F|  |TAMS 0x0000000090f00000, 0x0000000090f00000| Untracked 
| 272|0x0000000091000000, 0x0000000091000000, 0x0000000091100000|  0%| F|  |TAMS 0x0000000091000000, 0x0000000091000000| Untracked 
| 273|0x0000000091100000, 0x0000000091100000, 0x0000000091200000|  0%| F|  |TAMS 0x0000000091100000, 0x0000000091100000| Untracked 
| 274|0x0000000091200000, 0x0000000091200000, 0x0000000091300000|  0%| F|  |TAMS 0x0000000091200000, 0x0000000091200000| Untracked 
| 275|0x0000000091300000, 0x0000000091300000, 0x0000000091400000|  0%| F|  |TAMS 0x0000000091300000, 0x0000000091300000| Untracked 
| 276|0x0000000091400000, 0x0000000091400000, 0x0000000091500000|  0%| F|  |TAMS 0x0000000091400000, 0x0000000091400000| Untracked 
| 277|0x0000000091500000, 0x0000000091500000, 0x0000000091600000|  0%| F|  |TAMS 0x0000000091500000, 0x0000000091500000| Untracked 
| 278|0x0000000091600000, 0x0000000091600000, 0x0000000091700000|  0%| F|  |TAMS 0x0000000091600000, 0x0000000091600000| Untracked 
| 279|0x0000000091700000, 0x0000000091700000, 0x0000000091800000|  0%| F|  |TAMS 0x0000000091700000, 0x0000000091700000| Untracked 
| 280|0x0000000091800000, 0x0000000091800000, 0x0000000091900000|  0%| F|  |TAMS 0x0000000091800000, 0x0000000091800000| Untracked 
| 281|0x0000000091900000, 0x0000000091900000, 0x0000000091a00000|  0%| F|  |TAMS 0x0000000091900000, 0x0000000091900000| Untracked 
| 282|0x0000000091a00000, 0x0000000091a00000, 0x0000000091b00000|  0%| F|  |TAMS 0x0000000091a00000, 0x0000000091a00000| Untracked 
| 283|0x0000000091b00000, 0x0000000091b00000, 0x0000000091c00000|  0%| F|  |TAMS 0x0000000091b00000, 0x0000000091b00000| Untracked 
| 284|0x0000000091c00000, 0x0000000091c00000, 0x0000000091d00000|  0%| F|  |TAMS 0x0000000091c00000, 0x0000000091c00000| Untracked 
| 285|0x0000000091d00000, 0x0000000091d00000, 0x0000000091e00000|  0%| F|  |TAMS 0x0000000091d00000, 0x0000000091d00000| Untracked 
| 286|0x0000000091e00000, 0x0000000091e00000, 0x0000000091f00000|  0%| F|  |TAMS 0x0000000091e00000, 0x0000000091e00000| Untracked 
| 287|0x0000000091f00000, 0x0000000091f00000, 0x0000000092000000|  0%| F|  |TAMS 0x0000000091f00000, 0x0000000091f00000| Untracked 
| 288|0x0000000092000000, 0x0000000092000000, 0x0000000092100000|  0%| F|  |TAMS 0x0000000092000000, 0x0000000092000000| Untracked 
| 289|0x0000000092100000, 0x0000000092100000, 0x0000000092200000|  0%| F|  |TAMS 0x0000000092100000, 0x0000000092100000| Untracked 
| 290|0x0000000092200000, 0x0000000092200000, 0x0000000092300000|  0%| F|  |TAMS 0x0000000092200000, 0x0000000092200000| Untracked 
| 291|0x0000000092300000, 0x0000000092300000, 0x0000000092400000|  0%| F|  |TAMS 0x0000000092300000, 0x0000000092300000| Untracked 
| 292|0x0000000092400000, 0x0000000092400000, 0x0000000092500000|  0%| F|  |TAMS 0x0000000092400000, 0x0000000092400000| Untracked 
| 293|0x0000000092500000, 0x0000000092500000, 0x0000000092600000|  0%| F|  |TAMS 0x0000000092500000, 0x0000000092500000| Untracked 
| 294|0x0000000092600000, 0x0000000092600000, 0x0000000092700000|  0%| F|  |TAMS 0x0000000092600000, 0x0000000092600000| Untracked 
| 295|0x0000000092700000, 0x0000000092700000, 0x0000000092800000|  0%| F|  |TAMS 0x0000000092700000, 0x0000000092700000| Untracked 
| 296|0x0000000092800000, 0x0000000092800000, 0x0000000092900000|  0%| F|  |TAMS 0x0000000092800000, 0x0000000092800000| Untracked 
| 297|0x0000000092900000, 0x0000000092900000, 0x0000000092a00000|  0%| F|  |TAMS 0x0000000092900000, 0x0000000092900000| Untracked 
| 298|0x0000000092a00000, 0x0000000092a00000, 0x0000000092b00000|  0%| F|  |TAMS 0x0000000092a00000, 0x0000000092a00000| Untracked 
| 299|0x0000000092b00000, 0x0000000092b00000, 0x0000000092c00000|  0%| F|  |TAMS 0x0000000092b00000, 0x0000000092b00000| Untracked 
| 300|0x0000000092c00000, 0x0000000092c00000, 0x0000000092d00000|  0%| F|  |TAMS 0x0000000092c00000, 0x0000000092c00000| Untracked 
| 301|0x0000000092d00000, 0x0000000092d00000, 0x0000000092e00000|  0%| F|  |TAMS 0x0000000092d00000, 0x0000000092d00000| Untracked 
| 302|0x0000000092e00000, 0x0000000092e00000, 0x0000000092f00000|  0%| F|  |TAMS 0x0000000092e00000, 0x0000000092e00000| Untracked 
| 303|0x0000000092f00000, 0x0000000092f00000, 0x0000000093000000|  0%| F|  |TAMS 0x0000000092f00000, 0x0000000092f00000| Untracked 
| 304|0x0000000093000000, 0x0000000093000000, 0x0000000093100000|  0%| F|  |TAMS 0x0000000093000000, 0x0000000093000000| Untracked 
| 305|0x0000000093100000, 0x0000000093100000, 0x0000000093200000|  0%| F|  |TAMS 0x0000000093100000, 0x0000000093100000| Untracked 
| 306|0x0000000093200000, 0x0000000093200000, 0x0000000093300000|  0%| F|  |TAMS 0x0000000093200000, 0x0000000093200000| Untracked 
| 307|0x0000000093300000, 0x0000000093300000, 0x0000000093400000|  0%| F|  |TAMS 0x0000000093300000, 0x0000000093300000| Untracked 
| 308|0x0000000093400000, 0x0000000093400000, 0x0000000093500000|  0%| F|  |TAMS 0x0000000093400000, 0x0000000093400000| Untracked 
| 309|0x0000000093500000, 0x0000000093500000, 0x0000000093600000|  0%| F|  |TAMS 0x0000000093500000, 0x0000000093500000| Untracked 
| 310|0x0000000093600000, 0x0000000093600000, 0x0000000093700000|  0%| F|  |TAMS 0x0000000093600000, 0x0000000093600000| Untracked 
| 311|0x0000000093700000, 0x0000000093700000, 0x0000000093800000|  0%| F|  |TAMS 0x0000000093700000, 0x0000000093700000| Untracked 
| 312|0x0000000093800000, 0x0000000093800000, 0x0000000093900000|  0%| F|  |TAMS 0x0000000093800000, 0x0000000093800000| Untracked 
| 313|0x0000000093900000, 0x0000000093900000, 0x0000000093a00000|  0%| F|  |TAMS 0x0000000093900000, 0x0000000093900000| Untracked 
| 314|0x0000000093a00000, 0x0000000093a00000, 0x0000000093b00000|  0%| F|  |TAMS 0x0000000093a00000, 0x0000000093a00000| Untracked 
| 315|0x0000000093b00000, 0x0000000093b00000, 0x0000000093c00000|  0%| F|  |TAMS 0x0000000093b00000, 0x0000000093b00000| Untracked 
| 316|0x0000000093c00000, 0x0000000093c00000, 0x0000000093d00000|  0%| F|  |TAMS 0x0000000093c00000, 0x0000000093c00000| Untracked 
| 317|0x0000000093d00000, 0x0000000093d00000, 0x0000000093e00000|  0%| F|  |TAMS 0x0000000093d00000, 0x0000000093d00000| Untracked 
| 318|0x0000000093e00000, 0x0000000093e00000, 0x0000000093f00000|  0%| F|  |TAMS 0x0000000093e00000, 0x0000000093e00000| Untracked 
| 319|0x0000000093f00000, 0x0000000093f00000, 0x0000000094000000|  0%| F|  |TAMS 0x0000000093f00000, 0x0000000093f00000| Untracked 
| 320|0x0000000094000000, 0x0000000094000000, 0x0000000094100000|  0%| F|  |TAMS 0x0000000094000000, 0x0000000094000000| Untracked 
| 321|0x0000000094100000, 0x0000000094100000, 0x0000000094200000|  0%| F|  |TAMS 0x0000000094100000, 0x0000000094100000| Untracked 
| 322|0x0000000094200000, 0x0000000094200000, 0x0000000094300000|  0%| F|  |TAMS 0x0000000094200000, 0x0000000094200000| Untracked 
| 323|0x0000000094300000, 0x0000000094300000, 0x0000000094400000|  0%| F|  |TAMS 0x0000000094300000, 0x0000000094300000| Untracked 
| 324|0x0000000094400000, 0x0000000094400000, 0x0000000094500000|  0%| F|  |TAMS 0x0000000094400000, 0x0000000094400000| Untracked 
| 325|0x0000000094500000, 0x0000000094500000, 0x0000000094600000|  0%| F|  |TAMS 0x0000000094500000, 0x0000000094500000| Untracked 
| 326|0x0000000094600000, 0x0000000094600000, 0x0000000094700000|  0%| F|  |TAMS 0x0000000094600000, 0x0000000094600000| Untracked 
| 327|0x0000000094700000, 0x0000000094700000, 0x0000000094800000|  0%| F|  |TAMS 0x0000000094700000, 0x0000000094700000| Untracked 
| 328|0x0000000094800000, 0x0000000094800000, 0x0000000094900000|  0%| F|  |TAMS 0x0000000094800000, 0x0000000094800000| Untracked 
| 329|0x0000000094900000, 0x0000000094900000, 0x0000000094a00000|  0%| F|  |TAMS 0x0000000094900000, 0x0000000094900000| Untracked 
| 330|0x0000000094a00000, 0x0000000094a00000, 0x0000000094b00000|  0%| F|  |TAMS 0x0000000094a00000, 0x0000000094a00000| Untracked 
| 331|0x0000000094b00000, 0x0000000094b00000, 0x0000000094c00000|  0%| F|  |TAMS 0x0000000094b00000, 0x0000000094b00000| Untracked 
| 332|0x0000000094c00000, 0x0000000094c00000, 0x0000000094d00000|  0%| F|  |TAMS 0x0000000094c00000, 0x0000000094c00000| Untracked 
| 333|0x0000000094d00000, 0x0000000094d00000, 0x0000000094e00000|  0%| F|  |TAMS 0x0000000094d00000, 0x0000000094d00000| Untracked 
| 334|0x0000000094e00000, 0x0000000094e00000, 0x0000000094f00000|  0%| F|  |TAMS 0x0000000094e00000, 0x0000000094e00000| Untracked 
| 335|0x0000000094f00000, 0x0000000094f00000, 0x0000000095000000|  0%| F|  |TAMS 0x0000000094f00000, 0x0000000094f00000| Untracked 
| 336|0x0000000095000000, 0x0000000095000000, 0x0000000095100000|  0%| F|  |TAMS 0x0000000095000000, 0x0000000095000000| Untracked 
| 337|0x0000000095100000, 0x0000000095100000, 0x0000000095200000|  0%| F|  |TAMS 0x0000000095100000, 0x0000000095100000| Untracked 
| 338|0x0000000095200000, 0x0000000095200000, 0x0000000095300000|  0%| F|  |TAMS 0x0000000095200000, 0x0000000095200000| Untracked 
| 339|0x0000000095300000, 0x0000000095300000, 0x0000000095400000|  0%| F|  |TAMS 0x0000000095300000, 0x0000000095300000| Untracked 
| 340|0x0000000095400000, 0x0000000095400000, 0x0000000095500000|  0%| F|  |TAMS 0x0000000095400000, 0x0000000095400000| Untracked 
| 341|0x0000000095500000, 0x0000000095500000, 0x0000000095600000|  0%| F|  |TAMS 0x0000000095500000, 0x0000000095500000| Untracked 
| 342|0x0000000095600000, 0x0000000095600000, 0x0000000095700000|  0%| F|  |TAMS 0x0000000095600000, 0x0000000095600000| Untracked 
| 343|0x0000000095700000, 0x0000000095700000, 0x0000000095800000|  0%| F|  |TAMS 0x0000000095700000, 0x0000000095700000| Untracked 
| 344|0x0000000095800000, 0x0000000095800000, 0x0000000095900000|  0%| F|  |TAMS 0x0000000095800000, 0x0000000095800000| Untracked 
| 345|0x0000000095900000, 0x0000000095900000, 0x0000000095a00000|  0%| F|  |TAMS 0x0000000095900000, 0x0000000095900000| Untracked 
| 346|0x0000000095a00000, 0x0000000095a00000, 0x0000000095b00000|  0%| F|  |TAMS 0x0000000095a00000, 0x0000000095a00000| Untracked 
| 347|0x0000000095b00000, 0x0000000095b00000, 0x0000000095c00000|  0%| F|  |TAMS 0x0000000095b00000, 0x0000000095b00000| Untracked 
| 348|0x0000000095c00000, 0x0000000095c00000, 0x0000000095d00000|  0%| F|  |TAMS 0x0000000095c00000, 0x0000000095c00000| Untracked 
| 349|0x0000000095d00000, 0x0000000095d00000, 0x0000000095e00000|  0%| F|  |TAMS 0x0000000095d00000, 0x0000000095d00000| Untracked 
| 350|0x0000000095e00000, 0x0000000095e00000, 0x0000000095f00000|  0%| F|  |TAMS 0x0000000095e00000, 0x0000000095e00000| Untracked 
| 351|0x0000000095f00000, 0x0000000095f00000, 0x0000000096000000|  0%| F|  |TAMS 0x0000000095f00000, 0x0000000095f00000| Untracked 
| 352|0x0000000096000000, 0x0000000096000000, 0x0000000096100000|  0%| F|  |TAMS 0x0000000096000000, 0x0000000096000000| Untracked 
| 353|0x0000000096100000, 0x0000000096100000, 0x0000000096200000|  0%| F|  |TAMS 0x0000000096100000, 0x0000000096100000| Untracked 
| 354|0x0000000096200000, 0x0000000096200000, 0x0000000096300000|  0%| F|  |TAMS 0x0000000096200000, 0x0000000096200000| Untracked 
| 355|0x0000000096300000, 0x0000000096300000, 0x0000000096400000|  0%| F|  |TAMS 0x0000000096300000, 0x0000000096300000| Untracked 
| 356|0x0000000096400000, 0x0000000096400000, 0x0000000096500000|  0%| F|  |TAMS 0x0000000096400000, 0x0000000096400000| Untracked 
| 357|0x0000000096500000, 0x0000000096500000, 0x0000000096600000|  0%| F|  |TAMS 0x0000000096500000, 0x0000000096500000| Untracked 
| 358|0x0000000096600000, 0x0000000096600000, 0x0000000096700000|  0%| F|  |TAMS 0x0000000096600000, 0x0000000096600000| Untracked 
| 359|0x0000000096700000, 0x0000000096700000, 0x0000000096800000|  0%| F|  |TAMS 0x0000000096700000, 0x0000000096700000| Untracked 
| 360|0x0000000096800000, 0x0000000096800000, 0x0000000096900000|  0%| F|  |TAMS 0x0000000096800000, 0x0000000096800000| Untracked 
| 361|0x0000000096900000, 0x0000000096900000, 0x0000000096a00000|  0%| F|  |TAMS 0x0000000096900000, 0x0000000096900000| Untracked 
| 362|0x0000000096a00000, 0x0000000096a00000, 0x0000000096b00000|  0%| F|  |TAMS 0x0000000096a00000, 0x0000000096a00000| Untracked 
| 363|0x0000000096b00000, 0x0000000096b00000, 0x0000000096c00000|  0%| F|  |TAMS 0x0000000096b00000, 0x0000000096b00000| Untracked 
| 364|0x0000000096c00000, 0x0000000096c00000, 0x0000000096d00000|  0%| F|  |TAMS 0x0000000096c00000, 0x0000000096c00000| Untracked 
| 365|0x0000000096d00000, 0x0000000096d00000, 0x0000000096e00000|  0%| F|  |TAMS 0x0000000096d00000, 0x0000000096d00000| Untracked 
| 366|0x0000000096e00000, 0x0000000096e00000, 0x0000000096f00000|  0%| F|  |TAMS 0x0000000096e00000, 0x0000000096e00000| Untracked 
| 367|0x0000000096f00000, 0x0000000096f00000, 0x0000000097000000|  0%| F|  |TAMS 0x0000000096f00000, 0x0000000096f00000| Untracked 
| 368|0x0000000097000000, 0x0000000097000000, 0x0000000097100000|  0%| F|  |TAMS 0x0000000097000000, 0x0000000097000000| Untracked 
| 369|0x0000000097100000, 0x0000000097100000, 0x0000000097200000|  0%| F|  |TAMS 0x0000000097100000, 0x0000000097100000| Untracked 
| 370|0x0000000097200000, 0x0000000097200000, 0x0000000097300000|  0%| F|  |TAMS 0x0000000097200000, 0x0000000097200000| Untracked 
| 371|0x0000000097300000, 0x0000000097300000, 0x0000000097400000|  0%| F|  |TAMS 0x0000000097300000, 0x0000000097300000| Untracked 
| 372|0x0000000097400000, 0x0000000097400000, 0x0000000097500000|  0%| F|  |TAMS 0x0000000097400000, 0x0000000097400000| Untracked 
| 373|0x0000000097500000, 0x0000000097500000, 0x0000000097600000|  0%| F|  |TAMS 0x0000000097500000, 0x0000000097500000| Untracked 
| 374|0x0000000097600000, 0x0000000097600000, 0x0000000097700000|  0%| F|  |TAMS 0x0000000097600000, 0x0000000097600000| Untracked 
| 375|0x0000000097700000, 0x0000000097700000, 0x0000000097800000|  0%| F|  |TAMS 0x0000000097700000, 0x0000000097700000| Untracked 
| 376|0x0000000097800000, 0x0000000097800000, 0x0000000097900000|  0%| F|  |TAMS 0x0000000097800000, 0x0000000097800000| Untracked 
| 377|0x0000000097900000, 0x0000000097900000, 0x0000000097a00000|  0%| F|  |TAMS 0x0000000097900000, 0x0000000097900000| Untracked 
| 378|0x0000000097a00000, 0x0000000097a00000, 0x0000000097b00000|  0%| F|  |TAMS 0x0000000097a00000, 0x0000000097a00000| Untracked 
| 379|0x0000000097b00000, 0x0000000097b00000, 0x0000000097c00000|  0%| F|  |TAMS 0x0000000097b00000, 0x0000000097b00000| Untracked 
| 380|0x0000000097c00000, 0x0000000097c00000, 0x0000000097d00000|  0%| F|  |TAMS 0x0000000097c00000, 0x0000000097c00000| Untracked 
| 381|0x0000000097d00000, 0x0000000097d00000, 0x0000000097e00000|  0%| F|  |TAMS 0x0000000097d00000, 0x0000000097d00000| Untracked 
| 382|0x0000000097e00000, 0x0000000097e00000, 0x0000000097f00000|  0%| F|  |TAMS 0x0000000097e00000, 0x0000000097e00000| Untracked 
| 383|0x0000000097f00000, 0x0000000097f00000, 0x0000000098000000|  0%| F|  |TAMS 0x0000000097f00000, 0x0000000097f00000| Untracked 
| 384|0x0000000098000000, 0x0000000098000000, 0x0000000098100000|  0%| F|  |TAMS 0x0000000098000000, 0x0000000098000000| Untracked 
| 385|0x0000000098100000, 0x0000000098100000, 0x0000000098200000|  0%| F|  |TAMS 0x0000000098100000, 0x0000000098100000| Untracked 
| 386|0x0000000098200000, 0x0000000098200000, 0x0000000098300000|  0%| F|  |TAMS 0x0000000098200000, 0x0000000098200000| Untracked 
| 387|0x0000000098300000, 0x0000000098300000, 0x0000000098400000|  0%| F|  |TAMS 0x0000000098300000, 0x0000000098300000| Untracked 
| 388|0x0000000098400000, 0x0000000098400000, 0x0000000098500000|  0%| F|  |TAMS 0x0000000098400000, 0x0000000098400000| Untracked 
| 389|0x0000000098500000, 0x0000000098500000, 0x0000000098600000|  0%| F|  |TAMS 0x0000000098500000, 0x0000000098500000| Untracked 
| 390|0x0000000098600000, 0x0000000098600000, 0x0000000098700000|  0%| F|  |TAMS 0x0000000098600000, 0x0000000098600000| Untracked 
| 391|0x0000000098700000, 0x0000000098700000, 0x0000000098800000|  0%| F|  |TAMS 0x0000000098700000, 0x0000000098700000| Untracked 
| 392|0x0000000098800000, 0x0000000098800000, 0x0000000098900000|  0%| F|  |TAMS 0x0000000098800000, 0x0000000098800000| Untracked 
| 393|0x0000000098900000, 0x0000000098900000, 0x0000000098a00000|  0%| F|  |TAMS 0x0000000098900000, 0x0000000098900000| Untracked 
| 394|0x0000000098a00000, 0x0000000098a00000, 0x0000000098b00000|  0%| F|  |TAMS 0x0000000098a00000, 0x0000000098a00000| Untracked 
| 395|0x0000000098b00000, 0x0000000098b00000, 0x0000000098c00000|  0%| F|  |TAMS 0x0000000098b00000, 0x0000000098b00000| Untracked 
| 396|0x0000000098c00000, 0x0000000098c00000, 0x0000000098d00000|  0%| F|  |TAMS 0x0000000098c00000, 0x0000000098c00000| Untracked 
| 397|0x0000000098d00000, 0x0000000098d00000, 0x0000000098e00000|  0%| F|  |TAMS 0x0000000098d00000, 0x0000000098d00000| Untracked 
| 398|0x0000000098e00000, 0x0000000098e00000, 0x0000000098f00000|  0%| F|  |TAMS 0x0000000098e00000, 0x0000000098e00000| Untracked 
| 399|0x0000000098f00000, 0x0000000098f00000, 0x0000000099000000|  0%| F|  |TAMS 0x0000000098f00000, 0x0000000098f00000| Untracked 
| 400|0x0000000099000000, 0x0000000099000000, 0x0000000099100000|  0%| F|  |TAMS 0x0000000099000000, 0x0000000099000000| Untracked 
| 401|0x0000000099100000, 0x0000000099100000, 0x0000000099200000|  0%| F|  |TAMS 0x0000000099100000, 0x0000000099100000| Untracked 
| 402|0x0000000099200000, 0x0000000099200000, 0x0000000099300000|  0%| F|  |TAMS 0x0000000099200000, 0x0000000099200000| Untracked 
| 403|0x0000000099300000, 0x0000000099300000, 0x0000000099400000|  0%| F|  |TAMS 0x0000000099300000, 0x0000000099300000| Untracked 
| 404|0x0000000099400000, 0x0000000099400000, 0x0000000099500000|  0%| F|  |TAMS 0x0000000099400000, 0x0000000099400000| Untracked 

Card table byte_map: [0x000002125ff20000,0x0000021260320000] _byte_map_base: 0x000002125fb20000

Marking Bits (Prev, Next): (CMBitMap*) 0x000002124ad9e7b8, (CMBitMap*) 0x000002124ad9e7f0
 Prev Bits: [0x0000021260720000, 0x0000021262720000)
 Next Bits: [0x0000021262720000, 0x0000021264720000)

Polling page: 0x000002124c6b0000

Metaspace:

Usage:
  Non-class:     42.05 MB capacity,    41.14 MB ( 98%) used,   787.06 KB (  2%) free+waste,   143.19 KB ( <1%) overhead. 
      Class:      6.52 MB capacity,     5.99 MB ( 92%) used,   478.88 KB (  7%) free+waste,    69.25 KB (  1%) overhead. 
       Both:     48.57 MB capacity,    47.13 MB ( 97%) used,     1.24 MB (  3%) free+waste,   212.44 KB ( <1%) overhead. 

Virtual space:
  Non-class space:       44.00 MB reserved,      42.25 MB ( 96%) committed 
      Class space:        1.00 GB reserved,       6.62 MB ( <1%) committed 
             Both:        1.04 GB reserved,      48.88 MB (  5%) committed 

Chunk freelists:
   Non-Class:  11.00 KB
       Class:  11.00 KB
        Both:  22.00 KB

MaxMetaspaceSize: 17179869184.00 GB
CompressedClassSpaceSize: 1.00 GB
Initial GC threshold: 20.80 MB
Current GC threshold: 58.34 MB
CDS: off

CodeHeap 'non-profiled nmethods': size=120064Kb used=3652Kb max_used=3652Kb free=116411Kb
 bounds [0x00000212584c0000, 0x0000021258860000, 0x000002125fa00000]
CodeHeap 'profiled nmethods': size=120000Kb used=11383Kb max_used=11383Kb free=108616Kb
 bounds [0x0000021250f90000, 0x0000021251ab0000, 0x00000212584c0000]
CodeHeap 'non-nmethods': size=5696Kb used=2288Kb max_used=2372Kb free=3407Kb
 bounds [0x0000021250a00000, 0x0000021250c70000, 0x0000021250f90000]
 total_blobs=5870 nmethods=5080 adapters=701
 compilation: enabled
              stopped_count=0, restarted_count=0
 full_count=0

Compilation events (20 events):
Event: 8.011 Thread 0x000002126b7cf800 nmethod 4946 0x000002125884d210 code [0x000002125884d420, 0x000002125884dd90]
Event: 8.011 Thread 0x000002126b7cf800 5015       4       org.objectweb.asm.ByteVector::enlarge (73 bytes)
Event: 8.013 Thread 0x000002126b7cf800 nmethod 5015 0x000002125884e590 code [0x000002125884e740, 0x000002125884eb18]
Event: 8.013 Thread 0x000002126b7cf800 4947       4       java.security.MessageDigest$Delegate::engineDigest (8 bytes)
Event: 8.016 Thread 0x000002126b7cf800 nmethod 4947 0x000002125884ec90 code [0x000002125884ee60, 0x000002125884f1d8]
Event: 8.016 Thread 0x000002126b7cf800 4948   !   4       sun.security.provider.DigestBase::engineDigest (39 bytes)
Event: 8.017 Thread 0x000002126b7cf800 nmethod 4948 0x000002125884f410 code [0x000002125884f5c0, 0x000002125884f788]
Event: 8.017 Thread 0x000002126b7cf800 5123       4       java.util.Arrays::binarySearch0 (83 bytes)
Event: 8.020 Thread 0x000002126b7cf800 nmethod 5123 0x000002125884f910 code [0x000002125884fac0, 0x000002125884fc98]
Event: 8.020 Thread 0x000002126b7cf800 4949       4       java.util.Spliterators$ArraySpliterator::tryAdvance (58 bytes)
Event: 8.020 Thread 0x000002126b7cf800 nmethod 4949 0x000002125884ff10 code [0x00000212588500a0, 0x0000021258850158]
Event: 8.020 Thread 0x000002126b7cf800 4958       4       sun.security.provider.MD5::implDigest (96 bytes)
Event: 8.024 Thread 0x00000212678c9800 5125       3       org.objectweb.asm.MethodWriter::visitFrame (811 bytes)
Event: 8.025 Thread 0x00000212678c9800 nmethod 5125 0x0000021251aaa010 code [0x0000021251aaa500, 0x0000021251aac4e8]
Event: 8.029 Thread 0x000002126b7cf800 nmethod 4958 0x0000021258850210 code [0x0000021258850400, 0x0000021258850c70]
Event: 8.029 Thread 0x000002126b7cf800 5124       4       org.objectweb.asm.FieldWriter::putFieldInfo (269 bytes)
Event: 8.054 Thread 0x00000212678c9800 5126       2       org.objectweb.asm.ClassWriter::visitNestMember (48 bytes)
Event: 8.054 Thread 0x00000212678c9800 nmethod 5126 0x0000021251aad410 code [0x0000021251aad5e0, 0x0000021251aad918]
Event: 8.057 Thread 0x00000212678c9800 5127       2       org.objectweb.asm.Label::pushSuccessors (77 bytes)
Event: 8.057 Thread 0x00000212678c9800 nmethod 5127 0x0000021251aada90 code [0x0000021251aadc40, 0x0000021251aade58]

GC Heap History (20 events):
Event: 6.095 GC heap after
{Heap after GC invocations=23 (full 0):
 garbage-first heap   total 210944K, used 79123K [0x0000000080000000, 0x0000000100000000)
  region size 1024K, 7 young (7168K), 7 survivors (7168K)
 Metaspace       used 48162K, capacity 49610K, committed 49792K, reserved 1091584K
  class space    used 6128K, capacity 6677K, committed 6784K, reserved 1048576K
}
Event: 6.181 GC heap before
{Heap before GC invocations=23 (full 0):
 garbage-first heap   total 210944K, used 180499K [0x0000000080000000, 0x0000000100000000)
  region size 1024K, 106 young (108544K), 7 survivors (7168K)
 Metaspace       used 48165K, capacity 49610K, committed 49792K, reserved 1091584K
  class space    used 6128K, capacity 6677K, committed 6784K, reserved 1048576K
}
Event: 6.185 GC heap after
{Heap after GC invocations=24 (full 0):
 garbage-first heap   total 210944K, used 80420K [0x0000000080000000, 0x0000000100000000)
  region size 1024K, 9 young (9216K), 9 survivors (9216K)
 Metaspace       used 48165K, capacity 49610K, committed 49792K, reserved 1091584K
  class space    used 6128K, capacity 6677K, committed 6784K, reserved 1048576K
}
Event: 6.280 GC heap before
{Heap before GC invocations=24 (full 0):
 garbage-first heap   total 210944K, used 178724K [0x0000000080000000, 0x0000000100000000)
  region size 1024K, 105 young (107520K), 9 survivors (9216K)
 Metaspace       used 48169K, capacity 49610K, committed 49792K, reserved 1091584K
  class space    used 6128K, capacity 6677K, committed 6784K, reserved 1048576K
}
Event: 6.287 GC heap after
{Heap after GC invocations=25 (full 0):
 garbage-first heap   total 268288K, used 81863K [0x0000000080000000, 0x0000000100000000)
  region size 1024K, 9 young (9216K), 9 survivors (9216K)
 Metaspace       used 48169K, capacity 49610K, committed 49792K, reserved 1091584K
  class space    used 6128K, capacity 6677K, committed 6784K, reserved 1048576K
}
Event: 6.414 GC heap before
{Heap before GC invocations=25 (full 0):
 garbage-first heap   total 268288K, used 200647K [0x0000000080000000, 0x0000000100000000)
  region size 1024K, 125 young (128000K), 9 survivors (9216K)
 Metaspace       used 48174K, capacity 49610K, committed 49792K, reserved 1091584K
  class space    used 6128K, capacity 6677K, committed 6784K, reserved 1048576K
}
Event: 6.419 GC heap after
{Heap after GC invocations=26 (full 0):
 garbage-first heap   total 268288K, used 82946K [0x0000000080000000, 0x0000000100000000)
  region size 1024K, 10 young (10240K), 10 survivors (10240K)
 Metaspace       used 48174K, capacity 49610K, committed 49792K, reserved 1091584K
  class space    used 6128K, capacity 6677K, committed 6784K, reserved 1048576K
}
Event: 6.537 GC heap before
{Heap before GC invocations=26 (full 0):
 garbage-first heap   total 268288K, used 217090K [0x0000000080000000, 0x0000000100000000)
  region size 1024K, 141 young (144384K), 10 survivors (10240K)
 Metaspace       used 48183K, capacity 49674K, committed 49792K, reserved 1091584K
  class space    used 6128K, capacity 6677K, committed 6784K, reserved 1048576K
}
Event: 6.543 GC heap after
{Heap after GC invocations=27 (full 0):
 garbage-first heap   total 268288K, used 84743K [0x0000000080000000, 0x0000000100000000)
  region size 1024K, 11 young (11264K), 11 survivors (11264K)
 Metaspace       used 48183K, capacity 49674K, committed 49792K, reserved 1091584K
  class space    used 6128K, capacity 6677K, committed 6784K, reserved 1048576K
}
Event: 6.668 GC heap before
{Heap before GC invocations=27 (full 0):
 garbage-first heap   total 268288K, used 221959K [0x0000000080000000, 0x0000000100000000)
  region size 1024K, 145 young (148480K), 11 survivors (11264K)
 Metaspace       used 48184K, capacity 49674K, committed 49792K, reserved 1091584K
  class space    used 6128K, capacity 6677K, committed 6784K, reserved 1048576K
}
Event: 6.674 GC heap after
{Heap after GC invocations=28 (full 0):
 garbage-first heap   total 268288K, used 86331K [0x0000000080000000, 0x0000000100000000)
  region size 1024K, 12 young (12288K), 12 survivors (12288K)
 Metaspace       used 48184K, capacity 49674K, committed 49792K, reserved 1091584K
  class space    used 6128K, capacity 6677K, committed 6784K, reserved 1048576K
}
Event: 6.799 GC heap before
{Heap before GC invocations=28 (full 0):
 garbage-first heap   total 268288K, used 224571K [0x0000000080000000, 0x0000000100000000)
  region size 1024K, 147 young (150528K), 12 survivors (12288K)
 Metaspace       used 48188K, capacity 49738K, committed 50048K, reserved 1093632K
  class space    used 6128K, capacity 6677K, committed 6784K, reserved 1048576K
}
Event: 6.809 GC heap after
{Heap after GC invocations=29 (full 0):
 garbage-first heap   total 414720K, used 87748K [0x0000000080000000, 0x0000000100000000)
  region size 1024K, 12 young (12288K), 12 survivors (12288K)
 Metaspace       used 48188K, capacity 49738K, committed 50048K, reserved 1093632K
  class space    used 6128K, capacity 6677K, committed 6784K, reserved 1048576K
}
Event: 7.036 GC heap before
{Heap before GC invocations=29 (full 0):
 garbage-first heap   total 414720K, used 306884K [0x0000000080000000, 0x0000000100000000)
  region size 1024K, 227 young (232448K), 12 survivors (12288K)
 Metaspace       used 48218K, capacity 49738K, committed 50048K, reserved 1093632K
  class space    used 6128K, capacity 6677K, committed 6784K, reserved 1048576K
}
Event: 7.043 GC heap after
{Heap after GC invocations=30 (full 0):
 garbage-first heap   total 414720K, used 91179K [0x0000000080000000, 0x0000000100000000)
  region size 1024K, 15 young (15360K), 15 survivors (15360K)
 Metaspace       used 48218K, capacity 49738K, committed 50048K, reserved 1093632K
  class space    used 6128K, capacity 6677K, committed 6784K, reserved 1048576K
}
Event: 7.333 GC heap before
{Heap before GC invocations=30 (full 0):
 garbage-first heap   total 414720K, used 324651K [0x0000000080000000, 0x0000000100000000)
  region size 1024K, 243 young (248832K), 15 survivors (15360K)
 Metaspace       used 48228K, capacity 49738K, committed 50048K, reserved 1093632K
  class space    used 6128K, capacity 6677K, committed 6784K, reserved 1048576K
}
Event: 7.342 GC heap after
{Heap after GC invocations=31 (full 0):
 garbage-first heap   total 414720K, used 93531K [0x0000000080000000, 0x0000000100000000)
  region size 1024K, 17 young (17408K), 17 survivors (17408K)
 Metaspace       used 48228K, capacity 49738K, committed 50048K, reserved 1093632K
  class space    used 6128K, capacity 6677K, committed 6784K, reserved 1048576K
}
Event: 7.654 GC heap before
{Heap before GC invocations=31 (full 0):
 garbage-first heap   total 414720K, used 324955K [0x0000000080000000, 0x0000000100000000)
  region size 1024K, 243 young (248832K), 17 survivors (17408K)
 Metaspace       used 48241K, capacity 49738K, committed 50048K, reserved 1093632K
  class space    used 6128K, capacity 6677K, committed 6784K, reserved 1048576K
}
Event: 7.663 GC heap after
{Heap after GC invocations=32 (full 0):
 garbage-first heap   total 414720K, used 84087K [0x0000000080000000, 0x0000000100000000)
  region size 1024K, 19 young (19456K), 19 survivors (19456K)
 Metaspace       used 48241K, capacity 49738K, committed 50048K, reserved 1093632K
  class space    used 6128K, capacity 6677K, committed 6784K, reserved 1048576K
}
Event: 8.074 GC heap before
{Heap before GC invocations=32 (full 0):
 garbage-first heap   total 414720K, used 325751K [0x0000000080000000, 0x0000000100000000)
  region size 1024K, 243 young (248832K), 19 survivors (19456K)
 Metaspace       used 48259K, capacity 49738K, committed 50048K, reserved 1093632K
  class space    used 6128K, capacity 6677K, committed 6784K, reserved 1048576K
}

Deoptimization events (20 events):
Event: 7.942 Thread 0x000002126a19a000 DEOPT PACKING pc=0x0000021251a54bf8 sp=0x000000fc8a4fdf80
Event: 7.942 Thread 0x000002126a19a000 DEOPT UNPACKING pc=0x0000021250a4a95e sp=0x000000fc8a4fd600 mode 0
Event: 7.974 Thread 0x000002126a19a800 DEOPT PACKING pc=0x0000021251a54bf8 sp=0x000000fc8a3fe3d0
Event: 7.974 Thread 0x000002126a19a800 DEOPT UNPACKING pc=0x0000021250a4a95e sp=0x000000fc8a3fda50 mode 0
Event: 7.992 Thread 0x000002126a19a000 DEOPT PACKING pc=0x0000021251a54bf8 sp=0x000000fc8a4fdf80
Event: 7.992 Thread 0x000002126a19a000 DEOPT UNPACKING pc=0x0000021250a4a95e sp=0x000000fc8a4fd600 mode 0
Event: 8.006 Thread 0x000002126a19a000 DEOPT PACKING pc=0x0000021251a54bf8 sp=0x000000fc8a4fdf80
Event: 8.006 Thread 0x000002126a19a000 DEOPT UNPACKING pc=0x0000021250a4a95e sp=0x000000fc8a4fd600 mode 0
Event: 8.013 Thread 0x000002126a19a800 DEOPT PACKING pc=0x0000021251a54bf8 sp=0x000000fc8a3fe3d0
Event: 8.013 Thread 0x000002126a19a800 DEOPT UNPACKING pc=0x0000021250a4a95e sp=0x000000fc8a3fda50 mode 0
Event: 8.023 Thread 0x000002126a19a000 Uncommon trap: trap_request=0xffffff4d fr.pc=0x0000021258783548 relative=0x0000000000004648
Event: 8.023 Thread 0x000002126a19a000 Uncommon trap: reason=unstable_if action=reinterpret pc=0x0000021258783548 method=org.objectweb.asm.MethodWriter.visitFrame(II[Ljava/lang/Object;I[Ljava/lang/Object;)V @ 771 c2
Event: 8.023 Thread 0x000002126a19a000 DEOPT PACKING pc=0x0000021258783548 sp=0x000000fc8a4fdde0
Event: 8.023 Thread 0x000002126a19a000 DEOPT UNPACKING pc=0x0000021250a4a1af sp=0x000000fc8a4fddb8 mode 2
Event: 8.034 Thread 0x000002126a19a000 DEOPT PACKING pc=0x0000021251a54bf8 sp=0x000000fc8a4fdf80
Event: 8.034 Thread 0x000002126a19a000 DEOPT UNPACKING pc=0x0000021250a4a95e sp=0x000000fc8a4fd600 mode 0
Event: 8.056 Thread 0x000002126a19a000 DEOPT PACKING pc=0x0000021251a54bf8 sp=0x000000fc8a4fdf80
Event: 8.056 Thread 0x000002126a19a000 DEOPT UNPACKING pc=0x0000021250a4a95e sp=0x000000fc8a4fd600 mode 0
Event: 8.064 Thread 0x000002126a19a000 DEOPT PACKING pc=0x0000021251a54bf8 sp=0x000000fc8a4fdf80
Event: 8.064 Thread 0x000002126a19a000 DEOPT UNPACKING pc=0x0000021250a4a95e sp=0x000000fc8a4fd600 mode 0

Classes redefined (0 events):
No events

Internal exceptions (20 events):
Event: 4.853 Thread 0x0000021269669000 Exception <a 'java/lang/ClassNotFoundException'{0x0000000086fe88d8}: org/gradle/api/internal/artifacts/dsl/dependencies/DefaultDependencyHandlerCustomizer> (0x0000000086fe88d8) thrown at [src/hotspot/share/classfile/systemDictionary.cpp, line 230]
Event: 4.854 Thread 0x0000021269669000 Exception <a 'java/lang/ClassNotFoundException'{0x0000000086e57260}: org/gradle/api/internal/artifacts/dsl/dependencies/DefaultDependencyHandler_DecoratedCustomizer> (0x0000000086e57260) thrown at [src/hotspot/share/classfile/systemDictionary.cpp, line 230]
Event: 4.907 Thread 0x0000021269669000 Exception <a 'java/lang/NoSuchMethodError'{0x00000000869e4bc0}: 'java.lang.Object java.lang.invoke.DirectMethodHandle$Holder.invokeStatic(java.lang.Object, int, java.lang.Object)'> (0x00000000869e4bc0) thrown at [src/hotspot/share/interpreter/linkResolver.cpp, line 773]
Event: 4.940 Thread 0x0000021269669000 Exception <a 'java/lang/NoSuchMethodError'{0x0000000086348888}: 'void java.lang.invoke.DirectMethodHandle$Holder.invokeInterface(java.lang.Object, java.lang.Object)'> (0x0000000086348888) thrown at [src/hotspot/share/interpreter/linkResolver.cpp, line 773]
Event: 5.035 Thread 0x0000021269669000 Exception <a 'java/lang/NoSuchMethodError'{0x0000000088b89f58}: 'int java.lang.invoke.DirectMethodHandle$Holder.invokeStaticInit(java.lang.Object)'> (0x0000000088b89f58) thrown at [src/hotspot/share/interpreter/linkResolver.cpp, line 773]
Event: 5.085 Thread 0x000002126a19a000 Exception <a 'sun/nio/fs/WindowsException'{0x000000008890daf0}> (0x000000008890daf0) thrown at [src/hotspot/share/prims/jni.cpp, line 617]
Event: 5.089 Thread 0x000002126a19a000 Exception <a 'sun/nio/fs/WindowsException'{0x0000000088942430}> (0x0000000088942430) thrown at [src/hotspot/share/prims/jni.cpp, line 617]
Event: 5.089 Thread 0x000002126a19a000 Exception <a 'sun/nio/fs/WindowsException'{0x0000000088942588}> (0x0000000088942588) thrown at [src/hotspot/share/prims/jni.cpp, line 617]
Event: 5.111 Thread 0x0000021269669000 Exception <a 'java/lang/ClassNotFoundException'{0x0000000088987a40}: sync_studio_tooling10_co684kf4pv8o08aximrgff6byBeanInfo> (0x0000000088987a40) thrown at [src/hotspot/share/classfile/systemDictionary.cpp, line 230]
Event: 5.111 Thread 0x0000021269669000 Exception <a 'java/lang/ClassNotFoundException'{0x0000000088995330}: sync_studio_tooling10_co684kf4pv8o08aximrgff6byCustomizer> (0x0000000088995330) thrown at [src/hotspot/share/classfile/systemDictionary.cpp, line 230]
Event: 5.125 Thread 0x0000021269669000 Exception <a 'java/lang/ClassNotFoundException'{0x0000000088895dd0}: ijinit1_em9x8wroq4q11uaz4fy1o8rauBeanInfo> (0x0000000088895dd0) thrown at [src/hotspot/share/classfile/systemDictionary.cpp, line 230]
Event: 5.125 Thread 0x0000021269669000 Exception <a 'java/lang/ClassNotFoundException'{0x00000000888a2b78}: ijinit1_em9x8wroq4q11uaz4fy1o8rauCustomizer> (0x00000000888a2b78) thrown at [src/hotspot/share/classfile/systemDictionary.cpp, line 230]
Event: 5.130 Thread 0x0000021269669000 Exception <a 'java/lang/ClassNotFoundException'{0x00000000888fdb50}: ijinit1_em9x8wroq4q11uaz4fy1o8rau$_run_closure1BeanInfo> (0x00000000888fdb50) thrown at [src/hotspot/share/classfile/systemDictionary.cpp, line 230]
Event: 5.130 Thread 0x0000021269669000 Exception <a 'java/lang/ClassNotFoundException'{0x0000000088705160}: ijinit1_em9x8wroq4q11uaz4fy1o8rau$_run_closure1Customizer> (0x0000000088705160) thrown at [src/hotspot/share/classfile/systemDictionary.cpp, line 230]
Event: 5.149 Thread 0x000002126a19a800 Exception <a 'sun/nio/fs/WindowsException'{0x00000000887eee80}> (0x00000000887eee80) thrown at [src/hotspot/share/prims/jni.cpp, line 617]
Event: 5.149 Thread 0x000002126a197800 Exception <a 'sun/nio/fs/WindowsException'{0x0000000088a25c98}> (0x0000000088a25c98) thrown at [src/hotspot/share/prims/jni.cpp, line 617]
Event: 5.159 Thread 0x000002126a19a800 Implicit null exception at 0x00000212584fe582 to 0x00000212584ff490
Event: 5.620 Thread 0x000002126a19a800 Implicit null exception at 0x000002125873fb93 to 0x000002125874037c
Event: 7.790 Thread 0x000002126a19a000 Exception <a 'sun/nio/fs/WindowsException'{0x00000000971d2bd8}> (0x00000000971d2bd8) thrown at [src/hotspot/share/prims/jni.cpp, line 617]
Event: 7.820 Thread 0x000002126a19a000 Implicit null exception at 0x000002125880a803 to 0x000002125880e6fc

Events (20 events):
Event: 6.181 Executing VM operation: G1CollectForAllocation
Event: 6.185 Executing VM operation: G1CollectForAllocation done
Event: 6.280 Executing VM operation: G1CollectForAllocation
Event: 6.287 Executing VM operation: G1CollectForAllocation done
Event: 6.414 Executing VM operation: G1CollectForAllocation
Event: 6.419 Executing VM operation: G1CollectForAllocation done
Event: 6.460 Loaded shared library D:\FongAndroid\jbr\bin\java.dll
Event: 6.537 Executing VM operation: G1CollectForAllocation
Event: 6.543 Executing VM operation: G1CollectForAllocation done
Event: 6.668 Executing VM operation: G1CollectForAllocation
Event: 6.674 Executing VM operation: G1CollectForAllocation done
Event: 6.799 Executing VM operation: G1CollectForAllocation
Event: 6.809 Executing VM operation: G1CollectForAllocation done
Event: 7.036 Executing VM operation: G1CollectForAllocation
Event: 7.043 Executing VM operation: G1CollectForAllocation done
Event: 7.332 Executing VM operation: G1CollectForAllocation
Event: 7.342 Executing VM operation: G1CollectForAllocation done
Event: 7.653 Executing VM operation: G1CollectForAllocation
Event: 7.663 Executing VM operation: G1CollectForAllocation done
Event: 8.074 Executing VM operation: G1CollectForAllocation


Dynamic libraries:
0x00007ff733910000 - 0x00007ff73391a000 	D:\FongAndroid\jbr\bin\java.exe
0x00007ffdb0f30000 - 0x00007ffdb1147000 	C:\WINDOWS\SYSTEM32\ntdll.dll
0x00007ffdb03d0000 - 0x00007ffdb0494000 	C:\WINDOWS\System32\KERNEL32.DLL
0x00007ffdae5f0000 - 0x00007ffdae996000 	C:\WINDOWS\System32\KERNELBASE.dll
0x00007ffdae4d0000 - 0x00007ffdae5e1000 	C:\WINDOWS\System32\ucrtbase.dll
0x00007ffd965c0000 - 0x00007ffd965d7000 	D:\FongAndroid\jbr\bin\jli.dll
0x00007ffd92460000 - 0x00007ffd9247b000 	D:\FongAndroid\jbr\bin\VCRUNTIME140.dll
0x00007ffdb0d30000 - 0x00007ffdb0ede000 	C:\WINDOWS\System32\USER32.dll
0x00007ffd96a10000 - 0x00007ffd96ca3000 	C:\WINDOWS\WinSxS\amd64_microsoft.windows.common-controls_6595b64144ccf1df_6.0.22621.2506_none_270c5ae97388e100\COMCTL32.dll
0x00007ffdafba0000 - 0x00007ffdafc47000 	C:\WINDOWS\System32\msvcrt.dll
0x00007ffdae9a0000 - 0x00007ffdae9c6000 	C:\WINDOWS\System32\win32u.dll
0x00007ffdb0b50000 - 0x00007ffdb0b79000 	C:\WINDOWS\System32\GDI32.dll
0x00007ffdae270000 - 0x00007ffdae388000 	C:\WINDOWS\System32\gdi32full.dll
0x00007ffdae430000 - 0x00007ffdae4ca000 	C:\WINDOWS\System32\msvcp_win.dll
0x00007ffdafe00000 - 0x00007ffdafe31000 	C:\WINDOWS\System32\IMM32.DLL
0x00007ffd759b0000 - 0x00007ffd75a3d000 	D:\FongAndroid\jbr\bin\msvcp140.dll
0x00007ffd872d0000 - 0x00007ffd872dc000 	C:\WINDOWS\SYSTEM32\VCRUNTIME140_1.dll
0x00007ffd6dfc0000 - 0x00007ffd6eb7c000 	D:\FongAndroid\jbr\bin\server\jvm.dll
0x00007ffdaf700000 - 0x00007ffdaf7b3000 	C:\WINDOWS\System32\ADVAPI32.dll
0x00007ffdb04b0000 - 0x00007ffdb0558000 	C:\WINDOWS\System32\sechost.dll
0x00007ffdae390000 - 0x00007ffdae3b8000 	C:\WINDOWS\System32\bcrypt.dll
0x00007ffdaec80000 - 0x00007ffdaed97000 	C:\WINDOWS\System32\RPCRT4.dll
0x00007ffdb0c90000 - 0x00007ffdb0c98000 	C:\WINDOWS\System32\PSAPI.DLL
0x00007ffd9ea70000 - 0x00007ffd9ea79000 	C:\WINDOWS\SYSTEM32\WSOCK32.dll
0x00007ffdafed0000 - 0x00007ffdaff41000 	C:\WINDOWS\System32\WS2_32.dll
0x00007ffda74b0000 - 0x00007ffda74ba000 	C:\WINDOWS\SYSTEM32\VERSION.dll
0x00007ffda7030000 - 0x00007ffda7064000 	C:\WINDOWS\SYSTEM32\WINMM.dll
0x00007ffdad2a0000 - 0x00007ffdad2b8000 	C:\WINDOWS\SYSTEM32\kernel.appcore.dll
0x00007ffd9ea60000 - 0x00007ffd9ea70000 	D:\FongAndroid\jbr\bin\verify.dll
0x00007ffdabcc0000 - 0x00007ffdabef3000 	C:\WINDOWS\SYSTEM32\DBGHELP.DLL
0x00007ffdaf810000 - 0x00007ffdafb99000 	C:\WINDOWS\System32\combase.dll
0x00007ffdaf620000 - 0x00007ffdaf6f7000 	C:\WINDOWS\System32\OLEAUT32.dll
0x00007ffd87df0000 - 0x00007ffd87e22000 	C:\WINDOWS\SYSTEM32\dbgcore.DLL
0x00007ffdaec00000 - 0x00007ffdaec7a000 	C:\WINDOWS\System32\bcryptPrimitives.dll
0x00007ffd92310000 - 0x00007ffd92338000 	D:\FongAndroid\jbr\bin\java.dll
0x00007ffd96620000 - 0x00007ffd9662a000 	D:\FongAndroid\jbr\bin\jimage.dll
0x00007ffd955d0000 - 0x00007ffd955de000 	D:\FongAndroid\jbr\bin\instrument.dll
0x00007ffd922f0000 - 0x00007ffd92308000 	D:\FongAndroid\jbr\bin\zip.dll
0x00007ffdaeda0000 - 0x00007ffdaf5fa000 	C:\WINDOWS\System32\SHELL32.dll
0x00007ffdac1c0000 - 0x00007ffdacab6000 	C:\WINDOWS\SYSTEM32\windows.storage.dll
0x00007ffdac080000 - 0x00007ffdac1be000 	C:\WINDOWS\SYSTEM32\wintypes.dll
0x00007ffdb0b90000 - 0x00007ffdb0c83000 	C:\WINDOWS\System32\SHCORE.dll
0x00007ffdb07a0000 - 0x00007ffdb07fe000 	C:\WINDOWS\System32\shlwapi.dll
0x00007ffdae1a0000 - 0x00007ffdae1c6000 	C:\WINDOWS\SYSTEM32\profapi.dll
0x00007ffd91df0000 - 0x00007ffd91e09000 	D:\FongAndroid\jbr\bin\net.dll
0x00007ffda6e70000 - 0x00007ffda6fa7000 	C:\WINDOWS\SYSTEM32\WINHTTP.dll
0x00007ffdad720000 - 0x00007ffdad789000 	C:\WINDOWS\system32\mswsock.dll
0x00007ffd91dd0000 - 0x00007ffd91de3000 	D:\FongAndroid\jbr\bin\nio.dll
0x00007ffd95510000 - 0x00007ffd95537000 	C:\Users\HI\.gradle\native\c067742578af261105cb4f569cf0c3c89f3d7b1fecec35dd04571415982c5e48\windows-amd64\native-platform.dll
0x00007ffd705f0000 - 0x00007ffd70734000 	C:\Users\HI\.gradle\native\38dada09dfb8b06ba9b0570ebf7e218e3eb74d4ef43ca46872605cf95ebc2f47\windows-amd64\native-platform-file-events.dll
0x00007ffd954f0000 - 0x00007ffd954fa000 	D:\FongAndroid\jbr\bin\management.dll
0x00007ffd951d0000 - 0x00007ffd951db000 	D:\FongAndroid\jbr\bin\management_ext.dll
0x00007ffdad980000 - 0x00007ffdad99b000 	C:\WINDOWS\SYSTEM32\CRYPTSP.dll
0x00007ffdad200000 - 0x00007ffdad235000 	C:\WINDOWS\system32\rsaenh.dll
0x00007ffdad810000 - 0x00007ffdad83c000 	C:\WINDOWS\SYSTEM32\USERENV.dll
0x00007ffdad970000 - 0x00007ffdad97c000 	C:\WINDOWS\SYSTEM32\CRYPTBASE.dll
0x00007ffdacd20000 - 0x00007ffdacd4d000 	C:\WINDOWS\SYSTEM32\IPHLPAPI.DLL
0x00007ffdb04a0000 - 0x00007ffdb04a9000 	C:\WINDOWS\System32\NSI.dll
0x00007ffda65e0000 - 0x00007ffda65f9000 	C:\WINDOWS\SYSTEM32\dhcpcsvc6.DLL
0x00007ffda6500000 - 0x00007ffda651f000 	C:\WINDOWS\SYSTEM32\dhcpcsvc.DLL
0x00007ffdacd90000 - 0x00007ffdace89000 	C:\WINDOWS\SYSTEM32\DNSAPI.dll

dbghelp: loaded successfully - version: 4.0.5 - missing functions: none
symbol engine: initialized successfully - sym options: 0x614 - pdb path: .;D:\FongAndroid\jbr\bin;C:\WINDOWS\SYSTEM32;C:\WINDOWS\WinSxS\amd64_microsoft.windows.common-controls_6595b64144ccf1df_6.0.22621.2506_none_270c5ae97388e100;D:\FongAndroid\jbr\bin\server;C:\Users\HI\.gradle\native\c067742578af261105cb4f569cf0c3c89f3d7b1fecec35dd04571415982c5e48\windows-amd64;C:\Users\HI\.gradle\native\38dada09dfb8b06ba9b0570ebf7e218e3eb74d4ef43ca46872605cf95ebc2f47\windows-amd64

VM Arguments:
jvm_args: --add-opens=java.base/java.util=ALL-UNNAMED --add-opens=java.base/java.lang=ALL-UNNAMED --add-opens=java.base/java.lang.invoke=ALL-UNNAMED --add-opens=java.prefs/java.util.prefs=ALL-UNNAMED --add-opens=java.base/java.nio.charset=ALL-UNNAMED --add-opens=java.base/java.net=ALL-UNNAMED --add-opens=java.base/java.util.concurrent.atomic=ALL-UNNAMED -Xmx2048m -Dfile.encoding=UTF-8 -Duser.country=US -Duser.language=en -Duser.variant -javaagent:C:\Users\HI\.gradle\wrapper\dists\gradle-8.5-bin\5t9huq95ubn472n8rpzujfbqh\gradle-8.5\lib\agents\gradle-instrumentation-agent-8.5.jar 
java_command: org.gradle.launcher.daemon.bootstrap.GradleDaemon 8.5
java_class_path (initial): C:\Users\HI\.gradle\wrapper\dists\gradle-8.5-bin\5t9huq95ubn472n8rpzujfbqh\gradle-8.5\lib\gradle-launcher-8.5.jar
Launcher Type: SUN_STANDARD

[Global flags]
     intx CICompilerCount                          = 3                                         {product} {ergonomic}
     uint ConcGCThreads                            = 2                                         {product} {ergonomic}
     uint G1ConcRefinementThreads                  = 6                                         {product} {ergonomic}
   size_t G1HeapRegionSize                         = 1048576                                   {product} {ergonomic}
    uintx GCDrainStackTargetSize                   = 64                                        {product} {ergonomic}
   size_t InitialHeapSize                          = 123731968                                 {product} {ergonomic}
   size_t MarkStackSize                            = 4194304                                   {product} {ergonomic}
   size_t MaxHeapSize                              = 2147483648                                {product} {command line}
   size_t MaxNewSize                               = 1287651328                                {product} {ergonomic}
   size_t MinHeapDeltaBytes                        = 1048576                                   {product} {ergonomic}
    uintx NonNMethodCodeHeapSize                   = 5830732                                {pd product} {ergonomic}
    uintx NonProfiledCodeHeapSize                  = 122913754                              {pd product} {ergonomic}
    uintx ProfiledCodeHeapSize                     = 122913754                              {pd product} {ergonomic}
    uintx ReservedCodeCacheSize                    = 251658240                              {pd product} {ergonomic}
     bool SegmentedCodeCache                       = true                                      {product} {ergonomic}
     bool UseCompressedClassPointers               = true                                 {lp64_product} {ergonomic}
     bool UseCompressedOops                        = true                                 {lp64_product} {ergonomic}
     bool UseG1GC                                  = true                                      {product} {ergonomic}
     bool UseLargePagesIndividualAllocation        = false                                  {pd product} {ergonomic}

Logging:
Log output configuration:
 #0: stdout all=warning uptime,level,tags
 #1: stderr all=off uptime,level,tags

Environment Variables:
JAVA_HOME=C:\Java\
PATH=C:\Program Files\Common Files\Oracle\Java\javapath;C:\Program Files (x86)\VMware\VMware Workstation\bin\;C:\Java\bin;C:\WINDOWS\system32;C:\WINDOWS;C:\WINDOWS\System32\Wbem;C:\WINDOWS\System32\WindowsPowerShell\v1.0\;C:\WINDOWS\System32\OpenSSH\;C:\MinGW\bin\;C:\TDM-GCC-64\bin;C:\Program Files\Microsoft SQL Server\Client SDK\ODBC\170\Tools\Binn\;C:\Program Files (x86)\Microsoft SQL Server\150\Tools\Binn\;C:\Program Files\Microsoft SQL Server\150\Tools\Binn\;C:\Program Files\Microsoft SQL Server\150\DTS\Binn\;C:\Program Files (x86)\Microsoft SQL Server\160\DTS\Binn\;C:\Program Files (x86)\Microsoft SQL Server\160\Tools\Binn\;C:\Program Files\Microsoft SQL Server\160\Tools\Binn\;C:\Program Files\Microsoft SQL Server\160\DTS\Binn\;D:\;C:\dart-sdk;C:\Program Files\dotnet\;C:\Program Files\Git\cmd;C:\Program Files\MySQL\MySQL Shell 8.0\bin\;D:\Scripts\;D:\;D:\python\Scripts\;D:\python\;C:\Users\HI\AppData\Local\Microsoft\WindowsApps;C:\Users\HI\AppData\Local\Programs\Microsoft VS Code\bin;C:\TDM-GCC-64\bin;D:\php\php;C:\Program Files\JetBrains\PyCharm Community Edition 2021.2.3\bin;;;C:\Program Files\Azure Data Studio\bin;C:\Users\HI\AppData\Roaming\npm;C:\Users\HI\.dotnet\tools;C:\Program Files\JetBrains\IntelliJ IDEA 2023.2.2\bin;;C:\Program Files\JetBrains\IntelliJ IDEA Educational Edition 2022.2.2\bin;;C:\Program Files\JetBrains\IntelliJ IDEA Community Edition 2023.2.2\bin;
USERNAME=HI
OS=Windows_NT
PROCESSOR_IDENTIFIER=AMD64 Family 23 Model 96 Stepping 1, AuthenticAMD



---------------  S Y S T E M  ---------------

OS: Windows 11 , 64 bit Build 22621 (10.0.22621.2506)
OS uptime: 0 days 7:38 hours

CPU:total 6 (initial active 6) (6 cores per cpu, 1 threads per core) family 23 model 96 stepping 1 microcode 0x0, cmov, cx8, fxsr, mmx, sse, sse2, sse3, ssse3, sse4.1, sse4.2, popcnt, avx, avx2, aes, clmul, mmxext, 3dnowpref, lzcnt, sse4a, tsc, tscinvbit, tscinv, bmi1, bmi2, adx, sha, fma

Memory: 4k page, system-wide physical 7542M (669M free)
TotalPageFile size 11638M (AvailPageFile size 37M)
current process WorkingSet (physical memory assigned to process): 615M, peak: 615M
current process commit charge ("private bytes"): 649M, peak: 817M

vm_info: OpenJDK 64-Bit Server VM (11.0.15+0-b2043.56-8887301) for windows-amd64 JRE (11.0.15+0-b2043.56-8887301), built on Jul 29 2022 23:19:47 by "builduser" with unknown MS VC++:1929

END.
