#
# There is insufficient memory for the Java Runtime Environment to continue.
# Native memory allocation (malloc) failed to allocate 32744 bytes for ChunkPool::allocate
# Possible reasons:
#   The system is out of physical RAM or swap space
#   The process is running with CompressedOops enabled, and the Java Heap may be blocking the growth of the native heap
# Possible solutions:
#   Reduce memory load on the system
#   Increase physical memory or swap space
#   Check if swap backing store is full
#   Decrease Java heap size (-Xmx/-Xms)
#   Decrease number of Java threads
#   Decrease Java thread stack sizes (-Xss)
#   Set larger code cache with -XX:ReservedCodeCacheSize=
#   JVM is running with Unscaled Compressed Oops mode in which the Java heap is
#     placed in the first 4GB address space. The Java Heap base address is the
#     maximum limit for the native heap growth. Please use -XX:HeapBaseMinAddress
#     to set the Java Heap base and to place the Java Heap above 4GB virtual address.
# This output file may be truncated or incomplete.
#
#  Out of Memory Error (arena.cpp:79), pid=5112, tid=12284
#
# JRE version: OpenJDK Runtime Environment (17.0.9) (build 17.0.9+0--11185874)
# Java VM: OpenJDK 64-Bit Server VM (17.0.9+0--11185874, mixed mode, tiered, compressed oops, compressed class ptrs, g1 gc, windows-amd64)
# No core dump will be written. Minidumps are not enabled by default on client versions of Windows
#

---------------  S U M M A R Y ------------

Command Line: --add-opens=java.base/java.util=ALL-UNNAMED --add-opens=java.base/java.lang=ALL-UNNAMED --add-opens=java.base/java.lang.invoke=ALL-UNNAMED --add-opens=java.prefs/java.util.prefs=ALL-UNNAMED --add-opens=java.base/java.nio.charset=ALL-UNNAMED --add-opens=java.base/java.net=ALL-UNNAMED --add-opens=java.base/java.util.concurrent.atomic=ALL-UNNAMED -Xmx2048m -Dfile.encoding=UTF-8 -Duser.country=US -Duser.language=en -Duser.variant -javaagent:C:\Users\HI\.gradle\wrapper\dists\gradle-8.4-bin\1w5dpkrfk8irigvoxmyhowfim\gradle-8.4\lib\agents\gradle-instrumentation-agent-8.4.jar org.gradle.launcher.daemon.bootstrap.GradleDaemon 8.4

Host: AMD Ryzen 5 4500U with Radeon Graphics         , 6 cores, 7G,  Windows 11 , 64 bit Build 22621 (10.0.22621.3235)
Time: Thu Mar 14 21:24:24 2024 SE Asia Standard Time elapsed time: 13.741353 seconds (0d 0h 0m 13s)

---------------  T H R E A D  ---------------

Current thread (0x000001a37f0273b0):  JavaThread "C2 CompilerThread0" daemon [_thread_in_native, id=12284, stack(0x0000002e1af00000,0x0000002e1b000000)]


Current CompileTask:
C2:  13741 12631       4       com.android.tools.r8.dex.code.O::a (3284 bytes)

Stack: [0x0000002e1af00000,0x0000002e1b000000]
Native frames: (J=compiled Java code, j=interpreted, Vv=VM code, C=native code)
V  [jvm.dll+0x6886e9]
V  [jvm.dll+0x841e4a]
V  [jvm.dll+0x843a8e]
V  [jvm.dll+0x8440f3]
V  [jvm.dll+0x24c14f]
V  [jvm.dll+0xac66c]
V  [jvm.dll+0xaca9c]
V  [jvm.dll+0xac55b]
V  [jvm.dll+0x665a6c]
V  [jvm.dll+0x337369]
V  [jvm.dll+0x338969]
V  [jvm.dll+0x33630a]
V  [jvm.dll+0x3359ba]
V  [jvm.dll+0x21ddb1]
V  [jvm.dll+0x21d1d1]
V  [jvm.dll+0x1a674d]
V  [jvm.dll+0x22d088]
V  [jvm.dll+0x22b1c0]
V  [jvm.dll+0x7f62f7]
V  [jvm.dll+0x7f06aa]
V  [jvm.dll+0x687565]
C  [ucrtbase.dll+0x29363]
C  [KERNEL32.DLL+0x1257d]
C  [ntdll.dll+0x5aa58]


---------------  P R O C E S S  ---------------

Threads class SMR info:
_java_thread_list=0x000001a306520fb0, length=128, elements={
0x000001a3612ce7b0, 0x000001a37ad1a010, 0x000001a37ad1b630, 0x000001a37ad08680,
0x000001a37ad04e60, 0x000001a37ad05a20, 0x000001a37f0267b0, 0x000001a37f0273b0,
0x000001a37f029470, 0x000001a37f02fa30, 0x000001a37ac7f8f0, 0x000001a37f2b16a0,
0x000001a301810af0, 0x000001a3011d8670, 0x000001a3021444a0, 0x000001a300d166f0,
0x000001a300d95860, 0x000001a300d60570, 0x000001a300d60a80, 0x000001a300d614a0,
0x000001a300d60f90, 0x000001a300d60060, 0x000001a3023d7630, 0x000001a3023d2a40,
0x000001a3023d61f0, 0x000001a3023d8560, 0x000001a3023d57d0, 0x000001a3023d7b40,
0x000001a3023d2f50, 0x000001a3023d10f0, 0x000001a3023d2530, 0x000001a3023d8050,
0x000001a3023d1600, 0x000001a3023d1b10, 0x000001a3023d5ce0, 0x000001a3023d52c0,
0x000001a3023d48a0, 0x000001a3023d3460, 0x000001a3023d6700, 0x000001a3023d4db0,
0x000001a3023d2020, 0x000001a3023d6c10, 0x000001a3023d8a70, 0x000001a3023d3970,
0x000001a3023d3e80, 0x000001a3023d4390, 0x000001a302f5a5c0, 0x000001a302f5bf10,
0x000001a302f5d350, 0x000001a301bdd560, 0x000001a302f5d860, 0x000001a302f56e10,
0x000001a302f563f0, 0x000001a302f57320, 0x000001a302f58c70, 0x000001a302f57830,
0x000001a302f59180, 0x000001a302f57d40, 0x000001a302f58250, 0x000001a302f56900,
0x000001a302f59690, 0x000001a302f5aad0, 0x000001a3047f5750, 0x000001a3047f5240,
0x000001a3047ef720, 0x000001a3047f5c60, 0x000001a3047eed00, 0x000001a3047f6680,
0x000001a3047f6170, 0x000001a3047f1a90, 0x000001a3047ef210, 0x000001a3047efc30,
0x000001a3047f0140, 0x000001a3047f0650, 0x000001a3047f1070, 0x000001a3047f1580,
0x000001a3047f29c0, 0x000001a3047f1fa0, 0x000001a3047f24b0, 0x000001a3047f2ed0,
0x000001a3047f33e0, 0x000001a3047f4820, 0x000001a3047f38f0, 0x000001a3047f3e00,
0x000001a3047f4d30, 0x000001a300d619b0, 0x000001a37f101c30, 0x000001a37f107750,
0x000001a37f1053e0, 0x000001a37f1058f0, 0x000001a37f106310, 0x000001a37f106820,
0x000001a37f106d30, 0x000001a37f107c60, 0x000001a37f108170, 0x000001a37f108680,
0x000001a37f101210, 0x000001a37f108b90, 0x000001a37f101720, 0x000001a37f1049c0,
0x000001a37f102140, 0x000001a37f107240, 0x000001a37f102650, 0x000001a37f103070,
0x000001a37f103a90, 0x000001a37f102b60, 0x000001a37f103580, 0x000001a37f103fa0,
0x000001a37f1044b0, 0x000001a37f104ed0, 0x000001a3039c7cf0, 0x000001a3039c63a0,
0x000001a3039c6dc0, 0x000001a3039c68b0, 0x000001a3039c72d0, 0x000001a3039c26e0,
0x000001a3039c8200, 0x000001a3039c4f60, 0x000001a3039c3610, 0x000001a3039c3b20,
0x000001a3039c8710, 0x000001a3039c8c20, 0x000001a3039c9130, 0x000001a3039c5470,
0x000001a3039c9640, 0x000001a3039c4030, 0x000001a3039c21d0, 0x000001a3039c9b50
}

Java Threads: ( => current thread )
  0x000001a3612ce7b0 JavaThread "main" [_thread_blocked, id=10592, stack(0x0000002e1a200000,0x0000002e1a300000)]
  0x000001a37ad1a010 JavaThread "Reference Handler" daemon [_thread_blocked, id=2096, stack(0x0000002e1a900000,0x0000002e1aa00000)]
  0x000001a37ad1b630 JavaThread "Finalizer" daemon [_thread_blocked, id=5496, stack(0x0000002e1aa00000,0x0000002e1ab00000)]
  0x000001a37ad08680 JavaThread "Signal Dispatcher" daemon [_thread_blocked, id=7208, stack(0x0000002e1ab00000,0x0000002e1ac00000)]
  0x000001a37ad04e60 JavaThread "Attach Listener" daemon [_thread_blocked, id=3540, stack(0x0000002e1ac00000,0x0000002e1ad00000)]
  0x000001a37ad05a20 JavaThread "Service Thread" daemon [_thread_blocked, id=16196, stack(0x0000002e1ad00000,0x0000002e1ae00000)]
  0x000001a37f0267b0 JavaThread "Monitor Deflation Thread" daemon [_thread_blocked, id=6436, stack(0x0000002e1ae00000,0x0000002e1af00000)]
=>0x000001a37f0273b0 JavaThread "C2 CompilerThread0" daemon [_thread_in_native, id=12284, stack(0x0000002e1af00000,0x0000002e1b000000)]
  0x000001a37f029470 JavaThread "C1 CompilerThread0" daemon [_thread_blocked, id=14760, stack(0x0000002e1b000000,0x0000002e1b100000)]
  0x000001a37f02fa30 JavaThread "Sweeper thread" daemon [_thread_blocked, id=1852, stack(0x0000002e1b100000,0x0000002e1b200000)]
  0x000001a37ac7f8f0 JavaThread "Common-Cleaner" daemon [_thread_blocked, id=9228, stack(0x0000002e1b200000,0x0000002e1b300000)]
  0x000001a37f2b16a0 JavaThread "Notification Thread" daemon [_thread_blocked, id=10948, stack(0x0000002e1b300000,0x0000002e1b400000)]
  0x000001a301810af0 JavaThread "Daemon health stats" [_thread_blocked, id=3004, stack(0x0000002e1ba00000,0x0000002e1bb00000)]
  0x000001a3011d8670 JavaThread "Incoming local TCP Connector on port 60052" [_thread_in_native, id=15768, stack(0x0000002e1bb00000,0x0000002e1bc00000)]
  0x000001a3021444a0 JavaThread "Daemon periodic checks" [_thread_blocked, id=9504, stack(0x0000002e1bc00000,0x0000002e1bd00000)]
  0x000001a300d166f0 JavaThread "Daemon" [_thread_blocked, id=2236, stack(0x0000002e1bd00000,0x0000002e1be00000)]
  0x000001a300d95860 JavaThread "Handler for socket connection from /127.0.0.1:60052 to /127.0.0.1:60053" [_thread_in_native, id=3536, stack(0x0000002e1be00000,0x0000002e1bf00000)]
  0x000001a300d60570 JavaThread "Cancel handler" [_thread_blocked, id=6072, stack(0x0000002e1bf00000,0x0000002e1c000000)]
  0x000001a300d60a80 JavaThread "Daemon worker" [_thread_blocked, id=4928, stack(0x0000002e1c000000,0x0000002e1c100000)]
  0x000001a300d614a0 JavaThread "Asynchronous log dispatcher for DefaultDaemonConnection: socket connection from /127.0.0.1:60052 to /127.0.0.1:60053" [_thread_blocked, id=5788, stack(0x0000002e1c100000,0x0000002e1c200000)]
  0x000001a300d60f90 JavaThread "Stdin handler" [_thread_blocked, id=10028, stack(0x0000002e1c200000,0x0000002e1c300000)]
  0x000001a300d60060 JavaThread "Daemon client event forwarder" [_thread_blocked, id=3372, stack(0x0000002e1c300000,0x0000002e1c400000)]
  0x000001a3023d7630 JavaThread "Cache worker for journal cache (C:\Users\HI\.gradle\caches\journal-1)" [_thread_blocked, id=2940, stack(0x0000002e1c600000,0x0000002e1c700000)]
  0x000001a3023d2a40 JavaThread "File lock request listener" [_thread_in_native, id=1956, stack(0x0000002e1c700000,0x0000002e1c800000)]
  0x000001a3023d61f0 JavaThread "Cache worker for file hash cache (C:\Users\HI\.gradle\caches\8.4\fileHashes)" [_thread_blocked, id=15112, stack(0x0000002e1c800000,0x0000002e1c900000)]
  0x000001a3023d8560 JavaThread "File watcher server" daemon [_thread_in_native, id=7212, stack(0x0000002e1c900000,0x0000002e1ca00000)]
  0x000001a3023d57d0 JavaThread "File watcher consumer" daemon [_thread_blocked, id=6900, stack(0x0000002e1ca00000,0x0000002e1cb00000)]
  0x000001a3023d7b40 JavaThread "Cache worker for checksums cache (C:\Users\HI\AndroidStudioProjects\MyApplication6\.gradle\8.4\checksums)" [_thread_blocked, id=5896, stack(0x0000002e1cb00000,0x0000002e1cc00000)]
  0x000001a3023d2f50 JavaThread "Cache worker for file hash cache (C:\Users\HI\AndroidStudioProjects\MyApplication6\.gradle\8.4\fileHashes)" [_thread_blocked, id=10844, stack(0x0000002e1cc00000,0x0000002e1cd00000)]
  0x000001a3023d10f0 JavaThread "Cache worker for cache directory md-supplier (C:\Users\HI\.gradle\caches\8.4\md-supplier)" [_thread_blocked, id=15976, stack(0x0000002e1cd00000,0x0000002e1ce00000)]
  0x000001a3023d2530 JavaThread "Cache worker for file content cache (C:\Users\HI\.gradle\caches\8.4\fileContent)" [_thread_blocked, id=13228, stack(0x0000002e1ce00000,0x0000002e1cf00000)]
  0x000001a3023d8050 JavaThread "Cache worker for cache directory md-rule (C:\Users\HI\.gradle\caches\8.4\md-rule)" [_thread_blocked, id=11232, stack(0x0000002e1cf00000,0x0000002e1d000000)]
  0x000001a3023d1600 JavaThread "Cache worker for execution history cache (C:\Users\HI\.gradle\caches\8.4\executionHistory)" [_thread_blocked, id=14816, stack(0x0000002e1d000000,0x0000002e1d100000)]
  0x000001a3023d1b10 JavaThread "Cache worker for kotlin-dsl (C:\Users\HI\.gradle\caches\8.4\kotlin-dsl)" [_thread_blocked, id=14052, stack(0x0000002e1d200000,0x0000002e1d300000)]
  0x000001a3023d5ce0 JavaThread "jar transforms" [_thread_blocked, id=8124, stack(0x0000002e1d300000,0x0000002e1d400000)]
  0x000001a3023d52c0 JavaThread "jar transforms Thread 2" [_thread_blocked, id=2584, stack(0x0000002e1d400000,0x0000002e1d500000)]
  0x000001a3023d48a0 JavaThread "jar transforms Thread 3" [_thread_blocked, id=1572, stack(0x0000002e1d500000,0x0000002e1d600000)]
  0x000001a3023d3460 JavaThread "jar transforms Thread 4" [_thread_blocked, id=13532, stack(0x0000002e1d600000,0x0000002e1d700000)]
  0x000001a3023d6700 JavaThread "Cache worker for dependencies-accessors (C:\Users\HI\AndroidStudioProjects\MyApplication6\.gradle\8.4\dependencies-accessors)" [_thread_blocked, id=7756, stack(0x0000002e1d700000,0x0000002e1d800000)]
  0x000001a3023d4db0 JavaThread "Cache worker for Build Output Cleanup Cache (C:\Users\HI\AndroidStudioProjects\MyApplication6\.gradle\buildOutputCleanup)" [_thread_blocked, id=5748, stack(0x0000002e1d800000,0x0000002e1d900000)]
  0x000001a3023d2020 JavaThread "jar transforms Thread 5" [_thread_blocked, id=3144, stack(0x0000002e1d900000,0x0000002e1da00000)]
  0x000001a3023d6c10 JavaThread "jar transforms Thread 6" [_thread_blocked, id=11656, stack(0x0000002e1da00000,0x0000002e1db00000)]
  0x000001a3023d8a70 JavaThread "Unconstrained build operations" [_thread_blocked, id=9696, stack(0x0000002e1db00000,0x0000002e1dc00000)]
  0x000001a3023d3970 JavaThread "Unconstrained build operations Thread 2" [_thread_blocked, id=6456, stack(0x0000002e1dc00000,0x0000002e1dd00000)]
  0x000001a3023d3e80 JavaThread "Unconstrained build operations Thread 3" [_thread_blocked, id=4304, stack(0x0000002e1dd00000,0x0000002e1de00000)]
  0x000001a3023d4390 JavaThread "Unconstrained build operations Thread 4" [_thread_blocked, id=6224, stack(0x0000002e1de00000,0x0000002e1df00000)]
  0x000001a302f5a5c0 JavaThread "Unconstrained build operations Thread 5" [_thread_blocked, id=12700, stack(0x0000002e1df00000,0x0000002e1e000000)]
  0x000001a302f5bf10 JavaThread "build event listener" [_thread_blocked, id=1272, stack(0x0000002e1e000000,0x0000002e1e100000)]
  0x000001a302f5d350 JavaThread "Memory manager" [_thread_blocked, id=10044, stack(0x0000002e1e100000,0x0000002e1e200000)]
  0x000001a301bdd560 JavaThread "C2 CompilerThread1" daemon [_thread_in_native, id=15656, stack(0x0000002e1b500000,0x0000002e1b600000)]
  0x000001a302f5d860 JavaThread "pool-3-thread-1" [_thread_blocked, id=5536, stack(0x0000002e1e200000,0x0000002e1e300000)]
  0x000001a302f56e10 JavaThread "build event listener" [_thread_blocked, id=5936, stack(0x0000002e1e300000,0x0000002e1e400000)]
  0x000001a302f563f0 JavaThread "included builds" [_thread_in_native, id=9880, stack(0x0000002e1e400000,0x0000002e1e500000)]
  0x000001a302f57320 JavaThread "Execution worker" [_thread_blocked, id=3380, stack(0x0000002e1e500000,0x0000002e1e600000)]
  0x000001a302f58c70 JavaThread "Execution worker Thread 2" [_thread_blocked, id=5648, stack(0x0000002e1e600000,0x0000002e1e700000)]
  0x000001a302f57830 JavaThread "Execution worker Thread 3" [_thread_blocked, id=15248, stack(0x0000002e1e700000,0x0000002e1e800000)]
  0x000001a302f59180 JavaThread "Execution worker Thread 4" [_thread_blocked, id=11436, stack(0x0000002e1e800000,0x0000002e1e900000)]
  0x000001a302f57d40 JavaThread "Execution worker Thread 5" [_thread_blocked, id=2068, stack(0x0000002e1e900000,0x0000002e1ea00000)]
  0x000001a302f58250 JavaThread "Cache worker for execution history cache (C:\Users\HI\AndroidStudioProjects\MyApplication6\.gradle\8.4\executionHistory)" [_thread_blocked, id=9392, stack(0x0000002e1ea00000,0x0000002e1eb00000)]
  0x000001a302f56900 JavaThread "Unconstrained build operations Thread 6" [_thread_blocked, id=4408, stack(0x0000002e1eb00000,0x0000002e1ec00000)]
  0x000001a302f59690 JavaThread "Unconstrained build operations Thread 7" [_thread_blocked, id=13728, stack(0x0000002e1ec00000,0x0000002e1ed00000)]
  0x000001a302f5aad0 JavaThread "Unconstrained build operations Thread 8" [_thread_blocked, id=2848, stack(0x0000002e1ed00000,0x0000002e1ee00000)]
  0x000001a3047f5750 JavaThread "Unconstrained build operations Thread 9" [_thread_blocked, id=7220, stack(0x0000002e1ee00000,0x0000002e1ef00000)]
  0x000001a3047f5240 JavaThread "Unconstrained build operations Thread 10" [_thread_blocked, id=1384, stack(0x0000002e1ef00000,0x0000002e1f000000)]
  0x000001a3047ef720 JavaThread "Unconstrained build operations Thread 11" [_thread_blocked, id=1944, stack(0x0000002e1f000000,0x0000002e1f100000)]
  0x000001a3047f5c60 JavaThread "Unconstrained build operations Thread 12" [_thread_blocked, id=7748, stack(0x0000002e1f100000,0x0000002e1f200000)]
  0x000001a3047eed00 JavaThread "Unconstrained build operations Thread 13" [_thread_blocked, id=10712, stack(0x0000002e1f200000,0x0000002e1f300000)]
  0x000001a3047f6680 JavaThread "Unconstrained build operations Thread 14" [_thread_blocked, id=4232, stack(0x0000002e1f300000,0x0000002e1f400000)]
  0x000001a3047f6170 JavaThread "Unconstrained build operations Thread 15" [_thread_blocked, id=3776, stack(0x0000002e1f400000,0x0000002e1f500000)]
  0x000001a3047f1a90 JavaThread "Unconstrained build operations Thread 16" [_thread_blocked, id=3820, stack(0x0000002e1f500000,0x0000002e1f600000)]
  0x000001a3047ef210 JavaThread "Unconstrained build operations Thread 17" [_thread_blocked, id=892, stack(0x0000002e1f600000,0x0000002e1f700000)]
  0x000001a3047efc30 JavaThread "Unconstrained build operations Thread 18" [_thread_blocked, id=9408, stack(0x0000002e1f700000,0x0000002e1f800000)]
  0x000001a3047f0140 JavaThread "Unconstrained build operations Thread 19" [_thread_blocked, id=7544, stack(0x0000002e1f800000,0x0000002e1f900000)]
  0x000001a3047f0650 JavaThread "Unconstrained build operations Thread 20" [_thread_blocked, id=10060, stack(0x0000002e1f900000,0x0000002e1fa00000)]
  0x000001a3047f1070 JavaThread "Unconstrained build operations Thread 21" [_thread_blocked, id=2232, stack(0x0000002e1fa00000,0x0000002e1fb00000)]
  0x000001a3047f1580 JavaThread "Unconstrained build operations Thread 22" [_thread_blocked, id=16084, stack(0x0000002e1fb00000,0x0000002e1fc00000)]
  0x000001a3047f29c0 JavaThread "Unconstrained build operations Thread 23" [_thread_blocked, id=4540, stack(0x0000002e1fc00000,0x0000002e1fd00000)]
  0x000001a3047f1fa0 JavaThread "Unconstrained build operations Thread 24" [_thread_blocked, id=7668, stack(0x0000002e1fd00000,0x0000002e1fe00000)]
  0x000001a3047f24b0 JavaThread "Unconstrained build operations Thread 25" [_thread_blocked, id=11312, stack(0x0000002e1fe00000,0x0000002e1ff00000)]
  0x000001a3047f2ed0 JavaThread "Unconstrained build operations Thread 26" [_thread_blocked, id=7460, stack(0x0000002e1ff00000,0x0000002e20000000)]
  0x000001a3047f33e0 JavaThread "Unconstrained build operations Thread 27" [_thread_blocked, id=9092, stack(0x0000002e20000000,0x0000002e20100000)]
  0x000001a3047f4820 JavaThread "Unconstrained build operations Thread 28" [_thread_blocked, id=15184, stack(0x0000002e20100000,0x0000002e20200000)]
  0x000001a3047f38f0 JavaThread "Unconstrained build operations Thread 29" [_thread_blocked, id=9672, stack(0x0000002e20200000,0x0000002e20300000)]
  0x000001a3047f3e00 JavaThread "Unconstrained build operations Thread 30" [_thread_blocked, id=10576, stack(0x0000002e20300000,0x0000002e20400000)]
  0x000001a3047f4d30 JavaThread "Unconstrained build operations Thread 31" [_thread_blocked, id=6292, stack(0x0000002e20400000,0x0000002e20500000)]
  0x000001a300d619b0 JavaThread "Unconstrained build operations Thread 32" [_thread_blocked, id=9020, stack(0x0000002e20500000,0x0000002e20600000)]
  0x000001a37f101c30 JavaThread "Unconstrained build operations Thread 33" [_thread_blocked, id=3612, stack(0x0000002e20600000,0x0000002e20700000)]
  0x000001a37f107750 JavaThread "Unconstrained build operations Thread 34" [_thread_blocked, id=9268, stack(0x0000002e20700000,0x0000002e20800000)]
  0x000001a37f1053e0 JavaThread "Unconstrained build operations Thread 35" [_thread_blocked, id=2240, stack(0x0000002e20800000,0x0000002e20900000)]
  0x000001a37f1058f0 JavaThread "Unconstrained build operations Thread 36" [_thread_blocked, id=12972, stack(0x0000002e20900000,0x0000002e20a00000)]
  0x000001a37f106310 JavaThread "Unconstrained build operations Thread 37" [_thread_blocked, id=16148, stack(0x0000002e20a00000,0x0000002e20b00000)]
  0x000001a37f106820 JavaThread "WorkerExecutor Queue" [_thread_blocked, id=5840, stack(0x0000002e20b00000,0x0000002e20c00000)]
  0x000001a37f106d30 JavaThread "Unconstrained build operations Thread 38" [_thread_blocked, id=4196, stack(0x0000002e20c00000,0x0000002e20d00000)]
  0x000001a37f107c60 JavaThread "Unconstrained build operations Thread 39" [_thread_blocked, id=3800, stack(0x0000002e20d00000,0x0000002e20e00000)]
  0x000001a37f108170 JavaThread "Unconstrained build operations Thread 40" [_thread_blocked, id=7392, stack(0x0000002e20e00000,0x0000002e20f00000)]
  0x000001a37f108680 JavaThread "Unconstrained build operations Thread 41" [_thread_blocked, id=11116, stack(0x0000002e20f00000,0x0000002e21000000)]
  0x000001a37f101210 JavaThread "Unconstrained build operations Thread 42" [_thread_blocked, id=15864, stack(0x0000002e21000000,0x0000002e21100000)]
  0x000001a37f108b90 JavaThread "Unconstrained build operations Thread 43" [_thread_blocked, id=7088, stack(0x0000002e21100000,0x0000002e21200000)]
  0x000001a37f101720 JavaThread "Unconstrained build operations Thread 44" [_thread_blocked, id=5276, stack(0x0000002e21200000,0x0000002e21300000)]
  0x000001a37f1049c0 JavaThread "Unconstrained build operations Thread 45" [_thread_blocked, id=3136, stack(0x0000002e21300000,0x0000002e21400000)]
  0x000001a37f102140 JavaThread "Unconstrained build operations Thread 46" [_thread_blocked, id=6260, stack(0x0000002e21400000,0x0000002e21500000)]
  0x000001a37f107240 JavaThread "Unconstrained build operations Thread 47" [_thread_blocked, id=14380, stack(0x0000002e21500000,0x0000002e21600000)]
  0x000001a37f102650 JavaThread "WorkerExecutor Queue Thread 2" [_thread_blocked, id=14460, stack(0x0000002e21600000,0x0000002e21700000)]
  0x000001a37f103070 JavaThread "pool-4-thread-1" [_thread_blocked, id=3128, stack(0x0000002e21700000,0x0000002e21800000)]
  0x000001a37f103a90 JavaThread "Unconstrained build operations Thread 48" [_thread_blocked, id=16212, stack(0x0000002e21800000,0x0000002e21900000)]
  0x000001a37f102b60 JavaThread "Unconstrained build operations Thread 49" [_thread_blocked, id=10380, stack(0x0000002e21900000,0x0000002e21a00000)]
  0x000001a37f103580 JavaThread "Unconstrained build operations Thread 50" [_thread_blocked, id=4188, stack(0x0000002e21a00000,0x0000002e21b00000)]
  0x000001a37f103fa0 JavaThread "Unconstrained build operations Thread 51" [_thread_blocked, id=15688, stack(0x0000002e21b00000,0x0000002e21c00000)]
  0x000001a37f1044b0 JavaThread "Unconstrained build operations Thread 52" [_thread_blocked, id=6636, stack(0x0000002e21c00000,0x0000002e21d00000)]
  0x000001a37f104ed0 JavaThread "stderr" [_thread_in_native, id=6304, stack(0x0000002e21d00000,0x0000002e21e00000)]
  0x000001a3039c7cf0 JavaThread "stdout" [_thread_in_native, id=8488, stack(0x0000002e21e00000,0x0000002e21f00000)]
  0x000001a3039c63a0 JavaThread "Unconstrained build operations Thread 53" [_thread_blocked, id=10084, stack(0x0000002e21f00000,0x0000002e22000000)]
  0x000001a3039c6dc0 JavaThread "Unconstrained build operations Thread 54" [_thread_blocked, id=9040, stack(0x0000002e22000000,0x0000002e22100000)]
  0x000001a3039c68b0 JavaThread "Unconstrained build operations Thread 55" [_thread_blocked, id=4732, stack(0x0000002e22100000,0x0000002e22200000)]
  0x000001a3039c72d0 JavaThread "Unconstrained build operations Thread 56" [_thread_blocked, id=960, stack(0x0000002e22200000,0x0000002e22300000)]
  0x000001a3039c26e0 JavaThread "Unconstrained build operations Thread 57" [_thread_blocked, id=8280, stack(0x0000002e22300000,0x0000002e22400000)]
  0x000001a3039c8200 JavaThread "WorkerExecutor Queue Thread 3" [_thread_blocked, id=13420, stack(0x0000002e22400000,0x0000002e22500000)]
  0x000001a3039c4f60 JavaThread "Unconstrained build operations Thread 58" [_thread_blocked, id=1788, stack(0x0000002e22500000,0x0000002e22600000)]
  0x000001a3039c3610 JavaThread "Unconstrained build operations Thread 59" [_thread_blocked, id=4028, stack(0x0000002e22600000,0x0000002e22700000)]
  0x000001a3039c3b20 JavaThread "Unconstrained build operations Thread 60" [_thread_blocked, id=13832, stack(0x0000002e22700000,0x0000002e22800000)]
  0x000001a3039c8710 JavaThread "WorkerExecutor Queue Thread 4" [_thread_blocked, id=4888, stack(0x0000002e22800000,0x0000002e22900000)]
  0x000001a3039c8c20 JavaThread "WorkerExecutor Queue Thread 5" [_thread_blocked, id=1400, stack(0x0000002e22900000,0x0000002e22a00000)]
  0x000001a3039c9130 JavaThread "ForkJoinPool-1-worker-1" daemon [_thread_in_Java, id=15400, stack(0x0000002e22a00000,0x0000002e22b00000)]
  0x000001a3039c5470 JavaThread "ForkJoinPool-1-worker-2" daemon [_thread_in_Java, id=11028, stack(0x0000002e22b00000,0x0000002e22c00000)]
  0x000001a3039c9640 JavaThread "ForkJoinPool-1-worker-3" daemon [_thread_blocked, id=11540, stack(0x0000002e22c00000,0x0000002e22d00000)]
  0x000001a3039c4030 JavaThread "ForkJoinPool-1-worker-4" daemon [_thread_in_Java, id=14868, stack(0x0000002e22d00000,0x0000002e22e00000)]
  0x000001a3039c21d0 JavaThread "ForkJoinPool-1-worker-5" daemon [_thread_in_Java, id=6032, stack(0x0000002e22e00000,0x0000002e22f00000)]
  0x000001a3039c9b50 JavaThread "ForkJoinPool-1-worker-6" daemon [_thread_in_Java, id=7440, stack(0x0000002e22f00000,0x0000002e23000000)]

Other Threads:
  0x000001a37ace0430 VMThread "VM Thread" [stack: 0x0000002e1a800000,0x0000002e1a900000] [id=3624]
  0x000001a37f24c980 WatcherThread [stack: 0x0000002e1b400000,0x0000002e1b500000] [id=5016]
  0x000001a36132a170 GCTaskThread "GC Thread#0" [stack: 0x0000002e1a300000,0x0000002e1a400000] [id=1404]
  0x000001a30017a5d0 GCTaskThread "GC Thread#1" [stack: 0x0000002e1b600000,0x0000002e1b700000] [id=13104]
  0x000001a3000f1c10 GCTaskThread "GC Thread#2" [stack: 0x0000002e1b700000,0x0000002e1b800000] [id=15412]
  0x000001a300029710 GCTaskThread "GC Thread#3" [stack: 0x0000002e1b800000,0x0000002e1b900000] [id=14764]
  0x000001a30035d440 GCTaskThread "GC Thread#4" [stack: 0x0000002e1b900000,0x0000002e1ba00000] [id=2748]
  0x000001a300be5210 GCTaskThread "GC Thread#5" [stack: 0x0000002e1c400000,0x0000002e1c500000] [id=8828]
  0x000001a36133b0c0 ConcurrentGCThread "G1 Main Marker" [stack: 0x0000002e1a400000,0x0000002e1a500000] [id=8284]
  0x000001a36133bae0 ConcurrentGCThread "G1 Conc#0" [stack: 0x0000002e1a500000,0x0000002e1a600000] [id=14580]
  0x000001a301086170 ConcurrentGCThread "G1 Conc#1" [stack: 0x0000002e1c500000,0x0000002e1c600000] [id=16000]
  0x000001a37ab524c0 ConcurrentGCThread "G1 Refine#0" [stack: 0x0000002e1a600000,0x0000002e1a700000] [id=9948]
  0x000001a3039cdc10 ConcurrentGCThread "G1 Refine#1" [stack: 0x0000002e1d100000,0x0000002e1d200000] [id=4136]
  0x000001a37ab52ef0 ConcurrentGCThread "G1 Service" [stack: 0x0000002e1a700000,0x0000002e1a800000] [id=2516]

Threads with active compile tasks:
C2 CompilerThread0    13764 12631       4       com.android.tools.r8.dex.code.O::a (3284 bytes)
C1 CompilerThread0    13764 12995       2       com.android.tools.r8.dex.C::a (73 bytes)
C2 CompilerThread1    13764 12785 %     4       com.android.tools.r8.dex.C::a @ 292 (981 bytes)

VM state: not at safepoint (normal execution)

VM Mutex/Monitor currently owned by a thread:  ([mutex/lock_event])
[0x000001a3612c9580] Compile_lock - owner thread: 0x000001a3039c9640

Heap address: 0x0000000080000000, size: 2048 MB, Compressed Oops mode: 32-bit

CDS archive(s) not mapped
Compressed class space mapped at: 0x0000000100000000-0x0000000140000000, reserved size: 1073741824
Narrow klass base: 0x0000000000000000, Narrow klass shift: 3, Narrow klass range: 0x140000000

GC Precious Log:
 CPUs: 6 total, 6 available
 Memory: 7542M
 Large Page Support: Disabled
 NUMA Support: Disabled
 Compressed Oops: Enabled (32-bit)
 Heap Region Size: 1M
 Heap Min Capacity: 8M
 Heap Initial Capacity: 118M
 Heap Max Capacity: 2G
 Pre-touch: Disabled
 Parallel Workers: 6
 Concurrent Workers: 2
 Concurrent Refinement Workers: 6
 Periodic GC: Disabled

Heap:
 garbage-first heap   total 256000K, used 199932K [0x0000000080000000, 0x0000000100000000)
  region size 1024K, 86 young (88064K), 9 survivors (9216K)
 Metaspace       used 107454K, committed 108288K, reserved 1179648K
  class space    used 14962K, committed 15360K, reserved 1048576K

Heap Regions: E=young(eden), S=young(survivor), O=old, HS=humongous(starts), HC=humongous(continues), CS=collection set, F=free, OA=open archive, CA=closed archive, TAMS=top-at-mark-start (previous, next)
|   0|0x0000000080000000, 0x0000000080100000, 0x0000000080100000|100%|HS|  |TAMS 0x0000000080100000, 0x0000000080000000| Complete 
|   1|0x0000000080100000, 0x0000000080200000, 0x0000000080200000|100%|HC|  |TAMS 0x0000000080200000, 0x0000000080100000| Complete 
|   2|0x0000000080200000, 0x0000000080300000, 0x0000000080300000|100%|HC|  |TAMS 0x0000000080300000, 0x0000000080200000| Complete 
|   3|0x0000000080300000, 0x0000000080400000, 0x0000000080400000|100%|HC|  |TAMS 0x0000000080400000, 0x0000000080300000| Complete 
|   4|0x0000000080400000, 0x0000000080500000, 0x0000000080500000|100%| O|  |TAMS 0x0000000080500000, 0x0000000080400000| Untracked 
|   5|0x0000000080500000, 0x0000000080600000, 0x0000000080600000|100%| O|  |TAMS 0x0000000080500000, 0x0000000080500000| Untracked 
|   6|0x0000000080600000, 0x0000000080700000, 0x0000000080700000|100%| O|  |TAMS 0x0000000080700000, 0x0000000080600000| Untracked 
|   7|0x0000000080700000, 0x0000000080800000, 0x0000000080800000|100%| O|  |TAMS 0x0000000080800000, 0x0000000080700000| Untracked 
|   8|0x0000000080800000, 0x0000000080900000, 0x0000000080900000|100%| O|  |TAMS 0x0000000080900000, 0x0000000080800000| Untracked 
|   9|0x0000000080900000, 0x0000000080a00000, 0x0000000080a00000|100%| O|  |TAMS 0x0000000080a00000, 0x0000000080900000| Untracked 
|  10|0x0000000080a00000, 0x0000000080b00000, 0x0000000080b00000|100%| O|  |TAMS 0x0000000080b00000, 0x0000000080a00000| Untracked 
|  11|0x0000000080b00000, 0x0000000080c00000, 0x0000000080c00000|100%| O|  |TAMS 0x0000000080c00000, 0x0000000080b00000| Untracked 
|  12|0x0000000080c00000, 0x0000000080d00000, 0x0000000080d00000|100%| O|  |TAMS 0x0000000080d00000, 0x0000000080c00000| Untracked 
|  13|0x0000000080d00000, 0x0000000080e00000, 0x0000000080e00000|100%| O|  |TAMS 0x0000000080e00000, 0x0000000080d00000| Untracked 
|  14|0x0000000080e00000, 0x0000000080f00000, 0x0000000080f00000|100%| O|  |TAMS 0x0000000080f00000, 0x0000000080e00000| Untracked 
|  15|0x0000000080f00000, 0x0000000081000000, 0x0000000081000000|100%| O|  |TAMS 0x0000000081000000, 0x0000000080f00000| Untracked 
|  16|0x0000000081000000, 0x0000000081100000, 0x0000000081100000|100%| O|  |TAMS 0x0000000081100000, 0x0000000081000000| Untracked 
|  17|0x0000000081100000, 0x0000000081200000, 0x0000000081200000|100%| O|  |TAMS 0x0000000081200000, 0x0000000081100000| Untracked 
|  18|0x0000000081200000, 0x0000000081300000, 0x0000000081300000|100%| O|  |TAMS 0x0000000081300000, 0x0000000081200000| Untracked 
|  19|0x0000000081300000, 0x0000000081400000, 0x0000000081400000|100%| O|  |TAMS 0x0000000081400000, 0x0000000081300000| Untracked 
|  20|0x0000000081400000, 0x0000000081500000, 0x0000000081500000|100%| O|  |TAMS 0x0000000081500000, 0x0000000081400000| Untracked 
|  21|0x0000000081500000, 0x0000000081600000, 0x0000000081600000|100%| O|  |TAMS 0x0000000081600000, 0x0000000081500000| Untracked 
|  22|0x0000000081600000, 0x0000000081700000, 0x0000000081700000|100%| O|  |TAMS 0x0000000081700000, 0x0000000081600000| Untracked 
|  23|0x0000000081700000, 0x0000000081800000, 0x0000000081800000|100%| O|  |TAMS 0x0000000081800000, 0x0000000081700000| Untracked 
|  24|0x0000000081800000, 0x0000000081900000, 0x0000000081900000|100%| O|  |TAMS 0x0000000081900000, 0x0000000081800000| Untracked 
|  25|0x0000000081900000, 0x0000000081a00000, 0x0000000081a00000|100%| O|  |TAMS 0x0000000081a00000, 0x0000000081900000| Untracked 
|  26|0x0000000081a00000, 0x0000000081b00000, 0x0000000081b00000|100%| O|  |TAMS 0x0000000081b00000, 0x0000000081a00000| Untracked 
|  27|0x0000000081b00000, 0x0000000081c00000, 0x0000000081c00000|100%| O|  |TAMS 0x0000000081c00000, 0x0000000081b00000| Untracked 
|  28|0x0000000081c00000, 0x0000000081d00000, 0x0000000081d00000|100%| O|  |TAMS 0x0000000081d00000, 0x0000000081c00000| Untracked 
|  29|0x0000000081d00000, 0x0000000081e00000, 0x0000000081e00000|100%| O|  |TAMS 0x0000000081e00000, 0x0000000081d00000| Untracked 
|  30|0x0000000081e00000, 0x0000000081f00000, 0x0000000081f00000|100%| O|  |TAMS 0x0000000081f00000, 0x0000000081e00000| Untracked 
|  31|0x0000000081f00000, 0x0000000082000000, 0x0000000082000000|100%| O|  |TAMS 0x0000000082000000, 0x0000000081f00000| Untracked 
|  32|0x0000000082000000, 0x0000000082100000, 0x0000000082100000|100%|HS|  |TAMS 0x0000000082100000, 0x0000000082000000| Complete 
|  33|0x0000000082100000, 0x0000000082200000, 0x0000000082200000|100%|HS|  |TAMS 0x0000000082200000, 0x0000000082100000| Complete 
|  34|0x0000000082200000, 0x0000000082300000, 0x0000000082300000|100%|HS|  |TAMS 0x0000000082300000, 0x0000000082200000| Complete 
|  35|0x0000000082300000, 0x0000000082400000, 0x0000000082400000|100%| O|  |TAMS 0x0000000082400000, 0x0000000082300000| Untracked 
|  36|0x0000000082400000, 0x0000000082500000, 0x0000000082500000|100%|HS|  |TAMS 0x0000000082500000, 0x0000000082400000| Complete 
|  37|0x0000000082500000, 0x0000000082600000, 0x0000000082600000|100%| O|  |TAMS 0x0000000082600000, 0x0000000082500000| Untracked 
|  38|0x0000000082600000, 0x0000000082700000, 0x0000000082700000|100%| O|  |TAMS 0x0000000082700000, 0x0000000082600000| Untracked 
|  39|0x0000000082700000, 0x0000000082800000, 0x0000000082800000|100%| O|  |TAMS 0x0000000082800000, 0x0000000082700000| Untracked 
|  40|0x0000000082800000, 0x0000000082900000, 0x0000000082900000|100%| O|  |TAMS 0x0000000082900000, 0x0000000082800000| Untracked 
|  41|0x0000000082900000, 0x0000000082a00000, 0x0000000082a00000|100%| O|  |TAMS 0x0000000082a00000, 0x0000000082900000| Untracked 
|  42|0x0000000082a00000, 0x0000000082b00000, 0x0000000082b00000|100%| O|  |TAMS 0x0000000082b00000, 0x0000000082a00000| Untracked 
|  43|0x0000000082b00000, 0x0000000082c00000, 0x0000000082c00000|100%| O|  |TAMS 0x0000000082c00000, 0x0000000082b00000| Untracked 
|  44|0x0000000082c00000, 0x0000000082d00000, 0x0000000082d00000|100%|HS|  |TAMS 0x0000000082d00000, 0x0000000082c00000| Complete 
|  45|0x0000000082d00000, 0x0000000082e00000, 0x0000000082e00000|100%| O|  |TAMS 0x0000000082e00000, 0x0000000082d00000| Untracked 
|  46|0x0000000082e00000, 0x0000000082f00000, 0x0000000082f00000|100%| O|  |TAMS 0x0000000082f00000, 0x0000000082e00000| Untracked 
|  47|0x0000000082f00000, 0x0000000083000000, 0x0000000083000000|100%| O|  |TAMS 0x0000000083000000, 0x0000000082f00000| Untracked 
|  48|0x0000000083000000, 0x0000000083100000, 0x0000000083100000|100%| O|  |TAMS 0x0000000083100000, 0x0000000083000000| Untracked 
|  49|0x0000000083100000, 0x0000000083200000, 0x0000000083200000|100%| O|  |TAMS 0x0000000083200000, 0x0000000083100000| Untracked 
|  50|0x0000000083200000, 0x0000000083300000, 0x0000000083300000|100%| O|  |TAMS 0x0000000083300000, 0x0000000083200000| Untracked 
|  51|0x0000000083300000, 0x0000000083400000, 0x0000000083400000|100%| O|  |TAMS 0x0000000083400000, 0x0000000083300000| Untracked 
|  52|0x0000000083400000, 0x0000000083500000, 0x0000000083500000|100%| O|  |TAMS 0x0000000083500000, 0x0000000083400000| Untracked 
|  53|0x0000000083500000, 0x0000000083600000, 0x0000000083600000|100%| O|  |TAMS 0x0000000083600000, 0x0000000083500000| Untracked 
|  54|0x0000000083600000, 0x0000000083700000, 0x0000000083700000|100%| O|  |TAMS 0x0000000083700000, 0x0000000083600000| Untracked 
|  55|0x0000000083700000, 0x0000000083800000, 0x0000000083800000|100%| O|  |TAMS 0x0000000083800000, 0x0000000083700000| Untracked 
|  56|0x0000000083800000, 0x0000000083900000, 0x0000000083900000|100%| O|  |TAMS 0x0000000083900000, 0x0000000083800000| Untracked 
|  57|0x0000000083900000, 0x0000000083a00000, 0x0000000083a00000|100%| O|  |TAMS 0x0000000083a00000, 0x0000000083900000| Untracked 
|  58|0x0000000083a00000, 0x0000000083b00000, 0x0000000083b00000|100%| O|  |TAMS 0x0000000083b00000, 0x0000000083a00000| Untracked 
|  59|0x0000000083b00000, 0x0000000083c00000, 0x0000000083c00000|100%| O|  |TAMS 0x0000000083b83800, 0x0000000083b00000| Untracked 
|  60|0x0000000083c00000, 0x0000000083d00000, 0x0000000083d00000|100%| O|  |TAMS 0x0000000083c00000, 0x0000000083c00000| Untracked 
|  61|0x0000000083d00000, 0x0000000083e00000, 0x0000000083e00000|100%| O|  |TAMS 0x0000000083d00000, 0x0000000083d00000| Untracked 
|  62|0x0000000083e00000, 0x0000000083f00000, 0x0000000083f00000|100%| O|  |TAMS 0x0000000083e00000, 0x0000000083e00000| Untracked 
|  63|0x0000000083f00000, 0x0000000084000000, 0x0000000084000000|100%| O|  |TAMS 0x0000000083f00000, 0x0000000083f00000| Untracked 
|  64|0x0000000084000000, 0x0000000084100000, 0x0000000084100000|100%|HS|  |TAMS 0x0000000084000000, 0x0000000084000000| Complete 
|  65|0x0000000084100000, 0x0000000084200000, 0x0000000084200000|100%|HC|  |TAMS 0x0000000084100000, 0x0000000084100000| Complete 
|  66|0x0000000084200000, 0x0000000084300000, 0x0000000084300000|100%|HS|  |TAMS 0x0000000084200000, 0x0000000084200000| Complete 
|  67|0x0000000084300000, 0x0000000084400000, 0x0000000084400000|100%|HS|  |TAMS 0x0000000084300000, 0x0000000084300000| Complete 
|  68|0x0000000084400000, 0x0000000084500000, 0x0000000084500000|100%|HS|  |TAMS 0x0000000084400000, 0x0000000084400000| Complete 
|  69|0x0000000084500000, 0x0000000084600000, 0x0000000084600000|100%|HC|  |TAMS 0x0000000084500000, 0x0000000084500000| Complete 
|  70|0x0000000084600000, 0x0000000084700000, 0x0000000084700000|100%|HS|  |TAMS 0x0000000084600000, 0x0000000084600000| Complete 
|  71|0x0000000084700000, 0x0000000084800000, 0x0000000084800000|100%|HC|  |TAMS 0x0000000084700000, 0x0000000084700000| Complete 
|  72|0x0000000084800000, 0x0000000084900000, 0x0000000084900000|100%|HS|  |TAMS 0x0000000084800000, 0x0000000084800000| Complete 
|  73|0x0000000084900000, 0x0000000084a00000, 0x0000000084a00000|100%|HC|  |TAMS 0x0000000084900000, 0x0000000084900000| Complete 
|  74|0x0000000084a00000, 0x0000000084b00000, 0x0000000084b00000|100%|HC|  |TAMS 0x0000000084a00000, 0x0000000084a00000| Complete 
|  75|0x0000000084b00000, 0x0000000084c00000, 0x0000000084c00000|100%| O|  |TAMS 0x0000000084b00000, 0x0000000084b00000| Untracked 
|  76|0x0000000084c00000, 0x0000000084d00000, 0x0000000084d00000|100%| O|  |TAMS 0x0000000084c00000, 0x0000000084c00000| Untracked 
|  77|0x0000000084d00000, 0x0000000084e00000, 0x0000000084e00000|100%| O|  |TAMS 0x0000000084d00000, 0x0000000084d00000| Untracked 
|  78|0x0000000084e00000, 0x0000000084f00000, 0x0000000084f00000|100%| O|  |TAMS 0x0000000084e00000, 0x0000000084e00000| Untracked 
|  79|0x0000000084f00000, 0x0000000085000000, 0x0000000085000000|100%| O|  |TAMS 0x0000000084f00000, 0x0000000084f00000| Untracked 
|  80|0x0000000085000000, 0x0000000085100000, 0x0000000085100000|100%| O|  |TAMS 0x0000000085000000, 0x0000000085000000| Untracked 
|  81|0x0000000085100000, 0x0000000085200000, 0x0000000085200000|100%| O|  |TAMS 0x0000000085100000, 0x0000000085100000| Untracked 
|  82|0x0000000085200000, 0x0000000085300000, 0x0000000085300000|100%| O|  |TAMS 0x0000000085200000, 0x0000000085200000| Untracked 
|  83|0x0000000085300000, 0x0000000085400000, 0x0000000085400000|100%| O|  |TAMS 0x0000000085300000, 0x0000000085300000| Untracked 
|  84|0x0000000085400000, 0x0000000085500000, 0x0000000085500000|100%| O|  |TAMS 0x0000000085400000, 0x0000000085400000| Untracked 
|  85|0x0000000085500000, 0x0000000085600000, 0x0000000085600000|100%| O|  |TAMS 0x0000000085500000, 0x0000000085500000| Untracked 
|  86|0x0000000085600000, 0x0000000085700000, 0x0000000085700000|100%| O|  |TAMS 0x0000000085600000, 0x0000000085600000| Untracked 
|  87|0x0000000085700000, 0x0000000085800000, 0x0000000085800000|100%| O|  |TAMS 0x0000000085700000, 0x0000000085700000| Untracked 
|  88|0x0000000085800000, 0x0000000085900000, 0x0000000085900000|100%| O|  |TAMS 0x0000000085800000, 0x0000000085800000| Untracked 
|  89|0x0000000085900000, 0x0000000085a00000, 0x0000000085a00000|100%| O|  |TAMS 0x0000000085900000, 0x0000000085900000| Untracked 
|  90|0x0000000085a00000, 0x0000000085b00000, 0x0000000085b00000|100%| O|  |TAMS 0x0000000085a00000, 0x0000000085a00000| Untracked 
|  91|0x0000000085b00000, 0x0000000085c00000, 0x0000000085c00000|100%|HS|  |TAMS 0x0000000085b00000, 0x0000000085b00000| Complete 
|  92|0x0000000085c00000, 0x0000000085d00000, 0x0000000085d00000|100%|HS|  |TAMS 0x0000000085c00000, 0x0000000085c00000| Complete 
|  93|0x0000000085d00000, 0x0000000085d00000, 0x0000000085e00000|  0%| F|  |TAMS 0x0000000085d00000, 0x0000000085d00000| Untracked 
|  94|0x0000000085e00000, 0x0000000085e00000, 0x0000000085f00000|  0%| F|  |TAMS 0x0000000085e00000, 0x0000000085e00000| Untracked 
|  95|0x0000000085f00000, 0x0000000085f00000, 0x0000000086000000|  0%| F|  |TAMS 0x0000000085f00000, 0x0000000085f00000| Untracked 
|  96|0x0000000086000000, 0x0000000086100000, 0x0000000086100000|100%|HS|  |TAMS 0x0000000086000000, 0x0000000086000000| Complete 
|  97|0x0000000086100000, 0x0000000086200000, 0x0000000086200000|100%|HC|  |TAMS 0x0000000086100000, 0x0000000086100000| Complete 
|  98|0x0000000086200000, 0x0000000086200000, 0x0000000086300000|  0%| F|  |TAMS 0x0000000086200000, 0x0000000086200000| Untracked 
|  99|0x0000000086300000, 0x0000000086400000, 0x0000000086400000|100%|HS|  |TAMS 0x0000000086300000, 0x0000000086300000| Complete 
| 100|0x0000000086400000, 0x0000000086400000, 0x0000000086500000|  0%| F|  |TAMS 0x0000000086400000, 0x0000000086400000| Untracked 
| 101|0x0000000086500000, 0x0000000086600000, 0x0000000086600000|100%|HS|  |TAMS 0x0000000086500000, 0x0000000086500000| Complete 
| 102|0x0000000086600000, 0x0000000086600000, 0x0000000086700000|  0%| F|  |TAMS 0x0000000086600000, 0x0000000086600000| Untracked 
| 103|0x0000000086700000, 0x0000000086700000, 0x0000000086800000|  0%| F|  |TAMS 0x0000000086700000, 0x0000000086700000| Untracked 
| 104|0x0000000086800000, 0x0000000086800000, 0x0000000086900000|  0%| F|  |TAMS 0x0000000086800000, 0x0000000086800000| Untracked 
| 105|0x0000000086900000, 0x0000000086a00000, 0x0000000086a00000|100%|HS|  |TAMS 0x0000000086900000, 0x0000000086900000| Complete 
| 106|0x0000000086a00000, 0x0000000086b00000, 0x0000000086b00000|100%|HC|  |TAMS 0x0000000086a00000, 0x0000000086a00000| Complete 
| 107|0x0000000086b00000, 0x0000000086b00000, 0x0000000086c00000|  0%| F|  |TAMS 0x0000000086b00000, 0x0000000086b00000| Untracked 
| 108|0x0000000086c00000, 0x0000000086c00000, 0x0000000086d00000|  0%| F|  |TAMS 0x0000000086c00000, 0x0000000086c00000| Untracked 
| 109|0x0000000086d00000, 0x0000000086d00000, 0x0000000086e00000|  0%| F|  |TAMS 0x0000000086d00000, 0x0000000086d00000| Untracked 
| 110|0x0000000086e00000, 0x0000000086f00000, 0x0000000086f00000|100%|HS|  |TAMS 0x0000000086e00000, 0x0000000086e00000| Complete 
| 111|0x0000000086f00000, 0x0000000087000000, 0x0000000087000000|100%|HC|  |TAMS 0x0000000086f00000, 0x0000000086f00000| Complete 
| 112|0x0000000087000000, 0x0000000087000000, 0x0000000087100000|  0%| F|  |TAMS 0x0000000087000000, 0x0000000087000000| Untracked 
| 113|0x0000000087100000, 0x0000000087100000, 0x0000000087200000|  0%| F|  |TAMS 0x0000000087100000, 0x0000000087100000| Untracked 
| 114|0x0000000087200000, 0x0000000087200000, 0x0000000087300000|  0%| F|  |TAMS 0x0000000087200000, 0x0000000087200000| Untracked 
| 115|0x0000000087300000, 0x0000000087300000, 0x0000000087400000|  0%| F|  |TAMS 0x0000000087300000, 0x0000000087300000| Untracked 
| 116|0x0000000087400000, 0x0000000087400000, 0x0000000087500000|  0%| F|  |TAMS 0x0000000087400000, 0x0000000087400000| Untracked 
| 117|0x0000000087500000, 0x0000000087500000, 0x0000000087600000|  0%| F|  |TAMS 0x0000000087500000, 0x0000000087500000| Untracked 
| 118|0x0000000087600000, 0x0000000087700000, 0x0000000087700000|100%|HS|  |TAMS 0x0000000087600000, 0x0000000087600000| Complete 
| 119|0x0000000087700000, 0x0000000087800000, 0x0000000087800000|100%|HC|  |TAMS 0x0000000087700000, 0x0000000087700000| Complete 
| 120|0x0000000087800000, 0x0000000087900000, 0x0000000087900000|100%|HC|  |TAMS 0x0000000087800000, 0x0000000087800000| Complete 
| 121|0x0000000087900000, 0x0000000087a00000, 0x0000000087a00000|100%| O|  |TAMS 0x0000000087900000, 0x0000000087900000| Untracked 
| 122|0x0000000087a00000, 0x0000000087a00000, 0x0000000087b00000|  0%| F|  |TAMS 0x0000000087a00000, 0x0000000087a00000| Untracked 
| 123|0x0000000087b00000, 0x0000000087b00000, 0x0000000087c00000|  0%| F|  |TAMS 0x0000000087b00000, 0x0000000087b00000| Untracked 
| 124|0x0000000087c00000, 0x0000000087c00000, 0x0000000087d00000|  0%| F|  |TAMS 0x0000000087c00000, 0x0000000087c00000| Untracked 
| 125|0x0000000087d00000, 0x0000000087d00000, 0x0000000087e00000|  0%| F|  |TAMS 0x0000000087d00000, 0x0000000087d00000| Untracked 
| 126|0x0000000087e00000, 0x0000000087e00000, 0x0000000087f00000|  0%| F|  |TAMS 0x0000000087e00000, 0x0000000087e00000| Untracked 
| 127|0x0000000087f00000, 0x0000000087f00000, 0x0000000088000000|  0%| F|  |TAMS 0x0000000087f00000, 0x0000000087f00000| Untracked 
| 128|0x0000000088000000, 0x0000000088000000, 0x0000000088100000|  0%| F|  |TAMS 0x0000000088000000, 0x0000000088000000| Untracked 
| 129|0x0000000088100000, 0x0000000088100000, 0x0000000088200000|  0%| F|  |TAMS 0x0000000088100000, 0x0000000088100000| Untracked 
| 130|0x0000000088200000, 0x0000000088200000, 0x0000000088300000|  0%| F|  |TAMS 0x0000000088200000, 0x0000000088200000| Untracked 
| 131|0x0000000088300000, 0x0000000088300000, 0x0000000088400000|  0%| F|  |TAMS 0x0000000088300000, 0x0000000088300000| Untracked 
| 132|0x0000000088400000, 0x0000000088400000, 0x0000000088500000|  0%| F|  |TAMS 0x0000000088400000, 0x0000000088400000| Untracked 
| 133|0x0000000088500000, 0x0000000088500000, 0x0000000088600000|  0%| F|  |TAMS 0x0000000088500000, 0x0000000088500000| Untracked 
| 134|0x0000000088600000, 0x0000000088600000, 0x0000000088700000|  0%| F|  |TAMS 0x0000000088600000, 0x0000000088600000| Untracked 
| 135|0x0000000088700000, 0x0000000088700000, 0x0000000088800000|  0%| F|  |TAMS 0x0000000088700000, 0x0000000088700000| Untracked 
| 136|0x0000000088800000, 0x0000000088800000, 0x0000000088900000|  0%| F|  |TAMS 0x0000000088800000, 0x0000000088800000| Untracked 
| 137|0x0000000088900000, 0x0000000088a00000, 0x0000000088a00000|100%| O|  |TAMS 0x0000000088900000, 0x0000000088900000| Untracked 
| 138|0x0000000088a00000, 0x0000000088b00000, 0x0000000088b00000|100%| O|  |TAMS 0x0000000088a00000, 0x0000000088a00000| Untracked 
| 139|0x0000000088b00000, 0x0000000088c00000, 0x0000000088c00000|100%| O|  |TAMS 0x0000000088b00000, 0x0000000088b00000| Untracked 
| 140|0x0000000088c00000, 0x0000000088d00000, 0x0000000088d00000|100%| O|  |TAMS 0x0000000088c00000, 0x0000000088c00000| Untracked 
| 141|0x0000000088d00000, 0x0000000088e00000, 0x0000000088e00000|100%| O|  |TAMS 0x0000000088d00000, 0x0000000088d00000| Untracked 
| 142|0x0000000088e00000, 0x0000000088f00000, 0x0000000088f00000|100%| O|  |TAMS 0x0000000088e00000, 0x0000000088e00000| Untracked 
| 143|0x0000000088f00000, 0x0000000088f79e00, 0x0000000089000000| 47%| O|  |TAMS 0x0000000088f00000, 0x0000000088f00000| Untracked 
| 144|0x0000000089000000, 0x0000000089000000, 0x0000000089100000|  0%| F|  |TAMS 0x0000000089000000, 0x0000000089000000| Untracked 
| 145|0x0000000089100000, 0x0000000089100000, 0x0000000089200000|  0%| F|  |TAMS 0x0000000089100000, 0x0000000089100000| Untracked 
| 146|0x0000000089200000, 0x0000000089200000, 0x0000000089300000|  0%| F|  |TAMS 0x0000000089200000, 0x0000000089200000| Untracked 
| 147|0x0000000089300000, 0x0000000089300000, 0x0000000089400000|  0%| F|  |TAMS 0x0000000089300000, 0x0000000089300000| Untracked 
| 148|0x0000000089400000, 0x0000000089400000, 0x0000000089500000|  0%| F|  |TAMS 0x0000000089400000, 0x0000000089400000| Untracked 
| 149|0x0000000089500000, 0x0000000089500000, 0x0000000089600000|  0%| F|  |TAMS 0x0000000089500000, 0x0000000089500000| Untracked 
| 150|0x0000000089600000, 0x0000000089600000, 0x0000000089700000|  0%| F|  |TAMS 0x0000000089600000, 0x0000000089600000| Untracked 
| 151|0x0000000089700000, 0x0000000089700000, 0x0000000089800000|  0%| F|  |TAMS 0x0000000089700000, 0x0000000089700000| Untracked 
| 152|0x0000000089800000, 0x0000000089800000, 0x0000000089900000|  0%| F|  |TAMS 0x0000000089800000, 0x0000000089800000| Untracked 
| 153|0x0000000089900000, 0x0000000089900000, 0x0000000089a00000|  0%| F|  |TAMS 0x0000000089900000, 0x0000000089900000| Untracked 
| 154|0x0000000089a00000, 0x0000000089a00000, 0x0000000089b00000|  0%| F|  |TAMS 0x0000000089a00000, 0x0000000089a00000| Untracked 
| 155|0x0000000089b00000, 0x0000000089bc5520, 0x0000000089c00000| 77%| S|CS|TAMS 0x0000000089b00000, 0x0000000089b00000| Complete 
| 156|0x0000000089c00000, 0x0000000089d00000, 0x0000000089d00000|100%| S|CS|TAMS 0x0000000089c00000, 0x0000000089c00000| Complete 
| 157|0x0000000089d00000, 0x0000000089e00000, 0x0000000089e00000|100%| S|CS|TAMS 0x0000000089d00000, 0x0000000089d00000| Complete 
| 158|0x0000000089e00000, 0x0000000089f00000, 0x0000000089f00000|100%| S|CS|TAMS 0x0000000089e00000, 0x0000000089e00000| Complete 
| 159|0x0000000089f00000, 0x000000008a000000, 0x000000008a000000|100%| S|CS|TAMS 0x0000000089f00000, 0x0000000089f00000| Complete 
| 160|0x000000008a000000, 0x000000008a100000, 0x000000008a100000|100%| S|CS|TAMS 0x000000008a000000, 0x000000008a000000| Complete 
| 161|0x000000008a100000, 0x000000008a200000, 0x000000008a200000|100%| S|CS|TAMS 0x000000008a100000, 0x000000008a100000| Complete 
| 162|0x000000008a200000, 0x000000008a300000, 0x000000008a300000|100%| S|CS|TAMS 0x000000008a200000, 0x000000008a200000| Complete 
| 163|0x000000008a300000, 0x000000008a400000, 0x000000008a400000|100%| S|CS|TAMS 0x000000008a300000, 0x000000008a300000| Complete 
| 164|0x000000008a400000, 0x000000008a400000, 0x000000008a500000|  0%| F|  |TAMS 0x000000008a400000, 0x000000008a400000| Untracked 
| 165|0x000000008a500000, 0x000000008a500000, 0x000000008a600000|  0%| F|  |TAMS 0x000000008a500000, 0x000000008a500000| Untracked 
| 166|0x000000008a600000, 0x000000008a600000, 0x000000008a700000|  0%| F|  |TAMS 0x000000008a600000, 0x000000008a600000| Untracked 
| 167|0x000000008a700000, 0x000000008a700000, 0x000000008a800000|  0%| F|  |TAMS 0x000000008a700000, 0x000000008a700000| Untracked 
| 168|0x000000008a800000, 0x000000008a800000, 0x000000008a900000|  0%| F|  |TAMS 0x000000008a800000, 0x000000008a800000| Untracked 
| 169|0x000000008a900000, 0x000000008a900000, 0x000000008aa00000|  0%| F|  |TAMS 0x000000008a900000, 0x000000008a900000| Untracked 
| 170|0x000000008aa00000, 0x000000008aa00000, 0x000000008ab00000|  0%| F|  |TAMS 0x000000008aa00000, 0x000000008aa00000| Untracked 
| 171|0x000000008ab00000, 0x000000008ab00000, 0x000000008ac00000|  0%| F|  |TAMS 0x000000008ab00000, 0x000000008ab00000| Untracked 
| 172|0x000000008ac00000, 0x000000008ad00000, 0x000000008ad00000|100%| E|  |TAMS 0x000000008ac00000, 0x000000008ac00000| Complete 
| 173|0x000000008ad00000, 0x000000008ae00000, 0x000000008ae00000|100%| E|CS|TAMS 0x000000008ad00000, 0x000000008ad00000| Complete 
| 174|0x000000008ae00000, 0x000000008af00000, 0x000000008af00000|100%| E|CS|TAMS 0x000000008ae00000, 0x000000008ae00000| Complete 
| 175|0x000000008af00000, 0x000000008b000000, 0x000000008b000000|100%| E|CS|TAMS 0x000000008af00000, 0x000000008af00000| Complete 
| 176|0x000000008b000000, 0x000000008b100000, 0x000000008b100000|100%| E|CS|TAMS 0x000000008b000000, 0x000000008b000000| Complete 
| 177|0x000000008b100000, 0x000000008b200000, 0x000000008b200000|100%| E|CS|TAMS 0x000000008b100000, 0x000000008b100000| Complete 
| 178|0x000000008b200000, 0x000000008b300000, 0x000000008b300000|100%| E|CS|TAMS 0x000000008b200000, 0x000000008b200000| Complete 
| 179|0x000000008b300000, 0x000000008b400000, 0x000000008b400000|100%| E|CS|TAMS 0x000000008b300000, 0x000000008b300000| Complete 
| 180|0x000000008b400000, 0x000000008b500000, 0x000000008b500000|100%| E|CS|TAMS 0x000000008b400000, 0x000000008b400000| Complete 
| 181|0x000000008b500000, 0x000000008b600000, 0x000000008b600000|100%| E|CS|TAMS 0x000000008b500000, 0x000000008b500000| Complete 
| 182|0x000000008b600000, 0x000000008b700000, 0x000000008b700000|100%| E|CS|TAMS 0x000000008b600000, 0x000000008b600000| Complete 
| 183|0x000000008b700000, 0x000000008b800000, 0x000000008b800000|100%| E|CS|TAMS 0x000000008b700000, 0x000000008b700000| Complete 
| 184|0x000000008b800000, 0x000000008b900000, 0x000000008b900000|100%| E|CS|TAMS 0x000000008b800000, 0x000000008b800000| Complete 
| 185|0x000000008b900000, 0x000000008ba00000, 0x000000008ba00000|100%| E|CS|TAMS 0x000000008b900000, 0x000000008b900000| Complete 
| 186|0x000000008ba00000, 0x000000008bb00000, 0x000000008bb00000|100%| E|CS|TAMS 0x000000008ba00000, 0x000000008ba00000| Complete 
| 187|0x000000008bb00000, 0x000000008bc00000, 0x000000008bc00000|100%| E|CS|TAMS 0x000000008bb00000, 0x000000008bb00000| Complete 
| 188|0x000000008bc00000, 0x000000008bd00000, 0x000000008bd00000|100%| E|CS|TAMS 0x000000008bc00000, 0x000000008bc00000| Complete 
| 189|0x000000008bd00000, 0x000000008be00000, 0x000000008be00000|100%| E|CS|TAMS 0x000000008bd00000, 0x000000008bd00000| Complete 
| 190|0x000000008be00000, 0x000000008bf00000, 0x000000008bf00000|100%| E|CS|TAMS 0x000000008be00000, 0x000000008be00000| Complete 
| 191|0x000000008bf00000, 0x000000008c000000, 0x000000008c000000|100%| E|CS|TAMS 0x000000008bf00000, 0x000000008bf00000| Complete 
| 192|0x000000008c000000, 0x000000008c100000, 0x000000008c100000|100%| E|CS|TAMS 0x000000008c000000, 0x000000008c000000| Complete 
| 193|0x000000008c100000, 0x000000008c200000, 0x000000008c200000|100%| E|CS|TAMS 0x000000008c100000, 0x000000008c100000| Complete 
| 194|0x000000008c200000, 0x000000008c300000, 0x000000008c300000|100%| E|CS|TAMS 0x000000008c200000, 0x000000008c200000| Complete 
| 195|0x000000008c300000, 0x000000008c400000, 0x000000008c400000|100%| E|CS|TAMS 0x000000008c300000, 0x000000008c300000| Complete 
| 196|0x000000008c400000, 0x000000008c500000, 0x000000008c500000|100%| E|CS|TAMS 0x000000008c400000, 0x000000008c400000| Complete 
| 197|0x000000008c500000, 0x000000008c600000, 0x000000008c600000|100%| E|CS|TAMS 0x000000008c500000, 0x000000008c500000| Complete 
| 198|0x000000008c600000, 0x000000008c700000, 0x000000008c700000|100%| E|CS|TAMS 0x000000008c600000, 0x000000008c600000| Complete 
| 199|0x000000008c700000, 0x000000008c800000, 0x000000008c800000|100%| E|CS|TAMS 0x000000008c700000, 0x000000008c700000| Complete 
| 200|0x000000008c800000, 0x000000008c900000, 0x000000008c900000|100%| E|CS|TAMS 0x000000008c800000, 0x000000008c800000| Complete 
| 201|0x000000008c900000, 0x000000008ca00000, 0x000000008ca00000|100%| E|CS|TAMS 0x000000008c900000, 0x000000008c900000| Complete 
| 202|0x000000008ca00000, 0x000000008cb00000, 0x000000008cb00000|100%| E|CS|TAMS 0x000000008ca00000, 0x000000008ca00000| Complete 
| 203|0x000000008cb00000, 0x000000008cc00000, 0x000000008cc00000|100%| E|CS|TAMS 0x000000008cb00000, 0x000000008cb00000| Complete 
| 204|0x000000008cc00000, 0x000000008cd00000, 0x000000008cd00000|100%| E|CS|TAMS 0x000000008cc00000, 0x000000008cc00000| Complete 
| 205|0x000000008cd00000, 0x000000008ce00000, 0x000000008ce00000|100%| E|CS|TAMS 0x000000008cd00000, 0x000000008cd00000| Complete 
| 206|0x000000008ce00000, 0x000000008cf00000, 0x000000008cf00000|100%| E|CS|TAMS 0x000000008ce00000, 0x000000008ce00000| Complete 
| 207|0x000000008cf00000, 0x000000008d000000, 0x000000008d000000|100%| E|CS|TAMS 0x000000008cf00000, 0x000000008cf00000| Complete 
| 208|0x000000008d000000, 0x000000008d100000, 0x000000008d100000|100%| E|CS|TAMS 0x000000008d000000, 0x000000008d000000| Complete 
| 209|0x000000008d100000, 0x000000008d200000, 0x000000008d200000|100%| E|CS|TAMS 0x000000008d100000, 0x000000008d100000| Complete 
| 210|0x000000008d200000, 0x000000008d300000, 0x000000008d300000|100%| E|CS|TAMS 0x000000008d200000, 0x000000008d200000| Complete 
| 211|0x000000008d300000, 0x000000008d400000, 0x000000008d400000|100%| E|CS|TAMS 0x000000008d300000, 0x000000008d300000| Complete 
| 212|0x000000008d400000, 0x000000008d500000, 0x000000008d500000|100%| E|CS|TAMS 0x000000008d400000, 0x000000008d400000| Complete 
| 213|0x000000008d500000, 0x000000008d600000, 0x000000008d600000|100%| E|CS|TAMS 0x000000008d500000, 0x000000008d500000| Complete 
| 214|0x000000008d600000, 0x000000008d700000, 0x000000008d700000|100%| E|CS|TAMS 0x000000008d600000, 0x000000008d600000| Complete 
| 215|0x000000008d700000, 0x000000008d800000, 0x000000008d800000|100%| E|CS|TAMS 0x000000008d700000, 0x000000008d700000| Complete 
| 216|0x000000008d800000, 0x000000008d900000, 0x000000008d900000|100%| E|CS|TAMS 0x000000008d800000, 0x000000008d800000| Complete 
| 217|0x000000008d900000, 0x000000008da00000, 0x000000008da00000|100%| E|CS|TAMS 0x000000008d900000, 0x000000008d900000| Complete 
| 218|0x000000008da00000, 0x000000008db00000, 0x000000008db00000|100%| E|CS|TAMS 0x000000008da00000, 0x000000008da00000| Complete 
| 219|0x000000008db00000, 0x000000008dc00000, 0x000000008dc00000|100%| E|CS|TAMS 0x000000008db00000, 0x000000008db00000| Complete 
| 220|0x000000008dc00000, 0x000000008dd00000, 0x000000008dd00000|100%| E|CS|TAMS 0x000000008dc00000, 0x000000008dc00000| Complete 
| 221|0x000000008dd00000, 0x000000008de00000, 0x000000008de00000|100%| E|CS|TAMS 0x000000008dd00000, 0x000000008dd00000| Complete 
| 222|0x000000008de00000, 0x000000008df00000, 0x000000008df00000|100%| E|CS|TAMS 0x000000008de00000, 0x000000008de00000| Complete 
| 223|0x000000008df00000, 0x000000008e000000, 0x000000008e000000|100%| E|CS|TAMS 0x000000008df00000, 0x000000008df00000| Complete 
| 224|0x000000008e000000, 0x000000008e100000, 0x000000008e100000|100%| E|  |TAMS 0x000000008e000000, 0x000000008e000000| Complete 
| 225|0x000000008e100000, 0x000000008e200000, 0x000000008e200000|100%| E|CS|TAMS 0x000000008e100000, 0x000000008e100000| Complete 
| 226|0x000000008e200000, 0x000000008e300000, 0x000000008e300000|100%| E|CS|TAMS 0x000000008e200000, 0x000000008e200000| Complete 
| 227|0x000000008e300000, 0x000000008e400000, 0x000000008e400000|100%| E|CS|TAMS 0x000000008e300000, 0x000000008e300000| Complete 
| 228|0x000000008e400000, 0x000000008e500000, 0x000000008e500000|100%| E|CS|TAMS 0x000000008e400000, 0x000000008e400000| Complete 
| 229|0x000000008e500000, 0x000000008e600000, 0x000000008e600000|100%| E|CS|TAMS 0x000000008e500000, 0x000000008e500000| Complete 
| 230|0x000000008e600000, 0x000000008e700000, 0x000000008e700000|100%| E|CS|TAMS 0x000000008e600000, 0x000000008e600000| Complete 
| 231|0x000000008e700000, 0x000000008e800000, 0x000000008e800000|100%| E|CS|TAMS 0x000000008e700000, 0x000000008e700000| Complete 
| 232|0x000000008e800000, 0x000000008e900000, 0x000000008e900000|100%| E|CS|TAMS 0x000000008e800000, 0x000000008e800000| Complete 
| 233|0x000000008e900000, 0x000000008ea00000, 0x000000008ea00000|100%| E|CS|TAMS 0x000000008e900000, 0x000000008e900000| Complete 
| 234|0x000000008ea00000, 0x000000008eb00000, 0x000000008eb00000|100%| E|CS|TAMS 0x000000008ea00000, 0x000000008ea00000| Complete 
| 235|0x000000008eb00000, 0x000000008ec00000, 0x000000008ec00000|100%| E|CS|TAMS 0x000000008eb00000, 0x000000008eb00000| Complete 
| 236|0x000000008ec00000, 0x000000008ed00000, 0x000000008ed00000|100%| E|CS|TAMS 0x000000008ec00000, 0x000000008ec00000| Complete 
| 237|0x000000008ed00000, 0x000000008ee00000, 0x000000008ee00000|100%| E|CS|TAMS 0x000000008ed00000, 0x000000008ed00000| Complete 
| 238|0x000000008ee00000, 0x000000008ef00000, 0x000000008ef00000|100%| E|CS|TAMS 0x000000008ee00000, 0x000000008ee00000| Complete 
| 239|0x000000008ef00000, 0x000000008f000000, 0x000000008f000000|100%| E|CS|TAMS 0x000000008ef00000, 0x000000008ef00000| Complete 
| 240|0x000000008f000000, 0x000000008f100000, 0x000000008f100000|100%| E|CS|TAMS 0x000000008f000000, 0x000000008f000000| Complete 
| 241|0x000000008f100000, 0x000000008f200000, 0x000000008f200000|100%| E|CS|TAMS 0x000000008f100000, 0x000000008f100000| Complete 
| 242|0x000000008f200000, 0x000000008f300000, 0x000000008f300000|100%| E|CS|TAMS 0x000000008f200000, 0x000000008f200000| Complete 
| 243|0x000000008f300000, 0x000000008f400000, 0x000000008f400000|100%| E|CS|TAMS 0x000000008f300000, 0x000000008f300000| Complete 
| 244|0x000000008f400000, 0x000000008f500000, 0x000000008f500000|100%| E|CS|TAMS 0x000000008f400000, 0x000000008f400000| Complete 
| 245|0x000000008f500000, 0x000000008f600000, 0x000000008f600000|100%| E|CS|TAMS 0x000000008f500000, 0x000000008f500000| Complete 
| 246|0x000000008f600000, 0x000000008f700000, 0x000000008f700000|100%| E|CS|TAMS 0x000000008f600000, 0x000000008f600000| Complete 
| 247|0x000000008f700000, 0x000000008f800000, 0x000000008f800000|100%| E|CS|TAMS 0x000000008f700000, 0x000000008f700000| Complete 
| 248|0x000000008f800000, 0x000000008f900000, 0x000000008f900000|100%| E|CS|TAMS 0x000000008f800000, 0x000000008f800000| Complete 
| 249|0x000000008f900000, 0x000000008fa00000, 0x000000008fa00000|100%| E|CS|TAMS 0x000000008f900000, 0x000000008f900000| Complete 

Card table byte_map: [0x000001a373cb0000,0x000001a3740b0000] _byte_map_base: 0x000001a3738b0000

Marking Bits (Prev, Next): (CMBitMap*) 0x000001a36132a7d0, (CMBitMap*) 0x000001a36132a790
 Prev Bits: [0x000001a3764b0000, 0x000001a3784b0000)
 Next Bits: [0x000001a3744b0000, 0x000001a3764b0000)

Polling page: 0x000001a35f0f0000

Metaspace:

Usage:
  Non-class:     90.34 MB used.
      Class:     14.61 MB used.
       Both:    104.95 MB used.

Virtual space:
  Non-class space:      128.00 MB reserved,      90.75 MB ( 71%) committed,  2 nodes.
      Class space:        1.00 GB reserved,      15.00 MB (  1%) committed,  1 nodes.
             Both:        1.12 GB reserved,     105.75 MB (  9%) committed. 

Chunk freelists:
   Non-Class:  4.95 MB
       Class:  1.02 MB
        Both:  5.97 MB

MaxMetaspaceSize: unlimited
CompressedClassSpaceSize: 1.00 GB
Initial GC threshold: 21.00 MB
Current GC threshold: 132.19 MB
CDS: off
MetaspaceReclaimPolicy: balanced
 - commit_granule_bytes: 65536.
 - commit_granule_words: 8192.
 - virtual_space_node_default_size: 8388608.
 - enlarge_chunks_in_place: 1.
 - new_chunks_are_fully_committed: 0.
 - uncommit_free_chunks: 1.
 - use_allocation_guard: 0.
 - handle_deallocations: 1.


Internal statistics:

num_allocs_failed_limit: 6.
num_arena_births: 1220.
num_arena_deaths: 0.
num_vsnodes_births: 3.
num_vsnodes_deaths: 0.
num_space_committed: 1691.
num_space_uncommitted: 0.
num_chunks_returned_to_freelist: 6.
num_chunks_taken_from_freelist: 5316.
num_chunk_merges: 6.
num_chunk_splits: 3543.
num_chunks_enlarged: 2376.
num_inconsistent_stats: 0.

CodeHeap 'non-profiled nmethods': size=120000Kb used=6512Kb max_used=6512Kb free=113487Kb
 bounds [0x000001a36c270000, 0x000001a36c8d0000, 0x000001a3737a0000]
CodeHeap 'profiled nmethods': size=120000Kb used=21612Kb max_used=21612Kb free=98387Kb
 bounds [0x000001a3647a0000, 0x000001a365cc0000, 0x000001a36bcd0000]
CodeHeap 'non-nmethods': size=5760Kb used=1724Kb max_used=1774Kb free=4035Kb
 bounds [0x000001a36bcd0000, 0x000001a36bf40000, 0x000001a36c270000]
 total_blobs=12216 nmethods=11403 adapters=725
 compilation: enabled
              stopped_count=0, restarted_count=0
 full_count=0

Compilation events (20 events):
Event: 13.735 Thread 0x000001a37f029470 nmethod 12953 0x000001a365cafe10 code [0x000001a365caffa0, 0x000001a365cb00c8]
Event: 13.736 Thread 0x000001a37f029470 12954       2       com.android.tools.r8.internal.j1::<init> (5 bytes)
Event: 13.736 Thread 0x000001a37f029470 nmethod 12954 0x000001a3653b3310 code [0x000001a3653b34a0, 0x000001a3653b3598]
Event: 13.736 Thread 0x000001a37f029470 12955       2       com.android.tools.r8.internal.i1::<init> (5 bytes)
Event: 13.736 Thread 0x000001a37f029470 nmethod 12955 0x000001a365466010 code [0x000001a3654661a0, 0x000001a365466298]
Event: 13.736 Thread 0x000001a37f029470 12956       2       com.android.tools.r8.graph.J0$b$a::hashCode (16 bytes)
Event: 13.736 Thread 0x000001a37f029470 nmethod 12956 0x000001a365cb0190 code [0x000001a365cb0320, 0x000001a365cb0468]
Event: 13.737 Thread 0x000001a37f029470 12959       2       com.android.tools.r8.graph.Y3::a (16 bytes)
Event: 13.738 Thread 0x000001a37f029470 nmethod 12959 0x000001a365cb0590 code [0x000001a365cb0720, 0x000001a365cb08a8]
Event: 13.738 Thread 0x000001a37f029470 12960       2       com.android.tools.r8.internal.Qw::e (29 bytes)
Event: 13.738 Thread 0x000001a37f029470 nmethod 12960 0x000001a365cb0990 code [0x000001a365cb0b40, 0x000001a365cb0d38]
Event: 13.738 Thread 0x000001a37f029470 12961       2       com.android.tools.r8.graph.J0$b::hashCode (15 bytes)
Event: 13.739 Thread 0x000001a37f029470 nmethod 12961 0x000001a365cb0e90 code [0x000001a365cb1060, 0x000001a365cb12f8]
Event: 13.739 Thread 0x000001a37f029470 12962       2       com.android.tools.r8.graph.J0$b$$Lambda$1902/0x0000000100ef5c38::apply (8 bytes)
Event: 13.739 Thread 0x000001a37f029470 nmethod 12962 0x000001a365cb1490 code [0x000001a365cb1620, 0x000001a365cb1758]
Event: 13.739 Thread 0x000001a37f029470 12963       2       com.android.tools.r8.dex.C$$Lambda$1855/0x0000000100e84148::get (8 bytes)
Event: 13.739 Thread 0x000001a37f029470 nmethod 12963 0x000001a365cb1890 code [0x000001a365cb1a20, 0x000001a365cb1b48]
Event: 13.739 Thread 0x000001a37f029470 12964       2       com.android.tools.r8.internal.Qw::b (146 bytes)
Event: 13.739 Thread 0x000001a37f029470 nmethod 12964 0x000001a365cb1c10 code [0x000001a365cb1de0, 0x000001a365cb23b8]
Event: 13.740 Thread 0x000001a37f029470 12966       2       com.android.tools.r8.internal.R2::compareTo (9 bytes)

GC Heap History (20 events):
Event: 7.879 GC heap before
{Heap before GC invocations=28 (full 0):
 garbage-first heap   total 126976K, used 102413K [0x0000000080000000, 0x0000000100000000)
  region size 1024K, 45 young (46080K), 2 survivors (2048K)
 Metaspace       used 77270K, committed 77952K, reserved 1179648K
  class space    used 10431K, committed 10752K, reserved 1048576K
}
Event: 7.882 GC heap after
{Heap after GC invocations=29 (full 0):
 garbage-first heap   total 126976K, used 60443K [0x0000000080000000, 0x0000000100000000)
  region size 1024K, 4 young (4096K), 4 survivors (4096K)
 Metaspace       used 77270K, committed 77952K, reserved 1179648K
  class space    used 10431K, committed 10752K, reserved 1048576K
}
Event: 7.895 GC heap before
{Heap before GC invocations=29 (full 0):
 garbage-first heap   total 126976K, used 62491K [0x0000000080000000, 0x0000000100000000)
  region size 1024K, 6 young (6144K), 4 survivors (4096K)
 Metaspace       used 77421K, committed 78080K, reserved 1179648K
  class space    used 10457K, committed 10752K, reserved 1048576K
}
Event: 7.898 GC heap after
{Heap after GC invocations=30 (full 0):
 garbage-first heap   total 126976K, used 60579K [0x0000000080000000, 0x0000000100000000)
  region size 1024K, 1 young (1024K), 1 survivors (1024K)
 Metaspace       used 77421K, committed 78080K, reserved 1179648K
  class space    used 10457K, committed 10752K, reserved 1048576K
}
Event: 8.255 GC heap before
{Heap before GC invocations=30 (full 0):
 garbage-first heap   total 126976K, used 104611K [0x0000000080000000, 0x0000000100000000)
  region size 1024K, 43 young (44032K), 1 survivors (1024K)
 Metaspace       used 80344K, committed 80960K, reserved 1179648K
  class space    used 10947K, committed 11264K, reserved 1048576K
}
Event: 8.257 GC heap after
{Heap after GC invocations=31 (full 0):
 garbage-first heap   total 126976K, used 61204K [0x0000000080000000, 0x0000000100000000)
  region size 1024K, 2 young (2048K), 2 survivors (2048K)
 Metaspace       used 80344K, committed 80960K, reserved 1179648K
  class space    used 10947K, committed 11264K, reserved 1048576K
}
Event: 8.713 GC heap before
{Heap before GC invocations=32 (full 0):
 garbage-first heap   total 126976K, used 104212K [0x0000000080000000, 0x0000000100000000)
  region size 1024K, 44 young (45056K), 2 survivors (2048K)
 Metaspace       used 83466K, committed 84160K, reserved 1179648K
  class space    used 11501K, committed 11840K, reserved 1048576K
}
Event: 8.715 GC heap after
{Heap after GC invocations=33 (full 0):
 garbage-first heap   total 126976K, used 62933K [0x0000000080000000, 0x0000000100000000)
  region size 1024K, 3 young (3072K), 3 survivors (3072K)
 Metaspace       used 83466K, committed 84160K, reserved 1179648K
  class space    used 11501K, committed 11840K, reserved 1048576K
}
Event: 9.166 GC heap before
{Heap before GC invocations=33 (full 0):
 garbage-first heap   total 126976K, used 105941K [0x0000000080000000, 0x0000000100000000)
  region size 1024K, 45 young (46080K), 3 survivors (3072K)
 Metaspace       used 86813K, committed 87552K, reserved 1179648K
  class space    used 12004K, committed 12352K, reserved 1048576K
}
Event: 9.171 GC heap after
{Heap after GC invocations=34 (full 0):
 garbage-first heap   total 126976K, used 65741K [0x0000000080000000, 0x0000000100000000)
  region size 1024K, 6 young (6144K), 6 survivors (6144K)
 Metaspace       used 86813K, committed 87552K, reserved 1179648K
  class space    used 12004K, committed 12352K, reserved 1048576K
}
Event: 9.672 GC heap before
{Heap before GC invocations=34 (full 0):
 garbage-first heap   total 126976K, used 105677K [0x0000000080000000, 0x0000000100000000)
  region size 1024K, 45 young (46080K), 6 survivors (6144K)
 Metaspace       used 90787K, committed 91520K, reserved 1179648K
  class space    used 12593K, committed 12928K, reserved 1048576K
}
Event: 9.677 GC heap after
{Heap after GC invocations=35 (full 0):
 garbage-first heap   total 126976K, used 67391K [0x0000000080000000, 0x0000000100000000)
  region size 1024K, 5 young (5120K), 5 survivors (5120K)
 Metaspace       used 90787K, committed 91520K, reserved 1179648K
  class space    used 12593K, committed 12928K, reserved 1048576K
}
Event: 10.048 GC heap before
{Heap before GC invocations=35 (full 0):
 garbage-first heap   total 126976K, used 105279K [0x0000000080000000, 0x0000000100000000)
  region size 1024K, 43 young (44032K), 5 survivors (5120K)
 Metaspace       used 93272K, committed 93952K, reserved 1179648K
  class space    used 12891K, committed 13248K, reserved 1048576K
}
Event: 10.054 GC heap after
{Heap after GC invocations=36 (full 0):
 garbage-first heap   total 256000K, used 71185K [0x0000000080000000, 0x0000000100000000)
  region size 1024K, 6 young (6144K), 6 survivors (6144K)
 Metaspace       used 93272K, committed 93952K, reserved 1179648K
  class space    used 12891K, committed 13248K, reserved 1048576K
}
Event: 11.396 GC heap before
{Heap before GC invocations=36 (full 0):
 garbage-first heap   total 256000K, used 210449K [0x0000000080000000, 0x0000000100000000)
  region size 1024K, 138 young (141312K), 6 survivors (6144K)
 Metaspace       used 97899K, committed 98688K, reserved 1179648K
  class space    used 13460K, committed 13824K, reserved 1048576K
}
Event: 11.410 GC heap after
{Heap after GC invocations=37 (full 0):
 garbage-first heap   total 256000K, used 81683K [0x0000000080000000, 0x0000000100000000)
  region size 1024K, 16 young (16384K), 16 survivors (16384K)
 Metaspace       used 97899K, committed 98688K, reserved 1179648K
  class space    used 13460K, committed 13824K, reserved 1048576K
}
Event: 12.409 GC heap before
{Heap before GC invocations=37 (full 0):
 garbage-first heap   total 256000K, used 207635K [0x0000000080000000, 0x0000000100000000)
  region size 1024K, 129 young (132096K), 16 survivors (16384K)
 Metaspace       used 100478K, committed 101248K, reserved 1179648K
  class space    used 13780K, committed 14144K, reserved 1048576K
}
Event: 12.424 GC heap after
{Heap after GC invocations=38 (full 0):
 garbage-first heap   total 256000K, used 107266K [0x0000000080000000, 0x0000000100000000)
  region size 1024K, 15 young (15360K), 15 survivors (15360K)
 Metaspace       used 100478K, committed 101248K, reserved 1179648K
  class space    used 13780K, committed 14144K, reserved 1048576K
}
Event: 13.237 GC heap before
{Heap before GC invocations=38 (full 0):
 garbage-first heap   total 256000K, used 224002K [0x0000000080000000, 0x0000000100000000)
  region size 1024K, 101 young (103424K), 15 survivors (15360K)
 Metaspace       used 104738K, committed 105600K, reserved 1179648K
  class space    used 14397K, committed 14848K, reserved 1048576K
}
Event: 13.245 GC heap after
{Heap after GC invocations=39 (full 0):
 garbage-first heap   total 256000K, used 121084K [0x0000000080000000, 0x0000000100000000)
  region size 1024K, 9 young (9216K), 9 survivors (9216K)
 Metaspace       used 104738K, committed 105600K, reserved 1179648K
  class space    used 14397K, committed 14848K, reserved 1048576K
}

Dll operation events (3 events):
Event: 0.005 Loaded shared library D:\AndroidProjects\jbr\bin\java.dll
Event: 0.112 Loaded shared library D:\AndroidProjects\jbr\bin\zip.dll
Event: 0.331 Loaded shared library D:\AndroidProjects\jbr\bin\verify.dll

Deoptimization events (20 events):
Event: 13.627 Thread 0x000001a3039c4030 Uncommon trap: trap_request=0xffffff45 fr.pc=0x000001a36c8a67f4 relative=0x00000000000003d4
Event: 13.627 Thread 0x000001a3039c4030 Uncommon trap: reason=unstable_if action=reinterpret pc=0x000001a36c8a67f4 method=com.android.tools.r8.graph.G2.c(Ljava/lang/Object;)Z @ 20 c2
Event: 13.627 Thread 0x000001a3039c4030 DEOPT PACKING pc=0x000001a36c8a67f4 sp=0x0000002e22dfedc0
Event: 13.627 Thread 0x000001a3039c4030 DEOPT UNPACKING pc=0x000001a36bd269a3 sp=0x0000002e22dfea70 mode 2
Event: 13.628 Thread 0x000001a3039c4030 Uncommon trap: trap_request=0xffffff45 fr.pc=0x000001a36c89a74c relative=0x00000000000001ac
Event: 13.628 Thread 0x000001a3039c4030 Uncommon trap: reason=unstable_if action=reinterpret pc=0x000001a36c89a74c method=jdk.internal.util.ArraysSupport.mismatch([B[BI)I @ 14 c2
Event: 13.628 Thread 0x000001a3039c4030 DEOPT PACKING pc=0x000001a36c89a74c sp=0x0000002e22dfecb0
Event: 13.628 Thread 0x000001a3039c4030 DEOPT UNPACKING pc=0x000001a36bd269a3 sp=0x0000002e22dfec70 mode 2
Event: 13.632 Thread 0x000001a3039c21d0 Uncommon trap: trap_request=0xffffff45 fr.pc=0x000001a36c8b7564 relative=0x0000000000000144
Event: 13.632 Thread 0x000001a3039c21d0 Uncommon trap: reason=unstable_if action=reinterpret pc=0x000001a36c8b7564 method=com.android.tools.r8.internal.jz.get(I)Ljava/lang/Object; @ 1 c2
Event: 13.632 Thread 0x000001a3039c21d0 DEOPT PACKING pc=0x000001a36c8b7564 sp=0x0000002e22efe7c0
Event: 13.632 Thread 0x000001a3039c21d0 DEOPT UNPACKING pc=0x000001a36bd269a3 sp=0x0000002e22efe758 mode 2
Event: 13.633 Thread 0x000001a3039c4030 Uncommon trap: trap_request=0xffffff45 fr.pc=0x000001a36c850558 relative=0x0000000000000778
Event: 13.633 Thread 0x000001a3039c4030 Uncommon trap: reason=unstable_if action=reinterpret pc=0x000001a36c850558 method=java.util.zip.ZipFile$Source.getEntryPos(Ljava/lang/String;Z)I @ 117 c2
Event: 13.633 Thread 0x000001a3039c4030 DEOPT PACKING pc=0x000001a36c850558 sp=0x0000002e22dfdd90
Event: 13.633 Thread 0x000001a3039c4030 DEOPT UNPACKING pc=0x000001a36bd269a3 sp=0x0000002e22dfdd20 mode 2
Event: 13.668 Thread 0x000001a3039c4030 Uncommon trap: trap_request=0xffffff45 fr.pc=0x000001a36c674120 relative=0x0000000000000380
Event: 13.669 Thread 0x000001a3039c4030 Uncommon trap: reason=unstable_if action=reinterpret pc=0x000001a36c674120 method=java.util.concurrent.ConcurrentLinkedQueue.offer(Ljava/lang/Object;)Z @ 96 c2
Event: 13.669 Thread 0x000001a3039c4030 DEOPT PACKING pc=0x000001a36c674120 sp=0x0000002e22dff000
Event: 13.669 Thread 0x000001a3039c4030 DEOPT UNPACKING pc=0x000001a36bd269a3 sp=0x0000002e22dfef40 mode 2

Classes unloaded (0 events):
No events

Classes redefined (0 events):
No events

Internal exceptions (20 events):
Event: 11.497 Thread 0x000001a302f563f0 Exception <a 'sun/nio/fs/WindowsException'{0x000000008f3b8d28}> (0x000000008f3b8d28) 
thrown [s\src\hotspot\share\prims\jni.cpp, line 517]
Event: 11.628 Thread 0x000001a302f563f0 Exception <a 'sun/nio/fs/WindowsException'{0x000000008e2bee60}> (0x000000008e2bee60) 
thrown [s\src\hotspot\share\prims\jni.cpp, line 517]
Event: 11.628 Thread 0x000001a302f563f0 Exception <a 'sun/nio/fs/WindowsException'{0x000000008e2bffc0}> (0x000000008e2bffc0) 
thrown [s\src\hotspot\share\prims\jni.cpp, line 517]
Event: 11.628 Thread 0x000001a302f563f0 Exception <a 'sun/nio/fs/WindowsException'{0x000000008e2c0050}> (0x000000008e2c0050) 
thrown [s\src\hotspot\share\prims\jni.cpp, line 517]
Event: 11.628 Thread 0x000001a302f563f0 Exception <a 'sun/nio/fs/WindowsException'{0x000000008e2c0470}> (0x000000008e2c0470) 
thrown [s\src\hotspot\share\prims\jni.cpp, line 517]
Event: 11.651 Thread 0x000001a37f102650 Exception <a 'sun/nio/fs/WindowsException'{0x000000008df46fd0}> (0x000000008df46fd0) 
thrown [s\src\hotspot\share\prims\jni.cpp, line 517]
Event: 11.651 Thread 0x000001a37f102650 Exception <a 'sun/nio/fs/WindowsException'{0x000000008df472d8}> (0x000000008df472d8) 
thrown [s\src\hotspot\share\prims\jni.cpp, line 517]
Event: 11.669 Thread 0x000001a37f106820 Exception <a 'java/lang/NoSuchMethodError'{0x000000008df6f558}: 'void java.lang.invoke.DirectMethodHandle$Holder.invokeStatic(java.lang.Object, long)'> (0x000000008df6f558) 
thrown [s\src\hotspot\share\interpreter\linkResolver.cpp, line 771]
Event: 11.670 Thread 0x000001a37f106820 Exception <a 'java/lang/NoSuchMethodError'{0x000000008df74e10}: 'java.lang.Object java.lang.invoke.DirectMethodHandle$Holder.newInvokeSpecial(java.lang.Object, long)'> (0x000000008df74e10) 
thrown [s\src\hotspot\share\interpreter\linkResolver.cpp, line 771]
Event: 11.674 Thread 0x000001a37f106820 Exception <a 'java/lang/NoSuchMethodError'{0x000000008df7e6f0}: 'java.lang.Object java.lang.invoke.DirectMethodHandle$Holder.invokeStatic(java.lang.Object, java.lang.Object, long, java.lang.Object)'> (0x000000008df7e6f0) 
thrown [s\src\hotspot\share\interpreter\linkResolver.cpp, line 771]
Event: 11.674 Thread 0x000001a37f106820 Exception <a 'java/lang/NoSuchMethodError'{0x000000008df82170}: 'java.lang.Object java.lang.invoke.DirectMethodHandle$Holder.invokeStaticInit(java.lang.Object, java.lang.Object, long, java.lang.Object)'> (0x000000008df82170) 
thrown [s\src\hotspot\share\interpreter\linkResolver.cpp, line 771]
Event: 12.177 Thread 0x000001a302f57830 Exception <a 'sun/nio/fs/WindowsException'{0x000000008b1e4180}> (0x000000008b1e4180) 
thrown [s\src\hotspot\share\prims\jni.cpp, line 517]
Event: 12.287 Thread 0x000001a302f57830 Exception <a 'sun/nio/fs/WindowsException'{0x0000000089ecbc48}> (0x0000000089ecbc48) 
thrown [s\src\hotspot\share\prims\jni.cpp, line 517]
Event: 12.497 Thread 0x000001a3039c8c20 Exception <a 'sun/nio/fs/WindowsException'{0x000000008eff5100}> (0x000000008eff5100) 
thrown [s\src\hotspot\share\prims\jni.cpp, line 517]
Event: 13.097 Thread 0x000001a3039c8c20 Exception <a 'java/lang/NoSuchMethodError'{0x000000008b8c67b0}: 'java.lang.Object java.lang.invoke.DirectMethodHandle$Holder.invokeStaticInit(java.lang.Object, java.lang.Object, java.lang.Object, java.lang.Object, java.lang.Object, java.lang.Object, java.lang.Object, java.lang.Object, java.lang.Object, java.lang.Object, java.lang.Object, java.lang.Object, java.lang.Object, java.lang.Object, java.lang.Object, java.lang.Object, java.lang.Object, java.lang.Object, java.lang.Object, java.lang.Object, int, java
Event: 13.448 Thread 0x000001a3039c9130 Implicit null exception at 0x000001a36c49fe83 to 0x000001a36c4a002c
Event: 13.448 Thread 0x000001a3039c9130 Exception <a 'java/lang/IncompatibleClassChangeError'{0x000000008d4a2ee8}: Found class java.lang.Object, but interface was expected> (0x000000008d4a2ee8) 
thrown [s\src\hotspot\share\interpreter\linkResolver.cpp, line 838]
Event: 13.500 Thread 0x000001a3039c4030 Exception <a 'java/lang/NoSuchMethodError'{0x000000008d016070}: 'long java.lang.invoke.DirectMethodHandle$Holder.invokeStatic(java.lang.Object, java.lang.Object, java.lang.Object)'> (0x000000008d016070) 
thrown [s\src\hotspot\share\interpreter\linkResolver.cpp, line 771]
Event: 13.516 Thread 0x000001a3039c9130 Exception <a 'java/lang/IncompatibleClassChangeError'{0x000000008cfb6f38}: Found class java.lang.Object, but interface was expected> (0x000000008cfb6f38) 
thrown [s\src\hotspot\share\interpreter\linkResolver.cpp, line 838]
Event: 13.516 Thread 0x000001a3039c9130 Exception <a 'java/lang/IncompatibleClassChangeError'{0x000000008cfbb010}: Found class java.lang.Object, but interface was expected> (0x000000008cfbb010) 
thrown [s\src\hotspot\share\interpreter\linkResolver.cpp, line 838]

VM Operations (20 events):
Event: 12.519 Executing VM operation: HandshakeAllThreads
Event: 12.519 Executing VM operation: HandshakeAllThreads done
Event: 12.528 Executing VM operation: HandshakeAllThreads
Event: 12.528 Executing VM operation: HandshakeAllThreads done
Event: 12.539 Executing VM operation: HandshakeAllThreads
Event: 12.540 Executing VM operation: HandshakeAllThreads done
Event: 12.541 Executing VM operation: HandshakeAllThreads
Event: 12.542 Executing VM operation: HandshakeAllThreads done
Event: 12.638 Executing VM operation: HandshakeAllThreads
Event: 12.639 Executing VM operation: HandshakeAllThreads done
Event: 12.639 Executing VM operation: HandshakeAllThreads
Event: 12.639 Executing VM operation: HandshakeAllThreads done
Event: 12.666 Executing VM operation: ICBufferFull
Event: 12.667 Executing VM operation: ICBufferFull done
Event: 12.952 Executing VM operation: HandshakeAllThreads
Event: 12.952 Executing VM operation: HandshakeAllThreads done
Event: 13.237 Executing VM operation: G1CollectForAllocation
Event: 13.246 Executing VM operation: G1CollectForAllocation done
Event: 13.642 Executing VM operation: HandshakeAllThreads
Event: 13.642 Executing VM operation: HandshakeAllThreads done

Events (20 events):
Event: 13.444 loading class java/util/concurrent/ForkJoinPool$DefaultForkJoinWorkerThreadFactory$1
Event: 13.444 loading class java/util/concurrent/ForkJoinPool$DefaultForkJoinWorkerThreadFactory$1 done
Event: 13.444 Thread 0x000001a3039c9130 Thread added: 0x000001a3039c9130
Event: 13.445 Thread 0x000001a3039c5470 Thread added: 0x000001a3039c5470
Event: 13.448 Thread 0x000001a3039c9640 Thread added: 0x000001a3039c9640
Event: 13.448 Thread 0x000001a3039c4030 Thread added: 0x000001a3039c4030
Event: 13.448 Thread 0x000001a3039c21d0 Thread added: 0x000001a3039c21d0
Event: 13.449 Thread 0x000001a3039c9b50 Thread added: 0x000001a3039c9b50
Event: 13.467 loading class java/lang/reflect/GenericSignatureFormatError
Event: 13.467 loading class java/lang/reflect/GenericSignatureFormatError done
Event: 13.497 loading class java/util/AbstractList$RandomAccessSubList
Event: 13.497 loading class java/util/AbstractList$SubList
Event: 13.498 loading class java/util/AbstractList$SubList done
Event: 13.498 loading class java/util/AbstractList$RandomAccessSubList done
Event: 13.498 loading class java/util/AbstractList$SubList$1
Event: 13.498 loading class java/util/AbstractList$SubList$1 done
Event: 13.592 loading class java/nio/ShortBuffer
Event: 13.592 loading class java/nio/ShortBuffer done
Event: 13.593 loading class java/nio/HeapShortBuffer
Event: 13.593 loading class java/nio/HeapShortBuffer done


Dynamic libraries:
0x00007ff695910000 - 0x00007ff69591a000 	D:\AndroidProjects\jbr\bin\java.exe
0x00007ffeb3710000 - 0x00007ffeb3926000 	C:\WINDOWS\SYSTEM32\ntdll.dll
0x00007ffeb2f10000 - 0x00007ffeb2fd4000 	C:\WINDOWS\System32\KERNEL32.DLL
0x00007ffeb0e30000 - 0x00007ffeb11d6000 	C:\WINDOWS\System32\KERNELBASE.dll
0x00007ffeb0ad0000 - 0x00007ffeb0be1000 	C:\WINDOWS\System32\ucrtbase.dll
0x00007ffeac000000 - 0x00007ffeac01b000 	D:\AndroidProjects\jbr\bin\VCRUNTIME140.dll
0x00007ffea2220000 - 0x00007ffea2237000 	D:\AndroidProjects\jbr\bin\jli.dll
0x00007ffeb3110000 - 0x00007ffeb32bd000 	C:\WINDOWS\System32\USER32.dll
0x00007ffe96f40000 - 0x00007ffe971d3000 	C:\WINDOWS\WinSxS\amd64_microsoft.windows.common-controls_6595b64144ccf1df_6.0.22621.3235_none_270f74e173860f98\COMCTL32.dll
0x00007ffeb0e00000 - 0x00007ffeb0e26000 	C:\WINDOWS\System32\win32u.dll
0x00007ffeb34b0000 - 0x00007ffeb3557000 	C:\WINDOWS\System32\msvcrt.dll
0x00007ffeb2fe0000 - 0x00007ffeb3009000 	C:\WINDOWS\System32\GDI32.dll
0x00007ffeb0bf0000 - 0x00007ffeb0d08000 	C:\WINDOWS\System32\gdi32full.dll
0x00007ffeb13c0000 - 0x00007ffeb145a000 	C:\WINDOWS\System32\msvcp_win.dll
0x00007ffeb3460000 - 0x00007ffeb3491000 	C:\WINDOWS\System32\IMM32.DLL
0x00007ffeac030000 - 0x00007ffeac03c000 	D:\AndroidProjects\jbr\bin\vcruntime140_1.dll
0x00007ffea2d90000 - 0x00007ffea2e1d000 	D:\AndroidProjects\jbr\bin\msvcp140.dll
0x00007ffea0cd0000 - 0x00007ffea1953000 	D:\AndroidProjects\jbr\bin\server\jvm.dll
0x00007ffeb15c0000 - 0x00007ffeb1672000 	C:\WINDOWS\System32\ADVAPI32.dll
0x00007ffeb3060000 - 0x00007ffeb3108000 	C:\WINDOWS\System32\sechost.dll
0x00007ffeb0dd0000 - 0x00007ffeb0df8000 	C:\WINDOWS\System32\bcrypt.dll
0x00007ffeb22a0000 - 0x00007ffeb23b5000 	C:\WINDOWS\System32\RPCRT4.dll
0x00007ffeb0920000 - 0x00007ffeb096d000 	C:\WINDOWS\SYSTEM32\POWRPROF.dll
0x00007ffea79b0000 - 0x00007ffea79ba000 	C:\WINDOWS\SYSTEM32\VERSION.dll
0x00007ffea4150000 - 0x00007ffea4159000 	C:\WINDOWS\SYSTEM32\WSOCK32.dll
0x00007ffea9930000 - 0x00007ffea9964000 	C:\WINDOWS\SYSTEM32\WINMM.dll
0x00007ffeb3640000 - 0x00007ffeb36b1000 	C:\WINDOWS\System32\WS2_32.dll
0x00007ffeb0900000 - 0x00007ffeb0913000 	C:\WINDOWS\SYSTEM32\UMPDC.dll
0x00007ffeafa90000 - 0x00007ffeafaa8000 	C:\WINDOWS\SYSTEM32\kernel.appcore.dll
0x00007ffea25b0000 - 0x00007ffea25ba000 	D:\AndroidProjects\jbr\bin\jimage.dll
0x00007ffeae460000 - 0x00007ffeae693000 	C:\WINDOWS\SYSTEM32\DBGHELP.DLL
0x00007ffeb23c0000 - 0x00007ffeb2748000 	C:\WINDOWS\System32\combase.dll
0x00007ffeb3560000 - 0x00007ffeb3637000 	C:\WINDOWS\System32\OLEAUT32.dll
0x00007ffe9c270000 - 0x00007ffe9c2a2000 	C:\WINDOWS\SYSTEM32\dbgcore.DLL
0x00007ffeb0a50000 - 0x00007ffeb0aca000 	C:\WINDOWS\System32\bcryptPrimitives.dll
0x00007ffea2240000 - 0x00007ffea224e000 	D:\AndroidProjects\jbr\bin\instrument.dll
0x00007ffea0ca0000 - 0x00007ffea0cc5000 	D:\AndroidProjects\jbr\bin\java.dll
0x00007ffea1cf0000 - 0x00007ffea1d08000 	D:\AndroidProjects\jbr\bin\zip.dll
0x00007ffeb1780000 - 0x00007ffeb1fdd000 	C:\WINDOWS\System32\SHELL32.dll
0x00007ffeae9b0000 - 0x00007ffeaf2a8000 	C:\WINDOWS\SYSTEM32\windows.storage.dll
0x00007ffeae870000 - 0x00007ffeae9ae000 	C:\WINDOWS\SYSTEM32\wintypes.dll
0x00007ffeb1680000 - 0x00007ffeb1773000 	C:\WINDOWS\System32\SHCORE.dll
0x00007ffeb2990000 - 0x00007ffeb29ee000 	C:\WINDOWS\System32\shlwapi.dll
0x00007ffeb0980000 - 0x00007ffeb09a6000 	C:\WINDOWS\SYSTEM32\profapi.dll
0x00007ffea0c80000 - 0x00007ffea0c99000 	D:\AndroidProjects\jbr\bin\net.dll
0x00007ffeaab90000 - 0x00007ffeaacc7000 	C:\WINDOWS\SYSTEM32\WINHTTP.dll
0x00007ffeaff10000 - 0x00007ffeaff79000 	C:\WINDOWS\system32\mswsock.dll
0x00007ffea0c60000 - 0x00007ffea0c76000 	D:\AndroidProjects\jbr\bin\nio.dll
0x00007ffea22e0000 - 0x00007ffea22f0000 	D:\AndroidProjects\jbr\bin\verify.dll
0x00007ffeab530000 - 0x00007ffeab557000 	C:\Users\HI\.gradle\native\c067742578af261105cb4f569cf0c3c89f3d7b1fecec35dd04571415982c5e48\windows-amd64\native-platform.dll
0x00007ffe76e80000 - 0x00007ffe76fc4000 	C:\Users\HI\.gradle\native\38dada09dfb8b06ba9b0570ebf7e218e3eb74d4ef43ca46872605cf95ebc2f47\windows-amd64\native-platform-file-events.dll
0x00007ffea2330000 - 0x00007ffea2339000 	D:\AndroidProjects\jbr\bin\management.dll
0x00007ffea0730000 - 0x00007ffea073b000 	D:\AndroidProjects\jbr\bin\management_ext.dll
0x00007ffeb34a0000 - 0x00007ffeb34a8000 	C:\WINDOWS\System32\PSAPI.DLL
0x00007ffeb0170000 - 0x00007ffeb018b000 	C:\WINDOWS\SYSTEM32\CRYPTSP.dll
0x00007ffeaf9f0000 - 0x00007ffeafa25000 	C:\WINDOWS\system32\rsaenh.dll
0x00007ffeb0000000 - 0x00007ffeb002c000 	C:\WINDOWS\SYSTEM32\USERENV.dll
0x00007ffeb0160000 - 0x00007ffeb016c000 	C:\WINDOWS\SYSTEM32\CRYPTBASE.dll
0x00007ffeaf510000 - 0x00007ffeaf53d000 	C:\WINDOWS\SYSTEM32\IPHLPAPI.DLL
0x00007ffeb29f0000 - 0x00007ffeb29f9000 	C:\WINDOWS\System32\NSI.dll
0x00007ffeaa780000 - 0x00007ffeaa799000 	C:\WINDOWS\SYSTEM32\dhcpcsvc6.DLL
0x00007ffeaa6b0000 - 0x00007ffeaa6cf000 	C:\WINDOWS\SYSTEM32\dhcpcsvc.DLL
0x00007ffeaf580000 - 0x00007ffeaf679000 	C:\WINDOWS\SYSTEM32\DNSAPI.dll
0x00007ffe80950000 - 0x00007ffe80958000 	C:\WINDOWS\system32\wshunix.dll

dbghelp: loaded successfully - version: 4.0.5 - missing functions: none
symbol engine: initialized successfully - sym options: 0x614 - pdb path: .;D:\AndroidProjects\jbr\bin;C:\WINDOWS\SYSTEM32;C:\WINDOWS\WinSxS\amd64_microsoft.windows.common-controls_6595b64144ccf1df_6.0.22621.3235_none_270f74e173860f98;D:\AndroidProjects\jbr\bin\server;C:\Users\HI\.gradle\native\c067742578af261105cb4f569cf0c3c89f3d7b1fecec35dd04571415982c5e48\windows-amd64;C:\Users\HI\.gradle\native\38dada09dfb8b06ba9b0570ebf7e218e3eb74d4ef43ca46872605cf95ebc2f47\windows-amd64

VM Arguments:
jvm_args: --add-opens=java.base/java.util=ALL-UNNAMED --add-opens=java.base/java.lang=ALL-UNNAMED --add-opens=java.base/java.lang.invoke=ALL-UNNAMED --add-opens=java.prefs/java.util.prefs=ALL-UNNAMED --add-opens=java.base/java.nio.charset=ALL-UNNAMED --add-opens=java.base/java.net=ALL-UNNAMED --add-opens=java.base/java.util.concurrent.atomic=ALL-UNNAMED -Xmx2048m -Dfile.encoding=UTF-8 -Duser.country=US -Duser.language=en -Duser.variant -javaagent:C:\Users\HI\.gradle\wrapper\dists\gradle-8.4-bin\1w5dpkrfk8irigvoxmyhowfim\gradle-8.4\lib\agents\gradle-instrumentation-agent-8.4.jar 
java_command: org.gradle.launcher.daemon.bootstrap.GradleDaemon 8.4
java_class_path (initial): C:\Users\HI\.gradle\wrapper\dists\gradle-8.4-bin\1w5dpkrfk8irigvoxmyhowfim\gradle-8.4\lib\gradle-launcher-8.4.jar
Launcher Type: SUN_STANDARD

[Global flags]
     intx CICompilerCount                          = 3                                         {product} {ergonomic}
     uint ConcGCThreads                            = 2                                         {product} {ergonomic}
     uint G1ConcRefinementThreads                  = 6                                         {product} {ergonomic}
   size_t G1HeapRegionSize                         = 1048576                                   {product} {ergonomic}
    uintx GCDrainStackTargetSize                   = 64                                        {product} {ergonomic}
   size_t InitialHeapSize                          = 123731968                                 {product} {ergonomic}
   size_t MarkStackSize                            = 4194304                                   {product} {ergonomic}
   size_t MaxHeapSize                              = 2147483648                                {product} {command line}
   size_t MaxNewSize                               = 1287651328                                {product} {ergonomic}
   size_t MinHeapDeltaBytes                        = 1048576                                   {product} {ergonomic}
   size_t MinHeapSize                              = 8388608                                   {product} {ergonomic}
    uintx NonNMethodCodeHeapSize                   = 5832780                                {pd product} {ergonomic}
    uintx NonProfiledCodeHeapSize                  = 122912730                              {pd product} {ergonomic}
    uintx ProfiledCodeHeapSize                     = 122912730                              {pd product} {ergonomic}
    uintx ReservedCodeCacheSize                    = 251658240                              {pd product} {ergonomic}
     bool SegmentedCodeCache                       = true                                      {product} {ergonomic}
   size_t SoftMaxHeapSize                          = 2147483648                             {manageable} {ergonomic}
     bool UseCompressedClassPointers               = true                           {product lp64_product} {ergonomic}
     bool UseCompressedOops                        = true                           {product lp64_product} {ergonomic}
     bool UseG1GC                                  = true                                      {product} {ergonomic}
     bool UseLargePagesIndividualAllocation        = false                                  {pd product} {ergonomic}

Logging:
Log output configuration:
 #0: stdout all=warning uptime,level,tags
 #1: stderr all=off uptime,level,tags

Environment Variables:
JAVA_HOME=C:\Java\
PATH=C:\Program Files\Common Files\Oracle\Java\javapath;C:\Program Files (x86)\VMware\VMware Workstation\bin\;C:\Java\bin;C:\WINDOWS\system32;C:\WINDOWS;C:\WINDOWS\System32\Wbem;C:\WINDOWS\System32\WindowsPowerShell\v1.0\;C:\WINDOWS\System32\OpenSSH\;C:\MinGW\bin\;C:\TDM-GCC-64\bin;C:\Program Files\Microsoft SQL Server\Client SDK\ODBC\170\Tools\Binn\;C:\Program Files (x86)\Microsoft SQL Server\150\Tools\Binn\;C:\Program Files\Microsoft SQL Server\150\Tools\Binn\;C:\Program Files\Microsoft SQL Server\150\DTS\Binn\;C:\Program Files (x86)\Microsoft SQL Server\160\DTS\Binn\;C:\Program Files (x86)\Microsoft SQL Server\160\Tools\Binn\;C:\Program Files\Microsoft SQL Server\160\Tools\Binn\;C:\Program Files\Microsoft SQL Server\160\DTS\Binn\;D:\;C:\dart-sdk;C:\Program Files\dotnet\;C:\Program Files\Git\cmd;C:\Program Files\MySQL\MySQL Shell 8.0\bin\;D:\Scripts\;D:\;D:\python\Scripts\;D:\python\;C:\Users\HI\AppData\Local\Microsoft\WindowsApps;C:\Users\HI\AppData\Local\Programs\Microsoft VS Code\bin;C:\TDM-GCC-64\bin;D:\php\php;C:\Program Files\JetBrains\PyCharm Community Edition 2021.2.3\bin;;;C:\Program Files\Azure Data Studio\bin;C:\Users\HI\AppData\Roaming\npm;C:\Users\HI\.dotnet\tools;C:\Program Files\JetBrains\IntelliJ IDEA 2023.2.2\bin;;C:\Program Files\JetBrains\IntelliJ IDEA Educational Edition 2022.2.2\bin;;C:\Program Files\JetBrains\IntelliJ IDEA Community Edition 2023.2.2\bin;
USERNAME=HI
OS=Windows_NT
PROCESSOR_IDENTIFIER=AMD64 Family 23 Model 96 Stepping 1, AuthenticAMD
TMP=C:\Users\HI\AppData\Local\Temp
TEMP=C:\Users\HI\AppData\Local\Temp



Periodic native trim disabled

JNI global refs:
JNI global refs: 28, weak refs: 30

JNI global refs memory usage: 843, weak refs: 841

OOME stack traces (most recent first):
Classloader memory used:
Loader org.gradle.internal.classloader.VisitableURLClassLoader                         : 4740K
Loader org.gradle.internal.classloader.VisitableURLClassLoader$InstrumentingVisitableURLClassLoader: 4200K
Loader bootstrap                                                                       : 2980K
Loader org.gradle.initialization.MixInLegacyTypesClassLoader                           : 1323K
Loader jdk.internal.reflect.DelegatingClassLoader                                      : 91828B
Loader jdk.internal.loader.ClassLoaders$PlatformClassLoader                            : 65508B
Loader jdk.internal.loader.ClassLoaders$AppClassLoader                                 : 28460B
Loader org.gradle.internal.classloader.VisitableURLClassLoader                         : 8085B


[error occurred during error reporting (Classloader stats), id 0xe0000001, Out of Memory Error (s\src\hotspot\share\memory\arena.cpp:79)]


---------------  S Y S T E M  ---------------

OS:
 Windows 11 , 64 bit Build 22621 (10.0.22621.3235)
OS uptime: 0 days 0:32 hours

CPU: total 6 (initial active 6) (6 cores per cpu, 1 threads per core) family 23 model 96 stepping 1 microcode 0x0, cx8, cmov, fxsr, mmx, 3dnowpref, sse, sse2, sse3, ssse3, sse4a, sse4.1, sse4.2, popcnt, lzcnt, tsc, tscinvbit, avx, avx2, aes, clmul, bmi1, bmi2, adx, sha, fma, vzeroupper, clflush, clflushopt
Processor Information for all 6 processors :
  Max Mhz: 2375, Current Mhz: 2375, Mhz Limit: 2375

Memory: 4k page, system-wide physical 7542M (469M free)
TotalPageFile size 11638M (AvailPageFile size 5M)
current process WorkingSet (physical memory assigned to process): 530M, peak: 530M
current process commit charge ("private bytes"): 566M, peak: 566M

vm_info: OpenJDK 64-Bit Server VM (17.0.9+0--11185874) for windows-amd64 JRE (17.0.9+0--11185874), built on Dec  6 2023 18:57:44 by "androidbuild" with MS VC++ 16.10 / 16.11 (VS2019)

END.
