#
# There is insufficient memory for the Java Runtime Environment to continue.
# Native memory allocation (malloc) failed to allocate 2100496 bytes for Chunk::new
# Possible reasons:
#   The system is out of physical RAM or swap space
#   The process is running with CompressedOops enabled, and the Java Heap may be blocking the growth of the native heap
# Possible solutions:
#   Reduce memory load on the system
#   Increase physical memory or swap space
#   Check if swap backing store is full
#   Decrease Java heap size (-Xmx/-Xms)
#   Decrease number of Java threads
#   Decrease Java thread stack sizes (-Xss)
#   Set larger code cache with -XX:ReservedCodeCacheSize=
#   JVM is running with Unscaled Compressed Oops mode in which the Java heap is
#     placed in the first 4GB address space. The Java Heap base address is the
#     maximum limit for the native heap growth. Please use -XX:HeapBaseMinAddress
#     to set the Java Heap base and to place the Java Heap above 4GB virtual address.
# This output file may be truncated or incomplete.
#
#  Out of Memory Error (src/hotspot/share/memory/arena.cpp:197), pid=11480, tid=10748
#
# JRE version: OpenJDK Runtime Environment (11.0.15) (build 11.0.15+0-b2043.56-8887301)
# Java VM: OpenJDK 64-Bit Server VM (11.0.15+0-b2043.56-8887301, mixed mode, tiered, compressed oops, g1 gc, windows-amd64)
# No core dump will be written. Minidumps are not enabled by default on client versions of Windows
#

---------------  S U M M A R Y ------------

Command Line: --add-opens=java.base/java.util=ALL-UNNAMED --add-opens=java.base/java.lang=ALL-UNNAMED --add-opens=java.base/java.lang.invoke=ALL-UNNAMED --add-opens=java.base/java.util=ALL-UNNAMED --add-opens=java.prefs/java.util.prefs=ALL-UNNAMED --add-opens=java.prefs/java.util.prefs=ALL-UNNAMED --add-opens=java.base/java.nio.charset=ALL-UNNAMED --add-opens=java.base/java.net=ALL-UNNAMED --add-opens=java.base/java.util.concurrent.atomic=ALL-UNNAMED -Xmx2048m -Dfile.encoding=UTF-8 -Duser.country=US -Duser.language=en -Duser.variant org.gradle.launcher.daemon.bootstrap.GradleDaemon 7.5

Host: AMD Ryzen 5 4500U with Radeon Graphics         , 6 cores, 7G,  Windows 11 , 64 bit Build 22621 (10.0.22621.2506)
Time: Wed Jan 17 10:49:16 2024 SE Asia Standard Time elapsed time: 6.699801 seconds (0d 0h 0m 6s)

---------------  T H R E A D  ---------------

Current thread (0x000002523f00c800):  JavaThread "C2 CompilerThread1" daemon [_thread_in_native, id=10748, stack(0x000000892bc00000,0x000000892bd00000)]


Current CompileTask:
C2:   6699 6128       4       org.objectweb.asm.Frame::execute (2318 bytes)

Stack: [0x000000892bc00000,0x000000892bd00000]
Native frames: (J=compiled Java code, j=interpreted, Vv=VM code, C=native code)
V  [jvm.dll+0x64135a]
V  [jvm.dll+0x7d39f9]
V  [jvm.dll+0x7d51b9]
V  [jvm.dll+0x7d58a3]
V  [jvm.dll+0x2691c5]
V  [jvm.dll+0xc1a5c]
V  [jvm.dll+0xc200c]
V  [jvm.dll+0x3774a7]
V  [jvm.dll+0x342495]
V  [jvm.dll+0x34186a]
V  [jvm.dll+0x2214bd]
V  [jvm.dll+0x220498]
V  [jvm.dll+0x19e851]
V  [jvm.dll+0x230479]
V  [jvm.dll+0x22e5ef]
V  [jvm.dll+0x794de1]
V  [jvm.dll+0x78dc24]
V  [jvm.dll+0x6400f6]
C  [ucrtbase.dll+0x29363]
C  [KERNEL32.DLL+0x1257d]
C  [ntdll.dll+0x5aa58]


---------------  P R O C E S S  ---------------

Threads class SMR info:
_java_thread_list=0x000002523c003ba0, length=101, elements={
0x000002522118c000, 0x000002523b1e5000, 0x000002523b1ee000, 0x000002523bb62800,
0x000002523b1fc000, 0x000002523b1fc800, 0x000002523b207800, 0x000002523b20b000,
0x000002523b217000, 0x000002523bcc4800, 0x000002523c619800, 0x000002523bf1c800,
0x000002523dab0800, 0x000002523d32f000, 0x000002523dabd000, 0x000002523e0fa000,
0x000002523e4c3800, 0x000002523d32c000, 0x000002523c854000, 0x000002523e1a1800,
0x000002523e4ff000, 0x000002523e4fc800, 0x000002523e4fd800, 0x000002523f00c800,
0x000002523e4fe000, 0x000002523efa5800, 0x000002523efa7000, 0x000002523efa7800,
0x000002523efa8800, 0x000002523efa6000, 0x000002523efaf000, 0x000002523efab000,
0x000002523efaa000, 0x000002523efa9800, 0x000002523efac800, 0x000002523efae800,
0x000002523efb0000, 0x000002523efb0800, 0x000002523efb4000, 0x000002523efb2800,
0x000002523efb3000, 0x000002523ed09800, 0x000002523ed0c000, 0x000002523ed0a800,
0x000002523ed0d000, 0x000002523ed0b800, 0x000002523ed0e000, 0x000002523ed08000,
0x000002523ed0e800, 0x000002523ed09000, 0x000002523ed0f800, 0x000002523ed10000,
0x000002523ed16800, 0x000002523ed11000, 0x000002523ed12800, 0x000002523ed16000,
0x000002523ed12000, 0x000002523ed13800, 0x000002523ed15000, 0x000002523ed14800,
0x0000025241ad3000, 0x0000025241ad1800, 0x0000025241acd000, 0x0000025241ad2000,
0x0000025241ace000, 0x0000025241ad3800, 0x0000025241ad4800, 0x0000025241ad0800,
0x0000025241acf800, 0x0000025241acf000, 0x0000025241ada800, 0x0000025241adb000,
0x0000025241ad5800, 0x0000025241adc000, 0x0000025241ad6000, 0x0000025241ad7000,
0x0000025241ad8000, 0x0000025241ad8800, 0x0000025241ad9800, 0x000002523e04c000,
0x000002523e04d000, 0x000002523e04b000, 0x000002523e051000, 0x000002523e04d800,
0x000002523e054000, 0x000002523e04e800, 0x000002523e04f800, 0x000002523e052000,
0x000002523e052800, 0x000002523e050000, 0x000002523e057800, 0x000002523e055000,
0x000002523e056000, 0x000002523e053800, 0x000002523e05a000, 0x000002523e056800,
0x000002523e058800, 0x000002523e059000, 0x000002523d59a000, 0x000002523d59e000,
0x000002523d59c800
}

Java Threads: ( => current thread )
  0x000002522118c000 JavaThread "main" [_thread_blocked, id=13160, stack(0x0000008929700000,0x0000008929800000)]
  0x000002523b1e5000 JavaThread "Reference Handler" daemon [_thread_blocked, id=3544, stack(0x0000008929e00000,0x0000008929f00000)]
  0x000002523b1ee000 JavaThread "Finalizer" daemon [_thread_blocked, id=8952, stack(0x0000008929f00000,0x000000892a000000)]
  0x000002523bb62800 JavaThread "Signal Dispatcher" daemon [_thread_blocked, id=5136, stack(0x000000892a000000,0x000000892a100000)]
  0x000002523b1fc000 JavaThread "Attach Listener" daemon [_thread_blocked, id=6160, stack(0x000000892a100000,0x000000892a200000)]
  0x000002523b1fc800 JavaThread "Service Thread" daemon [_thread_blocked, id=16548, stack(0x000000892a200000,0x000000892a300000)]
  0x000002523b207800 JavaThread "C2 CompilerThread0" daemon [_thread_in_native, id=9016, stack(0x000000892a300000,0x000000892a400000)]
  0x000002523b20b000 JavaThread "C1 CompilerThread0" daemon [_thread_blocked, id=10544, stack(0x000000892a400000,0x000000892a500000)]
  0x000002523b217000 JavaThread "Sweeper thread" daemon [_thread_blocked, id=13224, stack(0x000000892a500000,0x000000892a600000)]
  0x000002523bcc4800 JavaThread "Common-Cleaner" daemon [_thread_blocked, id=10908, stack(0x000000892a600000,0x000000892a700000)]
  0x000002523c619800 JavaThread "Daemon health stats" [_thread_blocked, id=10456, stack(0x000000892aa00000,0x000000892ab00000)]
  0x000002523bf1c800 JavaThread "Incoming local TCP Connector on port 63396" [_thread_in_native, id=1312, stack(0x000000892a800000,0x000000892a900000)]
  0x000002523dab0800 JavaThread "Daemon periodic checks" [_thread_blocked, id=5548, stack(0x000000892ab00000,0x000000892ac00000)]
  0x000002523d32f000 JavaThread "Daemon" [_thread_blocked, id=524, stack(0x000000892ac00000,0x000000892ad00000)]
  0x000002523dabd000 JavaThread "Handler for socket connection from /127.0.0.1:63396 to /127.0.0.1:63397" [_thread_in_native, id=7492, stack(0x000000892ad00000,0x000000892ae00000)]
  0x000002523e0fa000 JavaThread "Cancel handler" [_thread_blocked, id=16812, stack(0x000000892ae00000,0x000000892af00000)]
  0x000002523e4c3800 JavaThread "Daemon worker" [_thread_in_Java, id=4944, stack(0x000000892af00000,0x000000892b000000)]
  0x000002523d32c000 JavaThread "Asynchronous log dispatcher for DefaultDaemonConnection: socket connection from /127.0.0.1:63396 to /127.0.0.1:63397" [_thread_blocked, id=1612, stack(0x000000892b000000,0x000000892b100000)]
  0x000002523c854000 JavaThread "Stdin handler" [_thread_blocked, id=8196, stack(0x000000892b100000,0x000000892b200000)]
  0x000002523e1a1800 JavaThread "Daemon client event forwarder" [_thread_blocked, id=11720, stack(0x000000892b200000,0x000000892b300000)]
  0x000002523e4ff000 JavaThread "Cache worker for journal cache (C:\Users\HI\.gradle\caches\journal-1)" [_thread_blocked, id=2236, stack(0x000000892b800000,0x000000892b900000)]
  0x000002523e4fc800 JavaThread "File lock request listener" [_thread_in_native, id=17348, stack(0x000000892b900000,0x000000892ba00000)]
  0x000002523e4fd800 JavaThread "Cache worker for file hash cache (C:\Users\HI\.gradle\caches\7.5\fileHashes)" [_thread_blocked, id=14560, stack(0x000000892bb00000,0x000000892bc00000)]
=>0x000002523f00c800 JavaThread "C2 CompilerThread1" daemon [_thread_in_native, id=10748, stack(0x000000892bc00000,0x000000892bd00000)]
  0x000002523e4fe000 JavaThread "File watcher server" daemon [_thread_in_native, id=8600, stack(0x000000892bd00000,0x000000892be00000)]
  0x000002523efa5800 JavaThread "File watcher consumer" daemon [_thread_blocked, id=3584, stack(0x000000892be00000,0x000000892bf00000)]
  0x000002523efa7000 JavaThread "jar transforms" [_thread_blocked, id=8000, stack(0x000000892bf00000,0x000000892c000000)]
  0x000002523efa7800 JavaThread "jar transforms Thread 2" [_thread_blocked, id=2504, stack(0x000000892c000000,0x000000892c100000)]
  0x000002523efa8800 JavaThread "jar transforms Thread 3" [_thread_blocked, id=5544, stack(0x000000892c100000,0x000000892c200000)]
  0x000002523efa6000 JavaThread "jar transforms Thread 4" [_thread_blocked, id=9332, stack(0x000000892c200000,0x000000892c300000)]
  0x000002523efaf000 JavaThread "jar transforms Thread 5" [_thread_blocked, id=1460, stack(0x000000892c300000,0x000000892c400000)]
  0x000002523efab000 JavaThread "jar transforms Thread 6" [_thread_blocked, id=7404, stack(0x000000892c400000,0x000000892c500000)]
  0x000002523efaa000 JavaThread "Cache worker for checksums cache (C:\Users\HI\AndroidStudioProjects\TimeDatePicker\.gradle\7.5\checksums)" [_thread_blocked, id=12680, stack(0x000000892c500000,0x000000892c600000)]
  0x000002523efa9800 JavaThread "Cache worker for cache directory md-rule (C:\Users\HI\.gradle\caches\7.5\md-rule)" [_thread_blocked, id=8348, stack(0x000000892c600000,0x000000892c700000)]
  0x000002523efac800 JavaThread "Cache worker for file content cache (C:\Users\HI\.gradle\caches\7.5\fileContent)" [_thread_blocked, id=7528, stack(0x000000892c700000,0x000000892c800000)]
  0x000002523efae800 JavaThread "Cache worker for file hash cache (C:\Users\HI\AndroidStudioProjects\TimeDatePicker\.gradle\7.5\fileHashes)" [_thread_blocked, id=4112, stack(0x000000892c800000,0x000000892c900000)]
  0x000002523efb0000 JavaThread "Cache worker for cache directory md-supplier (C:\Users\HI\.gradle\caches\7.5\md-supplier)" [_thread_blocked, id=12608, stack(0x000000892c900000,0x000000892ca00000)]
  0x000002523efb0800 JavaThread "Cache worker for execution history cache (C:\Users\HI\.gradle\caches\7.5\executionHistory)" [_thread_blocked, id=7156, stack(0x000000892ca00000,0x000000892cb00000)]
  0x000002523efb4000 JavaThread "Cache worker for dependencies-accessors (C:\Users\HI\AndroidStudioProjects\TimeDatePicker\.gradle\7.5\dependencies-accessors)" [_thread_blocked, id=1644, stack(0x000000892cb00000,0x000000892cc00000)]
  0x000002523efb2800 JavaThread "Cache worker for Build Output Cleanup Cache (C:\Users\HI\AndroidStudioProjects\TimeDatePicker\.gradle\buildOutputCleanup)" [_thread_blocked, id=10212, stack(0x000000892cc00000,0x000000892cd00000)]
  0x000002523efb3000 JavaThread "Unconstrained build operations" [_thread_blocked, id=8108, stack(0x000000892cd00000,0x000000892ce00000)]
  0x000002523ed09800 JavaThread "Unconstrained build operations Thread 2" [_thread_blocked, id=10668, stack(0x000000892ce00000,0x000000892cf00000)]
  0x000002523ed0c000 JavaThread "Unconstrained build operations Thread 3" [_thread_blocked, id=15128, stack(0x000000892cf00000,0x000000892d000000)]
  0x000002523ed0a800 JavaThread "Unconstrained build operations Thread 4" [_thread_blocked, id=11660, stack(0x000000892d000000,0x000000892d100000)]
  0x000002523ed0d000 JavaThread "Unconstrained build operations Thread 5" [_thread_blocked, id=13104, stack(0x000000892d100000,0x000000892d200000)]
  0x000002523ed0b800 JavaThread "Unconstrained build operations Thread 6" [_thread_blocked, id=8032, stack(0x000000892d200000,0x000000892d300000)]
  0x000002523ed0e000 JavaThread "Unconstrained build operations Thread 7" [_thread_blocked, id=14472, stack(0x000000892d300000,0x000000892d400000)]
  0x000002523ed08000 JavaThread "Unconstrained build operations Thread 8" [_thread_blocked, id=7860, stack(0x000000892d400000,0x000000892d500000)]
  0x000002523ed0e800 JavaThread "Unconstrained build operations Thread 9" [_thread_blocked, id=7384, stack(0x000000892d500000,0x000000892d600000)]
  0x000002523ed09000 JavaThread "Unconstrained build operations Thread 10" [_thread_blocked, id=13056, stack(0x000000892d600000,0x000000892d700000)]
  0x000002523ed0f800 JavaThread "Unconstrained build operations Thread 11" [_thread_blocked, id=14872, stack(0x000000892d700000,0x000000892d800000)]
  0x000002523ed10000 JavaThread "Unconstrained build operations Thread 12" [_thread_blocked, id=13136, stack(0x000000892d800000,0x000000892d900000)]
  0x000002523ed16800 JavaThread "Unconstrained build operations Thread 13" [_thread_blocked, id=6732, stack(0x000000892d900000,0x000000892da00000)]
  0x000002523ed11000 JavaThread "Unconstrained build operations Thread 14" [_thread_blocked, id=4428, stack(0x000000892da00000,0x000000892db00000)]
  0x000002523ed12800 JavaThread "Unconstrained build operations Thread 15" [_thread_blocked, id=5292, stack(0x000000892db00000,0x000000892dc00000)]
  0x000002523ed16000 JavaThread "Unconstrained build operations Thread 16" [_thread_blocked, id=9652, stack(0x000000892dc00000,0x000000892dd00000)]
  0x000002523ed12000 JavaThread "Unconstrained build operations Thread 17" [_thread_blocked, id=5180, stack(0x000000892dd00000,0x000000892de00000)]
  0x000002523ed13800 JavaThread "Unconstrained build operations Thread 18" [_thread_blocked, id=13200, stack(0x000000892de00000,0x000000892df00000)]
  0x000002523ed15000 JavaThread "Unconstrained build operations Thread 19" [_thread_blocked, id=8824, stack(0x000000892df00000,0x000000892e000000)]
  0x000002523ed14800 JavaThread "Unconstrained build operations Thread 20" [_thread_blocked, id=3676, stack(0x000000892e000000,0x000000892e100000)]
  0x0000025241ad3000 JavaThread "Unconstrained build operations Thread 21" [_thread_blocked, id=1492, stack(0x000000892e100000,0x000000892e200000)]
  0x0000025241ad1800 JavaThread "Unconstrained build operations Thread 22" [_thread_blocked, id=12772, stack(0x000000892e200000,0x000000892e300000)]
  0x0000025241acd000 JavaThread "Unconstrained build operations Thread 23" [_thread_blocked, id=11224, stack(0x000000892e300000,0x000000892e400000)]
  0x0000025241ad2000 JavaThread "Unconstrained build operations Thread 24" [_thread_blocked, id=6492, stack(0x000000892e400000,0x000000892e500000)]
  0x0000025241ace000 JavaThread "Unconstrained build operations Thread 25" [_thread_blocked, id=9236, stack(0x000000892e500000,0x000000892e600000)]
  0x0000025241ad3800 JavaThread "Unconstrained build operations Thread 26" [_thread_blocked, id=660, stack(0x000000892e600000,0x000000892e700000)]
  0x0000025241ad4800 JavaThread "Unconstrained build operations Thread 27" [_thread_blocked, id=848, stack(0x000000892e700000,0x000000892e800000)]
  0x0000025241ad0800 JavaThread "Unconstrained build operations Thread 28" [_thread_blocked, id=14604, stack(0x000000892e800000,0x000000892e900000)]
  0x0000025241acf800 JavaThread "Unconstrained build operations Thread 29" [_thread_blocked, id=13216, stack(0x000000892e900000,0x000000892ea00000)]
  0x0000025241acf000 JavaThread "Unconstrained build operations Thread 30" [_thread_blocked, id=10696, stack(0x000000892ea00000,0x000000892eb00000)]
  0x0000025241ada800 JavaThread "Unconstrained build operations Thread 31" [_thread_blocked, id=3428, stack(0x000000892eb00000,0x000000892ec00000)]
  0x0000025241adb000 JavaThread "Unconstrained build operations Thread 32" [_thread_blocked, id=9828, stack(0x000000892ec00000,0x000000892ed00000)]
  0x0000025241ad5800 JavaThread "Unconstrained build operations Thread 33" [_thread_blocked, id=16604, stack(0x000000892ed00000,0x000000892ee00000)]
  0x0000025241adc000 JavaThread "Unconstrained build operations Thread 34" [_thread_blocked, id=15756, stack(0x000000892ee00000,0x000000892ef00000)]
  0x0000025241ad6000 JavaThread "Unconstrained build operations Thread 35" [_thread_blocked, id=9884, stack(0x000000892ef00000,0x000000892f000000)]
  0x0000025241ad7000 JavaThread "Unconstrained build operations Thread 36" [_thread_blocked, id=15232, stack(0x000000892f000000,0x000000892f100000)]
  0x0000025241ad8000 JavaThread "Unconstrained build operations Thread 37" [_thread_blocked, id=1272, stack(0x000000892f100000,0x000000892f200000)]
  0x0000025241ad8800 JavaThread "Unconstrained build operations Thread 38" [_thread_blocked, id=8504, stack(0x000000892f200000,0x000000892f300000)]
  0x0000025241ad9800 JavaThread "Unconstrained build operations Thread 39" [_thread_blocked, id=8136, stack(0x000000892f300000,0x000000892f400000)]
  0x000002523e04c000 JavaThread "Unconstrained build operations Thread 40" [_thread_blocked, id=8612, stack(0x000000892f400000,0x000000892f500000)]
  0x000002523e04d000 JavaThread "Unconstrained build operations Thread 41" [_thread_blocked, id=6272, stack(0x000000892f500000,0x000000892f600000)]
  0x000002523e04b000 JavaThread "Unconstrained build operations Thread 42" [_thread_blocked, id=14664, stack(0x000000892f600000,0x000000892f700000)]
  0x000002523e051000 JavaThread "Unconstrained build operations Thread 43" [_thread_blocked, id=5436, stack(0x000000892f700000,0x000000892f800000)]
  0x000002523e04d800 JavaThread "Unconstrained build operations Thread 44" [_thread_blocked, id=10068, stack(0x000000892f800000,0x000000892f900000)]
  0x000002523e054000 JavaThread "Unconstrained build operations Thread 45" [_thread_blocked, id=6796, stack(0x000000892f900000,0x000000892fa00000)]
  0x000002523e04e800 JavaThread "Unconstrained build operations Thread 46" [_thread_blocked, id=1728, stack(0x000000892fa00000,0x000000892fb00000)]
  0x000002523e04f800 JavaThread "Unconstrained build operations Thread 47" [_thread_blocked, id=8140, stack(0x000000892fb00000,0x000000892fc00000)]
  0x000002523e052000 JavaThread "Unconstrained build operations Thread 48" [_thread_blocked, id=4376, stack(0x000000892fc00000,0x000000892fd00000)]
  0x000002523e052800 JavaThread "Unconstrained build operations Thread 49" [_thread_blocked, id=2020, stack(0x000000892fd00000,0x000000892fe00000)]
  0x000002523e050000 JavaThread "Unconstrained build operations Thread 50" [_thread_blocked, id=12628, stack(0x000000892fe00000,0x000000892ff00000)]
  0x000002523e057800 JavaThread "Unconstrained build operations Thread 51" [_thread_blocked, id=15644, stack(0x000000892ff00000,0x0000008930000000)]
  0x000002523e055000 JavaThread "Unconstrained build operations Thread 52" [_thread_blocked, id=13300, stack(0x0000008930000000,0x0000008930100000)]
  0x000002523e056000 JavaThread "Unconstrained build operations Thread 53" [_thread_blocked, id=10300, stack(0x0000008930100000,0x0000008930200000)]
  0x000002523e053800 JavaThread "Unconstrained build operations Thread 54" [_thread_blocked, id=13804, stack(0x0000008930200000,0x0000008930300000)]
  0x000002523e05a000 JavaThread "Unconstrained build operations Thread 55" [_thread_blocked, id=13280, stack(0x0000008930300000,0x0000008930400000)]
  0x000002523e056800 JavaThread "Unconstrained build operations Thread 56" [_thread_blocked, id=13240, stack(0x0000008930400000,0x0000008930500000)]
  0x000002523e058800 JavaThread "Unconstrained build operations Thread 57" [_thread_blocked, id=16968, stack(0x0000008930500000,0x0000008930600000)]
  0x000002523e059000 JavaThread "Unconstrained build operations Thread 58" [_thread_blocked, id=13344, stack(0x0000008930600000,0x0000008930700000)]
  0x000002523d59a000 JavaThread "Unconstrained build operations Thread 59" [_thread_blocked, id=11096, stack(0x0000008930700000,0x0000008930800000)]
  0x000002523d59e000 JavaThread "Unconstrained build operations Thread 60" [_thread_blocked, id=11408, stack(0x0000008930800000,0x0000008930900000)]
  0x000002523d59c800 JavaThread "Memory manager" [_thread_blocked, id=2808, stack(0x0000008930900000,0x0000008930a00000)]

Other Threads:
  0x000002523b1df000 VMThread "VM Thread" [stack: 0x0000008929d00000,0x0000008929e00000] [id=16900]
  0x000002523bced000 WatcherThread [stack: 0x000000892a700000,0x000000892a800000] [id=60]
  0x00000252211a1800 GCTaskThread "GC Thread#0" [stack: 0x0000008929800000,0x0000008929900000] [id=1980]
  0x000002523c072800 GCTaskThread "GC Thread#1" [stack: 0x000000892a900000,0x000000892aa00000] [id=14844]
  0x000002523cd4f800 GCTaskThread "GC Thread#2" [stack: 0x000000892b300000,0x000000892b400000] [id=12812]
  0x000002523e500800 GCTaskThread "GC Thread#3" [stack: 0x000000892b400000,0x000000892b500000] [id=6604]
  0x000002523e8b6800 GCTaskThread "GC Thread#4" [stack: 0x000000892b500000,0x000000892b600000] [id=3180]
  0x000002523e8b7800 GCTaskThread "GC Thread#5" [stack: 0x000000892b600000,0x000000892b700000] [id=4800]
  0x00000252211d5000 ConcurrentGCThread "G1 Main Marker" [stack: 0x0000008929900000,0x0000008929a00000] [id=10924]
  0x00000252211d6800 ConcurrentGCThread "G1 Conc#0" [stack: 0x0000008929a00000,0x0000008929b00000] [id=12360]
  0x000002523e6b2000 ConcurrentGCThread "G1 Conc#1" [stack: 0x000000892ba00000,0x000000892bb00000] [id=15744]
  0x000002523b034800 ConcurrentGCThread "G1 Refine#0" [stack: 0x0000008929b00000,0x0000008929c00000] [id=3908]
  0x000002523c2c9800 ConcurrentGCThread "G1 Refine#1" [stack: 0x000000892b700000,0x000000892b800000] [id=3336]
  0x000002522124e000 ConcurrentGCThread "G1 Young RemSet Sampling" [stack: 0x0000008929c00000,0x0000008929d00000] [id=3880]

Threads with active compile tasks:
C2 CompilerThread0     6711 6097       4       sun.invoke.util.BytecodeDescriptor::unparseSig (91 bytes)
C2 CompilerThread1     6711 6128       4       org.objectweb.asm.Frame::execute (2318 bytes)

VM state:not at safepoint (normal execution)

VM Mutex/Monitor currently owned by a thread: None

Heap address: 0x0000000080000000, size: 2048 MB, Compressed Oops mode: 32-bit
Narrow klass base: 0x0000000000000000, Narrow klass shift: 3
Compressed class space size: 1073741824 Address: 0x0000000100000000

Heap:
 garbage-first heap   total 210944K, used 143804K [0x0000000080000000, 0x0000000100000000)
  region size 1024K, 40 young (40960K), 3 survivors (3072K)
 Metaspace       used 61925K, capacity 63726K, committed 63996K, reserved 1105920K
  class space    used 7882K, capacity 8555K, committed 8576K, reserved 1048576K
Heap Regions: E=young(eden), S=young(survivor), O=old, HS=humongous(starts), HC=humongous(continues), CS=collection set, F=free, A=archive, TAMS=top-at-mark-start (previous, next)
|   0|0x0000000080000000, 0x0000000080100000, 0x0000000080100000|100%| O|  |TAMS 0x0000000080100000, 0x0000000080000000| Untracked 
|   1|0x0000000080100000, 0x0000000080200000, 0x0000000080200000|100%| O|  |TAMS 0x0000000080200000, 0x0000000080100000| Untracked 
|   2|0x0000000080200000, 0x0000000080300000, 0x0000000080300000|100%| O|  |TAMS 0x0000000080300000, 0x0000000080200000| Untracked 
|   3|0x0000000080300000, 0x0000000080400000, 0x0000000080400000|100%|HS|  |TAMS 0x0000000080400000, 0x0000000080300000| Complete 
|   4|0x0000000080400000, 0x0000000080500000, 0x0000000080500000|100%|HC|  |TAMS 0x0000000080500000, 0x0000000080400000| Complete 
|   5|0x0000000080500000, 0x0000000080600000, 0x0000000080600000|100%|HC|  |TAMS 0x0000000080600000, 0x0000000080500000| Complete 
|   6|0x0000000080600000, 0x0000000080700000, 0x0000000080700000|100%| O|  |TAMS 0x0000000080700000, 0x0000000080600000| Untracked 
|   7|0x0000000080700000, 0x0000000080800000, 0x0000000080800000|100%| O|  |TAMS 0x0000000080800000, 0x0000000080700000| Untracked 
|   8|0x0000000080800000, 0x0000000080900000, 0x0000000080900000|100%| O|  |TAMS 0x0000000080900000, 0x0000000080800000| Untracked 
|   9|0x0000000080900000, 0x0000000080a00000, 0x0000000080a00000|100%| O|  |TAMS 0x0000000080a00000, 0x0000000080900000| Untracked 
|  10|0x0000000080a00000, 0x0000000080b00000, 0x0000000080b00000|100%| O|  |TAMS 0x0000000080b00000, 0x0000000080a00000| Untracked 
|  11|0x0000000080b00000, 0x0000000080c00000, 0x0000000080c00000|100%| O|  |TAMS 0x0000000080c00000, 0x0000000080b00000| Untracked 
|  12|0x0000000080c00000, 0x0000000080d00000, 0x0000000080d00000|100%| O|  |TAMS 0x0000000080d00000, 0x0000000080c00000| Untracked 
|  13|0x0000000080d00000, 0x0000000080e00000, 0x0000000080e00000|100%| O|  |TAMS 0x0000000080e00000, 0x0000000080d00000| Untracked 
|  14|0x0000000080e00000, 0x0000000080f00000, 0x0000000080f00000|100%| O|  |TAMS 0x0000000080f00000, 0x0000000080e00000| Untracked 
|  15|0x0000000080f00000, 0x0000000081000000, 0x0000000081000000|100%| O|  |TAMS 0x0000000081000000, 0x0000000080f00000| Untracked 
|  16|0x0000000081000000, 0x0000000081100000, 0x0000000081100000|100%|HS|  |TAMS 0x0000000081100000, 0x0000000081000000| Complete 
|  17|0x0000000081100000, 0x0000000081200000, 0x0000000081200000|100%|HC|  |TAMS 0x0000000081200000, 0x0000000081100000| Complete 
|  18|0x0000000081200000, 0x0000000081300000, 0x0000000081300000|100%|HS|  |TAMS 0x0000000081300000, 0x0000000081200000| Complete 
|  19|0x0000000081300000, 0x0000000081400000, 0x0000000081400000|100%|HC|  |TAMS 0x0000000081400000, 0x0000000081300000| Complete 
|  20|0x0000000081400000, 0x0000000081500000, 0x0000000081500000|100%|HC|  |TAMS 0x0000000081500000, 0x0000000081400000| Complete 
|  21|0x0000000081500000, 0x0000000081600000, 0x0000000081600000|100%|HS|  |TAMS 0x0000000081600000, 0x0000000081500000| Complete 
|  22|0x0000000081600000, 0x0000000081700000, 0x0000000081700000|100%|HC|  |TAMS 0x0000000081700000, 0x0000000081600000| Complete 
|  23|0x0000000081700000, 0x0000000081800000, 0x0000000081800000|100%|HC|  |TAMS 0x0000000081800000, 0x0000000081700000| Complete 
|  24|0x0000000081800000, 0x0000000081900000, 0x0000000081900000|100%|HS|  |TAMS 0x0000000081900000, 0x0000000081800000| Complete 
|  25|0x0000000081900000, 0x0000000081a00000, 0x0000000081a00000|100%|HC|  |TAMS 0x0000000081a00000, 0x0000000081900000| Complete 
|  26|0x0000000081a00000, 0x0000000081b00000, 0x0000000081b00000|100%|HS|  |TAMS 0x0000000081b00000, 0x0000000081a00000| Complete 
|  27|0x0000000081b00000, 0x0000000081c00000, 0x0000000081c00000|100%|HC|  |TAMS 0x0000000081c00000, 0x0000000081b00000| Complete 
|  28|0x0000000081c00000, 0x0000000081d00000, 0x0000000081d00000|100%|HC|  |TAMS 0x0000000081d00000, 0x0000000081c00000| Complete 
|  29|0x0000000081d00000, 0x0000000081e00000, 0x0000000081e00000|100%|HC|  |TAMS 0x0000000081e00000, 0x0000000081d00000| Complete 
|  30|0x0000000081e00000, 0x0000000081f00000, 0x0000000081f00000|100%|HC|  |TAMS 0x0000000081f00000, 0x0000000081e00000| Complete 
|  31|0x0000000081f00000, 0x0000000082000000, 0x0000000082000000|100%|HC|  |TAMS 0x0000000082000000, 0x0000000081f00000| Complete 
|  32|0x0000000082000000, 0x0000000082100000, 0x0000000082100000|100%|HC|  |TAMS 0x0000000082100000, 0x0000000082000000| Complete 
|  33|0x0000000082100000, 0x0000000082200000, 0x0000000082200000|100%|HC|  |TAMS 0x0000000082200000, 0x0000000082100000| Complete 
|  34|0x0000000082200000, 0x0000000082300000, 0x0000000082300000|100%|HC|  |TAMS 0x0000000082300000, 0x0000000082200000| Complete 
|  35|0x0000000082300000, 0x0000000082400000, 0x0000000082400000|100%|HC|  |TAMS 0x0000000082400000, 0x0000000082300000| Complete 
|  36|0x0000000082400000, 0x0000000082500000, 0x0000000082500000|100%|HS|  |TAMS 0x0000000082500000, 0x0000000082400000| Complete 
|  37|0x0000000082500000, 0x0000000082600000, 0x0000000082600000|100%|HC|  |TAMS 0x0000000082600000, 0x0000000082500000| Complete 
|  38|0x0000000082600000, 0x0000000082700000, 0x0000000082700000|100%|HS|  |TAMS 0x0000000082700000, 0x0000000082600000| Complete 
|  39|0x0000000082700000, 0x0000000082800000, 0x0000000082800000|100%|HC|  |TAMS 0x0000000082800000, 0x0000000082700000| Complete 
|  40|0x0000000082800000, 0x0000000082900000, 0x0000000082900000|100%|HC|  |TAMS 0x0000000082900000, 0x0000000082800000| Complete 
|  41|0x0000000082900000, 0x0000000082a00000, 0x0000000082a00000|100%|HC|  |TAMS 0x0000000082a00000, 0x0000000082900000| Complete 
|  42|0x0000000082a00000, 0x0000000082b00000, 0x0000000082b00000|100%|HC|  |TAMS 0x0000000082b00000, 0x0000000082a00000| Complete 
|  43|0x0000000082b00000, 0x0000000082c00000, 0x0000000082c00000|100%| O|  |TAMS 0x0000000082c00000, 0x0000000082b00000| Untracked 
|  44|0x0000000082c00000, 0x0000000082d00000, 0x0000000082d00000|100%| O|  |TAMS 0x0000000082d00000, 0x0000000082c00000| Untracked 
|  45|0x0000000082d00000, 0x0000000082e00000, 0x0000000082e00000|100%| O|  |TAMS 0x0000000082e00000, 0x0000000082d00000| Untracked 
|  46|0x0000000082e00000, 0x0000000082f00000, 0x0000000082f00000|100%| O|  |TAMS 0x0000000082f00000, 0x0000000082e00000| Untracked 
|  47|0x0000000082f00000, 0x0000000083000000, 0x0000000083000000|100%| O|  |TAMS 0x0000000083000000, 0x0000000082f00000| Untracked 
|  48|0x0000000083000000, 0x0000000083100000, 0x0000000083100000|100%| O|  |TAMS 0x0000000083100000, 0x0000000083000000| Untracked 
|  49|0x0000000083100000, 0x0000000083200000, 0x0000000083200000|100%| O|  |TAMS 0x0000000083200000, 0x0000000083100000| Untracked 
|  50|0x0000000083200000, 0x0000000083300000, 0x0000000083300000|100%| O|  |TAMS 0x0000000083300000, 0x0000000083200000| Untracked 
|  51|0x0000000083300000, 0x0000000083400000, 0x0000000083400000|100%| O|  |TAMS 0x0000000083400000, 0x0000000083300000| Untracked 
|  52|0x0000000083400000, 0x0000000083500000, 0x0000000083500000|100%| O|  |TAMS 0x0000000083500000, 0x0000000083400000| Untracked 
|  53|0x0000000083500000, 0x0000000083600000, 0x0000000083600000|100%| O|  |TAMS 0x0000000083600000, 0x0000000083500000| Untracked 
|  54|0x0000000083600000, 0x0000000083700000, 0x0000000083700000|100%| O|  |TAMS 0x0000000083700000, 0x0000000083600000| Untracked 
|  55|0x0000000083700000, 0x0000000083800000, 0x0000000083800000|100%| O|  |TAMS 0x0000000083800000, 0x0000000083700000| Untracked 
|  56|0x0000000083800000, 0x0000000083900000, 0x0000000083900000|100%| O|  |TAMS 0x0000000083900000, 0x0000000083800000| Untracked 
|  57|0x0000000083900000, 0x0000000083a00000, 0x0000000083a00000|100%| O|  |TAMS 0x0000000083a00000, 0x0000000083900000| Untracked 
|  58|0x0000000083a00000, 0x0000000083b00000, 0x0000000083b00000|100%| O|  |TAMS 0x0000000083b00000, 0x0000000083a00000| Untracked 
|  59|0x0000000083b00000, 0x0000000083c00000, 0x0000000083c00000|100%|HS|  |TAMS 0x0000000083c00000, 0x0000000083b00000| Complete 
|  60|0x0000000083c00000, 0x0000000083d00000, 0x0000000083d00000|100%|HC|  |TAMS 0x0000000083d00000, 0x0000000083c00000| Complete 
|  61|0x0000000083d00000, 0x0000000083e00000, 0x0000000083e00000|100%|HC|  |TAMS 0x0000000083e00000, 0x0000000083d00000| Complete 
|  62|0x0000000083e00000, 0x0000000083f00000, 0x0000000083f00000|100%|HS|  |TAMS 0x0000000083f00000, 0x0000000083e00000| Complete 
|  63|0x0000000083f00000, 0x0000000084000000, 0x0000000084000000|100%|HC|  |TAMS 0x0000000084000000, 0x0000000083f00000| Complete 
|  64|0x0000000084000000, 0x0000000084100000, 0x0000000084100000|100%|HC|  |TAMS 0x0000000084100000, 0x0000000084000000| Complete 
|  65|0x0000000084100000, 0x0000000084200000, 0x0000000084200000|100%|HC|  |TAMS 0x0000000084200000, 0x0000000084100000| Complete 
|  66|0x0000000084200000, 0x0000000084300000, 0x0000000084300000|100%|HC|  |TAMS 0x0000000084300000, 0x0000000084200000| Complete 
|  67|0x0000000084300000, 0x0000000084400000, 0x0000000084400000|100%|HC|  |TAMS 0x0000000084400000, 0x0000000084300000| Complete 
|  68|0x0000000084400000, 0x0000000084500000, 0x0000000084500000|100%|HC|  |TAMS 0x0000000084500000, 0x0000000084400000| Complete 
|  69|0x0000000084500000, 0x0000000084600000, 0x0000000084600000|100%|HC|  |TAMS 0x0000000084600000, 0x0000000084500000| Complete 
|  70|0x0000000084600000, 0x0000000084700000, 0x0000000084700000|100%|HC|  |TAMS 0x0000000084700000, 0x0000000084600000| Complete 
|  71|0x0000000084700000, 0x0000000084800000, 0x0000000084800000|100%|HC|  |TAMS 0x0000000084800000, 0x0000000084700000| Complete 
|  72|0x0000000084800000, 0x0000000084900000, 0x0000000084900000|100%|HS|  |TAMS 0x0000000084900000, 0x0000000084800000| Complete 
|  73|0x0000000084900000, 0x0000000084a00000, 0x0000000084a00000|100%|HC|  |TAMS 0x0000000084a00000, 0x0000000084900000| Complete 
|  74|0x0000000084a00000, 0x0000000084b00000, 0x0000000084b00000|100%|HS|  |TAMS 0x0000000084b00000, 0x0000000084a00000| Complete 
|  75|0x0000000084b00000, 0x0000000084c00000, 0x0000000084c00000|100%|HC|  |TAMS 0x0000000084c00000, 0x0000000084b00000| Complete 
|  76|0x0000000084c00000, 0x0000000084d00000, 0x0000000084d00000|100%|HC|  |TAMS 0x0000000084d00000, 0x0000000084c00000| Complete 
|  77|0x0000000084d00000, 0x0000000084e00000, 0x0000000084e00000|100%|HS|  |TAMS 0x0000000084e00000, 0x0000000084d00000| Complete 
|  78|0x0000000084e00000, 0x0000000084f00000, 0x0000000084f00000|100%|HC|  |TAMS 0x0000000084f00000, 0x0000000084e00000| Complete 
|  79|0x0000000084f00000, 0x0000000085000000, 0x0000000085000000|100%| O|  |TAMS 0x0000000085000000, 0x0000000084f00000| Untracked 
|  80|0x0000000085000000, 0x0000000085100000, 0x0000000085100000|100%| O|  |TAMS 0x0000000085100000, 0x0000000085000000| Untracked 
|  81|0x0000000085100000, 0x0000000085200000, 0x0000000085200000|100%| O|  |TAMS 0x0000000085200000, 0x0000000085100000| Untracked 
|  82|0x0000000085200000, 0x0000000085300000, 0x0000000085300000|100%| O|  |TAMS 0x0000000085300000, 0x0000000085200000| Untracked 
|  83|0x0000000085300000, 0x0000000085400000, 0x0000000085400000|100%| O|  |TAMS 0x0000000085400000, 0x0000000085300000| Untracked 
|  84|0x0000000085400000, 0x0000000085500000, 0x0000000085500000|100%| O|  |TAMS 0x0000000085500000, 0x0000000085400000| Untracked 
|  85|0x0000000085500000, 0x0000000085600000, 0x0000000085600000|100%| O|  |TAMS 0x0000000085600000, 0x0000000085500000| Untracked 
|  86|0x0000000085600000, 0x0000000085700000, 0x0000000085700000|100%| O|  |TAMS 0x0000000085700000, 0x0000000085600000| Untracked 
|  87|0x0000000085700000, 0x0000000085800000, 0x0000000085800000|100%|HS|  |TAMS 0x0000000085800000, 0x0000000085700000| Complete 
|  88|0x0000000085800000, 0x0000000085900000, 0x0000000085900000|100%|HC|  |TAMS 0x0000000085900000, 0x0000000085800000| Complete 
|  89|0x0000000085900000, 0x0000000085a00000, 0x0000000085a00000|100%|HC|  |TAMS 0x0000000085a00000, 0x0000000085900000| Complete 
|  90|0x0000000085a00000, 0x0000000085b00000, 0x0000000085b00000|100%|HC|  |TAMS 0x0000000085b00000, 0x0000000085a00000| Complete 
|  91|0x0000000085b00000, 0x0000000085c00000, 0x0000000085c00000|100%|HC|  |TAMS 0x0000000085c00000, 0x0000000085b00000| Complete 
|  92|0x0000000085c00000, 0x0000000085d00000, 0x0000000085d00000|100%|HS|  |TAMS 0x0000000085d00000, 0x0000000085c00000| Complete 
|  93|0x0000000085d00000, 0x0000000085e00000, 0x0000000085e00000|100%|HS|  |TAMS 0x0000000085e00000, 0x0000000085d00000| Complete 
|  94|0x0000000085e00000, 0x0000000085f00000, 0x0000000085f00000|100%| O|  |TAMS 0x0000000085f00000, 0x0000000085e00000| Untracked 
|  95|0x0000000085f00000, 0x0000000086000000, 0x0000000086000000|100%| O|  |TAMS 0x0000000086000000, 0x0000000085f00000| Untracked 
|  96|0x0000000086000000, 0x0000000086100000, 0x0000000086100000|100%| O|  |TAMS 0x0000000086071e00, 0x0000000086000000| Untracked 
|  97|0x0000000086100000, 0x0000000086100000, 0x0000000086200000|  0%| F|  |TAMS 0x0000000086100000, 0x0000000086100000| Untracked 
|  98|0x0000000086200000, 0x0000000086300000, 0x0000000086300000|100%| O|  |TAMS 0x0000000086200000, 0x0000000086200000| Untracked 
|  99|0x0000000086300000, 0x0000000086400000, 0x0000000086400000|100%| O|  |TAMS 0x0000000086300000, 0x0000000086300000| Untracked 
| 100|0x0000000086400000, 0x0000000086500000, 0x0000000086500000|100%| O|  |TAMS 0x0000000086400000, 0x0000000086400000| Untracked 
| 101|0x0000000086500000, 0x0000000086600000, 0x0000000086600000|100%| O|  |TAMS 0x0000000086500000, 0x0000000086500000| Untracked 
| 102|0x0000000086600000, 0x000000008668d200, 0x0000000086700000| 55%| O|  |TAMS 0x0000000086600000, 0x0000000086600000| Untracked 
| 103|0x0000000086700000, 0x0000000086700000, 0x0000000086800000|  0%| F|  |TAMS 0x0000000086700000, 0x0000000086700000| Untracked 
| 104|0x0000000086800000, 0x0000000086800000, 0x0000000086900000|  0%| F|  |TAMS 0x0000000086800000, 0x0000000086800000| Untracked 
| 105|0x0000000086900000, 0x0000000086900000, 0x0000000086a00000|  0%| F|  |TAMS 0x0000000086900000, 0x0000000086900000| Untracked 
| 106|0x0000000086a00000, 0x0000000086a00000, 0x0000000086b00000|  0%| F|  |TAMS 0x0000000086a00000, 0x0000000086a00000| Untracked 
| 107|0x0000000086b00000, 0x0000000086b00000, 0x0000000086c00000|  0%| F|  |TAMS 0x0000000086b00000, 0x0000000086b00000| Untracked 
| 108|0x0000000086c00000, 0x0000000086c00000, 0x0000000086d00000|  0%| F|  |TAMS 0x0000000086c00000, 0x0000000086c00000| Untracked 
| 109|0x0000000086d00000, 0x0000000086d00000, 0x0000000086e00000|  0%| F|  |TAMS 0x0000000086d00000, 0x0000000086d00000| Untracked 
| 110|0x0000000086e00000, 0x0000000086e00000, 0x0000000086f00000|  0%| F|  |TAMS 0x0000000086e00000, 0x0000000086e00000| Untracked 
| 111|0x0000000086f00000, 0x0000000086f00000, 0x0000000087000000|  0%| F|  |TAMS 0x0000000086f00000, 0x0000000086f00000| Untracked 
| 112|0x0000000087000000, 0x0000000087000000, 0x0000000087100000|  0%| F|  |TAMS 0x0000000087000000, 0x0000000087000000| Untracked 
| 113|0x0000000087100000, 0x0000000087100000, 0x0000000087200000|  0%| F|  |TAMS 0x0000000087100000, 0x0000000087100000| Untracked 
| 114|0x0000000087200000, 0x0000000087200000, 0x0000000087300000|  0%| F|  |TAMS 0x0000000087200000, 0x0000000087200000| Untracked 
| 115|0x0000000087300000, 0x0000000087300000, 0x0000000087400000|  0%| F|  |TAMS 0x0000000087300000, 0x0000000087300000| Untracked 
| 116|0x0000000087400000, 0x0000000087400000, 0x0000000087500000|  0%| F|  |TAMS 0x0000000087400000, 0x0000000087400000| Untracked 
| 117|0x0000000087500000, 0x0000000087500000, 0x0000000087600000|  0%| F|  |TAMS 0x0000000087500000, 0x0000000087500000| Untracked 
| 118|0x0000000087600000, 0x0000000087600000, 0x0000000087700000|  0%| F|  |TAMS 0x0000000087600000, 0x0000000087600000| Untracked 
| 119|0x0000000087700000, 0x0000000087700000, 0x0000000087800000|  0%| F|  |TAMS 0x0000000087700000, 0x0000000087700000| Untracked 
| 120|0x0000000087800000, 0x0000000087800000, 0x0000000087900000|  0%| F|  |TAMS 0x0000000087800000, 0x0000000087800000| Untracked 
| 121|0x0000000087900000, 0x0000000087900000, 0x0000000087a00000|  0%| F|  |TAMS 0x0000000087900000, 0x0000000087900000| Untracked 
| 122|0x0000000087a00000, 0x0000000087a00000, 0x0000000087b00000|  0%| F|  |TAMS 0x0000000087a00000, 0x0000000087a00000| Untracked 
| 123|0x0000000087b00000, 0x0000000087b00000, 0x0000000087c00000|  0%| F|  |TAMS 0x0000000087b00000, 0x0000000087b00000| Untracked 
| 124|0x0000000087c00000, 0x0000000087c00000, 0x0000000087d00000|  0%| F|  |TAMS 0x0000000087c00000, 0x0000000087c00000| Untracked 
| 125|0x0000000087d00000, 0x0000000087d00000, 0x0000000087e00000|  0%| F|  |TAMS 0x0000000087d00000, 0x0000000087d00000| Untracked 
| 126|0x0000000087e00000, 0x0000000087e00000, 0x0000000087f00000|  0%| F|  |TAMS 0x0000000087e00000, 0x0000000087e00000| Untracked 
| 127|0x0000000087f00000, 0x0000000087f00000, 0x0000000088000000|  0%| F|  |TAMS 0x0000000087f00000, 0x0000000087f00000| Untracked 
| 128|0x0000000088000000, 0x00000000880e1fe0, 0x0000000088100000| 88%| S|CS|TAMS 0x0000000088000000, 0x0000000088000000| Complete 
| 129|0x0000000088100000, 0x0000000088200000, 0x0000000088200000|100%| S|CS|TAMS 0x0000000088100000, 0x0000000088100000| Complete 
| 130|0x0000000088200000, 0x0000000088300000, 0x0000000088300000|100%| S|CS|TAMS 0x0000000088200000, 0x0000000088200000| Complete 
| 131|0x0000000088300000, 0x0000000088300000, 0x0000000088400000|  0%| F|  |TAMS 0x0000000088300000, 0x0000000088300000| Untracked 
| 132|0x0000000088400000, 0x0000000088400000, 0x0000000088500000|  0%| F|  |TAMS 0x0000000088400000, 0x0000000088400000| Untracked 
| 133|0x0000000088500000, 0x0000000088500000, 0x0000000088600000|  0%| F|  |TAMS 0x0000000088500000, 0x0000000088500000| Untracked 
| 134|0x0000000088600000, 0x0000000088600000, 0x0000000088700000|  0%| F|  |TAMS 0x0000000088600000, 0x0000000088600000| Untracked 
| 135|0x0000000088700000, 0x0000000088700000, 0x0000000088800000|  0%| F|  |TAMS 0x0000000088700000, 0x0000000088700000| Untracked 
| 136|0x0000000088800000, 0x0000000088800000, 0x0000000088900000|  0%| F|  |TAMS 0x0000000088800000, 0x0000000088800000| Untracked 
| 137|0x0000000088900000, 0x0000000088900000, 0x0000000088a00000|  0%| F|  |TAMS 0x0000000088900000, 0x0000000088900000| Untracked 
| 138|0x0000000088a00000, 0x0000000088a00000, 0x0000000088b00000|  0%| F|  |TAMS 0x0000000088a00000, 0x0000000088a00000| Untracked 
| 139|0x0000000088b00000, 0x0000000088b00000, 0x0000000088c00000|  0%| F|  |TAMS 0x0000000088b00000, 0x0000000088b00000| Untracked 
| 140|0x0000000088c00000, 0x0000000088c00000, 0x0000000088d00000|  0%| F|  |TAMS 0x0000000088c00000, 0x0000000088c00000| Untracked 
| 141|0x0000000088d00000, 0x0000000088d00000, 0x0000000088e00000|  0%| F|  |TAMS 0x0000000088d00000, 0x0000000088d00000| Untracked 
| 142|0x0000000088e00000, 0x0000000088e00000, 0x0000000088f00000|  0%| F|  |TAMS 0x0000000088e00000, 0x0000000088e00000| Untracked 
| 143|0x0000000088f00000, 0x0000000088f00000, 0x0000000089000000|  0%| F|  |TAMS 0x0000000088f00000, 0x0000000088f00000| Untracked 
| 144|0x0000000089000000, 0x0000000089000000, 0x0000000089100000|  0%| F|  |TAMS 0x0000000089000000, 0x0000000089000000| Untracked 
| 145|0x0000000089100000, 0x0000000089100000, 0x0000000089200000|  0%| F|  |TAMS 0x0000000089100000, 0x0000000089100000| Untracked 
| 146|0x0000000089200000, 0x0000000089200000, 0x0000000089300000|  0%| F|  |TAMS 0x0000000089200000, 0x0000000089200000| Untracked 
| 147|0x0000000089300000, 0x0000000089300000, 0x0000000089400000|  0%| F|  |TAMS 0x0000000089300000, 0x0000000089300000| Untracked 
| 148|0x0000000089400000, 0x0000000089400000, 0x0000000089500000|  0%| F|  |TAMS 0x0000000089400000, 0x0000000089400000| Untracked 
| 149|0x0000000089500000, 0x0000000089500000, 0x0000000089600000|  0%| F|  |TAMS 0x0000000089500000, 0x0000000089500000| Untracked 
| 150|0x0000000089600000, 0x0000000089600000, 0x0000000089700000|  0%| F|  |TAMS 0x0000000089600000, 0x0000000089600000| Untracked 
| 151|0x0000000089700000, 0x0000000089700000, 0x0000000089800000|  0%| F|  |TAMS 0x0000000089700000, 0x0000000089700000| Untracked 
| 152|0x0000000089800000, 0x0000000089800000, 0x0000000089900000|  0%| F|  |TAMS 0x0000000089800000, 0x0000000089800000| Untracked 
| 153|0x0000000089900000, 0x0000000089900000, 0x0000000089a00000|  0%| F|  |TAMS 0x0000000089900000, 0x0000000089900000| Untracked 
| 154|0x0000000089a00000, 0x0000000089a00000, 0x0000000089b00000|  0%| F|  |TAMS 0x0000000089a00000, 0x0000000089a00000| Untracked 
| 155|0x0000000089b00000, 0x0000000089b00000, 0x0000000089c00000|  0%| F|  |TAMS 0x0000000089b00000, 0x0000000089b00000| Untracked 
| 156|0x0000000089c00000, 0x0000000089c00000, 0x0000000089d00000|  0%| F|  |TAMS 0x0000000089c00000, 0x0000000089c00000| Untracked 
| 157|0x0000000089d00000, 0x0000000089d00000, 0x0000000089e00000|  0%| F|  |TAMS 0x0000000089d00000, 0x0000000089d00000| Untracked 
| 158|0x0000000089e00000, 0x0000000089e00000, 0x0000000089f00000|  0%| F|  |TAMS 0x0000000089e00000, 0x0000000089e00000| Untracked 
| 159|0x0000000089f00000, 0x0000000089f00000, 0x000000008a000000|  0%| F|  |TAMS 0x0000000089f00000, 0x0000000089f00000| Untracked 
| 160|0x000000008a000000, 0x000000008a000000, 0x000000008a100000|  0%| F|  |TAMS 0x000000008a000000, 0x000000008a000000| Untracked 
| 161|0x000000008a100000, 0x000000008a100000, 0x000000008a200000|  0%| F|  |TAMS 0x000000008a100000, 0x000000008a100000| Untracked 
| 162|0x000000008a200000, 0x000000008a200000, 0x000000008a300000|  0%| F|  |TAMS 0x000000008a200000, 0x000000008a200000| Untracked 
| 163|0x000000008a300000, 0x000000008a300000, 0x000000008a400000|  0%| F|  |TAMS 0x000000008a300000, 0x000000008a300000| Untracked 
| 164|0x000000008a400000, 0x000000008a400000, 0x000000008a500000|  0%| F|  |TAMS 0x000000008a400000, 0x000000008a400000| Untracked 
| 165|0x000000008a500000, 0x000000008a500000, 0x000000008a600000|  0%| F|  |TAMS 0x000000008a500000, 0x000000008a500000| Untracked 
| 166|0x000000008a600000, 0x000000008a600000, 0x000000008a700000|  0%| F|  |TAMS 0x000000008a600000, 0x000000008a600000| Untracked 
| 167|0x000000008a700000, 0x000000008a700000, 0x000000008a800000|  0%| F|  |TAMS 0x000000008a700000, 0x000000008a700000| Untracked 
| 168|0x000000008a800000, 0x000000008a807a30, 0x000000008a900000|  2%| E|  |TAMS 0x000000008a800000, 0x000000008a800000| Complete 
| 169|0x000000008a900000, 0x000000008aa00000, 0x000000008aa00000|100%| E|CS|TAMS 0x000000008a900000, 0x000000008a900000| Complete 
| 170|0x000000008aa00000, 0x000000008ab00000, 0x000000008ab00000|100%| E|CS|TAMS 0x000000008aa00000, 0x000000008aa00000| Complete 
| 171|0x000000008ab00000, 0x000000008ac00000, 0x000000008ac00000|100%| E|CS|TAMS 0x000000008ab00000, 0x000000008ab00000| Complete 
| 172|0x000000008ac00000, 0x000000008ad00000, 0x000000008ad00000|100%| E|CS|TAMS 0x000000008ac00000, 0x000000008ac00000| Complete 
| 173|0x000000008ad00000, 0x000000008ae00000, 0x000000008ae00000|100%| E|CS|TAMS 0x000000008ad00000, 0x000000008ad00000| Complete 
| 174|0x000000008ae00000, 0x000000008af00000, 0x000000008af00000|100%| E|CS|TAMS 0x000000008ae00000, 0x000000008ae00000| Complete 
| 175|0x000000008af00000, 0x000000008b000000, 0x000000008b000000|100%| E|CS|TAMS 0x000000008af00000, 0x000000008af00000| Complete 
| 176|0x000000008b000000, 0x000000008b100000, 0x000000008b100000|100%| E|CS|TAMS 0x000000008b000000, 0x000000008b000000| Complete 
| 177|0x000000008b100000, 0x000000008b200000, 0x000000008b200000|100%| E|CS|TAMS 0x000000008b100000, 0x000000008b100000| Complete 
| 178|0x000000008b200000, 0x000000008b300000, 0x000000008b300000|100%| E|CS|TAMS 0x000000008b200000, 0x000000008b200000| Complete 
| 179|0x000000008b300000, 0x000000008b400000, 0x000000008b400000|100%| E|CS|TAMS 0x000000008b300000, 0x000000008b300000| Complete 
| 180|0x000000008b400000, 0x000000008b500000, 0x000000008b500000|100%| E|CS|TAMS 0x000000008b400000, 0x000000008b400000| Complete 
| 181|0x000000008b500000, 0x000000008b600000, 0x000000008b600000|100%| E|CS|TAMS 0x000000008b500000, 0x000000008b500000| Complete 
| 182|0x000000008b600000, 0x000000008b700000, 0x000000008b700000|100%| E|CS|TAMS 0x000000008b600000, 0x000000008b600000| Complete 
| 183|0x000000008b700000, 0x000000008b800000, 0x000000008b800000|100%| E|CS|TAMS 0x000000008b700000, 0x000000008b700000| Complete 
| 184|0x000000008b800000, 0x000000008b900000, 0x000000008b900000|100%| E|CS|TAMS 0x000000008b800000, 0x000000008b800000| Complete 
| 185|0x000000008b900000, 0x000000008ba00000, 0x000000008ba00000|100%| E|CS|TAMS 0x000000008b900000, 0x000000008b900000| Complete 
| 186|0x000000008ba00000, 0x000000008bb00000, 0x000000008bb00000|100%| E|CS|TAMS 0x000000008ba00000, 0x000000008ba00000| Complete 
| 187|0x000000008bb00000, 0x000000008bc00000, 0x000000008bc00000|100%| E|CS|TAMS 0x000000008bb00000, 0x000000008bb00000| Complete 
| 188|0x000000008bc00000, 0x000000008bd00000, 0x000000008bd00000|100%| E|CS|TAMS 0x000000008bc00000, 0x000000008bc00000| Complete 
| 189|0x000000008bd00000, 0x000000008be00000, 0x000000008be00000|100%| E|CS|TAMS 0x000000008bd00000, 0x000000008bd00000| Complete 
| 190|0x000000008be00000, 0x000000008bf00000, 0x000000008bf00000|100%| E|CS|TAMS 0x000000008be00000, 0x000000008be00000| Complete 
| 191|0x000000008bf00000, 0x000000008c000000, 0x000000008c000000|100%| E|CS|TAMS 0x000000008bf00000, 0x000000008bf00000| Complete 
| 192|0x000000008c000000, 0x000000008c100000, 0x000000008c100000|100%| E|CS|TAMS 0x000000008c000000, 0x000000008c000000| Complete 
| 193|0x000000008c100000, 0x000000008c200000, 0x000000008c200000|100%| E|CS|TAMS 0x000000008c100000, 0x000000008c100000| Complete 
| 194|0x000000008c200000, 0x000000008c300000, 0x000000008c300000|100%| E|CS|TAMS 0x000000008c200000, 0x000000008c200000| Complete 
| 195|0x000000008c300000, 0x000000008c400000, 0x000000008c400000|100%| E|CS|TAMS 0x000000008c300000, 0x000000008c300000| Complete 
| 196|0x000000008c400000, 0x000000008c500000, 0x000000008c500000|100%| E|CS|TAMS 0x000000008c400000, 0x000000008c400000| Complete 
| 197|0x000000008c500000, 0x000000008c600000, 0x000000008c600000|100%| E|CS|TAMS 0x000000008c500000, 0x000000008c500000| Complete 
| 198|0x000000008c600000, 0x000000008c700000, 0x000000008c700000|100%| E|CS|TAMS 0x000000008c600000, 0x000000008c600000| Complete 
| 199|0x000000008c700000, 0x000000008c800000, 0x000000008c800000|100%| E|CS|TAMS 0x000000008c700000, 0x000000008c700000| Complete 
| 200|0x000000008c800000, 0x000000008c900000, 0x000000008c900000|100%| E|CS|TAMS 0x000000008c800000, 0x000000008c800000| Complete 
| 201|0x000000008c900000, 0x000000008ca00000, 0x000000008ca00000|100%| E|CS|TAMS 0x000000008c900000, 0x000000008c900000| Complete 
| 202|0x000000008ca00000, 0x000000008cb00000, 0x000000008cb00000|100%| E|CS|TAMS 0x000000008ca00000, 0x000000008ca00000| Complete 
| 203|0x000000008cb00000, 0x000000008cc00000, 0x000000008cc00000|100%| E|CS|TAMS 0x000000008cb00000, 0x000000008cb00000| Complete 
| 204|0x000000008cc00000, 0x000000008cd00000, 0x000000008cd00000|100%| E|CS|TAMS 0x000000008cc00000, 0x000000008cc00000| Complete 
| 205|0x000000008cd00000, 0x000000008ce00000, 0x000000008ce00000|100%| E|CS|TAMS 0x000000008cd00000, 0x000000008cd00000| Complete 

Card table byte_map: [0x00000252341b0000,0x00000252345b0000] _byte_map_base: 0x0000025233db0000

Marking Bits (Prev, Next): (CMBitMap*) 0x00000252211cb1e0, (CMBitMap*) 0x00000252211cb1a8
 Prev Bits: [0x00000252369b0000, 0x00000252389b0000)
 Next Bits: [0x00000252349b0000, 0x00000252369b0000)

Polling page: 0x000002521f150000

Metaspace:

Usage:
  Non-class:     53.88 MB capacity,    52.80 MB ( 98%) used,   922.23 KB (  2%) free+waste,   179.31 KB ( <1%) overhead. 
      Class:      8.35 MB capacity,     7.70 MB ( 92%) used,   581.91 KB (  7%) free+waste,    87.06 KB (  1%) overhead. 
       Both:     62.23 MB capacity,    60.50 MB ( 97%) used,     1.47 MB (  2%) free+waste,   266.38 KB ( <1%) overhead. 

Virtual space:
  Non-class space:       56.00 MB reserved,      54.12 MB ( 97%) committed 
      Class space:        1.00 GB reserved,       8.38 MB ( <1%) committed 
             Both:        1.05 GB reserved,      62.50 MB (  6%) committed 

Chunk freelists:
   Non-Class:  57.00 KB
       Class:  21.00 KB
        Both:  78.00 KB

MaxMetaspaceSize: 17179869184.00 GB
CompressedClassSpaceSize: 1.00 GB
Initial GC threshold: 20.80 MB
Current GC threshold: 88.54 MB
CDS: off

CodeHeap 'non-profiled nmethods': size=120064Kb used=3582Kb max_used=3582Kb free=116481Kb
 bounds [0x000002522c760000, 0x000002522cae0000, 0x0000025233ca0000]
CodeHeap 'profiled nmethods': size=120000Kb used=12870Kb max_used=12870Kb free=107129Kb
 bounds [0x0000025225230000, 0x0000025225ed0000, 0x000002522c760000]
CodeHeap 'non-nmethods': size=5696Kb used=2345Kb max_used=2372Kb free=3350Kb
 bounds [0x0000025224ca0000, 0x0000025224f10000, 0x0000025225230000]
 total_blobs=7084 nmethods=6223 adapters=773
 compilation: enabled
              stopped_count=0, restarted_count=0
 full_count=0

Compilation events (20 events):
Event: 6.664 Thread 0x000002523b20b000 6227       3       javax.management.StandardMBean::getDescription (11 bytes)
Event: 6.664 Thread 0x000002523b20b000 nmethod 6227 0x0000025225eb3f90 code [0x0000025225eb4140, 0x0000025225eb4338]
Event: 6.665 Thread 0x000002523b207800 nmethod 6211 0x000002522cadb690 code [0x000002522cadb860, 0x000002522cadbcb8]
Event: 6.666 Thread 0x000002523b207800 6212       4       java.lang.String$CaseInsensitiveComparator::compare (13 bytes)
Event: 6.667 Thread 0x000002523b20b000 6228       3       com.sun.jmx.mbeanserver.MXBeanIntrospector::originalTypeString (20 bytes)
Event: 6.667 Thread 0x000002523b20b000 nmethod 6228 0x0000025225eb4410 code [0x0000025225eb4600, 0x0000025225eb4a18]
Event: 6.667 Thread 0x000002523b20b000 6229       3       javax.management.ImmutableDescriptor::union (308 bytes)
Event: 6.668 Thread 0x000002523b20b000 nmethod 6229 0x0000025225eb4b10 code [0x0000025225eb4e80, 0x0000025225eb6868]
Event: 6.668 Thread 0x000002523b20b000 6231       3       javax.management.MBeanFeatureInfo::<init> (20 bytes)
Event: 6.668 Thread 0x000002523b20b000 nmethod 6231 0x0000025225eb7190 code [0x0000025225eb7340, 0x0000025225eb75b8]
Event: 6.672 Thread 0x000002523b207800 nmethod 6212 0x000002522cadc010 code [0x000002522cadc1e0, 0x000002522cadc898]
Event: 6.672 Thread 0x000002523b207800 6230       4       java.util.AbstractCollection::toArray (144 bytes)
Event: 6.676 Thread 0x000002523b207800 nmethod 6230 0x000002522cadcd90 code [0x000002522cadcf40, 0x000002522cadd418]
Event: 6.676 Thread 0x000002523b207800 6213       4       java.lang.String$CaseInsensitiveComparator::compare (68 bytes)
Event: 6.681 Thread 0x000002523b207800 nmethod 6213 0x000002522cadd790 code [0x000002522cadd940, 0x000002522caddf98]
Event: 6.682 Thread 0x000002523b207800 6194       4       java.util.Arrays::binarySearch (10 bytes)
Event: 6.683 Thread 0x000002523b207800 nmethod 6194 0x000002522cade410 code [0x000002522cade5a0, 0x000002522cade6f8]
Event: 6.683 Thread 0x000002523b207800 6214       4       java.util.HashMap::<init> (11 bytes)
Event: 6.684 Thread 0x000002523b207800 nmethod 6214 0x000002522cade890 code [0x000002522cadea20, 0x000002522cadea98]
Event: 6.684 Thread 0x000002523b207800 6143       4       java.lang.Class::getPackageName (81 bytes)

GC Heap History (20 events):
Event: 4.249 GC heap before
{Heap before GC invocations=13 (full 0):
 garbage-first heap   total 120832K, used 88642K [0x0000000080000000, 0x0000000100000000)
  region size 1024K, 26 young (26624K), 2 survivors (2048K)
 Metaspace       used 43125K, capacity 44267K, committed 44540K, reserved 1087488K
  class space    used 5502K, capacity 5924K, committed 6016K, reserved 1048576K
}
Event: 4.251 GC heap after
{Heap after GC invocations=14 (full 0):
 garbage-first heap   total 120832K, used 61551K [0x0000000080000000, 0x0000000100000000)
  region size 1024K, 3 young (3072K), 3 survivors (3072K)
 Metaspace       used 43125K, capacity 44267K, committed 44540K, reserved 1087488K
  class space    used 5502K, capacity 5924K, committed 6016K, reserved 1048576K
}
Event: 4.463 GC heap before
{Heap before GC invocations=14 (full 0):
 garbage-first heap   total 120832K, used 79983K [0x0000000080000000, 0x0000000100000000)
  region size 1024K, 22 young (22528K), 3 survivors (3072K)
 Metaspace       used 44469K, capacity 45619K, committed 45692K, reserved 1089536K
  class space    used 5690K, capacity 6113K, committed 6144K, reserved 1048576K
}
Event: 4.466 GC heap after
{Heap after GC invocations=15 (full 0):
 garbage-first heap   total 145408K, used 62446K [0x0000000080000000, 0x0000000100000000)
  region size 1024K, 3 young (3072K), 3 survivors (3072K)
 Metaspace       used 44469K, capacity 45619K, committed 45692K, reserved 1089536K
  class space    used 5690K, capacity 6113K, committed 6144K, reserved 1048576K
}
Event: 4.498 GC heap before
{Heap before GC invocations=16 (full 0):
 garbage-first heap   total 145408K, used 77806K [0x0000000080000000, 0x0000000100000000)
  region size 1024K, 4 young (4096K), 3 survivors (3072K)
 Metaspace       used 44469K, capacity 45619K, committed 45692K, reserved 1089536K
  class space    used 5690K, capacity 6113K, committed 6144K, reserved 1048576K
}
Event: 4.502 GC heap after
{Heap after GC invocations=17 (full 0):
 garbage-first heap   total 145408K, used 78505K [0x0000000080000000, 0x0000000100000000)
  region size 1024K, 3 young (3072K), 3 survivors (3072K)
 Metaspace       used 44469K, capacity 45619K, committed 45692K, reserved 1089536K
  class space    used 5690K, capacity 6113K, committed 6144K, reserved 1048576K
}
Event: 4.734 GC heap before
{Heap before GC invocations=18 (full 0):
 garbage-first heap   total 145408K, used 106153K [0x0000000080000000, 0x0000000100000000)
  region size 1024K, 27 young (27648K), 3 survivors (3072K)
 Metaspace       used 45738K, capacity 47014K, committed 47228K, reserved 1089536K
  class space    used 5840K, capacity 6340K, committed 6400K, reserved 1048576K
}
Event: 4.740 GC heap after
{Heap after GC invocations=19 (full 0):
 garbage-first heap   total 145408K, used 86665K [0x0000000080000000, 0x0000000100000000)
  region size 1024K, 5 young (5120K), 5 survivors (5120K)
 Metaspace       used 45738K, capacity 47014K, committed 47228K, reserved 1089536K
  class space    used 5840K, capacity 6340K, committed 6400K, reserved 1048576K
}
Event: 4.947 GC heap before
{Heap before GC invocations=20 (full 0):
 garbage-first heap   total 145408K, used 116361K [0x0000000080000000, 0x0000000100000000)
  region size 1024K, 33 young (33792K), 5 survivors (5120K)
 Metaspace       used 47414K, capacity 48707K, committed 48892K, reserved 1091584K
  class space    used 5986K, capacity 6472K, committed 6528K, reserved 1048576K
}
Event: 4.952 GC heap after
{Heap after GC invocations=21 (full 0):
 garbage-first heap   total 145408K, used 88691K [0x0000000080000000, 0x0000000100000000)
  region size 1024K, 3 young (3072K), 3 survivors (3072K)
 Metaspace       used 47414K, capacity 48707K, committed 48892K, reserved 1091584K
  class space    used 5986K, capacity 6472K, committed 6528K, reserved 1048576K
}
Event: 5.098 GC heap before
{Heap before GC invocations=21 (full 0):
 garbage-first heap   total 145408K, used 100979K [0x0000000080000000, 0x0000000100000000)
  region size 1024K, 16 young (16384K), 3 survivors (3072K)
 Metaspace       used 48488K, capacity 49832K, committed 50044K, reserved 1093632K
  class space    used 6167K, capacity 6656K, committed 6656K, reserved 1048576K
}
Event: 5.103 GC heap after
{Heap after GC invocations=22 (full 0):
 garbage-first heap   total 175104K, used 89736K [0x0000000080000000, 0x0000000100000000)
  region size 1024K, 1 young (1024K), 1 survivors (1024K)
 Metaspace       used 48488K, capacity 49832K, committed 50044K, reserved 1093632K
  class space    used 6167K, capacity 6656K, committed 6656K, reserved 1048576K
}
Event: 5.484 GC heap before
{Heap before GC invocations=23 (full 0):
 garbage-first heap   total 175104K, used 134792K [0x0000000080000000, 0x0000000100000000)
  region size 1024K, 40 young (40960K), 1 survivors (1024K)
 Metaspace       used 51264K, capacity 52698K, committed 52860K, reserved 1095680K
  class space    used 6608K, capacity 7142K, committed 7168K, reserved 1048576K
}
Event: 5.487 GC heap after
{Heap after GC invocations=24 (full 0):
 garbage-first heap   total 175104K, used 96761K [0x0000000080000000, 0x0000000100000000)
  region size 1024K, 3 young (3072K), 3 survivors (3072K)
 Metaspace       used 51264K, capacity 52698K, committed 52860K, reserved 1095680K
  class space    used 6608K, capacity 7142K, committed 7168K, reserved 1048576K
}
Event: 5.796 GC heap before
{Heap before GC invocations=24 (full 0):
 garbage-first heap   total 175104K, used 124409K [0x0000000080000000, 0x0000000100000000)
  region size 1024K, 32 young (32768K), 3 survivors (3072K)
 Metaspace       used 52121K, capacity 53644K, committed 53756K, reserved 1095680K
  class space    used 6666K, capacity 7235K, committed 7296K, reserved 1048576K
}
Event: 5.802 GC heap after
{Heap after GC invocations=25 (full 0):
 garbage-first heap   total 175104K, used 98202K [0x0000000080000000, 0x0000000100000000)
  region size 1024K, 5 young (5120K), 5 survivors (5120K)
 Metaspace       used 52121K, capacity 53644K, committed 53756K, reserved 1095680K
  class space    used 6666K, capacity 7235K, committed 7296K, reserved 1048576K
}
Event: 5.866 GC heap before
{Heap before GC invocations=26 (full 0):
 garbage-first heap   total 175104K, used 108442K [0x0000000080000000, 0x0000000100000000)
  region size 1024K, 14 young (14336K), 5 survivors (5120K)
 Metaspace       used 52520K, capacity 54114K, committed 54396K, reserved 1095680K
  class space    used 6731K, capacity 7309K, committed 7424K, reserved 1048576K
}
Event: 5.873 GC heap after
{Heap after GC invocations=27 (full 0):
 garbage-first heap   total 175104K, used 104807K [0x0000000080000000, 0x0000000100000000)
  region size 1024K, 6 young (6144K), 6 survivors (6144K)
 Metaspace       used 52520K, capacity 54114K, committed 54396K, reserved 1095680K
  class space    used 6731K, capacity 7309K, committed 7424K, reserved 1048576K
}
Event: 6.274 GC heap before
{Heap before GC invocations=28 (full 0):
 garbage-first heap   total 175104K, used 140647K [0x0000000080000000, 0x0000000100000000)
  region size 1024K, 40 young (40960K), 6 survivors (6144K)
 Metaspace       used 56431K, capacity 57983K, committed 58236K, reserved 1099776K
  class space    used 7212K, capacity 7828K, committed 7936K, reserved 1048576K
}
Event: 6.278 GC heap after
{Heap after GC invocations=29 (full 0):
 garbage-first heap   total 210944K, used 106940K [0x0000000080000000, 0x0000000100000000)
  region size 1024K, 3 young (3072K), 3 survivors (3072K)
 Metaspace       used 56431K, capacity 57983K, committed 58236K, reserved 1099776K
  class space    used 7212K, capacity 7828K, committed 7936K, reserved 1048576K
}

Deoptimization events (20 events):
Event: 6.667 Thread 0x000002523e4c3800 Uncommon trap: trap_request=0xffffffd6 fr.pc=0x000002522cadbbe4 relative=0x0000000000000384
Event: 6.667 Thread 0x000002523e4c3800 Uncommon trap: reason=array_check action=maybe_recompile pc=0x000002522cadbbe4 method=java.util.AbstractCollection.toArray([Ljava/lang/Object;)[Ljava/lang/Object; @ 116 c2
Event: 6.667 Thread 0x000002523e4c3800 DEOPT PACKING pc=0x000002522cadbbe4 sp=0x000000892aff46c0
Event: 6.667 Thread 0x000002523e4c3800 DEOPT UNPACKING pc=0x0000025224cea1af sp=0x000000892aff4660 mode 2
Event: 6.667 Thread 0x000002523e4c3800 Uncommon trap: trap_request=0xffffffd6 fr.pc=0x000002522cadbbe4 relative=0x0000000000000384
Event: 6.667 Thread 0x000002523e4c3800 Uncommon trap: reason=array_check action=maybe_recompile pc=0x000002522cadbbe4 method=java.util.AbstractCollection.toArray([Ljava/lang/Object;)[Ljava/lang/Object; @ 116 c2
Event: 6.667 Thread 0x000002523e4c3800 DEOPT PACKING pc=0x000002522cadbbe4 sp=0x000000892aff45b0
Event: 6.667 Thread 0x000002523e4c3800 DEOPT UNPACKING pc=0x0000025224cea1af sp=0x000000892aff4550 mode 2
Event: 6.667 Thread 0x000002523e4c3800 Uncommon trap: trap_request=0xffffffd6 fr.pc=0x000002522cadbbe4 relative=0x0000000000000384
Event: 6.667 Thread 0x000002523e4c3800 Uncommon trap: reason=array_check action=maybe_recompile pc=0x000002522cadbbe4 method=java.util.AbstractCollection.toArray([Ljava/lang/Object;)[Ljava/lang/Object; @ 116 c2
Event: 6.667 Thread 0x000002523e4c3800 DEOPT PACKING pc=0x000002522cadbbe4 sp=0x000000892aff46c0
Event: 6.667 Thread 0x000002523e4c3800 DEOPT UNPACKING pc=0x0000025224cea1af sp=0x000000892aff4660 mode 2
Event: 6.667 Thread 0x000002523e4c3800 Uncommon trap: trap_request=0xffffffd6 fr.pc=0x000002522cadbbe4 relative=0x0000000000000384
Event: 6.667 Thread 0x000002523e4c3800 Uncommon trap: reason=array_check action=maybe_recompile pc=0x000002522cadbbe4 method=java.util.AbstractCollection.toArray([Ljava/lang/Object;)[Ljava/lang/Object; @ 116 c2
Event: 6.667 Thread 0x000002523e4c3800 DEOPT PACKING pc=0x000002522cadbbe4 sp=0x000000892aff45b0
Event: 6.667 Thread 0x000002523e4c3800 DEOPT UNPACKING pc=0x0000025224cea1af sp=0x000000892aff4550 mode 2
Event: 6.670 Thread 0x000002523e4c3800 Uncommon trap: trap_request=0xffffff4d fr.pc=0x000002522c95cfe0 relative=0x00000000000001c0
Event: 6.670 Thread 0x000002523e4c3800 Uncommon trap: reason=unstable_if action=reinterpret pc=0x000002522c95cfe0 method=java.security.SecureClassLoader$CodeSourceKey.hashCode()I @ 9 c2
Event: 6.670 Thread 0x000002523e4c3800 DEOPT PACKING pc=0x000002522c95cfe0 sp=0x000000892aff1c30
Event: 6.670 Thread 0x000002523e4c3800 DEOPT UNPACKING pc=0x0000025224cea1af sp=0x000000892aff1bc0 mode 2

Classes redefined (0 events):
No events

Internal exceptions (20 events):
Event: 5.837 Thread 0x000002523e4c3800 Exception <a 'java/security/PrivilegedActionException'{0x000000008a771c10}> (0x000000008a771c10) thrown at [src/hotspot/share/prims/jvm.cpp, line 1306]
Event: 5.993 Thread 0x000002523e4c3800 Exception <a 'java/lang/NoSuchMethodError'{0x0000000089ae2bf8}: 'java.lang.Object java.lang.invoke.DirectMethodHandle$Holder.invokeStatic(java.lang.Object, java.lang.Object, java.lang.Object, java.lang.Object, int)'> (0x0000000089ae2bf8) thrown at [src/hotspot/share/interpreter/linkResolver.cpp, line 773]
Event: 5.994 Thread 0x000002523e4c3800 Exception <a 'java/lang/NoSuchMethodError'{0x0000000089ae7898}: 'java.lang.Object java.lang.invoke.DirectMethodHandle$Holder.invokeSpecial(java.lang.Object, java.lang.Object, java.lang.Object, java.lang.Object, java.lang.Object, int)'> (0x0000000089ae7898) thrown at [src/hotspot/share/interpreter/linkResolver.cpp, line 773]
Event: 5.994 Thread 0x000002523e4c3800 Exception <a 'java/lang/NoSuchMethodError'{0x0000000089aec180}: 'java.lang.Object java.lang.invoke.Invokers$Holder.linkToTargetMethod(java.lang.Object, java.lang.Object, java.lang.Object, int, java.lang.Object)'> (0x0000000089aec180) thrown at [src/hotspot/share/interpreter/linkResolver.cpp, line 773]
Event: 6.007 Thread 0x000002523e4c3800 Exception <a 'java/lang/NoSuchMethodError'{0x00000000899c7708}: 'java.lang.Object java.lang.invoke.Invokers$Holder.linkToTargetMethod(java.lang.Object, int, int, java.lang.Object)'> (0x00000000899c7708) thrown at [src/hotspot/share/interpreter/linkResolver.cpp, line 773]
Event: 6.009 Thread 0x000002523e4c3800 Exception <a 'java/lang/NoSuchMethodError'{0x00000000899df938}: 'java.lang.Object java.lang.invoke.DirectMethodHandle$Holder.invokeStatic(java.lang.Object, java.lang.Object, int, int, java.lang.Object, java.lang.Object)'> (0x00000000899df938) thrown at [src/hotspot/share/interpreter/linkResolver.cpp, line 773]
Event: 6.198 Thread 0x000002523e4c3800 Exception <a 'java/lang/NoSuchMethodError'{0x00000000889c56c8}: 'java.lang.Object java.lang.invoke.DirectMethodHandle$Holder.invokeStatic(java.lang.Object, java.lang.Object, java.lang.Object, java.lang.Object, java.lang.Object, java.lang.Object, java.lang.Object, java.lang.Object, java.lang.Object, java.lang.Object, java.lang.Object, java.lang.Object, java.lang.Object, int)'> (0x00000000889c56c8) thrown at [src/hotspot/share/interpreter/linkResolver.cpp, line 773]
Event: 6.199 Thread 0x000002523e4c3800 Exception <a 'java/lang/NoSuchMethodError'{0x00000000889d30b0}: 'java.lang.Object java.lang.invoke.DirectMethodHandle$Holder.invokeStatic(java.lang.Object, java.lang.Object, java.lang.Object, java.lang.Object, java.lang.Object, java.lang.Object, java.lang.Object, java.lang.Object, java.lang.Object, java.lang.Object, java.lang.Object, java.lang.Object, java.lang.Object, int, int)'> (0x00000000889d30b0) thrown at [src/hotspot/share/interpreter/linkResolver.cpp, line 773]
Event: 6.231 Thread 0x000002523e4c3800 Exception <a 'java/lang/NoSuchMethodError'{0x00000000886399e8}: 'int java.lang.invoke.DirectMethodHandle$Holder.invokeInterface(java.lang.Object, java.lang.Object, java.lang.Object, java.lang.Object)'> (0x00000000886399e8) thrown at [src/hotspot/share/interpreter/linkResolver.cpp, line 773]
Event: 6.498 Thread 0x000002523e4c3800 Exception <a 'java/lang/NoSuchMethodError'{0x000000008b99b3b0}: 'java.lang.Object java.lang.invoke.DirectMethodHandle$Holder.invokeSpecial(java.lang.Object, java.lang.Object, int, int, int, java.lang.Object, java.lang.Object, java.lang.Object, java.lang.Object)'> (0x000000008b99b3b0) thrown at [src/hotspot/share/interpreter/linkResolver.cpp, line 773]
Event: 6.498 Thread 0x000002523e4c3800 Exception <a 'java/lang/NoSuchMethodError'{0x000000008b99fe00}: 'java.lang.Object java.lang.invoke.DelegatingMethodHandle$Holder.reinvoke_L(java.lang.Object, int, int, int, java.lang.Object, java.lang.Object, java.lang.Object, java.lang.Object)'> (0x000000008b99fe00) thrown at [src/hotspot/share/interpreter/linkResolver.cpp, line 773]
Event: 6.499 Thread 0x000002523e4c3800 Exception <a 'java/lang/NoSuchMethodError'{0x000000008b9a8808}: 'java.lang.Object java.lang.invoke.DirectMethodHandle$Holder.invokeStatic(java.lang.Object, java.lang.Object, java.lang.Object, java.lang.Object, java.lang.Object, int)'> (0x000000008b9a8808) thrown at [src/hotspot/share/interpreter/linkResolver.cpp, line 773]
Event: 6.599 Thread 0x000002523e4c3800 Exception <a 'java/lang/NoSuchMethodError'{0x000000008b010110}: 'java.lang.Object java.lang.invoke.DirectMethodHandle$Holder.invokeSpecial(java.lang.Object, java.lang.Object, int, int, java.lang.Object, java.lang.Object, java.lang.Object)'> (0x000000008b010110) thrown at [src/hotspot/share/interpreter/linkResolver.cpp, line 773]
Event: 6.599 Thread 0x000002523e4c3800 Exception <a 'java/lang/NoSuchMethodError'{0x000000008b014e88}: 'java.lang.Object java.lang.invoke.DelegatingMethodHandle$Holder.reinvoke_L(java.lang.Object, int, int, java.lang.Object, java.lang.Object, java.lang.Object)'> (0x000000008b014e88) thrown at [src/hotspot/share/interpreter/linkResolver.cpp, line 773]
Event: 6.601 Thread 0x000002523e4c3800 Exception <a 'java/lang/NoSuchMethodError'{0x000000008b02ba00}: 'java.lang.Object java.lang.invoke.DirectMethodHandle$Holder.invokeStatic(java.lang.Object, java.lang.Object, java.lang.Object, java.lang.Object, int, int)'> (0x000000008b02ba00) thrown at [src/hotspot/share/interpreter/linkResolver.cpp, line 773]
Event: 6.602 Thread 0x000002523e4c3800 Exception <a 'java/lang/NoSuchMethodError'{0x000000008b042320}: 'java.lang.Object java.lang.invoke.DirectMethodHandle$Holder.invokeStatic(java.lang.Object, java.lang.Object, java.lang.Object, java.lang.Object, int, int, java.lang.Object)'> (0x000000008b042320) thrown at [src/hotspot/share/interpreter/linkResolver.cpp, line 773]
Event: 6.603 Thread 0x000002523e4c3800 Exception <a 'java/lang/NoSuchMethodError'{0x000000008b05a5b8}: 'java.lang.Object java.lang.invoke.DirectMethodHandle$Holder.invokeStatic(java.lang.Object, java.lang.Object, java.lang.Object, java.lang.Object, int, int, java.lang.Object, java.lang.Object)'> (0x000000008b05a5b8) thrown at [src/hotspot/share/interpreter/linkResolver.cpp, line 773]
Event: 6.604 Thread 0x000002523e4c3800 Exception <a 'java/lang/NoSuchMethodError'{0x000000008b073dd8}: 'java.lang.Object java.lang.invoke.DirectMethodHandle$Holder.invokeStatic(java.lang.Object, java.lang.Object, java.lang.Object, java.lang.Object, int, int, java.lang.Object, java.lang.Object, java.lang.Object)'> (0x000000008b073dd8) thrown at [src/hotspot/share/interpreter/linkResolver.cpp, line 773]
Event: 6.633 Thread 0x000002523e4c3800 Exception <a 'java/lang/IncompatibleClassChangeError'{0x000000008afa0368}: Found class java.lang.Object, but interface was expected> (0x000000008afa0368) thrown at [src/hotspot/share/interpreter/linkResolver.cpp, line 839]
Event: 6.670 Thread 0x000002523e4c3800 Implicit null exception at 0x000002522c95ce54 to 0x000002522c95cfd0

Events (20 events):
Event: 6.684 loading class org/gradle/internal/snapshot/impl/JavaSerializedValueSnapshot
Event: 6.684 loading class org/gradle/internal/snapshot/impl/JavaSerializedValueSnapshot done
Event: 6.685 loading class org/gradle/internal/snapshot/impl/IsolatedEnumValueSnapshot
Event: 6.685 loading class org/gradle/internal/snapshot/impl/IsolatedEnumValueSnapshot done
Event: 6.685 loading class org/gradle/internal/snapshot/impl/EnumValueSnapshot
Event: 6.685 loading class org/gradle/internal/snapshot/impl/EnumValueSnapshot done
Event: 6.685 loading class org/gradle/internal/snapshot/impl/IsolatedList
Event: 6.685 loading class org/gradle/internal/snapshot/impl/IsolatedList done
Event: 6.686 loading class org/gradle/internal/snapshot/impl/AbstractListSnapshot
Event: 6.686 loading class org/gradle/internal/snapshot/impl/AbstractListSnapshot done
Event: 6.686 loading class org/gradle/internal/snapshot/impl/IsolatedSet
Event: 6.686 loading class org/gradle/internal/snapshot/impl/IsolatedSet done
Event: 6.686 loading class org/gradle/internal/snapshot/impl/AbstractSetSnapshot
Event: 6.686 loading class org/gradle/internal/snapshot/impl/AbstractSetSnapshot done
Event: 6.687 loading class org/gradle/workers/internal/DefaultActionExecutionSpecFactory
Event: 6.687 loading class org/gradle/workers/internal/DefaultActionExecutionSpecFactory done
Event: 6.687 loading class org/gradle/workers/internal/WorkSerializationException
Event: 6.687 loading class org/gradle/workers/internal/WorkSerializationException done
Event: 6.688 loading class org/gradle/process/internal/health/memory/MemoryHolder
Event: 6.688 loading class org/gradle/process/internal/health/memory/MemoryHolder done


Dynamic libraries:
0x00007ff6dbb00000 - 0x00007ff6dbb0a000 	D:\FongAndroid\jbr\bin\java.exe
0x00007ffedd590000 - 0x00007ffedd7a7000 	C:\WINDOWS\SYSTEM32\ntdll.dll
0x00007ffedcb90000 - 0x00007ffedcc54000 	C:\WINDOWS\System32\KERNEL32.DLL
0x00007ffedabc0000 - 0x00007ffedaf66000 	C:\WINDOWS\System32\KERNELBASE.dll
0x00007ffedaf70000 - 0x00007ffedb081000 	C:\WINDOWS\System32\ucrtbase.dll
0x00007ffea94e0000 - 0x00007ffea94fb000 	D:\FongAndroid\jbr\bin\VCRUNTIME140.dll
0x00007ffea9500000 - 0x00007ffea9517000 	D:\FongAndroid\jbr\bin\jli.dll
0x00007ffedcc60000 - 0x00007ffedce0e000 	C:\WINDOWS\System32\USER32.dll
0x00007ffeda900000 - 0x00007ffeda926000 	C:\WINDOWS\System32\win32u.dll
0x00007ffec42f0000 - 0x00007ffec4583000 	C:\WINDOWS\WinSxS\amd64_microsoft.windows.common-controls_6595b64144ccf1df_6.0.22621.2506_none_270c5ae97388e100\COMCTL32.dll
0x00007ffedb720000 - 0x00007ffedb749000 	C:\WINDOWS\System32\GDI32.dll
0x00007ffedaaa0000 - 0x00007ffedabb8000 	C:\WINDOWS\System32\gdi32full.dll
0x00007ffedce10000 - 0x00007ffedceb7000 	C:\WINDOWS\System32\msvcrt.dll
0x00007ffedb150000 - 0x00007ffedb1ea000 	C:\WINDOWS\System32\msvcp_win.dll
0x00007ffedd460000 - 0x00007ffedd491000 	C:\WINDOWS\System32\IMM32.DLL
0x00007ffea10c0000 - 0x00007ffea114d000 	D:\FongAndroid\jbr\bin\msvcp140.dll
0x00007ffeb46a0000 - 0x00007ffeb46ac000 	C:\WINDOWS\SYSTEM32\VCRUNTIME140_1.dll
0x00007ffe98b30000 - 0x00007ffe996ec000 	D:\FongAndroid\jbr\bin\server\jvm.dll
0x00007ffedcee0000 - 0x00007ffedcf93000 	C:\WINDOWS\System32\ADVAPI32.dll
0x00007ffedd4a0000 - 0x00007ffedd548000 	C:\WINDOWS\System32\sechost.dll
0x00007ffeda8d0000 - 0x00007ffeda8f8000 	C:\WINDOWS\System32\bcrypt.dll
0x00007ffedd340000 - 0x00007ffedd457000 	C:\WINDOWS\System32\RPCRT4.dll
0x00007ffedced0000 - 0x00007ffedced8000 	C:\WINDOWS\System32\PSAPI.DLL
0x00007ffed35e0000 - 0x00007ffed3614000 	C:\WINDOWS\SYSTEM32\WINMM.dll
0x00007ffed5ec0000 - 0x00007ffed5ec9000 	C:\WINDOWS\SYSTEM32\WSOCK32.dll
0x00007ffed2ea0000 - 0x00007ffed2eaa000 	C:\WINDOWS\SYSTEM32\VERSION.dll
0x00007ffedb400000 - 0x00007ffedb471000 	C:\WINDOWS\System32\WS2_32.dll
0x00007ffed9900000 - 0x00007ffed9918000 	C:\WINDOWS\SYSTEM32\kernel.appcore.dll
0x00007ffed5eb0000 - 0x00007ffed5ec0000 	D:\FongAndroid\jbr\bin\verify.dll
0x00007ffed8480000 - 0x00007ffed86b3000 	C:\WINDOWS\SYSTEM32\DBGHELP.DLL
0x00007ffedbe80000 - 0x00007ffedc209000 	C:\WINDOWS\System32\combase.dll
0x00007ffedbc30000 - 0x00007ffedbd07000 	C:\WINDOWS\System32\OLEAUT32.dll
0x00007ffeb4e50000 - 0x00007ffeb4e82000 	C:\WINDOWS\SYSTEM32\dbgcore.DLL
0x00007ffedb1f0000 - 0x00007ffedb26a000 	C:\WINDOWS\System32\bcryptPrimitives.dll
0x00007ffed4bf0000 - 0x00007ffed4c18000 	D:\FongAndroid\jbr\bin\java.dll
0x00007ffed5ea0000 - 0x00007ffed5eaa000 	D:\FongAndroid\jbr\bin\jimage.dll
0x00007ffec60f0000 - 0x00007ffec6108000 	D:\FongAndroid\jbr\bin\zip.dll
0x00007ffedc220000 - 0x00007ffedca7a000 	C:\WINDOWS\System32\SHELL32.dll
0x00007ffed8820000 - 0x00007ffed9116000 	C:\WINDOWS\SYSTEM32\windows.storage.dll
0x00007ffed86e0000 - 0x00007ffed881e000 	C:\WINDOWS\SYSTEM32\wintypes.dll
0x00007ffedb480000 - 0x00007ffedb573000 	C:\WINDOWS\System32\SHCORE.dll
0x00007ffedbbd0000 - 0x00007ffedbc2e000 	C:\WINDOWS\System32\shlwapi.dll
0x00007ffeda800000 - 0x00007ffeda826000 	C:\WINDOWS\SYSTEM32\profapi.dll
0x00007ffec60d0000 - 0x00007ffec60e9000 	D:\FongAndroid\jbr\bin\net.dll
0x00007ffed29b0000 - 0x00007ffed2ae7000 	C:\WINDOWS\SYSTEM32\WINHTTP.dll
0x00007ffed9d80000 - 0x00007ffed9de9000 	C:\WINDOWS\system32\mswsock.dll
0x00007ffec09d0000 - 0x00007ffec09e3000 	D:\FongAndroid\jbr\bin\nio.dll
0x00007ffeaa550000 - 0x00007ffeaa577000 	C:\Users\HI\.gradle\native\e1d6ef7f7dcc3fd88c89a11ec53ec762bb8ba0a96d01ffa2cd45eb1d1d8dd5c5\windows-amd64\native-platform.dll
0x00007ffea0f70000 - 0x00007ffea10b4000 	C:\Users\HI\.gradle\native\0d407fdbe67a94daf76414ababcb853783967236a71b16ec16e742cd7a986fd3\windows-amd64\native-platform-file-events.dll
0x00007ffebb710000 - 0x00007ffebb71a000 	D:\FongAndroid\jbr\bin\management.dll
0x00007ffebb700000 - 0x00007ffebb70b000 	D:\FongAndroid\jbr\bin\management_ext.dll
0x00007ffed9fe0000 - 0x00007ffed9ffb000 	C:\WINDOWS\SYSTEM32\CRYPTSP.dll
0x00007ffed9860000 - 0x00007ffed9895000 	C:\WINDOWS\system32\rsaenh.dll
0x00007ffed9e70000 - 0x00007ffed9e9c000 	C:\WINDOWS\SYSTEM32\USERENV.dll
0x00007ffed9fd0000 - 0x00007ffed9fdc000 	C:\WINDOWS\SYSTEM32\CRYPTBASE.dll
0x00007ffed9380000 - 0x00007ffed93ad000 	C:\WINDOWS\SYSTEM32\IPHLPAPI.DLL
0x00007ffedb3d0000 - 0x00007ffedb3d9000 	C:\WINDOWS\System32\NSI.dll
0x00007ffed21b0000 - 0x00007ffed21c9000 	C:\WINDOWS\SYSTEM32\dhcpcsvc6.DLL
0x00007ffed2190000 - 0x00007ffed21af000 	C:\WINDOWS\SYSTEM32\dhcpcsvc.DLL
0x00007ffed93f0000 - 0x00007ffed94e9000 	C:\WINDOWS\SYSTEM32\DNSAPI.dll

dbghelp: loaded successfully - version: 4.0.5 - missing functions: none
symbol engine: initialized successfully - sym options: 0x614 - pdb path: .;D:\FongAndroid\jbr\bin;C:\WINDOWS\SYSTEM32;C:\WINDOWS\WinSxS\amd64_microsoft.windows.common-controls_6595b64144ccf1df_6.0.22621.2506_none_270c5ae97388e100;D:\FongAndroid\jbr\bin\server;C:\Users\HI\.gradle\native\e1d6ef7f7dcc3fd88c89a11ec53ec762bb8ba0a96d01ffa2cd45eb1d1d8dd5c5\windows-amd64;C:\Users\HI\.gradle\native\0d407fdbe67a94daf76414ababcb853783967236a71b16ec16e742cd7a986fd3\windows-amd64

VM Arguments:
jvm_args: --add-opens=java.base/java.util=ALL-UNNAMED --add-opens=java.base/java.lang=ALL-UNNAMED --add-opens=java.base/java.lang.invoke=ALL-UNNAMED --add-opens=java.base/java.util=ALL-UNNAMED --add-opens=java.prefs/java.util.prefs=ALL-UNNAMED --add-opens=java.prefs/java.util.prefs=ALL-UNNAMED --add-opens=java.base/java.nio.charset=ALL-UNNAMED --add-opens=java.base/java.net=ALL-UNNAMED --add-opens=java.base/java.util.concurrent.atomic=ALL-UNNAMED -Xmx2048m -Dfile.encoding=UTF-8 -Duser.country=US -Duser.language=en -Duser.variant 
java_command: org.gradle.launcher.daemon.bootstrap.GradleDaemon 7.5
java_class_path (initial): C:\Users\HI\.gradle\wrapper\dists\gradle-7.5-bin\f1w0cc9nuo0eivz97x2xlu9sv\gradle-7.5\lib\gradle-launcher-7.5.jar
Launcher Type: SUN_STANDARD

[Global flags]
     intx CICompilerCount                          = 3                                         {product} {ergonomic}
     uint ConcGCThreads                            = 2                                         {product} {ergonomic}
     uint G1ConcRefinementThreads                  = 6                                         {product} {ergonomic}
   size_t G1HeapRegionSize                         = 1048576                                   {product} {ergonomic}
    uintx GCDrainStackTargetSize                   = 64                                        {product} {ergonomic}
   size_t InitialHeapSize                          = 123731968                                 {product} {ergonomic}
   size_t MarkStackSize                            = 4194304                                   {product} {ergonomic}
   size_t MaxHeapSize                              = 2147483648                                {product} {command line}
   size_t MaxNewSize                               = 1287651328                                {product} {ergonomic}
   size_t MinHeapDeltaBytes                        = 1048576                                   {product} {ergonomic}
    uintx NonNMethodCodeHeapSize                   = 5830732                                {pd product} {ergonomic}
    uintx NonProfiledCodeHeapSize                  = 122913754                              {pd product} {ergonomic}
    uintx ProfiledCodeHeapSize                     = 122913754                              {pd product} {ergonomic}
    uintx ReservedCodeCacheSize                    = 251658240                              {pd product} {ergonomic}
     bool SegmentedCodeCache                       = true                                      {product} {ergonomic}
     bool UseCompressedClassPointers               = true                                 {lp64_product} {ergonomic}
     bool UseCompressedOops                        = true                                 {lp64_product} {ergonomic}
     bool UseG1GC                                  = true                                      {product} {ergonomic}
     bool UseLargePagesIndividualAllocation        = false                                  {pd product} {ergonomic}

Logging:
Log output configuration:
 #0: stdout all=warning uptime,level,tags
 #1: stderr all=off uptime,level,tags

Environment Variables:
JAVA_HOME=C:\Java\
PATH=C:\Program Files\Common Files\Oracle\Java\javapath;C:\Program Files (x86)\VMware\VMware Workstation\bin\;C:\Java\bin;C:\WINDOWS\system32;C:\WINDOWS;C:\WINDOWS\System32\Wbem;C:\WINDOWS\System32\WindowsPowerShell\v1.0\;C:\WINDOWS\System32\OpenSSH\;C:\MinGW\bin\;C:\TDM-GCC-64\bin;C:\Program Files\Microsoft SQL Server\Client SDK\ODBC\170\Tools\Binn\;C:\Program Files (x86)\Microsoft SQL Server\150\Tools\Binn\;C:\Program Files\Microsoft SQL Server\150\Tools\Binn\;C:\Program Files\Microsoft SQL Server\150\DTS\Binn\;C:\Program Files (x86)\Microsoft SQL Server\160\DTS\Binn\;C:\Program Files (x86)\Microsoft SQL Server\160\Tools\Binn\;C:\Program Files\Microsoft SQL Server\160\Tools\Binn\;C:\Program Files\Microsoft SQL Server\160\DTS\Binn\;D:\;C:\dart-sdk;C:\Program Files\dotnet\;C:\Program Files\Git\cmd;C:\Program Files\MySQL\MySQL Shell 8.0\bin\;D:\Scripts\;D:\;D:\python\Scripts\;D:\python\;C:\Users\HI\AppData\Local\Microsoft\WindowsApps;C:\Users\HI\AppData\Local\Programs\Microsoft VS Code\bin;C:\TDM-GCC-64\bin;D:\php\php;C:\Program Files\JetBrains\PyCharm Community Edition 2021.2.3\bin;;;C:\Program Files\Azure Data Studio\bin;C:\Users\HI\AppData\Roaming\npm;C:\Users\HI\.dotnet\tools;C:\Program Files\JetBrains\IntelliJ IDEA 2023.2.2\bin;;C:\Program Files\JetBrains\IntelliJ IDEA Educational Edition 2022.2.2\bin;;C:\Program Files\JetBrains\IntelliJ IDEA Community Edition 2023.2.2\bin;
USERNAME=HI
OS=Windows_NT
PROCESSOR_IDENTIFIER=AMD64 Family 23 Model 96 Stepping 1, AuthenticAMD



---------------  S Y S T E M  ---------------

OS: Windows 11 , 64 bit Build 22621 (10.0.22621.2506)
OS uptime: 0 days 2:09 hours

CPU:total 6 (initial active 6) (6 cores per cpu, 1 threads per core) family 23 model 96 stepping 1 microcode 0x0, cmov, cx8, fxsr, mmx, sse, sse2, sse3, ssse3, sse4.1, sse4.2, popcnt, avx, avx2, aes, clmul, mmxext, 3dnowpref, lzcnt, sse4a, tsc, tscinvbit, tscinv, bmi1, bmi2, adx, sha, fma

Memory: 4k page, system-wide physical 7542M (393M free)
TotalPageFile size 11638M (AvailPageFile size 5M)
current process WorkingSet (physical memory assigned to process): 409M, peak: 409M
current process commit charge ("private bytes"): 446M, peak: 446M

vm_info: OpenJDK 64-Bit Server VM (11.0.15+0-b2043.56-8887301) for windows-amd64 JRE (11.0.15+0-b2043.56-8887301), built on Jul 29 2022 23:19:47 by "builduser" with unknown MS VC++:1929

END.
