#
# There is insufficient memory for the Java Runtime Environment to continue.
# Native memory allocation (malloc) failed to allocate 1176336 bytes for Chunk::new
# Possible reasons:
#   The system is out of physical RAM or swap space
#   The process is running with CompressedOops enabled, and the Java Heap may be blocking the growth of the native heap
# Possible solutions:
#   Reduce memory load on the system
#   Increase physical memory or swap space
#   Check if swap backing store is full
#   Decrease Java heap size (-Xmx/-Xms)
#   Decrease number of Java threads
#   Decrease Java thread stack sizes (-Xss)
#   Set larger code cache with -XX:ReservedCodeCacheSize=
#   JVM is running with Unscaled Compressed Oops mode in which the Java heap is
#     placed in the first 4GB address space. The Java Heap base address is the
#     maximum limit for the native heap growth. Please use -XX:HeapBaseMinAddress
#     to set the Java Heap base and to place the Java Heap above 4GB virtual address.
# This output file may be truncated or incomplete.
#
#  Out of Memory Error (src/hotspot/share/memory/arena.cpp:197), pid=2604, tid=1232
#
# JRE version: OpenJDK Runtime Environment (11.0.15) (build 11.0.15+0-b2043.56-8887301)
# Java VM: OpenJDK 64-Bit Server VM (11.0.15+0-b2043.56-8887301, mixed mode, tiered, compressed oops, g1 gc, windows-amd64)
# No core dump will be written. Minidumps are not enabled by default on client versions of Windows
#

---------------  S U M M A R Y ------------

Command Line: --add-opens=java.base/java.util=ALL-UNNAMED --add-opens=java.base/java.lang=ALL-UNNAMED --add-opens=java.base/java.lang.invoke=ALL-UNNAMED --add-opens=java.base/java.util=ALL-UNNAMED --add-opens=java.prefs/java.util.prefs=ALL-UNNAMED --add-opens=java.prefs/java.util.prefs=ALL-UNNAMED --add-opens=java.base/java.nio.charset=ALL-UNNAMED --add-opens=java.base/java.net=ALL-UNNAMED --add-opens=java.base/java.util.concurrent.atomic=ALL-UNNAMED -Xmx2048m -Dfile.encoding=UTF-8 -Duser.country=US -Duser.language=en -Duser.variant org.gradle.launcher.daemon.bootstrap.GradleDaemon 7.5

Host: AMD Ryzen 5 4500U with Radeon Graphics         , 6 cores, 7G,  Windows 11 , 64 bit Build 22621 (10.0.22621.2506)
Time: Wed Jan 17 10:49:41 2024 SE Asia Standard Time elapsed time: 6.324746 seconds (0d 0h 0m 6s)

---------------  T H R E A D  ---------------

Current thread (0x0000021372da6000):  JavaThread "C2 CompilerThread1" daemon [_thread_in_native, id=1232, stack(0x00000089f1300000,0x00000089f1400000)]


Current CompileTask:
C2:   6324 5960       4       org.objectweb.asm.SymbolTable::addConstantMemberReference (147 bytes)

Stack: [0x00000089f1300000,0x00000089f1400000]
Native frames: (J=compiled Java code, j=interpreted, Vv=VM code, C=native code)
V  [jvm.dll+0x64135a]
V  [jvm.dll+0x7d39f9]
V  [jvm.dll+0x7d51b9]
V  [jvm.dll+0x7d58a3]
V  [jvm.dll+0x2691c5]
V  [jvm.dll+0xc1a5c]
V  [jvm.dll+0xc200c]
V  [jvm.dll+0x3774a7]
V  [jvm.dll+0x342495]
V  [jvm.dll+0x34186a]
V  [jvm.dll+0x2214bd]
V  [jvm.dll+0x220498]
V  [jvm.dll+0x19e851]
V  [jvm.dll+0x230479]
V  [jvm.dll+0x22e5ef]
V  [jvm.dll+0x794de1]
V  [jvm.dll+0x78dc24]
V  [jvm.dll+0x6400f6]
C  [ucrtbase.dll+0x29363]
C  [KERNEL32.DLL+0x1257d]
C  [ntdll.dll+0x5aa58]


---------------  P R O C E S S  ---------------

Threads class SMR info:
_java_thread_list=0x0000021377189880, length=100, elements={
0x000002135593c000, 0x000002136f9a8800, 0x000002136f9ab000, 0x0000021370323800,
0x0000021370324800, 0x0000021370326000, 0x0000021370327000, 0x000002137032c000,
0x000002137032f000, 0x000002137049e000, 0x0000021371d07800, 0x0000021370757800,
0x00000213721f3800, 0x0000021371146800, 0x0000021371215000, 0x00000213722f9000,
0x0000021372d4a800, 0x0000021372c7d800, 0x0000021372b30000, 0x0000021372b31000,
0x0000021372da6000, 0x0000021372ca5800, 0x0000021372ca8000, 0x0000021372ca9000,
0x0000021372ca9800, 0x0000021372ca7000, 0x0000021372ca6800, 0x0000021372caa800,
0x0000021372ca4800, 0x0000021372cab000, 0x0000021376015800, 0x0000021376013800,
0x0000021376012000, 0x0000021376014800, 0x0000021376016000, 0x0000021376017000,
0x0000021376011800, 0x0000021376018000, 0x0000021376013000, 0x000002137601c800,
0x000002137601d800, 0x000002137601a800, 0x000002137601e800, 0x000002137601f000,
0x0000021376019800, 0x0000021376020000, 0x000002137601b000, 0x000002137601c000,
0x0000021379225800, 0x0000021379229000, 0x0000021379223000, 0x0000021379229800,
0x0000021379224000, 0x000002137922a800, 0x0000021379225000, 0x0000021379227800,
0x000002137922b800, 0x0000021379228000, 0x000002137922c000, 0x0000021379226800,
0x0000021379232000, 0x0000021379231000, 0x000002137922f800, 0x000002137922d000,
0x000002137922e000, 0x000002137922e800, 0x0000021379230800, 0x00000213771d1800,
0x00000213771cf000, 0x00000213771d0800, 0x00000213771d2000, 0x00000213771ce000,
0x00000213771cd800, 0x00000213771d3000, 0x00000213771d4000, 0x00000213771cf800,
0x0000021372ce5000, 0x0000021372ce3800, 0x0000021372ce4000, 0x0000021372ce2800,
0x0000021372ceb000, 0x0000021372ce6000, 0x0000021372cea000, 0x0000021372ceb800,
0x0000021372ce9000, 0x0000021372ce7800, 0x0000021372cec800, 0x0000021372ce6800,
0x0000021372ced000, 0x0000021372cee000, 0x0000021372ce8800, 0x0000021372cf0800,
0x0000021372cf1800, 0x0000021372cef000, 0x0000021372cef800, 0x0000021373a21000,
0x0000021373a1f800, 0x0000021373a22000, 0x0000021373a20800, 0x0000021373a1c800
}

Java Threads: ( => current thread )
  0x000002135593c000 JavaThread "main" [_thread_blocked, id=1468, stack(0x00000089ef700000,0x00000089ef800000)]
  0x000002136f9a8800 JavaThread "Reference Handler" daemon [_thread_blocked, id=12728, stack(0x00000089efe00000,0x00000089eff00000)]
  0x000002136f9ab000 JavaThread "Finalizer" daemon [_thread_blocked, id=4256, stack(0x00000089eff00000,0x00000089f0000000)]
  0x0000021370323800 JavaThread "Signal Dispatcher" daemon [_thread_blocked, id=15676, stack(0x00000089f0000000,0x00000089f0100000)]
  0x0000021370324800 JavaThread "Attach Listener" daemon [_thread_blocked, id=15352, stack(0x00000089f0100000,0x00000089f0200000)]
  0x0000021370326000 JavaThread "Service Thread" daemon [_thread_blocked, id=10796, stack(0x00000089f0200000,0x00000089f0300000)]
  0x0000021370327000 JavaThread "C2 CompilerThread0" daemon [_thread_in_native, id=15796, stack(0x00000089f0300000,0x00000089f0400000)]
  0x000002137032c000 JavaThread "C1 CompilerThread0" daemon [_thread_in_native, id=6544, stack(0x00000089f0400000,0x00000089f0500000)]
  0x000002137032f000 JavaThread "Sweeper thread" daemon [_thread_blocked, id=11344, stack(0x00000089f0500000,0x00000089f0600000)]
  0x000002137049e000 JavaThread "Common-Cleaner" daemon [_thread_blocked, id=16804, stack(0x00000089f0600000,0x00000089f0700000)]
  0x0000021371d07800 JavaThread "Daemon health stats" [_thread_blocked, id=6080, stack(0x00000089f0a00000,0x00000089f0b00000)]
  0x0000021370757800 JavaThread "Incoming local TCP Connector on port 63432" [_thread_in_native, id=14956, stack(0x00000089f0800000,0x00000089f0900000)]
  0x00000213721f3800 JavaThread "Daemon periodic checks" [_thread_blocked, id=2036, stack(0x00000089f0b00000,0x00000089f0c00000)]
  0x0000021371146800 JavaThread "Daemon" [_thread_blocked, id=4244, stack(0x00000089f0c00000,0x00000089f0d00000)]
  0x0000021371215000 JavaThread "Handler for socket connection from /127.0.0.1:63432 to /127.0.0.1:63433" [_thread_in_native, id=10452, stack(0x00000089f0d00000,0x00000089f0e00000)]
  0x00000213722f9000 JavaThread "Cancel handler" [_thread_blocked, id=16852, stack(0x00000089f0e00000,0x00000089f0f00000)]
  0x0000021372d4a800 JavaThread "Daemon worker" [_thread_in_vm, id=7368, stack(0x00000089f0f00000,0x00000089f1000000)]
  0x0000021372c7d800 JavaThread "Asynchronous log dispatcher for DefaultDaemonConnection: socket connection from /127.0.0.1:63432 to /127.0.0.1:63433" [_thread_blocked, id=12484, stack(0x00000089f1000000,0x00000089f1100000)]
  0x0000021372b30000 JavaThread "Stdin handler" [_thread_blocked, id=10352, stack(0x00000089f1100000,0x00000089f1200000)]
  0x0000021372b31000 JavaThread "Daemon client event forwarder" [_thread_blocked, id=4880, stack(0x00000089f1200000,0x00000089f1300000)]
=>0x0000021372da6000 JavaThread "C2 CompilerThread1" daemon [_thread_in_native, id=1232, stack(0x00000089f1300000,0x00000089f1400000)]
  0x0000021372ca5800 JavaThread "Cache worker for journal cache (C:\Users\HI\.gradle\caches\journal-1)" [_thread_blocked, id=13440, stack(0x00000089f1900000,0x00000089f1a00000)]
  0x0000021372ca8000 JavaThread "File lock request listener" [_thread_in_native, id=15696, stack(0x00000089f1a00000,0x00000089f1b00000)]
  0x0000021372ca9000 JavaThread "Cache worker for file hash cache (C:\Users\HI\.gradle\caches\7.5\fileHashes)" [_thread_blocked, id=4292, stack(0x00000089f1c00000,0x00000089f1d00000)]
  0x0000021372ca9800 JavaThread "File watcher server" daemon [_thread_in_native, id=10492, stack(0x00000089f1d00000,0x00000089f1e00000)]
  0x0000021372ca7000 JavaThread "File watcher consumer" daemon [_thread_blocked, id=2172, stack(0x00000089f1e00000,0x00000089f1f00000)]
  0x0000021372ca6800 JavaThread "jar transforms" [_thread_blocked, id=10292, stack(0x00000089f1f00000,0x00000089f2000000)]
  0x0000021372caa800 JavaThread "jar transforms Thread 2" [_thread_blocked, id=2736, stack(0x00000089f2000000,0x00000089f2100000)]
  0x0000021372ca4800 JavaThread "jar transforms Thread 3" [_thread_blocked, id=13132, stack(0x00000089f2100000,0x00000089f2200000)]
  0x0000021372cab000 JavaThread "jar transforms Thread 4" [_thread_blocked, id=1292, stack(0x00000089f2200000,0x00000089f2300000)]
  0x0000021376015800 JavaThread "jar transforms Thread 5" [_thread_blocked, id=12572, stack(0x00000089f2300000,0x00000089f2400000)]
  0x0000021376013800 JavaThread "jar transforms Thread 6" [_thread_blocked, id=16564, stack(0x00000089f2400000,0x00000089f2500000)]
  0x0000021376012000 JavaThread "Cache worker for checksums cache (C:\Users\HI\AndroidStudioProjects\TimeDatePicker\.gradle\7.5\checksums)" [_thread_blocked, id=14752, stack(0x00000089f2500000,0x00000089f2600000)]
  0x0000021376014800 JavaThread "Cache worker for cache directory md-rule (C:\Users\HI\.gradle\caches\7.5\md-rule)" [_thread_blocked, id=1400, stack(0x00000089f2600000,0x00000089f2700000)]
  0x0000021376016000 JavaThread "Cache worker for file content cache (C:\Users\HI\.gradle\caches\7.5\fileContent)" [_thread_blocked, id=12440, stack(0x00000089f2700000,0x00000089f2800000)]
  0x0000021376017000 JavaThread "Cache worker for file hash cache (C:\Users\HI\AndroidStudioProjects\TimeDatePicker\.gradle\7.5\fileHashes)" [_thread_blocked, id=11464, stack(0x00000089f2800000,0x00000089f2900000)]
  0x0000021376011800 JavaThread "Cache worker for cache directory md-supplier (C:\Users\HI\.gradle\caches\7.5\md-supplier)" [_thread_blocked, id=7872, stack(0x00000089f2900000,0x00000089f2a00000)]
  0x0000021376018000 JavaThread "Cache worker for execution history cache (C:\Users\HI\.gradle\caches\7.5\executionHistory)" [_thread_blocked, id=272, stack(0x00000089f2a00000,0x00000089f2b00000)]
  0x0000021376013000 JavaThread "Cache worker for dependencies-accessors (C:\Users\HI\AndroidStudioProjects\TimeDatePicker\.gradle\7.5\dependencies-accessors)" [_thread_blocked, id=4604, stack(0x00000089f2b00000,0x00000089f2c00000)]
  0x000002137601c800 JavaThread "Cache worker for Build Output Cleanup Cache (C:\Users\HI\AndroidStudioProjects\TimeDatePicker\.gradle\buildOutputCleanup)" [_thread_blocked, id=13608, stack(0x00000089f2c00000,0x00000089f2d00000)]
  0x000002137601d800 JavaThread "Unconstrained build operations" [_thread_blocked, id=16060, stack(0x00000089f2d00000,0x00000089f2e00000)]
  0x000002137601a800 JavaThread "Unconstrained build operations Thread 2" [_thread_blocked, id=9220, stack(0x00000089f2e00000,0x00000089f2f00000)]
  0x000002137601e800 JavaThread "Unconstrained build operations Thread 3" [_thread_blocked, id=3500, stack(0x00000089f2f00000,0x00000089f3000000)]
  0x000002137601f000 JavaThread "Unconstrained build operations Thread 4" [_thread_blocked, id=15344, stack(0x00000089f3000000,0x00000089f3100000)]
  0x0000021376019800 JavaThread "Unconstrained build operations Thread 5" [_thread_blocked, id=12960, stack(0x00000089f3100000,0x00000089f3200000)]
  0x0000021376020000 JavaThread "Unconstrained build operations Thread 6" [_thread_blocked, id=3764, stack(0x00000089f3200000,0x00000089f3300000)]
  0x000002137601b000 JavaThread "Unconstrained build operations Thread 7" [_thread_blocked, id=13356, stack(0x00000089f3300000,0x00000089f3400000)]
  0x000002137601c000 JavaThread "Unconstrained build operations Thread 8" [_thread_blocked, id=12384, stack(0x00000089f3400000,0x00000089f3500000)]
  0x0000021379225800 JavaThread "Unconstrained build operations Thread 9" [_thread_blocked, id=13168, stack(0x00000089f3500000,0x00000089f3600000)]
  0x0000021379229000 JavaThread "Unconstrained build operations Thread 10" [_thread_blocked, id=8344, stack(0x00000089f3600000,0x00000089f3700000)]
  0x0000021379223000 JavaThread "Unconstrained build operations Thread 11" [_thread_blocked, id=8548, stack(0x00000089f3700000,0x00000089f3800000)]
  0x0000021379229800 JavaThread "Unconstrained build operations Thread 12" [_thread_blocked, id=896, stack(0x00000089f3800000,0x00000089f3900000)]
  0x0000021379224000 JavaThread "Unconstrained build operations Thread 13" [_thread_blocked, id=7552, stack(0x00000089f3900000,0x00000089f3a00000)]
  0x000002137922a800 JavaThread "Unconstrained build operations Thread 14" [_thread_blocked, id=2896, stack(0x00000089f3a00000,0x00000089f3b00000)]
  0x0000021379225000 JavaThread "Unconstrained build operations Thread 15" [_thread_blocked, id=904, stack(0x00000089f3b00000,0x00000089f3c00000)]
  0x0000021379227800 JavaThread "Unconstrained build operations Thread 16" [_thread_blocked, id=12872, stack(0x00000089f3c00000,0x00000089f3d00000)]
  0x000002137922b800 JavaThread "Unconstrained build operations Thread 17" [_thread_blocked, id=3080, stack(0x00000089f3d00000,0x00000089f3e00000)]
  0x0000021379228000 JavaThread "Unconstrained build operations Thread 18" [_thread_blocked, id=10860, stack(0x00000089f3e00000,0x00000089f3f00000)]
  0x000002137922c000 JavaThread "Unconstrained build operations Thread 19" [_thread_blocked, id=15320, stack(0x00000089f3f00000,0x00000089f4000000)]
  0x0000021379226800 JavaThread "Unconstrained build operations Thread 20" [_thread_blocked, id=5340, stack(0x00000089f4000000,0x00000089f4100000)]
  0x0000021379232000 JavaThread "Unconstrained build operations Thread 21" [_thread_blocked, id=10540, stack(0x00000089f4100000,0x00000089f4200000)]
  0x0000021379231000 JavaThread "Unconstrained build operations Thread 22" [_thread_blocked, id=1768, stack(0x00000089f4200000,0x00000089f4300000)]
  0x000002137922f800 JavaThread "Unconstrained build operations Thread 23" [_thread_blocked, id=15892, stack(0x00000089f4300000,0x00000089f4400000)]
  0x000002137922d000 JavaThread "Unconstrained build operations Thread 24" [_thread_blocked, id=13180, stack(0x00000089f4400000,0x00000089f4500000)]
  0x000002137922e000 JavaThread "Unconstrained build operations Thread 25" [_thread_blocked, id=11624, stack(0x00000089f4500000,0x00000089f4600000)]
  0x000002137922e800 JavaThread "Unconstrained build operations Thread 26" [_thread_blocked, id=4568, stack(0x00000089f4600000,0x00000089f4700000)]
  0x0000021379230800 JavaThread "Unconstrained build operations Thread 27" [_thread_blocked, id=304, stack(0x00000089f4700000,0x00000089f4800000)]
  0x00000213771d1800 JavaThread "Unconstrained build operations Thread 28" [_thread_blocked, id=2112, stack(0x00000089f4800000,0x00000089f4900000)]
  0x00000213771cf000 JavaThread "Unconstrained build operations Thread 29" [_thread_blocked, id=4584, stack(0x00000089f4900000,0x00000089f4a00000)]
  0x00000213771d0800 JavaThread "Unconstrained build operations Thread 30" [_thread_blocked, id=12852, stack(0x00000089f4a00000,0x00000089f4b00000)]
  0x00000213771d2000 JavaThread "Unconstrained build operations Thread 31" [_thread_blocked, id=15240, stack(0x00000089f4b00000,0x00000089f4c00000)]
  0x00000213771ce000 JavaThread "Unconstrained build operations Thread 32" [_thread_blocked, id=9224, stack(0x00000089f4c00000,0x00000089f4d00000)]
  0x00000213771cd800 JavaThread "Unconstrained build operations Thread 33" [_thread_blocked, id=6172, stack(0x00000089f4d00000,0x00000089f4e00000)]
  0x00000213771d3000 JavaThread "Unconstrained build operations Thread 34" [_thread_blocked, id=664, stack(0x00000089f4e00000,0x00000089f4f00000)]
  0x00000213771d4000 JavaThread "Unconstrained build operations Thread 35" [_thread_blocked, id=3872, stack(0x00000089f4f00000,0x00000089f5000000)]
  0x00000213771cf800 JavaThread "Unconstrained build operations Thread 36" [_thread_blocked, id=8836, stack(0x00000089f5000000,0x00000089f5100000)]
  0x0000021372ce5000 JavaThread "Unconstrained build operations Thread 37" [_thread_blocked, id=9272, stack(0x00000089f5100000,0x00000089f5200000)]
  0x0000021372ce3800 JavaThread "Unconstrained build operations Thread 38" [_thread_blocked, id=13984, stack(0x00000089f5200000,0x00000089f5300000)]
  0x0000021372ce4000 JavaThread "Unconstrained build operations Thread 39" [_thread_blocked, id=8252, stack(0x00000089f5300000,0x00000089f5400000)]
  0x0000021372ce2800 JavaThread "Unconstrained build operations Thread 40" [_thread_blocked, id=12780, stack(0x00000089f5400000,0x00000089f5500000)]
  0x0000021372ceb000 JavaThread "Unconstrained build operations Thread 41" [_thread_blocked, id=3504, stack(0x00000089f5500000,0x00000089f5600000)]
  0x0000021372ce6000 JavaThread "Unconstrained build operations Thread 42" [_thread_blocked, id=14148, stack(0x00000089f5600000,0x00000089f5700000)]
  0x0000021372cea000 JavaThread "Unconstrained build operations Thread 43" [_thread_blocked, id=6596, stack(0x00000089f5700000,0x00000089f5800000)]
  0x0000021372ceb800 JavaThread "Unconstrained build operations Thread 44" [_thread_blocked, id=12184, stack(0x00000089f5800000,0x00000089f5900000)]
  0x0000021372ce9000 JavaThread "Unconstrained build operations Thread 45" [_thread_blocked, id=3552, stack(0x00000089f5900000,0x00000089f5a00000)]
  0x0000021372ce7800 JavaThread "Unconstrained build operations Thread 46" [_thread_blocked, id=9664, stack(0x00000089f5a00000,0x00000089f5b00000)]
  0x0000021372cec800 JavaThread "Unconstrained build operations Thread 47" [_thread_blocked, id=4920, stack(0x00000089f5b00000,0x00000089f5c00000)]
  0x0000021372ce6800 JavaThread "Unconstrained build operations Thread 48" [_thread_blocked, id=3256, stack(0x00000089f5c00000,0x00000089f5d00000)]
  0x0000021372ced000 JavaThread "Unconstrained build operations Thread 49" [_thread_blocked, id=10604, stack(0x00000089f5d00000,0x00000089f5e00000)]
  0x0000021372cee000 JavaThread "Unconstrained build operations Thread 50" [_thread_blocked, id=13492, stack(0x00000089f5e00000,0x00000089f5f00000)]
  0x0000021372ce8800 JavaThread "Unconstrained build operations Thread 51" [_thread_blocked, id=9980, stack(0x00000089f5f00000,0x00000089f6000000)]
  0x0000021372cf0800 JavaThread "Unconstrained build operations Thread 52" [_thread_blocked, id=8632, stack(0x00000089f6000000,0x00000089f6100000)]
  0x0000021372cf1800 JavaThread "Unconstrained build operations Thread 53" [_thread_blocked, id=7604, stack(0x00000089f6100000,0x00000089f6200000)]
  0x0000021372cef000 JavaThread "Unconstrained build operations Thread 54" [_thread_blocked, id=7780, stack(0x00000089f6200000,0x00000089f6300000)]
  0x0000021372cef800 JavaThread "Unconstrained build operations Thread 55" [_thread_blocked, id=2132, stack(0x00000089f6300000,0x00000089f6400000)]
  0x0000021373a21000 JavaThread "Unconstrained build operations Thread 56" [_thread_blocked, id=5496, stack(0x00000089f6400000,0x00000089f6500000)]
  0x0000021373a1f800 JavaThread "Unconstrained build operations Thread 57" [_thread_blocked, id=11024, stack(0x00000089f6500000,0x00000089f6600000)]
  0x0000021373a22000 JavaThread "Unconstrained build operations Thread 58" [_thread_blocked, id=11312, stack(0x00000089f6600000,0x00000089f6700000)]
  0x0000021373a20800 JavaThread "Unconstrained build operations Thread 59" [_thread_blocked, id=11536, stack(0x00000089f6700000,0x00000089f6800000)]
  0x0000021373a1c800 JavaThread "Unconstrained build operations Thread 60" [_thread_blocked, id=10520, stack(0x00000089f6800000,0x00000089f6900000)]

Other Threads:
  0x000002136f9a2800 VMThread "VM Thread" [stack: 0x00000089efd00000,0x00000089efe00000] [id=2116]
  0x00000213704a5000 WatcherThread [stack: 0x00000089f0700000,0x00000089f0800000] [id=6740]
  0x0000021355954800 GCTaskThread "GC Thread#0" [stack: 0x00000089ef800000,0x00000089ef900000] [id=4580]
  0x000002137102a000 GCTaskThread "GC Thread#1" [stack: 0x00000089f0900000,0x00000089f0a00000] [id=2460]
  0x000002137107e800 GCTaskThread "GC Thread#2" [stack: 0x00000089f1400000,0x00000089f1500000] [id=16652]
  0x00000213732b9000 GCTaskThread "GC Thread#3" [stack: 0x00000089f1500000,0x00000089f1600000] [id=16848]
  0x00000213711ab800 GCTaskThread "GC Thread#4" [stack: 0x00000089f1600000,0x00000089f1700000] [id=5560]
  0x00000213717df000 GCTaskThread "GC Thread#5" [stack: 0x00000089f1700000,0x00000089f1800000] [id=10700]
  0x0000021355988000 ConcurrentGCThread "G1 Main Marker" [stack: 0x00000089ef900000,0x00000089efa00000] [id=10116]
  0x0000021355989000 ConcurrentGCThread "G1 Conc#0" [stack: 0x00000089efa00000,0x00000089efb00000] [id=10896]
  0x0000021372342000 ConcurrentGCThread "G1 Conc#1" [stack: 0x00000089f1b00000,0x00000089f1c00000] [id=15844]
  0x000002136f7f4800 ConcurrentGCThread "G1 Refine#0" [stack: 0x00000089efb00000,0x00000089efc00000] [id=6552]
  0x0000021372533800 ConcurrentGCThread "G1 Refine#1" [stack: 0x00000089f1800000,0x00000089f1900000] [id=13152]
  0x000002136f7f5000 ConcurrentGCThread "G1 Young RemSet Sampling" [stack: 0x00000089efc00000,0x00000089efd00000] [id=6156]

Threads with active compile tasks:
C2 CompilerThread0     6335 5937   !   4       com.google.common.reflect.TypeVisitor::visit (244 bytes)
C1 CompilerThread0     6336 6051       3       org.gradle.internal.instantiation.generator.AsmBackedClassGenerator$ClassBuilderImpl$32::<init> (403 bytes)
C2 CompilerThread1     6336 5960       4       org.objectweb.asm.SymbolTable::addConstantMemberReference (147 bytes)

VM state:not at safepoint (normal execution)

VM Mutex/Monitor currently owned by a thread: None

Heap address: 0x0000000080000000, size: 2048 MB, Compressed Oops mode: 32-bit
Narrow klass base: 0x0000000000000000, Narrow klass shift: 3
Compressed class space size: 1073741824 Address: 0x0000000100000000

Heap:
 garbage-first heap   total 210944K, used 136584K [0x0000000080000000, 0x0000000100000000)
  region size 1024K, 33 young (33792K), 3 survivors (3072K)
 Metaspace       used 60020K, capacity 61742K, committed 62076K, reserved 1103872K
  class space    used 7627K, capacity 8336K, committed 8448K, reserved 1048576K
Heap Regions: E=young(eden), S=young(survivor), O=old, HS=humongous(starts), HC=humongous(continues), CS=collection set, F=free, A=archive, TAMS=top-at-mark-start (previous, next)
|   0|0x0000000080000000, 0x0000000080100000, 0x0000000080100000|100%| O|  |TAMS 0x0000000080100000, 0x0000000080000000| Untracked 
|   1|0x0000000080100000, 0x0000000080200000, 0x0000000080200000|100%| O|  |TAMS 0x0000000080200000, 0x0000000080100000| Untracked 
|   2|0x0000000080200000, 0x0000000080300000, 0x0000000080300000|100%| O|  |TAMS 0x0000000080300000, 0x0000000080200000| Untracked 
|   3|0x0000000080300000, 0x0000000080400000, 0x0000000080400000|100%|HS|  |TAMS 0x0000000080400000, 0x0000000080300000| Complete 
|   4|0x0000000080400000, 0x0000000080500000, 0x0000000080500000|100%|HC|  |TAMS 0x0000000080500000, 0x0000000080400000| Complete 
|   5|0x0000000080500000, 0x0000000080600000, 0x0000000080600000|100%|HC|  |TAMS 0x0000000080600000, 0x0000000080500000| Complete 
|   6|0x0000000080600000, 0x0000000080700000, 0x0000000080700000|100%| O|  |TAMS 0x0000000080700000, 0x0000000080600000| Untracked 
|   7|0x0000000080700000, 0x0000000080800000, 0x0000000080800000|100%| O|  |TAMS 0x0000000080800000, 0x0000000080700000| Untracked 
|   8|0x0000000080800000, 0x0000000080900000, 0x0000000080900000|100%| O|  |TAMS 0x0000000080900000, 0x0000000080800000| Untracked 
|   9|0x0000000080900000, 0x0000000080a00000, 0x0000000080a00000|100%| O|  |TAMS 0x0000000080a00000, 0x0000000080900000| Untracked 
|  10|0x0000000080a00000, 0x0000000080b00000, 0x0000000080b00000|100%| O|  |TAMS 0x0000000080b00000, 0x0000000080a00000| Untracked 
|  11|0x0000000080b00000, 0x0000000080c00000, 0x0000000080c00000|100%| O|  |TAMS 0x0000000080c00000, 0x0000000080b00000| Untracked 
|  12|0x0000000080c00000, 0x0000000080d00000, 0x0000000080d00000|100%| O|  |TAMS 0x0000000080d00000, 0x0000000080c00000| Untracked 
|  13|0x0000000080d00000, 0x0000000080e00000, 0x0000000080e00000|100%| O|  |TAMS 0x0000000080e00000, 0x0000000080d00000| Untracked 
|  14|0x0000000080e00000, 0x0000000080f00000, 0x0000000080f00000|100%| O|  |TAMS 0x0000000080f00000, 0x0000000080e00000| Untracked 
|  15|0x0000000080f00000, 0x0000000081000000, 0x0000000081000000|100%| O|  |TAMS 0x0000000081000000, 0x0000000080f00000| Untracked 
|  16|0x0000000081000000, 0x0000000081100000, 0x0000000081100000|100%|HS|  |TAMS 0x0000000081100000, 0x0000000081000000| Complete 
|  17|0x0000000081100000, 0x0000000081200000, 0x0000000081200000|100%|HC|  |TAMS 0x0000000081200000, 0x0000000081100000| Complete 
|  18|0x0000000081200000, 0x0000000081300000, 0x0000000081300000|100%|HS|  |TAMS 0x0000000081300000, 0x0000000081200000| Complete 
|  19|0x0000000081300000, 0x0000000081400000, 0x0000000081400000|100%|HC|  |TAMS 0x0000000081400000, 0x0000000081300000| Complete 
|  20|0x0000000081400000, 0x0000000081500000, 0x0000000081500000|100%|HC|  |TAMS 0x0000000081500000, 0x0000000081400000| Complete 
|  21|0x0000000081500000, 0x0000000081600000, 0x0000000081600000|100%|HS|  |TAMS 0x0000000081600000, 0x0000000081500000| Complete 
|  22|0x0000000081600000, 0x0000000081700000, 0x0000000081700000|100%|HC|  |TAMS 0x0000000081700000, 0x0000000081600000| Complete 
|  23|0x0000000081700000, 0x0000000081800000, 0x0000000081800000|100%|HC|  |TAMS 0x0000000081800000, 0x0000000081700000| Complete 
|  24|0x0000000081800000, 0x0000000081900000, 0x0000000081900000|100%|HS|  |TAMS 0x0000000081900000, 0x0000000081800000| Complete 
|  25|0x0000000081900000, 0x0000000081a00000, 0x0000000081a00000|100%|HC|  |TAMS 0x0000000081a00000, 0x0000000081900000| Complete 
|  26|0x0000000081a00000, 0x0000000081b00000, 0x0000000081b00000|100%|HS|  |TAMS 0x0000000081b00000, 0x0000000081a00000| Complete 
|  27|0x0000000081b00000, 0x0000000081c00000, 0x0000000081c00000|100%|HC|  |TAMS 0x0000000081c00000, 0x0000000081b00000| Complete 
|  28|0x0000000081c00000, 0x0000000081d00000, 0x0000000081d00000|100%|HC|  |TAMS 0x0000000081d00000, 0x0000000081c00000| Complete 
|  29|0x0000000081d00000, 0x0000000081e00000, 0x0000000081e00000|100%|HC|  |TAMS 0x0000000081e00000, 0x0000000081d00000| Complete 
|  30|0x0000000081e00000, 0x0000000081f00000, 0x0000000081f00000|100%|HC|  |TAMS 0x0000000081f00000, 0x0000000081e00000| Complete 
|  31|0x0000000081f00000, 0x0000000082000000, 0x0000000082000000|100%|HS|  |TAMS 0x0000000082000000, 0x0000000081f00000| Complete 
|  32|0x0000000082000000, 0x0000000082100000, 0x0000000082100000|100%|HC|  |TAMS 0x0000000082100000, 0x0000000082000000| Complete 
|  33|0x0000000082100000, 0x0000000082200000, 0x0000000082200000|100%|HC|  |TAMS 0x0000000082200000, 0x0000000082100000| Complete 
|  34|0x0000000082200000, 0x0000000082300000, 0x0000000082300000|100%|HC|  |TAMS 0x0000000082300000, 0x0000000082200000| Complete 
|  35|0x0000000082300000, 0x0000000082400000, 0x0000000082400000|100%|HC|  |TAMS 0x0000000082400000, 0x0000000082300000| Complete 
|  36|0x0000000082400000, 0x0000000082500000, 0x0000000082500000|100%|HC|  |TAMS 0x0000000082500000, 0x0000000082400000| Complete 
|  37|0x0000000082500000, 0x0000000082600000, 0x0000000082600000|100%|HC|  |TAMS 0x0000000082600000, 0x0000000082500000| Complete 
|  38|0x0000000082600000, 0x0000000082700000, 0x0000000082700000|100%|HC|  |TAMS 0x0000000082700000, 0x0000000082600000| Complete 
|  39|0x0000000082700000, 0x0000000082800000, 0x0000000082800000|100%|HC|  |TAMS 0x0000000082800000, 0x0000000082700000| Complete 
|  40|0x0000000082800000, 0x0000000082900000, 0x0000000082900000|100%|HC|  |TAMS 0x0000000082900000, 0x0000000082800000| Complete 
|  41|0x0000000082900000, 0x0000000082a00000, 0x0000000082a00000|100%|HS|  |TAMS 0x0000000082a00000, 0x0000000082900000| Complete 
|  42|0x0000000082a00000, 0x0000000082b00000, 0x0000000082b00000|100%|HC|  |TAMS 0x0000000082b00000, 0x0000000082a00000| Complete 
|  43|0x0000000082b00000, 0x0000000082c00000, 0x0000000082c00000|100%| O|  |TAMS 0x0000000082c00000, 0x0000000082b00000| Untracked 
|  44|0x0000000082c00000, 0x0000000082d00000, 0x0000000082d00000|100%| O|  |TAMS 0x0000000082d00000, 0x0000000082c00000| Untracked 
|  45|0x0000000082d00000, 0x0000000082e00000, 0x0000000082e00000|100%| O|  |TAMS 0x0000000082e00000, 0x0000000082d00000| Untracked 
|  46|0x0000000082e00000, 0x0000000082f00000, 0x0000000082f00000|100%| O|  |TAMS 0x0000000082f00000, 0x0000000082e00000| Untracked 
|  47|0x0000000082f00000, 0x0000000083000000, 0x0000000083000000|100%| O|  |TAMS 0x0000000083000000, 0x0000000082f00000| Untracked 
|  48|0x0000000083000000, 0x0000000083100000, 0x0000000083100000|100%| O|  |TAMS 0x0000000083100000, 0x0000000083000000| Untracked 
|  49|0x0000000083100000, 0x0000000083200000, 0x0000000083200000|100%| O|  |TAMS 0x0000000083200000, 0x0000000083100000| Untracked 
|  50|0x0000000083200000, 0x0000000083300000, 0x0000000083300000|100%| O|  |TAMS 0x0000000083300000, 0x0000000083200000| Untracked 
|  51|0x0000000083300000, 0x0000000083400000, 0x0000000083400000|100%| O|  |TAMS 0x0000000083400000, 0x0000000083300000| Untracked 
|  52|0x0000000083400000, 0x0000000083500000, 0x0000000083500000|100%| O|  |TAMS 0x0000000083500000, 0x0000000083400000| Untracked 
|  53|0x0000000083500000, 0x0000000083600000, 0x0000000083600000|100%| O|  |TAMS 0x0000000083600000, 0x0000000083500000| Untracked 
|  54|0x0000000083600000, 0x0000000083700000, 0x0000000083700000|100%| O|  |TAMS 0x0000000083700000, 0x0000000083600000| Untracked 
|  55|0x0000000083700000, 0x0000000083800000, 0x0000000083800000|100%| O|  |TAMS 0x0000000083800000, 0x0000000083700000| Untracked 
|  56|0x0000000083800000, 0x0000000083900000, 0x0000000083900000|100%| O|  |TAMS 0x0000000083900000, 0x0000000083800000| Untracked 
|  57|0x0000000083900000, 0x0000000083a00000, 0x0000000083a00000|100%| O|  |TAMS 0x0000000083a00000, 0x0000000083900000| Untracked 
|  58|0x0000000083a00000, 0x0000000083b00000, 0x0000000083b00000|100%| O|  |TAMS 0x0000000083b00000, 0x0000000083a00000| Untracked 
|  59|0x0000000083b00000, 0x0000000083c00000, 0x0000000083c00000|100%| O|  |TAMS 0x0000000083c00000, 0x0000000083b00000| Untracked 
|  60|0x0000000083c00000, 0x0000000083d00000, 0x0000000083d00000|100%| O|  |TAMS 0x0000000083d00000, 0x0000000083c00000| Untracked 
|  61|0x0000000083d00000, 0x0000000083e00000, 0x0000000083e00000|100%|HS|  |TAMS 0x0000000083e00000, 0x0000000083d00000| Complete 
|  62|0x0000000083e00000, 0x0000000083f00000, 0x0000000083f00000|100%|HC|  |TAMS 0x0000000083f00000, 0x0000000083e00000| Complete 
|  63|0x0000000083f00000, 0x0000000084000000, 0x0000000084000000|100%|HC|  |TAMS 0x0000000084000000, 0x0000000083f00000| Complete 
|  64|0x0000000084000000, 0x0000000084100000, 0x0000000084100000|100%|HS|  |TAMS 0x0000000084100000, 0x0000000084000000| Complete 
|  65|0x0000000084100000, 0x0000000084200000, 0x0000000084200000|100%|HC|  |TAMS 0x0000000084200000, 0x0000000084100000| Complete 
|  66|0x0000000084200000, 0x0000000084300000, 0x0000000084300000|100%|HC|  |TAMS 0x0000000084300000, 0x0000000084200000| Complete 
|  67|0x0000000084300000, 0x0000000084400000, 0x0000000084400000|100%|HC|  |TAMS 0x0000000084400000, 0x0000000084300000| Complete 
|  68|0x0000000084400000, 0x0000000084500000, 0x0000000084500000|100%|HC|  |TAMS 0x0000000084500000, 0x0000000084400000| Complete 
|  69|0x0000000084500000, 0x0000000084600000, 0x0000000084600000|100%|HC|  |TAMS 0x0000000084600000, 0x0000000084500000| Complete 
|  70|0x0000000084600000, 0x0000000084700000, 0x0000000084700000|100%|HC|  |TAMS 0x0000000084700000, 0x0000000084600000| Complete 
|  71|0x0000000084700000, 0x0000000084800000, 0x0000000084800000|100%|HC|  |TAMS 0x0000000084800000, 0x0000000084700000| Complete 
|  72|0x0000000084800000, 0x0000000084900000, 0x0000000084900000|100%|HC|  |TAMS 0x0000000084900000, 0x0000000084800000| Complete 
|  73|0x0000000084900000, 0x0000000084a00000, 0x0000000084a00000|100%|HC|  |TAMS 0x0000000084a00000, 0x0000000084900000| Complete 
|  74|0x0000000084a00000, 0x0000000084b00000, 0x0000000084b00000|100%|HS|  |TAMS 0x0000000084b00000, 0x0000000084a00000| Complete 
|  75|0x0000000084b00000, 0x0000000084c00000, 0x0000000084c00000|100%|HC|  |TAMS 0x0000000084c00000, 0x0000000084b00000| Complete 
|  76|0x0000000084c00000, 0x0000000084d00000, 0x0000000084d00000|100%|HS|  |TAMS 0x0000000084d00000, 0x0000000084c00000| Complete 
|  77|0x0000000084d00000, 0x0000000084e00000, 0x0000000084e00000|100%|HC|  |TAMS 0x0000000084e00000, 0x0000000084d00000| Complete 
|  78|0x0000000084e00000, 0x0000000084f00000, 0x0000000084f00000|100%|HC|  |TAMS 0x0000000084f00000, 0x0000000084e00000| Complete 
|  79|0x0000000084f00000, 0x0000000085000000, 0x0000000085000000|100%|HS|  |TAMS 0x0000000085000000, 0x0000000084f00000| Complete 
|  80|0x0000000085000000, 0x0000000085100000, 0x0000000085100000|100%|HC|  |TAMS 0x0000000085100000, 0x0000000085000000| Complete 
|  81|0x0000000085100000, 0x0000000085200000, 0x0000000085200000|100%| O|  |TAMS 0x0000000085200000, 0x0000000085100000| Untracked 
|  82|0x0000000085200000, 0x0000000085300000, 0x0000000085300000|100%| O|  |TAMS 0x0000000085300000, 0x0000000085200000| Untracked 
|  83|0x0000000085300000, 0x0000000085400000, 0x0000000085400000|100%| O|  |TAMS 0x0000000085400000, 0x0000000085300000| Untracked 
|  84|0x0000000085400000, 0x0000000085500000, 0x0000000085500000|100%| O|  |TAMS 0x0000000085500000, 0x0000000085400000| Untracked 
|  85|0x0000000085500000, 0x0000000085600000, 0x0000000085600000|100%| O|  |TAMS 0x0000000085600000, 0x0000000085500000| Untracked 
|  86|0x0000000085600000, 0x0000000085700000, 0x0000000085700000|100%|HS|  |TAMS 0x0000000085700000, 0x0000000085600000| Complete 
|  87|0x0000000085700000, 0x0000000085800000, 0x0000000085800000|100%|HC|  |TAMS 0x0000000085800000, 0x0000000085700000| Complete 
|  88|0x0000000085800000, 0x0000000085900000, 0x0000000085900000|100%|HC|  |TAMS 0x0000000085900000, 0x0000000085800000| Complete 
|  89|0x0000000085900000, 0x0000000085a00000, 0x0000000085a00000|100%|HC|  |TAMS 0x0000000085a00000, 0x0000000085900000| Complete 
|  90|0x0000000085a00000, 0x0000000085b00000, 0x0000000085b00000|100%|HC|  |TAMS 0x0000000085b00000, 0x0000000085a00000| Complete 
|  91|0x0000000085b00000, 0x0000000085c00000, 0x0000000085c00000|100%| O|  |TAMS 0x0000000085c00000, 0x0000000085b00000| Untracked 
|  92|0x0000000085c00000, 0x0000000085d00000, 0x0000000085d00000|100%|HS|  |TAMS 0x0000000085d00000, 0x0000000085c00000| Complete 
|  93|0x0000000085d00000, 0x0000000085e00000, 0x0000000085e00000|100%|HS|  |TAMS 0x0000000085e00000, 0x0000000085d00000| Complete 
|  94|0x0000000085e00000, 0x0000000085f00000, 0x0000000085f00000|100%| O|  |TAMS 0x0000000085f00000, 0x0000000085e00000| Untracked 
|  95|0x0000000085f00000, 0x0000000086000000, 0x0000000086000000|100%| O|  |TAMS 0x0000000086000000, 0x0000000085f00000| Untracked 
|  96|0x0000000086000000, 0x0000000086100000, 0x0000000086100000|100%| O|  |TAMS 0x000000008609d400, 0x0000000086000000| Untracked 
|  97|0x0000000086100000, 0x0000000086100000, 0x0000000086200000|  0%| F|  |TAMS 0x0000000086100000, 0x0000000086100000| Untracked 
|  98|0x0000000086200000, 0x0000000086300000, 0x0000000086300000|100%| O|  |TAMS 0x0000000086200000, 0x0000000086200000| Untracked 
|  99|0x0000000086300000, 0x0000000086400000, 0x0000000086400000|100%| O|  |TAMS 0x0000000086300000, 0x0000000086300000| Untracked 
| 100|0x0000000086400000, 0x0000000086500000, 0x0000000086500000|100%| O|  |TAMS 0x0000000086400000, 0x0000000086400000| Untracked 
| 101|0x0000000086500000, 0x0000000086600000, 0x0000000086600000|100%| O|  |TAMS 0x0000000086500000, 0x0000000086500000| Untracked 
| 102|0x0000000086600000, 0x0000000086687200, 0x0000000086700000| 52%| O|  |TAMS 0x0000000086600000, 0x0000000086600000| Untracked 
| 103|0x0000000086700000, 0x0000000086700000, 0x0000000086800000|  0%| F|  |TAMS 0x0000000086700000, 0x0000000086700000| Untracked 
| 104|0x0000000086800000, 0x0000000086800000, 0x0000000086900000|  0%| F|  |TAMS 0x0000000086800000, 0x0000000086800000| Untracked 
| 105|0x0000000086900000, 0x0000000086900000, 0x0000000086a00000|  0%| F|  |TAMS 0x0000000086900000, 0x0000000086900000| Untracked 
| 106|0x0000000086a00000, 0x0000000086a00000, 0x0000000086b00000|  0%| F|  |TAMS 0x0000000086a00000, 0x0000000086a00000| Untracked 
| 107|0x0000000086b00000, 0x0000000086b00000, 0x0000000086c00000|  0%| F|  |TAMS 0x0000000086b00000, 0x0000000086b00000| Untracked 
| 108|0x0000000086c00000, 0x0000000086c00000, 0x0000000086d00000|  0%| F|  |TAMS 0x0000000086c00000, 0x0000000086c00000| Untracked 
| 109|0x0000000086d00000, 0x0000000086d00000, 0x0000000086e00000|  0%| F|  |TAMS 0x0000000086d00000, 0x0000000086d00000| Untracked 
| 110|0x0000000086e00000, 0x0000000086e00000, 0x0000000086f00000|  0%| F|  |TAMS 0x0000000086e00000, 0x0000000086e00000| Untracked 
| 111|0x0000000086f00000, 0x0000000086f00000, 0x0000000087000000|  0%| F|  |TAMS 0x0000000086f00000, 0x0000000086f00000| Untracked 
| 112|0x0000000087000000, 0x0000000087000000, 0x0000000087100000|  0%| F|  |TAMS 0x0000000087000000, 0x0000000087000000| Untracked 
| 113|0x0000000087100000, 0x0000000087100000, 0x0000000087200000|  0%| F|  |TAMS 0x0000000087100000, 0x0000000087100000| Untracked 
| 114|0x0000000087200000, 0x0000000087200000, 0x0000000087300000|  0%| F|  |TAMS 0x0000000087200000, 0x0000000087200000| Untracked 
| 115|0x0000000087300000, 0x0000000087300000, 0x0000000087400000|  0%| F|  |TAMS 0x0000000087300000, 0x0000000087300000| Untracked 
| 116|0x0000000087400000, 0x0000000087400000, 0x0000000087500000|  0%| F|  |TAMS 0x0000000087400000, 0x0000000087400000| Untracked 
| 117|0x0000000087500000, 0x0000000087500000, 0x0000000087600000|  0%| F|  |TAMS 0x0000000087500000, 0x0000000087500000| Untracked 
| 118|0x0000000087600000, 0x0000000087600000, 0x0000000087700000|  0%| F|  |TAMS 0x0000000087600000, 0x0000000087600000| Untracked 
| 119|0x0000000087700000, 0x0000000087700000, 0x0000000087800000|  0%| F|  |TAMS 0x0000000087700000, 0x0000000087700000| Untracked 
| 120|0x0000000087800000, 0x0000000087800000, 0x0000000087900000|  0%| F|  |TAMS 0x0000000087800000, 0x0000000087800000| Untracked 
| 121|0x0000000087900000, 0x0000000087900000, 0x0000000087a00000|  0%| F|  |TAMS 0x0000000087900000, 0x0000000087900000| Untracked 
| 122|0x0000000087a00000, 0x0000000087a00000, 0x0000000087b00000|  0%| F|  |TAMS 0x0000000087a00000, 0x0000000087a00000| Untracked 
| 123|0x0000000087b00000, 0x0000000087b00000, 0x0000000087c00000|  0%| F|  |TAMS 0x0000000087b00000, 0x0000000087b00000| Untracked 
| 124|0x0000000087c00000, 0x0000000087c00000, 0x0000000087d00000|  0%| F|  |TAMS 0x0000000087c00000, 0x0000000087c00000| Untracked 
| 125|0x0000000087d00000, 0x0000000087d00000, 0x0000000087e00000|  0%| F|  |TAMS 0x0000000087d00000, 0x0000000087d00000| Untracked 
| 126|0x0000000087e00000, 0x0000000087e00000, 0x0000000087f00000|  0%| F|  |TAMS 0x0000000087e00000, 0x0000000087e00000| Untracked 
| 127|0x0000000087f00000, 0x0000000087f00000, 0x0000000088000000|  0%| F|  |TAMS 0x0000000087f00000, 0x0000000087f00000| Untracked 
| 128|0x0000000088000000, 0x0000000088000000, 0x0000000088100000|  0%| F|  |TAMS 0x0000000088000000, 0x0000000088000000| Untracked 
| 129|0x0000000088100000, 0x0000000088100000, 0x0000000088200000|  0%| F|  |TAMS 0x0000000088100000, 0x0000000088100000| Untracked 
| 130|0x0000000088200000, 0x0000000088200000, 0x0000000088300000|  0%| F|  |TAMS 0x0000000088200000, 0x0000000088200000| Untracked 
| 131|0x0000000088300000, 0x0000000088300000, 0x0000000088400000|  0%| F|  |TAMS 0x0000000088300000, 0x0000000088300000| Untracked 
| 132|0x0000000088400000, 0x0000000088400000, 0x0000000088500000|  0%| F|  |TAMS 0x0000000088400000, 0x0000000088400000| Untracked 
| 133|0x0000000088500000, 0x00000000885db170, 0x0000000088600000| 85%| S|CS|TAMS 0x0000000088500000, 0x0000000088500000| Complete 
| 134|0x0000000088600000, 0x0000000088700000, 0x0000000088700000|100%| S|CS|TAMS 0x0000000088600000, 0x0000000088600000| Complete 
| 135|0x0000000088700000, 0x0000000088800000, 0x0000000088800000|100%| S|CS|TAMS 0x0000000088700000, 0x0000000088700000| Complete 
| 136|0x0000000088800000, 0x0000000088800000, 0x0000000088900000|  0%| F|  |TAMS 0x0000000088800000, 0x0000000088800000| Untracked 
| 137|0x0000000088900000, 0x0000000088900000, 0x0000000088a00000|  0%| F|  |TAMS 0x0000000088900000, 0x0000000088900000| Untracked 
| 138|0x0000000088a00000, 0x0000000088a00000, 0x0000000088b00000|  0%| F|  |TAMS 0x0000000088a00000, 0x0000000088a00000| Untracked 
| 139|0x0000000088b00000, 0x0000000088b00000, 0x0000000088c00000|  0%| F|  |TAMS 0x0000000088b00000, 0x0000000088b00000| Untracked 
| 140|0x0000000088c00000, 0x0000000088c00000, 0x0000000088d00000|  0%| F|  |TAMS 0x0000000088c00000, 0x0000000088c00000| Untracked 
| 141|0x0000000088d00000, 0x0000000088d00000, 0x0000000088e00000|  0%| F|  |TAMS 0x0000000088d00000, 0x0000000088d00000| Untracked 
| 142|0x0000000088e00000, 0x0000000088e00000, 0x0000000088f00000|  0%| F|  |TAMS 0x0000000088e00000, 0x0000000088e00000| Untracked 
| 143|0x0000000088f00000, 0x0000000088f00000, 0x0000000089000000|  0%| F|  |TAMS 0x0000000088f00000, 0x0000000088f00000| Untracked 
| 144|0x0000000089000000, 0x0000000089000000, 0x0000000089100000|  0%| F|  |TAMS 0x0000000089000000, 0x0000000089000000| Untracked 
| 145|0x0000000089100000, 0x0000000089100000, 0x0000000089200000|  0%| F|  |TAMS 0x0000000089100000, 0x0000000089100000| Untracked 
| 146|0x0000000089200000, 0x0000000089200000, 0x0000000089300000|  0%| F|  |TAMS 0x0000000089200000, 0x0000000089200000| Untracked 
| 147|0x0000000089300000, 0x0000000089300000, 0x0000000089400000|  0%| F|  |TAMS 0x0000000089300000, 0x0000000089300000| Untracked 
| 148|0x0000000089400000, 0x0000000089400000, 0x0000000089500000|  0%| F|  |TAMS 0x0000000089400000, 0x0000000089400000| Untracked 
| 149|0x0000000089500000, 0x0000000089500000, 0x0000000089600000|  0%| F|  |TAMS 0x0000000089500000, 0x0000000089500000| Untracked 
| 150|0x0000000089600000, 0x0000000089600000, 0x0000000089700000|  0%| F|  |TAMS 0x0000000089600000, 0x0000000089600000| Untracked 
| 151|0x0000000089700000, 0x0000000089700000, 0x0000000089800000|  0%| F|  |TAMS 0x0000000089700000, 0x0000000089700000| Untracked 
| 152|0x0000000089800000, 0x0000000089800000, 0x0000000089900000|  0%| F|  |TAMS 0x0000000089800000, 0x0000000089800000| Untracked 
| 153|0x0000000089900000, 0x0000000089900000, 0x0000000089a00000|  0%| F|  |TAMS 0x0000000089900000, 0x0000000089900000| Untracked 
| 154|0x0000000089a00000, 0x0000000089a00000, 0x0000000089b00000|  0%| F|  |TAMS 0x0000000089a00000, 0x0000000089a00000| Untracked 
| 155|0x0000000089b00000, 0x0000000089b00000, 0x0000000089c00000|  0%| F|  |TAMS 0x0000000089b00000, 0x0000000089b00000| Untracked 
| 156|0x0000000089c00000, 0x0000000089c00000, 0x0000000089d00000|  0%| F|  |TAMS 0x0000000089c00000, 0x0000000089c00000| Untracked 
| 157|0x0000000089d00000, 0x0000000089d00000, 0x0000000089e00000|  0%| F|  |TAMS 0x0000000089d00000, 0x0000000089d00000| Untracked 
| 158|0x0000000089e00000, 0x0000000089e00000, 0x0000000089f00000|  0%| F|  |TAMS 0x0000000089e00000, 0x0000000089e00000| Untracked 
| 159|0x0000000089f00000, 0x0000000089f00000, 0x000000008a000000|  0%| F|  |TAMS 0x0000000089f00000, 0x0000000089f00000| Untracked 
| 160|0x000000008a000000, 0x000000008a000000, 0x000000008a100000|  0%| F|  |TAMS 0x000000008a000000, 0x000000008a000000| Untracked 
| 161|0x000000008a100000, 0x000000008a100000, 0x000000008a200000|  0%| F|  |TAMS 0x000000008a100000, 0x000000008a100000| Untracked 
| 162|0x000000008a200000, 0x000000008a200000, 0x000000008a300000|  0%| F|  |TAMS 0x000000008a200000, 0x000000008a200000| Untracked 
| 163|0x000000008a300000, 0x000000008a300000, 0x000000008a400000|  0%| F|  |TAMS 0x000000008a300000, 0x000000008a300000| Untracked 
| 164|0x000000008a400000, 0x000000008a400000, 0x000000008a500000|  0%| F|  |TAMS 0x000000008a400000, 0x000000008a400000| Untracked 
| 165|0x000000008a500000, 0x000000008a500000, 0x000000008a600000|  0%| F|  |TAMS 0x000000008a500000, 0x000000008a500000| Untracked 
| 166|0x000000008a600000, 0x000000008a600000, 0x000000008a700000|  0%| F|  |TAMS 0x000000008a600000, 0x000000008a600000| Untracked 
| 167|0x000000008a700000, 0x000000008a700000, 0x000000008a800000|  0%| F|  |TAMS 0x000000008a700000, 0x000000008a700000| Untracked 
| 168|0x000000008a800000, 0x000000008a800000, 0x000000008a900000|  0%| F|  |TAMS 0x000000008a800000, 0x000000008a800000| Untracked 
| 169|0x000000008a900000, 0x000000008a900000, 0x000000008aa00000|  0%| F|  |TAMS 0x000000008a900000, 0x000000008a900000| Untracked 
| 170|0x000000008aa00000, 0x000000008aa00000, 0x000000008ab00000|  0%| F|  |TAMS 0x000000008aa00000, 0x000000008aa00000| Untracked 
| 171|0x000000008ab00000, 0x000000008ab00000, 0x000000008ac00000|  0%| F|  |TAMS 0x000000008ab00000, 0x000000008ab00000| Untracked 
| 172|0x000000008ac00000, 0x000000008ac00000, 0x000000008ad00000|  0%| F|  |TAMS 0x000000008ac00000, 0x000000008ac00000| Untracked 
| 173|0x000000008ad00000, 0x000000008ad00000, 0x000000008ae00000|  0%| F|  |TAMS 0x000000008ad00000, 0x000000008ad00000| Untracked 
| 174|0x000000008ae00000, 0x000000008ae00000, 0x000000008af00000|  0%| F|  |TAMS 0x000000008ae00000, 0x000000008ae00000| Untracked 
| 175|0x000000008af00000, 0x000000008af80820, 0x000000008b000000| 50%| E|  |TAMS 0x000000008af00000, 0x000000008af00000| Complete 
| 176|0x000000008b000000, 0x000000008b100000, 0x000000008b100000|100%| E|CS|TAMS 0x000000008b000000, 0x000000008b000000| Complete 
| 177|0x000000008b100000, 0x000000008b200000, 0x000000008b200000|100%| E|CS|TAMS 0x000000008b100000, 0x000000008b100000| Complete 
| 178|0x000000008b200000, 0x000000008b300000, 0x000000008b300000|100%| E|CS|TAMS 0x000000008b200000, 0x000000008b200000| Complete 
| 179|0x000000008b300000, 0x000000008b400000, 0x000000008b400000|100%| E|CS|TAMS 0x000000008b300000, 0x000000008b300000| Complete 
| 180|0x000000008b400000, 0x000000008b500000, 0x000000008b500000|100%| E|CS|TAMS 0x000000008b400000, 0x000000008b400000| Complete 
| 181|0x000000008b500000, 0x000000008b600000, 0x000000008b600000|100%| E|CS|TAMS 0x000000008b500000, 0x000000008b500000| Complete 
| 182|0x000000008b600000, 0x000000008b700000, 0x000000008b700000|100%| E|CS|TAMS 0x000000008b600000, 0x000000008b600000| Complete 
| 183|0x000000008b700000, 0x000000008b800000, 0x000000008b800000|100%| E|CS|TAMS 0x000000008b700000, 0x000000008b700000| Complete 
| 184|0x000000008b800000, 0x000000008b900000, 0x000000008b900000|100%| E|CS|TAMS 0x000000008b800000, 0x000000008b800000| Complete 
| 185|0x000000008b900000, 0x000000008ba00000, 0x000000008ba00000|100%| E|CS|TAMS 0x000000008b900000, 0x000000008b900000| Complete 
| 186|0x000000008ba00000, 0x000000008bb00000, 0x000000008bb00000|100%| E|CS|TAMS 0x000000008ba00000, 0x000000008ba00000| Complete 
| 187|0x000000008bb00000, 0x000000008bc00000, 0x000000008bc00000|100%| E|CS|TAMS 0x000000008bb00000, 0x000000008bb00000| Complete 
| 188|0x000000008bc00000, 0x000000008bd00000, 0x000000008bd00000|100%| E|CS|TAMS 0x000000008bc00000, 0x000000008bc00000| Complete 
| 189|0x000000008bd00000, 0x000000008be00000, 0x000000008be00000|100%| E|CS|TAMS 0x000000008bd00000, 0x000000008bd00000| Complete 
| 190|0x000000008be00000, 0x000000008bf00000, 0x000000008bf00000|100%| E|CS|TAMS 0x000000008be00000, 0x000000008be00000| Complete 
| 191|0x000000008bf00000, 0x000000008c000000, 0x000000008c000000|100%| E|CS|TAMS 0x000000008bf00000, 0x000000008bf00000| Complete 
| 192|0x000000008c000000, 0x000000008c100000, 0x000000008c100000|100%| E|CS|TAMS 0x000000008c000000, 0x000000008c000000| Complete 
| 193|0x000000008c100000, 0x000000008c200000, 0x000000008c200000|100%| E|CS|TAMS 0x000000008c100000, 0x000000008c100000| Complete 
| 194|0x000000008c200000, 0x000000008c300000, 0x000000008c300000|100%| E|CS|TAMS 0x000000008c200000, 0x000000008c200000| Complete 
| 195|0x000000008c300000, 0x000000008c400000, 0x000000008c400000|100%| E|CS|TAMS 0x000000008c300000, 0x000000008c300000| Complete 
| 196|0x000000008c400000, 0x000000008c500000, 0x000000008c500000|100%| E|CS|TAMS 0x000000008c400000, 0x000000008c400000| Complete 
| 197|0x000000008c500000, 0x000000008c600000, 0x000000008c600000|100%| E|CS|TAMS 0x000000008c500000, 0x000000008c500000| Complete 
| 198|0x000000008c600000, 0x000000008c700000, 0x000000008c700000|100%| E|CS|TAMS 0x000000008c600000, 0x000000008c600000| Complete 
| 199|0x000000008c700000, 0x000000008c800000, 0x000000008c800000|100%| E|CS|TAMS 0x000000008c700000, 0x000000008c700000| Complete 
| 200|0x000000008c800000, 0x000000008c900000, 0x000000008c900000|100%| E|CS|TAMS 0x000000008c800000, 0x000000008c800000| Complete 
| 201|0x000000008c900000, 0x000000008ca00000, 0x000000008ca00000|100%| E|CS|TAMS 0x000000008c900000, 0x000000008c900000| Complete 
| 202|0x000000008ca00000, 0x000000008cb00000, 0x000000008cb00000|100%| E|CS|TAMS 0x000000008ca00000, 0x000000008ca00000| Complete 
| 203|0x000000008cb00000, 0x000000008cc00000, 0x000000008cc00000|100%| E|CS|TAMS 0x000000008cb00000, 0x000000008cb00000| Complete 
| 204|0x000000008cc00000, 0x000000008cd00000, 0x000000008cd00000|100%| E|CS|TAMS 0x000000008cc00000, 0x000000008cc00000| Complete 
| 205|0x000000008cd00000, 0x000000008ce00000, 0x000000008ce00000|100%| E|CS|TAMS 0x000000008cd00000, 0x000000008cd00000| Complete 

Card table byte_map: [0x0000021368960000,0x0000021368d60000] _byte_map_base: 0x0000021368560000

Marking Bits (Prev, Next): (CMBitMap*) 0x000002135597f100, (CMBitMap*) 0x000002135597f0c8
 Prev Bits: [0x000002136b160000, 0x000002136d160000)
 Next Bits: [0x0000021369160000, 0x000002136b160000)

Polling page: 0x0000021353930000

Metaspace:

Usage:
  Non-class:     52.15 MB capacity,    51.18 MB ( 98%) used,   827.61 KB (  2%) free+waste,   171.00 KB ( <1%) overhead. 
      Class:      8.14 MB capacity,     7.46 MB ( 92%) used,   616.72 KB (  7%) free+waste,    83.12 KB ( <1%) overhead. 
       Both:     60.29 MB capacity,    58.64 MB ( 97%) used,     1.41 MB (  2%) free+waste,   254.12 KB ( <1%) overhead. 

Virtual space:
  Non-class space:       54.00 MB reserved,      52.37 MB ( 97%) committed 
      Class space:        1.00 GB reserved,       8.25 MB ( <1%) committed 
             Both:        1.05 GB reserved,      60.62 MB (  6%) committed 

Chunk freelists:
   Non-Class:  30.00 KB
       Class:  16.00 KB
        Both:  46.00 KB

MaxMetaspaceSize: 17179869184.00 GB
CompressedClassSpaceSize: 1.00 GB
Initial GC threshold: 20.80 MB
Current GC threshold: 88.95 MB
CDS: off

CodeHeap 'non-profiled nmethods': size=120064Kb used=3453Kb max_used=3453Kb free=116610Kb
 bounds [0x0000021360f10000, 0x0000021361270000, 0x0000021368450000]
CodeHeap 'profiled nmethods': size=120000Kb used=12561Kb max_used=12561Kb free=107438Kb
 bounds [0x00000213599e0000, 0x000002135a630000, 0x0000021360f10000]
CodeHeap 'non-nmethods': size=5696Kb used=2329Kb max_used=2362Kb free=3366Kb
 bounds [0x0000021359450000, 0x00000213596c0000, 0x00000213599e0000]
 total_blobs=6879 nmethods=6036 adapters=755
 compilation: enabled
              stopped_count=0, restarted_count=0
 full_count=0

Compilation events (20 events):
Event: 6.292 Thread 0x000002137032c000 6016       3       jdk.internal.org.objectweb.asm.MethodWriter::endFrame (53 bytes)
Event: 6.292 Thread 0x000002137032c000 nmethod 6016 0x000002135a607010 code [0x000002135a607200, 0x000002135a6076c8]
Event: 6.292 Thread 0x000002137032c000 6017       3       java.lang.invoke.ClassSpecializer$Factory$1Var::<init> (146 bytes)
Event: 6.294 Thread 0x000002137032c000 nmethod 6017 0x000002135a607810 code [0x000002135a607c20, 0x000002135a609518]
Event: 6.294 Thread 0x000002137032c000 6021       3       java.lang.invoke.ClassSpecializer$Factory$1Var::emitVarInstruction (73 bytes)
Event: 6.295 Thread 0x000002137032c000 nmethod 6021 0x000002135a609f10 code [0x000002135a60a1c0, 0x000002135a60acf8]
Event: 6.295 Thread 0x000002137032c000 6019       3       java.util.List::of (66 bytes)
Event: 6.296 Thread 0x000002137032c000 nmethod 6019 0x000002135a60b190 code [0x000002135a60b420, 0x000002135a60c0f8]
Event: 6.296 Thread 0x000002137032c000 6027       3       java.util.ArrayList::rangeCheckForAdd (26 bytes)
Event: 6.296 Thread 0x000002137032c000 nmethod 6027 0x000002135a60c590 code [0x000002135a60c7e0, 0x000002135a60ce68]
Event: 6.296 Thread 0x000002137032c000 6026       3       java.lang.invoke.BoundMethodHandle::speciesDataFor (32 bytes)
Event: 6.297 Thread 0x000002137032c000 nmethod 6026 0x000002135a60d190 code [0x000002135a60d360, 0x000002135a60d6b8]
Event: 6.297 Thread 0x000002137032c000 6029       3       java.lang.invoke.MemberName$Factory::resolveOrNull (28 bytes)
Event: 6.297 Thread 0x000002137032c000 nmethod 6029 0x000002135a60d810 code [0x000002135a60d9e0, 0x000002135a60dc68]
Event: 6.297 Thread 0x000002137032c000 6030       3       sun.invoke.util.VerifyType::isNullReferenceConversion (45 bytes)
Event: 6.297 Thread 0x000002137032c000 nmethod 6030 0x000002135a60dd90 code [0x000002135a60df80, 0x000002135a60e298]
Event: 6.310 Thread 0x000002137032c000 6032       3       org.gradle.internal.instantiation.generator.AsmBackedClassGenerator$ClassBuilderImpl::access$1200 (4 bytes)
Event: 6.310 Thread 0x000002137032c000 nmethod 6032 0x000002135a60e390 code [0x000002135a60e540, 0x000002135a60e638]
Event: 6.311 Thread 0x000002137032c000 6034       3       com.google.common.reflect.TypeToken::someRawTypeIsSubclassOf (42 bytes)
Event: 6.312 Thread 0x000002137032c000 nmethod 6034 0x000002135a60e710 code [0x000002135a60ea20, 0x000002135a60fe78]

GC Heap History (20 events):
Event: 4.296 GC heap before
{Heap before GC invocations=13 (full 0):
 garbage-first heap   total 120832K, used 88729K [0x0000000080000000, 0x0000000100000000)
  region size 1024K, 29 young (29696K), 5 survivors (5120K)
 Metaspace       used 43154K, capacity 44356K, committed 44540K, reserved 1087488K
  class space    used 5510K, capacity 5928K, committed 6016K, reserved 1048576K
}
Event: 4.300 GC heap after
{Heap after GC invocations=14 (full 0):
 garbage-first heap   total 120832K, used 62089K [0x0000000080000000, 0x0000000100000000)
  region size 1024K, 3 young (3072K), 3 survivors (3072K)
 Metaspace       used 43154K, capacity 44356K, committed 44540K, reserved 1087488K
  class space    used 5510K, capacity 5928K, committed 6016K, reserved 1048576K
}
Event: 4.503 GC heap before
{Heap before GC invocations=14 (full 0):
 garbage-first heap   total 120832K, used 79497K [0x0000000080000000, 0x0000000100000000)
  region size 1024K, 22 young (22528K), 3 survivors (3072K)
 Metaspace       used 44490K, capacity 45708K, committed 45948K, reserved 1089536K
  class space    used 5698K, capacity 6117K, committed 6144K, reserved 1048576K
}
Event: 4.507 GC heap after
{Heap after GC invocations=15 (full 0):
 garbage-first heap   total 145408K, used 62885K [0x0000000080000000, 0x0000000100000000)
  region size 1024K, 3 young (3072K), 3 survivors (3072K)
 Metaspace       used 44490K, capacity 45708K, committed 45948K, reserved 1089536K
  class space    used 5698K, capacity 6117K, committed 6144K, reserved 1048576K
}
Event: 4.537 GC heap before
{Heap before GC invocations=16 (full 0):
 garbage-first heap   total 145408K, used 78245K [0x0000000080000000, 0x0000000100000000)
  region size 1024K, 4 young (4096K), 3 survivors (3072K)
 Metaspace       used 44490K, capacity 45708K, committed 45948K, reserved 1089536K
  class space    used 5698K, capacity 6117K, committed 6144K, reserved 1048576K
}
Event: 4.540 GC heap after
{Heap after GC invocations=17 (full 0):
 garbage-first heap   total 145408K, used 78806K [0x0000000080000000, 0x0000000100000000)
  region size 1024K, 3 young (3072K), 3 survivors (3072K)
 Metaspace       used 44490K, capacity 45708K, committed 45948K, reserved 1089536K
  class space    used 5698K, capacity 6117K, committed 6144K, reserved 1048576K
}
Event: 4.721 GC heap before
{Heap before GC invocations=18 (full 0):
 garbage-first heap   total 145408K, used 106454K [0x0000000080000000, 0x0000000100000000)
  region size 1024K, 27 young (27648K), 3 survivors (3072K)
 Metaspace       used 45762K, capacity 47103K, committed 47228K, reserved 1089536K
  class space    used 5847K, capacity 6344K, committed 6400K, reserved 1048576K
}
Event: 4.728 GC heap after
{Heap after GC invocations=19 (full 0):
 garbage-first heap   total 145408K, used 87095K [0x0000000080000000, 0x0000000100000000)
  region size 1024K, 4 young (4096K), 4 survivors (4096K)
 Metaspace       used 45762K, capacity 47103K, committed 47228K, reserved 1089536K
  class space    used 5847K, capacity 6344K, committed 6400K, reserved 1048576K
}
Event: 4.905 GC heap before
{Heap before GC invocations=20 (full 0):
 garbage-first heap   total 145408K, used 114743K [0x0000000080000000, 0x0000000100000000)
  region size 1024K, 30 young (30720K), 4 survivors (4096K)
 Metaspace       used 47254K, capacity 48638K, committed 48892K, reserved 1091584K
  class space    used 5968K, capacity 6467K, committed 6528K, reserved 1048576K
}
Event: 4.909 GC heap after
{Heap after GC invocations=21 (full 0):
 garbage-first heap   total 145408K, used 88900K [0x0000000080000000, 0x0000000100000000)
  region size 1024K, 3 young (3072K), 3 survivors (3072K)
 Metaspace       used 47254K, capacity 48638K, committed 48892K, reserved 1091584K
  class space    used 5968K, capacity 6467K, committed 6528K, reserved 1048576K
}
Event: 5.038 GC heap before
{Heap before GC invocations=21 (full 0):
 garbage-first heap   total 145408K, used 103236K [0x0000000080000000, 0x0000000100000000)
  region size 1024K, 18 young (18432K), 3 survivors (3072K)
 Metaspace       used 48512K, capacity 49889K, committed 50172K, reserved 1093632K
  class space    used 6175K, capacity 6692K, committed 6784K, reserved 1048576K
}
Event: 5.043 GC heap after
{Heap after GC invocations=22 (full 0):
 garbage-first heap   total 175104K, used 89676K [0x0000000080000000, 0x0000000100000000)
  region size 1024K, 3 young (3072K), 3 survivors (3072K)
 Metaspace       used 48512K, capacity 49889K, committed 50172K, reserved 1093632K
  class space    used 6175K, capacity 6692K, committed 6784K, reserved 1048576K
}
Event: 5.396 GC heap before
{Heap before GC invocations=23 (full 0):
 garbage-first heap   total 175104K, used 134732K [0x0000000080000000, 0x0000000100000000)
  region size 1024K, 42 young (43008K), 3 survivors (3072K)
 Metaspace       used 51290K, capacity 52755K, committed 52988K, reserved 1095680K
  class space    used 6616K, capacity 7178K, committed 7296K, reserved 1048576K
}
Event: 5.401 GC heap after
{Heap after GC invocations=24 (full 0):
 garbage-first heap   total 175104K, used 97385K [0x0000000080000000, 0x0000000100000000)
  region size 1024K, 6 young (6144K), 6 survivors (6144K)
 Metaspace       used 51290K, capacity 52755K, committed 52988K, reserved 1095680K
  class space    used 6616K, capacity 7178K, committed 7296K, reserved 1048576K
}
Event: 5.707 GC heap before
{Heap before GC invocations=24 (full 0):
 garbage-first heap   total 175104K, used 124009K [0x0000000080000000, 0x0000000100000000)
  region size 1024K, 34 young (34816K), 6 survivors (6144K)
 Metaspace       used 52150K, capacity 53666K, committed 53756K, reserved 1095680K
  class space    used 6681K, capacity 7283K, committed 7296K, reserved 1048576K
}
Event: 5.713 GC heap after
{Heap after GC invocations=25 (full 0):
 garbage-first heap   total 175104K, used 98806K [0x0000000080000000, 0x0000000100000000)
  region size 1024K, 5 young (5120K), 5 survivors (5120K)
 Metaspace       used 52150K, capacity 53666K, committed 53756K, reserved 1095680K
  class space    used 6681K, capacity 7283K, committed 7296K, reserved 1048576K
}
Event: 5.780 GC heap before
{Heap before GC invocations=26 (full 0):
 garbage-first heap   total 175104K, used 109046K [0x0000000080000000, 0x0000000100000000)
  region size 1024K, 14 young (14336K), 5 survivors (5120K)
 Metaspace       used 52558K, capacity 54200K, committed 54396K, reserved 1095680K
  class space    used 6745K, capacity 7357K, committed 7424K, reserved 1048576K
}
Event: 5.786 GC heap after
{Heap after GC invocations=27 (full 0):
 garbage-first heap   total 175104K, used 105077K [0x0000000080000000, 0x0000000100000000)
  region size 1024K, 6 young (6144K), 6 survivors (6144K)
 Metaspace       used 52558K, capacity 54200K, committed 54396K, reserved 1095680K
  class space    used 6745K, capacity 7357K, committed 7424K, reserved 1048576K
}
Event: 6.033 GC heap before
{Heap before GC invocations=28 (full 0):
 garbage-first heap   total 175104K, used 135797K [0x0000000080000000, 0x0000000100000000)
  region size 1024K, 35 young (35840K), 6 survivors (6144K)
 Metaspace       used 55721K, capacity 57305K, committed 57596K, reserved 1099776K
  class space    used 7144K, capacity 7770K, committed 7808K, reserved 1048576K
}
Event: 6.037 GC heap after
{Heap after GC invocations=29 (full 0):
 garbage-first heap   total 210944K, used 106888K [0x0000000080000000, 0x0000000100000000)
  region size 1024K, 3 young (3072K), 3 survivors (3072K)
 Metaspace       used 55721K, capacity 57305K, committed 57596K, reserved 1099776K
  class space    used 7144K, capacity 7770K, committed 7808K, reserved 1048576K
}

Deoptimization events (20 events):
Event: 5.942 Thread 0x0000021372d4a800 Uncommon trap: trap_request=0xffffff4d fr.pc=0x0000021360f45834 relative=0x0000000000000474
Event: 5.942 Thread 0x0000021372d4a800 Uncommon trap: reason=unstable_if action=reinterpret pc=0x0000021360f45834 method=java.lang.AbstractStringBuilder.putStringAt(ILjava/lang/String;)V @ 8 c2
Event: 5.942 Thread 0x0000021372d4a800 DEOPT PACKING pc=0x0000021360f45834 sp=0x00000089f0ff4550
Event: 5.942 Thread 0x0000021372d4a800 DEOPT UNPACKING pc=0x000002135949a1af sp=0x00000089f0ff44c0 mode 2
Event: 5.995 Thread 0x0000021372d4a800 Uncommon trap: trap_request=0xffffff4d fr.pc=0x000002136109bef8 relative=0x0000000000000678
Event: 5.995 Thread 0x0000021372d4a800 Uncommon trap: reason=unstable_if action=reinterpret pc=0x000002136109bef8 method=java.io.BufferedInputStream.read([BII)I @ 56 c2
Event: 5.995 Thread 0x0000021372d4a800 DEOPT PACKING pc=0x000002136109bef8 sp=0x00000089f0ff6450
Event: 5.995 Thread 0x0000021372d4a800 DEOPT UNPACKING pc=0x000002135949a1af sp=0x00000089f0ff6408 mode 2
Event: 6.037 Thread 0x000002137049e000 Uncommon trap: trap_request=0xffffffde fr.pc=0x000002136106c36c relative=0x000000000000052c
Event: 6.037 Thread 0x000002137049e000 Uncommon trap: reason=class_check action=maybe_recompile pc=0x000002136106c36c method=jdk.internal.ref.PhantomCleanable.clean()V @ 12 c2
Event: 6.037 Thread 0x000002137049e000 DEOPT PACKING pc=0x000002136106c36c sp=0x00000089f06ff2b0
Event: 6.037 Thread 0x000002137049e000 DEOPT UNPACKING pc=0x000002135949a1af sp=0x00000089f06ff290 mode 2
Event: 6.062 Thread 0x0000021372d4a800 Uncommon trap: trap_request=0xffffff4d fr.pc=0x000002136122fc84 relative=0x0000000000000324
Event: 6.062 Thread 0x0000021372d4a800 Uncommon trap: reason=unstable_if action=reinterpret pc=0x000002136122fc84 method=org.gradle.internal.instantiation.generator.AbstractClassGenerator$InjectionAnnotationValidator.validateMethod(Ljava/lang/reflect/Method;Lorg/gradle/internal/reflect/Propert
Event: 6.062 Thread 0x0000021372d4a800 DEOPT PACKING pc=0x000002136122fc84 sp=0x00000089f0ff6800
Event: 6.062 Thread 0x0000021372d4a800 DEOPT UNPACKING pc=0x000002135949a1af sp=0x00000089f0ff67c8 mode 2
Event: 6.246 Thread 0x0000021372d4a800 Uncommon trap: trap_request=0xffffffde fr.pc=0x0000021361102834 relative=0x0000000000001414
Event: 6.246 Thread 0x0000021372d4a800 Uncommon trap: reason=class_check action=maybe_recompile pc=0x0000021361102834 method=jdk.internal.loader.BuiltinClassLoader.loadClassOrNull(Ljava/lang/String;Z)Ljava/lang/Class; @ 86 c2
Event: 6.246 Thread 0x0000021372d4a800 DEOPT PACKING pc=0x0000021361102834 sp=0x00000089f0ff4b60
Event: 6.246 Thread 0x0000021372d4a800 DEOPT UNPACKING pc=0x000002135949a1af sp=0x00000089f0ff4b28 mode 2

Classes redefined (0 events):
No events

Internal exceptions (20 events):
Event: 5.749 Thread 0x0000021372d4a800 Exception <a 'java/security/PrivilegedActionException'{0x000000008a75f518}> (0x000000008a75f518) thrown at [src/hotspot/share/prims/jvm.cpp, line 1306]
Event: 5.749 Thread 0x0000021372d4a800 Exception <a 'java/security/PrivilegedActionException'{0x000000008a7629b8}> (0x000000008a7629b8) thrown at [src/hotspot/share/prims/jvm.cpp, line 1306]
Event: 5.749 Thread 0x0000021372d4a800 Exception <a 'java/security/PrivilegedActionException'{0x000000008a763f20}> (0x000000008a763f20) thrown at [src/hotspot/share/prims/jvm.cpp, line 1306]
Event: 5.750 Thread 0x0000021372d4a800 Exception <a 'java/security/PrivilegedActionException'{0x000000008a767310}> (0x000000008a767310) thrown at [src/hotspot/share/prims/jvm.cpp, line 1306]
Event: 5.750 Thread 0x0000021372d4a800 Exception <a 'java/security/PrivilegedActionException'{0x000000008a768878}> (0x000000008a768878) thrown at [src/hotspot/share/prims/jvm.cpp, line 1306]
Event: 5.750 Thread 0x0000021372d4a800 Exception <a 'java/security/PrivilegedActionException'{0x000000008a76bca0}> (0x000000008a76bca0) thrown at [src/hotspot/share/prims/jvm.cpp, line 1306]
Event: 5.750 Thread 0x0000021372d4a800 Exception <a 'java/security/PrivilegedActionException'{0x000000008a76d208}> (0x000000008a76d208) thrown at [src/hotspot/share/prims/jvm.cpp, line 1306]
Event: 5.750 Thread 0x0000021372d4a800 Exception <a 'java/security/PrivilegedActionException'{0x000000008a7706a8}> (0x000000008a7706a8) thrown at [src/hotspot/share/prims/jvm.cpp, line 1306]
Event: 5.750 Thread 0x0000021372d4a800 Exception <a 'java/security/PrivilegedActionException'{0x000000008a771c10}> (0x000000008a771c10) thrown at [src/hotspot/share/prims/jvm.cpp, line 1306]
Event: 5.866 Thread 0x0000021372d4a800 Exception <a 'java/lang/NoSuchMethodError'{0x0000000089ae2f18}: 'java.lang.Object java.lang.invoke.DirectMethodHandle$Holder.invokeStatic(java.lang.Object, java.lang.Object, java.lang.Object, java.lang.Object, int)'> (0x0000000089ae2f18) thrown at [src/hotspot/share/interpreter/linkResolver.cpp, line 773]
Event: 5.866 Thread 0x0000021372d4a800 Exception <a 'java/lang/NoSuchMethodError'{0x0000000089ae7bb8}: 'java.lang.Object java.lang.invoke.DirectMethodHandle$Holder.invokeSpecial(java.lang.Object, java.lang.Object, java.lang.Object, java.lang.Object, java.lang.Object, int)'> (0x0000000089ae7bb8) thrown at [src/hotspot/share/interpreter/linkResolver.cpp, line 773]
Event: 5.866 Thread 0x0000021372d4a800 Exception <a 'java/lang/NoSuchMethodError'{0x0000000089aec4a0}: 'java.lang.Object java.lang.invoke.Invokers$Holder.linkToTargetMethod(java.lang.Object, java.lang.Object, java.lang.Object, int, java.lang.Object)'> (0x0000000089aec4a0) thrown at [src/hotspot/share/interpreter/linkResolver.cpp, line 773]
Event: 5.877 Thread 0x0000021372d4a800 Exception <a 'java/lang/NoSuchMethodError'{0x00000000899b7950}: 'java.lang.Object java.lang.invoke.Invokers$Holder.linkToTargetMethod(java.lang.Object, int, int, java.lang.Object)'> (0x00000000899b7950) thrown at [src/hotspot/share/interpreter/linkResolver.cpp, line 773]
Event: 5.878 Thread 0x0000021372d4a800 Exception <a 'java/lang/NoSuchMethodError'{0x00000000899cf9c0}: 'java.lang.Object java.lang.invoke.DirectMethodHandle$Holder.invokeStatic(java.lang.Object, java.lang.Object, int, int, java.lang.Object, java.lang.Object)'> (0x00000000899cf9c0) thrown at [src/hotspot/share/interpreter/linkResolver.cpp, line 773]
Event: 6.015 Thread 0x0000021372d4a800 Exception <a 'java/lang/NoSuchMethodError'{0x00000000889a17d8}: 'java.lang.Object java.lang.invoke.DirectMethodHandle$Holder.invokeStatic(java.lang.Object, java.lang.Object, java.lang.Object, java.lang.Object, java.lang.Object, java.lang.Object, java.lang.Object, java.lang.Object, java.lang.Object, java.lang.Object, java.lang.Object, java.lang.Object, java.lang.Object, int)'> (0x00000000889a17d8) thrown at [src/hotspot/share/interpreter/linkResolver.cpp, line 773]
Event: 6.016 Thread 0x0000021372d4a800 Exception <a 'java/lang/NoSuchMethodError'{0x00000000889af1c0}: 'java.lang.Object java.lang.invoke.DirectMethodHandle$Holder.invokeStatic(java.lang.Object, java.lang.Object, java.lang.Object, java.lang.Object, java.lang.Object, java.lang.Object, java.lang.Object, java.lang.Object, java.lang.Object, java.lang.Object, java.lang.Object, java.lang.Object, java.lang.Object, int, int)'> (0x00000000889af1c0) thrown at [src/hotspot/share/interpreter/linkResolver.cpp, line 773]
Event: 6.049 Thread 0x0000021372d4a800 Exception <a 'java/lang/NoSuchMethodError'{0x000000008cc0bf70}: 'int java.lang.invoke.DirectMethodHandle$Holder.invokeInterface(java.lang.Object, java.lang.Object, java.lang.Object, java.lang.Object)'> (0x000000008cc0bf70) thrown at [src/hotspot/share/interpreter/linkResolver.cpp, line 773]
Event: 6.288 Thread 0x0000021372d4a800 Exception <a 'java/lang/NoSuchMethodError'{0x000000008b446cc8}: 'java.lang.Object java.lang.invoke.DirectMethodHandle$Holder.invokeSpecial(java.lang.Object, java.lang.Object, int, int, int, java.lang.Object, java.lang.Object, java.lang.Object, java.lang.Object)'> (0x000000008b446cc8) thrown at [src/hotspot/share/interpreter/linkResolver.cpp, line 773]
Event: 6.289 Thread 0x0000021372d4a800 Exception <a 'java/lang/NoSuchMethodError'{0x000000008b44b718}: 'java.lang.Object java.lang.invoke.DelegatingMethodHandle$Holder.reinvoke_L(java.lang.Object, int, int, int, java.lang.Object, java.lang.Object, java.lang.Object, java.lang.Object)'> (0x000000008b44b718) thrown at [src/hotspot/share/interpreter/linkResolver.cpp, line 773]
Event: 6.289 Thread 0x0000021372d4a800 Exception <a 'java/lang/NoSuchMethodError'{0x000000008b454120}: 'java.lang.Object java.lang.invoke.DirectMethodHandle$Holder.invokeStatic(java.lang.Object, java.lang.Object, java.lang.Object, java.lang.Object, java.lang.Object, int)'> (0x000000008b454120) thrown at [src/hotspot/share/interpreter/linkResolver.cpp, line 773]

Events (20 events):
Event: 6.301 loading class org/gradle/api/tasks/SourceSet
Event: 6.301 loading class org/gradle/api/tasks/SourceSet done
Event: 6.302 loading class org/gradle/language/jvm/tasks/ProcessResources
Event: 6.302 loading class org/gradle/language/jvm/tasks/ProcessResources done
Event: 6.302 loading class org/gradle/api/tasks/Copy
Event: 6.302 loading class org/gradle/api/tasks/Copy done
Event: 6.303 loading class org/gradle/api/plugins/internal/DefaultJavaPluginExtension
Event: 6.303 loading class org/gradle/api/plugins/internal/DefaultJavaPluginExtension done
Event: 6.304 loading class org/gradle/api/tasks/compile/AbstractCompile
Event: 6.304 loading class org/gradle/api/tasks/compile/AbstractCompile done
Event: 6.305 loading class org/gradle/api/tasks/SourceTask
Event: 6.305 loading class org/gradle/api/tasks/SourceTask done
Event: 6.306 loading class org/gradle/api/tasks/compile/JavaCompile
Event: 6.306 loading class org/gradle/api/tasks/compile/JavaCompile done
Event: 6.307 loading class org/gradle/api/internal/tasks/compile/HasCompileOptions
Event: 6.307 loading class org/gradle/api/internal/tasks/compile/HasCompileOptions done
Event: 6.308 loading class org/gradle/api/tasks/javadoc/Javadoc
Event: 6.308 loading class org/gradle/api/tasks/javadoc/Javadoc done
Event: 6.310 loading class org/gradle/api/internal/component/DefaultSoftwareComponentContainer
Event: 6.310 loading class org/gradle/api/internal/component/DefaultSoftwareComponentContainer done


Dynamic libraries:
0x00007ff6dbb00000 - 0x00007ff6dbb0a000 	D:\FongAndroid\jbr\bin\java.exe
0x00007ffedd590000 - 0x00007ffedd7a7000 	C:\WINDOWS\SYSTEM32\ntdll.dll
0x00007ffedcb90000 - 0x00007ffedcc54000 	C:\WINDOWS\System32\KERNEL32.DLL
0x00007ffedabc0000 - 0x00007ffedaf66000 	C:\WINDOWS\System32\KERNELBASE.dll
0x00007ffedaf70000 - 0x00007ffedb081000 	C:\WINDOWS\System32\ucrtbase.dll
0x00007ffea9500000 - 0x00007ffea9517000 	D:\FongAndroid\jbr\bin\jli.dll
0x00007ffea94e0000 - 0x00007ffea94fb000 	D:\FongAndroid\jbr\bin\VCRUNTIME140.dll
0x00007ffedcc60000 - 0x00007ffedce0e000 	C:\WINDOWS\System32\USER32.dll
0x00007ffeda900000 - 0x00007ffeda926000 	C:\WINDOWS\System32\win32u.dll
0x00007ffec42f0000 - 0x00007ffec4583000 	C:\WINDOWS\WinSxS\amd64_microsoft.windows.common-controls_6595b64144ccf1df_6.0.22621.2506_none_270c5ae97388e100\COMCTL32.dll
0x00007ffedb720000 - 0x00007ffedb749000 	C:\WINDOWS\System32\GDI32.dll
0x00007ffedaaa0000 - 0x00007ffedabb8000 	C:\WINDOWS\System32\gdi32full.dll
0x00007ffedce10000 - 0x00007ffedceb7000 	C:\WINDOWS\System32\msvcrt.dll
0x00007ffedb150000 - 0x00007ffedb1ea000 	C:\WINDOWS\System32\msvcp_win.dll
0x00007ffedd460000 - 0x00007ffedd491000 	C:\WINDOWS\System32\IMM32.DLL
0x00007ffea10c0000 - 0x00007ffea114d000 	D:\FongAndroid\jbr\bin\msvcp140.dll
0x00007ffeb46a0000 - 0x00007ffeb46ac000 	C:\WINDOWS\SYSTEM32\VCRUNTIME140_1.dll
0x00007ffe98b30000 - 0x00007ffe996ec000 	D:\FongAndroid\jbr\bin\server\jvm.dll
0x00007ffedcee0000 - 0x00007ffedcf93000 	C:\WINDOWS\System32\ADVAPI32.dll
0x00007ffedd4a0000 - 0x00007ffedd548000 	C:\WINDOWS\System32\sechost.dll
0x00007ffeda8d0000 - 0x00007ffeda8f8000 	C:\WINDOWS\System32\bcrypt.dll
0x00007ffedd340000 - 0x00007ffedd457000 	C:\WINDOWS\System32\RPCRT4.dll
0x00007ffedced0000 - 0x00007ffedced8000 	C:\WINDOWS\System32\PSAPI.DLL
0x00007ffed5ec0000 - 0x00007ffed5ec9000 	C:\WINDOWS\SYSTEM32\WSOCK32.dll
0x00007ffedb400000 - 0x00007ffedb471000 	C:\WINDOWS\System32\WS2_32.dll
0x00007ffed2ea0000 - 0x00007ffed2eaa000 	C:\WINDOWS\SYSTEM32\VERSION.dll
0x00007ffed35e0000 - 0x00007ffed3614000 	C:\WINDOWS\SYSTEM32\WINMM.dll
0x00007ffed9900000 - 0x00007ffed9918000 	C:\WINDOWS\SYSTEM32\kernel.appcore.dll
0x00007ffed5eb0000 - 0x00007ffed5ec0000 	D:\FongAndroid\jbr\bin\verify.dll
0x00007ffed8480000 - 0x00007ffed86b3000 	C:\WINDOWS\SYSTEM32\DBGHELP.DLL
0x00007ffedbe80000 - 0x00007ffedc209000 	C:\WINDOWS\System32\combase.dll
0x00007ffedbc30000 - 0x00007ffedbd07000 	C:\WINDOWS\System32\OLEAUT32.dll
0x00007ffeb4e50000 - 0x00007ffeb4e82000 	C:\WINDOWS\SYSTEM32\dbgcore.DLL
0x00007ffedb1f0000 - 0x00007ffedb26a000 	C:\WINDOWS\System32\bcryptPrimitives.dll
0x00007ffed4bf0000 - 0x00007ffed4c18000 	D:\FongAndroid\jbr\bin\java.dll
0x00007ffed5ea0000 - 0x00007ffed5eaa000 	D:\FongAndroid\jbr\bin\jimage.dll
0x00007ffec60f0000 - 0x00007ffec6108000 	D:\FongAndroid\jbr\bin\zip.dll
0x00007ffedc220000 - 0x00007ffedca7a000 	C:\WINDOWS\System32\SHELL32.dll
0x00007ffed8820000 - 0x00007ffed9116000 	C:\WINDOWS\SYSTEM32\windows.storage.dll
0x00007ffed86e0000 - 0x00007ffed881e000 	C:\WINDOWS\SYSTEM32\wintypes.dll
0x00007ffedb480000 - 0x00007ffedb573000 	C:\WINDOWS\System32\SHCORE.dll
0x00007ffedbbd0000 - 0x00007ffedbc2e000 	C:\WINDOWS\System32\shlwapi.dll
0x00007ffeda800000 - 0x00007ffeda826000 	C:\WINDOWS\SYSTEM32\profapi.dll
0x00007ffec60d0000 - 0x00007ffec60e9000 	D:\FongAndroid\jbr\bin\net.dll
0x00007ffed29b0000 - 0x00007ffed2ae7000 	C:\WINDOWS\SYSTEM32\WINHTTP.dll
0x00007ffed9d80000 - 0x00007ffed9de9000 	C:\WINDOWS\system32\mswsock.dll
0x00007ffec09d0000 - 0x00007ffec09e3000 	D:\FongAndroid\jbr\bin\nio.dll
0x00007ffeaa550000 - 0x00007ffeaa577000 	C:\Users\HI\.gradle\native\e1d6ef7f7dcc3fd88c89a11ec53ec762bb8ba0a96d01ffa2cd45eb1d1d8dd5c5\windows-amd64\native-platform.dll
0x00007ffea0f70000 - 0x00007ffea10b4000 	C:\Users\HI\.gradle\native\0d407fdbe67a94daf76414ababcb853783967236a71b16ec16e742cd7a986fd3\windows-amd64\native-platform-file-events.dll
0x00007ffebb710000 - 0x00007ffebb71a000 	D:\FongAndroid\jbr\bin\management.dll
0x00007ffebb700000 - 0x00007ffebb70b000 	D:\FongAndroid\jbr\bin\management_ext.dll
0x00007ffed9fe0000 - 0x00007ffed9ffb000 	C:\WINDOWS\SYSTEM32\CRYPTSP.dll
0x00007ffed9860000 - 0x00007ffed9895000 	C:\WINDOWS\system32\rsaenh.dll
0x00007ffed9e70000 - 0x00007ffed9e9c000 	C:\WINDOWS\SYSTEM32\USERENV.dll
0x00007ffed9fd0000 - 0x00007ffed9fdc000 	C:\WINDOWS\SYSTEM32\CRYPTBASE.dll
0x00007ffed9380000 - 0x00007ffed93ad000 	C:\WINDOWS\SYSTEM32\IPHLPAPI.DLL
0x00007ffedb3d0000 - 0x00007ffedb3d9000 	C:\WINDOWS\System32\NSI.dll
0x00007ffed21b0000 - 0x00007ffed21c9000 	C:\WINDOWS\SYSTEM32\dhcpcsvc6.DLL
0x00007ffed2190000 - 0x00007ffed21af000 	C:\WINDOWS\SYSTEM32\dhcpcsvc.DLL
0x00007ffed93f0000 - 0x00007ffed94e9000 	C:\WINDOWS\SYSTEM32\DNSAPI.dll

dbghelp: loaded successfully - version: 4.0.5 - missing functions: none
symbol engine: initialized successfully - sym options: 0x614 - pdb path: .;D:\FongAndroid\jbr\bin;C:\WINDOWS\SYSTEM32;C:\WINDOWS\WinSxS\amd64_microsoft.windows.common-controls_6595b64144ccf1df_6.0.22621.2506_none_270c5ae97388e100;D:\FongAndroid\jbr\bin\server;C:\Users\HI\.gradle\native\e1d6ef7f7dcc3fd88c89a11ec53ec762bb8ba0a96d01ffa2cd45eb1d1d8dd5c5\windows-amd64;C:\Users\HI\.gradle\native\0d407fdbe67a94daf76414ababcb853783967236a71b16ec16e742cd7a986fd3\windows-amd64

VM Arguments:
jvm_args: --add-opens=java.base/java.util=ALL-UNNAMED --add-opens=java.base/java.lang=ALL-UNNAMED --add-opens=java.base/java.lang.invoke=ALL-UNNAMED --add-opens=java.base/java.util=ALL-UNNAMED --add-opens=java.prefs/java.util.prefs=ALL-UNNAMED --add-opens=java.prefs/java.util.prefs=ALL-UNNAMED --add-opens=java.base/java.nio.charset=ALL-UNNAMED --add-opens=java.base/java.net=ALL-UNNAMED --add-opens=java.base/java.util.concurrent.atomic=ALL-UNNAMED -Xmx2048m -Dfile.encoding=UTF-8 -Duser.country=US -Duser.language=en -Duser.variant 
java_command: org.gradle.launcher.daemon.bootstrap.GradleDaemon 7.5
java_class_path (initial): C:\Users\HI\.gradle\wrapper\dists\gradle-7.5-bin\f1w0cc9nuo0eivz97x2xlu9sv\gradle-7.5\lib\gradle-launcher-7.5.jar
Launcher Type: SUN_STANDARD

[Global flags]
     intx CICompilerCount                          = 3                                         {product} {ergonomic}
     uint ConcGCThreads                            = 2                                         {product} {ergonomic}
     uint G1ConcRefinementThreads                  = 6                                         {product} {ergonomic}
   size_t G1HeapRegionSize                         = 1048576                                   {product} {ergonomic}
    uintx GCDrainStackTargetSize                   = 64                                        {product} {ergonomic}
   size_t InitialHeapSize                          = 123731968                                 {product} {ergonomic}
   size_t MarkStackSize                            = 4194304                                   {product} {ergonomic}
   size_t MaxHeapSize                              = 2147483648                                {product} {command line}
   size_t MaxNewSize                               = 1287651328                                {product} {ergonomic}
   size_t MinHeapDeltaBytes                        = 1048576                                   {product} {ergonomic}
    uintx NonNMethodCodeHeapSize                   = 5830732                                {pd product} {ergonomic}
    uintx NonProfiledCodeHeapSize                  = 122913754                              {pd product} {ergonomic}
    uintx ProfiledCodeHeapSize                     = 122913754                              {pd product} {ergonomic}
    uintx ReservedCodeCacheSize                    = 251658240                              {pd product} {ergonomic}
     bool SegmentedCodeCache                       = true                                      {product} {ergonomic}
     bool UseCompressedClassPointers               = true                                 {lp64_product} {ergonomic}
     bool UseCompressedOops                        = true                                 {lp64_product} {ergonomic}
     bool UseG1GC                                  = true                                      {product} {ergonomic}
     bool UseLargePagesIndividualAllocation        = false                                  {pd product} {ergonomic}

Logging:
Log output configuration:
 #0: stdout all=warning uptime,level,tags
 #1: stderr all=off uptime,level,tags

Environment Variables:
JAVA_HOME=C:\Java\
PATH=C:\Program Files\Common Files\Oracle\Java\javapath;C:\Program Files (x86)\VMware\VMware Workstation\bin\;C:\Java\bin;C:\WINDOWS\system32;C:\WINDOWS;C:\WINDOWS\System32\Wbem;C:\WINDOWS\System32\WindowsPowerShell\v1.0\;C:\WINDOWS\System32\OpenSSH\;C:\MinGW\bin\;C:\TDM-GCC-64\bin;C:\Program Files\Microsoft SQL Server\Client SDK\ODBC\170\Tools\Binn\;C:\Program Files (x86)\Microsoft SQL Server\150\Tools\Binn\;C:\Program Files\Microsoft SQL Server\150\Tools\Binn\;C:\Program Files\Microsoft SQL Server\150\DTS\Binn\;C:\Program Files (x86)\Microsoft SQL Server\160\DTS\Binn\;C:\Program Files (x86)\Microsoft SQL Server\160\Tools\Binn\;C:\Program Files\Microsoft SQL Server\160\Tools\Binn\;C:\Program Files\Microsoft SQL Server\160\DTS\Binn\;D:\;C:\dart-sdk;C:\Program Files\dotnet\;C:\Program Files\Git\cmd;C:\Program Files\MySQL\MySQL Shell 8.0\bin\;D:\Scripts\;D:\;D:\python\Scripts\;D:\python\;C:\Users\HI\AppData\Local\Microsoft\WindowsApps;C:\Users\HI\AppData\Local\Programs\Microsoft VS Code\bin;C:\TDM-GCC-64\bin;D:\php\php;C:\Program Files\JetBrains\PyCharm Community Edition 2021.2.3\bin;;;C:\Program Files\Azure Data Studio\bin;C:\Users\HI\AppData\Roaming\npm;C:\Users\HI\.dotnet\tools;C:\Program Files\JetBrains\IntelliJ IDEA 2023.2.2\bin;;C:\Program Files\JetBrains\IntelliJ IDEA Educational Edition 2022.2.2\bin;;C:\Program Files\JetBrains\IntelliJ IDEA Community Edition 2023.2.2\bin;
USERNAME=HI
OS=Windows_NT
PROCESSOR_IDENTIFIER=AMD64 Family 23 Model 96 Stepping 1, AuthenticAMD



---------------  S Y S T E M  ---------------

OS: Windows 11 , 64 bit Build 22621 (10.0.22621.2506)
OS uptime: 0 days 2:10 hours

CPU:total 6 (initial active 6) (6 cores per cpu, 1 threads per core) family 23 model 96 stepping 1 microcode 0x0, cmov, cx8, fxsr, mmx, sse, sse2, sse3, ssse3, sse4.1, sse4.2, popcnt, avx, avx2, aes, clmul, mmxext, 3dnowpref, lzcnt, sse4a, tsc, tscinvbit, tscinv, bmi1, bmi2, adx, sha, fma

Memory: 4k page, system-wide physical 7542M (403M free)
TotalPageFile size 11638M (AvailPageFile size 5M)
current process WorkingSet (physical memory assigned to process): 405M, peak: 405M
current process commit charge ("private bytes"): 444M, peak: 445M

vm_info: OpenJDK 64-Bit Server VM (11.0.15+0-b2043.56-8887301) for windows-amd64 JRE (11.0.15+0-b2043.56-8887301), built on Jul 29 2022 23:19:47 by "builduser" with unknown MS VC++:1929

END.
