#
# There is insufficient memory for the Java Runtime Environment to continue.
# Native memory allocation (mmap) failed to map 108003328 bytes for Failed to commit area from 0x000000008ff00000 to 0x0000000096600000 of length 108003328.
# Possible reasons:
#   The system is out of physical RAM or swap space
#   The process is running with CompressedOops enabled, and the Java Heap may be blocking the growth of the native heap
# Possible solutions:
#   Reduce memory load on the system
#   Increase physical memory or swap space
#   Check if swap backing store is full
#   Decrease Java heap size (-Xmx/-Xms)
#   Decrease number of Java threads
#   Decrease Java thread stack sizes (-Xss)
#   Set larger code cache with -XX:ReservedCodeCacheSize=
#   JVM is running with Unscaled Compressed Oops mode in which the Java heap is
#     placed in the first 4GB address space. The Java Heap base address is the
#     maximum limit for the native heap growth. Please use -XX:HeapBaseMinAddress
#     to set the Java Heap base and to place the Java Heap above 4GB virtual address.
# This output file may be truncated or incomplete.
#
#  Out of Memory Error (src/hotspot/os/windows/os_windows.cpp:3627), pid=13280, tid=4352
#
# JRE version: OpenJDK Runtime Environment (11.0.15) (build 11.0.15+0-b2043.56-8887301)
# Java VM: OpenJDK 64-Bit Server VM (11.0.15+0-b2043.56-8887301, mixed mode, tiered, compressed oops, g1 gc, windows-amd64)
# No core dump will be written. Minidumps are not enabled by default on client versions of Windows
#

---------------  S U M M A R Y ------------

Command Line: --add-opens=java.base/java.util=ALL-UNNAMED --add-opens=java.base/java.lang=ALL-UNNAMED --add-opens=java.base/java.lang.invoke=ALL-UNNAMED --add-opens=java.base/java.util=ALL-UNNAMED --add-opens=java.prefs/java.util.prefs=ALL-UNNAMED --add-opens=java.prefs/java.util.prefs=ALL-UNNAMED --add-opens=java.base/java.nio.charset=ALL-UNNAMED --add-opens=java.base/java.net=ALL-UNNAMED --add-opens=java.base/java.util.concurrent.atomic=ALL-UNNAMED -Xmx2048m -Dfile.encoding=UTF-8 -Duser.country=US -Duser.language=en -Duser.variant org.gradle.launcher.daemon.bootstrap.GradleDaemon 7.5

Host: AMD Ryzen 5 4500U with Radeon Graphics         , 6 cores, 7G,  Windows 11 , 64 bit Build 22621 (10.0.22621.2506)
Time: Wed Jan 17 10:51:33 2024 SE Asia Standard Time elapsed time: 11.341196 seconds (0d 0h 0m 11s)

---------------  T H R E A D  ---------------

Current thread (0x0000021024de5800):  VMThread "VM Thread" [stack: 0x0000009b3d100000,0x0000009b3d200000] [id=4352]

Stack: [0x0000009b3d100000,0x0000009b3d200000]
[error occurred during error reporting (printing stack bounds), id 0xc0000005, EXCEPTION_ACCESS_VIOLATION (0xc0000005) at pc=0x000002100e8b112d]

Native frames: (J=compiled Java code, j=interpreted, Vv=VM code, C=native code)
V  [jvm.dll+0x64135a]
V  [jvm.dll+0x7d39f9]
V  [jvm.dll+0x7d51b9]
V  [jvm.dll+0x7d5805]
V  [jvm.dll+0x7d57bb]
V  [jvm.dll+0x640655]
V  [jvm.dll+0x640d68]
C  [ntdll.dll+0xa441f]
C  [ntdll.dll+0x1e466]
C  [ntdll.dll+0xa340e]
C  0x000002100e8b112d

VM_Operation (0x0000009b451fdc70): G1CollectForAllocation, mode: safepoint, requested by thread 0x000002102fda5000


---------------  P R O C E S S  ---------------

Threads class SMR info:
_java_thread_list=0x000002102cf1a440, length=125, elements={
0x000002100ad9e000, 0x0000021024de9000, 0x0000021024df2000, 0x0000021024e01800,
0x0000021024e03000, 0x0000021024e04000, 0x0000021024e07800, 0x0000021024e0d800,
0x0000021024e0f000, 0x00000210258d0000, 0x0000021027ae1000, 0x00000210259bf800,
0x00000210277cb800, 0x0000021026f90000, 0x0000021026df6800, 0x00000210281c6800,
0x0000021027dbc000, 0x0000021026d42800, 0x0000021027f25000, 0x0000021026ae6000,
0x0000021028a5e800, 0x0000021027833000, 0x0000021027835800, 0x0000021027836000,
0x0000021027834800, 0x0000021027833800, 0x0000021027837000, 0x0000021027838000,
0x0000021027832000, 0x0000021027838800, 0x0000021028cb7000, 0x0000021028cb8800,
0x0000021028cbb000, 0x0000021028cb6800, 0x0000021028cbc000, 0x0000021028cbf800,
0x0000021028cbd000, 0x0000021028cbd800, 0x0000021028cbe800, 0x0000021028cb9800,
0x0000021028cc0000, 0x0000021028cba800, 0x0000021028cc4000, 0x0000021028cc1000,
0x0000021028cc1800, 0x0000021028cc2800, 0x0000021028cc3800, 0x0000021028cc5000,
0x0000021028ee7000, 0x0000021028eea000, 0x0000021028eeb000, 0x0000021028eec000,
0x0000021028eec800, 0x0000021028eed800, 0x0000021028ee8000, 0x0000021028eee800,
0x0000021028ee8800, 0x0000021028eef000, 0x0000021028ee9800, 0x0000021028ef5000,
0x0000021028ef4000, 0x0000021028ef5800, 0x0000021028ef1800, 0x0000021028ef0000,
0x0000021028ef1000, 0x0000021028ef2800, 0x0000021028ef3000, 0x0000021029046000,
0x0000021029048800, 0x0000021029047800, 0x0000021029046800, 0x000002102904a000,
0x0000021029049000, 0x0000021029044800, 0x000002102904b000, 0x0000021029045000,
0x000002102904f800, 0x000002102904e000, 0x000002102904f000, 0x0000021029051800,
0x000002102904c800, 0x000002102904d800, 0x000002102904b800, 0x0000021029050800,
0x0000021029052000, 0x0000021029053000, 0x000002102b313000, 0x000002102b30d800,
0x000002102b312000, 0x000002102b314000, 0x000002102b30f800, 0x000002102b30e000,
0x000002102b314800, 0x000002102b30f000, 0x000002102b315800, 0x000002102b311800,
0x000002102b310800, 0x000002102b319800, 0x000002102b318000, 0x000002102b318800,
0x000002102b31a800, 0x000002102b31b000, 0x000002102b316800, 0x000002102b317000,
0x000002102fd9a800, 0x000002102fd9f000, 0x000002102fd9e800, 0x000002102fda0000,
0x000002102fd9b000, 0x000002102fd9c000, 0x000002102fda1800, 0x000002102fda1000,
0x000002102fda2800, 0x000002102fd9c800, 0x000002102fda3800, 0x000002102fd9d800,
0x000002102fda5800, 0x000002102fda9000, 0x000002102fda7800, 0x000002102fda6800,
0x000002102fda4000, 0x000002102fda5000, 0x000002102fda8000, 0x0000021025c66000,
0x0000021025c66800
}

Java Threads: ( => current thread )
  0x000002100ad9e000 JavaThread "main" [_thread_blocked, id=12388, stack(0x0000009b3cb00000,0x0000009b3cc00000)]
  0x0000021024de9000 JavaThread "Reference Handler" daemon [_thread_blocked, id=9424, stack(0x0000009b3d200000,0x0000009b3d300000)]
  0x0000021024df2000 JavaThread "Finalizer" daemon [_thread_blocked, id=16972, stack(0x0000009b3d300000,0x0000009b3d400000)]
  0x0000021024e01800 JavaThread "Signal Dispatcher" daemon [_thread_blocked, id=9688, stack(0x0000009b3d400000,0x0000009b3d500000)]
  0x0000021024e03000 JavaThread "Attach Listener" daemon [_thread_blocked, id=15868, stack(0x0000009b3d500000,0x0000009b3d600000)]
  0x0000021024e04000 JavaThread "Service Thread" daemon [_thread_blocked, id=16608, stack(0x0000009b3d600000,0x0000009b3d700000)]
  0x0000021024e07800 JavaThread "C2 CompilerThread0" daemon [_thread_blocked, id=15800, stack(0x0000009b3d700000,0x0000009b3d800000)]
  0x0000021024e0d800 JavaThread "C1 CompilerThread0" daemon [_thread_blocked, id=1404, stack(0x0000009b3d800000,0x0000009b3d900000)]
  0x0000021024e0f000 JavaThread "Sweeper thread" daemon [_thread_blocked, id=6860, stack(0x0000009b3d900000,0x0000009b3da00000)]
  0x00000210258d0000 JavaThread "Common-Cleaner" daemon [_thread_blocked, id=13128, stack(0x0000009b3da00000,0x0000009b3db00000)]
  0x0000021027ae1000 JavaThread "Daemon health stats" [_thread_blocked, id=8648, stack(0x0000009b3de00000,0x0000009b3df00000)]
  0x00000210259bf800 JavaThread "Incoming local TCP Connector on port 63596" [_thread_in_native, id=9676, stack(0x0000009b3dc00000,0x0000009b3dd00000)]
  0x00000210277cb800 JavaThread "Daemon periodic checks" [_thread_blocked, id=3736, stack(0x0000009b3df00000,0x0000009b3e000000)]
  0x0000021026f90000 JavaThread "Daemon" [_thread_blocked, id=8684, stack(0x0000009b3e000000,0x0000009b3e100000)]
  0x0000021026df6800 JavaThread "Handler for socket connection from /127.0.0.1:63596 to /127.0.0.1:63597" [_thread_in_native, id=6944, stack(0x0000009b3e100000,0x0000009b3e200000)]
  0x00000210281c6800 JavaThread "Cancel handler" [_thread_blocked, id=12196, stack(0x0000009b3e200000,0x0000009b3e300000)]
  0x0000021027dbc000 JavaThread "Daemon worker" [_thread_blocked, id=4520, stack(0x0000009b3e300000,0x0000009b3e400000)]
  0x0000021026d42800 JavaThread "Asynchronous log dispatcher for DefaultDaemonConnection: socket connection from /127.0.0.1:63596 to /127.0.0.1:63597" [_thread_blocked, id=10120, stack(0x0000009b3e400000,0x0000009b3e500000)]
  0x0000021027f25000 JavaThread "Stdin handler" [_thread_blocked, id=8196, stack(0x0000009b3e500000,0x0000009b3e600000)]
  0x0000021026ae6000 JavaThread "Daemon client event forwarder" [_thread_blocked, id=6576, stack(0x0000009b3e600000,0x0000009b3e700000)]
  0x0000021028a5e800 JavaThread "C2 CompilerThread1" daemon [_thread_in_native, id=3336, stack(0x0000009b3e700000,0x0000009b3e800000)]
  0x0000021027833000 JavaThread "Cache worker for journal cache (C:\Users\HI\.gradle\caches\journal-1)" [_thread_blocked, id=12444, stack(0x0000009b3ec00000,0x0000009b3ed00000)]
  0x0000021027835800 JavaThread "File lock request listener" [_thread_in_native, id=10536, stack(0x0000009b3ed00000,0x0000009b3ee00000)]
  0x0000021027836000 JavaThread "Cache worker for file hash cache (C:\Users\HI\.gradle\caches\7.5\fileHashes)" [_thread_blocked, id=16548, stack(0x0000009b3ee00000,0x0000009b3ef00000)]
  0x0000021027834800 JavaThread "File watcher server" daemon [_thread_blocked, id=6492, stack(0x0000009b3f000000,0x0000009b3f100000)]
  0x0000021027833800 JavaThread "File watcher consumer" daemon [_thread_blocked, id=7528, stack(0x0000009b3f100000,0x0000009b3f200000)]
  0x0000021027837000 JavaThread "Cache worker for checksums cache (C:\Users\HI\AndroidStudioProjects\TimeDatePicker\.gradle\7.5\checksums)" [_thread_blocked, id=8504, stack(0x0000009b3f200000,0x0000009b3f300000)]
  0x0000021027838000 JavaThread "Cache worker for cache directory md-rule (C:\Users\HI\.gradle\caches\7.5\md-rule)" [_thread_blocked, id=6732, stack(0x0000009b3f300000,0x0000009b3f400000)]
  0x0000021027832000 JavaThread "Cache worker for file content cache (C:\Users\HI\.gradle\caches\7.5\fileContent)" [_thread_blocked, id=8348, stack(0x0000009b3f400000,0x0000009b3f500000)]
  0x0000021027838800 JavaThread "Cache worker for file hash cache (C:\Users\HI\AndroidStudioProjects\TimeDatePicker\.gradle\7.5\fileHashes)" [_thread_blocked, id=14472, stack(0x0000009b3f500000,0x0000009b3f600000)]
  0x0000021028cb7000 JavaThread "Cache worker for cache directory md-supplier (C:\Users\HI\.gradle\caches\7.5\md-supplier)" [_thread_blocked, id=10212, stack(0x0000009b3f600000,0x0000009b3f700000)]
  0x0000021028cb8800 JavaThread "Cache worker for execution history cache (C:\Users\HI\.gradle\caches\7.5\executionHistory)" [_thread_blocked, id=660, stack(0x0000009b3f700000,0x0000009b3f800000)]
  0x0000021028cbb000 JavaThread "jar transforms" [_thread_blocked, id=3428, stack(0x0000009b3f800000,0x0000009b3f900000)]
  0x0000021028cb6800 JavaThread "jar transforms Thread 2" [_thread_blocked, id=8032, stack(0x0000009b3f900000,0x0000009b3fa00000)]
  0x0000021028cbc000 JavaThread "jar transforms Thread 3" [_thread_blocked, id=1612, stack(0x0000009b3fa00000,0x0000009b3fb00000)]
  0x0000021028cbf800 JavaThread "jar transforms Thread 4" [_thread_blocked, id=14560, stack(0x0000009b3fb00000,0x0000009b3fc00000)]
  0x0000021028cbd000 JavaThread "Cache worker for dependencies-accessors (C:\Users\HI\AndroidStudioProjects\TimeDatePicker\.gradle\7.5\dependencies-accessors)" [_thread_blocked, id=9236, stack(0x0000009b3fc00000,0x0000009b3fd00000)]
  0x0000021028cbd800 JavaThread "jar transforms Thread 5" [_thread_blocked, id=13216, stack(0x0000009b3fd00000,0x0000009b3fe00000)]
  0x0000021028cbe800 JavaThread "Cache worker for Build Output Cleanup Cache (C:\Users\HI\AndroidStudioProjects\TimeDatePicker\.gradle\buildOutputCleanup)" [_thread_blocked, id=6180, stack(0x0000009b3fe00000,0x0000009b3ff00000)]
  0x0000021028cb9800 JavaThread "Unconstrained build operations" [_thread_blocked, id=11492, stack(0x0000009b3ff00000,0x0000009b40000000)]
  0x0000021028cc0000 JavaThread "Unconstrained build operations Thread 2" [_thread_blocked, id=3228, stack(0x0000009b40000000,0x0000009b40100000)]
  0x0000021028cba800 JavaThread "Unconstrained build operations Thread 3" [_thread_blocked, id=3020, stack(0x0000009b40100000,0x0000009b40200000)]
  0x0000021028cc4000 JavaThread "Unconstrained build operations Thread 4" [_thread_blocked, id=11456, stack(0x0000009b40200000,0x0000009b40300000)]
  0x0000021028cc1000 JavaThread "Unconstrained build operations Thread 5" [_thread_blocked, id=13248, stack(0x0000009b40300000,0x0000009b40400000)]
  0x0000021028cc1800 JavaThread "Unconstrained build operations Thread 6" [_thread_blocked, id=5192, stack(0x0000009b40400000,0x0000009b40500000)]
  0x0000021028cc2800 JavaThread "Unconstrained build operations Thread 7" [_thread_blocked, id=5244, stack(0x0000009b40500000,0x0000009b40600000)]
  0x0000021028cc3800 JavaThread "Unconstrained build operations Thread 8" [_thread_blocked, id=8292, stack(0x0000009b40600000,0x0000009b40700000)]
  0x0000021028cc5000 JavaThread "Unconstrained build operations Thread 9" [_thread_blocked, id=60, stack(0x0000009b40700000,0x0000009b40800000)]
  0x0000021028ee7000 JavaThread "Unconstrained build operations Thread 10" [_thread_blocked, id=7540, stack(0x0000009b40800000,0x0000009b40900000)]
  0x0000021028eea000 JavaThread "Unconstrained build operations Thread 11" [_thread_blocked, id=13116, stack(0x0000009b40900000,0x0000009b40a00000)]
  0x0000021028eeb000 JavaThread "Unconstrained build operations Thread 12" [_thread_blocked, id=16852, stack(0x0000009b40a00000,0x0000009b40b00000)]
  0x0000021028eec000 JavaThread "Unconstrained build operations Thread 13" [_thread_blocked, id=9472, stack(0x0000009b40b00000,0x0000009b40c00000)]
  0x0000021028eec800 JavaThread "Unconstrained build operations Thread 14" [_thread_blocked, id=14956, stack(0x0000009b40c00000,0x0000009b40d00000)]
  0x0000021028eed800 JavaThread "Unconstrained build operations Thread 15" [_thread_blocked, id=11304, stack(0x0000009b40d00000,0x0000009b40e00000)]
  0x0000021028ee8000 JavaThread "Unconstrained build operations Thread 16" [_thread_blocked, id=10552, stack(0x0000009b40e00000,0x0000009b40f00000)]
  0x0000021028eee800 JavaThread "Unconstrained build operations Thread 17" [_thread_blocked, id=12912, stack(0x0000009b40f00000,0x0000009b41000000)]
  0x0000021028ee8800 JavaThread "Unconstrained build operations Thread 18" [_thread_blocked, id=16728, stack(0x0000009b41000000,0x0000009b41100000)]
  0x0000021028eef000 JavaThread "Unconstrained build operations Thread 19" [_thread_blocked, id=1788, stack(0x0000009b41100000,0x0000009b41200000)]
  0x0000021028ee9800 JavaThread "Unconstrained build operations Thread 20" [_thread_blocked, id=15152, stack(0x0000009b41200000,0x0000009b41300000)]
  0x0000021028ef5000 JavaThread "Unconstrained build operations Thread 21" [_thread_blocked, id=1956, stack(0x0000009b41300000,0x0000009b41400000)]
  0x0000021028ef4000 JavaThread "Unconstrained build operations Thread 22" [_thread_blocked, id=12352, stack(0x0000009b41400000,0x0000009b41500000)]
  0x0000021028ef5800 JavaThread "Unconstrained build operations Thread 23" [_thread_blocked, id=10732, stack(0x0000009b41500000,0x0000009b41600000)]
  0x0000021028ef1800 JavaThread "Unconstrained build operations Thread 24" [_thread_blocked, id=15400, stack(0x0000009b41600000,0x0000009b41700000)]
  0x0000021028ef0000 JavaThread "Unconstrained build operations Thread 25" [_thread_blocked, id=7372, stack(0x0000009b41700000,0x0000009b41800000)]
  0x0000021028ef1000 JavaThread "Unconstrained build operations Thread 26" [_thread_blocked, id=12420, stack(0x0000009b41800000,0x0000009b41900000)]
  0x0000021028ef2800 JavaThread "Unconstrained build operations Thread 27" [_thread_blocked, id=1908, stack(0x0000009b41900000,0x0000009b41a00000)]
  0x0000021028ef3000 JavaThread "Unconstrained build operations Thread 28" [_thread_blocked, id=11896, stack(0x0000009b41a00000,0x0000009b41b00000)]
  0x0000021029046000 JavaThread "Unconstrained build operations Thread 29" [_thread_blocked, id=11836, stack(0x0000009b41b00000,0x0000009b41c00000)]
  0x0000021029048800 JavaThread "Unconstrained build operations Thread 30" [_thread_blocked, id=3292, stack(0x0000009b41c00000,0x0000009b41d00000)]
  0x0000021029047800 JavaThread "Unconstrained build operations Thread 31" [_thread_blocked, id=16848, stack(0x0000009b41d00000,0x0000009b41e00000)]
  0x0000021029046800 JavaThread "Unconstrained build operations Thread 32" [_thread_blocked, id=16060, stack(0x0000009b41e00000,0x0000009b41f00000)]
  0x000002102904a000 JavaThread "Unconstrained build operations Thread 33" [_thread_blocked, id=9220, stack(0x0000009b41f00000,0x0000009b42000000)]
  0x0000021029049000 JavaThread "Unconstrained build operations Thread 34" [_thread_blocked, id=13608, stack(0x0000009b42000000,0x0000009b42100000)]
  0x0000021029044800 JavaThread "Unconstrained build operations Thread 35" [_thread_blocked, id=7368, stack(0x0000009b42100000,0x0000009b42200000)]
  0x000002102904b000 JavaThread "Unconstrained build operations Thread 36" [_thread_blocked, id=10352, stack(0x0000009b42200000,0x0000009b42300000)]
  0x0000021029045000 JavaThread "Unconstrained build operations Thread 37" [_thread_blocked, id=15344, stack(0x0000009b42300000,0x0000009b42400000)]
  0x000002102904f800 JavaThread "Unconstrained build operations Thread 38" [_thread_blocked, id=3500, stack(0x0000009b42400000,0x0000009b42500000)]
  0x000002102904e000 JavaThread "Unconstrained build operations Thread 39" [_thread_blocked, id=896, stack(0x0000009b42500000,0x0000009b42600000)]
  0x000002102904f000 JavaThread "Unconstrained build operations Thread 40" [_thread_blocked, id=904, stack(0x0000009b42600000,0x0000009b42700000)]
  0x0000021029051800 JavaThread "Unconstrained build operations Thread 41" [_thread_blocked, id=1768, stack(0x0000009b42700000,0x0000009b42800000)]
  0x000002102904c800 JavaThread "Unconstrained build operations Thread 42" [_thread_blocked, id=272, stack(0x0000009b42800000,0x0000009b42900000)]
  0x000002102904d800 JavaThread "Unconstrained build operations Thread 43" [_thread_blocked, id=12852, stack(0x0000009b42900000,0x0000009b42a00000)]
  0x000002102904b800 JavaThread "Unconstrained build operations Thread 44" [_thread_blocked, id=2600, stack(0x0000009b42a00000,0x0000009b42b00000)]
  0x0000021029050800 JavaThread "Unconstrained build operations Thread 45" [_thread_blocked, id=8092, stack(0x0000009b42b00000,0x0000009b42c00000)]
  0x0000021029052000 JavaThread "Unconstrained build operations Thread 46" [_thread_blocked, id=4408, stack(0x0000009b42c00000,0x0000009b42d00000)]
  0x0000021029053000 JavaThread "Unconstrained build operations Thread 47" [_thread_blocked, id=13484, stack(0x0000009b42d00000,0x0000009b42e00000)]
  0x000002102b313000 JavaThread "Unconstrained build operations Thread 48" [_thread_blocked, id=13984, stack(0x0000009b42e00000,0x0000009b42f00000)]
  0x000002102b30d800 JavaThread "Unconstrained build operations Thread 49" [_thread_blocked, id=4584, stack(0x0000009b42f00000,0x0000009b43000000)]
  0x000002102b312000 JavaThread "Unconstrained build operations Thread 50" [_thread_blocked, id=3764, stack(0x0000009b43000000,0x0000009b43100000)]
  0x000002102b314000 JavaThread "Unconstrained build operations Thread 51" [_thread_blocked, id=12344, stack(0x0000009b43100000,0x0000009b43200000)]
  0x000002102b30f800 JavaThread "Unconstrained build operations Thread 52" [_thread_blocked, id=11884, stack(0x0000009b43200000,0x0000009b43300000)]
  0x000002102b30e000 JavaThread "Unconstrained build operations Thread 53" [_thread_blocked, id=14844, stack(0x0000009b43300000,0x0000009b43400000)]
  0x000002102b314800 JavaThread "Unconstrained build operations Thread 54" [_thread_blocked, id=10456, stack(0x0000009b43400000,0x0000009b43500000)]
  0x000002102b30f000 JavaThread "Unconstrained build operations Thread 55" [_thread_blocked, id=10544, stack(0x0000009b43500000,0x0000009b43600000)]
  0x000002102b315800 JavaThread "Unconstrained build operations Thread 56" [_thread_blocked, id=13224, stack(0x0000009b43600000,0x0000009b43700000)]
  0x000002102b311800 JavaThread "Unconstrained build operations Thread 57" [_thread_blocked, id=16496, stack(0x0000009b43700000,0x0000009b43800000)]
  0x000002102b310800 JavaThread "Unconstrained build operations Thread 58" [_thread_blocked, id=14352, stack(0x0000009b43800000,0x0000009b43900000)]
  0x000002102b319800 JavaThread "Unconstrained build operations Thread 59" [_thread_blocked, id=1916, stack(0x0000009b43900000,0x0000009b43a00000)]
  0x000002102b318000 JavaThread "Unconstrained build operations Thread 60" [_thread_blocked, id=8036, stack(0x0000009b43a00000,0x0000009b43b00000)]
  0x000002102b318800 JavaThread "jar transforms Thread 6" [_thread_blocked, id=17244, stack(0x0000009b43b00000,0x0000009b43c00000)]
  0x000002102b31a800 JavaThread "build event listener" [_thread_blocked, id=3300, stack(0x0000009b43c00000,0x0000009b43d00000)]
  0x000002102b31b000 JavaThread "Memory manager" [_thread_blocked, id=17020, stack(0x0000009b43d00000,0x0000009b43e00000)]
  0x000002102b316800 JavaThread "pool-3-thread-1" [_thread_blocked, id=10296, stack(0x0000009b43e00000,0x0000009b43f00000)]
  0x000002102b317000 JavaThread "build event listener" [_thread_blocked, id=12660, stack(0x0000009b43f00000,0x0000009b44000000)]
  0x000002102fd9a800 JavaThread "included builds" [_thread_blocked, id=1932, stack(0x0000009b44000000,0x0000009b44100000)]
  0x000002102fd9f000 JavaThread "Execution worker" [_thread_blocked, id=9844, stack(0x0000009b44100000,0x0000009b44200000)]
  0x000002102fd9e800 JavaThread "Execution worker Thread 2" [_thread_blocked, id=17320, stack(0x0000009b44200000,0x0000009b44300000)]
  0x000002102fda0000 JavaThread "Execution worker Thread 3" [_thread_blocked, id=4100, stack(0x0000009b44300000,0x0000009b44400000)]
  0x000002102fd9b000 JavaThread "Execution worker Thread 4" [_thread_blocked, id=15980, stack(0x0000009b44400000,0x0000009b44500000)]
  0x000002102fd9c000 JavaThread "Execution worker Thread 5" [_thread_blocked, id=15156, stack(0x0000009b44500000,0x0000009b44600000)]
  0x000002102fda1800 JavaThread "Cache worker for execution history cache (C:\Users\HI\AndroidStudioProjects\TimeDatePicker\.gradle\7.5\executionHistory)" [_thread_blocked, id=7088, stack(0x0000009b44600000,0x0000009b44700000)]
  0x000002102fda1000 JavaThread "WorkerExecutor Queue" [_thread_blocked, id=4660, stack(0x0000009b44700000,0x0000009b44800000)]
  0x000002102fda2800 JavaThread "WorkerExecutor Queue Thread 2" [_thread_blocked, id=6696, stack(0x0000009b44800000,0x0000009b44900000)]
  0x000002102fd9c800 JavaThread "WorkerExecutor Queue Thread 3" [_thread_blocked, id=12592, stack(0x0000009b44900000,0x0000009b44a00000)]
  0x000002102fda3800 JavaThread "WorkerExecutor Queue Thread 4" [_thread_blocked, id=7552, stack(0x0000009b44a00000,0x0000009b44b00000)]
  0x000002102fd9d800 JavaThread "WorkerExecutor Queue Thread 5" [_thread_blocked, id=5024, stack(0x0000009b44b00000,0x0000009b44c00000)]
  0x000002102fda5800 JavaThread "ForkJoinPool-1-worker-3" daemon [_thread_blocked, id=14208, stack(0x0000009b44c00000,0x0000009b44d00000)]
  0x000002102fda9000 JavaThread "ForkJoinPool-1-worker-5" daemon [_thread_blocked, id=8520, stack(0x0000009b44d00000,0x0000009b44e00000)]
  0x000002102fda7800 JavaThread "ForkJoinPool-1-worker-7" daemon [_thread_blocked, id=10656, stack(0x0000009b44e00000,0x0000009b44f00000)]
  0x000002102fda6800 JavaThread "ForkJoinPool-1-worker-9" daemon [_thread_blocked, id=5892, stack(0x0000009b44f00000,0x0000009b45000000)]
  0x000002102fda4000 JavaThread "ForkJoinPool-1-worker-11" daemon [_thread_blocked, id=16676, stack(0x0000009b45000000,0x0000009b45100000)]
  0x000002102fda5000 JavaThread "ForkJoinPool-1-worker-13" daemon [_thread_blocked, id=11448, stack(0x0000009b45100000,0x0000009b45200000)]
  0x000002102fda8000 JavaThread "pool-4-thread-1" [_thread_blocked, id=15732, stack(0x0000009b45200000,0x0000009b45300000)]
  0x0000021025c66000 JavaThread "stderr" [_thread_in_native, id=15272, stack(0x0000009b45300000,0x0000009b45400000)]
  0x0000021025c66800 JavaThread "stdout" [_thread_in_native, id=9296, stack(0x0000009b45400000,0x0000009b45500000)]

Other Threads:
=>0x0000021024de5800 VMThread "VM Thread" [stack: 0x0000009b3d100000,0x0000009b3d200000] [id=4352]
  0x00000210258e3000 WatcherThread [stack: 0x0000009b3db00000,0x0000009b3dc00000] [id=15464]
  0x000002100adb4000 GCTaskThread "GC Thread#0" [stack: 0x0000009b3cc00000,0x0000009b3cd00000] [id=14212]
  0x0000021026b11800 GCTaskThread "GC Thread#1" [stack: 0x0000009b3dd00000,0x0000009b3de00000] [id=11772]
  0x0000021027dbd000 GCTaskThread "GC Thread#2" [stack: 0x0000009b3e800000,0x0000009b3e900000] [id=5548]
  0x0000021026d43800 GCTaskThread "GC Thread#3" [stack: 0x0000009b3e900000,0x0000009b3ea00000] [id=872]
  0x0000021028832000 GCTaskThread "GC Thread#4" [stack: 0x0000009b3ea00000,0x0000009b3eb00000] [id=5748]
  0x0000021026ae6800 GCTaskThread "GC Thread#5" [stack: 0x0000009b3eb00000,0x0000009b3ec00000] [id=16200]
  0x000002100ade4800 ConcurrentGCThread "G1 Main Marker" [stack: 0x0000009b3cd00000,0x0000009b3ce00000] [id=17292]
  0x000002100ade6000 ConcurrentGCThread "G1 Conc#0" [stack: 0x0000009b3ce00000,0x0000009b3cf00000] [id=13252]
  0x0000021027267000 ConcurrentGCThread "G1 Conc#1" [stack: 0x0000009b3ef00000,0x0000009b3f000000] [id=4944]
  0x000002100ae5d800 ConcurrentGCThread "G1 Refine#0" [stack: 0x0000009b3cf00000,0x0000009b3d000000] [id=7624]
  0x000002102f45d800 ConcurrentGCThread "G1 Refine#1" [stack: 0x0000009b45500000,0x0000009b45600000] [id=11720]
  0x000002102913e000 ConcurrentGCThread "G1 Refine#2" [stack: 0x0000009b45600000,0x0000009b45700000] [id=9412]
  0x000002102f3a3800 ConcurrentGCThread "G1 Refine#3" [stack: 0x0000009b45700000,0x0000009b45800000] [id=12384]
  0x0000021024c32800 ConcurrentGCThread "G1 Young RemSet Sampling" [stack: 0x0000009b3d000000,0x0000009b3d100000] [id=7864]

Threads with active compile tasks:
C2 CompilerThread0    11352 12078       4       com.android.tools.r8.dex.code.v1::a (4134 bytes)
C2 CompilerThread1    11352 12160 %     4       com.android.tools.r8.dex.i::a @ 140 (829 bytes)

VM state:at safepoint (normal execution)

VM Mutex/Monitor currently owned by a thread:  ([mutex/lock_event])
[0x000002100ad97b00] Threads_lock - owner thread: 0x0000021024de5800
[0x000002100ad993c0] Heap_lock - owner thread: 0x000002102fda5000

Heap address: 0x0000000080000000, size: 2048 MB, Compressed Oops mode: 32-bit
Narrow klass base: 0x0000000000000000, Narrow klass shift: 3
Compressed class space size: 1073741824 Address: 0x0000000100000000

Heap:
 garbage-first heap   total 366592K, used 193024K [0x0000000080000000, 0x0000000100000000)
  region size 1024K, 5 young (5120K), 5 survivors (5120K)
 Metaspace       used 99039K, capacity 101794K, committed 102044K, reserved 1136640K
  class space    used 12964K, capacity 14035K, committed 14104K, reserved 1048576K
Heap Regions: E=young(eden), S=young(survivor), O=old, HS=humongous(starts), HC=humongous(continues), CS=collection set, F=free, A=archive, TAMS=top-at-mark-start (previous, next)
|   0|0x0000000080000000, 0x0000000080100000, 0x0000000080100000|100%| O|  |TAMS 0x0000000080100000, 0x0000000080100000| Untracked 
|   1|0x0000000080100000, 0x0000000080200000, 0x0000000080200000|100%| O|  |TAMS 0x0000000080200000, 0x0000000080200000| Untracked 
|   2|0x0000000080200000, 0x0000000080300000, 0x0000000080300000|100%| O|  |TAMS 0x0000000080300000, 0x0000000080300000| Untracked 
|   3|0x0000000080300000, 0x0000000080400000, 0x0000000080400000|100%|HS|  |TAMS 0x0000000080400000, 0x0000000080400000| Complete 
|   4|0x0000000080400000, 0x0000000080500000, 0x0000000080500000|100%|HC|  |TAMS 0x0000000080500000, 0x0000000080500000| Complete 
|   5|0x0000000080500000, 0x0000000080600000, 0x0000000080600000|100%|HC|  |TAMS 0x0000000080600000, 0x0000000080600000| Complete 
|   6|0x0000000080600000, 0x0000000080700000, 0x0000000080700000|100%| O|  |TAMS 0x0000000080700000, 0x0000000080700000| Untracked 
|   7|0x0000000080700000, 0x0000000080800000, 0x0000000080800000|100%| O|  |TAMS 0x0000000080800000, 0x0000000080800000| Untracked 
|   8|0x0000000080800000, 0x0000000080900000, 0x0000000080900000|100%| O|  |TAMS 0x0000000080900000, 0x0000000080900000| Untracked 
|   9|0x0000000080900000, 0x0000000080a00000, 0x0000000080a00000|100%| O|  |TAMS 0x0000000080a00000, 0x0000000080a00000| Untracked 
|  10|0x0000000080a00000, 0x0000000080b00000, 0x0000000080b00000|100%| O|  |TAMS 0x0000000080b00000, 0x0000000080b00000| Untracked 
|  11|0x0000000080b00000, 0x0000000080c00000, 0x0000000080c00000|100%| O|  |TAMS 0x0000000080c00000, 0x0000000080c00000| Untracked 
|  12|0x0000000080c00000, 0x0000000080d00000, 0x0000000080d00000|100%| O|  |TAMS 0x0000000080d00000, 0x0000000080d00000| Untracked 
|  13|0x0000000080d00000, 0x0000000080e00000, 0x0000000080e00000|100%| O|  |TAMS 0x0000000080e00000, 0x0000000080e00000| Untracked 
|  14|0x0000000080e00000, 0x0000000080f00000, 0x0000000080f00000|100%| O|  |TAMS 0x0000000080f00000, 0x0000000080f00000| Untracked 
|  15|0x0000000080f00000, 0x0000000081000000, 0x0000000081000000|100%| O|  |TAMS 0x0000000081000000, 0x0000000081000000| Untracked 
|  16|0x0000000081000000, 0x0000000081100000, 0x0000000081100000|100%| O|  |TAMS 0x0000000081100000, 0x0000000081100000| Untracked 
|  17|0x0000000081100000, 0x0000000081200000, 0x0000000081200000|100%|HS|  |TAMS 0x0000000081200000, 0x0000000081200000| Complete 
|  18|0x0000000081200000, 0x0000000081300000, 0x0000000081300000|100%| O|  |TAMS 0x0000000081300000, 0x0000000081300000| Untracked 
|  19|0x0000000081300000, 0x0000000081400000, 0x0000000081400000|100%| O|  |TAMS 0x0000000081400000, 0x0000000081400000| Untracked 
|  20|0x0000000081400000, 0x0000000081500000, 0x0000000081500000|100%| O|  |TAMS 0x0000000081500000, 0x0000000081500000| Untracked 
|  21|0x0000000081500000, 0x0000000081600000, 0x0000000081600000|100%| O|  |TAMS 0x0000000081600000, 0x0000000081600000| Untracked 
|  22|0x0000000081600000, 0x0000000081700000, 0x0000000081700000|100%| O|  |TAMS 0x0000000081700000, 0x0000000081700000| Untracked 
|  23|0x0000000081700000, 0x0000000081800000, 0x0000000081800000|100%| O|  |TAMS 0x0000000081800000, 0x0000000081800000| Untracked 
|  24|0x0000000081800000, 0x0000000081900000, 0x0000000081900000|100%| O|  |TAMS 0x0000000081900000, 0x0000000081900000| Untracked 
|  25|0x0000000081900000, 0x0000000081a00000, 0x0000000081a00000|100%| O|  |TAMS 0x0000000081a00000, 0x0000000081a00000| Untracked 
|  26|0x0000000081a00000, 0x0000000081b00000, 0x0000000081b00000|100%| O|  |TAMS 0x0000000081b00000, 0x0000000081b00000| Untracked 
|  27|0x0000000081b00000, 0x0000000081c00000, 0x0000000081c00000|100%| O|  |TAMS 0x0000000081c00000, 0x0000000081c00000| Untracked 
|  28|0x0000000081c00000, 0x0000000081d00000, 0x0000000081d00000|100%|HS|  |TAMS 0x0000000081d00000, 0x0000000081d00000| Complete 
|  29|0x0000000081d00000, 0x0000000081e00000, 0x0000000081e00000|100%| O|  |TAMS 0x0000000081e00000, 0x0000000081e00000| Untracked 
|  30|0x0000000081e00000, 0x0000000081f00000, 0x0000000081f00000|100%| O|  |TAMS 0x0000000081f00000, 0x0000000081f00000| Untracked 
|  31|0x0000000081f00000, 0x0000000082000000, 0x0000000082000000|100%| O|  |TAMS 0x0000000082000000, 0x0000000082000000| Untracked 
|  32|0x0000000082000000, 0x0000000082100000, 0x0000000082100000|100%| O|  |TAMS 0x0000000082100000, 0x0000000082100000| Untracked 
|  33|0x0000000082100000, 0x0000000082200000, 0x0000000082200000|100%| O|  |TAMS 0x0000000082200000, 0x0000000082200000| Untracked 
|  34|0x0000000082200000, 0x0000000082300000, 0x0000000082300000|100%| O|  |TAMS 0x0000000082300000, 0x0000000082300000| Untracked 
|  35|0x0000000082300000, 0x0000000082400000, 0x0000000082400000|100%| O|  |TAMS 0x0000000082400000, 0x0000000082400000| Untracked 
|  36|0x0000000082400000, 0x0000000082500000, 0x0000000082500000|100%| O|  |TAMS 0x0000000082500000, 0x0000000082500000| Untracked 
|  37|0x0000000082500000, 0x0000000082600000, 0x0000000082600000|100%| O|  |TAMS 0x0000000082600000, 0x0000000082600000| Untracked 
|  38|0x0000000082600000, 0x0000000082700000, 0x0000000082700000|100%| O|  |TAMS 0x0000000082700000, 0x0000000082700000| Untracked 
|  39|0x0000000082700000, 0x0000000082800000, 0x0000000082800000|100%| O|  |TAMS 0x0000000082800000, 0x0000000082800000| Untracked 
|  40|0x0000000082800000, 0x0000000082900000, 0x0000000082900000|100%| O|  |TAMS 0x0000000082900000, 0x0000000082900000| Untracked 
|  41|0x0000000082900000, 0x0000000082a00000, 0x0000000082a00000|100%| O|  |TAMS 0x0000000082a00000, 0x0000000082a00000| Untracked 
|  42|0x0000000082a00000, 0x0000000082b00000, 0x0000000082b00000|100%| O|  |TAMS 0x0000000082b00000, 0x0000000082b00000| Untracked 
|  43|0x0000000082b00000, 0x0000000082c00000, 0x0000000082c00000|100%| O|  |TAMS 0x0000000082c00000, 0x0000000082c00000| Untracked 
|  44|0x0000000082c00000, 0x0000000082d00000, 0x0000000082d00000|100%| O|  |TAMS 0x0000000082d00000, 0x0000000082d00000| Untracked 
|  45|0x0000000082d00000, 0x0000000082e00000, 0x0000000082e00000|100%| O|  |TAMS 0x0000000082e00000, 0x0000000082e00000| Untracked 
|  46|0x0000000082e00000, 0x0000000082f00000, 0x0000000082f00000|100%| O|  |TAMS 0x0000000082f00000, 0x0000000082f00000| Untracked 
|  47|0x0000000082f00000, 0x0000000083000000, 0x0000000083000000|100%| O|  |TAMS 0x0000000083000000, 0x0000000083000000| Untracked 
|  48|0x0000000083000000, 0x0000000083100000, 0x0000000083100000|100%| O|  |TAMS 0x0000000083100000, 0x0000000083100000| Untracked 
|  49|0x0000000083100000, 0x0000000083200000, 0x0000000083200000|100%| O|  |TAMS 0x0000000083200000, 0x0000000083200000| Untracked 
|  50|0x0000000083200000, 0x0000000083300000, 0x0000000083300000|100%| O|  |TAMS 0x0000000083300000, 0x0000000083300000| Untracked 
|  51|0x0000000083300000, 0x0000000083400000, 0x0000000083400000|100%| O|  |TAMS 0x0000000083400000, 0x0000000083400000| Untracked 
|  52|0x0000000083400000, 0x0000000083500000, 0x0000000083500000|100%| O|  |TAMS 0x0000000083500000, 0x0000000083500000| Untracked 
|  53|0x0000000083500000, 0x0000000083600000, 0x0000000083600000|100%| O|  |TAMS 0x0000000083600000, 0x0000000083600000| Untracked 
|  54|0x0000000083600000, 0x0000000083700000, 0x0000000083700000|100%| O|  |TAMS 0x0000000083700000, 0x0000000083700000| Untracked 
|  55|0x0000000083700000, 0x0000000083800000, 0x0000000083800000|100%| O|  |TAMS 0x0000000083800000, 0x0000000083800000| Untracked 
|  56|0x0000000083800000, 0x0000000083900000, 0x0000000083900000|100%| O|  |TAMS 0x0000000083900000, 0x0000000083900000| Untracked 
|  57|0x0000000083900000, 0x0000000083a00000, 0x0000000083a00000|100%| O|  |TAMS 0x0000000083a00000, 0x0000000083a00000| Untracked 
|  58|0x0000000083a00000, 0x0000000083b00000, 0x0000000083b00000|100%| O|  |TAMS 0x0000000083b00000, 0x0000000083b00000| Untracked 
|  59|0x0000000083b00000, 0x0000000083c00000, 0x0000000083c00000|100%| O|  |TAMS 0x0000000083c00000, 0x0000000083c00000| Untracked 
|  60|0x0000000083c00000, 0x0000000083d00000, 0x0000000083d00000|100%| O|  |TAMS 0x0000000083d00000, 0x0000000083d00000| Untracked 
|  61|0x0000000083d00000, 0x0000000083e00000, 0x0000000083e00000|100%| O|  |TAMS 0x0000000083e00000, 0x0000000083e00000| Untracked 
|  62|0x0000000083e00000, 0x0000000083f00000, 0x0000000083f00000|100%| O|  |TAMS 0x0000000083f00000, 0x0000000083f00000| Untracked 
|  63|0x0000000083f00000, 0x0000000084000000, 0x0000000084000000|100%| O|  |TAMS 0x0000000084000000, 0x0000000084000000| Untracked 
|  64|0x0000000084000000, 0x0000000084100000, 0x0000000084100000|100%| O|  |TAMS 0x0000000084100000, 0x0000000084100000| Untracked 
|  65|0x0000000084100000, 0x0000000084200000, 0x0000000084200000|100%| O|  |TAMS 0x0000000084200000, 0x0000000084200000| Untracked 
|  66|0x0000000084200000, 0x0000000084300000, 0x0000000084300000|100%| O|  |TAMS 0x0000000084300000, 0x0000000084300000| Untracked 
|  67|0x0000000084300000, 0x0000000084400000, 0x0000000084400000|100%| O|  |TAMS 0x0000000084400000, 0x0000000084400000| Untracked 
|  68|0x0000000084400000, 0x0000000084500000, 0x0000000084500000|100%| O|  |TAMS 0x0000000084500000, 0x0000000084500000| Untracked 
|  69|0x0000000084500000, 0x0000000084600000, 0x0000000084600000|100%| O|  |TAMS 0x0000000084600000, 0x0000000084600000| Untracked 
|  70|0x0000000084600000, 0x0000000084700000, 0x0000000084700000|100%| O|  |TAMS 0x0000000084700000, 0x0000000084700000| Untracked 
|  71|0x0000000084700000, 0x0000000084800000, 0x0000000084800000|100%| O|  |TAMS 0x0000000084800000, 0x0000000084800000| Untracked 
|  72|0x0000000084800000, 0x0000000084900000, 0x0000000084900000|100%| O|  |TAMS 0x0000000084900000, 0x0000000084900000| Untracked 
|  73|0x0000000084900000, 0x0000000084a00000, 0x0000000084a00000|100%| O|  |TAMS 0x0000000084a00000, 0x0000000084a00000| Untracked 
|  74|0x0000000084a00000, 0x0000000084b00000, 0x0000000084b00000|100%| O|  |TAMS 0x0000000084b00000, 0x0000000084b00000| Untracked 
|  75|0x0000000084b00000, 0x0000000084c00000, 0x0000000084c00000|100%| O|  |TAMS 0x0000000084c00000, 0x0000000084c00000| Untracked 
|  76|0x0000000084c00000, 0x0000000084d00000, 0x0000000084d00000|100%| O|  |TAMS 0x0000000084d00000, 0x0000000084d00000| Untracked 
|  77|0x0000000084d00000, 0x0000000084e00000, 0x0000000084e00000|100%| O|  |TAMS 0x0000000084e00000, 0x0000000084e00000| Untracked 
|  78|0x0000000084e00000, 0x0000000084f00000, 0x0000000084f00000|100%|HS|  |TAMS 0x0000000084f00000, 0x0000000084f00000| Complete 
|  79|0x0000000084f00000, 0x0000000085000000, 0x0000000085000000|100%|HC|  |TAMS 0x0000000085000000, 0x0000000085000000| Complete 
|  80|0x0000000085000000, 0x0000000085100000, 0x0000000085100000|100%|HS|  |TAMS 0x0000000085100000, 0x0000000085100000| Complete 
|  81|0x0000000085100000, 0x0000000085200000, 0x0000000085200000|100%|HS|  |TAMS 0x0000000085200000, 0x0000000085200000| Complete 
|  82|0x0000000085200000, 0x0000000085300000, 0x0000000085300000|100%|HS|  |TAMS 0x0000000085300000, 0x0000000085300000| Complete 
|  83|0x0000000085300000, 0x0000000085400000, 0x0000000085400000|100%|HC|  |TAMS 0x0000000085400000, 0x0000000085400000| Complete 
|  84|0x0000000085400000, 0x0000000085500000, 0x0000000085500000|100%|HS|  |TAMS 0x0000000085500000, 0x0000000085500000| Complete 
|  85|0x0000000085500000, 0x0000000085600000, 0x0000000085600000|100%|HC|  |TAMS 0x0000000085600000, 0x0000000085600000| Complete 
|  86|0x0000000085600000, 0x0000000085700000, 0x0000000085700000|100%|HS|  |TAMS 0x0000000085700000, 0x0000000085700000| Complete 
|  87|0x0000000085700000, 0x0000000085800000, 0x0000000085800000|100%|HC|  |TAMS 0x0000000085800000, 0x0000000085800000| Complete 
|  88|0x0000000085800000, 0x0000000085900000, 0x0000000085900000|100%|HC|  |TAMS 0x0000000085900000, 0x0000000085900000| Complete 
|  89|0x0000000085900000, 0x0000000085a00000, 0x0000000085a00000|100%| O|  |TAMS 0x0000000085a00000, 0x0000000085a00000| Untracked 
|  90|0x0000000085a00000, 0x0000000085b00000, 0x0000000085b00000|100%| O|  |TAMS 0x0000000085b00000, 0x0000000085b00000| Untracked 
|  91|0x0000000085b00000, 0x0000000085c00000, 0x0000000085c00000|100%| O|  |TAMS 0x0000000085c00000, 0x0000000085c00000| Untracked 
|  92|0x0000000085c00000, 0x0000000085d00000, 0x0000000085d00000|100%| O|  |TAMS 0x0000000085d00000, 0x0000000085d00000| Untracked 
|  93|0x0000000085d00000, 0x0000000085e00000, 0x0000000085e00000|100%| O|  |TAMS 0x0000000085e00000, 0x0000000085e00000| Untracked 
|  94|0x0000000085e00000, 0x0000000085f00000, 0x0000000085f00000|100%| O|  |TAMS 0x0000000085f00000, 0x0000000085f00000| Untracked 
|  95|0x0000000085f00000, 0x0000000086000000, 0x0000000086000000|100%| O|  |TAMS 0x0000000086000000, 0x0000000086000000| Untracked 
|  96|0x0000000086000000, 0x0000000086100000, 0x0000000086100000|100%| O|  |TAMS 0x0000000086100000, 0x0000000086100000| Untracked 
|  97|0x0000000086100000, 0x0000000086200000, 0x0000000086200000|100%| O|  |TAMS 0x0000000086200000, 0x0000000086200000| Untracked 
|  98|0x0000000086200000, 0x0000000086300000, 0x0000000086300000|100%| O|  |TAMS 0x0000000086300000, 0x0000000086300000| Untracked 
|  99|0x0000000086300000, 0x0000000086400000, 0x0000000086400000|100%|HS|  |TAMS 0x0000000086400000, 0x0000000086400000| Complete 
| 100|0x0000000086400000, 0x0000000086500000, 0x0000000086500000|100%|HC|  |TAMS 0x0000000086500000, 0x0000000086500000| Complete 
| 101|0x0000000086500000, 0x0000000086600000, 0x0000000086600000|100%| O|  |TAMS 0x0000000086600000, 0x0000000086600000| Untracked 
| 102|0x0000000086600000, 0x0000000086700000, 0x0000000086700000|100%|HS|  |TAMS 0x0000000086700000, 0x0000000086700000| Complete 
| 103|0x0000000086700000, 0x0000000086800000, 0x0000000086800000|100%| O|  |TAMS 0x0000000086800000, 0x0000000086800000| Untracked 
| 104|0x0000000086800000, 0x0000000086900000, 0x0000000086900000|100%|HS|  |TAMS 0x0000000086900000, 0x0000000086900000| Complete 
| 105|0x0000000086900000, 0x0000000086a00000, 0x0000000086a00000|100%| O|  |TAMS 0x0000000086a00000, 0x0000000086a00000| Untracked 
| 106|0x0000000086a00000, 0x0000000086b00000, 0x0000000086b00000|100%| O|  |TAMS 0x0000000086b00000, 0x0000000086b00000| Untracked 
| 107|0x0000000086b00000, 0x0000000086c00000, 0x0000000086c00000|100%| O|  |TAMS 0x0000000086c00000, 0x0000000086c00000| Untracked 
| 108|0x0000000086c00000, 0x0000000086d00000, 0x0000000086d00000|100%|HS|  |TAMS 0x0000000086d00000, 0x0000000086d00000| Complete 
| 109|0x0000000086d00000, 0x0000000086e00000, 0x0000000086e00000|100%|HC|  |TAMS 0x0000000086e00000, 0x0000000086e00000| Complete 
| 110|0x0000000086e00000, 0x0000000086f00000, 0x0000000086f00000|100%| O|  |TAMS 0x0000000086f00000, 0x0000000086f00000| Untracked 
| 111|0x0000000086f00000, 0x0000000087000000, 0x0000000087000000|100%| O|  |TAMS 0x0000000086f00000, 0x0000000087000000| Untracked 
| 112|0x0000000087000000, 0x0000000087100000, 0x0000000087100000|100%| O|  |TAMS 0x0000000087000000, 0x0000000087100000| Untracked 
| 113|0x0000000087100000, 0x0000000087200000, 0x0000000087200000|100%|HS|  |TAMS 0x0000000087200000, 0x0000000087200000| Complete 
| 114|0x0000000087200000, 0x0000000087300000, 0x0000000087300000|100%|HC|  |TAMS 0x0000000087300000, 0x0000000087300000| Complete 
| 115|0x0000000087300000, 0x0000000087400000, 0x0000000087400000|100%|HS|  |TAMS 0x0000000087300000, 0x0000000087400000| Complete 
| 116|0x0000000087400000, 0x0000000087500000, 0x0000000087500000|100%|HS|  |TAMS 0x0000000087400000, 0x0000000087500000| Complete 
| 117|0x0000000087500000, 0x0000000087600000, 0x0000000087600000|100%| O|  |TAMS 0x0000000087500000, 0x0000000087600000| Untracked 
| 118|0x0000000087600000, 0x0000000087700000, 0x0000000087700000|100%| O|  |TAMS 0x0000000087600000, 0x0000000087700000| Untracked 
| 119|0x0000000087700000, 0x0000000087800000, 0x0000000087800000|100%| O|  |TAMS 0x0000000087700000, 0x0000000087800000| Untracked 
| 120|0x0000000087800000, 0x0000000087900000, 0x0000000087900000|100%| O|  |TAMS 0x0000000087800000, 0x0000000087900000| Untracked 
| 121|0x0000000087900000, 0x0000000087a00000, 0x0000000087a00000|100%|HS|  |TAMS 0x0000000087a00000, 0x0000000087a00000| Complete 
| 122|0x0000000087a00000, 0x0000000087b00000, 0x0000000087b00000|100%|HC|  |TAMS 0x0000000087b00000, 0x0000000087b00000| Complete 
| 123|0x0000000087b00000, 0x0000000087c00000, 0x0000000087c00000|100%|HC|  |TAMS 0x0000000087c00000, 0x0000000087c00000| Complete 
| 124|0x0000000087c00000, 0x0000000087d00000, 0x0000000087d00000|100%| O|  |TAMS 0x0000000087d00000, 0x0000000087d00000| Untracked 
| 125|0x0000000087d00000, 0x0000000087e00000, 0x0000000087e00000|100%| O|  |TAMS 0x0000000087e00000, 0x0000000087e00000| Untracked 
| 126|0x0000000087e00000, 0x0000000087f00000, 0x0000000087f00000|100%| O|  |TAMS 0x0000000087f00000, 0x0000000087f00000| Untracked 
| 127|0x0000000087f00000, 0x0000000088000000, 0x0000000088000000|100%| O|  |TAMS 0x0000000088000000, 0x0000000088000000| Untracked 
| 128|0x0000000088000000, 0x0000000088100000, 0x0000000088100000|100%| O|  |TAMS 0x0000000088100000, 0x0000000088100000| Untracked 
| 129|0x0000000088100000, 0x0000000088200000, 0x0000000088200000|100%| O|  |TAMS 0x0000000088200000, 0x0000000088200000| Untracked 
| 130|0x0000000088200000, 0x0000000088300000, 0x0000000088300000|100%| O|  |TAMS 0x0000000088200000, 0x0000000088300000| Untracked 
| 131|0x0000000088300000, 0x0000000088400000, 0x0000000088400000|100%| O|  |TAMS 0x0000000088300000, 0x0000000088400000| Untracked 
| 132|0x0000000088400000, 0x0000000088500000, 0x0000000088500000|100%| O|  |TAMS 0x0000000088400000, 0x0000000088500000| Untracked 
| 133|0x0000000088500000, 0x0000000088600000, 0x0000000088600000|100%| O|  |TAMS 0x0000000088500000, 0x0000000088600000| Untracked 
| 134|0x0000000088600000, 0x0000000088700000, 0x0000000088700000|100%| O|  |TAMS 0x0000000088600000, 0x0000000088700000| Untracked 
| 135|0x0000000088700000, 0x0000000088800000, 0x0000000088800000|100%| O|  |TAMS 0x0000000088700000, 0x0000000088800000| Untracked 
| 136|0x0000000088800000, 0x0000000088900000, 0x0000000088900000|100%| O|  |TAMS 0x0000000088800000, 0x0000000088900000| Untracked 
| 137|0x0000000088900000, 0x0000000088a00000, 0x0000000088a00000|100%| O|  |TAMS 0x0000000088900000, 0x0000000088a00000| Untracked 
| 138|0x0000000088a00000, 0x0000000088b00000, 0x0000000088b00000|100%| O|  |TAMS 0x0000000088a00000, 0x0000000088b00000| Untracked 
| 139|0x0000000088b00000, 0x0000000088c00000, 0x0000000088c00000|100%| O|  |TAMS 0x0000000088b00000, 0x0000000088c00000| Untracked 
| 140|0x0000000088c00000, 0x0000000088d00000, 0x0000000088d00000|100%| O|  |TAMS 0x0000000088d00000, 0x0000000088d00000| Untracked 
| 141|0x0000000088d00000, 0x0000000088e00000, 0x0000000088e00000|100%| O|  |TAMS 0x0000000088e00000, 0x0000000088e00000| Untracked 
| 142|0x0000000088e00000, 0x0000000088f00000, 0x0000000088f00000|100%| O|  |TAMS 0x0000000088f00000, 0x0000000088f00000| Untracked 
| 143|0x0000000088f00000, 0x0000000089000000, 0x0000000089000000|100%| O|  |TAMS 0x0000000089000000, 0x0000000089000000| Untracked 
| 144|0x0000000089000000, 0x0000000089100000, 0x0000000089100000|100%| O|  |TAMS 0x0000000089000000, 0x0000000089100000| Untracked 
| 145|0x0000000089100000, 0x0000000089200000, 0x0000000089200000|100%| O|  |TAMS 0x0000000089100000, 0x0000000089200000| Untracked 
| 146|0x0000000089200000, 0x0000000089300000, 0x0000000089300000|100%| O|  |TAMS 0x0000000089200000, 0x0000000089300000| Untracked 
| 147|0x0000000089300000, 0x0000000089400000, 0x0000000089400000|100%| O|  |TAMS 0x0000000089300000, 0x0000000089400000| Untracked 
| 148|0x0000000089400000, 0x0000000089500000, 0x0000000089500000|100%| O|  |TAMS 0x0000000089400000, 0x0000000089500000| Untracked 
| 149|0x0000000089500000, 0x0000000089600000, 0x0000000089600000|100%| O|  |TAMS 0x0000000089500000, 0x0000000089600000| Untracked 
| 150|0x0000000089600000, 0x0000000089700000, 0x0000000089700000|100%| O|  |TAMS 0x0000000089600000, 0x0000000089700000| Untracked 
| 151|0x0000000089700000, 0x0000000089800000, 0x0000000089800000|100%| O|  |TAMS 0x0000000089700000, 0x0000000089800000| Untracked 
| 152|0x0000000089800000, 0x0000000089900000, 0x0000000089900000|100%| O|  |TAMS 0x0000000089800000, 0x0000000089900000| Untracked 
| 153|0x0000000089900000, 0x0000000089a00000, 0x0000000089a00000|100%| O|  |TAMS 0x0000000089900000, 0x0000000089a00000| Untracked 
| 154|0x0000000089a00000, 0x0000000089b00000, 0x0000000089b00000|100%| O|  |TAMS 0x0000000089a00000, 0x0000000089b00000| Untracked 
| 155|0x0000000089b00000, 0x0000000089c00000, 0x0000000089c00000|100%| O|  |TAMS 0x0000000089b00000, 0x0000000089c00000| Untracked 
| 156|0x0000000089c00000, 0x0000000089d00000, 0x0000000089d00000|100%| O|  |TAMS 0x0000000089c00000, 0x0000000089d00000| Untracked 
| 157|0x0000000089d00000, 0x0000000089e00000, 0x0000000089e00000|100%| O|  |TAMS 0x0000000089d00000, 0x0000000089e00000| Untracked 
| 158|0x0000000089e00000, 0x0000000089f00000, 0x0000000089f00000|100%| O|  |TAMS 0x0000000089e00000, 0x0000000089f00000| Untracked 
| 159|0x0000000089f00000, 0x000000008a000000, 0x000000008a000000|100%| O|  |TAMS 0x0000000089f00000, 0x000000008a000000| Untracked 
| 160|0x000000008a000000, 0x000000008a100000, 0x000000008a100000|100%| O|  |TAMS 0x000000008a000000, 0x000000008a100000| Untracked 
| 161|0x000000008a100000, 0x000000008a200000, 0x000000008a200000|100%| O|  |TAMS 0x000000008a100000, 0x000000008a200000| Untracked 
| 162|0x000000008a200000, 0x000000008a300000, 0x000000008a300000|100%| O|  |TAMS 0x000000008a200000, 0x000000008a300000| Untracked 
| 163|0x000000008a300000, 0x000000008a400000, 0x000000008a400000|100%| O|  |TAMS 0x000000008a300000, 0x000000008a400000| Untracked 
| 164|0x000000008a400000, 0x000000008a500000, 0x000000008a500000|100%| O|  |TAMS 0x000000008a400000, 0x000000008a500000| Untracked 
| 165|0x000000008a500000, 0x000000008a600000, 0x000000008a600000|100%| O|  |TAMS 0x000000008a500000, 0x000000008a5e4400| Untracked 
| 166|0x000000008a600000, 0x000000008a700000, 0x000000008a700000|100%| O|  |TAMS 0x000000008a600000, 0x000000008a600000| Untracked 
| 167|0x000000008a700000, 0x000000008a800000, 0x000000008a800000|100%| O|  |TAMS 0x000000008a700000, 0x000000008a700000| Untracked 
| 168|0x000000008a800000, 0x000000008a900000, 0x000000008a900000|100%| O|  |TAMS 0x000000008a800000, 0x000000008a800000| Untracked 
| 169|0x000000008a900000, 0x000000008aa00000, 0x000000008aa00000|100%| O|  |TAMS 0x000000008a900000, 0x000000008a900000| Untracked 
| 170|0x000000008aa00000, 0x000000008ab00000, 0x000000008ab00000|100%| O|  |TAMS 0x000000008aa00000, 0x000000008aa00000| Untracked 
| 171|0x000000008ab00000, 0x000000008ac00000, 0x000000008ac00000|100%| O|  |TAMS 0x000000008ab00000, 0x000000008ab00000| Untracked 
| 172|0x000000008ac00000, 0x000000008ad00000, 0x000000008ad00000|100%| O|  |TAMS 0x000000008ac00000, 0x000000008ac00000| Untracked 
| 173|0x000000008ad00000, 0x000000008ae00000, 0x000000008ae00000|100%| O|  |TAMS 0x000000008ad00000, 0x000000008ad00000| Untracked 
| 174|0x000000008ae00000, 0x000000008af00000, 0x000000008af00000|100%| O|  |TAMS 0x000000008ae00000, 0x000000008ae00000| Untracked 
| 175|0x000000008af00000, 0x000000008b000000, 0x000000008b000000|100%| O|  |TAMS 0x000000008af00000, 0x000000008af00000| Untracked 
| 176|0x000000008b000000, 0x000000008b100000, 0x000000008b100000|100%| O|  |TAMS 0x000000008b000000, 0x000000008b000000| Untracked 
| 177|0x000000008b100000, 0x000000008b200000, 0x000000008b200000|100%| O|  |TAMS 0x000000008b100000, 0x000000008b100000| Untracked 
| 178|0x000000008b200000, 0x000000008b300000, 0x000000008b300000|100%| O|  |TAMS 0x000000008b200000, 0x000000008b200000| Untracked 
| 179|0x000000008b300000, 0x000000008b400000, 0x000000008b400000|100%| O|  |TAMS 0x000000008b300000, 0x000000008b300000| Untracked 
| 180|0x000000008b400000, 0x000000008b500000, 0x000000008b500000|100%| O|  |TAMS 0x000000008b400000, 0x000000008b400000| Untracked 
| 181|0x000000008b500000, 0x000000008b580000, 0x000000008b600000| 50%| O|  |TAMS 0x000000008b500000, 0x000000008b500000| Untracked 
| 182|0x000000008b600000, 0x000000008b600000, 0x000000008b700000|  0%| F|  |TAMS 0x000000008b600000, 0x000000008b600000| Untracked 
| 183|0x000000008b700000, 0x000000008b700000, 0x000000008b800000|  0%| F|  |TAMS 0x000000008b700000, 0x000000008b700000| Untracked 
| 184|0x000000008b800000, 0x000000008b800000, 0x000000008b900000|  0%| F|  |TAMS 0x000000008b800000, 0x000000008b800000| Untracked 
| 185|0x000000008b900000, 0x000000008b900000, 0x000000008ba00000|  0%| F|  |TAMS 0x000000008b900000, 0x000000008b900000| Untracked 
| 186|0x000000008ba00000, 0x000000008ba00000, 0x000000008bb00000|  0%| F|  |TAMS 0x000000008ba00000, 0x000000008ba00000| Untracked 
| 187|0x000000008bb00000, 0x000000008bb00000, 0x000000008bc00000|  0%| F|  |TAMS 0x000000008bb00000, 0x000000008bb00000| Untracked 
| 188|0x000000008bc00000, 0x000000008bc00000, 0x000000008bd00000|  0%| F|  |TAMS 0x000000008bc00000, 0x000000008bc00000| Untracked 
| 189|0x000000008bd00000, 0x000000008bd00000, 0x000000008be00000|  0%| F|  |TAMS 0x000000008bd00000, 0x000000008bd00000| Untracked 
| 190|0x000000008be00000, 0x000000008be00000, 0x000000008bf00000|  0%| F|  |TAMS 0x000000008be00000, 0x000000008be00000| Untracked 
| 191|0x000000008bf00000, 0x000000008bf00000, 0x000000008c000000|  0%| F|  |TAMS 0x000000008bf00000, 0x000000008bf00000| Untracked 
| 192|0x000000008c000000, 0x000000008c000000, 0x000000008c100000|  0%| F|  |TAMS 0x000000008c000000, 0x000000008c000000| Untracked 
| 193|0x000000008c100000, 0x000000008c100000, 0x000000008c200000|  0%| F|  |TAMS 0x000000008c100000, 0x000000008c100000| Untracked 
| 194|0x000000008c200000, 0x000000008c200000, 0x000000008c300000|  0%| F|  |TAMS 0x000000008c200000, 0x000000008c200000| Untracked 
| 195|0x000000008c300000, 0x000000008c300000, 0x000000008c400000|  0%| F|  |TAMS 0x000000008c300000, 0x000000008c300000| Untracked 
| 196|0x000000008c400000, 0x000000008c400000, 0x000000008c500000|  0%| F|  |TAMS 0x000000008c400000, 0x000000008c400000| Untracked 
| 197|0x000000008c500000, 0x000000008c500000, 0x000000008c600000|  0%| F|  |TAMS 0x000000008c500000, 0x000000008c500000| Untracked 
| 198|0x000000008c600000, 0x000000008c600000, 0x000000008c700000|  0%| F|  |TAMS 0x000000008c600000, 0x000000008c600000| Untracked 
| 199|0x000000008c700000, 0x000000008c700000, 0x000000008c800000|  0%| F|  |TAMS 0x000000008c700000, 0x000000008c700000| Untracked 
| 200|0x000000008c800000, 0x000000008c800000, 0x000000008c900000|  0%| F|  |TAMS 0x000000008c800000, 0x000000008c800000| Untracked 
| 201|0x000000008c900000, 0x000000008c900000, 0x000000008ca00000|  0%| F|  |TAMS 0x000000008c900000, 0x000000008c900000| Untracked 
| 202|0x000000008ca00000, 0x000000008ca00000, 0x000000008cb00000|  0%| F|  |TAMS 0x000000008ca00000, 0x000000008ca00000| Untracked 
| 203|0x000000008cb00000, 0x000000008cb00000, 0x000000008cc00000|  0%| F|  |TAMS 0x000000008cb00000, 0x000000008cb00000| Untracked 
| 204|0x000000008cc00000, 0x000000008cc00000, 0x000000008cd00000|  0%| F|  |TAMS 0x000000008cc00000, 0x000000008cc00000| Untracked 
| 205|0x000000008cd00000, 0x000000008cd00000, 0x000000008ce00000|  0%| F|  |TAMS 0x000000008cd00000, 0x000000008cd00000| Untracked 
| 206|0x000000008ce00000, 0x000000008ce00000, 0x000000008cf00000|  0%| F|  |TAMS 0x000000008ce00000, 0x000000008ce00000| Untracked 
| 207|0x000000008cf00000, 0x000000008cf00000, 0x000000008d000000|  0%| F|  |TAMS 0x000000008cf00000, 0x000000008cf00000| Untracked 
| 208|0x000000008d000000, 0x000000008d000000, 0x000000008d100000|  0%| F|  |TAMS 0x000000008d000000, 0x000000008d000000| Untracked 
| 209|0x000000008d100000, 0x000000008d100000, 0x000000008d200000|  0%| F|  |TAMS 0x000000008d100000, 0x000000008d100000| Untracked 
| 210|0x000000008d200000, 0x000000008d300000, 0x000000008d300000|100%| O|  |TAMS 0x000000008d300000, 0x000000008d300000| Untracked 
| 211|0x000000008d300000, 0x000000008d400000, 0x000000008d400000|100%| O|  |TAMS 0x000000008d400000, 0x000000008d400000| Untracked 
| 212|0x000000008d400000, 0x000000008d400000, 0x000000008d500000|  0%| F|  |TAMS 0x000000008d400000, 0x000000008d400000| Untracked 
| 213|0x000000008d500000, 0x000000008d500000, 0x000000008d600000|  0%| F|  |TAMS 0x000000008d500000, 0x000000008d500000| Untracked 
| 214|0x000000008d600000, 0x000000008d600000, 0x000000008d700000|  0%| F|  |TAMS 0x000000008d600000, 0x000000008d600000| Untracked 
| 215|0x000000008d700000, 0x000000008d700000, 0x000000008d800000|  0%| F|  |TAMS 0x000000008d700000, 0x000000008d700000| Untracked 
| 216|0x000000008d800000, 0x000000008d800000, 0x000000008d900000|  0%| F|  |TAMS 0x000000008d800000, 0x000000008d800000| Untracked 
| 217|0x000000008d900000, 0x000000008d900000, 0x000000008da00000|  0%| F|  |TAMS 0x000000008d900000, 0x000000008d900000| Untracked 
| 218|0x000000008da00000, 0x000000008da00000, 0x000000008db00000|  0%| F|  |TAMS 0x000000008da00000, 0x000000008da00000| Untracked 
| 219|0x000000008db00000, 0x000000008db00000, 0x000000008dc00000|  0%| F|  |TAMS 0x000000008db00000, 0x000000008db00000| Untracked 
| 220|0x000000008dc00000, 0x000000008dc00000, 0x000000008dd00000|  0%| F|  |TAMS 0x000000008dc00000, 0x000000008dc00000| Untracked 
| 221|0x000000008dd00000, 0x000000008dd00000, 0x000000008de00000|  0%| F|  |TAMS 0x000000008dd00000, 0x000000008dd00000| Untracked 
| 222|0x000000008de00000, 0x000000008df00000, 0x000000008df00000|100%| S|CS|TAMS 0x000000008de00000, 0x000000008de00000| Complete 
| 223|0x000000008df00000, 0x000000008e000000, 0x000000008e000000|100%| S|CS|TAMS 0x000000008df00000, 0x000000008df00000| Complete 
| 224|0x000000008e000000, 0x000000008e100000, 0x000000008e100000|100%| S|CS|TAMS 0x000000008e000000, 0x000000008e000000| Complete 
| 225|0x000000008e100000, 0x000000008e200000, 0x000000008e200000|100%| S|CS|TAMS 0x000000008e100000, 0x000000008e100000| Complete 
| 226|0x000000008e200000, 0x000000008e300000, 0x000000008e300000|100%| S|CS|TAMS 0x000000008e200000, 0x000000008e200000| Complete 
| 227|0x000000008e300000, 0x000000008e300000, 0x000000008e400000|  0%| F|  |TAMS 0x000000008e300000, 0x000000008e300000| Untracked 
| 228|0x000000008e400000, 0x000000008e400000, 0x000000008e500000|  0%| F|  |TAMS 0x000000008e400000, 0x000000008e400000| Untracked 
| 229|0x000000008e500000, 0x000000008e500000, 0x000000008e600000|  0%| F|  |TAMS 0x000000008e500000, 0x000000008e500000| Untracked 
| 230|0x000000008e600000, 0x000000008e600000, 0x000000008e700000|  0%| F|  |TAMS 0x000000008e600000, 0x000000008e600000| Untracked 
| 231|0x000000008e700000, 0x000000008e700000, 0x000000008e800000|  0%| F|  |TAMS 0x000000008e700000, 0x000000008e700000| Untracked 
| 232|0x000000008e800000, 0x000000008e800000, 0x000000008e900000|  0%| F|  |TAMS 0x000000008e800000, 0x000000008e800000| Untracked 
| 233|0x000000008e900000, 0x000000008e900000, 0x000000008ea00000|  0%| F|  |TAMS 0x000000008e900000, 0x000000008e900000| Untracked 
| 234|0x000000008ea00000, 0x000000008ea00000, 0x000000008eb00000|  0%| F|  |TAMS 0x000000008ea00000, 0x000000008ea00000| Untracked 
| 235|0x000000008eb00000, 0x000000008eb00000, 0x000000008ec00000|  0%| F|  |TAMS 0x000000008eb00000, 0x000000008eb00000| Untracked 
| 236|0x000000008ec00000, 0x000000008ec00000, 0x000000008ed00000|  0%| F|  |TAMS 0x000000008ec00000, 0x000000008ec00000| Untracked 
| 237|0x000000008ed00000, 0x000000008ed00000, 0x000000008ee00000|  0%| F|  |TAMS 0x000000008ed00000, 0x000000008ed00000| Untracked 
| 238|0x000000008ee00000, 0x000000008ee00000, 0x000000008ef00000|  0%| F|  |TAMS 0x000000008ee00000, 0x000000008ee00000| Untracked 
| 239|0x000000008ef00000, 0x000000008ef00000, 0x000000008f000000|  0%| F|  |TAMS 0x000000008ef00000, 0x000000008ef00000| Untracked 
| 240|0x000000008f000000, 0x000000008f000000, 0x000000008f100000|  0%| F|  |TAMS 0x000000008f000000, 0x000000008f000000| Untracked 
| 241|0x000000008f100000, 0x000000008f100000, 0x000000008f200000|  0%| F|  |TAMS 0x000000008f100000, 0x000000008f100000| Untracked 
| 242|0x000000008f200000, 0x000000008f200000, 0x000000008f300000|  0%| F|  |TAMS 0x000000008f200000, 0x000000008f200000| Untracked 
| 243|0x000000008f300000, 0x000000008f300000, 0x000000008f400000|  0%| F|  |TAMS 0x000000008f300000, 0x000000008f300000| Untracked 
| 244|0x000000008f400000, 0x000000008f400000, 0x000000008f500000|  0%| F|  |TAMS 0x000000008f400000, 0x000000008f400000| Untracked 
| 245|0x000000008f500000, 0x000000008f500000, 0x000000008f600000|  0%| F|  |TAMS 0x000000008f500000, 0x000000008f500000| Untracked 
| 246|0x000000008f600000, 0x000000008f600000, 0x000000008f700000|  0%| F|  |TAMS 0x000000008f600000, 0x000000008f600000| Untracked 
| 247|0x000000008f700000, 0x000000008f700000, 0x000000008f800000|  0%| F|  |TAMS 0x000000008f700000, 0x000000008f700000| Untracked 
| 248|0x000000008f800000, 0x000000008f800000, 0x000000008f900000|  0%| F|  |TAMS 0x000000008f800000, 0x000000008f800000| Untracked 
| 249|0x000000008f900000, 0x000000008f900000, 0x000000008fa00000|  0%| F|  |TAMS 0x000000008f900000, 0x000000008f900000| Untracked 
| 250|0x000000008fa00000, 0x000000008fa00000, 0x000000008fb00000|  0%| F|  |TAMS 0x000000008fa00000, 0x000000008fa00000| Untracked 
| 251|0x000000008fb00000, 0x000000008fb00000, 0x000000008fc00000|  0%| F|  |TAMS 0x000000008fb00000, 0x000000008fb00000| Untracked 
| 252|0x000000008fc00000, 0x000000008fc00000, 0x000000008fd00000|  0%| F|  |TAMS 0x000000008fc00000, 0x000000008fc00000| Untracked 
| 253|0x000000008fd00000, 0x000000008fd00000, 0x000000008fe00000|  0%| F|  |TAMS 0x000000008fd00000, 0x000000008fd00000| Untracked 
| 254|0x000000008fe00000, 0x000000008fe00000, 0x000000008ff00000|  0%| F|  |TAMS 0x000000008fe00000, 0x000000008fe00000| Untracked 

Card table byte_map: [0x000002101ddc0000,0x000002101e1c0000] _byte_map_base: 0x000002101d9c0000

Marking Bits (Prev, Next): (CMBitMap*) 0x000002100addb748, (CMBitMap*) 0x000002100addb780
 Prev Bits: [0x000002101e5c0000, 0x00000210205c0000)
 Next Bits: [0x00000210205c0000, 0x00000210225c0000)

Polling page: 0x0000021008d00000

Metaspace:

Usage:
  Non-class:     85.70 MB capacity,    84.06 MB ( 98%) used,     1.33 MB (  2%) free+waste,   325.31 KB ( <1%) overhead. 
      Class:     13.71 MB capacity,    12.66 MB ( 92%) used,   921.52 KB (  7%) free+waste,   148.62 KB (  1%) overhead. 
       Both:     99.41 MB capacity,    96.72 MB ( 97%) used,     2.23 MB (  2%) free+waste,   473.94 KB ( <1%) overhead. 

Virtual space:
  Non-class space:       86.00 MB reserved,      85.88 MB (>99%) committed 
      Class space:        1.00 GB reserved,      13.77 MB (  1%) committed 
             Both:        1.08 GB reserved,      99.65 MB (  9%) committed 

Chunk freelists:
   Non-Class:  53.00 KB
       Class:  13.00 KB
        Both:  66.00 KB

MaxMetaspaceSize: 17179869184.00 GB
CompressedClassSpaceSize: 1.00 GB
Initial GC threshold: 20.80 MB
Current GC threshold: 162.13 MB
CDS: off

CodeHeap 'non-profiled nmethods': size=120064Kb used=6641Kb max_used=6641Kb free=113422Kb
 bounds [0x0000021016370000, 0x00000210169f0000, 0x000002101d8b0000]
CodeHeap 'profiled nmethods': size=120000Kb used=25630Kb max_used=25630Kb free=94369Kb
 bounds [0x000002100ee40000, 0x0000021010750000, 0x0000021016370000]
CodeHeap 'non-nmethods': size=5696Kb used=2427Kb max_used=2454Kb free=3268Kb
 bounds [0x000002100e8b0000, 0x000002100eb20000, 0x000002100ee40000]
 total_blobs=13279 nmethods=12320 adapters=869
 compilation: enabled
              stopped_count=0, restarted_count=0
 full_count=0

Compilation events (20 events):
Event: 11.273 Thread 0x0000021024e0d800 12418       2       com.android.tools.r8.dex.code.q::<init> (7 bytes)
Event: 11.273 Thread 0x0000021024e0d800 nmethod 12418 0x000002101073f990 code [0x000002101073fb60, 0x000002101073fd98]
Event: 11.277 Thread 0x0000021024e0d800 12419       2       com.android.tools.r8.internal.X0::entrySet (32 bytes)
Event: 11.278 Thread 0x0000021024e0d800 nmethod 12419 0x000002101073ff90 code [0x0000021010740140, 0x0000021010740398]
Event: 11.278 Thread 0x0000021024e0d800 12420       2       com.android.tools.r8.internal.QL::<init> (6 bytes)
Event: 11.278 Thread 0x0000021024e0d800 nmethod 12420 0x0000021010740490 code [0x0000021010740640, 0x0000021010740798]
Event: 11.278 Thread 0x0000021024e0d800 12421       2       com.android.tools.r8.internal.QL::<init> (10 bytes)
Event: 11.278 Thread 0x0000021024e0d800 nmethod 12421 0x0000021010740810 code [0x00000210107409c0, 0x0000021010740af8]
Event: 11.278 Thread 0x0000021024e0d800 12422       2       com.android.tools.r8.internal.f1::<init> (5 bytes)
Event: 11.278 Thread 0x0000021024e0d800 nmethod 12422 0x0000021010740b90 code [0x0000021010740d40, 0x0000021010740e38]
Event: 11.278 Thread 0x0000021024e0d800 12423       2       com.android.tools.r8.internal.e1::<init> (5 bytes)
Event: 11.278 Thread 0x0000021024e0d800 nmethod 12423 0x0000021010740f10 code [0x00000210107410c0, 0x00000210107411b8]
Event: 11.285 Thread 0x0000021024e0d800 12424       2       com.android.tools.r8.dex.code.r2::<init> (7 bytes)
Event: 11.285 Thread 0x0000021024e0d800 nmethod 12424 0x0000021010741290 code [0x0000021010741460, 0x0000021010741628]
Event: 11.293 Thread 0x0000021024e0d800 12425       2       com.android.tools.r8.dex.code.d2::<init> (7 bytes)
Event: 11.294 Thread 0x0000021024e0d800 nmethod 12425 0x0000021010741790 code [0x0000021010741940, 0x0000021010741a98]
Event: 11.302 Thread 0x0000021024e0d800 12427 %     3       com.android.tools.r8.dex.i::a @ 28 (274 bytes)
Event: 11.304 Thread 0x0000021024e0d800 nmethod 12427% 0x0000021010741b90 code [0x0000021010741f80, 0x0000021010743d88]
Event: 11.304 Thread 0x0000021024e0d800 12428       3       com.android.tools.r8.dex.i::a (274 bytes)
Event: 11.306 Thread 0x0000021024e0d800 nmethod 12428 0x0000021010744c10 code [0x0000021010745000, 0x0000021010746c88]

GC Heap History (20 events):
Event: 8.350 GC heap after
{Heap after GC invocations=21 (full 0):
 garbage-first heap   total 175104K, used 67896K [0x0000000080000000, 0x0000000100000000)
  region size 1024K, 9 young (9216K), 9 survivors (9216K)
 Metaspace       used 81593K, capacity 83683K, committed 83740K, reserved 1122304K
  class space    used 10639K, capacity 11412K, committed 11416K, reserved 1048576K
}
Event: 8.871 GC heap before
{Heap before GC invocations=21 (full 0):
 garbage-first heap   total 175104K, used 126264K [0x0000000080000000, 0x0000000100000000)
  region size 1024K, 67 young (68608K), 9 survivors (9216K)
 Metaspace       used 85487K, capacity 87990K, committed 88092K, reserved 1126400K
  class space    used 11153K, capacity 12093K, committed 12184K, reserved 1048576K
}
Event: 8.881 GC heap after
{Heap after GC invocations=22 (full 0):
 garbage-first heap   total 175104K, used 75297K [0x0000000080000000, 0x0000000100000000)
  region size 1024K, 7 young (7168K), 7 survivors (7168K)
 Metaspace       used 85487K, capacity 87990K, committed 88092K, reserved 1126400K
  class space    used 11153K, capacity 12093K, committed 12184K, reserved 1048576K
}
Event: 9.327 GC heap before
{Heap before GC invocations=22 (full 0):
 garbage-first heap   total 175104K, used 130593K [0x0000000080000000, 0x0000000100000000)
  region size 1024K, 62 young (63488K), 7 survivors (7168K)
 Metaspace       used 86286K, capacity 88808K, committed 88860K, reserved 1126400K
  class space    used 11237K, capacity 12183K, committed 12184K, reserved 1048576K
}
Event: 9.337 GC heap after
{Heap after GC invocations=23 (full 0):
 garbage-first heap   total 210944K, used 80805K [0x0000000080000000, 0x0000000100000000)
  region size 1024K, 5 young (5120K), 5 survivors (5120K)
 Metaspace       used 86286K, capacity 88808K, committed 88860K, reserved 1126400K
  class space    used 11237K, capacity 12183K, committed 12184K, reserved 1048576K
}
Event: 9.903 GC heap before
{Heap before GC invocations=23 (full 0):
 garbage-first heap   total 210944K, used 149413K [0x0000000080000000, 0x0000000100000000)
  region size 1024K, 73 young (74752K), 5 survivors (5120K)
 Metaspace       used 88073K, capacity 90736K, committed 91036K, reserved 1128448K
  class space    used 11422K, capacity 12451K, committed 12568K, reserved 1048576K
}
Event: 9.913 GC heap after
{Heap after GC invocations=24 (full 0):
 garbage-first heap   total 210944K, used 84583K [0x0000000080000000, 0x0000000100000000)
  region size 1024K, 9 young (9216K), 9 survivors (9216K)
 Metaspace       used 88073K, capacity 90736K, committed 91036K, reserved 1128448K
  class space    used 11422K, capacity 12451K, committed 12568K, reserved 1048576K
}
Event: 10.202 GC heap before
{Heap before GC invocations=24 (full 0):
 garbage-first heap   total 210944K, used 154215K [0x0000000080000000, 0x0000000100000000)
  region size 1024K, 78 young (79872K), 9 survivors (9216K)
 Metaspace       used 90539K, capacity 93272K, committed 93596K, reserved 1130496K
  class space    used 11734K, capacity 12752K, committed 12824K, reserved 1048576K
}
Event: 10.213 GC heap after
{Heap after GC invocations=25 (full 0):
 garbage-first heap   total 210944K, used 88439K [0x0000000080000000, 0x0000000100000000)
  region size 1024K, 9 young (9216K), 9 survivors (9216K)
 Metaspace       used 90539K, capacity 93272K, committed 93596K, reserved 1130496K
  class space    used 11734K, capacity 12752K, committed 12824K, reserved 1048576K
}
Event: 10.447 GC heap before
{Heap before GC invocations=25 (full 0):
 garbage-first heap   total 210944K, used 168311K [0x0000000080000000, 0x0000000100000000)
  region size 1024K, 75 young (76800K), 9 survivors (9216K)
 Metaspace       used 94705K, capacity 97399K, committed 97436K, reserved 1134592K
  class space    used 12283K, capacity 13315K, committed 13336K, reserved 1048576K
}
Event: 10.469 GC heap after
{Heap after GC invocations=26 (full 0):
 garbage-first heap   total 210944K, used 111540K [0x0000000080000000, 0x0000000100000000)
  region size 1024K, 10 young (10240K), 10 survivors (10240K)
 Metaspace       used 94705K, capacity 97399K, committed 97436K, reserved 1134592K
  class space    used 12283K, capacity 13315K, committed 13336K, reserved 1048576K
}
Event: 10.671 GC heap before
{Heap before GC invocations=27 (full 0):
 garbage-first heap   total 210944K, used 194484K [0x0000000080000000, 0x0000000100000000)
  region size 1024K, 67 young (68608K), 10 survivors (10240K)
 Metaspace       used 95921K, capacity 98624K, committed 99228K, reserved 1134592K
  class space    used 12419K, capacity 13443K, committed 13592K, reserved 1048576K
}
Event: 10.684 GC heap after
{Heap after GC invocations=28 (full 0):
 garbage-first heap   total 261120K, used 131036K [0x0000000080000000, 0x0000000100000000)
  region size 1024K, 9 young (9216K), 9 survivors (9216K)
 Metaspace       used 95921K, capacity 98624K, committed 99228K, reserved 1134592K
  class space    used 12419K, capacity 13443K, committed 13592K, reserved 1048576K
}
Event: 10.737 GC heap before
{Heap before GC invocations=28 (full 0):
 garbage-first heap   total 261120K, used 151516K [0x0000000080000000, 0x0000000100000000)
  region size 1024K, 30 young (30720K), 9 survivors (9216K)
 Metaspace       used 96083K, capacity 98796K, committed 99356K, reserved 1134592K
  class space    used 12427K, capacity 13480K, committed 13720K, reserved 1048576K
}
Event: 10.748 GC heap after
{Heap after GC invocations=29 (full 0):
 garbage-first heap   total 261120K, used 136102K [0x0000000080000000, 0x0000000100000000)
  region size 1024K, 5 young (5120K), 5 survivors (5120K)
 Metaspace       used 96083K, capacity 98796K, committed 99356K, reserved 1134592K
  class space    used 12427K, capacity 13480K, committed 13720K, reserved 1048576K
}
Event: 11.108 GC heap before
{Heap before GC invocations=30 (full 0):
 garbage-first heap   total 261120K, used 191398K [0x0000000080000000, 0x0000000100000000)
  region size 1024K, 56 young (57344K), 5 survivors (5120K)
 Metaspace       used 98948K, capacity 101715K, committed 102044K, reserved 1136640K
  class space    used 12963K, capacity 14033K, committed 14104K, reserved 1048576K
}
Event: 11.130 GC heap after
{Heap after GC invocations=31 (full 0):
 garbage-first heap   total 261120K, used 156912K [0x0000000080000000, 0x0000000100000000)
  region size 1024K, 7 young (7168K), 7 survivors (7168K)
 Metaspace       used 98948K, capacity 101715K, committed 102044K, reserved 1136640K
  class space    used 12963K, capacity 14033K, committed 14104K, reserved 1048576K
}
Event: 11.214 GC heap before
{Heap before GC invocations=31 (full 0):
 garbage-first heap   total 261120K, used 197872K [0x0000000080000000, 0x0000000100000000)
  region size 1024K, 47 young (48128K), 7 survivors (7168K)
 Metaspace       used 99035K, capacity 101794K, committed 102044K, reserved 1136640K
  class space    used 12964K, capacity 14035K, committed 14104K, reserved 1048576K
}
Event: 11.242 GC heap after
{Heap after GC invocations=32 (full 0):
 garbage-first heap   total 261120K, used 178065K [0x0000000080000000, 0x0000000100000000)
  region size 1024K, 6 young (6144K), 6 survivors (6144K)
 Metaspace       used 99035K, capacity 101794K, committed 102044K, reserved 1136640K
  class space    used 12964K, capacity 14035K, committed 14104K, reserved 1048576K
}
Event: 11.312 GC heap before
{Heap before GC invocations=32 (full 0):
 garbage-first heap   total 261120K, used 205713K [0x0000000080000000, 0x0000000100000000)
  region size 1024K, 34 young (34816K), 6 survivors (6144K)
 Metaspace       used 99039K, capacity 101794K, committed 102044K, reserved 1136640K
  class space    used 12964K, capacity 14035K, committed 14104K, reserved 1048576K
}

Deoptimization events (20 events):
Event: 10.786 Thread 0x000002102fda3800 DEOPT PACKING pc=0x00000210105a1ec8 sp=0x0000009b44afd370
Event: 10.786 Thread 0x000002102fda3800 DEOPT UNPACKING pc=0x000002100e8fa95e sp=0x0000009b44afc8c8 mode 0
Event: 10.810 Thread 0x000002102fda3800 DEOPT PACKING pc=0x00000210105d459b sp=0x0000009b44afd2a0
Event: 10.810 Thread 0x000002102fda3800 DEOPT UNPACKING pc=0x000002100e8fa95e sp=0x0000009b44afc860 mode 0
Event: 10.905 Thread 0x000002102fda5800 Uncommon trap: trap_request=0xffffff4d fr.pc=0x00000210164540dc relative=0x000000000000135c
Event: 10.905 Thread 0x000002102fda5800 Uncommon trap: reason=unstable_if action=reinterpret pc=0x00000210164540dc method=java.util.concurrent.ConcurrentHashMap.transfer([Ljava/util/concurrent/ConcurrentHashMap$Node;[Ljava/util/concurrent/ConcurrentHashMap$Node;)V @ 34 c2
Event: 10.905 Thread 0x000002102fda5800 DEOPT PACKING pc=0x00000210164540dc sp=0x0000009b44cfd670
Event: 10.905 Thread 0x000002102fda5800 DEOPT UNPACKING pc=0x000002100e8fa1af sp=0x0000009b44cfd618 mode 2
Event: 10.905 Thread 0x000002102fda5800 Uncommon trap: trap_request=0xffffff4d fr.pc=0x000002101644bd84 relative=0x0000000000001224
Event: 10.905 Thread 0x000002102fda5800 Uncommon trap: reason=unstable_if action=reinterpret pc=0x000002101644bd84 method=java.util.concurrent.ConcurrentHashMap.transfer([Ljava/util/concurrent/ConcurrentHashMap$Node;[Ljava/util/concurrent/ConcurrentHashMap$Node;)V @ 273 c2
Event: 10.905 Thread 0x000002102fda5800 DEOPT PACKING pc=0x000002101644bd84 sp=0x0000009b44cfd690
Event: 10.905 Thread 0x000002102fda5800 DEOPT UNPACKING pc=0x000002100e8fa1af sp=0x0000009b44cfd610 mode 2
Event: 11.021 Thread 0x000002102fda5000 Uncommon trap: trap_request=0xffffff4d fr.pc=0x00000210168dc4bc relative=0x000000000000037c
Event: 11.023 Thread 0x000002102fda5000 Uncommon trap: reason=unstable_if action=reinterpret pc=0x00000210168dc4bc method=java.util.concurrent.ConcurrentLinkedQueue.offer(Ljava/lang/Object;)Z @ 96 c2
Event: 11.023 Thread 0x000002102fda5000 DEOPT PACKING pc=0x00000210168dc4bc sp=0x0000009b451fe700
Event: 11.023 Thread 0x000002102fda5000 DEOPT UNPACKING pc=0x000002100e8fa1af sp=0x0000009b451fe640 mode 2
Event: 11.140 Thread 0x000002102fda5000 DEOPT PACKING pc=0x00000210106c49ce sp=0x0000009b451fde70
Event: 11.140 Thread 0x000002102fda5000 DEOPT UNPACKING pc=0x000002100e8fa95e sp=0x0000009b451fd3f8 mode 0
Event: 11.306 Thread 0x000002102fda4000 DEOPT PACKING pc=0x00000210106c6acf sp=0x0000009b450fe7d0
Event: 11.306 Thread 0x000002102fda4000 DEOPT UNPACKING pc=0x000002100e8fa95e sp=0x0000009b450fdd88 mode 0

Classes redefined (0 events):
No events

Internal exceptions (20 events):
Event: 9.731 Thread 0x000002102fd9f000 Exception <a 'java/lang/NoSuchMethodError'{0x000000008a18bb40}: <clinit>> (0x000000008a18bb40) thrown at [src/hotspot/share/prims/jni.cpp, line 1367]
Event: 9.734 Thread 0x000002102fd9f000 Exception <a 'java/lang/NoSuchMethodError'{0x000000008a1bec90}: <clinit>> (0x000000008a1bec90) thrown at [src/hotspot/share/prims/jni.cpp, line 1367]
Event: 9.736 Thread 0x000002102fd9f000 Exception <a 'java/lang/NoSuchMethodError'{0x000000008a1ec7a0}: <clinit>> (0x000000008a1ec7a0) thrown at [src/hotspot/share/prims/jni.cpp, line 1367]
Event: 9.737 Thread 0x000002102fd9f000 Exception <a 'java/lang/NoSuchMethodError'{0x000000008a1fef28}: <clinit>> (0x000000008a1fef28) thrown at [src/hotspot/share/prims/jni.cpp, line 1367]
Event: 9.940 Thread 0x000002102fd9e800 Exception <a 'sun/nio/fs/WindowsException'{0x000000008c737b88}> (0x000000008c737b88) thrown at [src/hotspot/share/prims/jni.cpp, line 617]
Event: 9.940 Thread 0x000002102fd9e800 Exception <a 'sun/nio/fs/WindowsException'{0x000000008c738a10}> (0x000000008c738a10) thrown at [src/hotspot/share/prims/jni.cpp, line 617]
Event: 9.949 Thread 0x000002102fda2800 Exception <a 'sun/nio/fs/WindowsException'{0x000000008c50c0b8}> (0x000000008c50c0b8) thrown at [src/hotspot/share/prims/jni.cpp, line 617]
Event: 10.302 Thread 0x000002102fda3800 Exception <a 'sun/nio/fs/WindowsException'{0x000000008b567b60}> (0x000000008b567b60) thrown at [src/hotspot/share/prims/jni.cpp, line 617]
Event: 10.340 Thread 0x000002102fda3800 Exception <a 'java/lang/NoSuchMethodError'{0x000000008abb13c0}: 'java.lang.Object java.lang.invoke.DirectMethodHandle$Holder.newInvokeSpecial(java.lang.Object, int)'> (0x000000008abb13c0) thrown at [src/hotspot/share/interpreter/linkResolver.cpp, line 773]
Event: 10.432 Thread 0x000002102fda2800 Exception <a 'java/lang/NoSuchMethodError'{0x0000000088fa7280}: 'java.lang.Object java.lang.invoke.DirectMethodHandle$Holder.invokeVirtual(java.lang.Object, java.lang.Object, int)'> (0x0000000088fa7280) thrown at [src/hotspot/share/interpreter/linkResolver.cpp, line 773]
Event: 10.497 Thread 0x000002102fda3800 Exception <a 'java/lang/NoSuchMethodError'{0x000000008cb1c050}: 'java.lang.Object java.lang.invoke.DirectMethodHandle$Holder.invokeStaticInit(java.lang.Object, java.lang.Object, java.lang.Object, java.lang.Object, java.lang.Object, java.lang.Object, java.lang.Object, java.lang.Object, java.lang.Object, java.lang.Object, java.lang.Object, java.lang.Object, java.lang.Object, java.lang.Object, java.lang.Object, java.lang.Object, java.lang.Object, java.lang.Object, java.lang.Object, int, java.lang.Object, java
Event: 10.500 Thread 0x000002102fda2800 Exception <a 'java/lang/NoSuchMethodError'{0x000000008cca5a08}: 'void java.lang.invoke.DirectMethodHandle$Holder.invokeStatic(java.lang.Object, java.lang.Object, java.lang.Object, int)'> (0x000000008cca5a08) thrown at [src/hotspot/share/interpreter/linkResolver.cpp, line 773]
Event: 10.865 Thread 0x000002102fda5800 Exception <a 'java/lang/IncompatibleClassChangeError'{0x000000008e1fb8d0}: Found class java.lang.Object, but interface was expected> (0x000000008e1fb8d0) thrown at [src/hotspot/share/interpreter/linkResolver.cpp, line 839]
Event: 10.895 Thread 0x000002102fda1000 Exception <a 'java/lang/NoSuchMethodError'{0x000000008df5a5f0}: 'void java.lang.invoke.DirectMethodHandle$Holder.invokeStatic(java.lang.Object, long)'> (0x000000008df5a5f0) thrown at [src/hotspot/share/interpreter/linkResolver.cpp, line 773]
Event: 10.895 Thread 0x000002102fda1000 Exception <a 'java/lang/NoSuchMethodError'{0x000000008dfe23b8}: 'java.lang.Object java.lang.invoke.DirectMethodHandle$Holder.invokeStatic(java.lang.Object, long)'> (0x000000008dfe23b8) thrown at [src/hotspot/share/interpreter/linkResolver.cpp, line 773]
Event: 10.895 Thread 0x000002102fda1000 Exception <a 'java/lang/NoSuchMethodError'{0x000000008dfe5988}: 'java.lang.Object java.lang.invoke.DirectMethodHandle$Holder.invokeSpecial(java.lang.Object, java.lang.Object, long)'> (0x000000008dfe5988) thrown at [src/hotspot/share/interpreter/linkResolver.cpp, line 773]
Event: 10.898 Thread 0x000002102fda1000 Exception <a 'java/lang/NoSuchMethodError'{0x000000008dff0760}: 'java.lang.Object java.lang.invoke.DirectMethodHandle$Holder.invokeStaticInit(java.lang.Object, java.lang.Object, long, java.lang.Object)'> (0x000000008dff0760) thrown at [src/hotspot/share/interpreter/linkResolver.cpp, line 773]
Event: 10.907 Thread 0x000002102fda5800 Exception <a 'java/lang/IncompatibleClassChangeError'{0x000000008defa6d8}: Found class java.lang.Object, but interface was expected> (0x000000008defa6d8) thrown at [src/hotspot/share/interpreter/linkResolver.cpp, line 839]
Event: 10.908 Thread 0x000002102fda5800 Exception <a 'java/lang/IncompatibleClassChangeError'{0x000000008dd0f8d8}: Found class java.lang.Object, but interface was expected> (0x000000008dd0f8d8) thrown at [src/hotspot/share/interpreter/linkResolver.cpp, line 839]
Event: 10.990 Thread 0x000002102fda1000 Exception <a 'java/lang/NoSuchMethodError'{0x000000008d8d0e70}: 'int java.lang.invoke.DirectMethodHandle$Holder.invokeSpecialIFC(java.lang.Object, java.lang.Object, java.lang.Object)'> (0x000000008d8d0e70) thrown at [src/hotspot/share/interpreter/linkResolver.cpp, line 773]

Events (20 events):
Event: 10.991 loading class com/android/tools/r8/internal/UL done
Event: 11.013 loading class com/android/tools/r8/internal/EH
Event: 11.013 loading class com/android/tools/r8/internal/EH done
Event: 11.107 Executing VM operation: G1CollectForAllocation
Event: 11.130 Executing VM operation: G1CollectForAllocation done
Event: 11.144 loading class com/android/tools/r8/internal/Mf
Event: 11.144 loading class com/android/tools/r8/internal/Mf done
Event: 11.147 loading class com/android/tools/r8/graph/c0$a
Event: 11.147 loading class com/android/tools/r8/graph/c0$a done
Event: 11.147 loading class com/android/tools/r8/graph/c0$a
Event: 11.147 loading class com/android/tools/r8/graph/c0$a done
Event: 11.147 loading class com/android/tools/r8/dex/i
Event: 11.147 loading class com/android/tools/r8/dex/i done
Event: 11.180 loading class com/android/tools/build/apkzlib/zip/ZFileExtension
Event: 11.180 loading class com/android/tools/build/apkzlib/zip/ZFileExtension done
Event: 11.180 loading class com/android/tools/build/apkzlib/utils/IOExceptionFunction
Event: 11.180 loading class com/android/tools/build/apkzlib/utils/IOExceptionFunction done
Event: 11.212 Executing VM operation: G1CollectForAllocation
Event: 11.242 Executing VM operation: G1CollectForAllocation done
Event: 11.312 Executing VM operation: G1CollectForAllocation


Dynamic libraries:
0x00007ff6dbb00000 - 0x00007ff6dbb0a000 	D:\FongAndroid\jbr\bin\java.exe
0x00007ffedd590000 - 0x00007ffedd7a7000 	C:\WINDOWS\SYSTEM32\ntdll.dll
0x00007ffedcb90000 - 0x00007ffedcc54000 	C:\WINDOWS\System32\KERNEL32.DLL
0x00007ffedabc0000 - 0x00007ffedaf66000 	C:\WINDOWS\System32\KERNELBASE.dll
0x00007ffedaf70000 - 0x00007ffedb081000 	C:\WINDOWS\System32\ucrtbase.dll
0x00007ffec6010000 - 0x00007ffec602b000 	D:\FongAndroid\jbr\bin\VCRUNTIME140.dll
0x00007ffeaa530000 - 0x00007ffeaa547000 	D:\FongAndroid\jbr\bin\jli.dll
0x00007ffedcc60000 - 0x00007ffedce0e000 	C:\WINDOWS\System32\USER32.dll
0x00007ffeda900000 - 0x00007ffeda926000 	C:\WINDOWS\System32\win32u.dll
0x00007ffec42f0000 - 0x00007ffec4583000 	C:\WINDOWS\WinSxS\amd64_microsoft.windows.common-controls_6595b64144ccf1df_6.0.22621.2506_none_270c5ae97388e100\COMCTL32.dll
0x00007ffedb720000 - 0x00007ffedb749000 	C:\WINDOWS\System32\GDI32.dll
0x00007ffedce10000 - 0x00007ffedceb7000 	C:\WINDOWS\System32\msvcrt.dll
0x00007ffedaaa0000 - 0x00007ffedabb8000 	C:\WINDOWS\System32\gdi32full.dll
0x00007ffedb150000 - 0x00007ffedb1ea000 	C:\WINDOWS\System32\msvcp_win.dll
0x00007ffedd460000 - 0x00007ffedd491000 	C:\WINDOWS\System32\IMM32.DLL
0x00007ffea1970000 - 0x00007ffea19fd000 	D:\FongAndroid\jbr\bin\msvcp140.dll
0x00007ffeb46a0000 - 0x00007ffeb46ac000 	C:\WINDOWS\SYSTEM32\VCRUNTIME140_1.dll
0x00007ffe98b30000 - 0x00007ffe996ec000 	D:\FongAndroid\jbr\bin\server\jvm.dll
0x00007ffedcee0000 - 0x00007ffedcf93000 	C:\WINDOWS\System32\ADVAPI32.dll
0x00007ffedd4a0000 - 0x00007ffedd548000 	C:\WINDOWS\System32\sechost.dll
0x00007ffeda8d0000 - 0x00007ffeda8f8000 	C:\WINDOWS\System32\bcrypt.dll
0x00007ffedd340000 - 0x00007ffedd457000 	C:\WINDOWS\System32\RPCRT4.dll
0x00007ffedced0000 - 0x00007ffedced8000 	C:\WINDOWS\System32\PSAPI.DLL
0x00007ffed35e0000 - 0x00007ffed3614000 	C:\WINDOWS\SYSTEM32\WINMM.dll
0x00007ffed5ec0000 - 0x00007ffed5ec9000 	C:\WINDOWS\SYSTEM32\WSOCK32.dll
0x00007ffed2ea0000 - 0x00007ffed2eaa000 	C:\WINDOWS\SYSTEM32\VERSION.dll
0x00007ffedb400000 - 0x00007ffedb471000 	C:\WINDOWS\System32\WS2_32.dll
0x00007ffed9900000 - 0x00007ffed9918000 	C:\WINDOWS\SYSTEM32\kernel.appcore.dll
0x00007ffed5eb0000 - 0x00007ffed5ec0000 	D:\FongAndroid\jbr\bin\verify.dll
0x00007ffed8480000 - 0x00007ffed86b3000 	C:\WINDOWS\SYSTEM32\DBGHELP.DLL
0x00007ffedbe80000 - 0x00007ffedc209000 	C:\WINDOWS\System32\combase.dll
0x00007ffedbc30000 - 0x00007ffedbd07000 	C:\WINDOWS\System32\OLEAUT32.dll
0x00007ffeb4e50000 - 0x00007ffeb4e82000 	C:\WINDOWS\SYSTEM32\dbgcore.DLL
0x00007ffedb1f0000 - 0x00007ffedb26a000 	C:\WINDOWS\System32\bcryptPrimitives.dll
0x00007ffed4bf0000 - 0x00007ffed4c18000 	D:\FongAndroid\jbr\bin\java.dll
0x00007ffed5ea0000 - 0x00007ffed5eaa000 	D:\FongAndroid\jbr\bin\jimage.dll
0x00007ffec60f0000 - 0x00007ffec6108000 	D:\FongAndroid\jbr\bin\zip.dll
0x00007ffedc220000 - 0x00007ffedca7a000 	C:\WINDOWS\System32\SHELL32.dll
0x00007ffed8820000 - 0x00007ffed9116000 	C:\WINDOWS\SYSTEM32\windows.storage.dll
0x00007ffed86e0000 - 0x00007ffed881e000 	C:\WINDOWS\SYSTEM32\wintypes.dll
0x00007ffedb480000 - 0x00007ffedb573000 	C:\WINDOWS\System32\SHCORE.dll
0x00007ffedbbd0000 - 0x00007ffedbc2e000 	C:\WINDOWS\System32\shlwapi.dll
0x00007ffeda800000 - 0x00007ffeda826000 	C:\WINDOWS\SYSTEM32\profapi.dll
0x00007ffec60d0000 - 0x00007ffec60e9000 	D:\FongAndroid\jbr\bin\net.dll
0x00007ffed29b0000 - 0x00007ffed2ae7000 	C:\WINDOWS\SYSTEM32\WINHTTP.dll
0x00007ffed9d80000 - 0x00007ffed9de9000 	C:\WINDOWS\system32\mswsock.dll
0x00007ffec09d0000 - 0x00007ffec09e3000 	D:\FongAndroid\jbr\bin\nio.dll
0x00007ffeaa550000 - 0x00007ffeaa577000 	C:\Users\HI\.gradle\native\e1d6ef7f7dcc3fd88c89a11ec53ec762bb8ba0a96d01ffa2cd45eb1d1d8dd5c5\windows-amd64\native-platform.dll
0x00007ffea0f70000 - 0x00007ffea10b4000 	C:\Users\HI\.gradle\native\0d407fdbe67a94daf76414ababcb853783967236a71b16ec16e742cd7a986fd3\windows-amd64\native-platform-file-events.dll
0x00007ffebb710000 - 0x00007ffebb71a000 	D:\FongAndroid\jbr\bin\management.dll
0x00007ffebb700000 - 0x00007ffebb70b000 	D:\FongAndroid\jbr\bin\management_ext.dll
0x00007ffed9fe0000 - 0x00007ffed9ffb000 	C:\WINDOWS\SYSTEM32\CRYPTSP.dll
0x00007ffed9860000 - 0x00007ffed9895000 	C:\WINDOWS\system32\rsaenh.dll
0x00007ffed9e70000 - 0x00007ffed9e9c000 	C:\WINDOWS\SYSTEM32\USERENV.dll
0x00007ffed9fd0000 - 0x00007ffed9fdc000 	C:\WINDOWS\SYSTEM32\CRYPTBASE.dll
0x00007ffed9380000 - 0x00007ffed93ad000 	C:\WINDOWS\SYSTEM32\IPHLPAPI.DLL
0x00007ffedb3d0000 - 0x00007ffedb3d9000 	C:\WINDOWS\System32\NSI.dll
0x00007ffed21b0000 - 0x00007ffed21c9000 	C:\WINDOWS\SYSTEM32\dhcpcsvc6.DLL
0x00007ffed2190000 - 0x00007ffed21af000 	C:\WINDOWS\SYSTEM32\dhcpcsvc.DLL
0x00007ffed93f0000 - 0x00007ffed94e9000 	C:\WINDOWS\SYSTEM32\DNSAPI.dll

dbghelp: loaded successfully - version: 4.0.5 - missing functions: none
symbol engine: initialized successfully - sym options: 0x614 - pdb path: .;D:\FongAndroid\jbr\bin;C:\WINDOWS\SYSTEM32;C:\WINDOWS\WinSxS\amd64_microsoft.windows.common-controls_6595b64144ccf1df_6.0.22621.2506_none_270c5ae97388e100;D:\FongAndroid\jbr\bin\server;C:\Users\HI\.gradle\native\e1d6ef7f7dcc3fd88c89a11ec53ec762bb8ba0a96d01ffa2cd45eb1d1d8dd5c5\windows-amd64;C:\Users\HI\.gradle\native\0d407fdbe67a94daf76414ababcb853783967236a71b16ec16e742cd7a986fd3\windows-amd64

VM Arguments:
jvm_args: --add-opens=java.base/java.util=ALL-UNNAMED --add-opens=java.base/java.lang=ALL-UNNAMED --add-opens=java.base/java.lang.invoke=ALL-UNNAMED --add-opens=java.base/java.util=ALL-UNNAMED --add-opens=java.prefs/java.util.prefs=ALL-UNNAMED --add-opens=java.prefs/java.util.prefs=ALL-UNNAMED --add-opens=java.base/java.nio.charset=ALL-UNNAMED --add-opens=java.base/java.net=ALL-UNNAMED --add-opens=java.base/java.util.concurrent.atomic=ALL-UNNAMED -Xmx2048m -Dfile.encoding=UTF-8 -Duser.country=US -Duser.language=en -Duser.variant 
java_command: org.gradle.launcher.daemon.bootstrap.GradleDaemon 7.5
java_class_path (initial): C:\Users\HI\.gradle\wrapper\dists\gradle-7.5-bin\f1w0cc9nuo0eivz97x2xlu9sv\gradle-7.5\lib\gradle-launcher-7.5.jar
Launcher Type: SUN_STANDARD

[Global flags]
     intx CICompilerCount                          = 3                                         {product} {ergonomic}
     uint ConcGCThreads                            = 2                                         {product} {ergonomic}
     uint G1ConcRefinementThreads                  = 6                                         {product} {ergonomic}
   size_t G1HeapRegionSize                         = 1048576                                   {product} {ergonomic}
    uintx GCDrainStackTargetSize                   = 64                                        {product} {ergonomic}
   size_t InitialHeapSize                          = 123731968                                 {product} {ergonomic}
   size_t MarkStackSize                            = 4194304                                   {product} {ergonomic}
   size_t MaxHeapSize                              = 2147483648                                {product} {command line}
   size_t MaxNewSize                               = 1287651328                                {product} {ergonomic}
   size_t MinHeapDeltaBytes                        = 1048576                                   {product} {ergonomic}
    uintx NonNMethodCodeHeapSize                   = 5830732                                {pd product} {ergonomic}
    uintx NonProfiledCodeHeapSize                  = 122913754                              {pd product} {ergonomic}
    uintx ProfiledCodeHeapSize                     = 122913754                              {pd product} {ergonomic}
    uintx ReservedCodeCacheSize                    = 251658240                              {pd product} {ergonomic}
     bool SegmentedCodeCache                       = true                                      {product} {ergonomic}
     bool UseCompressedClassPointers               = true                                 {lp64_product} {ergonomic}
     bool UseCompressedOops                        = true                                 {lp64_product} {ergonomic}
     bool UseG1GC                                  = true                                      {product} {ergonomic}
     bool UseLargePagesIndividualAllocation        = false                                  {pd product} {ergonomic}

Logging:
Log output configuration:
 #0: stdout all=warning uptime,level,tags
 #1: stderr all=off uptime,level,tags

Environment Variables:
JAVA_HOME=C:\Java\
PATH=C:\Program Files\Common Files\Oracle\Java\javapath;C:\Program Files (x86)\VMware\VMware Workstation\bin\;C:\Java\bin;C:\WINDOWS\system32;C:\WINDOWS;C:\WINDOWS\System32\Wbem;C:\WINDOWS\System32\WindowsPowerShell\v1.0\;C:\WINDOWS\System32\OpenSSH\;C:\MinGW\bin\;C:\TDM-GCC-64\bin;C:\Program Files\Microsoft SQL Server\Client SDK\ODBC\170\Tools\Binn\;C:\Program Files (x86)\Microsoft SQL Server\150\Tools\Binn\;C:\Program Files\Microsoft SQL Server\150\Tools\Binn\;C:\Program Files\Microsoft SQL Server\150\DTS\Binn\;C:\Program Files (x86)\Microsoft SQL Server\160\DTS\Binn\;C:\Program Files (x86)\Microsoft SQL Server\160\Tools\Binn\;C:\Program Files\Microsoft SQL Server\160\Tools\Binn\;C:\Program Files\Microsoft SQL Server\160\DTS\Binn\;D:\;C:\dart-sdk;C:\Program Files\dotnet\;C:\Program Files\Git\cmd;C:\Program Files\MySQL\MySQL Shell 8.0\bin\;D:\Scripts\;D:\;D:\python\Scripts\;D:\python\;C:\Users\HI\AppData\Local\Microsoft\WindowsApps;C:\Users\HI\AppData\Local\Programs\Microsoft VS Code\bin;C:\TDM-GCC-64\bin;D:\php\php;C:\Program Files\JetBrains\PyCharm Community Edition 2021.2.3\bin;;;C:\Program Files\Azure Data Studio\bin;C:\Users\HI\AppData\Roaming\npm;C:\Users\HI\.dotnet\tools;C:\Program Files\JetBrains\IntelliJ IDEA 2023.2.2\bin;;C:\Program Files\JetBrains\IntelliJ IDEA Educational Edition 2022.2.2\bin;;C:\Program Files\JetBrains\IntelliJ IDEA Community Edition 2023.2.2\bin;
USERNAME=HI
OS=Windows_NT
PROCESSOR_IDENTIFIER=AMD64 Family 23 Model 96 Stepping 1, AuthenticAMD



---------------  S Y S T E M  ---------------

OS: Windows 11 , 64 bit Build 22621 (10.0.22621.2506)
OS uptime: 0 days 2:11 hours

CPU:total 6 (initial active 6) (6 cores per cpu, 1 threads per core) family 23 model 96 stepping 1 microcode 0x0, cmov, cx8, fxsr, mmx, sse, sse2, sse3, ssse3, sse4.1, sse4.2, popcnt, avx, avx2, aes, clmul, mmxext, 3dnowpref, lzcnt, sse4a, tsc, tscinvbit, tscinv, bmi1, bmi2, adx, sha, fma

Memory: 4k page, system-wide physical 7542M (467M free)
TotalPageFile size 11638M (AvailPageFile size 69M)
current process WorkingSet (physical memory assigned to process): 544M, peak: 545M
current process commit charge ("private bytes"): 577M, peak: 680M

vm_info: OpenJDK 64-Bit Server VM (11.0.15+0-b2043.56-8887301) for windows-amd64 JRE (11.0.15+0-b2043.56-8887301), built on Jul 29 2022 23:19:47 by "builduser" with unknown MS VC++:1929

END.
