#
# There is insufficient memory for the Java Runtime Environment to continue.
# Native memory allocation (malloc) failed to allocate 1728176 bytes for Chunk::new
# Possible reasons:
#   The system is out of physical RAM or swap space
#   The process is running with CompressedOops enabled, and the Java Heap may be blocking the growth of the native heap
# Possible solutions:
#   Reduce memory load on the system
#   Increase physical memory or swap space
#   Check if swap backing store is full
#   Decrease Java heap size (-Xmx/-Xms)
#   Decrease number of Java threads
#   Decrease Java thread stack sizes (-Xss)
#   Set larger code cache with -XX:ReservedCodeCacheSize=
#   JVM is running with Unscaled Compressed Oops mode in which the Java heap is
#     placed in the first 4GB address space. The Java Heap base address is the
#     maximum limit for the native heap growth. Please use -XX:HeapBaseMinAddress
#     to set the Java Heap base and to place the Java Heap above 4GB virtual address.
# This output file may be truncated or incomplete.
#
#  Out of Memory Error (src/hotspot/share/memory/arena.cpp:197), pid=10024, tid=1528
#
# JRE version: OpenJDK Runtime Environment (11.0.15) (build 11.0.15+0-b2043.56-8887301)
# Java VM: OpenJDK 64-Bit Server VM (11.0.15+0-b2043.56-8887301, mixed mode, tiered, compressed oops, g1 gc, windows-amd64)
# No core dump will be written. Minidumps are not enabled by default on client versions of Windows
#

---------------  S U M M A R Y ------------

Command Line: --add-opens=java.base/java.util=ALL-UNNAMED --add-opens=java.base/java.lang=ALL-UNNAMED --add-opens=java.base/java.lang.invoke=ALL-UNNAMED --add-opens=java.base/java.util=ALL-UNNAMED --add-opens=java.prefs/java.util.prefs=ALL-UNNAMED --add-opens=java.prefs/java.util.prefs=ALL-UNNAMED --add-opens=java.base/java.nio.charset=ALL-UNNAMED --add-opens=java.base/java.net=ALL-UNNAMED --add-opens=java.base/java.util.concurrent.atomic=ALL-UNNAMED -Xmx2048m -Dfile.encoding=UTF-8 -Duser.country=US -Duser.language=en -Duser.variant org.gradle.launcher.daemon.bootstrap.GradleDaemon 7.5

Host: AMD Ryzen 5 4500U with Radeon Graphics         , 6 cores, 7G,  Windows 11 , 64 bit Build 22621 (10.0.22621.2506)
Time: Wed Jan 17 10:48:45 2024 SE Asia Standard Time elapsed time: 8.599091 seconds (0d 0h 0m 8s)

---------------  T H R E A D  ---------------

Current thread (0x000001bf27c81800):  JavaThread "C2 CompilerThread0" daemon [_thread_in_native, id=1528, stack(0x000000b651000000,0x000000b651100000)]


Current CompileTask:
C2:   8599 7794 %     4       org.gradle.internal.instantiation.generator.AbstractClassGenerator::inspectType @ 207 (560 bytes)

Stack: [0x000000b651000000,0x000000b651100000]
Native frames: (J=compiled Java code, j=interpreted, Vv=VM code, C=native code)
V  [jvm.dll+0x64135a]
V  [jvm.dll+0x7d39f9]
V  [jvm.dll+0x7d51b9]
V  [jvm.dll+0x7d58a3]
V  [jvm.dll+0x2691c5]
V  [jvm.dll+0xc1a5c]
V  [jvm.dll+0xc200c]
V  [jvm.dll+0x3774a7]
V  [jvm.dll+0x342495]
V  [jvm.dll+0x34186a]
V  [jvm.dll+0x2214bd]
V  [jvm.dll+0x220498]
V  [jvm.dll+0x19e851]
V  [jvm.dll+0x230479]
V  [jvm.dll+0x22e5ef]
V  [jvm.dll+0x794de1]
V  [jvm.dll+0x78dc24]
V  [jvm.dll+0x6400f6]
C  [ucrtbase.dll+0x29363]
C  [KERNEL32.DLL+0x1257d]
C  [ntdll.dll+0x5aa58]


---------------  P R O C E S S  ---------------

Threads class SMR info:
_java_thread_list=0x000001bf301d9e20, length=101, elements={
0x000001bf0bc65800, 0x000001bf27c65800, 0x000001bf27c66800, 0x000001bf27c71800,
0x000001bf285f2800, 0x000001bf285f3000, 0x000001bf27c81800, 0x000001bf27c85800,
0x000001bf27c86800, 0x000001bf28745800, 0x000001bf2a150800, 0x000001bf2a3b1000,
0x000001bf29b2e800, 0x000001bf2a834000, 0x000001bf2a834800, 0x000001bf2a830000,
0x000001bf2a831000, 0x000001bf2a89f800, 0x000001bf290fd800, 0x000001bf290fe800,
0x000001bf29e07800, 0x000001bf29e01800, 0x000001bf29e08000, 0x000001bf2aa98800,
0x000001bf29e02800, 0x000001bf29e05000, 0x000001bf29e03800, 0x000001bf29e04000,
0x000001bf29e06800, 0x000001bf29e05800, 0x000001bf2b162000, 0x000001bf2b162800,
0x000001bf2b160800, 0x000001bf2b15f800, 0x000001bf2b15d000, 0x000001bf2b163800,
0x000001bf2b15e000, 0x000001bf2b164800, 0x000001bf2b169000, 0x000001bf2b165000,
0x000001bf2b16a000, 0x000001bf2b16b000, 0x000001bf2b16b800, 0x000001bf2b166000,
0x000001bf2b167800, 0x000001bf2b168800, 0x000001bf2cf48000, 0x000001bf2cf46000,
0x000001bf2cf46800, 0x000001bf2cf43800, 0x000001bf2cf49000, 0x000001bf2cf47800,
0x000001bf2cf44000, 0x000001bf2cf4a000, 0x000001bf2cf4a800, 0x000001bf2cf45000,
0x000001bf2cf4f000, 0x000001bf2cf4b800, 0x000001bf2cf4f800, 0x000001bf2cf50800,
0x000001bf2cf51000, 0x000001bf2cf52000, 0x000001bf2cf4c800, 0x000001bf2cf4d000,
0x000001bf2cf4e000, 0x000001bf2a91d800, 0x000001bf2a922000, 0x000001bf2a921000,
0x000001bf2a91d000, 0x000001bf2a91c000, 0x000001bf2a91e800, 0x000001bf2a922800,
0x000001bf2a923800, 0x000001bf2a924800, 0x000001bf2a925000, 0x000001bf2a920000,
0x000001bf2a91f800, 0x000001bf2a92b000, 0x000001bf2a928800, 0x000001bf2a929000,
0x000001bf2a92a000, 0x000001bf2a926000, 0x000001bf2a926800, 0x000001bf2a927800,
0x000001bf2d05c800, 0x000001bf2d05f000, 0x000001bf2d05f800, 0x000001bf2d05d000,
0x000001bf2d05e000, 0x000001bf2d05a800, 0x000001bf2d060800, 0x000001bf2d061000,
0x000001bf2d05b800, 0x000001bf2d064800, 0x000001bf2d067000, 0x000001bf2d063000,
0x000001bf2d066000, 0x000001bf2d065800, 0x000001bf2d068000, 0x000001bf2d062000,
0x000001bf2d068800
}

Java Threads: ( => current thread )
  0x000001bf0bc65800 JavaThread "main" [_thread_blocked, id=12304, stack(0x000000b650400000,0x000000b650500000)]
  0x000001bf27c65800 JavaThread "Reference Handler" daemon [_thread_blocked, id=3548, stack(0x000000b650b00000,0x000000b650c00000)]
  0x000001bf27c66800 JavaThread "Finalizer" daemon [_thread_blocked, id=1780, stack(0x000000b650c00000,0x000000b650d00000)]
  0x000001bf27c71800 JavaThread "Signal Dispatcher" daemon [_thread_blocked, id=17128, stack(0x000000b650d00000,0x000000b650e00000)]
  0x000001bf285f2800 JavaThread "Attach Listener" daemon [_thread_blocked, id=4460, stack(0x000000b650e00000,0x000000b650f00000)]
  0x000001bf285f3000 JavaThread "Service Thread" daemon [_thread_blocked, id=6476, stack(0x000000b650f00000,0x000000b651000000)]
=>0x000001bf27c81800 JavaThread "C2 CompilerThread0" daemon [_thread_in_native, id=1528, stack(0x000000b651000000,0x000000b651100000)]
  0x000001bf27c85800 JavaThread "C1 CompilerThread0" daemon [_thread_blocked, id=4052, stack(0x000000b651100000,0x000000b651200000)]
  0x000001bf27c86800 JavaThread "Sweeper thread" daemon [_thread_blocked, id=9900, stack(0x000000b651200000,0x000000b651300000)]
  0x000001bf28745800 JavaThread "Common-Cleaner" daemon [_thread_blocked, id=6916, stack(0x000000b651300000,0x000000b651400000)]
  0x000001bf2a150800 JavaThread "Daemon health stats" [_thread_blocked, id=17288, stack(0x000000b651700000,0x000000b651800000)]
  0x000001bf2a3b1000 JavaThread "Incoming local TCP Connector on port 63361" [_thread_in_native, id=17352, stack(0x000000b651500000,0x000000b651600000)]
  0x000001bf29b2e800 JavaThread "Daemon periodic checks" [_thread_blocked, id=1504, stack(0x000000b651800000,0x000000b651900000)]
  0x000001bf2a834000 JavaThread "Daemon" [_thread_blocked, id=10848, stack(0x000000b651900000,0x000000b651a00000)]
  0x000001bf2a834800 JavaThread "Handler for socket connection from /127.0.0.1:63361 to /127.0.0.1:63362" [_thread_in_native, id=8572, stack(0x000000b651a00000,0x000000b651b00000)]
  0x000001bf2a830000 JavaThread "Cancel handler" [_thread_blocked, id=2268, stack(0x000000b651b00000,0x000000b651c00000)]
  0x000001bf2a831000 JavaThread "Daemon worker" [_thread_in_vm, id=11900, stack(0x000000b651c00000,0x000000b651d00000)]
  0x000001bf2a89f800 JavaThread "Asynchronous log dispatcher for DefaultDaemonConnection: socket connection from /127.0.0.1:63361 to /127.0.0.1:63362" [_thread_blocked, id=11160, stack(0x000000b651d00000,0x000000b651e00000)]
  0x000001bf290fd800 JavaThread "Stdin handler" [_thread_blocked, id=3484, stack(0x000000b651e00000,0x000000b651f00000)]
  0x000001bf290fe800 JavaThread "Daemon client event forwarder" [_thread_blocked, id=4712, stack(0x000000b651f00000,0x000000b652000000)]
  0x000001bf29e07800 JavaThread "Cache worker for journal cache (C:\Users\HI\.gradle\caches\journal-1)" [_thread_blocked, id=15224, stack(0x000000b652400000,0x000000b652500000)]
  0x000001bf29e01800 JavaThread "File lock request listener" [_thread_in_native, id=5076, stack(0x000000b652500000,0x000000b652600000)]
  0x000001bf29e08000 JavaThread "Cache worker for file hash cache (C:\Users\HI\.gradle\caches\7.5\fileHashes)" [_thread_blocked, id=11412, stack(0x000000b652700000,0x000000b652800000)]
  0x000001bf2aa98800 JavaThread "C2 CompilerThread1" daemon [_thread_in_native, id=8516, stack(0x000000b652800000,0x000000b652900000)]
  0x000001bf29e02800 JavaThread "File watcher server" daemon [_thread_in_native, id=8512, stack(0x000000b652900000,0x000000b652a00000)]
  0x000001bf29e05000 JavaThread "File watcher consumer" daemon [_thread_blocked, id=7928, stack(0x000000b652a00000,0x000000b652b00000)]
  0x000001bf29e03800 JavaThread "jar transforms" [_thread_blocked, id=3076, stack(0x000000b652b00000,0x000000b652c00000)]
  0x000001bf29e04000 JavaThread "jar transforms Thread 2" [_thread_blocked, id=5284, stack(0x000000b652c00000,0x000000b652d00000)]
  0x000001bf29e06800 JavaThread "jar transforms Thread 3" [_thread_blocked, id=10856, stack(0x000000b652d00000,0x000000b652e00000)]
  0x000001bf29e05800 JavaThread "jar transforms Thread 4" [_thread_blocked, id=14744, stack(0x000000b652e00000,0x000000b652f00000)]
  0x000001bf2b162000 JavaThread "jar transforms Thread 5" [_thread_blocked, id=10548, stack(0x000000b652f00000,0x000000b653000000)]
  0x000001bf2b162800 JavaThread "jar transforms Thread 6" [_thread_blocked, id=6828, stack(0x000000b653000000,0x000000b653100000)]
  0x000001bf2b160800 JavaThread "Cache worker for checksums cache (C:\Users\HI\AndroidStudioProjects\TimeDatePicker\.gradle\7.5\checksums)" [_thread_blocked, id=8808, stack(0x000000b653100000,0x000000b653200000)]
  0x000001bf2b15f800 JavaThread "Cache worker for cache directory md-rule (C:\Users\HI\.gradle\caches\7.5\md-rule)" [_thread_blocked, id=14848, stack(0x000000b653200000,0x000000b653300000)]
  0x000001bf2b15d000 JavaThread "Cache worker for file content cache (C:\Users\HI\.gradle\caches\7.5\fileContent)" [_thread_blocked, id=14564, stack(0x000000b653300000,0x000000b653400000)]
  0x000001bf2b163800 JavaThread "Cache worker for file hash cache (C:\Users\HI\AndroidStudioProjects\TimeDatePicker\.gradle\7.5\fileHashes)" [_thread_blocked, id=7988, stack(0x000000b653400000,0x000000b653500000)]
  0x000001bf2b15e000 JavaThread "Cache worker for cache directory md-supplier (C:\Users\HI\.gradle\caches\7.5\md-supplier)" [_thread_blocked, id=4168, stack(0x000000b653500000,0x000000b653600000)]
  0x000001bf2b164800 JavaThread "Cache worker for execution history cache (C:\Users\HI\.gradle\caches\7.5\executionHistory)" [_thread_blocked, id=6324, stack(0x000000b653600000,0x000000b653700000)]
  0x000001bf2b169000 JavaThread "Cache worker for dependencies-accessors (C:\Users\HI\AndroidStudioProjects\TimeDatePicker\.gradle\7.5\dependencies-accessors)" [_thread_blocked, id=888, stack(0x000000b653700000,0x000000b653800000)]
  0x000001bf2b165000 JavaThread "Cache worker for Build Output Cleanup Cache (C:\Users\HI\AndroidStudioProjects\TimeDatePicker\.gradle\buildOutputCleanup)" [_thread_blocked, id=13128, stack(0x000000b653800000,0x000000b653900000)]
  0x000001bf2b16a000 JavaThread "Unconstrained build operations" [_thread_blocked, id=4136, stack(0x000000b653900000,0x000000b653a00000)]
  0x000001bf2b16b000 JavaThread "Unconstrained build operations Thread 2" [_thread_blocked, id=1404, stack(0x000000b653a00000,0x000000b653b00000)]
  0x000001bf2b16b800 JavaThread "Unconstrained build operations Thread 3" [_thread_blocked, id=2404, stack(0x000000b653b00000,0x000000b653c00000)]
  0x000001bf2b166000 JavaThread "Unconstrained build operations Thread 4" [_thread_blocked, id=13204, stack(0x000000b653c00000,0x000000b653d00000)]
  0x000001bf2b167800 JavaThread "Unconstrained build operations Thread 5" [_thread_blocked, id=15496, stack(0x000000b653d00000,0x000000b653e00000)]
  0x000001bf2b168800 JavaThread "Unconstrained build operations Thread 6" [_thread_blocked, id=11852, stack(0x000000b653e00000,0x000000b653f00000)]
  0x000001bf2cf48000 JavaThread "Unconstrained build operations Thread 7" [_thread_blocked, id=6584, stack(0x000000b653f00000,0x000000b654000000)]
  0x000001bf2cf46000 JavaThread "Unconstrained build operations Thread 8" [_thread_blocked, id=4888, stack(0x000000b654000000,0x000000b654100000)]
  0x000001bf2cf46800 JavaThread "Unconstrained build operations Thread 9" [_thread_blocked, id=14448, stack(0x000000b654100000,0x000000b654200000)]
  0x000001bf2cf43800 JavaThread "Unconstrained build operations Thread 10" [_thread_blocked, id=9400, stack(0x000000b654200000,0x000000b654300000)]
  0x000001bf2cf49000 JavaThread "Unconstrained build operations Thread 11" [_thread_blocked, id=4060, stack(0x000000b654300000,0x000000b654400000)]
  0x000001bf2cf47800 JavaThread "Unconstrained build operations Thread 12" [_thread_blocked, id=8768, stack(0x000000b654400000,0x000000b654500000)]
  0x000001bf2cf44000 JavaThread "Unconstrained build operations Thread 13" [_thread_blocked, id=15308, stack(0x000000b654500000,0x000000b654600000)]
  0x000001bf2cf4a000 JavaThread "Unconstrained build operations Thread 14" [_thread_blocked, id=2576, stack(0x000000b654600000,0x000000b654700000)]
  0x000001bf2cf4a800 JavaThread "Unconstrained build operations Thread 15" [_thread_blocked, id=1784, stack(0x000000b654700000,0x000000b654800000)]
  0x000001bf2cf45000 JavaThread "Unconstrained build operations Thread 16" [_thread_blocked, id=8092, stack(0x000000b654800000,0x000000b654900000)]
  0x000001bf2cf4f000 JavaThread "Unconstrained build operations Thread 17" [_thread_blocked, id=2600, stack(0x000000b654900000,0x000000b654a00000)]
  0x000001bf2cf4b800 JavaThread "Unconstrained build operations Thread 18" [_thread_blocked, id=7656, stack(0x000000b654a00000,0x000000b654b00000)]
  0x000001bf2cf4f800 JavaThread "Unconstrained build operations Thread 19" [_thread_blocked, id=12416, stack(0x000000b654b00000,0x000000b654c00000)]
  0x000001bf2cf50800 JavaThread "Unconstrained build operations Thread 20" [_thread_blocked, id=12380, stack(0x000000b654c00000,0x000000b654d00000)]
  0x000001bf2cf51000 JavaThread "Unconstrained build operations Thread 21" [_thread_blocked, id=1156, stack(0x000000b654d00000,0x000000b654e00000)]
  0x000001bf2cf52000 JavaThread "Unconstrained build operations Thread 22" [_thread_blocked, id=260, stack(0x000000b654e00000,0x000000b654f00000)]
  0x000001bf2cf4c800 JavaThread "Unconstrained build operations Thread 23" [_thread_blocked, id=8184, stack(0x000000b654f00000,0x000000b655000000)]
  0x000001bf2cf4d000 JavaThread "Unconstrained build operations Thread 24" [_thread_blocked, id=4272, stack(0x000000b655000000,0x000000b655100000)]
  0x000001bf2cf4e000 JavaThread "Unconstrained build operations Thread 25" [_thread_blocked, id=3204, stack(0x000000b655100000,0x000000b655200000)]
  0x000001bf2a91d800 JavaThread "Unconstrained build operations Thread 26" [_thread_blocked, id=3952, stack(0x000000b655200000,0x000000b655300000)]
  0x000001bf2a922000 JavaThread "Unconstrained build operations Thread 27" [_thread_blocked, id=12408, stack(0x000000b655300000,0x000000b655400000)]
  0x000001bf2a921000 JavaThread "Unconstrained build operations Thread 28" [_thread_blocked, id=9984, stack(0x000000b655400000,0x000000b655500000)]
  0x000001bf2a91d000 JavaThread "Unconstrained build operations Thread 29" [_thread_blocked, id=280, stack(0x000000b655500000,0x000000b655600000)]
  0x000001bf2a91c000 JavaThread "Unconstrained build operations Thread 30" [_thread_blocked, id=9676, stack(0x000000b655600000,0x000000b655700000)]
  0x000001bf2a91e800 JavaThread "Unconstrained build operations Thread 31" [_thread_blocked, id=8648, stack(0x000000b655700000,0x000000b655800000)]
  0x000001bf2a922800 JavaThread "Unconstrained build operations Thread 32" [_thread_blocked, id=10780, stack(0x000000b655800000,0x000000b655900000)]
  0x000001bf2a923800 JavaThread "Unconstrained build operations Thread 33" [_thread_blocked, id=16736, stack(0x000000b655900000,0x000000b655a00000)]
  0x000001bf2a924800 JavaThread "Unconstrained build operations Thread 34" [_thread_blocked, id=11648, stack(0x000000b655a00000,0x000000b655b00000)]
  0x000001bf2a925000 JavaThread "Unconstrained build operations Thread 35" [_thread_blocked, id=12528, stack(0x000000b655b00000,0x000000b655c00000)]
  0x000001bf2a920000 JavaThread "Unconstrained build operations Thread 36" [_thread_blocked, id=14804, stack(0x000000b655c00000,0x000000b655d00000)]
  0x000001bf2a91f800 JavaThread "Unconstrained build operations Thread 37" [_thread_blocked, id=136, stack(0x000000b655d00000,0x000000b655e00000)]
  0x000001bf2a92b000 JavaThread "Unconstrained build operations Thread 38" [_thread_blocked, id=4620, stack(0x000000b655e00000,0x000000b655f00000)]
  0x000001bf2a928800 JavaThread "Unconstrained build operations Thread 39" [_thread_blocked, id=8804, stack(0x000000b655f00000,0x000000b656000000)]
  0x000001bf2a929000 JavaThread "Unconstrained build operations Thread 40" [_thread_blocked, id=6624, stack(0x000000b656000000,0x000000b656100000)]
  0x000001bf2a92a000 JavaThread "Unconstrained build operations Thread 41" [_thread_blocked, id=14256, stack(0x000000b656100000,0x000000b656200000)]
  0x000001bf2a926000 JavaThread "Unconstrained build operations Thread 42" [_thread_blocked, id=1384, stack(0x000000b656200000,0x000000b656300000)]
  0x000001bf2a926800 JavaThread "Unconstrained build operations Thread 43" [_thread_blocked, id=13616, stack(0x000000b656300000,0x000000b656400000)]
  0x000001bf2a927800 JavaThread "Unconstrained build operations Thread 44" [_thread_blocked, id=3940, stack(0x000000b656400000,0x000000b656500000)]
  0x000001bf2d05c800 JavaThread "Unconstrained build operations Thread 45" [_thread_blocked, id=5592, stack(0x000000b656500000,0x000000b656600000)]
  0x000001bf2d05f000 JavaThread "Unconstrained build operations Thread 46" [_thread_blocked, id=13308, stack(0x000000b656600000,0x000000b656700000)]
  0x000001bf2d05f800 JavaThread "Unconstrained build operations Thread 47" [_thread_blocked, id=14692, stack(0x000000b656700000,0x000000b656800000)]
  0x000001bf2d05d000 JavaThread "Unconstrained build operations Thread 48" [_thread_blocked, id=2400, stack(0x000000b656800000,0x000000b656900000)]
  0x000001bf2d05e000 JavaThread "Unconstrained build operations Thread 49" [_thread_blocked, id=9316, stack(0x000000b656900000,0x000000b656a00000)]
  0x000001bf2d05a800 JavaThread "Unconstrained build operations Thread 50" [_thread_blocked, id=10952, stack(0x000000b656a00000,0x000000b656b00000)]
  0x000001bf2d060800 JavaThread "Unconstrained build operations Thread 51" [_thread_blocked, id=13388, stack(0x000000b656b00000,0x000000b656c00000)]
  0x000001bf2d061000 JavaThread "Unconstrained build operations Thread 52" [_thread_blocked, id=6120, stack(0x000000b656c00000,0x000000b656d00000)]
  0x000001bf2d05b800 JavaThread "Unconstrained build operations Thread 53" [_thread_blocked, id=9068, stack(0x000000b656d00000,0x000000b656e00000)]
  0x000001bf2d064800 JavaThread "Unconstrained build operations Thread 54" [_thread_blocked, id=16584, stack(0x000000b656e00000,0x000000b656f00000)]
  0x000001bf2d067000 JavaThread "Unconstrained build operations Thread 55" [_thread_blocked, id=7336, stack(0x000000b656f00000,0x000000b657000000)]
  0x000001bf2d063000 JavaThread "Unconstrained build operations Thread 56" [_thread_blocked, id=12892, stack(0x000000b657000000,0x000000b657100000)]
  0x000001bf2d066000 JavaThread "Unconstrained build operations Thread 57" [_thread_blocked, id=7560, stack(0x000000b657100000,0x000000b657200000)]
  0x000001bf2d065800 JavaThread "Unconstrained build operations Thread 58" [_thread_blocked, id=288, stack(0x000000b657200000,0x000000b657300000)]
  0x000001bf2d068000 JavaThread "Unconstrained build operations Thread 59" [_thread_blocked, id=2748, stack(0x000000b657300000,0x000000b657400000)]
  0x000001bf2d062000 JavaThread "Unconstrained build operations Thread 60" [_thread_blocked, id=2868, stack(0x000000b657400000,0x000000b657500000)]
  0x000001bf2d068800 JavaThread "Memory manager" [_thread_blocked, id=3760, stack(0x000000b657500000,0x000000b657600000)]

Other Threads:
  0x000001bf27c60000 VMThread "VM Thread" [stack: 0x000000b650a00000,0x000000b650b00000] [id=2788]
  0x000001bf28759800 WatcherThread [stack: 0x000000b651400000,0x000000b651500000] [id=5352]
  0x000001bf0bc81000 GCTaskThread "GC Thread#0" [stack: 0x000000b650500000,0x000000b650600000] [id=13156]
  0x000001bf292ce800 GCTaskThread "GC Thread#1" [stack: 0x000000b651600000,0x000000b651700000] [id=15540]
  0x000001bf2a55f800 GCTaskThread "GC Thread#2" [stack: 0x000000b652000000,0x000000b652100000] [id=13064]
  0x000001bf29079000 GCTaskThread "GC Thread#3" [stack: 0x000000b652100000,0x000000b652200000] [id=16536]
  0x000001bf29098000 GCTaskThread "GC Thread#4" [stack: 0x000000b652200000,0x000000b652300000] [id=9300]
  0x000001bf299b8000 GCTaskThread "GC Thread#5" [stack: 0x000000b652300000,0x000000b652400000] [id=4020]
  0x000001bf0bcb3800 ConcurrentGCThread "G1 Main Marker" [stack: 0x000000b650600000,0x000000b650700000] [id=2796]
  0x000001bf0bcb5000 ConcurrentGCThread "G1 Conc#0" [stack: 0x000000b650700000,0x000000b650800000] [id=6384]
  0x000001bf2a960800 ConcurrentGCThread "G1 Conc#1" [stack: 0x000000b652600000,0x000000b652700000] [id=9692]
  0x000001bf27ab0800 ConcurrentGCThread "G1 Refine#0" [stack: 0x000000b650800000,0x000000b650900000] [id=2428]
  0x000001bf27ab1800 ConcurrentGCThread "G1 Young RemSet Sampling" [stack: 0x000000b650900000,0x000000b650a00000] [id=7580]

Threads with active compile tasks:
C2 CompilerThread0     8612 7794 %     4       org.gradle.internal.instantiation.generator.AbstractClassGenerator::inspectType @ 207 (560 bytes)
C2 CompilerThread1     8612 7842       4       java.net.URLClassLoader$1::run (5 bytes)

VM state:not at safepoint (normal execution)

VM Mutex/Monitor currently owned by a thread: None

Heap address: 0x0000000080000000, size: 2048 MB, Compressed Oops mode: 32-bit
Narrow klass base: 0x0000000000000000, Narrow klass shift: 3
Compressed class space size: 1073741824 Address: 0x0000000100000000

Heap:
 garbage-first heap   total 210944K, used 123907K [0x0000000080000000, 0x0000000100000000)
  region size 1024K, 11 young (11264K), 6 survivors (6144K)
 Metaspace       used 78629K, capacity 80767K, committed 81020K, reserved 1120256K
  class space    used 10246K, capacity 11075K, committed 11212K, reserved 1048576K
Heap Regions: E=young(eden), S=young(survivor), O=old, HS=humongous(starts), HC=humongous(continues), CS=collection set, F=free, A=archive, TAMS=top-at-mark-start (previous, next)
|   0|0x0000000080000000, 0x0000000080100000, 0x0000000080100000|100%| O|  |TAMS 0x0000000080100000, 0x0000000080000000| Untracked 
|   1|0x0000000080100000, 0x0000000080200000, 0x0000000080200000|100%| O|  |TAMS 0x0000000080200000, 0x0000000080100000| Untracked 
|   2|0x0000000080200000, 0x0000000080300000, 0x0000000080300000|100%| O|  |TAMS 0x0000000080300000, 0x0000000080200000| Untracked 
|   3|0x0000000080300000, 0x0000000080400000, 0x0000000080400000|100%|HS|  |TAMS 0x0000000080400000, 0x0000000080300000| Complete 
|   4|0x0000000080400000, 0x0000000080500000, 0x0000000080500000|100%|HC|  |TAMS 0x0000000080500000, 0x0000000080400000| Complete 
|   5|0x0000000080500000, 0x0000000080600000, 0x0000000080600000|100%|HC|  |TAMS 0x0000000080600000, 0x0000000080500000| Complete 
|   6|0x0000000080600000, 0x0000000080700000, 0x0000000080700000|100%| O|  |TAMS 0x0000000080700000, 0x0000000080600000| Untracked 
|   7|0x0000000080700000, 0x0000000080800000, 0x0000000080800000|100%| O|  |TAMS 0x0000000080800000, 0x0000000080700000| Untracked 
|   8|0x0000000080800000, 0x0000000080900000, 0x0000000080900000|100%| O|  |TAMS 0x0000000080900000, 0x0000000080800000| Untracked 
|   9|0x0000000080900000, 0x0000000080a00000, 0x0000000080a00000|100%| O|  |TAMS 0x0000000080a00000, 0x0000000080900000| Untracked 
|  10|0x0000000080a00000, 0x0000000080b00000, 0x0000000080b00000|100%| O|  |TAMS 0x0000000080b00000, 0x0000000080a00000| Untracked 
|  11|0x0000000080b00000, 0x0000000080c00000, 0x0000000080c00000|100%| O|  |TAMS 0x0000000080c00000, 0x0000000080b00000| Untracked 
|  12|0x0000000080c00000, 0x0000000080d00000, 0x0000000080d00000|100%| O|  |TAMS 0x0000000080d00000, 0x0000000080c00000| Untracked 
|  13|0x0000000080d00000, 0x0000000080e00000, 0x0000000080e00000|100%| O|  |TAMS 0x0000000080e00000, 0x0000000080d00000| Untracked 
|  14|0x0000000080e00000, 0x0000000080f00000, 0x0000000080f00000|100%| O|  |TAMS 0x0000000080f00000, 0x0000000080e00000| Untracked 
|  15|0x0000000080f00000, 0x0000000081000000, 0x0000000081000000|100%| O|  |TAMS 0x0000000081000000, 0x0000000080f00000| Untracked 
|  16|0x0000000081000000, 0x0000000081100000, 0x0000000081100000|100%|HS|  |TAMS 0x0000000081100000, 0x0000000081000000| Complete 
|  17|0x0000000081100000, 0x0000000081200000, 0x0000000081200000|100%|HC|  |TAMS 0x0000000081200000, 0x0000000081100000| Complete 
|  18|0x0000000081200000, 0x0000000081300000, 0x0000000081300000|100%|HS|  |TAMS 0x0000000081300000, 0x0000000081200000| Complete 
|  19|0x0000000081300000, 0x0000000081400000, 0x0000000081400000|100%|HC|  |TAMS 0x0000000081400000, 0x0000000081300000| Complete 
|  20|0x0000000081400000, 0x0000000081500000, 0x0000000081500000|100%|HC|  |TAMS 0x0000000081500000, 0x0000000081400000| Complete 
|  21|0x0000000081500000, 0x0000000081600000, 0x0000000081600000|100%|HS|  |TAMS 0x0000000081600000, 0x0000000081500000| Complete 
|  22|0x0000000081600000, 0x0000000081700000, 0x0000000081700000|100%|HC|  |TAMS 0x0000000081700000, 0x0000000081600000| Complete 
|  23|0x0000000081700000, 0x0000000081800000, 0x0000000081800000|100%|HC|  |TAMS 0x0000000081800000, 0x0000000081700000| Complete 
|  24|0x0000000081800000, 0x0000000081900000, 0x0000000081900000|100%|HS|  |TAMS 0x0000000081900000, 0x0000000081800000| Complete 
|  25|0x0000000081900000, 0x0000000081a00000, 0x0000000081a00000|100%|HC|  |TAMS 0x0000000081a00000, 0x0000000081900000| Complete 
|  26|0x0000000081a00000, 0x0000000081b00000, 0x0000000081b00000|100%|HS|  |TAMS 0x0000000081b00000, 0x0000000081a00000| Complete 
|  27|0x0000000081b00000, 0x0000000081c00000, 0x0000000081c00000|100%|HC|  |TAMS 0x0000000081c00000, 0x0000000081b00000| Complete 
|  28|0x0000000081c00000, 0x0000000081d00000, 0x0000000081d00000|100%|HC|  |TAMS 0x0000000081d00000, 0x0000000081c00000| Complete 
|  29|0x0000000081d00000, 0x0000000081e00000, 0x0000000081e00000|100%|HC|  |TAMS 0x0000000081e00000, 0x0000000081d00000| Complete 
|  30|0x0000000081e00000, 0x0000000081f00000, 0x0000000081f00000|100%|HC|  |TAMS 0x0000000081f00000, 0x0000000081e00000| Complete 
|  31|0x0000000081f00000, 0x0000000082000000, 0x0000000082000000|100%|HC|  |TAMS 0x0000000082000000, 0x0000000081f00000| Complete 
|  32|0x0000000082000000, 0x0000000082100000, 0x0000000082100000|100%|HC|  |TAMS 0x0000000082100000, 0x0000000082000000| Complete 
|  33|0x0000000082100000, 0x0000000082200000, 0x0000000082200000|100%|HC|  |TAMS 0x0000000082200000, 0x0000000082100000| Complete 
|  34|0x0000000082200000, 0x0000000082300000, 0x0000000082300000|100%|HC|  |TAMS 0x0000000082300000, 0x0000000082200000| Complete 
|  35|0x0000000082300000, 0x0000000082400000, 0x0000000082400000|100%|HC|  |TAMS 0x0000000082400000, 0x0000000082300000| Complete 
|  36|0x0000000082400000, 0x0000000082500000, 0x0000000082500000|100%|HS|  |TAMS 0x0000000082500000, 0x0000000082400000| Complete 
|  37|0x0000000082500000, 0x0000000082600000, 0x0000000082600000|100%|HC|  |TAMS 0x0000000082600000, 0x0000000082500000| Complete 
|  38|0x0000000082600000, 0x0000000082700000, 0x0000000082700000|100%|HS|  |TAMS 0x0000000082700000, 0x0000000082600000| Complete 
|  39|0x0000000082700000, 0x0000000082800000, 0x0000000082800000|100%|HC|  |TAMS 0x0000000082800000, 0x0000000082700000| Complete 
|  40|0x0000000082800000, 0x0000000082900000, 0x0000000082900000|100%|HC|  |TAMS 0x0000000082900000, 0x0000000082800000| Complete 
|  41|0x0000000082900000, 0x0000000082a00000, 0x0000000082a00000|100%|HC|  |TAMS 0x0000000082a00000, 0x0000000082900000| Complete 
|  42|0x0000000082a00000, 0x0000000082b00000, 0x0000000082b00000|100%|HC|  |TAMS 0x0000000082b00000, 0x0000000082a00000| Complete 
|  43|0x0000000082b00000, 0x0000000082c00000, 0x0000000082c00000|100%| O|  |TAMS 0x0000000082c00000, 0x0000000082b00000| Untracked 
|  44|0x0000000082c00000, 0x0000000082d00000, 0x0000000082d00000|100%| O|  |TAMS 0x0000000082d00000, 0x0000000082c00000| Untracked 
|  45|0x0000000082d00000, 0x0000000082e00000, 0x0000000082e00000|100%| O|  |TAMS 0x0000000082e00000, 0x0000000082d00000| Untracked 
|  46|0x0000000082e00000, 0x0000000082f00000, 0x0000000082f00000|100%| O|  |TAMS 0x0000000082f00000, 0x0000000082e00000| Untracked 
|  47|0x0000000082f00000, 0x0000000083000000, 0x0000000083000000|100%| O|  |TAMS 0x0000000083000000, 0x0000000082f00000| Untracked 
|  48|0x0000000083000000, 0x0000000083100000, 0x0000000083100000|100%| O|  |TAMS 0x0000000083100000, 0x0000000083000000| Untracked 
|  49|0x0000000083100000, 0x0000000083200000, 0x0000000083200000|100%| O|  |TAMS 0x0000000083200000, 0x0000000083100000| Untracked 
|  50|0x0000000083200000, 0x0000000083300000, 0x0000000083300000|100%| O|  |TAMS 0x0000000083300000, 0x0000000083200000| Untracked 
|  51|0x0000000083300000, 0x0000000083400000, 0x0000000083400000|100%| O|  |TAMS 0x0000000083400000, 0x0000000083300000| Untracked 
|  52|0x0000000083400000, 0x0000000083500000, 0x0000000083500000|100%|HS|  |TAMS 0x0000000083500000, 0x0000000083400000| Complete 
|  53|0x0000000083500000, 0x0000000083600000, 0x0000000083600000|100%|HC|  |TAMS 0x0000000083600000, 0x0000000083500000| Complete 
|  54|0x0000000083600000, 0x0000000083700000, 0x0000000083700000|100%|HC|  |TAMS 0x0000000083700000, 0x0000000083600000| Complete 
|  55|0x0000000083700000, 0x0000000083800000, 0x0000000083800000|100%| O|  |TAMS 0x0000000083800000, 0x0000000083700000| Untracked 
|  56|0x0000000083800000, 0x0000000083900000, 0x0000000083900000|100%| O|  |TAMS 0x0000000083900000, 0x0000000083800000| Untracked 
|  57|0x0000000083900000, 0x0000000083a00000, 0x0000000083a00000|100%| O|  |TAMS 0x0000000083a00000, 0x0000000083900000| Untracked 
|  58|0x0000000083a00000, 0x0000000083b00000, 0x0000000083b00000|100%| O|  |TAMS 0x0000000083b00000, 0x0000000083a00000| Untracked 
|  59|0x0000000083b00000, 0x0000000083c00000, 0x0000000083c00000|100%| O|  |TAMS 0x0000000083c00000, 0x0000000083b00000| Untracked 
|  60|0x0000000083c00000, 0x0000000083d00000, 0x0000000083d00000|100%| O|  |TAMS 0x0000000083d00000, 0x0000000083c00000| Untracked 
|  61|0x0000000083d00000, 0x0000000083e00000, 0x0000000083e00000|100%|HS|  |TAMS 0x0000000083e00000, 0x0000000083d00000| Complete 
|  62|0x0000000083e00000, 0x0000000083f00000, 0x0000000083f00000|100%|HC|  |TAMS 0x0000000083f00000, 0x0000000083e00000| Complete 
|  63|0x0000000083f00000, 0x0000000084000000, 0x0000000084000000|100%|HC|  |TAMS 0x0000000084000000, 0x0000000083f00000| Complete 
|  64|0x0000000084000000, 0x0000000084100000, 0x0000000084100000|100%|HC|  |TAMS 0x0000000084100000, 0x0000000084000000| Complete 
|  65|0x0000000084100000, 0x0000000084200000, 0x0000000084200000|100%|HC|  |TAMS 0x0000000084200000, 0x0000000084100000| Complete 
|  66|0x0000000084200000, 0x0000000084300000, 0x0000000084300000|100%|HC|  |TAMS 0x0000000084300000, 0x0000000084200000| Complete 
|  67|0x0000000084300000, 0x0000000084400000, 0x0000000084400000|100%|HC|  |TAMS 0x0000000084400000, 0x0000000084300000| Complete 
|  68|0x0000000084400000, 0x0000000084500000, 0x0000000084500000|100%|HC|  |TAMS 0x0000000084500000, 0x0000000084400000| Complete 
|  69|0x0000000084500000, 0x0000000084600000, 0x0000000084600000|100%|HC|  |TAMS 0x0000000084600000, 0x0000000084500000| Complete 
|  70|0x0000000084600000, 0x0000000084700000, 0x0000000084700000|100%|HC|  |TAMS 0x0000000084700000, 0x0000000084600000| Complete 
|  71|0x0000000084700000, 0x0000000084800000, 0x0000000084800000|100%|HS|  |TAMS 0x0000000084800000, 0x0000000084700000| Complete 
|  72|0x0000000084800000, 0x0000000084900000, 0x0000000084900000|100%|HC|  |TAMS 0x0000000084900000, 0x0000000084800000| Complete 
|  73|0x0000000084900000, 0x0000000084a00000, 0x0000000084a00000|100%|HS|  |TAMS 0x0000000084a00000, 0x0000000084900000| Complete 
|  74|0x0000000084a00000, 0x0000000084b00000, 0x0000000084b00000|100%|HC|  |TAMS 0x0000000084b00000, 0x0000000084a00000| Complete 
|  75|0x0000000084b00000, 0x0000000084c00000, 0x0000000084c00000|100%|HC|  |TAMS 0x0000000084c00000, 0x0000000084b00000| Complete 
|  76|0x0000000084c00000, 0x0000000084d00000, 0x0000000084d00000|100%|HS|  |TAMS 0x0000000084d00000, 0x0000000084c00000| Complete 
|  77|0x0000000084d00000, 0x0000000084e00000, 0x0000000084e00000|100%|HC|  |TAMS 0x0000000084e00000, 0x0000000084d00000| Complete 
|  78|0x0000000084e00000, 0x0000000084f00000, 0x0000000084f00000|100%| O|  |TAMS 0x0000000084f00000, 0x0000000084e00000| Untracked 
|  79|0x0000000084f00000, 0x0000000085000000, 0x0000000085000000|100%| O|  |TAMS 0x0000000085000000, 0x0000000084f00000| Untracked 
|  80|0x0000000085000000, 0x0000000085100000, 0x0000000085100000|100%| O|  |TAMS 0x0000000085100000, 0x0000000085000000| Untracked 
|  81|0x0000000085100000, 0x0000000085200000, 0x0000000085200000|100%| O|  |TAMS 0x0000000085200000, 0x0000000085100000| Untracked 
|  82|0x0000000085200000, 0x0000000085300000, 0x0000000085300000|100%| O|  |TAMS 0x0000000085300000, 0x0000000085200000| Untracked 
|  83|0x0000000085300000, 0x0000000085400000, 0x0000000085400000|100%| O|  |TAMS 0x0000000085400000, 0x0000000085300000| Untracked 
|  84|0x0000000085400000, 0x0000000085500000, 0x0000000085500000|100%|HS|  |TAMS 0x0000000085500000, 0x0000000085400000| Complete 
|  85|0x0000000085500000, 0x0000000085600000, 0x0000000085600000|100%|HC|  |TAMS 0x0000000085600000, 0x0000000085500000| Complete 
|  86|0x0000000085600000, 0x0000000085700000, 0x0000000085700000|100%|HC|  |TAMS 0x0000000085700000, 0x0000000085600000| Complete 
|  87|0x0000000085700000, 0x0000000085800000, 0x0000000085800000|100%|HC|  |TAMS 0x0000000085800000, 0x0000000085700000| Complete 
|  88|0x0000000085800000, 0x0000000085900000, 0x0000000085900000|100%|HC|  |TAMS 0x0000000085900000, 0x0000000085800000| Complete 
|  89|0x0000000085900000, 0x0000000085a00000, 0x0000000085a00000|100%| O|  |TAMS 0x0000000085a00000, 0x0000000085900000| Untracked 
|  90|0x0000000085a00000, 0x0000000085b00000, 0x0000000085b00000|100%| O|  |TAMS 0x0000000085b00000, 0x0000000085a00000| Untracked 
|  91|0x0000000085b00000, 0x0000000085c00000, 0x0000000085c00000|100%| O|  |TAMS 0x0000000085c00000, 0x0000000085b00000| Untracked 
|  92|0x0000000085c00000, 0x0000000085d00000, 0x0000000085d00000|100%| O|  |TAMS 0x0000000085d00000, 0x0000000085c00000| Untracked 
|  93|0x0000000085d00000, 0x0000000085e00000, 0x0000000085e00000|100%|HS|  |TAMS 0x0000000085e00000, 0x0000000085d00000| Complete 
|  94|0x0000000085e00000, 0x0000000085f00000, 0x0000000085f00000|100%|HS|  |TAMS 0x0000000085f00000, 0x0000000085e00000| Complete 
|  95|0x0000000085f00000, 0x0000000086000000, 0x0000000086000000|100%| O|  |TAMS 0x0000000086000000, 0x0000000085f00000| Untracked 
|  96|0x0000000086000000, 0x0000000086100000, 0x0000000086100000|100%| O|  |TAMS 0x0000000086100000, 0x0000000086000000| Untracked 
|  97|0x0000000086100000, 0x0000000086200000, 0x0000000086200000|100%| O|  |TAMS 0x0000000086200000, 0x0000000086100000| Untracked 
|  98|0x0000000086200000, 0x0000000086300000, 0x0000000086300000|100%| O|  |TAMS 0x0000000086300000, 0x0000000086200000| Untracked 
|  99|0x0000000086300000, 0x0000000086400000, 0x0000000086400000|100%| O|  |TAMS 0x0000000086400000, 0x0000000086300000| Untracked 
| 100|0x0000000086400000, 0x0000000086500000, 0x0000000086500000|100%| O|  |TAMS 0x0000000086500000, 0x0000000086400000| Untracked 
| 101|0x0000000086500000, 0x0000000086600000, 0x0000000086600000|100%| O|  |TAMS 0x0000000086600000, 0x0000000086500000| Untracked 
| 102|0x0000000086600000, 0x0000000086700000, 0x0000000086700000|100%| O|  |TAMS 0x0000000086700000, 0x0000000086600000| Untracked 
| 103|0x0000000086700000, 0x0000000086800000, 0x0000000086800000|100%| O|  |TAMS 0x0000000086800000, 0x0000000086700000| Untracked 
| 104|0x0000000086800000, 0x0000000086900000, 0x0000000086900000|100%| O|  |TAMS 0x0000000086900000, 0x0000000086800000| Untracked 
| 105|0x0000000086900000, 0x0000000086a00000, 0x0000000086a00000|100%| O|  |TAMS 0x0000000086a00000, 0x0000000086900000| Untracked 
| 106|0x0000000086a00000, 0x0000000086b00000, 0x0000000086b00000|100%| O|  |TAMS 0x0000000086b00000, 0x0000000086a00000| Untracked 
| 107|0x0000000086b00000, 0x0000000086c00000, 0x0000000086c00000|100%| O|  |TAMS 0x0000000086c00000, 0x0000000086b00000| Untracked 
| 108|0x0000000086c00000, 0x0000000086c92800, 0x0000000086d00000| 57%| O|  |TAMS 0x0000000086c92800, 0x0000000086c00000| Untracked 
| 109|0x0000000086d00000, 0x0000000086d00000, 0x0000000086e00000|  0%| F|  |TAMS 0x0000000086d00000, 0x0000000086d00000| Untracked 
| 110|0x0000000086e00000, 0x0000000086f00000, 0x0000000086f00000|100%| O|  |TAMS 0x0000000086f00000, 0x0000000086e00000| Untracked 
| 111|0x0000000086f00000, 0x0000000087000000, 0x0000000087000000|100%| O|  |TAMS 0x0000000087000000, 0x0000000086f00000| Untracked 
| 112|0x0000000087000000, 0x0000000087100000, 0x0000000087100000|100%| O|  |TAMS 0x0000000087100000, 0x0000000087000000| Untracked 
| 113|0x0000000087100000, 0x0000000087100000, 0x0000000087200000|  0%| F|  |TAMS 0x0000000087100000, 0x0000000087100000| Untracked 
| 114|0x0000000087200000, 0x0000000087200000, 0x0000000087300000|  0%| F|  |TAMS 0x0000000087200000, 0x0000000087200000| Untracked 
| 115|0x0000000087300000, 0x0000000087300000, 0x0000000087400000|  0%| F|  |TAMS 0x0000000087300000, 0x0000000087300000| Untracked 
| 116|0x0000000087400000, 0x0000000087400000, 0x0000000087500000|  0%| F|  |TAMS 0x0000000087400000, 0x0000000087400000| Untracked 
| 117|0x0000000087500000, 0x0000000087500000, 0x0000000087600000|  0%| F|  |TAMS 0x0000000087500000, 0x0000000087500000| Untracked 
| 118|0x0000000087600000, 0x0000000087600000, 0x0000000087700000|  0%| F|  |TAMS 0x0000000087600000, 0x0000000087600000| Untracked 
| 119|0x0000000087700000, 0x0000000087700000, 0x0000000087800000|  0%| F|  |TAMS 0x0000000087700000, 0x0000000087700000| Untracked 
| 120|0x0000000087800000, 0x0000000087800000, 0x0000000087900000|  0%| F|  |TAMS 0x0000000087800000, 0x0000000087800000| Untracked 
| 121|0x0000000087900000, 0x0000000087900000, 0x0000000087a00000|  0%| F|  |TAMS 0x0000000087900000, 0x0000000087900000| Untracked 
| 122|0x0000000087a00000, 0x0000000087a00000, 0x0000000087b00000|  0%| F|  |TAMS 0x0000000087a00000, 0x0000000087a00000| Untracked 
| 123|0x0000000087b00000, 0x0000000087b00000, 0x0000000087c00000|  0%| F|  |TAMS 0x0000000087b00000, 0x0000000087b00000| Untracked 
| 124|0x0000000087c00000, 0x0000000087c00000, 0x0000000087d00000|  0%| F|  |TAMS 0x0000000087c00000, 0x0000000087c00000| Untracked 
| 125|0x0000000087d00000, 0x0000000087d00000, 0x0000000087e00000|  0%| F|  |TAMS 0x0000000087d00000, 0x0000000087d00000| Untracked 
| 126|0x0000000087e00000, 0x0000000087e00000, 0x0000000087f00000|  0%| F|  |TAMS 0x0000000087e00000, 0x0000000087e00000| Untracked 
| 127|0x0000000087f00000, 0x0000000087f00000, 0x0000000088000000|  0%| F|  |TAMS 0x0000000087f00000, 0x0000000087f00000| Untracked 
| 128|0x0000000088000000, 0x0000000088000000, 0x0000000088100000|  0%| F|  |TAMS 0x0000000088000000, 0x0000000088000000| Untracked 
| 129|0x0000000088100000, 0x0000000088100000, 0x0000000088200000|  0%| F|  |TAMS 0x0000000088100000, 0x0000000088100000| Untracked 
| 130|0x0000000088200000, 0x0000000088200000, 0x0000000088300000|  0%| F|  |TAMS 0x0000000088200000, 0x0000000088200000| Untracked 
| 131|0x0000000088300000, 0x0000000088300000, 0x0000000088400000|  0%| F|  |TAMS 0x0000000088300000, 0x0000000088300000| Untracked 
| 132|0x0000000088400000, 0x0000000088400000, 0x0000000088500000|  0%| F|  |TAMS 0x0000000088400000, 0x0000000088400000| Untracked 
| 133|0x0000000088500000, 0x0000000088500000, 0x0000000088600000|  0%| F|  |TAMS 0x0000000088500000, 0x0000000088500000| Untracked 
| 134|0x0000000088600000, 0x0000000088600000, 0x0000000088700000|  0%| F|  |TAMS 0x0000000088600000, 0x0000000088600000| Untracked 
| 135|0x0000000088700000, 0x0000000088700000, 0x0000000088800000|  0%| F|  |TAMS 0x0000000088700000, 0x0000000088700000| Untracked 
| 136|0x0000000088800000, 0x0000000088800000, 0x0000000088900000|  0%| F|  |TAMS 0x0000000088800000, 0x0000000088800000| Untracked 
| 137|0x0000000088900000, 0x0000000088900000, 0x0000000088a00000|  0%| F|  |TAMS 0x0000000088900000, 0x0000000088900000| Untracked 
| 138|0x0000000088a00000, 0x0000000088a00000, 0x0000000088b00000|  0%| F|  |TAMS 0x0000000088a00000, 0x0000000088a00000| Untracked 
| 139|0x0000000088b00000, 0x0000000088b00000, 0x0000000088c00000|  0%| F|  |TAMS 0x0000000088b00000, 0x0000000088b00000| Untracked 
| 140|0x0000000088c00000, 0x0000000088c00000, 0x0000000088d00000|  0%| F|  |TAMS 0x0000000088c00000, 0x0000000088c00000| Untracked 
| 141|0x0000000088d00000, 0x0000000088d00000, 0x0000000088e00000|  0%| F|  |TAMS 0x0000000088d00000, 0x0000000088d00000| Untracked 
| 142|0x0000000088e00000, 0x0000000088e00000, 0x0000000088f00000|  0%| F|  |TAMS 0x0000000088e00000, 0x0000000088e00000| Untracked 
| 143|0x0000000088f00000, 0x0000000088f00000, 0x0000000089000000|  0%| F|  |TAMS 0x0000000088f00000, 0x0000000088f00000| Untracked 
| 144|0x0000000089000000, 0x0000000089000000, 0x0000000089100000|  0%| F|  |TAMS 0x0000000089000000, 0x0000000089000000| Untracked 
| 145|0x0000000089100000, 0x0000000089100000, 0x0000000089200000|  0%| F|  |TAMS 0x0000000089100000, 0x0000000089100000| Untracked 
| 146|0x0000000089200000, 0x0000000089200000, 0x0000000089300000|  0%| F|  |TAMS 0x0000000089200000, 0x0000000089200000| Untracked 
| 147|0x0000000089300000, 0x0000000089300000, 0x0000000089400000|  0%| F|  |TAMS 0x0000000089300000, 0x0000000089300000| Untracked 
| 148|0x0000000089400000, 0x0000000089400000, 0x0000000089500000|  0%| F|  |TAMS 0x0000000089400000, 0x0000000089400000| Untracked 
| 149|0x0000000089500000, 0x0000000089500000, 0x0000000089600000|  0%| F|  |TAMS 0x0000000089500000, 0x0000000089500000| Untracked 
| 150|0x0000000089600000, 0x0000000089600000, 0x0000000089700000|  0%| F|  |TAMS 0x0000000089600000, 0x0000000089600000| Untracked 
| 151|0x0000000089700000, 0x0000000089700000, 0x0000000089800000|  0%| F|  |TAMS 0x0000000089700000, 0x0000000089700000| Untracked 
| 152|0x0000000089800000, 0x000000008986e460, 0x0000000089900000| 43%| S|CS|TAMS 0x0000000089800000, 0x0000000089800000| Complete 
| 153|0x0000000089900000, 0x0000000089a00000, 0x0000000089a00000|100%| S|CS|TAMS 0x0000000089900000, 0x0000000089900000| Complete 
| 154|0x0000000089a00000, 0x0000000089b00000, 0x0000000089b00000|100%| S|CS|TAMS 0x0000000089a00000, 0x0000000089a00000| Complete 
| 155|0x0000000089b00000, 0x0000000089c00000, 0x0000000089c00000|100%| S|CS|TAMS 0x0000000089b00000, 0x0000000089b00000| Complete 
| 156|0x0000000089c00000, 0x0000000089d00000, 0x0000000089d00000|100%| S|CS|TAMS 0x0000000089c00000, 0x0000000089c00000| Complete 
| 157|0x0000000089d00000, 0x0000000089e00000, 0x0000000089e00000|100%| S|CS|TAMS 0x0000000089d00000, 0x0000000089d00000| Complete 
| 158|0x0000000089e00000, 0x0000000089e00000, 0x0000000089f00000|  0%| F|  |TAMS 0x0000000089e00000, 0x0000000089e00000| Untracked 
| 159|0x0000000089f00000, 0x0000000089f00000, 0x000000008a000000|  0%| F|  |TAMS 0x0000000089f00000, 0x0000000089f00000| Untracked 
| 160|0x000000008a000000, 0x000000008a000000, 0x000000008a100000|  0%| F|  |TAMS 0x000000008a000000, 0x000000008a000000| Untracked 
| 161|0x000000008a100000, 0x000000008a100000, 0x000000008a200000|  0%| F|  |TAMS 0x000000008a100000, 0x000000008a100000| Untracked 
| 162|0x000000008a200000, 0x000000008a200000, 0x000000008a300000|  0%| F|  |TAMS 0x000000008a200000, 0x000000008a200000| Untracked 
| 163|0x000000008a300000, 0x000000008a300000, 0x000000008a400000|  0%| F|  |TAMS 0x000000008a300000, 0x000000008a300000| Untracked 
| 164|0x000000008a400000, 0x000000008a400000, 0x000000008a500000|  0%| F|  |TAMS 0x000000008a400000, 0x000000008a400000| Untracked 
| 165|0x000000008a500000, 0x000000008a500000, 0x000000008a600000|  0%| F|  |TAMS 0x000000008a500000, 0x000000008a500000| Untracked 
| 166|0x000000008a600000, 0x000000008a600000, 0x000000008a700000|  0%| F|  |TAMS 0x000000008a600000, 0x000000008a600000| Untracked 
| 167|0x000000008a700000, 0x000000008a700000, 0x000000008a800000|  0%| F|  |TAMS 0x000000008a700000, 0x000000008a700000| Untracked 
| 168|0x000000008a800000, 0x000000008a800000, 0x000000008a900000|  0%| F|  |TAMS 0x000000008a800000, 0x000000008a800000| Untracked 
| 169|0x000000008a900000, 0x000000008a900000, 0x000000008aa00000|  0%| F|  |TAMS 0x000000008a900000, 0x000000008a900000| Untracked 
| 170|0x000000008aa00000, 0x000000008aa00000, 0x000000008ab00000|  0%| F|  |TAMS 0x000000008aa00000, 0x000000008aa00000| Untracked 
| 171|0x000000008ab00000, 0x000000008ab00000, 0x000000008ac00000|  0%| F|  |TAMS 0x000000008ab00000, 0x000000008ab00000| Untracked 
| 172|0x000000008ac00000, 0x000000008ac00000, 0x000000008ad00000|  0%| F|  |TAMS 0x000000008ac00000, 0x000000008ac00000| Untracked 
| 173|0x000000008ad00000, 0x000000008ad00000, 0x000000008ae00000|  0%| F|  |TAMS 0x000000008ad00000, 0x000000008ad00000| Untracked 
| 174|0x000000008ae00000, 0x000000008ae00000, 0x000000008af00000|  0%| F|  |TAMS 0x000000008ae00000, 0x000000008ae00000| Untracked 
| 175|0x000000008af00000, 0x000000008af00000, 0x000000008b000000|  0%| F|  |TAMS 0x000000008af00000, 0x000000008af00000| Untracked 
| 176|0x000000008b000000, 0x000000008b000000, 0x000000008b100000|  0%| F|  |TAMS 0x000000008b000000, 0x000000008b000000| Untracked 
| 177|0x000000008b100000, 0x000000008b100000, 0x000000008b200000|  0%| F|  |TAMS 0x000000008b100000, 0x000000008b100000| Untracked 
| 178|0x000000008b200000, 0x000000008b200000, 0x000000008b300000|  0%| F|  |TAMS 0x000000008b200000, 0x000000008b200000| Untracked 
| 179|0x000000008b300000, 0x000000008b300000, 0x000000008b400000|  0%| F|  |TAMS 0x000000008b300000, 0x000000008b300000| Untracked 
| 180|0x000000008b400000, 0x000000008b400000, 0x000000008b500000|  0%| F|  |TAMS 0x000000008b400000, 0x000000008b400000| Untracked 
| 181|0x000000008b500000, 0x000000008b500000, 0x000000008b600000|  0%| F|  |TAMS 0x000000008b500000, 0x000000008b500000| Untracked 
| 182|0x000000008b600000, 0x000000008b600000, 0x000000008b700000|  0%| F|  |TAMS 0x000000008b600000, 0x000000008b600000| Untracked 
| 183|0x000000008b700000, 0x000000008b700000, 0x000000008b800000|  0%| F|  |TAMS 0x000000008b700000, 0x000000008b700000| Untracked 
| 184|0x000000008b800000, 0x000000008b800000, 0x000000008b900000|  0%| F|  |TAMS 0x000000008b800000, 0x000000008b800000| Untracked 
| 185|0x000000008b900000, 0x000000008b900000, 0x000000008ba00000|  0%| F|  |TAMS 0x000000008b900000, 0x000000008b900000| Untracked 
| 186|0x000000008ba00000, 0x000000008ba00000, 0x000000008bb00000|  0%| F|  |TAMS 0x000000008ba00000, 0x000000008ba00000| Untracked 
| 187|0x000000008bb00000, 0x000000008bb00000, 0x000000008bc00000|  0%| F|  |TAMS 0x000000008bb00000, 0x000000008bb00000| Untracked 
| 188|0x000000008bc00000, 0x000000008bc00000, 0x000000008bd00000|  0%| F|  |TAMS 0x000000008bc00000, 0x000000008bc00000| Untracked 
| 189|0x000000008bd00000, 0x000000008bd00000, 0x000000008be00000|  0%| F|  |TAMS 0x000000008bd00000, 0x000000008bd00000| Untracked 
| 190|0x000000008be00000, 0x000000008be00000, 0x000000008bf00000|  0%| F|  |TAMS 0x000000008be00000, 0x000000008be00000| Untracked 
| 191|0x000000008bf00000, 0x000000008bf00000, 0x000000008c000000|  0%| F|  |TAMS 0x000000008bf00000, 0x000000008bf00000| Untracked 
| 192|0x000000008c000000, 0x000000008c000000, 0x000000008c100000|  0%| F|  |TAMS 0x000000008c000000, 0x000000008c000000| Untracked 
| 193|0x000000008c100000, 0x000000008c100000, 0x000000008c200000|  0%| F|  |TAMS 0x000000008c100000, 0x000000008c100000| Untracked 
| 194|0x000000008c200000, 0x000000008c200000, 0x000000008c300000|  0%| F|  |TAMS 0x000000008c200000, 0x000000008c200000| Untracked 
| 195|0x000000008c300000, 0x000000008c300000, 0x000000008c400000|  0%| F|  |TAMS 0x000000008c300000, 0x000000008c300000| Untracked 
| 196|0x000000008c400000, 0x000000008c400000, 0x000000008c500000|  0%| F|  |TAMS 0x000000008c400000, 0x000000008c400000| Untracked 
| 197|0x000000008c500000, 0x000000008c500000, 0x000000008c600000|  0%| F|  |TAMS 0x000000008c500000, 0x000000008c500000| Untracked 
| 198|0x000000008c600000, 0x000000008c600000, 0x000000008c700000|  0%| F|  |TAMS 0x000000008c600000, 0x000000008c600000| Untracked 
| 199|0x000000008c700000, 0x000000008c700000, 0x000000008c800000|  0%| F|  |TAMS 0x000000008c700000, 0x000000008c700000| Untracked 
| 200|0x000000008c800000, 0x000000008c800000, 0x000000008c900000|  0%| F|  |TAMS 0x000000008c800000, 0x000000008c800000| Untracked 
| 201|0x000000008c900000, 0x000000008ca00000, 0x000000008ca00000|100%| E|  |TAMS 0x000000008c900000, 0x000000008c900000| Complete 
| 202|0x000000008ca00000, 0x000000008cb00000, 0x000000008cb00000|100%| E|CS|TAMS 0x000000008ca00000, 0x000000008ca00000| Complete 
| 203|0x000000008cb00000, 0x000000008cc00000, 0x000000008cc00000|100%| E|CS|TAMS 0x000000008cb00000, 0x000000008cb00000| Complete 
| 204|0x000000008cc00000, 0x000000008cd00000, 0x000000008cd00000|100%| E|CS|TAMS 0x000000008cc00000, 0x000000008cc00000| Complete 
| 205|0x000000008cd00000, 0x000000008ce00000, 0x000000008ce00000|100%| E|CS|TAMS 0x000000008cd00000, 0x000000008cd00000| Complete 

Card table byte_map: [0x000001bf20ba0000,0x000001bf20fa0000] _byte_map_base: 0x000001bf207a0000

Marking Bits (Prev, Next): (CMBitMap*) 0x000001bf0bca9ba8, (CMBitMap*) 0x000001bf0bca9be0
 Prev Bits: [0x000001bf213a0000, 0x000001bf233a0000)
 Next Bits: [0x000001bf233a0000, 0x000001bf253a0000)

Polling page: 0x000001bf0bd30000

Metaspace:

Usage:
  Non-class:     68.06 MB capacity,    66.80 MB ( 98%) used,     1.05 MB (  2%) free+waste,   211.81 KB ( <1%) overhead. 
      Class:     10.82 MB capacity,    10.01 MB ( 93%) used,   723.37 KB (  7%) free+waste,   100.69 KB ( <1%) overhead. 
       Both:     78.87 MB capacity,    76.81 MB ( 97%) used,     1.76 MB (  2%) free+waste,   312.50 KB ( <1%) overhead. 

Virtual space:
  Non-class space:       70.00 MB reserved,      68.17 MB ( 97%) committed 
      Class space:        1.00 GB reserved,      10.95 MB (  1%) committed 
             Both:        1.07 GB reserved,      79.12 MB (  7%) committed 

Chunk freelists:
   Non-Class:  52.00 KB
       Class:  29.00 KB
        Both:  81.00 KB

MaxMetaspaceSize: 17179869184.00 GB
CompressedClassSpaceSize: 1.00 GB
Initial GC threshold: 20.80 MB
Current GC threshold: 131.25 MB
CDS: off

CodeHeap 'non-profiled nmethods': size=120064Kb used=4735Kb max_used=4735Kb free=115328Kb
 bounds [0x000001bf18a10000, 0x000001bf18eb0000, 0x000001bf1ff50000]
CodeHeap 'profiled nmethods': size=120000Kb used=16946Kb max_used=16946Kb free=103053Kb
 bounds [0x000001bf114e0000, 0x000001bf12570000, 0x000001bf18a10000]
CodeHeap 'non-nmethods': size=5696Kb used=2375Kb max_used=2416Kb free=3320Kb
 bounds [0x000001bf10f50000, 0x000001bf111c0000, 0x000001bf114e0000]
 total_blobs=8863 nmethods=7967 adapters=808
 compilation: enabled
              stopped_count=0, restarted_count=0
 full_count=0

Compilation events (20 events):
Event: 8.578 Thread 0x000001bf27c85800 7995       3       org.gradle.model.internal.core.ModelPath::path (55 bytes)
Event: 8.579 Thread 0x000001bf27c85800 nmethod 7995 0x000001bf12560490 code [0x000001bf125606c0, 0x000001bf12560e18]
Event: 8.579 Thread 0x000001bf27c85800 8002       3       com.google.common.collect.ImmutableCollection$Builder::addAll (34 bytes)
Event: 8.579 Thread 0x000001bf27c85800 nmethod 8002 0x000001bf12561110 code [0x000001bf12561300, 0x000001bf125617b8]
Event: 8.579 Thread 0x000001bf27c85800 7998       3       org.gradle.util.Path::createFullPath (68 bytes)
Event: 8.580 Thread 0x000001bf27c85800 nmethod 7998 0x000001bf12561910 code [0x000001bf12561b80, 0x000001bf125624f8]
Event: 8.580 Thread 0x000001bf27c85800 7999       3       com.android.build.api.artifact.impl.StorageProviderImpl$directory$1::invoke (9 bytes)
Event: 8.580 Thread 0x000001bf27c85800 nmethod 7999 0x000001bf12562910 code [0x000001bf12562b80, 0x000001bf12563478]
Event: 8.580 Thread 0x000001bf27c85800 8000       3       com.android.build.api.artifact.impl.StorageProviderImpl$directory$1::invoke (22 bytes)
Event: 8.581 Thread 0x000001bf27c85800 nmethod 8000 0x000001bf12563790 code [0x000001bf125639e0, 0x000001bf12564178]
Event: 8.581 Thread 0x000001bf27c85800 7996  s    3       org.gradle.model.internal.core.ModelPath$Cache::get (41 bytes)
Event: 8.581 Thread 0x000001bf27c85800 nmethod 7996 0x000001bf12564410 code [0x000001bf12564620, 0x000001bf12564e88]
Event: 8.581 Thread 0x000001bf27c85800 7997       1       com.android.build.api.component.impl.ComponentImpl::getServices (5 bytes)
Event: 8.581 Thread 0x000001bf27c85800 nmethod 7997 0x000001bf18eaf990 code [0x000001bf18eafb40, 0x000001bf18eafbf8]
Event: 8.591 Thread 0x000001bf27c85800 8003       3       org.gradle.api.internal.project.DefaultProject::projectPath (9 bytes)
Event: 8.591 Thread 0x000001bf27c85800 nmethod 8003 0x000001bf12565110 code [0x000001bf125652e0, 0x000001bf12565568]
Event: 8.591 Thread 0x000001bf27c85800 8004       3       org.gradle.api.internal.project.DefaultProject::identityPath (9 bytes)
Event: 8.591 Thread 0x000001bf27c85800 nmethod 8004 0x000001bf12565690 code [0x000001bf12565860, 0x000001bf12565ae8]
Event: 8.595 Thread 0x000001bf27c85800 8005       3       org.gradle.api.internal.provider.DefaultProperty::set (32 bytes)
Event: 8.596 Thread 0x000001bf27c85800 nmethod 8005 0x000001bf12565c10 code [0x000001bf12565e80, 0x000001bf12566d08]

GC Heap History (20 events):
Event: 5.192 GC heap before
{Heap before GC invocations=19 (full 0):
 garbage-first heap   total 175104K, used 137906K [0x0000000080000000, 0x0000000100000000)
  region size 1024K, 47 young (48128K), 3 survivors (3072K)
 Metaspace       used 51543K, capacity 53001K, committed 53244K, reserved 1095680K
  class space    used 6639K, capacity 7218K, committed 7244K, reserved 1048576K
}
Event: 5.198 GC heap after
{Heap after GC invocations=20 (full 0):
 garbage-first heap   total 175104K, used 95775K [0x0000000080000000, 0x0000000100000000)
  region size 1024K, 6 young (6144K), 6 survivors (6144K)
 Metaspace       used 51543K, capacity 53001K, committed 53244K, reserved 1095680K
  class space    used 6639K, capacity 7218K, committed 7244K, reserved 1048576K
}
Event: 5.899 GC heap before
{Heap before GC invocations=20 (full 0):
 garbage-first heap   total 175104K, used 136735K [0x0000000080000000, 0x0000000100000000)
  region size 1024K, 47 young (48128K), 6 survivors (6144K)
 Metaspace       used 54963K, capacity 56469K, committed 56572K, reserved 1097728K
  class space    used 7127K, capacity 7728K, committed 7756K, reserved 1048576K
}
Event: 5.910 GC heap after
{Heap after GC invocations=21 (full 0):
 garbage-first heap   total 175104K, used 97367K [0x0000000080000000, 0x0000000100000000)
  region size 1024K, 5 young (5120K), 5 survivors (5120K)
 Metaspace       used 54963K, capacity 56469K, committed 56572K, reserved 1097728K
  class space    used 7127K, capacity 7728K, committed 7756K, reserved 1048576K
}
Event: 6.223 GC heap before
{Heap before GC invocations=22 (full 0):
 garbage-first heap   total 175104K, used 126039K [0x0000000080000000, 0x0000000100000000)
  region size 1024K, 34 young (34816K), 5 survivors (5120K)
 Metaspace       used 57197K, capacity 58863K, committed 59132K, reserved 1099776K
  class space    used 7366K, capacity 7990K, committed 8012K, reserved 1048576K
}
Event: 6.230 GC heap after
{Heap after GC invocations=23 (full 0):
 garbage-first heap   total 175104K, used 99223K [0x0000000080000000, 0x0000000100000000)
  region size 1024K, 4 young (4096K), 4 survivors (4096K)
 Metaspace       used 57197K, capacity 58863K, committed 59132K, reserved 1099776K
  class space    used 7366K, capacity 7990K, committed 8012K, reserved 1048576K
}
Event: 6.298 GC heap before
{Heap before GC invocations=24 (full 0):
 garbage-first heap   total 175104K, used 109463K [0x0000000080000000, 0x0000000100000000)
  region size 1024K, 13 young (13312K), 4 survivors (4096K)
 Metaspace       used 57597K, capacity 59269K, committed 59516K, reserved 1101824K
  class space    used 7430K, capacity 8064K, committed 8140K, reserved 1048576K
}
Event: 6.305 GC heap after
{Heap after GC invocations=25 (full 0):
 garbage-first heap   total 210944K, used 105650K [0x0000000080000000, 0x0000000100000000)
  region size 1024K, 6 young (6144K), 6 survivors (6144K)
 Metaspace       used 57597K, capacity 59269K, committed 59516K, reserved 1101824K
  class space    used 7430K, capacity 8064K, committed 8140K, reserved 1048576K
}
Event: 6.732 GC heap before
{Heap before GC invocations=26 (full 0):
 garbage-first heap   total 210944K, used 151730K [0x0000000080000000, 0x0000000100000000)
  region size 1024K, 50 young (51200K), 6 survivors (6144K)
 Metaspace       used 63268K, capacity 65008K, committed 65148K, reserved 1105920K
  class space    used 8091K, capacity 8781K, committed 8908K, reserved 1048576K
}
Event: 6.736 GC heap after
{Heap after GC invocations=27 (full 0):
 garbage-first heap   total 210944K, used 108036K [0x0000000080000000, 0x0000000100000000)
  region size 1024K, 4 young (4096K), 4 survivors (4096K)
 Metaspace       used 63268K, capacity 65008K, committed 65148K, reserved 1105920K
  class space    used 8091K, capacity 8781K, committed 8908K, reserved 1048576K
}
Event: 7.125 GC heap before
{Heap before GC invocations=27 (full 0):
 garbage-first heap   total 210944K, used 141828K [0x0000000080000000, 0x0000000100000000)
  region size 1024K, 38 young (38912K), 4 survivors (4096K)
 Metaspace       used 68645K, capacity 70644K, committed 70908K, reserved 1110016K
  class space    used 8760K, capacity 9535K, committed 9548K, reserved 1048576K
}
Event: 7.129 GC heap after
{Heap after GC invocations=28 (full 0):
 garbage-first heap   total 210944K, used 110886K [0x0000000080000000, 0x0000000100000000)
  region size 1024K, 6 young (6144K), 6 survivors (6144K)
 Metaspace       used 68645K, capacity 70644K, committed 70908K, reserved 1110016K
  class space    used 8760K, capacity 9535K, committed 9548K, reserved 1048576K
}
Event: 7.531 GC heap before
{Heap before GC invocations=29 (full 0):
 garbage-first heap   total 210944K, used 166182K [0x0000000080000000, 0x0000000100000000)
  region size 1024K, 53 young (54272K), 6 survivors (6144K)
 Metaspace       used 71424K, capacity 73334K, committed 73596K, reserved 1114112K
  class space    used 9106K, capacity 9844K, committed 9932K, reserved 1048576K
}
Event: 7.537 GC heap after
{Heap after GC invocations=30 (full 0):
 garbage-first heap   total 210944K, used 114315K [0x0000000080000000, 0x0000000100000000)
  region size 1024K, 7 young (7168K), 7 survivors (7168K)
 Metaspace       used 71424K, capacity 73334K, committed 73596K, reserved 1114112K
  class space    used 9106K, capacity 9844K, committed 9932K, reserved 1048576K
}
Event: 7.638 GC heap before
{Heap before GC invocations=30 (full 0):
 garbage-first heap   total 210944K, used 124555K [0x0000000080000000, 0x0000000100000000)
  region size 1024K, 18 young (18432K), 7 survivors (7168K)
 Metaspace       used 72311K, capacity 74272K, committed 74492K, reserved 1114112K
  class space    used 9233K, capacity 10006K, committed 10060K, reserved 1048576K
}
Event: 7.642 GC heap after
{Heap after GC invocations=31 (full 0):
 garbage-first heap   total 210944K, used 115853K [0x0000000080000000, 0x0000000100000000)
  region size 1024K, 2 young (2048K), 2 survivors (2048K)
 Metaspace       used 72311K, capacity 74272K, committed 74492K, reserved 1114112K
  class space    used 9233K, capacity 10006K, committed 10060K, reserved 1048576K
}
Event: 8.031 GC heap before
{Heap before GC invocations=32 (full 0):
 garbage-first heap   total 210944K, used 160909K [0x0000000080000000, 0x0000000100000000)
  region size 1024K, 45 young (46080K), 2 survivors (2048K)
 Metaspace       used 73537K, capacity 75567K, committed 75772K, reserved 1114112K
  class space    used 9408K, capacity 10218K, committed 10316K, reserved 1048576K
}
Event: 8.034 GC heap after
{Heap after GC invocations=33 (full 0):
 garbage-first heap   total 210944K, used 117322K [0x0000000080000000, 0x0000000100000000)
  region size 1024K, 3 young (3072K), 3 survivors (3072K)
 Metaspace       used 73537K, capacity 75567K, committed 75772K, reserved 1114112K
  class space    used 9408K, capacity 10218K, committed 10316K, reserved 1048576K
}
Event: 8.519 GC heap before
{Heap before GC invocations=33 (full 0):
 garbage-first heap   total 210944K, used 163402K [0x0000000080000000, 0x0000000100000000)
  region size 1024K, 48 young (49152K), 3 survivors (3072K)
 Metaspace       used 77979K, capacity 80092K, committed 80380K, reserved 1118208K
  class space    used 10138K, capacity 10958K, committed 11084K, reserved 1048576K
}
Event: 8.526 GC heap after
{Heap after GC invocations=34 (full 0):
 garbage-first heap   total 210944K, used 119811K [0x0000000080000000, 0x0000000100000000)
  region size 1024K, 6 young (6144K), 6 survivors (6144K)
 Metaspace       used 77979K, capacity 80092K, committed 80380K, reserved 1118208K
  class space    used 10138K, capacity 10958K, committed 11084K, reserved 1048576K
}

Deoptimization events (20 events):
Event: 7.791 Thread 0x000001bf2a831000 Uncommon trap: trap_request=0xffffffde fr.pc=0x000001bf18a330e4 relative=0x00000000000001c4
Event: 7.791 Thread 0x000001bf2a831000 Uncommon trap: reason=class_check action=maybe_recompile pc=0x000001bf18a330e4 method=java.lang.String.equals(Ljava/lang/Object;)Z @ 8 c2
Event: 7.791 Thread 0x000001bf2a831000 DEOPT PACKING pc=0x000001bf18a330e4 sp=0x000000b651cf7510
Event: 7.791 Thread 0x000001bf2a831000 DEOPT UNPACKING pc=0x000001bf10f9a1af sp=0x000000b651cf74b8 mode 2
Event: 7.937 Thread 0x000001bf2a831000 Uncommon trap: trap_request=0xffffff4d fr.pc=0x000001bf18bda378 relative=0x0000000000000338
Event: 7.937 Thread 0x000001bf2a831000 Uncommon trap: reason=unstable_if action=reinterpret pc=0x000001bf18bda378 method=java.util.StringJoiner.add(Ljava/lang/CharSequence;)Ljava/util/StringJoiner; @ 33 c2
Event: 7.937 Thread 0x000001bf2a831000 DEOPT PACKING pc=0x000001bf18bda378 sp=0x000000b651cf4bc0
Event: 7.937 Thread 0x000001bf2a831000 DEOPT UNPACKING pc=0x000001bf10f9a1af sp=0x000000b651cf4b70 mode 2
Event: 7.993 Thread 0x000001bf2a831000 Uncommon trap: trap_request=0xfffffff4 fr.pc=0x000001bf18c77b6c relative=0x00000000000009cc
Event: 7.994 Thread 0x000001bf2a831000 Uncommon trap: reason=null_check action=make_not_entrant pc=0x000001bf18c77b6c method=com.sun.beans.introspect.MethodInfo$MethodOrder.compare(Ljava/lang/reflect/Method;Ljava/lang/reflect/Method;)I @ 133 c2
Event: 7.994 Thread 0x000001bf2a831000 DEOPT PACKING pc=0x000001bf18c77b6c sp=0x000000b651cf29d0
Event: 7.994 Thread 0x000001bf2a831000 DEOPT UNPACKING pc=0x000001bf10f9a1af sp=0x000000b651cf2900 mode 2
Event: 8.001 Thread 0x000001bf2a831000 Uncommon trap: trap_request=0xffffff4d fr.pc=0x000001bf18e78a30 relative=0x0000000000001990
Event: 8.001 Thread 0x000001bf2a831000 Uncommon trap: reason=unstable_if action=reinterpret pc=0x000001bf18e78a30 method=groovy.lang.MetaClassImpl.filterPropertyMethod(Ljava/lang/Object;ZZ)Ljava/lang/Object; @ 60 c2
Event: 8.001 Thread 0x000001bf2a831000 DEOPT PACKING pc=0x000001bf18e78a30 sp=0x000000b651cf4f10
Event: 8.001 Thread 0x000001bf2a831000 DEOPT UNPACKING pc=0x000001bf10f9a1af sp=0x000000b651cf4f00 mode 2
Event: 8.047 Thread 0x000001bf2a831000 Uncommon trap: trap_request=0xfffffff4 fr.pc=0x000001bf18e854f8 relative=0x00000000000009b8
Event: 8.047 Thread 0x000001bf2a831000 Uncommon trap: reason=null_check action=make_not_entrant pc=0x000001bf18e854f8 method=com.sun.beans.introspect.MethodInfo$MethodOrder.compare(Ljava/lang/reflect/Method;Ljava/lang/reflect/Method;)I @ 145 c2
Event: 8.047 Thread 0x000001bf2a831000 DEOPT PACKING pc=0x000001bf18e854f8 sp=0x000000b651cf15b0
Event: 8.047 Thread 0x000001bf2a831000 DEOPT UNPACKING pc=0x000001bf10f9a1af sp=0x000000b651cf14e0 mode 2

Classes redefined (0 events):
No events

Internal exceptions (20 events):
Event: 8.046 Thread 0x000001bf2a831000 Exception <a 'java/lang/ClassNotFoundException'{0x000000008ca8d740}: com/android/build/gradle/internal/dsl/BuildType$AgpDecorated_DecoratedBeanInfo> (0x000000008ca8d740) thrown at [src/hotspot/share/classfile/systemDictionary.cpp, line 230]
Event: 8.046 Thread 0x000001bf2a831000 Exception <a 'java/lang/ClassNotFoundException'{0x000000008caad030}: com/android/build/gradle/internal/dsl/BuildType$AgpDecoratedBeanInfo> (0x000000008caad030) thrown at [src/hotspot/share/classfile/systemDictionary.cpp, line 230]
Event: 8.047 Thread 0x000001bf2a831000 Exception <a 'java/lang/ClassNotFoundException'{0x000000008caca440}: com/android/build/gradle/internal/dsl/BuildTypeBeanInfo> (0x000000008caca440) thrown at [src/hotspot/share/classfile/systemDictionary.cpp, line 230]
Event: 8.047 Thread 0x000001bf2a831000 Exception <a 'java/lang/ClassNotFoundException'{0x000000008cae6ca0}: com/android/builder/core/AbstractBuildTypeBeanInfo> (0x000000008cae6ca0) thrown at [src/hotspot/share/classfile/systemDictionary.cpp, line 230]
Event: 8.047 Thread 0x000001bf2a831000 Exception <a 'java/lang/ClassNotFoundException'{0x000000008c903e98}: com/android/builder/core/AbstractBuildTypeCustomizer> (0x000000008c903e98) thrown at [src/hotspot/share/classfile/systemDictionary.cpp, line 230]
Event: 8.048 Thread 0x000001bf2a831000 Exception <a 'java/lang/ClassNotFoundException'{0x000000008c93d7f8}: com/android/build/gradle/internal/dsl/BuildTypeCustomizer> (0x000000008c93d7f8) thrown at [src/hotspot/share/classfile/systemDictionary.cpp, line 230]
Event: 8.050 Thread 0x000001bf2a831000 Exception <a 'java/lang/ClassNotFoundException'{0x000000008c9d4fa8}: com/android/build/gradle/internal/dsl/BuildType$AgpDecoratedCustomizer> (0x000000008c9d4fa8) thrown at [src/hotspot/share/classfile/systemDictionary.cpp, line 230]
Event: 8.051 Thread 0x000001bf2a831000 Exception <a 'java/lang/ClassNotFoundException'{0x000000008c837be0}: com/android/build/gradle/internal/dsl/BuildType$AgpDecorated_DecoratedCustomizer> (0x000000008c837be0) thrown at [src/hotspot/share/classfile/systemDictionary.cpp, line 230]
Event: 8.054 Thread 0x000001bf2a831000 Exception <a 'java/lang/ClassNotFoundException'{0x000000008c712ef0}: build_36oxe5gfk59mzxbx5r5tasqdv$_run_closure1$_closure4BeanInfo> (0x000000008c712ef0) thrown at [src/hotspot/share/classfile/systemDictionary.cpp, line 230]
Event: 8.054 Thread 0x000001bf2a831000 Exception <a 'java/lang/ClassNotFoundException'{0x000000008c7264b8}: build_36oxe5gfk59mzxbx5r5tasqdv$_run_closure1$_closure4Customizer> (0x000000008c7264b8) thrown at [src/hotspot/share/classfile/systemDictionary.cpp, line 230]
Event: 8.056 Thread 0x000001bf2a831000 Exception <a 'java/lang/ClassNotFoundException'{0x000000008c751c28}: build_36oxe5gfk59mzxbx5r5tasqdv$_run_closure1BeanInfo> (0x000000008c751c28) thrown at [src/hotspot/share/classfile/systemDictionary.cpp, line 230]
Event: 8.056 Thread 0x000001bf2a831000 Exception <a 'java/lang/ClassNotFoundException'{0x000000008c764720}: build_36oxe5gfk59mzxbx5r5tasqdv$_run_closure1Customizer> (0x000000008c764720) thrown at [src/hotspot/share/classfile/systemDictionary.cpp, line 230]
Event: 8.060 Thread 0x000001bf2a831000 Exception <a 'java/lang/ClassNotFoundException'{0x000000008c7cfa38}: org/gradle/api/JavaVersionBeanInfo> (0x000000008c7cfa38) thrown at [src/hotspot/share/classfile/systemDictionary.cpp, line 230]
Event: 8.061 Thread 0x000001bf2a831000 Exception <a 'java/lang/ClassNotFoundException'{0x000000008c601a70}: org/gradle/api/JavaVersionCustomizer> (0x000000008c601a70) thrown at [src/hotspot/share/classfile/systemDictionary.cpp, line 230]
Event: 8.064 Thread 0x000001bf2a831000 Exception <a 'java/lang/ClassNotFoundException'{0x000000008c66eb20}: com/android/build/gradle/internal/CompileOptions$AgpDecorated_DecoratedBeanInfo> (0x000000008c66eb20) thrown at [src/hotspot/share/classfile/systemDictionary.cpp, line 230]
Event: 8.064 Thread 0x000001bf2a831000 Exception <a 'java/lang/ClassNotFoundException'{0x000000008c68d4d0}: com/android/build/gradle/internal/CompileOptions$AgpDecoratedBeanInfo> (0x000000008c68d4d0) thrown at [src/hotspot/share/classfile/systemDictionary.cpp, line 230]
Event: 8.064 Thread 0x000001bf2a831000 Exception <a 'java/lang/ClassNotFoundException'{0x000000008c6a9900}: com/android/build/gradle/internal/CompileOptionsBeanInfo> (0x000000008c6a9900) thrown at [src/hotspot/share/classfile/systemDictionary.cpp, line 230]
Event: 8.064 Thread 0x000001bf2a831000 Exception <a 'java/lang/ClassNotFoundException'{0x000000008c6c6250}: com/android/build/gradle/internal/CompileOptionsCustomizer> (0x000000008c6c6250) thrown at [src/hotspot/share/classfile/systemDictionary.cpp, line 230]
Event: 8.065 Thread 0x000001bf2a831000 Exception <a 'java/lang/ClassNotFoundException'{0x000000008c6f0e40}: com/android/build/gradle/internal/CompileOptions$AgpDecoratedCustomizer> (0x000000008c6f0e40) thrown at [src/hotspot/share/classfile/systemDictionary.cpp, line 230]
Event: 8.066 Thread 0x000001bf2a831000 Exception <a 'java/lang/ClassNotFoundException'{0x000000008c51f780}: com/android/build/gradle/internal/CompileOptions$AgpDecorated_DecoratedCustomizer> (0x000000008c51f780) thrown at [src/hotspot/share/classfile/systemDictionary.cpp, line 230]

Events (20 events):
Event: 8.592 loading class com/android/build/gradle/internal/lint/AndroidLintTask$SingleVariantCreationAction$Companion
Event: 8.592 loading class com/android/build/gradle/internal/lint/AndroidLintTask$SingleVariantCreationAction$Companion done
Event: 8.593 loading class com/android/build/gradle/internal/lint/AndroidLintTask$VariantCreationAction$Companion$registerLintIntermediateArtifacts$1
Event: 8.593 loading class com/android/build/gradle/internal/lint/AndroidLintTask$VariantCreationAction$Companion$registerLintIntermediateArtifacts$1 done
Event: 8.594 loading class com/android/build/gradle/internal/scope/InternalArtifactType$LINT_INTERMEDIATE_TEXT_REPORT
Event: 8.594 loading class com/android/build/gradle/internal/scope/InternalArtifactType$LINT_INTERMEDIATE_TEXT_REPORT done
Event: 8.594 loading class com/android/build/gradle/internal/lint/AndroidLintTask$VariantCreationAction$Companion$registerLintIntermediateArtifacts$2
Event: 8.594 loading class com/android/build/gradle/internal/lint/AndroidLintTask$VariantCreationAction$Companion$registerLintIntermediateArtifacts$2 done
Event: 8.595 loading class com/android/build/gradle/internal/scope/InternalArtifactType$LINT_RETURN_VALUE
Event: 8.595 loading class com/android/build/gradle/internal/scope/InternalArtifactType$LINT_RETURN_VALUE done
Event: 8.596 loading class com/android/build/gradle/internal/lint/AndroidLintTask$SingleVariantCreationAction$Companion$registerLintReportArtifacts$1
Event: 8.596 loading class com/android/build/gradle/internal/lint/AndroidLintTask$SingleVariantCreationAction$Companion$registerLintReportArtifacts$1 done
Event: 8.596 loading class com/android/build/gradle/internal/scope/InternalArtifactType$LINT_TEXT_REPORT
Event: 8.596 loading class com/android/build/gradle/internal/scope/InternalArtifactType$LINT_TEXT_REPORT done
Event: 8.597 loading class com/android/build/gradle/internal/lint/AndroidLintTask$SingleVariantCreationAction$Companion$registerLintReportArtifacts$2
Event: 8.597 loading class com/android/build/gradle/internal/lint/AndroidLintTask$SingleVariantCreationAction$Companion$registerLintReportArtifacts$2 done
Event: 8.597 loading class com/android/build/gradle/internal/scope/InternalArtifactType$LINT_HTML_REPORT
Event: 8.597 loading class com/android/build/gradle/internal/scope/InternalArtifactType$LINT_HTML_REPORT done
Event: 8.597 loading class com/android/build/gradle/internal/lint/AndroidLintTask$SingleVariantCreationAction$Companion$registerLintReportArtifacts$3
Event: 8.597 loading class com/android/build/gradle/internal/lint/AndroidLintTask$SingleVariantCreationAction$Companion$registerLintReportArtifacts$3 done


Dynamic libraries:
0x00007ff6dbb00000 - 0x00007ff6dbb0a000 	D:\FongAndroid\jbr\bin\java.exe
0x00007ffedd590000 - 0x00007ffedd7a7000 	C:\WINDOWS\SYSTEM32\ntdll.dll
0x00007ffedcb90000 - 0x00007ffedcc54000 	C:\WINDOWS\System32\KERNEL32.DLL
0x00007ffedabc0000 - 0x00007ffedaf66000 	C:\WINDOWS\System32\KERNELBASE.dll
0x00007ffedaf70000 - 0x00007ffedb081000 	C:\WINDOWS\System32\ucrtbase.dll
0x00007ffed5670000 - 0x00007ffed568b000 	D:\FongAndroid\jbr\bin\VCRUNTIME140.dll
0x00007ffec6010000 - 0x00007ffec6027000 	D:\FongAndroid\jbr\bin\jli.dll
0x00007ffedcc60000 - 0x00007ffedce0e000 	C:\WINDOWS\System32\USER32.dll
0x00007ffec42f0000 - 0x00007ffec4583000 	C:\WINDOWS\WinSxS\amd64_microsoft.windows.common-controls_6595b64144ccf1df_6.0.22621.2506_none_270c5ae97388e100\COMCTL32.dll
0x00007ffeda900000 - 0x00007ffeda926000 	C:\WINDOWS\System32\win32u.dll
0x00007ffedce10000 - 0x00007ffedceb7000 	C:\WINDOWS\System32\msvcrt.dll
0x00007ffedb720000 - 0x00007ffedb749000 	C:\WINDOWS\System32\GDI32.dll
0x00007ffedaaa0000 - 0x00007ffedabb8000 	C:\WINDOWS\System32\gdi32full.dll
0x00007ffedb150000 - 0x00007ffedb1ea000 	C:\WINDOWS\System32\msvcp_win.dll
0x00007ffedd460000 - 0x00007ffedd491000 	C:\WINDOWS\System32\IMM32.DLL
0x00007ffea1970000 - 0x00007ffea19fd000 	D:\FongAndroid\jbr\bin\msvcp140.dll
0x00007ffeb46a0000 - 0x00007ffeb46ac000 	C:\WINDOWS\SYSTEM32\VCRUNTIME140_1.dll
0x00007ffe98b30000 - 0x00007ffe996ec000 	D:\FongAndroid\jbr\bin\server\jvm.dll
0x00007ffedcee0000 - 0x00007ffedcf93000 	C:\WINDOWS\System32\ADVAPI32.dll
0x00007ffedd4a0000 - 0x00007ffedd548000 	C:\WINDOWS\System32\sechost.dll
0x00007ffeda8d0000 - 0x00007ffeda8f8000 	C:\WINDOWS\System32\bcrypt.dll
0x00007ffedd340000 - 0x00007ffedd457000 	C:\WINDOWS\System32\RPCRT4.dll
0x00007ffedced0000 - 0x00007ffedced8000 	C:\WINDOWS\System32\PSAPI.DLL
0x00007ffed2ea0000 - 0x00007ffed2eaa000 	C:\WINDOWS\SYSTEM32\VERSION.dll
0x00007ffed35e0000 - 0x00007ffed3614000 	C:\WINDOWS\SYSTEM32\WINMM.dll
0x00007ffed5ec0000 - 0x00007ffed5ec9000 	C:\WINDOWS\SYSTEM32\WSOCK32.dll
0x00007ffedb400000 - 0x00007ffedb471000 	C:\WINDOWS\System32\WS2_32.dll
0x00007ffed9900000 - 0x00007ffed9918000 	C:\WINDOWS\SYSTEM32\kernel.appcore.dll
0x00007ffed5eb0000 - 0x00007ffed5ec0000 	D:\FongAndroid\jbr\bin\verify.dll
0x00007ffed8480000 - 0x00007ffed86b3000 	C:\WINDOWS\SYSTEM32\DBGHELP.DLL
0x00007ffedbe80000 - 0x00007ffedc209000 	C:\WINDOWS\System32\combase.dll
0x00007ffedbc30000 - 0x00007ffedbd07000 	C:\WINDOWS\System32\OLEAUT32.dll
0x00007ffeb4e50000 - 0x00007ffeb4e82000 	C:\WINDOWS\SYSTEM32\dbgcore.DLL
0x00007ffedb1f0000 - 0x00007ffedb26a000 	C:\WINDOWS\System32\bcryptPrimitives.dll
0x00007ffed4bf0000 - 0x00007ffed4c18000 	D:\FongAndroid\jbr\bin\java.dll
0x00007ffed5ea0000 - 0x00007ffed5eaa000 	D:\FongAndroid\jbr\bin\jimage.dll
0x00007ffec60f0000 - 0x00007ffec6108000 	D:\FongAndroid\jbr\bin\zip.dll
0x00007ffedc220000 - 0x00007ffedca7a000 	C:\WINDOWS\System32\SHELL32.dll
0x00007ffed8820000 - 0x00007ffed9116000 	C:\WINDOWS\SYSTEM32\windows.storage.dll
0x00007ffed86e0000 - 0x00007ffed881e000 	C:\WINDOWS\SYSTEM32\wintypes.dll
0x00007ffedb480000 - 0x00007ffedb573000 	C:\WINDOWS\System32\SHCORE.dll
0x00007ffedbbd0000 - 0x00007ffedbc2e000 	C:\WINDOWS\System32\shlwapi.dll
0x00007ffeda800000 - 0x00007ffeda826000 	C:\WINDOWS\SYSTEM32\profapi.dll
0x00007ffec60d0000 - 0x00007ffec60e9000 	D:\FongAndroid\jbr\bin\net.dll
0x00007ffed29b0000 - 0x00007ffed2ae7000 	C:\WINDOWS\SYSTEM32\WINHTTP.dll
0x00007ffed9d80000 - 0x00007ffed9de9000 	C:\WINDOWS\system32\mswsock.dll
0x00007ffec09d0000 - 0x00007ffec09e3000 	D:\FongAndroid\jbr\bin\nio.dll
0x00007ffeaa550000 - 0x00007ffeaa577000 	C:\Users\HI\.gradle\native\e1d6ef7f7dcc3fd88c89a11ec53ec762bb8ba0a96d01ffa2cd45eb1d1d8dd5c5\windows-amd64\native-platform.dll
0x00007ffe9da40000 - 0x00007ffe9db84000 	C:\Users\HI\.gradle\native\0d407fdbe67a94daf76414ababcb853783967236a71b16ec16e742cd7a986fd3\windows-amd64\native-platform-file-events.dll
0x00007ffebb710000 - 0x00007ffebb71a000 	D:\FongAndroid\jbr\bin\management.dll
0x00007ffebb700000 - 0x00007ffebb70b000 	D:\FongAndroid\jbr\bin\management_ext.dll
0x00007ffed9fe0000 - 0x00007ffed9ffb000 	C:\WINDOWS\SYSTEM32\CRYPTSP.dll
0x00007ffed9860000 - 0x00007ffed9895000 	C:\WINDOWS\system32\rsaenh.dll
0x00007ffed9e70000 - 0x00007ffed9e9c000 	C:\WINDOWS\SYSTEM32\USERENV.dll
0x00007ffed9fd0000 - 0x00007ffed9fdc000 	C:\WINDOWS\SYSTEM32\CRYPTBASE.dll
0x00007ffed9380000 - 0x00007ffed93ad000 	C:\WINDOWS\SYSTEM32\IPHLPAPI.DLL
0x00007ffedb3d0000 - 0x00007ffedb3d9000 	C:\WINDOWS\System32\NSI.dll
0x00007ffed21b0000 - 0x00007ffed21c9000 	C:\WINDOWS\SYSTEM32\dhcpcsvc6.DLL
0x00007ffed2190000 - 0x00007ffed21af000 	C:\WINDOWS\SYSTEM32\dhcpcsvc.DLL
0x00007ffed93f0000 - 0x00007ffed94e9000 	C:\WINDOWS\SYSTEM32\DNSAPI.dll

dbghelp: loaded successfully - version: 4.0.5 - missing functions: none
symbol engine: initialized successfully - sym options: 0x614 - pdb path: .;D:\FongAndroid\jbr\bin;C:\WINDOWS\SYSTEM32;C:\WINDOWS\WinSxS\amd64_microsoft.windows.common-controls_6595b64144ccf1df_6.0.22621.2506_none_270c5ae97388e100;D:\FongAndroid\jbr\bin\server;C:\Users\HI\.gradle\native\e1d6ef7f7dcc3fd88c89a11ec53ec762bb8ba0a96d01ffa2cd45eb1d1d8dd5c5\windows-amd64;C:\Users\HI\.gradle\native\0d407fdbe67a94daf76414ababcb853783967236a71b16ec16e742cd7a986fd3\windows-amd64

VM Arguments:
jvm_args: --add-opens=java.base/java.util=ALL-UNNAMED --add-opens=java.base/java.lang=ALL-UNNAMED --add-opens=java.base/java.lang.invoke=ALL-UNNAMED --add-opens=java.base/java.util=ALL-UNNAMED --add-opens=java.prefs/java.util.prefs=ALL-UNNAMED --add-opens=java.prefs/java.util.prefs=ALL-UNNAMED --add-opens=java.base/java.nio.charset=ALL-UNNAMED --add-opens=java.base/java.net=ALL-UNNAMED --add-opens=java.base/java.util.concurrent.atomic=ALL-UNNAMED -Xmx2048m -Dfile.encoding=UTF-8 -Duser.country=US -Duser.language=en -Duser.variant 
java_command: org.gradle.launcher.daemon.bootstrap.GradleDaemon 7.5
java_class_path (initial): C:\Users\HI\.gradle\wrapper\dists\gradle-7.5-bin\f1w0cc9nuo0eivz97x2xlu9sv\gradle-7.5\lib\gradle-launcher-7.5.jar
Launcher Type: SUN_STANDARD

[Global flags]
     intx CICompilerCount                          = 3                                         {product} {ergonomic}
     uint ConcGCThreads                            = 2                                         {product} {ergonomic}
     uint G1ConcRefinementThreads                  = 6                                         {product} {ergonomic}
   size_t G1HeapRegionSize                         = 1048576                                   {product} {ergonomic}
    uintx GCDrainStackTargetSize                   = 64                                        {product} {ergonomic}
   size_t InitialHeapSize                          = 123731968                                 {product} {ergonomic}
   size_t MarkStackSize                            = 4194304                                   {product} {ergonomic}
   size_t MaxHeapSize                              = 2147483648                                {product} {command line}
   size_t MaxNewSize                               = 1287651328                                {product} {ergonomic}
   size_t MinHeapDeltaBytes                        = 1048576                                   {product} {ergonomic}
    uintx NonNMethodCodeHeapSize                   = 5830732                                {pd product} {ergonomic}
    uintx NonProfiledCodeHeapSize                  = 122913754                              {pd product} {ergonomic}
    uintx ProfiledCodeHeapSize                     = 122913754                              {pd product} {ergonomic}
    uintx ReservedCodeCacheSize                    = 251658240                              {pd product} {ergonomic}
     bool SegmentedCodeCache                       = true                                      {product} {ergonomic}
     bool UseCompressedClassPointers               = true                                 {lp64_product} {ergonomic}
     bool UseCompressedOops                        = true                                 {lp64_product} {ergonomic}
     bool UseG1GC                                  = true                                      {product} {ergonomic}
     bool UseLargePagesIndividualAllocation        = false                                  {pd product} {ergonomic}

Logging:
Log output configuration:
 #0: stdout all=warning uptime,level,tags
 #1: stderr all=off uptime,level,tags

Environment Variables:
JAVA_HOME=C:\Java\
PATH=C:\Program Files\Common Files\Oracle\Java\javapath;C:\Program Files (x86)\VMware\VMware Workstation\bin\;C:\Java\bin;C:\WINDOWS\system32;C:\WINDOWS;C:\WINDOWS\System32\Wbem;C:\WINDOWS\System32\WindowsPowerShell\v1.0\;C:\WINDOWS\System32\OpenSSH\;C:\MinGW\bin\;C:\TDM-GCC-64\bin;C:\Program Files\Microsoft SQL Server\Client SDK\ODBC\170\Tools\Binn\;C:\Program Files (x86)\Microsoft SQL Server\150\Tools\Binn\;C:\Program Files\Microsoft SQL Server\150\Tools\Binn\;C:\Program Files\Microsoft SQL Server\150\DTS\Binn\;C:\Program Files (x86)\Microsoft SQL Server\160\DTS\Binn\;C:\Program Files (x86)\Microsoft SQL Server\160\Tools\Binn\;C:\Program Files\Microsoft SQL Server\160\Tools\Binn\;C:\Program Files\Microsoft SQL Server\160\DTS\Binn\;D:\;C:\dart-sdk;C:\Program Files\dotnet\;C:\Program Files\Git\cmd;C:\Program Files\MySQL\MySQL Shell 8.0\bin\;D:\Scripts\;D:\;D:\python\Scripts\;D:\python\;C:\Users\HI\AppData\Local\Microsoft\WindowsApps;C:\Users\HI\AppData\Local\Programs\Microsoft VS Code\bin;C:\TDM-GCC-64\bin;D:\php\php;C:\Program Files\JetBrains\PyCharm Community Edition 2021.2.3\bin;;;C:\Program Files\Azure Data Studio\bin;C:\Users\HI\AppData\Roaming\npm;C:\Users\HI\.dotnet\tools;C:\Program Files\JetBrains\IntelliJ IDEA 2023.2.2\bin;;C:\Program Files\JetBrains\IntelliJ IDEA Educational Edition 2022.2.2\bin;;C:\Program Files\JetBrains\IntelliJ IDEA Community Edition 2023.2.2\bin;
USERNAME=HI
OS=Windows_NT
PROCESSOR_IDENTIFIER=AMD64 Family 23 Model 96 Stepping 1, AuthenticAMD



---------------  S Y S T E M  ---------------

OS: Windows 11 , 64 bit Build 22621 (10.0.22621.2506)
OS uptime: 0 days 2:09 hours

CPU:total 6 (initial active 6) (6 cores per cpu, 1 threads per core) family 23 model 96 stepping 1 microcode 0x0, cmov, cx8, fxsr, mmx, sse, sse2, sse3, ssse3, sse4.1, sse4.2, popcnt, avx, avx2, aes, clmul, mmxext, 3dnowpref, lzcnt, sse4a, tsc, tscinvbit, tscinv, bmi1, bmi2, adx, sha, fma

Memory: 4k page, system-wide physical 7542M (443M free)
TotalPageFile size 11638M (AvailPageFile size 6M)
current process WorkingSet (physical memory assigned to process): 447M, peak: 447M
current process commit charge ("private bytes"): 482M, peak: 483M

vm_info: OpenJDK 64-Bit Server VM (11.0.15+0-b2043.56-8887301) for windows-amd64 JRE (11.0.15+0-b2043.56-8887301), built on Jul 29 2022 23:19:47 by "builduser" with unknown MS VC++:1929

END.
