#
# There is insufficient memory for the Java Runtime Environment to continue.
# Native memory allocation (malloc) failed to allocate 1166096 bytes for Chunk::new
# Possible reasons:
#   The system is out of physical RAM or swap space
#   The process is running with CompressedOops enabled, and the Java Heap may be blocking the growth of the native heap
# Possible solutions:
#   Reduce memory load on the system
#   Increase physical memory or swap space
#   Check if swap backing store is full
#   Decrease Java heap size (-Xmx/-Xms)
#   Decrease number of Java threads
#   Decrease Java thread stack sizes (-Xss)
#   Set larger code cache with -XX:ReservedCodeCacheSize=
#   JVM is running with Unscaled Compressed Oops mode in which the Java heap is
#     placed in the first 4GB address space. The Java Heap base address is the
#     maximum limit for the native heap growth. Please use -XX:HeapBaseMinAddress
#     to set the Java Heap base and to place the Java Heap above 4GB virtual address.
# This output file may be truncated or incomplete.
#
#  Out of Memory Error (src/hotspot/share/memory/arena.cpp:197), pid=9128, tid=5032
#
# JRE version: OpenJDK Runtime Environment (11.0.15) (build 11.0.15+0-b2043.56-8887301)
# Java VM: OpenJDK 64-Bit Server VM (11.0.15+0-b2043.56-8887301, mixed mode, tiered, compressed oops, g1 gc, windows-amd64)
# No core dump will be written. Minidumps are not enabled by default on client versions of Windows
#

---------------  S U M M A R Y ------------

Command Line: --add-opens=java.base/java.util=ALL-UNNAMED --add-opens=java.base/java.lang=ALL-UNNAMED --add-opens=java.base/java.lang.invoke=ALL-UNNAMED --add-opens=java.base/java.util=ALL-UNNAMED --add-opens=java.prefs/java.util.prefs=ALL-UNNAMED --add-opens=java.prefs/java.util.prefs=ALL-UNNAMED --add-opens=java.base/java.nio.charset=ALL-UNNAMED --add-opens=java.base/java.net=ALL-UNNAMED --add-opens=java.base/java.util.concurrent.atomic=ALL-UNNAMED -Xmx2048m -Dfile.encoding=UTF-8 -Duser.country=US -Duser.language=en -Duser.variant org.gradle.launcher.daemon.bootstrap.GradleDaemon 7.5

Host: AMD Ryzen 5 4500U with Radeon Graphics         , 6 cores, 7G,  Windows 11 , 64 bit Build 22621 (10.0.22621.2506)
Time: Wed Jan 17 10:49:53 2024 SE Asia Standard Time elapsed time: 6.696642 seconds (0d 0h 0m 6s)

---------------  T H R E A D  ---------------

Current thread (0x000001a1bf070000):  JavaThread "C2 CompilerThread1" daemon [_thread_in_native, id=5032, stack(0x00000003d7000000,0x00000003d7100000)]


Current CompileTask:
C2:   6696 6469       4       org.objectweb.asm.MethodWriter::computeAllFrames (510 bytes)

Stack: [0x00000003d7000000,0x00000003d7100000]
Native frames: (J=compiled Java code, j=interpreted, Vv=VM code, C=native code)
V  [jvm.dll+0x64135a]
V  [jvm.dll+0x7d39f9]
V  [jvm.dll+0x7d51b9]
V  [jvm.dll+0x7d58a3]
V  [jvm.dll+0x2691c5]
V  [jvm.dll+0xc1a5c]
V  [jvm.dll+0xc200c]
V  [jvm.dll+0x377462]
V  [jvm.dll+0x342495]
V  [jvm.dll+0x34186a]
V  [jvm.dll+0x2214bd]
V  [jvm.dll+0x220498]
V  [jvm.dll+0x19e851]
V  [jvm.dll+0x230479]
V  [jvm.dll+0x22e5ef]
V  [jvm.dll+0x794de1]
V  [jvm.dll+0x78dc24]
V  [jvm.dll+0x6400f6]
C  [ucrtbase.dll+0x29363]
C  [KERNEL32.DLL+0x1257d]
C  [ntdll.dll+0x5aa58]


---------------  P R O C E S S  ---------------

Threads class SMR info:
_java_thread_list=0x000001a1c025f660, length=101, elements={
0x000001a1a2648800, 0x000001a1bc694800, 0x000001a1bc695800, 0x000001a1bd012800,
0x000001a1bd013800, 0x000001a1bd014800, 0x000001a1bd018000, 0x000001a1bd01d000,
0x000001a1bd01f800, 0x000001a1bd177000, 0x000001a1be010000, 0x000001a1bfb46800,
0x000001a1bd258800, 0x000001a1bee86800, 0x000001a1be00d000, 0x000001a1be38e000,
0x000001a1bf2e8800, 0x000001a1bf2c8800, 0x000001a1bf582800, 0x000001a1bef9a800,
0x000001a1bf831000, 0x000001a1bf831800, 0x000001a1bf82f800, 0x000001a1bf070000,
0x000001a1bf830000, 0x000001a1c030e000, 0x000001a1c0314800, 0x000001a1c030e800,
0x000001a1c0315800, 0x000001a1c0313800, 0x000001a1c0313000, 0x000001a1c0310800,
0x000001a1c030f800, 0x000001a1c0316000, 0x000001a1c0317000, 0x000001a1c0311000,
0x000001a1c0317800, 0x000001a1c0312000, 0x000001a1c031b000, 0x000001a1c031c000,
0x000001a1c031c800, 0x000001a1c0a1f800, 0x000001a1c0a21800, 0x000001a1c0a1f000,
0x000001a1c0a20800, 0x000001a1c0a22000, 0x000001a1c0a23000, 0x000001a1c0a23800,
0x000001a1c0a1e000, 0x000001a1c0a26000, 0x000001a1c0a2a000, 0x000001a1c0a28000,
0x000001a1c0a24800, 0x000001a1c0a28800, 0x000001a1c0a27000, 0x000001a1c0a29800,
0x000001a1c0a2b000, 0x000001a1c0a25800, 0x000001a1c0a2c000, 0x000001a1c0a2c800,
0x000001a1be691800, 0x000001a1be68d800, 0x000001a1be690800, 0x000001a1be692000,
0x000001a1be693000, 0x000001a1be68f000, 0x000001a1be690000, 0x000001a1be694000,
0x000001a1be68e000, 0x000001a1be696800, 0x000001a1be699800, 0x000001a1be697000,
0x000001a1be698000, 0x000001a1be695800, 0x000001a1be699000, 0x000001a1be69a800,
0x000001a1be694800, 0x000001a1be69b000, 0x000001a1be69c000, 0x000001a1bfb97000,
0x000001a1bfb91800, 0x000001a1bfb95800, 0x000001a1bfb98000, 0x000001a1bfb92000,
0x000001a1bfb99000, 0x000001a1bfb93000, 0x000001a1bfb99800, 0x000001a1bfb96800,
0x000001a1bfb94000, 0x000001a1bfb9a800, 0x000001a1bfb94800, 0x000001a1bfb9d800,
0x000001a1bfb9f800, 0x000001a1bfb9c000, 0x000001a1bfb9e800, 0x000001a1bfb9d000,
0x000001a1bfba0000, 0x000001a1bfb9b000, 0x000001a1c2677800, 0x000001a1c2679000,
0x000001a1c2676000
}

Java Threads: ( => current thread )
  0x000001a1a2648800 JavaThread "main" [_thread_blocked, id=7060, stack(0x00000003d4c00000,0x00000003d4d00000)]
  0x000001a1bc694800 JavaThread "Reference Handler" daemon [_thread_blocked, id=7196, stack(0x00000003d5300000,0x00000003d5400000)]
  0x000001a1bc695800 JavaThread "Finalizer" daemon [_thread_blocked, id=15340, stack(0x00000003d5400000,0x00000003d5500000)]
  0x000001a1bd012800 JavaThread "Signal Dispatcher" daemon [_thread_blocked, id=13172, stack(0x00000003d5500000,0x00000003d5600000)]
  0x000001a1bd013800 JavaThread "Attach Listener" daemon [_thread_blocked, id=3288, stack(0x00000003d5600000,0x00000003d5700000)]
  0x000001a1bd014800 JavaThread "Service Thread" daemon [_thread_blocked, id=15068, stack(0x00000003d5700000,0x00000003d5800000)]
  0x000001a1bd018000 JavaThread "C2 CompilerThread0" daemon [_thread_in_native, id=12708, stack(0x00000003d5800000,0x00000003d5900000)]
  0x000001a1bd01d000 JavaThread "C1 CompilerThread0" daemon [_thread_blocked, id=4852, stack(0x00000003d5900000,0x00000003d5a00000)]
  0x000001a1bd01f800 JavaThread "Sweeper thread" daemon [_thread_blocked, id=16660, stack(0x00000003d5a00000,0x00000003d5b00000)]
  0x000001a1bd177000 JavaThread "Common-Cleaner" daemon [_thread_blocked, id=1744, stack(0x00000003d5b00000,0x00000003d5c00000)]
  0x000001a1be010000 JavaThread "Daemon health stats" [_thread_blocked, id=8688, stack(0x00000003d5f00000,0x00000003d6000000)]
  0x000001a1bfb46800 JavaThread "Incoming local TCP Connector on port 63449" [_thread_in_native, id=7412, stack(0x00000003d5d00000,0x00000003d5e00000)]
  0x000001a1bd258800 JavaThread "Daemon periodic checks" [_thread_blocked, id=2412, stack(0x00000003d6000000,0x00000003d6100000)]
  0x000001a1bee86800 JavaThread "Daemon" [_thread_blocked, id=11044, stack(0x00000003d6100000,0x00000003d6200000)]
  0x000001a1be00d000 JavaThread "Handler for socket connection from /127.0.0.1:63449 to /127.0.0.1:63450" [_thread_in_native, id=13124, stack(0x00000003d6200000,0x00000003d6300000)]
  0x000001a1be38e000 JavaThread "Cancel handler" [_thread_blocked, id=12488, stack(0x00000003d6300000,0x00000003d6400000)]
  0x000001a1bf2e8800 JavaThread "Daemon worker" [_thread_in_vm, id=10056, stack(0x00000003d6400000,0x00000003d6500000)]
  0x000001a1bf2c8800 JavaThread "Asynchronous log dispatcher for DefaultDaemonConnection: socket connection from /127.0.0.1:63449 to /127.0.0.1:63450" [_thread_blocked, id=12356, stack(0x00000003d6500000,0x00000003d6600000)]
  0x000001a1bf582800 JavaThread "Stdin handler" [_thread_blocked, id=11420, stack(0x00000003d6600000,0x00000003d6700000)]
  0x000001a1bef9a800 JavaThread "Daemon client event forwarder" [_thread_blocked, id=8464, stack(0x00000003d6700000,0x00000003d6800000)]
  0x000001a1bf831000 JavaThread "Cache worker for journal cache (C:\Users\HI\.gradle\caches\journal-1)" [_thread_blocked, id=2560, stack(0x00000003d6c00000,0x00000003d6d00000)]
  0x000001a1bf831800 JavaThread "File lock request listener" [_thread_in_native, id=11568, stack(0x00000003d6d00000,0x00000003d6e00000)]
  0x000001a1bf82f800 JavaThread "Cache worker for file hash cache (C:\Users\HI\.gradle\caches\7.5\fileHashes)" [_thread_blocked, id=4988, stack(0x00000003d6f00000,0x00000003d7000000)]
=>0x000001a1bf070000 JavaThread "C2 CompilerThread1" daemon [_thread_in_native, id=5032, stack(0x00000003d7000000,0x00000003d7100000)]
  0x000001a1bf830000 JavaThread "File watcher server" daemon [_thread_in_native, id=2812, stack(0x00000003d7100000,0x00000003d7200000)]
  0x000001a1c030e000 JavaThread "File watcher consumer" daemon [_thread_blocked, id=13460, stack(0x00000003d7200000,0x00000003d7300000)]
  0x000001a1c0314800 JavaThread "jar transforms" [_thread_blocked, id=4076, stack(0x00000003d7300000,0x00000003d7400000)]
  0x000001a1c030e800 JavaThread "jar transforms Thread 2" [_thread_blocked, id=7104, stack(0x00000003d7400000,0x00000003d7500000)]
  0x000001a1c0315800 JavaThread "jar transforms Thread 3" [_thread_blocked, id=1544, stack(0x00000003d7500000,0x00000003d7600000)]
  0x000001a1c0313800 JavaThread "jar transforms Thread 4" [_thread_blocked, id=7444, stack(0x00000003d7600000,0x00000003d7700000)]
  0x000001a1c0313000 JavaThread "jar transforms Thread 5" [_thread_blocked, id=12568, stack(0x00000003d7700000,0x00000003d7800000)]
  0x000001a1c0310800 JavaThread "jar transforms Thread 6" [_thread_blocked, id=4892, stack(0x00000003d7800000,0x00000003d7900000)]
  0x000001a1c030f800 JavaThread "Cache worker for checksums cache (C:\Users\HI\AndroidStudioProjects\TimeDatePicker\.gradle\7.5\checksums)" [_thread_blocked, id=14524, stack(0x00000003d7900000,0x00000003d7a00000)]
  0x000001a1c0316000 JavaThread "Cache worker for cache directory md-rule (C:\Users\HI\.gradle\caches\7.5\md-rule)" [_thread_blocked, id=10176, stack(0x00000003d7a00000,0x00000003d7b00000)]
  0x000001a1c0317000 JavaThread "Cache worker for file content cache (C:\Users\HI\.gradle\caches\7.5\fileContent)" [_thread_blocked, id=9840, stack(0x00000003d7b00000,0x00000003d7c00000)]
  0x000001a1c0311000 JavaThread "Cache worker for file hash cache (C:\Users\HI\AndroidStudioProjects\TimeDatePicker\.gradle\7.5\fileHashes)" [_thread_blocked, id=3224, stack(0x00000003d7c00000,0x00000003d7d00000)]
  0x000001a1c0317800 JavaThread "Cache worker for cache directory md-supplier (C:\Users\HI\.gradle\caches\7.5\md-supplier)" [_thread_blocked, id=4884, stack(0x00000003d7d00000,0x00000003d7e00000)]
  0x000001a1c0312000 JavaThread "Cache worker for execution history cache (C:\Users\HI\.gradle\caches\7.5\executionHistory)" [_thread_blocked, id=10224, stack(0x00000003d7e00000,0x00000003d7f00000)]
  0x000001a1c031b000 JavaThread "Cache worker for dependencies-accessors (C:\Users\HI\AndroidStudioProjects\TimeDatePicker\.gradle\7.5\dependencies-accessors)" [_thread_blocked, id=9260, stack(0x00000003d7f00000,0x00000003d8000000)]
  0x000001a1c031c000 JavaThread "Cache worker for Build Output Cleanup Cache (C:\Users\HI\AndroidStudioProjects\TimeDatePicker\.gradle\buildOutputCleanup)" [_thread_blocked, id=12256, stack(0x00000003d8000000,0x00000003d8100000)]
  0x000001a1c031c800 JavaThread "Unconstrained build operations" [_thread_blocked, id=12192, stack(0x00000003d8100000,0x00000003d8200000)]
  0x000001a1c0a1f800 JavaThread "Unconstrained build operations Thread 2" [_thread_blocked, id=12480, stack(0x00000003d8200000,0x00000003d8300000)]
  0x000001a1c0a21800 JavaThread "Unconstrained build operations Thread 3" [_thread_blocked, id=13188, stack(0x00000003d8300000,0x00000003d8400000)]
  0x000001a1c0a1f000 JavaThread "Unconstrained build operations Thread 4" [_thread_blocked, id=6364, stack(0x00000003d8400000,0x00000003d8500000)]
  0x000001a1c0a20800 JavaThread "Unconstrained build operations Thread 5" [_thread_blocked, id=3948, stack(0x00000003d8500000,0x00000003d8600000)]
  0x000001a1c0a22000 JavaThread "Unconstrained build operations Thread 6" [_thread_blocked, id=4764, stack(0x00000003d8600000,0x00000003d8700000)]
  0x000001a1c0a23000 JavaThread "Unconstrained build operations Thread 7" [_thread_blocked, id=16576, stack(0x00000003d8700000,0x00000003d8800000)]
  0x000001a1c0a23800 JavaThread "Unconstrained build operations Thread 8" [_thread_blocked, id=10704, stack(0x00000003d8800000,0x00000003d8900000)]
  0x000001a1c0a1e000 JavaThread "Unconstrained build operations Thread 9" [_thread_blocked, id=17336, stack(0x00000003d8900000,0x00000003d8a00000)]
  0x000001a1c0a26000 JavaThread "Unconstrained build operations Thread 10" [_thread_blocked, id=12796, stack(0x00000003d8a00000,0x00000003d8b00000)]
  0x000001a1c0a2a000 JavaThread "Unconstrained build operations Thread 11" [_thread_blocked, id=8204, stack(0x00000003d8b00000,0x00000003d8c00000)]
  0x000001a1c0a28000 JavaThread "Unconstrained build operations Thread 12" [_thread_blocked, id=11348, stack(0x00000003d8c00000,0x00000003d8d00000)]
  0x000001a1c0a24800 JavaThread "Unconstrained build operations Thread 13" [_thread_blocked, id=11060, stack(0x00000003d8d00000,0x00000003d8e00000)]
  0x000001a1c0a28800 JavaThread "Unconstrained build operations Thread 14" [_thread_blocked, id=15180, stack(0x00000003d8e00000,0x00000003d8f00000)]
  0x000001a1c0a27000 JavaThread "Unconstrained build operations Thread 15" [_thread_blocked, id=14348, stack(0x00000003d8f00000,0x00000003d9000000)]
  0x000001a1c0a29800 JavaThread "Unconstrained build operations Thread 16" [_thread_blocked, id=16744, stack(0x00000003d9000000,0x00000003d9100000)]
  0x000001a1c0a2b000 JavaThread "Unconstrained build operations Thread 17" [_thread_blocked, id=15044, stack(0x00000003d9100000,0x00000003d9200000)]
  0x000001a1c0a25800 JavaThread "Unconstrained build operations Thread 18" [_thread_blocked, id=8628, stack(0x00000003d9200000,0x00000003d9300000)]
  0x000001a1c0a2c000 JavaThread "Unconstrained build operations Thread 19" [_thread_blocked, id=11676, stack(0x00000003d9300000,0x00000003d9400000)]
  0x000001a1c0a2c800 JavaThread "Unconstrained build operations Thread 20" [_thread_blocked, id=12792, stack(0x00000003d9400000,0x00000003d9500000)]
  0x000001a1be691800 JavaThread "Unconstrained build operations Thread 21" [_thread_blocked, id=10252, stack(0x00000003d9500000,0x00000003d9600000)]
  0x000001a1be68d800 JavaThread "Unconstrained build operations Thread 22" [_thread_blocked, id=8948, stack(0x00000003d9600000,0x00000003d9700000)]
  0x000001a1be690800 JavaThread "Unconstrained build operations Thread 23" [_thread_blocked, id=8156, stack(0x00000003d9700000,0x00000003d9800000)]
  0x000001a1be692000 JavaThread "Unconstrained build operations Thread 24" [_thread_blocked, id=16828, stack(0x00000003d9800000,0x00000003d9900000)]
  0x000001a1be693000 JavaThread "Unconstrained build operations Thread 25" [_thread_blocked, id=17268, stack(0x00000003d9900000,0x00000003d9a00000)]
  0x000001a1be68f000 JavaThread "Unconstrained build operations Thread 26" [_thread_blocked, id=5056, stack(0x00000003d9a00000,0x00000003d9b00000)]
  0x000001a1be690000 JavaThread "Unconstrained build operations Thread 27" [_thread_blocked, id=6764, stack(0x00000003d9b00000,0x00000003d9c00000)]
  0x000001a1be694000 JavaThread "Unconstrained build operations Thread 28" [_thread_blocked, id=11020, stack(0x00000003d9c00000,0x00000003d9d00000)]
  0x000001a1be68e000 JavaThread "Unconstrained build operations Thread 29" [_thread_blocked, id=9136, stack(0x00000003d9d00000,0x00000003d9e00000)]
  0x000001a1be696800 JavaThread "Unconstrained build operations Thread 30" [_thread_blocked, id=16508, stack(0x00000003d9e00000,0x00000003d9f00000)]
  0x000001a1be699800 JavaThread "Unconstrained build operations Thread 31" [_thread_blocked, id=12348, stack(0x00000003d9f00000,0x00000003da000000)]
  0x000001a1be697000 JavaThread "Unconstrained build operations Thread 32" [_thread_blocked, id=13156, stack(0x00000003da000000,0x00000003da100000)]
  0x000001a1be698000 JavaThread "Unconstrained build operations Thread 33" [_thread_blocked, id=2796, stack(0x00000003da100000,0x00000003da200000)]
  0x000001a1be695800 JavaThread "Unconstrained build operations Thread 34" [_thread_blocked, id=6384, stack(0x00000003da200000,0x00000003da300000)]
  0x000001a1be699000 JavaThread "Unconstrained build operations Thread 35" [_thread_blocked, id=2428, stack(0x00000003da300000,0x00000003da400000)]
  0x000001a1be69a800 JavaThread "Unconstrained build operations Thread 36" [_thread_blocked, id=7580, stack(0x00000003da400000,0x00000003da500000)]
  0x000001a1be694800 JavaThread "Unconstrained build operations Thread 37" [_thread_blocked, id=2788, stack(0x00000003da500000,0x00000003da600000)]
  0x000001a1be69b000 JavaThread "Unconstrained build operations Thread 38" [_thread_blocked, id=3548, stack(0x00000003da600000,0x00000003da700000)]
  0x000001a1be69c000 JavaThread "Unconstrained build operations Thread 39" [_thread_blocked, id=1780, stack(0x00000003da700000,0x00000003da800000)]
  0x000001a1bfb97000 JavaThread "Unconstrained build operations Thread 40" [_thread_blocked, id=17128, stack(0x00000003da800000,0x00000003da900000)]
  0x000001a1bfb91800 JavaThread "Unconstrained build operations Thread 41" [_thread_blocked, id=4460, stack(0x00000003da900000,0x00000003daa00000)]
  0x000001a1bfb95800 JavaThread "Unconstrained build operations Thread 42" [_thread_blocked, id=6476, stack(0x00000003daa00000,0x00000003dab00000)]
  0x000001a1bfb98000 JavaThread "Unconstrained build operations Thread 43" [_thread_blocked, id=4052, stack(0x00000003dab00000,0x00000003dac00000)]
  0x000001a1bfb92000 JavaThread "Unconstrained build operations Thread 44" [_thread_blocked, id=9900, stack(0x00000003dac00000,0x00000003dad00000)]
  0x000001a1bfb99000 JavaThread "Unconstrained build operations Thread 45" [_thread_blocked, id=6916, stack(0x00000003dad00000,0x00000003dae00000)]
  0x000001a1bfb93000 JavaThread "Unconstrained build operations Thread 46" [_thread_blocked, id=5352, stack(0x00000003dae00000,0x00000003daf00000)]
  0x000001a1bfb99800 JavaThread "Unconstrained build operations Thread 47" [_thread_blocked, id=15540, stack(0x00000003daf00000,0x00000003db000000)]
  0x000001a1bfb96800 JavaThread "Unconstrained build operations Thread 48" [_thread_blocked, id=17288, stack(0x00000003db000000,0x00000003db100000)]
  0x000001a1bfb94000 JavaThread "Unconstrained build operations Thread 49" [_thread_blocked, id=12304, stack(0x00000003db100000,0x00000003db200000)]
  0x000001a1bfb9a800 JavaThread "Unconstrained build operations Thread 50" [_thread_blocked, id=1504, stack(0x00000003db200000,0x00000003db300000)]
  0x000001a1bfb94800 JavaThread "Unconstrained build operations Thread 51" [_thread_blocked, id=17352, stack(0x00000003db300000,0x00000003db400000)]
  0x000001a1bfb9d800 JavaThread "Unconstrained build operations Thread 52" [_thread_blocked, id=10848, stack(0x00000003db400000,0x00000003db500000)]
  0x000001a1bfb9f800 JavaThread "Unconstrained build operations Thread 53" [_thread_blocked, id=8572, stack(0x00000003db500000,0x00000003db600000)]
  0x000001a1bfb9c000 JavaThread "Unconstrained build operations Thread 54" [_thread_blocked, id=2268, stack(0x00000003db600000,0x00000003db700000)]
  0x000001a1bfb9e800 JavaThread "Unconstrained build operations Thread 55" [_thread_blocked, id=11900, stack(0x00000003db700000,0x00000003db800000)]
  0x000001a1bfb9d000 JavaThread "Unconstrained build operations Thread 56" [_thread_blocked, id=3484, stack(0x00000003db800000,0x00000003db900000)]
  0x000001a1bfba0000 JavaThread "Unconstrained build operations Thread 57" [_thread_blocked, id=4712, stack(0x00000003db900000,0x00000003dba00000)]
  0x000001a1bfb9b000 JavaThread "Unconstrained build operations Thread 58" [_thread_blocked, id=13064, stack(0x00000003dba00000,0x00000003dbb00000)]
  0x000001a1c2677800 JavaThread "Unconstrained build operations Thread 59" [_thread_blocked, id=16536, stack(0x00000003dbb00000,0x00000003dbc00000)]
  0x000001a1c2679000 JavaThread "Unconstrained build operations Thread 60" [_thread_blocked, id=9300, stack(0x00000003dbc00000,0x00000003dbd00000)]
  0x000001a1c2676000 JavaThread "Memory manager" [_thread_blocked, id=3076, stack(0x00000003dbd00000,0x00000003dbe00000)]

Other Threads:
  0x000001a1bc690800 VMThread "VM Thread" [stack: 0x00000003d5200000,0x00000003d5300000] [id=11892]
  0x000001a1bd191800 WatcherThread [stack: 0x00000003d5c00000,0x00000003d5d00000] [id=12896]
  0x000001a1a2663000 GCTaskThread "GC Thread#0" [stack: 0x00000003d4d00000,0x00000003d4e00000] [id=14688]
  0x000001a1bdb63800 GCTaskThread "GC Thread#1" [stack: 0x00000003d5e00000,0x00000003d5f00000] [id=9616]
  0x000001a1bfb90800 GCTaskThread "GC Thread#2" [stack: 0x00000003d6800000,0x00000003d6900000] [id=596]
  0x000001a1bfbd2000 GCTaskThread "GC Thread#3" [stack: 0x00000003d6900000,0x00000003d6a00000] [id=8936]
  0x000001a1bfb74800 GCTaskThread "GC Thread#4" [stack: 0x00000003d6a00000,0x00000003d6b00000] [id=13612]
  0x000001a1bfb75000 GCTaskThread "GC Thread#5" [stack: 0x00000003d6b00000,0x00000003d6c00000] [id=10332]
  0x000001a1a2693800 ConcurrentGCThread "G1 Main Marker" [stack: 0x00000003d4e00000,0x00000003d4f00000] [id=17248]
  0x000001a1a2695000 ConcurrentGCThread "G1 Conc#0" [stack: 0x00000003d4f00000,0x00000003d5000000] [id=924]
  0x000001a1be73b800 ConcurrentGCThread "G1 Conc#1" [stack: 0x00000003d6e00000,0x00000003d6f00000] [id=6676]
  0x000001a1bc4e0800 ConcurrentGCThread "G1 Refine#0" [stack: 0x00000003d5000000,0x00000003d5100000] [id=6768]
  0x000001a1bc4e1000 ConcurrentGCThread "G1 Young RemSet Sampling" [stack: 0x00000003d5100000,0x00000003d5200000] [id=14496]

Threads with active compile tasks:
C2 CompilerThread0     6709 6502       4       java.lang.Class::annotationData (44 bytes)
C1 CompilerThread0     6709 6522       3       com.android.build.gradle.internal.dsl.decorator.DslDecorator$CollectingInfoVisitor::recordMethod (75 bytes)
C2 CompilerThread1     6709 6469       4       org.objectweb.asm.MethodWriter::computeAllFrames (510 bytes)

VM state:not at safepoint (normal execution)

VM Mutex/Monitor currently owned by a thread: None

Heap address: 0x0000000080000000, size: 2048 MB, Compressed Oops mode: 32-bit
Narrow klass base: 0x0000000000000000, Narrow klass shift: 3
Compressed class space size: 1073741824 Address: 0x0000000100000000

Heap:
 garbage-first heap   total 210944K, used 136827K [0x0000000080000000, 0x0000000100000000)
  region size 1024K, 26 young (26624K), 7 survivors (7168K)
 Metaspace       used 65300K, capacity 67024K, committed 67324K, reserved 1107968K
  class space    used 8285K, capacity 8980K, committed 9088K, reserved 1048576K
Heap Regions: E=young(eden), S=young(survivor), O=old, HS=humongous(starts), HC=humongous(continues), CS=collection set, F=free, A=archive, TAMS=top-at-mark-start (previous, next)
|   0|0x0000000080000000, 0x0000000080100000, 0x0000000080100000|100%| O|  |TAMS 0x0000000080100000, 0x0000000080000000| Untracked 
|   1|0x0000000080100000, 0x0000000080200000, 0x0000000080200000|100%| O|  |TAMS 0x0000000080200000, 0x0000000080100000| Untracked 
|   2|0x0000000080200000, 0x0000000080300000, 0x0000000080300000|100%| O|  |TAMS 0x0000000080300000, 0x0000000080200000| Untracked 
|   3|0x0000000080300000, 0x0000000080400000, 0x0000000080400000|100%|HS|  |TAMS 0x0000000080400000, 0x0000000080300000| Complete 
|   4|0x0000000080400000, 0x0000000080500000, 0x0000000080500000|100%|HC|  |TAMS 0x0000000080500000, 0x0000000080400000| Complete 
|   5|0x0000000080500000, 0x0000000080600000, 0x0000000080600000|100%|HC|  |TAMS 0x0000000080600000, 0x0000000080500000| Complete 
|   6|0x0000000080600000, 0x0000000080700000, 0x0000000080700000|100%| O|  |TAMS 0x0000000080700000, 0x0000000080600000| Untracked 
|   7|0x0000000080700000, 0x0000000080800000, 0x0000000080800000|100%| O|  |TAMS 0x0000000080800000, 0x0000000080700000| Untracked 
|   8|0x0000000080800000, 0x0000000080900000, 0x0000000080900000|100%| O|  |TAMS 0x0000000080900000, 0x0000000080800000| Untracked 
|   9|0x0000000080900000, 0x0000000080a00000, 0x0000000080a00000|100%| O|  |TAMS 0x0000000080a00000, 0x0000000080900000| Untracked 
|  10|0x0000000080a00000, 0x0000000080b00000, 0x0000000080b00000|100%| O|  |TAMS 0x0000000080b00000, 0x0000000080a00000| Untracked 
|  11|0x0000000080b00000, 0x0000000080c00000, 0x0000000080c00000|100%| O|  |TAMS 0x0000000080c00000, 0x0000000080b00000| Untracked 
|  12|0x0000000080c00000, 0x0000000080d00000, 0x0000000080d00000|100%| O|  |TAMS 0x0000000080d00000, 0x0000000080c00000| Untracked 
|  13|0x0000000080d00000, 0x0000000080e00000, 0x0000000080e00000|100%| O|  |TAMS 0x0000000080e00000, 0x0000000080d00000| Untracked 
|  14|0x0000000080e00000, 0x0000000080f00000, 0x0000000080f00000|100%| O|  |TAMS 0x0000000080f00000, 0x0000000080e00000| Untracked 
|  15|0x0000000080f00000, 0x0000000081000000, 0x0000000081000000|100%| O|  |TAMS 0x0000000081000000, 0x0000000080f00000| Untracked 
|  16|0x0000000081000000, 0x0000000081100000, 0x0000000081100000|100%|HS|  |TAMS 0x0000000081100000, 0x0000000081000000| Complete 
|  17|0x0000000081100000, 0x0000000081200000, 0x0000000081200000|100%|HC|  |TAMS 0x0000000081200000, 0x0000000081100000| Complete 
|  18|0x0000000081200000, 0x0000000081300000, 0x0000000081300000|100%|HS|  |TAMS 0x0000000081300000, 0x0000000081200000| Complete 
|  19|0x0000000081300000, 0x0000000081400000, 0x0000000081400000|100%|HC|  |TAMS 0x0000000081400000, 0x0000000081300000| Complete 
|  20|0x0000000081400000, 0x0000000081500000, 0x0000000081500000|100%|HC|  |TAMS 0x0000000081500000, 0x0000000081400000| Complete 
|  21|0x0000000081500000, 0x0000000081600000, 0x0000000081600000|100%|HS|  |TAMS 0x0000000081600000, 0x0000000081500000| Complete 
|  22|0x0000000081600000, 0x0000000081700000, 0x0000000081700000|100%|HC|  |TAMS 0x0000000081700000, 0x0000000081600000| Complete 
|  23|0x0000000081700000, 0x0000000081800000, 0x0000000081800000|100%|HC|  |TAMS 0x0000000081800000, 0x0000000081700000| Complete 
|  24|0x0000000081800000, 0x0000000081900000, 0x0000000081900000|100%|HS|  |TAMS 0x0000000081900000, 0x0000000081800000| Complete 
|  25|0x0000000081900000, 0x0000000081a00000, 0x0000000081a00000|100%|HC|  |TAMS 0x0000000081a00000, 0x0000000081900000| Complete 
|  26|0x0000000081a00000, 0x0000000081b00000, 0x0000000081b00000|100%|HS|  |TAMS 0x0000000081b00000, 0x0000000081a00000| Complete 
|  27|0x0000000081b00000, 0x0000000081c00000, 0x0000000081c00000|100%|HC|  |TAMS 0x0000000081c00000, 0x0000000081b00000| Complete 
|  28|0x0000000081c00000, 0x0000000081d00000, 0x0000000081d00000|100%|HC|  |TAMS 0x0000000081d00000, 0x0000000081c00000| Complete 
|  29|0x0000000081d00000, 0x0000000081e00000, 0x0000000081e00000|100%|HC|  |TAMS 0x0000000081e00000, 0x0000000081d00000| Complete 
|  30|0x0000000081e00000, 0x0000000081f00000, 0x0000000081f00000|100%|HC|  |TAMS 0x0000000081f00000, 0x0000000081e00000| Complete 
|  31|0x0000000081f00000, 0x0000000082000000, 0x0000000082000000|100%|HC|  |TAMS 0x0000000082000000, 0x0000000081f00000| Complete 
|  32|0x0000000082000000, 0x0000000082100000, 0x0000000082100000|100%|HC|  |TAMS 0x0000000082100000, 0x0000000082000000| Complete 
|  33|0x0000000082100000, 0x0000000082200000, 0x0000000082200000|100%|HC|  |TAMS 0x0000000082200000, 0x0000000082100000| Complete 
|  34|0x0000000082200000, 0x0000000082300000, 0x0000000082300000|100%|HC|  |TAMS 0x0000000082300000, 0x0000000082200000| Complete 
|  35|0x0000000082300000, 0x0000000082400000, 0x0000000082400000|100%|HC|  |TAMS 0x0000000082400000, 0x0000000082300000| Complete 
|  36|0x0000000082400000, 0x0000000082500000, 0x0000000082500000|100%|HS|  |TAMS 0x0000000082500000, 0x0000000082400000| Complete 
|  37|0x0000000082500000, 0x0000000082600000, 0x0000000082600000|100%|HC|  |TAMS 0x0000000082600000, 0x0000000082500000| Complete 
|  38|0x0000000082600000, 0x0000000082700000, 0x0000000082700000|100%|HS|  |TAMS 0x0000000082700000, 0x0000000082600000| Complete 
|  39|0x0000000082700000, 0x0000000082800000, 0x0000000082800000|100%|HC|  |TAMS 0x0000000082800000, 0x0000000082700000| Complete 
|  40|0x0000000082800000, 0x0000000082900000, 0x0000000082900000|100%|HC|  |TAMS 0x0000000082900000, 0x0000000082800000| Complete 
|  41|0x0000000082900000, 0x0000000082a00000, 0x0000000082a00000|100%|HC|  |TAMS 0x0000000082a00000, 0x0000000082900000| Complete 
|  42|0x0000000082a00000, 0x0000000082b00000, 0x0000000082b00000|100%|HC|  |TAMS 0x0000000082b00000, 0x0000000082a00000| Complete 
|  43|0x0000000082b00000, 0x0000000082c00000, 0x0000000082c00000|100%| O|  |TAMS 0x0000000082c00000, 0x0000000082b00000| Untracked 
|  44|0x0000000082c00000, 0x0000000082d00000, 0x0000000082d00000|100%| O|  |TAMS 0x0000000082d00000, 0x0000000082c00000| Untracked 
|  45|0x0000000082d00000, 0x0000000082e00000, 0x0000000082e00000|100%| O|  |TAMS 0x0000000082e00000, 0x0000000082d00000| Untracked 
|  46|0x0000000082e00000, 0x0000000082f00000, 0x0000000082f00000|100%| O|  |TAMS 0x0000000082f00000, 0x0000000082e00000| Untracked 
|  47|0x0000000082f00000, 0x0000000083000000, 0x0000000083000000|100%| O|  |TAMS 0x0000000083000000, 0x0000000082f00000| Untracked 
|  48|0x0000000083000000, 0x0000000083100000, 0x0000000083100000|100%| O|  |TAMS 0x0000000083100000, 0x0000000083000000| Untracked 
|  49|0x0000000083100000, 0x0000000083200000, 0x0000000083200000|100%| O|  |TAMS 0x0000000083200000, 0x0000000083100000| Untracked 
|  50|0x0000000083200000, 0x0000000083300000, 0x0000000083300000|100%| O|  |TAMS 0x0000000083300000, 0x0000000083200000| Untracked 
|  51|0x0000000083300000, 0x0000000083400000, 0x0000000083400000|100%| O|  |TAMS 0x0000000083400000, 0x0000000083300000| Untracked 
|  52|0x0000000083400000, 0x0000000083500000, 0x0000000083500000|100%|HS|  |TAMS 0x0000000083500000, 0x0000000083400000| Complete 
|  53|0x0000000083500000, 0x0000000083600000, 0x0000000083600000|100%|HC|  |TAMS 0x0000000083600000, 0x0000000083500000| Complete 
|  54|0x0000000083600000, 0x0000000083700000, 0x0000000083700000|100%|HC|  |TAMS 0x0000000083700000, 0x0000000083600000| Complete 
|  55|0x0000000083700000, 0x0000000083800000, 0x0000000083800000|100%| O|  |TAMS 0x0000000083800000, 0x0000000083700000| Untracked 
|  56|0x0000000083800000, 0x0000000083900000, 0x0000000083900000|100%| O|  |TAMS 0x0000000083900000, 0x0000000083800000| Untracked 
|  57|0x0000000083900000, 0x0000000083a00000, 0x0000000083a00000|100%| O|  |TAMS 0x0000000083a00000, 0x0000000083900000| Untracked 
|  58|0x0000000083a00000, 0x0000000083b00000, 0x0000000083b00000|100%| O|  |TAMS 0x0000000083b00000, 0x0000000083a00000| Untracked 
|  59|0x0000000083b00000, 0x0000000083c00000, 0x0000000083c00000|100%| O|  |TAMS 0x0000000083c00000, 0x0000000083b00000| Untracked 
|  60|0x0000000083c00000, 0x0000000083d00000, 0x0000000083d00000|100%| O|  |TAMS 0x0000000083d00000, 0x0000000083c00000| Untracked 
|  61|0x0000000083d00000, 0x0000000083e00000, 0x0000000083e00000|100%|HS|  |TAMS 0x0000000083e00000, 0x0000000083d00000| Complete 
|  62|0x0000000083e00000, 0x0000000083f00000, 0x0000000083f00000|100%|HC|  |TAMS 0x0000000083f00000, 0x0000000083e00000| Complete 
|  63|0x0000000083f00000, 0x0000000084000000, 0x0000000084000000|100%|HC|  |TAMS 0x0000000084000000, 0x0000000083f00000| Complete 
|  64|0x0000000084000000, 0x0000000084100000, 0x0000000084100000|100%|HC|  |TAMS 0x0000000084100000, 0x0000000084000000| Complete 
|  65|0x0000000084100000, 0x0000000084200000, 0x0000000084200000|100%|HC|  |TAMS 0x0000000084200000, 0x0000000084100000| Complete 
|  66|0x0000000084200000, 0x0000000084300000, 0x0000000084300000|100%|HC|  |TAMS 0x0000000084300000, 0x0000000084200000| Complete 
|  67|0x0000000084300000, 0x0000000084400000, 0x0000000084400000|100%|HC|  |TAMS 0x0000000084400000, 0x0000000084300000| Complete 
|  68|0x0000000084400000, 0x0000000084500000, 0x0000000084500000|100%|HC|  |TAMS 0x0000000084500000, 0x0000000084400000| Complete 
|  69|0x0000000084500000, 0x0000000084600000, 0x0000000084600000|100%|HC|  |TAMS 0x0000000084600000, 0x0000000084500000| Complete 
|  70|0x0000000084600000, 0x0000000084700000, 0x0000000084700000|100%|HC|  |TAMS 0x0000000084700000, 0x0000000084600000| Complete 
|  71|0x0000000084700000, 0x0000000084800000, 0x0000000084800000|100%|HS|  |TAMS 0x0000000084800000, 0x0000000084700000| Complete 
|  72|0x0000000084800000, 0x0000000084900000, 0x0000000084900000|100%|HC|  |TAMS 0x0000000084900000, 0x0000000084800000| Complete 
|  73|0x0000000084900000, 0x0000000084a00000, 0x0000000084a00000|100%|HS|  |TAMS 0x0000000084a00000, 0x0000000084900000| Complete 
|  74|0x0000000084a00000, 0x0000000084b00000, 0x0000000084b00000|100%|HC|  |TAMS 0x0000000084b00000, 0x0000000084a00000| Complete 
|  75|0x0000000084b00000, 0x0000000084c00000, 0x0000000084c00000|100%|HC|  |TAMS 0x0000000084c00000, 0x0000000084b00000| Complete 
|  76|0x0000000084c00000, 0x0000000084d00000, 0x0000000084d00000|100%|HS|  |TAMS 0x0000000084d00000, 0x0000000084c00000| Complete 
|  77|0x0000000084d00000, 0x0000000084e00000, 0x0000000084e00000|100%|HC|  |TAMS 0x0000000084e00000, 0x0000000084d00000| Complete 
|  78|0x0000000084e00000, 0x0000000084f00000, 0x0000000084f00000|100%| O|  |TAMS 0x0000000084f00000, 0x0000000084e00000| Untracked 
|  79|0x0000000084f00000, 0x0000000085000000, 0x0000000085000000|100%| O|  |TAMS 0x0000000085000000, 0x0000000084f00000| Untracked 
|  80|0x0000000085000000, 0x0000000085100000, 0x0000000085100000|100%| O|  |TAMS 0x0000000085100000, 0x0000000085000000| Untracked 
|  81|0x0000000085100000, 0x0000000085200000, 0x0000000085200000|100%| O|  |TAMS 0x0000000085200000, 0x0000000085100000| Untracked 
|  82|0x0000000085200000, 0x0000000085300000, 0x0000000085300000|100%| O|  |TAMS 0x0000000085300000, 0x0000000085200000| Untracked 
|  83|0x0000000085300000, 0x0000000085400000, 0x0000000085400000|100%| O|  |TAMS 0x0000000085400000, 0x0000000085300000| Untracked 
|  84|0x0000000085400000, 0x0000000085500000, 0x0000000085500000|100%| O|  |TAMS 0x0000000085500000, 0x0000000085400000| Untracked 
|  85|0x0000000085500000, 0x0000000085600000, 0x0000000085600000|100%|HS|  |TAMS 0x0000000085600000, 0x0000000085500000| Complete 
|  86|0x0000000085600000, 0x0000000085700000, 0x0000000085700000|100%|HC|  |TAMS 0x0000000085700000, 0x0000000085600000| Complete 
|  87|0x0000000085700000, 0x0000000085800000, 0x0000000085800000|100%|HC|  |TAMS 0x0000000085800000, 0x0000000085700000| Complete 
|  88|0x0000000085800000, 0x0000000085900000, 0x0000000085900000|100%|HC|  |TAMS 0x0000000085900000, 0x0000000085800000| Complete 
|  89|0x0000000085900000, 0x0000000085a00000, 0x0000000085a00000|100%|HC|  |TAMS 0x0000000085a00000, 0x0000000085900000| Complete 
|  90|0x0000000085a00000, 0x0000000085b00000, 0x0000000085b00000|100%| O|  |TAMS 0x0000000085b00000, 0x0000000085a00000| Untracked 
|  91|0x0000000085b00000, 0x0000000085c00000, 0x0000000085c00000|100%|HS|  |TAMS 0x0000000085c00000, 0x0000000085b00000| Complete 
|  92|0x0000000085c00000, 0x0000000085d00000, 0x0000000085d00000|100%|HS|  |TAMS 0x0000000085d00000, 0x0000000085c00000| Complete 
|  93|0x0000000085d00000, 0x0000000085e00000, 0x0000000085e00000|100%| O|  |TAMS 0x0000000085e00000, 0x0000000085d00000| Untracked 
|  94|0x0000000085e00000, 0x0000000085f00000, 0x0000000085f00000|100%| O|  |TAMS 0x0000000085f00000, 0x0000000085e00000| Untracked 
|  95|0x0000000085f00000, 0x0000000086000000, 0x0000000086000000|100%| O|  |TAMS 0x0000000086000000, 0x0000000085f00000| Untracked 
|  96|0x0000000086000000, 0x0000000086100000, 0x0000000086100000|100%| O|  |TAMS 0x0000000086100000, 0x0000000086000000| Untracked 
|  97|0x0000000086100000, 0x0000000086200000, 0x0000000086200000|100%| O|  |TAMS 0x0000000086200000, 0x0000000086100000| Untracked 
|  98|0x0000000086200000, 0x0000000086300000, 0x0000000086300000|100%| O|  |TAMS 0x0000000086300000, 0x0000000086200000| Untracked 
|  99|0x0000000086300000, 0x0000000086400000, 0x0000000086400000|100%| O|  |TAMS 0x0000000086400000, 0x0000000086300000| Untracked 
| 100|0x0000000086400000, 0x0000000086500000, 0x0000000086500000|100%| O|  |TAMS 0x0000000086500000, 0x0000000086400000| Untracked 
| 101|0x0000000086500000, 0x0000000086600000, 0x0000000086600000|100%| O|  |TAMS 0x0000000086600000, 0x0000000086500000| Untracked 
| 102|0x0000000086600000, 0x0000000086700000, 0x0000000086700000|100%| O|  |TAMS 0x0000000086700000, 0x0000000086600000| Untracked 
| 103|0x0000000086700000, 0x00000000867aa200, 0x0000000086800000| 66%| O|  |TAMS 0x00000000867aa200, 0x0000000086700000| Untracked 
| 104|0x0000000086800000, 0x0000000086900000, 0x0000000086900000|100%|HS|  |TAMS 0x0000000086900000, 0x0000000086800000| Complete 
| 105|0x0000000086900000, 0x0000000086a00000, 0x0000000086a00000|100%|HS|  |TAMS 0x0000000086900000, 0x0000000086900000| Complete 
| 106|0x0000000086a00000, 0x0000000086b00000, 0x0000000086b00000|100%|HS|  |TAMS 0x0000000086a00000, 0x0000000086a00000| Complete 
| 107|0x0000000086b00000, 0x0000000086c00000, 0x0000000086c00000|100%|HS|  |TAMS 0x0000000086c00000, 0x0000000086b00000| Complete 
| 108|0x0000000086c00000, 0x0000000086d00000, 0x0000000086d00000|100%|HS|  |TAMS 0x0000000086d00000, 0x0000000086c00000| Complete 
| 109|0x0000000086d00000, 0x0000000086d00000, 0x0000000086e00000|  0%| F|  |TAMS 0x0000000086d00000, 0x0000000086d00000| Untracked 
| 110|0x0000000086e00000, 0x0000000086e00000, 0x0000000086f00000|  0%| F|  |TAMS 0x0000000086e00000, 0x0000000086e00000| Untracked 
| 111|0x0000000086f00000, 0x0000000086f00000, 0x0000000087000000|  0%| F|  |TAMS 0x0000000086f00000, 0x0000000086f00000| Untracked 
| 112|0x0000000087000000, 0x0000000087000000, 0x0000000087100000|  0%| F|  |TAMS 0x0000000087000000, 0x0000000087000000| Untracked 
| 113|0x0000000087100000, 0x0000000087100000, 0x0000000087200000|  0%| F|  |TAMS 0x0000000087100000, 0x0000000087100000| Untracked 
| 114|0x0000000087200000, 0x0000000087200000, 0x0000000087300000|  0%| F|  |TAMS 0x0000000087200000, 0x0000000087200000| Untracked 
| 115|0x0000000087300000, 0x0000000087300000, 0x0000000087400000|  0%| F|  |TAMS 0x0000000087300000, 0x0000000087300000| Untracked 
| 116|0x0000000087400000, 0x0000000087400000, 0x0000000087500000|  0%| F|  |TAMS 0x0000000087400000, 0x0000000087400000| Untracked 
| 117|0x0000000087500000, 0x0000000087500000, 0x0000000087600000|  0%| F|  |TAMS 0x0000000087500000, 0x0000000087500000| Untracked 
| 118|0x0000000087600000, 0x0000000087600000, 0x0000000087700000|  0%| F|  |TAMS 0x0000000087600000, 0x0000000087600000| Untracked 
| 119|0x0000000087700000, 0x0000000087700000, 0x0000000087800000|  0%| F|  |TAMS 0x0000000087700000, 0x0000000087700000| Untracked 
| 120|0x0000000087800000, 0x0000000087800000, 0x0000000087900000|  0%| F|  |TAMS 0x0000000087800000, 0x0000000087800000| Untracked 
| 121|0x0000000087900000, 0x0000000087900000, 0x0000000087a00000|  0%| F|  |TAMS 0x0000000087900000, 0x0000000087900000| Untracked 
| 122|0x0000000087a00000, 0x0000000087a00000, 0x0000000087b00000|  0%| F|  |TAMS 0x0000000087a00000, 0x0000000087a00000| Untracked 
| 123|0x0000000087b00000, 0x0000000087b00000, 0x0000000087c00000|  0%| F|  |TAMS 0x0000000087b00000, 0x0000000087b00000| Untracked 
| 124|0x0000000087c00000, 0x0000000087c00000, 0x0000000087d00000|  0%| F|  |TAMS 0x0000000087c00000, 0x0000000087c00000| Untracked 
| 125|0x0000000087d00000, 0x0000000087d00000, 0x0000000087e00000|  0%| F|  |TAMS 0x0000000087d00000, 0x0000000087d00000| Untracked 
| 126|0x0000000087e00000, 0x0000000087e00000, 0x0000000087f00000|  0%| F|  |TAMS 0x0000000087e00000, 0x0000000087e00000| Untracked 
| 127|0x0000000087f00000, 0x0000000087f00000, 0x0000000088000000|  0%| F|  |TAMS 0x0000000087f00000, 0x0000000087f00000| Untracked 
| 128|0x0000000088000000, 0x0000000088000000, 0x0000000088100000|  0%| F|  |TAMS 0x0000000088000000, 0x0000000088000000| Untracked 
| 129|0x0000000088100000, 0x0000000088100000, 0x0000000088200000|  0%| F|  |TAMS 0x0000000088100000, 0x0000000088100000| Untracked 
| 130|0x0000000088200000, 0x0000000088200000, 0x0000000088300000|  0%| F|  |TAMS 0x0000000088200000, 0x0000000088200000| Untracked 
| 131|0x0000000088300000, 0x0000000088300000, 0x0000000088400000|  0%| F|  |TAMS 0x0000000088300000, 0x0000000088300000| Untracked 
| 132|0x0000000088400000, 0x0000000088400000, 0x0000000088500000|  0%| F|  |TAMS 0x0000000088400000, 0x0000000088400000| Untracked 
| 133|0x0000000088500000, 0x0000000088500000, 0x0000000088600000|  0%| F|  |TAMS 0x0000000088500000, 0x0000000088500000| Untracked 
| 134|0x0000000088600000, 0x0000000088600000, 0x0000000088700000|  0%| F|  |TAMS 0x0000000088600000, 0x0000000088600000| Untracked 
| 135|0x0000000088700000, 0x0000000088700000, 0x0000000088800000|  0%| F|  |TAMS 0x0000000088700000, 0x0000000088700000| Untracked 
| 136|0x0000000088800000, 0x0000000088800000, 0x0000000088900000|  0%| F|  |TAMS 0x0000000088800000, 0x0000000088800000| Untracked 
| 137|0x0000000088900000, 0x0000000088900000, 0x0000000088a00000|  0%| F|  |TAMS 0x0000000088900000, 0x0000000088900000| Untracked 
| 138|0x0000000088a00000, 0x0000000088a00000, 0x0000000088b00000|  0%| F|  |TAMS 0x0000000088a00000, 0x0000000088a00000| Untracked 
| 139|0x0000000088b00000, 0x0000000088b00000, 0x0000000088c00000|  0%| F|  |TAMS 0x0000000088b00000, 0x0000000088b00000| Untracked 
| 140|0x0000000088c00000, 0x0000000088c00000, 0x0000000088d00000|  0%| F|  |TAMS 0x0000000088c00000, 0x0000000088c00000| Untracked 
| 141|0x0000000088d00000, 0x0000000088d00000, 0x0000000088e00000|  0%| F|  |TAMS 0x0000000088d00000, 0x0000000088d00000| Untracked 
| 142|0x0000000088e00000, 0x0000000088e00000, 0x0000000088f00000|  0%| F|  |TAMS 0x0000000088e00000, 0x0000000088e00000| Untracked 
| 143|0x0000000088f00000, 0x0000000088f00000, 0x0000000089000000|  0%| F|  |TAMS 0x0000000088f00000, 0x0000000088f00000| Untracked 
| 144|0x0000000089000000, 0x0000000089000000, 0x0000000089100000|  0%| F|  |TAMS 0x0000000089000000, 0x0000000089000000| Untracked 
| 145|0x0000000089100000, 0x0000000089100000, 0x0000000089200000|  0%| F|  |TAMS 0x0000000089100000, 0x0000000089100000| Untracked 
| 146|0x0000000089200000, 0x0000000089200000, 0x0000000089300000|  0%| F|  |TAMS 0x0000000089200000, 0x0000000089200000| Untracked 
| 147|0x0000000089300000, 0x0000000089300000, 0x0000000089400000|  0%| F|  |TAMS 0x0000000089300000, 0x0000000089300000| Untracked 
| 148|0x0000000089400000, 0x0000000089400000, 0x0000000089500000|  0%| F|  |TAMS 0x0000000089400000, 0x0000000089400000| Untracked 
| 149|0x0000000089500000, 0x0000000089500000, 0x0000000089600000|  0%| F|  |TAMS 0x0000000089500000, 0x0000000089500000| Untracked 
| 150|0x0000000089600000, 0x0000000089600000, 0x0000000089700000|  0%| F|  |TAMS 0x0000000089600000, 0x0000000089600000| Untracked 
| 151|0x0000000089700000, 0x0000000089700000, 0x0000000089800000|  0%| F|  |TAMS 0x0000000089700000, 0x0000000089700000| Untracked 
| 152|0x0000000089800000, 0x0000000089800000, 0x0000000089900000|  0%| F|  |TAMS 0x0000000089800000, 0x0000000089800000| Untracked 
| 153|0x0000000089900000, 0x0000000089900000, 0x0000000089a00000|  0%| F|  |TAMS 0x0000000089900000, 0x0000000089900000| Untracked 
| 154|0x0000000089a00000, 0x0000000089a00000, 0x0000000089b00000|  0%| F|  |TAMS 0x0000000089a00000, 0x0000000089a00000| Untracked 
| 155|0x0000000089b00000, 0x0000000089b00000, 0x0000000089c00000|  0%| F|  |TAMS 0x0000000089b00000, 0x0000000089b00000| Untracked 
| 156|0x0000000089c00000, 0x0000000089c00000, 0x0000000089d00000|  0%| F|  |TAMS 0x0000000089c00000, 0x0000000089c00000| Untracked 
| 157|0x0000000089d00000, 0x0000000089d00000, 0x0000000089e00000|  0%| F|  |TAMS 0x0000000089d00000, 0x0000000089d00000| Untracked 
| 158|0x0000000089e00000, 0x0000000089e00000, 0x0000000089f00000|  0%| F|  |TAMS 0x0000000089e00000, 0x0000000089e00000| Untracked 
| 159|0x0000000089f00000, 0x0000000089f00000, 0x000000008a000000|  0%| F|  |TAMS 0x0000000089f00000, 0x0000000089f00000| Untracked 
| 160|0x000000008a000000, 0x000000008a000000, 0x000000008a100000|  0%| F|  |TAMS 0x000000008a000000, 0x000000008a000000| Untracked 
| 161|0x000000008a100000, 0x000000008a100000, 0x000000008a200000|  0%| F|  |TAMS 0x000000008a100000, 0x000000008a100000| Untracked 
| 162|0x000000008a200000, 0x000000008a200000, 0x000000008a300000|  0%| F|  |TAMS 0x000000008a200000, 0x000000008a200000| Untracked 
| 163|0x000000008a300000, 0x000000008a300000, 0x000000008a400000|  0%| F|  |TAMS 0x000000008a300000, 0x000000008a300000| Untracked 
| 164|0x000000008a400000, 0x000000008a400000, 0x000000008a500000|  0%| F|  |TAMS 0x000000008a400000, 0x000000008a400000| Untracked 
| 165|0x000000008a500000, 0x000000008a500000, 0x000000008a600000|  0%| F|  |TAMS 0x000000008a500000, 0x000000008a500000| Untracked 
| 166|0x000000008a600000, 0x000000008a600000, 0x000000008a700000|  0%| F|  |TAMS 0x000000008a600000, 0x000000008a600000| Untracked 
| 167|0x000000008a700000, 0x000000008a700000, 0x000000008a800000|  0%| F|  |TAMS 0x000000008a700000, 0x000000008a700000| Untracked 
| 168|0x000000008a800000, 0x000000008a800000, 0x000000008a900000|  0%| F|  |TAMS 0x000000008a800000, 0x000000008a800000| Untracked 
| 169|0x000000008a900000, 0x000000008a900000, 0x000000008aa00000|  0%| F|  |TAMS 0x000000008a900000, 0x000000008a900000| Untracked 
| 170|0x000000008aa00000, 0x000000008aa00000, 0x000000008ab00000|  0%| F|  |TAMS 0x000000008aa00000, 0x000000008aa00000| Untracked 
| 171|0x000000008ab00000, 0x000000008ab00000, 0x000000008ac00000|  0%| F|  |TAMS 0x000000008ab00000, 0x000000008ab00000| Untracked 
| 172|0x000000008ac00000, 0x000000008ac00000, 0x000000008ad00000|  0%| F|  |TAMS 0x000000008ac00000, 0x000000008ac00000| Untracked 
| 173|0x000000008ad00000, 0x000000008ad00000, 0x000000008ae00000|  0%| F|  |TAMS 0x000000008ad00000, 0x000000008ad00000| Untracked 
| 174|0x000000008ae00000, 0x000000008ae00000, 0x000000008af00000|  0%| F|  |TAMS 0x000000008ae00000, 0x000000008ae00000| Untracked 
| 175|0x000000008af00000, 0x000000008af00000, 0x000000008b000000|  0%| F|  |TAMS 0x000000008af00000, 0x000000008af00000| Untracked 
| 176|0x000000008b000000, 0x000000008b000000, 0x000000008b100000|  0%| F|  |TAMS 0x000000008b000000, 0x000000008b000000| Untracked 
| 177|0x000000008b100000, 0x000000008b100000, 0x000000008b200000|  0%| F|  |TAMS 0x000000008b100000, 0x000000008b100000| Untracked 
| 178|0x000000008b200000, 0x000000008b200000, 0x000000008b300000|  0%| F|  |TAMS 0x000000008b200000, 0x000000008b200000| Untracked 
| 179|0x000000008b300000, 0x000000008b380800, 0x000000008b400000| 50%| E|  |TAMS 0x000000008b300000, 0x000000008b300000| Complete 
| 180|0x000000008b400000, 0x000000008b500000, 0x000000008b500000|100%| E|CS|TAMS 0x000000008b400000, 0x000000008b400000| Complete 
| 181|0x000000008b500000, 0x000000008b600000, 0x000000008b600000|100%| E|CS|TAMS 0x000000008b500000, 0x000000008b500000| Complete 
| 182|0x000000008b600000, 0x000000008b700000, 0x000000008b700000|100%| E|CS|TAMS 0x000000008b600000, 0x000000008b600000| Complete 
| 183|0x000000008b700000, 0x000000008b800000, 0x000000008b800000|100%| E|CS|TAMS 0x000000008b700000, 0x000000008b700000| Complete 
| 184|0x000000008b800000, 0x000000008b900000, 0x000000008b900000|100%| E|CS|TAMS 0x000000008b800000, 0x000000008b800000| Complete 
| 185|0x000000008b900000, 0x000000008ba00000, 0x000000008ba00000|100%| E|CS|TAMS 0x000000008b900000, 0x000000008b900000| Complete 
| 186|0x000000008ba00000, 0x000000008bb00000, 0x000000008bb00000|100%| E|CS|TAMS 0x000000008ba00000, 0x000000008ba00000| Complete 
| 187|0x000000008bb00000, 0x000000008bc00000, 0x000000008bc00000|100%| E|CS|TAMS 0x000000008bb00000, 0x000000008bb00000| Complete 
| 188|0x000000008bc00000, 0x000000008bd00000, 0x000000008bd00000|100%| E|CS|TAMS 0x000000008bc00000, 0x000000008bc00000| Complete 
| 189|0x000000008bd00000, 0x000000008bdf4b00, 0x000000008be00000| 95%| S|CS|TAMS 0x000000008bd00000, 0x000000008bd00000| Complete 
| 190|0x000000008be00000, 0x000000008bf00000, 0x000000008bf00000|100%| S|CS|TAMS 0x000000008be00000, 0x000000008be00000| Complete 
| 191|0x000000008bf00000, 0x000000008c000000, 0x000000008c000000|100%| S|CS|TAMS 0x000000008bf00000, 0x000000008bf00000| Complete 
| 192|0x000000008c000000, 0x000000008c100000, 0x000000008c100000|100%| S|CS|TAMS 0x000000008c000000, 0x000000008c000000| Complete 
| 193|0x000000008c100000, 0x000000008c200000, 0x000000008c200000|100%| S|CS|TAMS 0x000000008c100000, 0x000000008c100000| Complete 
| 194|0x000000008c200000, 0x000000008c300000, 0x000000008c300000|100%| S|CS|TAMS 0x000000008c200000, 0x000000008c200000| Complete 
| 195|0x000000008c300000, 0x000000008c400000, 0x000000008c400000|100%| S|CS|TAMS 0x000000008c300000, 0x000000008c300000| Complete 
| 196|0x000000008c400000, 0x000000008c500000, 0x000000008c500000|100%| E|CS|TAMS 0x000000008c400000, 0x000000008c400000| Complete 
| 197|0x000000008c500000, 0x000000008c600000, 0x000000008c600000|100%| E|CS|TAMS 0x000000008c500000, 0x000000008c500000| Complete 
| 198|0x000000008c600000, 0x000000008c700000, 0x000000008c700000|100%| E|CS|TAMS 0x000000008c600000, 0x000000008c600000| Complete 
| 199|0x000000008c700000, 0x000000008c800000, 0x000000008c800000|100%| E|CS|TAMS 0x000000008c700000, 0x000000008c700000| Complete 
| 200|0x000000008c800000, 0x000000008c900000, 0x000000008c900000|100%| E|CS|TAMS 0x000000008c800000, 0x000000008c800000| Complete 
| 201|0x000000008c900000, 0x000000008ca00000, 0x000000008ca00000|100%| E|CS|TAMS 0x000000008c900000, 0x000000008c900000| Complete 
| 202|0x000000008ca00000, 0x000000008cb00000, 0x000000008cb00000|100%| E|CS|TAMS 0x000000008ca00000, 0x000000008ca00000| Complete 
| 203|0x000000008cb00000, 0x000000008cc00000, 0x000000008cc00000|100%| E|CS|TAMS 0x000000008cb00000, 0x000000008cb00000| Complete 
| 204|0x000000008cc00000, 0x000000008cd00000, 0x000000008cd00000|100%| E|CS|TAMS 0x000000008cc00000, 0x000000008cc00000| Complete 
| 205|0x000000008cd00000, 0x000000008ce00000, 0x000000008ce00000|100%| E|CS|TAMS 0x000000008cd00000, 0x000000008cd00000| Complete 

Card table byte_map: [0x000001a1b5670000,0x000001a1b5a70000] _byte_map_base: 0x000001a1b5270000

Marking Bits (Prev, Next): (CMBitMap*) 0x000001a1a268a880, (CMBitMap*) 0x000001a1a268a848
 Prev Bits: [0x000001a1b7e70000, 0x000001a1b9e70000)
 Next Bits: [0x000001a1b5e70000, 0x000001a1b7e70000)

Polling page: 0x000001a1a1e10000

Metaspace:

Usage:
  Non-class:     56.68 MB capacity,    55.70 MB ( 98%) used,   828.02 KB (  1%) free+waste,   183.56 KB ( <1%) overhead. 
      Class:      8.80 MB capacity,     8.10 MB ( 92%) used,   632.72 KB (  7%) free+waste,    88.50 KB ( <1%) overhead. 
       Both:     65.48 MB capacity,    63.79 MB ( 97%) used,     1.43 MB (  2%) free+waste,   272.06 KB ( <1%) overhead. 

Virtual space:
  Non-class space:       58.00 MB reserved,      56.87 MB ( 98%) committed 
      Class space:        1.00 GB reserved,       8.88 MB ( <1%) committed 
             Both:        1.06 GB reserved,      65.75 MB (  6%) committed 

Chunk freelists:
   Non-Class:  0 bytes
       Class:  12.00 KB
        Both:  12.00 KB

MaxMetaspaceSize: 17179869184.00 GB
CompressedClassSpaceSize: 1.00 GB
Initial GC threshold: 20.80 MB
Current GC threshold: 106.66 MB
CDS: off

CodeHeap 'non-profiled nmethods': size=120064Kb used=3766Kb max_used=3766Kb free=116297Kb
 bounds [0x000001a1adc20000, 0x000001a1adfd0000, 0x000001a1b5160000]
CodeHeap 'profiled nmethods': size=120000Kb used=13581Kb max_used=13581Kb free=106418Kb
 bounds [0x000001a1a66f0000, 0x000001a1a7440000, 0x000001a1adc20000]
CodeHeap 'non-nmethods': size=5696Kb used=2351Kb max_used=2398Kb free=3344Kb
 bounds [0x000001a1a6160000, 0x000001a1a63d0000, 0x000001a1a66f0000]
 total_blobs=7396 nmethods=6527 adapters=781
 compilation: enabled
              stopped_count=0, restarted_count=0
 full_count=0

Compilation events (20 events):
Event: 6.662 Thread 0x000001a1bd01d000 nmethod 6493 0x000001a1a7411290 code [0x000001a1a74114a0, 0x000001a1a7411cf8]
Event: 6.662 Thread 0x000001a1bd01d000 6492       3       org.objectweb.asm.Symbol::<init> (38 bytes)
Event: 6.663 Thread 0x000001a1bd01d000 nmethod 6492 0x000001a1a7412010 code [0x000001a1a74121c0, 0x000001a1a7412458]
Event: 6.663 Thread 0x000001a1bd01d000 6494       1       org.objectweb.asm.SymbolTable::getMajorVersion (5 bytes)
Event: 6.663 Thread 0x000001a1bd01d000 nmethod 6494 0x000001a1adfca490 code [0x000001a1adfca640, 0x000001a1adfca6f8]
Event: 6.663 Thread 0x000001a1bd01d000 6496       3       org.objectweb.asm.SymbolTable::addMergedType (164 bytes)
Event: 6.663 Thread 0x000001a1bd01d000 nmethod 6496 0x000001a1a7412590 code [0x000001a1a74127c0, 0x000001a1a7412e58]
Event: 6.667 Thread 0x000001a1bd01d000 6497       3       org.gradle.internal.instantiation.generator.AsmBackedClassGenerator$ClassBuilderImpl::access$6200 (4 bytes)
Event: 6.667 Thread 0x000001a1bd01d000 nmethod 6497 0x000001a1a7413290 code [0x000001a1a7413440, 0x000001a1a7413538]
Event: 6.669 Thread 0x000001a1bd01d000 6498       3       org.objectweb.asm.Type::getArgumentTypes (154 bytes)
Event: 6.670 Thread 0x000001a1bd018000 6500       4       org.objectweb.asm.MethodWriter::visitLabel (328 bytes)
Event: 6.671 Thread 0x000001a1bd01d000 nmethod 6498 0x000001a1a7413610 code [0x000001a1a7413b00, 0x000001a1a7416568]
Event: 6.671 Thread 0x000001a1bd01d000 6499       3       org.objectweb.asm.Type::getInternalName (16 bytes)
Event: 6.671 Thread 0x000001a1bd01d000 nmethod 6499 0x000001a1a7417590 code [0x000001a1a7417740, 0x000001a1a7417888]
Event: 6.671 Thread 0x000001a1bd01d000 6501       3       org.gradle.internal.instantiation.generator.AsmBackedClassGenerator$ClassBuilderImpl::access$4800 (4 bytes)
Event: 6.671 Thread 0x000001a1bd01d000 nmethod 6501 0x000001a1a7417990 code [0x000001a1a7417b40, 0x000001a1a7417c38]
Event: 6.679 Thread 0x000001a1bd01d000 6504       3       sun.reflect.annotation.AnnotationParser::parseArray (226 bytes)
Event: 6.680 Thread 0x000001a1bd01d000 nmethod 6504 0x000001a1a7417d10 code [0x000001a1a7418100, 0x000001a1a7419a78]
Event: 6.680 Thread 0x000001a1bd01d000 6506       3       org.objectweb.asm.ClassWriter::toByteArray (1535 bytes)
Event: 6.685 Thread 0x000001a1bd01d000 nmethod 6506 0x000001a1a741a290 code [0x000001a1a741abe0, 0x000001a1a741ecd8]

GC Heap History (20 events):
Event: 4.519 GC heap before
{Heap before GC invocations=14 (full 0):
 garbage-first heap   total 145408K, used 105904K [0x0000000080000000, 0x0000000100000000)
  region size 1024K, 27 young (27648K), 4 survivors (4096K)
 Metaspace       used 45784K, capacity 47099K, committed 47228K, reserved 1089536K
  class space    used 5848K, capacity 6344K, committed 6400K, reserved 1048576K
}
Event: 4.525 GC heap after
{Heap after GC invocations=15 (full 0):
 garbage-first heap   total 145408K, used 85775K [0x0000000080000000, 0x0000000100000000)
  region size 1024K, 4 young (4096K), 4 survivors (4096K)
 Metaspace       used 45784K, capacity 47099K, committed 47228K, reserved 1089536K
  class space    used 5848K, capacity 6344K, committed 6400K, reserved 1048576K
}
Event: 4.714 GC heap before
{Heap before GC invocations=16 (full 0):
 garbage-first heap   total 145408K, used 113423K [0x0000000080000000, 0x0000000100000000)
  region size 1024K, 30 young (30720K), 4 survivors (4096K)
 Metaspace       used 47290K, capacity 48634K, committed 48892K, reserved 1091584K
  class space    used 5969K, capacity 6467K, committed 6528K, reserved 1048576K
}
Event: 4.717 GC heap after
{Heap after GC invocations=17 (full 0):
 garbage-first heap   total 175104K, used 87734K [0x0000000080000000, 0x0000000100000000)
  region size 1024K, 3 young (3072K), 3 survivors (3072K)
 Metaspace       used 47290K, capacity 48634K, committed 48892K, reserved 1091584K
  class space    used 5969K, capacity 6467K, committed 6528K, reserved 1048576K
}
Event: 4.856 GC heap before
{Heap before GC invocations=17 (full 0):
 garbage-first heap   total 175104K, used 102070K [0x0000000080000000, 0x0000000100000000)
  region size 1024K, 18 young (18432K), 3 survivors (3072K)
 Metaspace       used 48542K, capacity 49885K, committed 50172K, reserved 1093632K
  class space    used 6176K, capacity 6692K, committed 6784K, reserved 1048576K
}
Event: 4.860 GC heap after
{Heap after GC invocations=18 (full 0):
 garbage-first heap   total 175104K, used 88509K [0x0000000080000000, 0x0000000100000000)
  region size 1024K, 3 young (3072K), 3 survivors (3072K)
 Metaspace       used 48542K, capacity 49885K, committed 50172K, reserved 1093632K
  class space    used 6176K, capacity 6692K, committed 6784K, reserved 1048576K
}
Event: 5.204 GC heap before
{Heap before GC invocations=19 (full 0):
 garbage-first heap   total 175104K, used 135613K [0x0000000080000000, 0x0000000100000000)
  region size 1024K, 44 young (45056K), 3 survivors (3072K)
 Metaspace       used 51437K, capacity 52934K, committed 53244K, reserved 1095680K
  class space    used 6634K, capacity 7218K, committed 7296K, reserved 1048576K
}
Event: 5.207 GC heap after
{Heap after GC invocations=20 (full 0):
 garbage-first heap   total 175104K, used 95821K [0x0000000080000000, 0x0000000100000000)
  region size 1024K, 6 young (6144K), 6 survivors (6144K)
 Metaspace       used 51437K, capacity 52934K, committed 53244K, reserved 1095680K
  class space    used 6634K, capacity 7218K, committed 7296K, reserved 1048576K
}
Event: 5.487 GC heap before
{Heap before GC invocations=20 (full 0):
 garbage-first heap   total 175104K, used 120397K [0x0000000080000000, 0x0000000100000000)
  region size 1024K, 32 young (32768K), 6 survivors (6144K)
 Metaspace       used 52212K, capacity 53802K, committed 54012K, reserved 1095680K
  class space    used 6681K, capacity 7285K, committed 7296K, reserved 1048576K
}
Event: 5.494 GC heap after
{Heap after GC invocations=21 (full 0):
 garbage-first heap   total 175104K, used 97670K [0x0000000080000000, 0x0000000100000000)
  region size 1024K, 5 young (5120K), 5 survivors (5120K)
 Metaspace       used 52212K, capacity 53802K, committed 54012K, reserved 1095680K
  class space    used 6681K, capacity 7285K, committed 7296K, reserved 1048576K
}
Event: 5.559 GC heap before
{Heap before GC invocations=22 (full 0):
 garbage-first heap   total 175104K, used 107910K [0x0000000080000000, 0x0000000100000000)
  region size 1024K, 14 young (14336K), 5 survivors (5120K)
 Metaspace       used 52617K, capacity 54208K, committed 54396K, reserved 1095680K
  class space    used 6745K, capacity 7359K, committed 7424K, reserved 1048576K
}
Event: 5.568 GC heap after
{Heap after GC invocations=23 (full 0):
 garbage-first heap   total 175104K, used 103778K [0x0000000080000000, 0x0000000100000000)
  region size 1024K, 6 young (6144K), 6 survivors (6144K)
 Metaspace       used 52617K, capacity 54208K, committed 54396K, reserved 1095680K
  class space    used 6745K, capacity 7359K, committed 7424K, reserved 1048576K
}
Event: 5.823 GC heap before
{Heap before GC invocations=24 (full 0):
 garbage-first heap   total 175104K, used 133474K [0x0000000080000000, 0x0000000100000000)
  region size 1024K, 35 young (35840K), 6 survivors (6144K)
 Metaspace       used 55774K, capacity 57441K, committed 57596K, reserved 1099776K
  class space    used 7144K, capacity 7772K, committed 7808K, reserved 1048576K
}
Event: 5.826 GC heap after
{Heap after GC invocations=25 (full 0):
 garbage-first heap   total 175104K, used 106422K [0x0000000080000000, 0x0000000100000000)
  region size 1024K, 3 young (3072K), 3 survivors (3072K)
 Metaspace       used 55774K, capacity 57441K, committed 57596K, reserved 1099776K
  class space    used 7144K, capacity 7772K, committed 7808K, reserved 1048576K
}
Event: 6.110 GC heap before
{Heap before GC invocations=25 (full 0):
 garbage-first heap   total 175104K, used 136118K [0x0000000080000000, 0x0000000100000000)
  region size 1024K, 32 young (32768K), 3 survivors (3072K)
 Metaspace       used 60003K, capacity 61711K, committed 61948K, reserved 1103872K
  class space    used 7615K, capacity 8303K, committed 8320K, reserved 1048576K
}
Event: 6.114 GC heap after
{Heap after GC invocations=26 (full 0):
 garbage-first heap   total 175104K, used 107384K [0x0000000080000000, 0x0000000100000000)
  region size 1024K, 2 young (2048K), 2 survivors (2048K)
 Metaspace       used 60003K, capacity 61711K, committed 61948K, reserved 1103872K
  class space    used 7615K, capacity 8303K, committed 8320K, reserved 1048576K
}
Event: 6.410 GC heap before
{Heap before GC invocations=27 (full 0):
 garbage-first heap   total 175104K, used 126840K [0x0000000080000000, 0x0000000100000000)
  region size 1024K, 22 young (22528K), 2 survivors (2048K)
 Metaspace       used 63614K, capacity 65370K, committed 65532K, reserved 1105920K
  class space    used 8064K, capacity 8780K, committed 8832K, reserved 1048576K
}
Event: 6.415 GC heap after
{Heap after GC invocations=28 (full 0):
 garbage-first heap   total 210944K, used 109511K [0x0000000080000000, 0x0000000100000000)
  region size 1024K, 4 young (4096K), 4 survivors (4096K)
 Metaspace       used 63614K, capacity 65370K, committed 65532K, reserved 1105920K
  class space    used 8064K, capacity 8780K, committed 8832K, reserved 1048576K
}
Event: 6.475 GC heap before
{Heap before GC invocations=29 (full 0):
 garbage-first heap   total 210944K, used 123847K [0x0000000080000000, 0x0000000100000000)
  region size 1024K, 14 young (14336K), 4 survivors (4096K)
 Metaspace       used 63619K, capacity 65376K, committed 65532K, reserved 1105920K
  class space    used 8065K, capacity 8781K, committed 8832K, reserved 1048576K
}
Event: 6.480 GC heap after
{Heap after GC invocations=30 (full 0):
 garbage-first heap   total 210944K, used 116347K [0x0000000080000000, 0x0000000100000000)
  region size 1024K, 7 young (7168K), 7 survivors (7168K)
 Metaspace       used 63619K, capacity 65376K, committed 65532K, reserved 1105920K
  class space    used 8065K, capacity 8781K, committed 8832K, reserved 1048576K
}

Deoptimization events (20 events):
Event: 6.464 Thread 0x000001a1bf2e8800 DEOPT PACKING pc=0x000001a1a73a8735 sp=0x00000003d64f1d30
Event: 6.464 Thread 0x000001a1bf2e8800 DEOPT UNPACKING pc=0x000001a1a61aa95e sp=0x00000003d64f11b0 mode 0
Event: 6.464 Thread 0x000001a1bf2e8800 DEOPT PACKING pc=0x000001a1a73a8735 sp=0x00000003d64f1d40
Event: 6.464 Thread 0x000001a1bf2e8800 DEOPT UNPACKING pc=0x000001a1a61aa95e sp=0x00000003d64f11c0 mode 0
Event: 6.464 Thread 0x000001a1bf2e8800 DEOPT PACKING pc=0x000001a1a73a8735 sp=0x00000003d64f1d40
Event: 6.464 Thread 0x000001a1bf2e8800 DEOPT UNPACKING pc=0x000001a1a61aa95e sp=0x00000003d64f11c0 mode 0
Event: 6.464 Thread 0x000001a1bf2e8800 DEOPT PACKING pc=0x000001a1a73a2122 sp=0x00000003d64f1d20
Event: 6.465 Thread 0x000001a1bf2e8800 DEOPT UNPACKING pc=0x000001a1a61aa95e sp=0x00000003d64f1198 mode 0
Event: 6.465 Thread 0x000001a1bf2e8800 DEOPT PACKING pc=0x000001a1a73a8735 sp=0x00000003d64f1cf0
Event: 6.465 Thread 0x000001a1bf2e8800 DEOPT UNPACKING pc=0x000001a1a61aa95e sp=0x00000003d64f1148 mode 0
Event: 6.465 Thread 0x000001a1bf2e8800 DEOPT PACKING pc=0x000001a1a73a8735 sp=0x00000003d64f1cf0
Event: 6.465 Thread 0x000001a1bf2e8800 DEOPT UNPACKING pc=0x000001a1a61aa95e sp=0x00000003d64f1148 mode 0
Event: 6.504 Thread 0x000001a1bf2e8800 Uncommon trap: trap_request=0xffffffc6 fr.pc=0x000001a1adeab200 relative=0x00000000000014e0
Event: 6.504 Thread 0x000001a1bf2e8800 Uncommon trap: reason=bimorphic_or_optimized_type_check action=maybe_recompile pc=0x000001a1adeab200 method=jdk.internal.loader.Resource.getBytes()[B @ 115 c2
Event: 6.504 Thread 0x000001a1bf2e8800 DEOPT PACKING pc=0x000001a1adeab200 sp=0x00000003d64f2960
Event: 6.504 Thread 0x000001a1bf2e8800 DEOPT UNPACKING pc=0x000001a1a61aa1af sp=0x00000003d64f2900 mode 2
Event: 6.506 Thread 0x000001a1bf2e8800 Uncommon trap: trap_request=0xffffffc6 fr.pc=0x000001a1adeab200 relative=0x00000000000014e0
Event: 6.506 Thread 0x000001a1bf2e8800 Uncommon trap: reason=bimorphic_or_optimized_type_check action=maybe_recompile pc=0x000001a1adeab200 method=jdk.internal.loader.Resource.getBytes()[B @ 115 c2
Event: 6.506 Thread 0x000001a1bf2e8800 DEOPT PACKING pc=0x000001a1adeab200 sp=0x00000003d64ef540
Event: 6.506 Thread 0x000001a1bf2e8800 DEOPT UNPACKING pc=0x000001a1a61aa1af sp=0x00000003d64ef4e0 mode 2

Classes redefined (0 events):
No events

Internal exceptions (20 events):
Event: 5.659 Thread 0x000001a1bf2e8800 Exception <a 'java/lang/NoSuchMethodError'{0x00000000899b5318}: 'java.lang.Object java.lang.invoke.Invokers$Holder.linkToTargetMethod(java.lang.Object, int, int, java.lang.Object)'> (0x00000000899b5318) thrown at [src/hotspot/share/interpreter/linkResolver.cpp, line 773]
Event: 5.660 Thread 0x000001a1bf2e8800 Exception <a 'java/lang/NoSuchMethodError'{0x00000000899cd378}: 'java.lang.Object java.lang.invoke.DirectMethodHandle$Holder.invokeStatic(java.lang.Object, java.lang.Object, int, int, java.lang.Object, java.lang.Object)'> (0x00000000899cd378) thrown at [src/hotspot/share/interpreter/linkResolver.cpp, line 773]
Event: 5.804 Thread 0x000001a1bf2e8800 Exception <a 'java/lang/NoSuchMethodError'{0x000000008899e650}: 'java.lang.Object java.lang.invoke.DirectMethodHandle$Holder.invokeStatic(java.lang.Object, java.lang.Object, java.lang.Object, java.lang.Object, java.lang.Object, java.lang.Object, java.lang.Object, java.lang.Object, java.lang.Object, java.lang.Object, java.lang.Object, java.lang.Object, java.lang.Object, int)'> (0x000000008899e650) thrown at [src/hotspot/share/interpreter/linkResolver.cpp, line 773]
Event: 5.805 Thread 0x000001a1bf2e8800 Exception <a 'java/lang/NoSuchMethodError'{0x00000000889ac038}: 'java.lang.Object java.lang.invoke.DirectMethodHandle$Holder.invokeStatic(java.lang.Object, java.lang.Object, java.lang.Object, java.lang.Object, java.lang.Object, java.lang.Object, java.lang.Object, java.lang.Object, java.lang.Object, java.lang.Object, java.lang.Object, java.lang.Object, java.lang.Object, int, int)'> (0x00000000889ac038) thrown at [src/hotspot/share/interpreter/linkResolver.cpp, line 773]
Event: 5.839 Thread 0x000001a1bf2e8800 Exception <a 'java/lang/NoSuchMethodError'{0x000000008a9088e8}: 'int java.lang.invoke.DirectMethodHandle$Holder.invokeInterface(java.lang.Object, java.lang.Object, java.lang.Object, java.lang.Object)'> (0x000000008a9088e8) thrown at [src/hotspot/share/interpreter/linkResolver.cpp, line 773]
Event: 6.071 Thread 0x000001a1bf2e8800 Exception <a 'java/lang/NoSuchMethodError'{0x0000000089140600}: 'java.lang.Object java.lang.invoke.DirectMethodHandle$Holder.invokeSpecial(java.lang.Object, java.lang.Object, int, int, int, java.lang.Object, java.lang.Object, java.lang.Object, java.lang.Object)'> (0x0000000089140600) thrown at [src/hotspot/share/interpreter/linkResolver.cpp, line 773]
Event: 6.072 Thread 0x000001a1bf2e8800 Exception <a 'java/lang/NoSuchMethodError'{0x0000000089145050}: 'java.lang.Object java.lang.invoke.DelegatingMethodHandle$Holder.reinvoke_L(java.lang.Object, int, int, int, java.lang.Object, java.lang.Object, java.lang.Object, java.lang.Object)'> (0x0000000089145050) thrown at [src/hotspot/share/interpreter/linkResolver.cpp, line 773]
Event: 6.072 Thread 0x000001a1bf2e8800 Exception <a 'java/lang/NoSuchMethodError'{0x000000008914da58}: 'java.lang.Object java.lang.invoke.DirectMethodHandle$Holder.invokeStatic(java.lang.Object, java.lang.Object, java.lang.Object, java.lang.Object, java.lang.Object, int)'> (0x000000008914da58) thrown at [src/hotspot/share/interpreter/linkResolver.cpp, line 773]
Event: 6.190 Thread 0x000001a1bf2e8800 Exception <a 'java/lang/NoSuchMethodError'{0x000000008a6bf2b0}: 'java.lang.Object java.lang.invoke.DirectMethodHandle$Holder.invokeSpecial(java.lang.Object, java.lang.Object, int, int, java.lang.Object, java.lang.Object, java.lang.Object)'> (0x000000008a6bf2b0) thrown at [src/hotspot/share/interpreter/linkResolver.cpp, line 773]
Event: 6.190 Thread 0x000001a1bf2e8800 Exception <a 'java/lang/NoSuchMethodError'{0x000000008a6c4028}: 'java.lang.Object java.lang.invoke.DelegatingMethodHandle$Holder.reinvoke_L(java.lang.Object, int, int, java.lang.Object, java.lang.Object, java.lang.Object)'> (0x000000008a6c4028) thrown at [src/hotspot/share/interpreter/linkResolver.cpp, line 773]
Event: 6.191 Thread 0x000001a1bf2e8800 Exception <a 'java/lang/NoSuchMethodError'{0x000000008a6daed0}: 'java.lang.Object java.lang.invoke.DirectMethodHandle$Holder.invokeStatic(java.lang.Object, java.lang.Object, java.lang.Object, java.lang.Object, int, int)'> (0x000000008a6daed0) thrown at [src/hotspot/share/interpreter/linkResolver.cpp, line 773]
Event: 6.193 Thread 0x000001a1bf2e8800 Exception <a 'java/lang/NoSuchMethodError'{0x000000008a6f17f0}: 'java.lang.Object java.lang.invoke.DirectMethodHandle$Holder.invokeStatic(java.lang.Object, java.lang.Object, java.lang.Object, java.lang.Object, int, int, java.lang.Object)'> (0x000000008a6f17f0) thrown at [src/hotspot/share/interpreter/linkResolver.cpp, line 773]
Event: 6.194 Thread 0x000001a1bf2e8800 Exception <a 'java/lang/NoSuchMethodError'{0x000000008a509f70}: 'java.lang.Object java.lang.invoke.DirectMethodHandle$Holder.invokeStatic(java.lang.Object, java.lang.Object, java.lang.Object, java.lang.Object, int, int, java.lang.Object, java.lang.Object)'> (0x000000008a509f70) thrown at [src/hotspot/share/interpreter/linkResolver.cpp, line 773]
Event: 6.195 Thread 0x000001a1bf2e8800 Exception <a 'java/lang/NoSuchMethodError'{0x000000008a523790}: 'java.lang.Object java.lang.invoke.DirectMethodHandle$Holder.invokeStatic(java.lang.Object, java.lang.Object, java.lang.Object, java.lang.Object, int, int, java.lang.Object, java.lang.Object, java.lang.Object)'> (0x000000008a523790) thrown at [src/hotspot/share/interpreter/linkResolver.cpp, line 773]
Event: 6.222 Thread 0x000001a1bf2e8800 Exception <a 'java/lang/IncompatibleClassChangeError'{0x000000008a44dca0}: Found class java.lang.Object, but interface was expected> (0x000000008a44dca0) thrown at [src/hotspot/share/interpreter/linkResolver.cpp, line 839]
Event: 6.257 Thread 0x000001a1bf2e8800 Implicit null exception at 0x000001a1ade21154 to 0x000001a1ade212d0
Event: 6.258 Thread 0x000001a1bf2e8800 Implicit null exception at 0x000001a1ade988a4 to 0x000001a1ade9a680
Event: 6.319 Thread 0x000001a1bf2e8800 Implicit null exception at 0x000001a1add5b78b to 0x000001a1add5b864
Event: 6.356 Thread 0x000001a1bf2e8800 Implicit null exception at 0x000001a1addcf42c to 0x000001a1addcf562
Event: 6.548 Thread 0x000001a1bf2e8800 Exception <a 'sun/nio/fs/WindowsException'{0x000000008c972d30}> (0x000000008c972d30) thrown at [src/hotspot/share/prims/jni.cpp, line 617]

Events (20 events):
Event: 6.675 loading class com/android/build/api/dsl/AndroidSourceDirectorySet
Event: 6.675 loading class com/android/build/api/dsl/AndroidSourceDirectorySet done
Event: 6.675 loading class com/android/build/gradle/api/AndroidSourceFile
Event: 6.675 loading class com/android/build/gradle/api/AndroidSourceFile done
Event: 6.676 loading class com/android/build/api/dsl/AndroidSourceFile
Event: 6.676 loading class com/android/build/api/dsl/AndroidSourceFile done
Event: 6.676 loading class com/android/builder/model/v2/CustomSourceDirectory
Event: 6.676 loading class com/android/builder/model/v2/CustomSourceDirectory done
Event: 6.677 loading class com/android/build/gradle/internal/api/DefaultAndroidSourceDirectorySet
Event: 6.677 loading class com/android/build/gradle/internal/api/DefaultAndroidSourceDirectorySet done
Event: 6.682 loading class org/gradle/util/GUtil
Event: 6.682 loading class org/gradle/util/GUtil done
Event: 6.682 loading class org/gradle/util/GUtil
Event: 6.682 loading class org/gradle/util/GUtil done
Event: 6.684 loading class com/android/build/gradle/internal/api/artifact/SourceArtifactType$JAVA_SOURCES
Event: 6.684 loading class com/android/build/gradle/internal/api/artifact/SourceArtifactType$JAVA_SOURCES done
Event: 6.685 loading class com/android/build/gradle/internal/api/artifact/SourceArtifactType
Event: 6.685 loading class com/android/build/gradle/internal/api/artifact/SourceArtifactType done
Event: 6.685 loading class com/android/build/api/artifact/Artifact$Single
Event: 6.685 loading class com/android/build/api/artifact/Artifact$Single done


Dynamic libraries:
0x00007ff6dbb00000 - 0x00007ff6dbb0a000 	D:\FongAndroid\jbr\bin\java.exe
0x00007ffedd590000 - 0x00007ffedd7a7000 	C:\WINDOWS\SYSTEM32\ntdll.dll
0x00007ffedcb90000 - 0x00007ffedcc54000 	C:\WINDOWS\System32\KERNEL32.DLL
0x00007ffedabc0000 - 0x00007ffedaf66000 	C:\WINDOWS\System32\KERNELBASE.dll
0x00007ffedaf70000 - 0x00007ffedb081000 	C:\WINDOWS\System32\ucrtbase.dll
0x00007ffea9500000 - 0x00007ffea9517000 	D:\FongAndroid\jbr\bin\jli.dll
0x00007ffea94e0000 - 0x00007ffea94fb000 	D:\FongAndroid\jbr\bin\VCRUNTIME140.dll
0x00007ffedcc60000 - 0x00007ffedce0e000 	C:\WINDOWS\System32\USER32.dll
0x00007ffeda900000 - 0x00007ffeda926000 	C:\WINDOWS\System32\win32u.dll
0x00007ffec42f0000 - 0x00007ffec4583000 	C:\WINDOWS\WinSxS\amd64_microsoft.windows.common-controls_6595b64144ccf1df_6.0.22621.2506_none_270c5ae97388e100\COMCTL32.dll
0x00007ffedb720000 - 0x00007ffedb749000 	C:\WINDOWS\System32\GDI32.dll
0x00007ffedaaa0000 - 0x00007ffedabb8000 	C:\WINDOWS\System32\gdi32full.dll
0x00007ffedce10000 - 0x00007ffedceb7000 	C:\WINDOWS\System32\msvcrt.dll
0x00007ffedb150000 - 0x00007ffedb1ea000 	C:\WINDOWS\System32\msvcp_win.dll
0x00007ffedd460000 - 0x00007ffedd491000 	C:\WINDOWS\System32\IMM32.DLL
0x00007ffea10c0000 - 0x00007ffea114d000 	D:\FongAndroid\jbr\bin\msvcp140.dll
0x00007ffeb46a0000 - 0x00007ffeb46ac000 	C:\WINDOWS\SYSTEM32\VCRUNTIME140_1.dll
0x00007ffe98b30000 - 0x00007ffe996ec000 	D:\FongAndroid\jbr\bin\server\jvm.dll
0x00007ffedcee0000 - 0x00007ffedcf93000 	C:\WINDOWS\System32\ADVAPI32.dll
0x00007ffedd4a0000 - 0x00007ffedd548000 	C:\WINDOWS\System32\sechost.dll
0x00007ffeda8d0000 - 0x00007ffeda8f8000 	C:\WINDOWS\System32\bcrypt.dll
0x00007ffedd340000 - 0x00007ffedd457000 	C:\WINDOWS\System32\RPCRT4.dll
0x00007ffedced0000 - 0x00007ffedced8000 	C:\WINDOWS\System32\PSAPI.DLL
0x00007ffed5ec0000 - 0x00007ffed5ec9000 	C:\WINDOWS\SYSTEM32\WSOCK32.dll
0x00007ffed35e0000 - 0x00007ffed3614000 	C:\WINDOWS\SYSTEM32\WINMM.dll
0x00007ffedb400000 - 0x00007ffedb471000 	C:\WINDOWS\System32\WS2_32.dll
0x00007ffed2ea0000 - 0x00007ffed2eaa000 	C:\WINDOWS\SYSTEM32\VERSION.dll
0x00007ffed9900000 - 0x00007ffed9918000 	C:\WINDOWS\SYSTEM32\kernel.appcore.dll
0x00007ffed5eb0000 - 0x00007ffed5ec0000 	D:\FongAndroid\jbr\bin\verify.dll
0x00007ffed8480000 - 0x00007ffed86b3000 	C:\WINDOWS\SYSTEM32\DBGHELP.DLL
0x00007ffedbe80000 - 0x00007ffedc209000 	C:\WINDOWS\System32\combase.dll
0x00007ffedbc30000 - 0x00007ffedbd07000 	C:\WINDOWS\System32\OLEAUT32.dll
0x00007ffeb4e50000 - 0x00007ffeb4e82000 	C:\WINDOWS\SYSTEM32\dbgcore.DLL
0x00007ffedb1f0000 - 0x00007ffedb26a000 	C:\WINDOWS\System32\bcryptPrimitives.dll
0x00007ffed4bf0000 - 0x00007ffed4c18000 	D:\FongAndroid\jbr\bin\java.dll
0x00007ffed5ea0000 - 0x00007ffed5eaa000 	D:\FongAndroid\jbr\bin\jimage.dll
0x00007ffec60f0000 - 0x00007ffec6108000 	D:\FongAndroid\jbr\bin\zip.dll
0x00007ffedc220000 - 0x00007ffedca7a000 	C:\WINDOWS\System32\SHELL32.dll
0x00007ffed8820000 - 0x00007ffed9116000 	C:\WINDOWS\SYSTEM32\windows.storage.dll
0x00007ffed86e0000 - 0x00007ffed881e000 	C:\WINDOWS\SYSTEM32\wintypes.dll
0x00007ffedb480000 - 0x00007ffedb573000 	C:\WINDOWS\System32\SHCORE.dll
0x00007ffedbbd0000 - 0x00007ffedbc2e000 	C:\WINDOWS\System32\shlwapi.dll
0x00007ffeda800000 - 0x00007ffeda826000 	C:\WINDOWS\SYSTEM32\profapi.dll
0x00007ffec60d0000 - 0x00007ffec60e9000 	D:\FongAndroid\jbr\bin\net.dll
0x00007ffed29b0000 - 0x00007ffed2ae7000 	C:\WINDOWS\SYSTEM32\WINHTTP.dll
0x00007ffed9d80000 - 0x00007ffed9de9000 	C:\WINDOWS\system32\mswsock.dll
0x00007ffec09d0000 - 0x00007ffec09e3000 	D:\FongAndroid\jbr\bin\nio.dll
0x00007ffeaa550000 - 0x00007ffeaa577000 	C:\Users\HI\.gradle\native\e1d6ef7f7dcc3fd88c89a11ec53ec762bb8ba0a96d01ffa2cd45eb1d1d8dd5c5\windows-amd64\native-platform.dll
0x00007ffea0f70000 - 0x00007ffea10b4000 	C:\Users\HI\.gradle\native\0d407fdbe67a94daf76414ababcb853783967236a71b16ec16e742cd7a986fd3\windows-amd64\native-platform-file-events.dll
0x00007ffebb710000 - 0x00007ffebb71a000 	D:\FongAndroid\jbr\bin\management.dll
0x00007ffebb700000 - 0x00007ffebb70b000 	D:\FongAndroid\jbr\bin\management_ext.dll
0x00007ffed9fe0000 - 0x00007ffed9ffb000 	C:\WINDOWS\SYSTEM32\CRYPTSP.dll
0x00007ffed9860000 - 0x00007ffed9895000 	C:\WINDOWS\system32\rsaenh.dll
0x00007ffed9e70000 - 0x00007ffed9e9c000 	C:\WINDOWS\SYSTEM32\USERENV.dll
0x00007ffed9fd0000 - 0x00007ffed9fdc000 	C:\WINDOWS\SYSTEM32\CRYPTBASE.dll
0x00007ffed9380000 - 0x00007ffed93ad000 	C:\WINDOWS\SYSTEM32\IPHLPAPI.DLL
0x00007ffedb3d0000 - 0x00007ffedb3d9000 	C:\WINDOWS\System32\NSI.dll
0x00007ffed21b0000 - 0x00007ffed21c9000 	C:\WINDOWS\SYSTEM32\dhcpcsvc6.DLL
0x00007ffed2190000 - 0x00007ffed21af000 	C:\WINDOWS\SYSTEM32\dhcpcsvc.DLL
0x00007ffed93f0000 - 0x00007ffed94e9000 	C:\WINDOWS\SYSTEM32\DNSAPI.dll

dbghelp: loaded successfully - version: 4.0.5 - missing functions: none
symbol engine: initialized successfully - sym options: 0x614 - pdb path: .;D:\FongAndroid\jbr\bin;C:\WINDOWS\SYSTEM32;C:\WINDOWS\WinSxS\amd64_microsoft.windows.common-controls_6595b64144ccf1df_6.0.22621.2506_none_270c5ae97388e100;D:\FongAndroid\jbr\bin\server;C:\Users\HI\.gradle\native\e1d6ef7f7dcc3fd88c89a11ec53ec762bb8ba0a96d01ffa2cd45eb1d1d8dd5c5\windows-amd64;C:\Users\HI\.gradle\native\0d407fdbe67a94daf76414ababcb853783967236a71b16ec16e742cd7a986fd3\windows-amd64

VM Arguments:
jvm_args: --add-opens=java.base/java.util=ALL-UNNAMED --add-opens=java.base/java.lang=ALL-UNNAMED --add-opens=java.base/java.lang.invoke=ALL-UNNAMED --add-opens=java.base/java.util=ALL-UNNAMED --add-opens=java.prefs/java.util.prefs=ALL-UNNAMED --add-opens=java.prefs/java.util.prefs=ALL-UNNAMED --add-opens=java.base/java.nio.charset=ALL-UNNAMED --add-opens=java.base/java.net=ALL-UNNAMED --add-opens=java.base/java.util.concurrent.atomic=ALL-UNNAMED -Xmx2048m -Dfile.encoding=UTF-8 -Duser.country=US -Duser.language=en -Duser.variant 
java_command: org.gradle.launcher.daemon.bootstrap.GradleDaemon 7.5
java_class_path (initial): C:\Users\HI\.gradle\wrapper\dists\gradle-7.5-bin\f1w0cc9nuo0eivz97x2xlu9sv\gradle-7.5\lib\gradle-launcher-7.5.jar
Launcher Type: SUN_STANDARD

[Global flags]
     intx CICompilerCount                          = 3                                         {product} {ergonomic}
     uint ConcGCThreads                            = 2                                         {product} {ergonomic}
     uint G1ConcRefinementThreads                  = 6                                         {product} {ergonomic}
   size_t G1HeapRegionSize                         = 1048576                                   {product} {ergonomic}
    uintx GCDrainStackTargetSize                   = 64                                        {product} {ergonomic}
   size_t InitialHeapSize                          = 123731968                                 {product} {ergonomic}
   size_t MarkStackSize                            = 4194304                                   {product} {ergonomic}
   size_t MaxHeapSize                              = 2147483648                                {product} {command line}
   size_t MaxNewSize                               = 1287651328                                {product} {ergonomic}
   size_t MinHeapDeltaBytes                        = 1048576                                   {product} {ergonomic}
    uintx NonNMethodCodeHeapSize                   = 5830732                                {pd product} {ergonomic}
    uintx NonProfiledCodeHeapSize                  = 122913754                              {pd product} {ergonomic}
    uintx ProfiledCodeHeapSize                     = 122913754                              {pd product} {ergonomic}
    uintx ReservedCodeCacheSize                    = 251658240                              {pd product} {ergonomic}
     bool SegmentedCodeCache                       = true                                      {product} {ergonomic}
     bool UseCompressedClassPointers               = true                                 {lp64_product} {ergonomic}
     bool UseCompressedOops                        = true                                 {lp64_product} {ergonomic}
     bool UseG1GC                                  = true                                      {product} {ergonomic}
     bool UseLargePagesIndividualAllocation        = false                                  {pd product} {ergonomic}

Logging:
Log output configuration:
 #0: stdout all=warning uptime,level,tags
 #1: stderr all=off uptime,level,tags

Environment Variables:
JAVA_HOME=C:\Java\
PATH=C:\Program Files\Common Files\Oracle\Java\javapath;C:\Program Files (x86)\VMware\VMware Workstation\bin\;C:\Java\bin;C:\WINDOWS\system32;C:\WINDOWS;C:\WINDOWS\System32\Wbem;C:\WINDOWS\System32\WindowsPowerShell\v1.0\;C:\WINDOWS\System32\OpenSSH\;C:\MinGW\bin\;C:\TDM-GCC-64\bin;C:\Program Files\Microsoft SQL Server\Client SDK\ODBC\170\Tools\Binn\;C:\Program Files (x86)\Microsoft SQL Server\150\Tools\Binn\;C:\Program Files\Microsoft SQL Server\150\Tools\Binn\;C:\Program Files\Microsoft SQL Server\150\DTS\Binn\;C:\Program Files (x86)\Microsoft SQL Server\160\DTS\Binn\;C:\Program Files (x86)\Microsoft SQL Server\160\Tools\Binn\;C:\Program Files\Microsoft SQL Server\160\Tools\Binn\;C:\Program Files\Microsoft SQL Server\160\DTS\Binn\;D:\;C:\dart-sdk;C:\Program Files\dotnet\;C:\Program Files\Git\cmd;C:\Program Files\MySQL\MySQL Shell 8.0\bin\;D:\Scripts\;D:\;D:\python\Scripts\;D:\python\;C:\Users\HI\AppData\Local\Microsoft\WindowsApps;C:\Users\HI\AppData\Local\Programs\Microsoft VS Code\bin;C:\TDM-GCC-64\bin;D:\php\php;C:\Program Files\JetBrains\PyCharm Community Edition 2021.2.3\bin;;;C:\Program Files\Azure Data Studio\bin;C:\Users\HI\AppData\Roaming\npm;C:\Users\HI\.dotnet\tools;C:\Program Files\JetBrains\IntelliJ IDEA 2023.2.2\bin;;C:\Program Files\JetBrains\IntelliJ IDEA Educational Edition 2022.2.2\bin;;C:\Program Files\JetBrains\IntelliJ IDEA Community Edition 2023.2.2\bin;
USERNAME=HI
OS=Windows_NT
PROCESSOR_IDENTIFIER=AMD64 Family 23 Model 96 Stepping 1, AuthenticAMD



---------------  S Y S T E M  ---------------

OS: Windows 11 , 64 bit Build 22621 (10.0.22621.2506)
OS uptime: 0 days 2:10 hours

CPU:total 6 (initial active 6) (6 cores per cpu, 1 threads per core) family 23 model 96 stepping 1 microcode 0x0, cmov, cx8, fxsr, mmx, sse, sse2, sse3, ssse3, sse4.1, sse4.2, popcnt, avx, avx2, aes, clmul, mmxext, 3dnowpref, lzcnt, sse4a, tsc, tscinvbit, tscinv, bmi1, bmi2, adx, sha, fma

Memory: 4k page, system-wide physical 7542M (411M free)
TotalPageFile size 11638M (AvailPageFile size 3M)
current process WorkingSet (physical memory assigned to process): 402M, peak: 402M
current process commit charge ("private bytes"): 444M, peak: 445M

vm_info: OpenJDK 64-Bit Server VM (11.0.15+0-b2043.56-8887301) for windows-amd64 JRE (11.0.15+0-b2043.56-8887301), built on Jul 29 2022 23:19:47 by "builduser" with unknown MS VC++:1929

END.
