#
# There is insufficient memory for the Java Runtime Environment to continue.
# Native memory allocation (mmap) failed to map 39845888 bytes for Failed to commit area from 0x000000008ba00000 to 0x000000008e000000 of length 39845888.
# Possible reasons:
#   The system is out of physical RAM or swap space
#   The process is running with CompressedOops enabled, and the Java Heap may be blocking the growth of the native heap
# Possible solutions:
#   Reduce memory load on the system
#   Increase physical memory or swap space
#   Check if swap backing store is full
#   Decrease Java heap size (-Xmx/-Xms)
#   Decrease number of Java threads
#   Decrease Java thread stack sizes (-Xss)
#   Set larger code cache with -XX:ReservedCodeCacheSize=
#   JVM is running with Unscaled Compressed Oops mode in which the Java heap is
#     placed in the first 4GB address space. The Java Heap base address is the
#     maximum limit for the native heap growth. Please use -XX:HeapBaseMinAddress
#     to set the Java Heap base and to place the Java Heap above 4GB virtual address.
# This output file may be truncated or incomplete.
#
#  Out of Memory Error (src/hotspot/os/windows/os_windows.cpp:3627), pid=3828, tid=12896
#
# JRE version: OpenJDK Runtime Environment (11.0.15) (build 11.0.15+0-b2043.56-8887301)
# Java VM: OpenJDK 64-Bit Server VM (11.0.15+0-b2043.56-8887301, mixed mode, tiered, compressed oops, g1 gc, windows-amd64)
# No core dump will be written. Minidumps are not enabled by default on client versions of Windows
#

---------------  S U M M A R Y ------------

Command Line: --add-opens=java.base/java.util=ALL-UNNAMED --add-opens=java.base/java.lang=ALL-UNNAMED --add-opens=java.base/java.lang.invoke=ALL-UNNAMED --add-opens=java.base/java.util=ALL-UNNAMED --add-opens=java.prefs/java.util.prefs=ALL-UNNAMED --add-opens=java.prefs/java.util.prefs=ALL-UNNAMED --add-opens=java.base/java.nio.charset=ALL-UNNAMED --add-opens=java.base/java.net=ALL-UNNAMED --add-opens=java.base/java.util.concurrent.atomic=ALL-UNNAMED -Xmx2048m -Dfile.encoding=UTF-8 -Duser.country=US -Duser.language=en -Duser.variant org.gradle.launcher.daemon.bootstrap.GradleDaemon 7.5

Host: AMD Ryzen 5 4500U with Radeon Graphics         , 6 cores, 7G,  Windows 11 , 64 bit Build 22621 (10.0.22621.2506)
Time: Wed Jan 17 10:48:22 2024 SE Asia Standard Time elapsed time: 8.067985 seconds (0d 0h 0m 8s)

---------------  T H R E A D  ---------------

Current thread (0x000001e41fb1c800):  VMThread "VM Thread" [stack: 0x000000d3cd600000,0x000000d3cd700000] [id=12896]

Stack: [0x000000d3cd600000,0x000000d3cd700000]
[error occurred during error reporting (printing stack bounds), id 0xc0000005, EXCEPTION_ACCESS_VIOLATION (0xc0000005) at pc=0x000001e408e2112d]

Native frames: (J=compiled Java code, j=interpreted, Vv=VM code, C=native code)
V  [jvm.dll+0x64135a]
V  [jvm.dll+0x7d39f9]
V  [jvm.dll+0x7d51b9]
V  [jvm.dll+0x7d5805]
V  [jvm.dll+0x7d57bb]
V  [jvm.dll+0x640655]
V  [jvm.dll+0x640d68]
C  [ntdll.dll+0xa441f]
C  [ntdll.dll+0x1e466]
C  [ntdll.dll+0xa340e]
C  0x000001e408e2112d

VM_Operation (0x000000d3ce8f3fd0): G1CollectForAllocation, mode: safepoint, requested by thread 0x000001e422f55000


---------------  P R O C E S S  ---------------

Threads class SMR info:
_java_thread_list=0x000001e426018b20, length=102, elements={
0x000001e403b3c800, 0x000001e41fb24000, 0x000001e41fb25000, 0x000001e4204b2800,
0x000001e41fb3c000, 0x000001e41fb3c800, 0x000001e41fb3f800, 0x000001e41fb48800,
0x000001e41fb52000, 0x000001e420608000, 0x000001e42295a800, 0x000001e420867800,
0x000001e423619000, 0x000001e422ca1800, 0x000001e423808800, 0x000001e422f9e000,
0x000001e422f55000, 0x000001e42354e000, 0x000001e422e5d800, 0x000001e423673000,
0x000001e423676000, 0x000001e423671000, 0x000001e423674800, 0x000001e423983800,
0x000001e423672000, 0x000001e423670800, 0x000001e423673800, 0x000001e423675000,
0x000001e423677000, 0x000001e423846000, 0x000001e423847800, 0x000001e42384a000,
0x000001e423847000, 0x000001e423848800, 0x000001e423844800, 0x000001e423849800,
0x000001e42384b000, 0x000001e423845000, 0x000001e42384e000, 0x000001e423852800,
0x000001e42384d800, 0x000001e42384c800, 0x000001e42384f000, 0x000001e423853000,
0x000001e423850000, 0x000001e423851800, 0x000001e428699000, 0x000001e42869a800,
0x000001e428699800, 0x000001e42869b800, 0x000001e42869d000, 0x000001e42869e000,
0x000001e42869c000, 0x000001e428698000, 0x000001e4286a3800, 0x000001e4286a1000,
0x000001e4286a0000, 0x000001e42869e800, 0x000001e4286a4800, 0x000001e4286a2000,
0x000001e4286a5000, 0x000001e42869f800, 0x000001e4286a7000, 0x000001e4286a2800,
0x000001e4286a6000, 0x000001e428cc4000, 0x000001e428cc5800, 0x000001e428cc3800,
0x000001e428cc5000, 0x000001e428cc6800, 0x000001e428cc7800, 0x000001e428cc8000,
0x000001e428cc2800, 0x000001e428ccb800, 0x000001e428cce800, 0x000001e428ccc800,
0x000001e428cce000, 0x000001e428cc9000, 0x000001e428cca800, 0x000001e428cca000,
0x000001e428ccd000, 0x000001e428ccf800, 0x000001e428cd0800, 0x000001e428cd1000,
0x000001e425d85800, 0x000001e425d86800, 0x000001e425d84000, 0x000001e425d83800,
0x000001e425d8a000, 0x000001e425d87800, 0x000001e425d88000, 0x000001e425d85000,
0x000001e425d8b800, 0x000001e425d8c800, 0x000001e425d8d000, 0x000001e425d8e800,
0x000001e425d8a800, 0x000001e425d89000, 0x000001e425d8e000, 0x000001e425d91000,
0x000001e425d8f800, 0x000001e425d90800
}

Java Threads: ( => current thread )
  0x000001e403b3c800 JavaThread "main" [_thread_blocked, id=15344, stack(0x000000d3cd000000,0x000000d3cd100000)]
  0x000001e41fb24000 JavaThread "Reference Handler" daemon [_thread_blocked, id=1400, stack(0x000000d3cd700000,0x000000d3cd800000)]
  0x000001e41fb25000 JavaThread "Finalizer" daemon [_thread_blocked, id=12440, stack(0x000000d3cd800000,0x000000d3cd900000)]
  0x000001e4204b2800 JavaThread "Signal Dispatcher" daemon [_thread_blocked, id=11464, stack(0x000000d3cd900000,0x000000d3cda00000)]
  0x000001e41fb3c000 JavaThread "Attach Listener" daemon [_thread_blocked, id=2420, stack(0x000000d3cda00000,0x000000d3cdb00000)]
  0x000001e41fb3c800 JavaThread "Service Thread" daemon [_thread_blocked, id=7872, stack(0x000000d3cdb00000,0x000000d3cdc00000)]
  0x000001e41fb3f800 JavaThread "C2 CompilerThread0" daemon [_thread_blocked, id=272, stack(0x000000d3cdc00000,0x000000d3cdd00000)]
  0x000001e41fb48800 JavaThread "C1 CompilerThread0" daemon [_thread_blocked, id=10904, stack(0x000000d3cdd00000,0x000000d3cde00000)]
  0x000001e41fb52000 JavaThread "Sweeper thread" daemon [_thread_blocked, id=4604, stack(0x000000d3cde00000,0x000000d3cdf00000)]
  0x000001e420608000 JavaThread "Common-Cleaner" daemon [_thread_blocked, id=13608, stack(0x000000d3cdf00000,0x000000d3ce000000)]
  0x000001e42295a800 JavaThread "Daemon health stats" [_thread_blocked, id=3500, stack(0x000000d3ce300000,0x000000d3ce400000)]
  0x000001e420867800 JavaThread "Incoming local TCP Connector on port 63324" [_thread_in_native, id=3764, stack(0x000000d3ce100000,0x000000d3ce200000)]
  0x000001e423619000 JavaThread "Daemon periodic checks" [_thread_blocked, id=12960, stack(0x000000d3ce400000,0x000000d3ce500000)]
  0x000001e422ca1800 JavaThread "Daemon" [_thread_blocked, id=13356, stack(0x000000d3ce500000,0x000000d3ce600000)]
  0x000001e423808800 JavaThread "Handler for socket connection from /127.0.0.1:63324 to /127.0.0.1:63325" [_thread_in_native, id=12384, stack(0x000000d3ce600000,0x000000d3ce700000)]
  0x000001e422f9e000 JavaThread "Cancel handler" [_thread_blocked, id=13168, stack(0x000000d3ce700000,0x000000d3ce800000)]
  0x000001e422f55000 JavaThread "Daemon worker" [_thread_blocked, id=8344, stack(0x000000d3ce800000,0x000000d3ce900000)]
  0x000001e42354e000 JavaThread "Asynchronous log dispatcher for DefaultDaemonConnection: socket connection from /127.0.0.1:63324 to /127.0.0.1:63325" [_thread_blocked, id=8548, stack(0x000000d3ce900000,0x000000d3cea00000)]
  0x000001e422e5d800 JavaThread "Stdin handler" [_thread_blocked, id=896, stack(0x000000d3cea00000,0x000000d3ceb00000)]
  0x000001e423673000 JavaThread "Daemon client event forwarder" [_thread_blocked, id=7552, stack(0x000000d3ceb00000,0x000000d3cec00000)]
  0x000001e423676000 JavaThread "Cache worker for journal cache (C:\Users\HI\.gradle\caches\journal-1)" [_thread_blocked, id=2896, stack(0x000000d3cec00000,0x000000d3ced00000)]
  0x000001e423671000 JavaThread "File lock request listener" [_thread_in_native, id=904, stack(0x000000d3ced00000,0x000000d3cee00000)]
  0x000001e423674800 JavaThread "Cache worker for file hash cache (C:\Users\HI\.gradle\caches\7.5\fileHashes)" [_thread_blocked, id=10540, stack(0x000000d3cf300000,0x000000d3cf400000)]
  0x000001e423983800 JavaThread "C2 CompilerThread1" daemon [_thread_in_native, id=1768, stack(0x000000d3cf400000,0x000000d3cf500000)]
  0x000001e423672000 JavaThread "File watcher server" daemon [_thread_in_native, id=15892, stack(0x000000d3cf500000,0x000000d3cf600000)]
  0x000001e423670800 JavaThread "File watcher consumer" daemon [_thread_blocked, id=13180, stack(0x000000d3cf600000,0x000000d3cf700000)]
  0x000001e423673800 JavaThread "jar transforms" [_thread_blocked, id=11624, stack(0x000000d3cf700000,0x000000d3cf800000)]
  0x000001e423675000 JavaThread "jar transforms Thread 2" [_thread_blocked, id=4568, stack(0x000000d3cf800000,0x000000d3cf900000)]
  0x000001e423677000 JavaThread "jar transforms Thread 3" [_thread_blocked, id=304, stack(0x000000d3cf900000,0x000000d3cfa00000)]
  0x000001e423846000 JavaThread "jar transforms Thread 4" [_thread_blocked, id=2112, stack(0x000000d3cfa00000,0x000000d3cfb00000)]
  0x000001e423847800 JavaThread "jar transforms Thread 5" [_thread_blocked, id=4584, stack(0x000000d3cfb00000,0x000000d3cfc00000)]
  0x000001e42384a000 JavaThread "jar transforms Thread 6" [_thread_blocked, id=12852, stack(0x000000d3cfc00000,0x000000d3cfd00000)]
  0x000001e423847000 JavaThread "Cache worker for checksums cache (C:\Users\HI\AndroidStudioProjects\TimeDatePicker\.gradle\7.5\checksums)" [_thread_blocked, id=15240, stack(0x000000d3cfd00000,0x000000d3cfe00000)]
  0x000001e423848800 JavaThread "Cache worker for cache directory md-rule (C:\Users\HI\.gradle\caches\7.5\md-rule)" [_thread_blocked, id=9224, stack(0x000000d3cfe00000,0x000000d3cff00000)]
  0x000001e423844800 JavaThread "Cache worker for file content cache (C:\Users\HI\.gradle\caches\7.5\fileContent)" [_thread_blocked, id=6172, stack(0x000000d3cff00000,0x000000d3d0000000)]
  0x000001e423849800 JavaThread "Cache worker for file hash cache (C:\Users\HI\AndroidStudioProjects\TimeDatePicker\.gradle\7.5\fileHashes)" [_thread_blocked, id=664, stack(0x000000d3d0000000,0x000000d3d0100000)]
  0x000001e42384b000 JavaThread "Cache worker for cache directory md-supplier (C:\Users\HI\.gradle\caches\7.5\md-supplier)" [_thread_blocked, id=3872, stack(0x000000d3d0100000,0x000000d3d0200000)]
  0x000001e423845000 JavaThread "Cache worker for execution history cache (C:\Users\HI\.gradle\caches\7.5\executionHistory)" [_thread_blocked, id=8836, stack(0x000000d3d0200000,0x000000d3d0300000)]
  0x000001e42384e000 JavaThread "Cache worker for dependencies-accessors (C:\Users\HI\AndroidStudioProjects\TimeDatePicker\.gradle\7.5\dependencies-accessors)" [_thread_blocked, id=9272, stack(0x000000d3d0300000,0x000000d3d0400000)]
  0x000001e423852800 JavaThread "Cache worker for Build Output Cleanup Cache (C:\Users\HI\AndroidStudioProjects\TimeDatePicker\.gradle\buildOutputCleanup)" [_thread_blocked, id=13984, stack(0x000000d3d0400000,0x000000d3d0500000)]
  0x000001e42384d800 JavaThread "Unconstrained build operations" [_thread_blocked, id=12780, stack(0x000000d3d0500000,0x000000d3d0600000)]
  0x000001e42384c800 JavaThread "Unconstrained build operations Thread 2" [_thread_blocked, id=3504, stack(0x000000d3d0600000,0x000000d3d0700000)]
  0x000001e42384f000 JavaThread "Unconstrained build operations Thread 3" [_thread_blocked, id=14148, stack(0x000000d3d0700000,0x000000d3d0800000)]
  0x000001e423853000 JavaThread "Unconstrained build operations Thread 4" [_thread_blocked, id=6596, stack(0x000000d3d0800000,0x000000d3d0900000)]
  0x000001e423850000 JavaThread "Unconstrained build operations Thread 5" [_thread_blocked, id=12184, stack(0x000000d3d0900000,0x000000d3d0a00000)]
  0x000001e423851800 JavaThread "Unconstrained build operations Thread 6" [_thread_blocked, id=3552, stack(0x000000d3d0a00000,0x000000d3d0b00000)]
  0x000001e428699000 JavaThread "Unconstrained build operations Thread 7" [_thread_blocked, id=9664, stack(0x000000d3d0b00000,0x000000d3d0c00000)]
  0x000001e42869a800 JavaThread "Unconstrained build operations Thread 8" [_thread_blocked, id=4920, stack(0x000000d3d0c00000,0x000000d3d0d00000)]
  0x000001e428699800 JavaThread "Unconstrained build operations Thread 9" [_thread_blocked, id=3256, stack(0x000000d3d0d00000,0x000000d3d0e00000)]
  0x000001e42869b800 JavaThread "Unconstrained build operations Thread 10" [_thread_blocked, id=10604, stack(0x000000d3d0e00000,0x000000d3d0f00000)]
  0x000001e42869d000 JavaThread "Unconstrained build operations Thread 11" [_thread_blocked, id=8252, stack(0x000000d3d0f00000,0x000000d3d1000000)]
  0x000001e42869e000 JavaThread "Unconstrained build operations Thread 12" [_thread_blocked, id=13492, stack(0x000000d3d1000000,0x000000d3d1100000)]
  0x000001e42869c000 JavaThread "Unconstrained build operations Thread 13" [_thread_blocked, id=9980, stack(0x000000d3d1100000,0x000000d3d1200000)]
  0x000001e428698000 JavaThread "Unconstrained build operations Thread 14" [_thread_blocked, id=8632, stack(0x000000d3d1200000,0x000000d3d1300000)]
  0x000001e4286a3800 JavaThread "Unconstrained build operations Thread 15" [_thread_blocked, id=7604, stack(0x000000d3d1300000,0x000000d3d1400000)]
  0x000001e4286a1000 JavaThread "Unconstrained build operations Thread 16" [_thread_blocked, id=7780, stack(0x000000d3d1400000,0x000000d3d1500000)]
  0x000001e4286a0000 JavaThread "Unconstrained build operations Thread 17" [_thread_blocked, id=2132, stack(0x000000d3d1500000,0x000000d3d1600000)]
  0x000001e42869e800 JavaThread "Unconstrained build operations Thread 18" [_thread_blocked, id=5496, stack(0x000000d3d1600000,0x000000d3d1700000)]
  0x000001e4286a4800 JavaThread "Unconstrained build operations Thread 19" [_thread_blocked, id=11024, stack(0x000000d3d1700000,0x000000d3d1800000)]
  0x000001e4286a2000 JavaThread "Unconstrained build operations Thread 20" [_thread_blocked, id=11312, stack(0x000000d3d1800000,0x000000d3d1900000)]
  0x000001e4286a5000 JavaThread "Unconstrained build operations Thread 21" [_thread_blocked, id=11536, stack(0x000000d3d1900000,0x000000d3d1a00000)]
  0x000001e42869f800 JavaThread "Unconstrained build operations Thread 22" [_thread_blocked, id=10520, stack(0x000000d3d1a00000,0x000000d3d1b00000)]
  0x000001e4286a7000 JavaThread "Unconstrained build operations Thread 23" [_thread_blocked, id=12040, stack(0x000000d3d1b00000,0x000000d3d1c00000)]
  0x000001e4286a2800 JavaThread "Unconstrained build operations Thread 24" [_thread_blocked, id=14492, stack(0x000000d3d1c00000,0x000000d3d1d00000)]
  0x000001e4286a6000 JavaThread "Unconstrained build operations Thread 25" [_thread_blocked, id=13140, stack(0x000000d3d1d00000,0x000000d3d1e00000)]
  0x000001e428cc4000 JavaThread "Unconstrained build operations Thread 26" [_thread_blocked, id=6860, stack(0x000000d3d1e00000,0x000000d3d1f00000)]
  0x000001e428cc5800 JavaThread "Unconstrained build operations Thread 27" [_thread_blocked, id=15948, stack(0x000000d3d1f00000,0x000000d3d2000000)]
  0x000001e428cc3800 JavaThread "Unconstrained build operations Thread 28" [_thread_blocked, id=13116, stack(0x000000d3d2000000,0x000000d3d2100000)]
  0x000001e428cc5000 JavaThread "Unconstrained build operations Thread 29" [_thread_blocked, id=4936, stack(0x000000d3d2100000,0x000000d3d2200000)]
  0x000001e428cc6800 JavaThread "Unconstrained build operations Thread 30" [_thread_blocked, id=9176, stack(0x000000d3d2200000,0x000000d3d2300000)]
  0x000001e428cc7800 JavaThread "Unconstrained build operations Thread 31" [_thread_blocked, id=4864, stack(0x000000d3d2300000,0x000000d3d2400000)]
  0x000001e428cc8000 JavaThread "Unconstrained build operations Thread 32" [_thread_blocked, id=10992, stack(0x000000d3d2400000,0x000000d3d2500000)]
  0x000001e428cc2800 JavaThread "Unconstrained build operations Thread 33" [_thread_blocked, id=840, stack(0x000000d3d2500000,0x000000d3d2600000)]
  0x000001e428ccb800 JavaThread "Unconstrained build operations Thread 34" [_thread_blocked, id=10944, stack(0x000000d3d2600000,0x000000d3d2700000)]
  0x000001e428cce800 JavaThread "Unconstrained build operations Thread 35" [_thread_blocked, id=9128, stack(0x000000d3d2700000,0x000000d3d2800000)]
  0x000001e428ccc800 JavaThread "Unconstrained build operations Thread 36" [_thread_blocked, id=1676, stack(0x000000d3d2800000,0x000000d3d2900000)]
  0x000001e428cce000 JavaThread "Unconstrained build operations Thread 37" [_thread_blocked, id=14708, stack(0x000000d3d2900000,0x000000d3d2a00000)]
  0x000001e428cc9000 JavaThread "Unconstrained build operations Thread 38" [_thread_blocked, id=14124, stack(0x000000d3d2a00000,0x000000d3d2b00000)]
  0x000001e428cca800 JavaThread "Unconstrained build operations Thread 39" [_thread_blocked, id=9868, stack(0x000000d3d2b00000,0x000000d3d2c00000)]
  0x000001e428cca000 JavaThread "Unconstrained build operations Thread 40" [_thread_blocked, id=4252, stack(0x000000d3d2c00000,0x000000d3d2d00000)]
  0x000001e428ccd000 JavaThread "Unconstrained build operations Thread 41" [_thread_blocked, id=13020, stack(0x000000d3d2d00000,0x000000d3d2e00000)]
  0x000001e428ccf800 JavaThread "Unconstrained build operations Thread 42" [_thread_blocked, id=7596, stack(0x000000d3d2e00000,0x000000d3d2f00000)]
  0x000001e428cd0800 JavaThread "Unconstrained build operations Thread 43" [_thread_blocked, id=6052, stack(0x000000d3d2f00000,0x000000d3d3000000)]
  0x000001e428cd1000 JavaThread "Unconstrained build operations Thread 44" [_thread_blocked, id=5000, stack(0x000000d3d3000000,0x000000d3d3100000)]
  0x000001e425d85800 JavaThread "Unconstrained build operations Thread 45" [_thread_blocked, id=4908, stack(0x000000d3d3100000,0x000000d3d3200000)]
  0x000001e425d86800 JavaThread "Unconstrained build operations Thread 46" [_thread_blocked, id=14500, stack(0x000000d3d3200000,0x000000d3d3300000)]
  0x000001e425d84000 JavaThread "Unconstrained build operations Thread 47" [_thread_blocked, id=13392, stack(0x000000d3d3300000,0x000000d3d3400000)]
  0x000001e425d83800 JavaThread "Unconstrained build operations Thread 48" [_thread_blocked, id=14572, stack(0x000000d3d3400000,0x000000d3d3500000)]
  0x000001e425d8a000 JavaThread "Unconstrained build operations Thread 49" [_thread_blocked, id=4772, stack(0x000000d3d3500000,0x000000d3d3600000)]
  0x000001e425d87800 JavaThread "Unconstrained build operations Thread 50" [_thread_blocked, id=7060, stack(0x000000d3d3600000,0x000000d3d3700000)]
  0x000001e425d88000 JavaThread "Unconstrained build operations Thread 51" [_thread_blocked, id=14688, stack(0x000000d3d3700000,0x000000d3d3800000)]
  0x000001e425d85000 JavaThread "Unconstrained build operations Thread 52" [_thread_blocked, id=17248, stack(0x000000d3d3800000,0x000000d3d3900000)]
  0x000001e425d8b800 JavaThread "Unconstrained build operations Thread 53" [_thread_blocked, id=924, stack(0x000000d3d3900000,0x000000d3d3a00000)]
  0x000001e425d8c800 JavaThread "Unconstrained build operations Thread 54" [_thread_blocked, id=6768, stack(0x000000d3d3a00000,0x000000d3d3b00000)]
  0x000001e425d8d000 JavaThread "Unconstrained build operations Thread 55" [_thread_blocked, id=14496, stack(0x000000d3d3b00000,0x000000d3d3c00000)]
  0x000001e425d8e800 JavaThread "Unconstrained build operations Thread 56" [_thread_blocked, id=11892, stack(0x000000d3d3c00000,0x000000d3d3d00000)]
  0x000001e425d8a800 JavaThread "Unconstrained build operations Thread 57" [_thread_blocked, id=7196, stack(0x000000d3d3d00000,0x000000d3d3e00000)]
  0x000001e425d89000 JavaThread "Unconstrained build operations Thread 58" [_thread_blocked, id=15340, stack(0x000000d3d3e00000,0x000000d3d3f00000)]
  0x000001e425d8e000 JavaThread "Unconstrained build operations Thread 59" [_thread_blocked, id=13172, stack(0x000000d3d3f00000,0x000000d3d4000000)]
  0x000001e425d91000 JavaThread "Unconstrained build operations Thread 60" [_thread_blocked, id=3288, stack(0x000000d3d4000000,0x000000d3d4100000)]
  0x000001e425d8f800 JavaThread "Memory manager" [_thread_blocked, id=15068, stack(0x000000d3d4100000,0x000000d3d4200000)]
  0x000001e425d90800 JavaThread "Daemon Thread 2" [_thread_blocked, id=12708, stack(0x000000d3d4200000,0x000000d3d4300000)]

Other Threads:
=>0x000001e41fb1c800 VMThread "VM Thread" [stack: 0x000000d3cd600000,0x000000d3cd700000] [id=12896]
  0x000001e42062f800 WatcherThread [stack: 0x000000d3ce000000,0x000000d3ce100000] [id=16060]
  0x000001e403b52000 GCTaskThread "GC Thread#0" [stack: 0x000000d3cd100000,0x000000d3cd200000] [id=13132]
  0x000001e420913000 GCTaskThread "GC Thread#1" [stack: 0x000000d3ce200000,0x000000d3ce300000] [id=9220]
  0x000001e42301e800 GCTaskThread "GC Thread#2" [stack: 0x000000d3cee00000,0x000000d3cef00000] [id=12872]
  0x000001e421af9800 GCTaskThread "GC Thread#3" [stack: 0x000000d3cef00000,0x000000d3cf000000] [id=3080]
  0x000001e42367d000 GCTaskThread "GC Thread#4" [stack: 0x000000d3cf000000,0x000000d3cf100000] [id=10860]
  0x000001e422954800 GCTaskThread "GC Thread#5" [stack: 0x000000d3cf100000,0x000000d3cf200000] [id=15320]
  0x000001e403b84800 ConcurrentGCThread "G1 Main Marker" [stack: 0x000000d3cd200000,0x000000d3cd300000] [id=1292]
  0x000001e403b86000 ConcurrentGCThread "G1 Conc#0" [stack: 0x000000d3cd300000,0x000000d3cd400000] [id=12572]
  0x000001e421720800 ConcurrentGCThread "G1 Conc#1" [stack: 0x000000d3cf200000,0x000000d3cf300000] [id=5340]
  0x000001e41f970800 ConcurrentGCThread "G1 Refine#0" [stack: 0x000000d3cd400000,0x000000d3cd500000] [id=16564]
  0x000001e41f971800 ConcurrentGCThread "G1 Young RemSet Sampling" [stack: 0x000000d3cd500000,0x000000d3cd600000] [id=14752]

Threads with active compile tasks:
C2 CompilerThread0     8077 6676       4       groovy.lang.MetaClassImpl::checkIfStdMethod (178 bytes)
C2 CompilerThread1     8077 6545       4       java.util.regex.Pattern::compile (498 bytes)

VM state:at safepoint (normal execution)

VM Mutex/Monitor currently owned by a thread:  ([mutex/lock_event])
[0x000001e403b386f0] Threads_lock - owner thread: 0x000001e41fb1c800
[0x000001e403b398f0] Heap_lock - owner thread: 0x000001e422f55000

Heap address: 0x0000000080000000, size: 2048 MB, Compressed Oops mode: 32-bit
Narrow klass base: 0x0000000000000000, Narrow klass shift: 3
Compressed class space size: 1073741824 Address: 0x0000000100000000

Heap:
 garbage-first heap   total 229376K, used 112165K [0x0000000080000000, 0x0000000100000000)
  region size 1024K, 2 young (2048K), 2 survivors (2048K)
 Metaspace       used 66218K, capacity 67991K, committed 68144K, reserved 1107968K
  class space    used 8395K, capacity 9086K, committed 9088K, reserved 1048576K
Heap Regions: E=young(eden), S=young(survivor), O=old, HS=humongous(starts), HC=humongous(continues), CS=collection set, F=free, A=archive, TAMS=top-at-mark-start (previous, next)
|   0|0x0000000080000000, 0x0000000080100000, 0x0000000080100000|100%| O|  |TAMS 0x0000000080100000, 0x0000000080000000| Untracked 
|   1|0x0000000080100000, 0x0000000080200000, 0x0000000080200000|100%| O|  |TAMS 0x0000000080200000, 0x0000000080100000| Untracked 
|   2|0x0000000080200000, 0x0000000080300000, 0x0000000080300000|100%| O|  |TAMS 0x0000000080300000, 0x0000000080200000| Untracked 
|   3|0x0000000080300000, 0x0000000080400000, 0x0000000080400000|100%|HS|  |TAMS 0x0000000080400000, 0x0000000080300000| Complete 
|   4|0x0000000080400000, 0x0000000080500000, 0x0000000080500000|100%|HC|  |TAMS 0x0000000080500000, 0x0000000080400000| Complete 
|   5|0x0000000080500000, 0x0000000080600000, 0x0000000080600000|100%|HC|  |TAMS 0x0000000080600000, 0x0000000080500000| Complete 
|   6|0x0000000080600000, 0x0000000080700000, 0x0000000080700000|100%| O|  |TAMS 0x0000000080700000, 0x0000000080600000| Untracked 
|   7|0x0000000080700000, 0x0000000080800000, 0x0000000080800000|100%| O|  |TAMS 0x0000000080800000, 0x0000000080700000| Untracked 
|   8|0x0000000080800000, 0x0000000080900000, 0x0000000080900000|100%| O|  |TAMS 0x0000000080900000, 0x0000000080800000| Untracked 
|   9|0x0000000080900000, 0x0000000080a00000, 0x0000000080a00000|100%| O|  |TAMS 0x0000000080a00000, 0x0000000080900000| Untracked 
|  10|0x0000000080a00000, 0x0000000080b00000, 0x0000000080b00000|100%| O|  |TAMS 0x0000000080b00000, 0x0000000080a00000| Untracked 
|  11|0x0000000080b00000, 0x0000000080c00000, 0x0000000080c00000|100%| O|  |TAMS 0x0000000080c00000, 0x0000000080b00000| Untracked 
|  12|0x0000000080c00000, 0x0000000080d00000, 0x0000000080d00000|100%| O|  |TAMS 0x0000000080d00000, 0x0000000080c00000| Untracked 
|  13|0x0000000080d00000, 0x0000000080e00000, 0x0000000080e00000|100%| O|  |TAMS 0x0000000080e00000, 0x0000000080d00000| Untracked 
|  14|0x0000000080e00000, 0x0000000080f00000, 0x0000000080f00000|100%|HS|  |TAMS 0x0000000080f00000, 0x0000000080e00000| Complete 
|  15|0x0000000080f00000, 0x0000000081000000, 0x0000000081000000|100%|HC|  |TAMS 0x0000000081000000, 0x0000000080f00000| Complete 
|  16|0x0000000081000000, 0x0000000081100000, 0x0000000081100000|100%|HS|  |TAMS 0x0000000081100000, 0x0000000081000000| Complete 
|  17|0x0000000081100000, 0x0000000081200000, 0x0000000081200000|100%|HC|  |TAMS 0x0000000081200000, 0x0000000081100000| Complete 
|  18|0x0000000081200000, 0x0000000081300000, 0x0000000081300000|100%|HC|  |TAMS 0x0000000081300000, 0x0000000081200000| Complete 
|  19|0x0000000081300000, 0x0000000081400000, 0x0000000081400000|100%|HS|  |TAMS 0x0000000081400000, 0x0000000081300000| Complete 
|  20|0x0000000081400000, 0x0000000081500000, 0x0000000081500000|100%|HC|  |TAMS 0x0000000081500000, 0x0000000081400000| Complete 
|  21|0x0000000081500000, 0x0000000081600000, 0x0000000081600000|100%|HC|  |TAMS 0x0000000081600000, 0x0000000081500000| Complete 
|  22|0x0000000081600000, 0x0000000081700000, 0x0000000081700000|100%|HS|  |TAMS 0x0000000081700000, 0x0000000081600000| Complete 
|  23|0x0000000081700000, 0x0000000081800000, 0x0000000081800000|100%|HC|  |TAMS 0x0000000081800000, 0x0000000081700000| Complete 
|  24|0x0000000081800000, 0x0000000081900000, 0x0000000081900000|100%|HS|  |TAMS 0x0000000081900000, 0x0000000081800000| Complete 
|  25|0x0000000081900000, 0x0000000081a00000, 0x0000000081a00000|100%|HC|  |TAMS 0x0000000081a00000, 0x0000000081900000| Complete 
|  26|0x0000000081a00000, 0x0000000081b00000, 0x0000000081b00000|100%|HC|  |TAMS 0x0000000081b00000, 0x0000000081a00000| Complete 
|  27|0x0000000081b00000, 0x0000000081c00000, 0x0000000081c00000|100%|HC|  |TAMS 0x0000000081c00000, 0x0000000081b00000| Complete 
|  28|0x0000000081c00000, 0x0000000081d00000, 0x0000000081d00000|100%|HC|  |TAMS 0x0000000081d00000, 0x0000000081c00000| Complete 
|  29|0x0000000081d00000, 0x0000000081e00000, 0x0000000081e00000|100%|HC|  |TAMS 0x0000000081e00000, 0x0000000081d00000| Complete 
|  30|0x0000000081e00000, 0x0000000081f00000, 0x0000000081f00000|100%|HC|  |TAMS 0x0000000081f00000, 0x0000000081e00000| Complete 
|  31|0x0000000081f00000, 0x0000000082000000, 0x0000000082000000|100%|HC|  |TAMS 0x0000000082000000, 0x0000000081f00000| Complete 
|  32|0x0000000082000000, 0x0000000082100000, 0x0000000082100000|100%|HC|  |TAMS 0x0000000082100000, 0x0000000082000000| Complete 
|  33|0x0000000082100000, 0x0000000082200000, 0x0000000082200000|100%|HC|  |TAMS 0x0000000082200000, 0x0000000082100000| Complete 
|  34|0x0000000082200000, 0x0000000082300000, 0x0000000082300000|100%|HS|  |TAMS 0x0000000082300000, 0x0000000082200000| Complete 
|  35|0x0000000082300000, 0x0000000082400000, 0x0000000082400000|100%|HC|  |TAMS 0x0000000082400000, 0x0000000082300000| Complete 
|  36|0x0000000082400000, 0x0000000082500000, 0x0000000082500000|100%|HS|  |TAMS 0x0000000082500000, 0x0000000082400000| Complete 
|  37|0x0000000082500000, 0x0000000082600000, 0x0000000082600000|100%|HC|  |TAMS 0x0000000082600000, 0x0000000082500000| Complete 
|  38|0x0000000082600000, 0x0000000082700000, 0x0000000082700000|100%|HC|  |TAMS 0x0000000082700000, 0x0000000082600000| Complete 
|  39|0x0000000082700000, 0x0000000082800000, 0x0000000082800000|100%|HC|  |TAMS 0x0000000082800000, 0x0000000082700000| Complete 
|  40|0x0000000082800000, 0x0000000082900000, 0x0000000082900000|100%|HC|  |TAMS 0x0000000082900000, 0x0000000082800000| Complete 
|  41|0x0000000082900000, 0x0000000082a00000, 0x0000000082a00000|100%| O|  |TAMS 0x0000000082a00000, 0x0000000082900000| Untracked 
|  42|0x0000000082a00000, 0x0000000082b00000, 0x0000000082b00000|100%| O|  |TAMS 0x0000000082b00000, 0x0000000082a00000| Untracked 
|  43|0x0000000082b00000, 0x0000000082c00000, 0x0000000082c00000|100%| O|  |TAMS 0x0000000082c00000, 0x0000000082b00000| Untracked 
|  44|0x0000000082c00000, 0x0000000082d00000, 0x0000000082d00000|100%| O|  |TAMS 0x0000000082d00000, 0x0000000082c00000| Untracked 
|  45|0x0000000082d00000, 0x0000000082e00000, 0x0000000082e00000|100%| O|  |TAMS 0x0000000082e00000, 0x0000000082d00000| Untracked 
|  46|0x0000000082e00000, 0x0000000082f00000, 0x0000000082f00000|100%| O|  |TAMS 0x0000000082f00000, 0x0000000082e00000| Untracked 
|  47|0x0000000082f00000, 0x0000000083000000, 0x0000000083000000|100%| O|  |TAMS 0x0000000083000000, 0x0000000082f00000| Untracked 
|  48|0x0000000083000000, 0x0000000083100000, 0x0000000083100000|100%| O|  |TAMS 0x0000000083100000, 0x0000000083000000| Untracked 
|  49|0x0000000083100000, 0x0000000083200000, 0x0000000083200000|100%| O|  |TAMS 0x0000000083200000, 0x0000000083100000| Untracked 
|  50|0x0000000083200000, 0x0000000083300000, 0x0000000083300000|100%| O|  |TAMS 0x0000000083300000, 0x0000000083200000| Untracked 
|  51|0x0000000083300000, 0x0000000083400000, 0x0000000083400000|100%|HS|  |TAMS 0x0000000083400000, 0x0000000083300000| Complete 
|  52|0x0000000083400000, 0x0000000083500000, 0x0000000083500000|100%|HC|  |TAMS 0x0000000083500000, 0x0000000083400000| Complete 
|  53|0x0000000083500000, 0x0000000083600000, 0x0000000083600000|100%|HC|  |TAMS 0x0000000083600000, 0x0000000083500000| Complete 
|  54|0x0000000083600000, 0x0000000083700000, 0x0000000083700000|100%|HS|  |TAMS 0x0000000083700000, 0x0000000083600000| Complete 
|  55|0x0000000083700000, 0x0000000083800000, 0x0000000083800000|100%|HC|  |TAMS 0x0000000083800000, 0x0000000083700000| Complete 
|  56|0x0000000083800000, 0x0000000083900000, 0x0000000083900000|100%| O|  |TAMS 0x0000000083900000, 0x0000000083800000| Untracked 
|  57|0x0000000083900000, 0x0000000083a00000, 0x0000000083a00000|100%| O|  |TAMS 0x0000000083a00000, 0x0000000083900000| Untracked 
|  58|0x0000000083a00000, 0x0000000083b00000, 0x0000000083b00000|100%| O|  |TAMS 0x0000000083b00000, 0x0000000083a00000| Untracked 
|  59|0x0000000083b00000, 0x0000000083c00000, 0x0000000083c00000|100%| O|  |TAMS 0x0000000083c00000, 0x0000000083b00000| Untracked 
|  60|0x0000000083c00000, 0x0000000083d00000, 0x0000000083d00000|100%| O|  |TAMS 0x0000000083d00000, 0x0000000083c00000| Untracked 
|  61|0x0000000083d00000, 0x0000000083e00000, 0x0000000083e00000|100%|HS|  |TAMS 0x0000000083e00000, 0x0000000083d00000| Complete 
|  62|0x0000000083e00000, 0x0000000083f00000, 0x0000000083f00000|100%|HC|  |TAMS 0x0000000083f00000, 0x0000000083e00000| Complete 
|  63|0x0000000083f00000, 0x0000000084000000, 0x0000000084000000|100%|HC|  |TAMS 0x0000000084000000, 0x0000000083f00000| Complete 
|  64|0x0000000084000000, 0x0000000084100000, 0x0000000084100000|100%|HC|  |TAMS 0x0000000084100000, 0x0000000084000000| Complete 
|  65|0x0000000084100000, 0x0000000084200000, 0x0000000084200000|100%|HC|  |TAMS 0x0000000084200000, 0x0000000084100000| Complete 
|  66|0x0000000084200000, 0x0000000084300000, 0x0000000084300000|100%|HC|  |TAMS 0x0000000084300000, 0x0000000084200000| Complete 
|  67|0x0000000084300000, 0x0000000084400000, 0x0000000084400000|100%|HC|  |TAMS 0x0000000084400000, 0x0000000084300000| Complete 
|  68|0x0000000084400000, 0x0000000084500000, 0x0000000084500000|100%|HC|  |TAMS 0x0000000084500000, 0x0000000084400000| Complete 
|  69|0x0000000084500000, 0x0000000084600000, 0x0000000084600000|100%|HC|  |TAMS 0x0000000084600000, 0x0000000084500000| Complete 
|  70|0x0000000084600000, 0x0000000084700000, 0x0000000084700000|100%|HC|  |TAMS 0x0000000084700000, 0x0000000084600000| Complete 
|  71|0x0000000084700000, 0x0000000084800000, 0x0000000084800000|100%| O|  |TAMS 0x0000000084800000, 0x0000000084700000| Untracked 
|  72|0x0000000084800000, 0x0000000084900000, 0x0000000084900000|100%| O|  |TAMS 0x0000000084900000, 0x0000000084800000| Untracked 
|  73|0x0000000084900000, 0x0000000084a00000, 0x0000000084a00000|100%|HS|  |TAMS 0x0000000084a00000, 0x0000000084900000| Complete 
|  74|0x0000000084a00000, 0x0000000084b00000, 0x0000000084b00000|100%|HC|  |TAMS 0x0000000084b00000, 0x0000000084a00000| Complete 
|  75|0x0000000084b00000, 0x0000000084c00000, 0x0000000084c00000|100%|HC|  |TAMS 0x0000000084c00000, 0x0000000084b00000| Complete 
|  76|0x0000000084c00000, 0x0000000084d00000, 0x0000000084d00000|100%|HS|  |TAMS 0x0000000084d00000, 0x0000000084c00000| Complete 
|  77|0x0000000084d00000, 0x0000000084e00000, 0x0000000084e00000|100%|HC|  |TAMS 0x0000000084e00000, 0x0000000084d00000| Complete 
|  78|0x0000000084e00000, 0x0000000084f00000, 0x0000000084f00000|100%| O|  |TAMS 0x0000000084f00000, 0x0000000084e00000| Untracked 
|  79|0x0000000084f00000, 0x0000000085000000, 0x0000000085000000|100%| O|  |TAMS 0x0000000085000000, 0x0000000084f00000| Untracked 
|  80|0x0000000085000000, 0x0000000085100000, 0x0000000085100000|100%| O|  |TAMS 0x0000000085100000, 0x0000000085000000| Untracked 
|  81|0x0000000085100000, 0x0000000085200000, 0x0000000085200000|100%| O|  |TAMS 0x0000000085200000, 0x0000000085100000| Untracked 
|  82|0x0000000085200000, 0x0000000085300000, 0x0000000085300000|100%| O|  |TAMS 0x0000000085300000, 0x0000000085200000| Untracked 
|  83|0x0000000085300000, 0x0000000085400000, 0x0000000085400000|100%| O|  |TAMS 0x0000000085400000, 0x0000000085300000| Untracked 
|  84|0x0000000085400000, 0x0000000085500000, 0x0000000085500000|100%|HS|  |TAMS 0x0000000085500000, 0x0000000085400000| Complete 
|  85|0x0000000085500000, 0x0000000085600000, 0x0000000085600000|100%|HC|  |TAMS 0x0000000085600000, 0x0000000085500000| Complete 
|  86|0x0000000085600000, 0x0000000085700000, 0x0000000085700000|100%|HC|  |TAMS 0x0000000085700000, 0x0000000085600000| Complete 
|  87|0x0000000085700000, 0x0000000085800000, 0x0000000085800000|100%|HC|  |TAMS 0x0000000085800000, 0x0000000085700000| Complete 
|  88|0x0000000085800000, 0x0000000085900000, 0x0000000085900000|100%|HC|  |TAMS 0x0000000085900000, 0x0000000085800000| Complete 
|  89|0x0000000085900000, 0x0000000085a00000, 0x0000000085a00000|100%| O|  |TAMS 0x0000000085a00000, 0x0000000085900000| Untracked 
|  90|0x0000000085a00000, 0x0000000085b00000, 0x0000000085b00000|100%| O|  |TAMS 0x0000000085b00000, 0x0000000085a00000| Untracked 
|  91|0x0000000085b00000, 0x0000000085c00000, 0x0000000085c00000|100%|HS|  |TAMS 0x0000000085c00000, 0x0000000085b00000| Complete 
|  92|0x0000000085c00000, 0x0000000085d00000, 0x0000000085d00000|100%|HS|  |TAMS 0x0000000085d00000, 0x0000000085c00000| Complete 
|  93|0x0000000085d00000, 0x0000000085e00000, 0x0000000085e00000|100%| O|  |TAMS 0x0000000085e00000, 0x0000000085d00000| Untracked 
|  94|0x0000000085e00000, 0x0000000085f00000, 0x0000000085f00000|100%| O|  |TAMS 0x0000000085f00000, 0x0000000085e00000| Untracked 
|  95|0x0000000085f00000, 0x0000000086000000, 0x0000000086000000|100%| O|  |TAMS 0x0000000086000000, 0x0000000085f00000| Untracked 
|  96|0x0000000086000000, 0x0000000086000000, 0x0000000086100000|  0%| F|  |TAMS 0x0000000086000000, 0x0000000086000000| Untracked 
|  97|0x0000000086100000, 0x0000000086200000, 0x0000000086200000|100%| O|  |TAMS 0x0000000086200000, 0x0000000086100000| Untracked 
|  98|0x0000000086200000, 0x0000000086300000, 0x0000000086300000|100%| O|  |TAMS 0x0000000086300000, 0x0000000086200000| Untracked 
|  99|0x0000000086300000, 0x0000000086400000, 0x0000000086400000|100%| O|  |TAMS 0x0000000086400000, 0x0000000086300000| Untracked 
| 100|0x0000000086400000, 0x0000000086500000, 0x0000000086500000|100%| O|  |TAMS 0x0000000086500000, 0x0000000086400000| Untracked 
| 101|0x0000000086500000, 0x0000000086500000, 0x0000000086600000|  0%| F|  |TAMS 0x0000000086500000, 0x0000000086500000| Untracked 
| 102|0x0000000086600000, 0x0000000086600000, 0x0000000086700000|  0%| F|  |TAMS 0x0000000086600000, 0x0000000086600000| Untracked 
| 103|0x0000000086700000, 0x0000000086700000, 0x0000000086800000|  0%| F|  |TAMS 0x0000000086700000, 0x0000000086700000| Untracked 
| 104|0x0000000086800000, 0x0000000086800000, 0x0000000086900000|  0%| F|  |TAMS 0x0000000086800000, 0x0000000086800000| Untracked 
| 105|0x0000000086900000, 0x0000000086a00000, 0x0000000086a00000|100%| O|  |TAMS 0x0000000086a00000, 0x0000000086900000| Untracked 
| 106|0x0000000086a00000, 0x0000000086b00000, 0x0000000086b00000|100%| O|  |TAMS 0x0000000086b00000, 0x0000000086a00000| Untracked 
| 107|0x0000000086b00000, 0x0000000086c00000, 0x0000000086c00000|100%| O|  |TAMS 0x0000000086c00000, 0x0000000086b00000| Untracked 
| 108|0x0000000086c00000, 0x0000000086d00000, 0x0000000086d00000|100%| O|  |TAMS 0x0000000086d00000, 0x0000000086c00000| Untracked 
| 109|0x0000000086d00000, 0x0000000086e00000, 0x0000000086e00000|100%| O|  |TAMS 0x0000000086e00000, 0x0000000086d00000| Untracked 
| 110|0x0000000086e00000, 0x0000000086f00000, 0x0000000086f00000|100%| O|  |TAMS 0x0000000086e00000, 0x0000000086e00000| Untracked 
| 111|0x0000000086f00000, 0x0000000087000000, 0x0000000087000000|100%| O|  |TAMS 0x0000000086f00000, 0x0000000086f00000| Untracked 
| 112|0x0000000087000000, 0x0000000087089600, 0x0000000087100000| 53%| O|  |TAMS 0x0000000087000000, 0x0000000087000000| Untracked 
| 113|0x0000000087100000, 0x0000000087100000, 0x0000000087200000|  0%| F|  |TAMS 0x0000000087100000, 0x0000000087100000| Untracked 
| 114|0x0000000087200000, 0x0000000087200000, 0x0000000087300000|  0%| F|  |TAMS 0x0000000087200000, 0x0000000087200000| Untracked 
| 115|0x0000000087300000, 0x0000000087300000, 0x0000000087400000|  0%| F|  |TAMS 0x0000000087300000, 0x0000000087300000| Untracked 
| 116|0x0000000087400000, 0x0000000087400000, 0x0000000087500000|  0%| F|  |TAMS 0x0000000087400000, 0x0000000087400000| Untracked 
| 117|0x0000000087500000, 0x0000000087500000, 0x0000000087600000|  0%| F|  |TAMS 0x0000000087500000, 0x0000000087500000| Untracked 
| 118|0x0000000087600000, 0x0000000087600000, 0x0000000087700000|  0%| F|  |TAMS 0x0000000087600000, 0x0000000087600000| Untracked 
| 119|0x0000000087700000, 0x0000000087700000, 0x0000000087800000|  0%| F|  |TAMS 0x0000000087700000, 0x0000000087700000| Untracked 
| 120|0x0000000087800000, 0x0000000087800000, 0x0000000087900000|  0%| F|  |TAMS 0x0000000087800000, 0x0000000087800000| Untracked 
| 121|0x0000000087900000, 0x0000000087900000, 0x0000000087a00000|  0%| F|  |TAMS 0x0000000087900000, 0x0000000087900000| Untracked 
| 122|0x0000000087a00000, 0x0000000087a00000, 0x0000000087b00000|  0%| F|  |TAMS 0x0000000087a00000, 0x0000000087a00000| Untracked 
| 123|0x0000000087b00000, 0x0000000087b00000, 0x0000000087c00000|  0%| F|  |TAMS 0x0000000087b00000, 0x0000000087b00000| Untracked 
| 124|0x0000000087c00000, 0x0000000087c00000, 0x0000000087d00000|  0%| F|  |TAMS 0x0000000087c00000, 0x0000000087c00000| Untracked 
| 125|0x0000000087d00000, 0x0000000087d00000, 0x0000000087e00000|  0%| F|  |TAMS 0x0000000087d00000, 0x0000000087d00000| Untracked 
| 126|0x0000000087e00000, 0x0000000087e00000, 0x0000000087f00000|  0%| F|  |TAMS 0x0000000087e00000, 0x0000000087e00000| Untracked 
| 127|0x0000000087f00000, 0x0000000087f00000, 0x0000000088000000|  0%| F|  |TAMS 0x0000000087f00000, 0x0000000087f00000| Untracked 
| 128|0x0000000088000000, 0x0000000088000000, 0x0000000088100000|  0%| F|  |TAMS 0x0000000088000000, 0x0000000088000000| Untracked 
| 129|0x0000000088100000, 0x0000000088100000, 0x0000000088200000|  0%| F|  |TAMS 0x0000000088100000, 0x0000000088100000| Untracked 
| 130|0x0000000088200000, 0x0000000088200000, 0x0000000088300000|  0%| F|  |TAMS 0x0000000088200000, 0x0000000088200000| Untracked 
| 131|0x0000000088300000, 0x0000000088300000, 0x0000000088400000|  0%| F|  |TAMS 0x0000000088300000, 0x0000000088300000| Untracked 
| 132|0x0000000088400000, 0x0000000088400000, 0x0000000088500000|  0%| F|  |TAMS 0x0000000088400000, 0x0000000088400000| Untracked 
| 133|0x0000000088500000, 0x0000000088500000, 0x0000000088600000|  0%| F|  |TAMS 0x0000000088500000, 0x0000000088500000| Untracked 
| 134|0x0000000088600000, 0x0000000088600000, 0x0000000088700000|  0%| F|  |TAMS 0x0000000088600000, 0x0000000088600000| Untracked 
| 135|0x0000000088700000, 0x0000000088700000, 0x0000000088800000|  0%| F|  |TAMS 0x0000000088700000, 0x0000000088700000| Untracked 
| 136|0x0000000088800000, 0x0000000088800000, 0x0000000088900000|  0%| F|  |TAMS 0x0000000088800000, 0x0000000088800000| Untracked 
| 137|0x0000000088900000, 0x0000000088900000, 0x0000000088a00000|  0%| F|  |TAMS 0x0000000088900000, 0x0000000088900000| Untracked 
| 138|0x0000000088a00000, 0x0000000088a00000, 0x0000000088b00000|  0%| F|  |TAMS 0x0000000088a00000, 0x0000000088a00000| Untracked 
| 139|0x0000000088b00000, 0x0000000088b00000, 0x0000000088c00000|  0%| F|  |TAMS 0x0000000088b00000, 0x0000000088b00000| Untracked 
| 140|0x0000000088c00000, 0x0000000088c00000, 0x0000000088d00000|  0%| F|  |TAMS 0x0000000088c00000, 0x0000000088c00000| Untracked 
| 141|0x0000000088d00000, 0x0000000088d00000, 0x0000000088e00000|  0%| F|  |TAMS 0x0000000088d00000, 0x0000000088d00000| Untracked 
| 142|0x0000000088e00000, 0x0000000088e00000, 0x0000000088f00000|  0%| F|  |TAMS 0x0000000088e00000, 0x0000000088e00000| Untracked 
| 143|0x0000000088f00000, 0x0000000088f00000, 0x0000000089000000|  0%| F|  |TAMS 0x0000000088f00000, 0x0000000088f00000| Untracked 
| 144|0x0000000089000000, 0x0000000089100000, 0x0000000089100000|100%| S|CS|TAMS 0x0000000089000000, 0x0000000089000000| Complete 
| 145|0x0000000089100000, 0x0000000089200000, 0x0000000089200000|100%| S|CS|TAMS 0x0000000089100000, 0x0000000089100000| Complete 
| 146|0x0000000089200000, 0x0000000089200000, 0x0000000089300000|  0%| F|  |TAMS 0x0000000089200000, 0x0000000089200000| Untracked 
| 147|0x0000000089300000, 0x0000000089300000, 0x0000000089400000|  0%| F|  |TAMS 0x0000000089300000, 0x0000000089300000| Untracked 
| 148|0x0000000089400000, 0x0000000089400000, 0x0000000089500000|  0%| F|  |TAMS 0x0000000089400000, 0x0000000089400000| Untracked 
| 149|0x0000000089500000, 0x0000000089500000, 0x0000000089600000|  0%| F|  |TAMS 0x0000000089500000, 0x0000000089500000| Untracked 
| 150|0x0000000089600000, 0x0000000089600000, 0x0000000089700000|  0%| F|  |TAMS 0x0000000089600000, 0x0000000089600000| Untracked 
| 151|0x0000000089700000, 0x0000000089700000, 0x0000000089800000|  0%| F|  |TAMS 0x0000000089700000, 0x0000000089700000| Untracked 
| 152|0x0000000089800000, 0x0000000089800000, 0x0000000089900000|  0%| F|  |TAMS 0x0000000089800000, 0x0000000089800000| Untracked 
| 153|0x0000000089900000, 0x0000000089900000, 0x0000000089a00000|  0%| F|  |TAMS 0x0000000089900000, 0x0000000089900000| Untracked 
| 154|0x0000000089a00000, 0x0000000089a00000, 0x0000000089b00000|  0%| F|  |TAMS 0x0000000089a00000, 0x0000000089a00000| Untracked 
| 155|0x0000000089b00000, 0x0000000089b00000, 0x0000000089c00000|  0%| F|  |TAMS 0x0000000089b00000, 0x0000000089b00000| Untracked 
| 156|0x0000000089c00000, 0x0000000089c00000, 0x0000000089d00000|  0%| F|  |TAMS 0x0000000089c00000, 0x0000000089c00000| Untracked 
| 157|0x0000000089d00000, 0x0000000089d00000, 0x0000000089e00000|  0%| F|  |TAMS 0x0000000089d00000, 0x0000000089d00000| Untracked 
| 158|0x0000000089e00000, 0x0000000089e00000, 0x0000000089f00000|  0%| F|  |TAMS 0x0000000089e00000, 0x0000000089e00000| Untracked 
| 159|0x0000000089f00000, 0x0000000089f00000, 0x000000008a000000|  0%| F|  |TAMS 0x0000000089f00000, 0x0000000089f00000| Untracked 
| 160|0x000000008a000000, 0x000000008a000000, 0x000000008a100000|  0%| F|  |TAMS 0x000000008a000000, 0x000000008a000000| Untracked 
| 161|0x000000008a100000, 0x000000008a100000, 0x000000008a200000|  0%| F|  |TAMS 0x000000008a100000, 0x000000008a100000| Untracked 
| 162|0x000000008a200000, 0x000000008a200000, 0x000000008a300000|  0%| F|  |TAMS 0x000000008a200000, 0x000000008a200000| Untracked 
| 163|0x000000008a300000, 0x000000008a300000, 0x000000008a400000|  0%| F|  |TAMS 0x000000008a300000, 0x000000008a300000| Untracked 
| 164|0x000000008a400000, 0x000000008a400000, 0x000000008a500000|  0%| F|  |TAMS 0x000000008a400000, 0x000000008a400000| Untracked 
| 165|0x000000008a500000, 0x000000008a500000, 0x000000008a600000|  0%| F|  |TAMS 0x000000008a500000, 0x000000008a500000| Untracked 
| 166|0x000000008a600000, 0x000000008a600000, 0x000000008a700000|  0%| F|  |TAMS 0x000000008a600000, 0x000000008a600000| Untracked 
| 167|0x000000008a700000, 0x000000008a700000, 0x000000008a800000|  0%| F|  |TAMS 0x000000008a700000, 0x000000008a700000| Untracked 
| 168|0x000000008a800000, 0x000000008a800000, 0x000000008a900000|  0%| F|  |TAMS 0x000000008a800000, 0x000000008a800000| Untracked 
| 169|0x000000008a900000, 0x000000008a900000, 0x000000008aa00000|  0%| F|  |TAMS 0x000000008a900000, 0x000000008a900000| Untracked 
| 170|0x000000008aa00000, 0x000000008aa00000, 0x000000008ab00000|  0%| F|  |TAMS 0x000000008aa00000, 0x000000008aa00000| Untracked 
| 171|0x000000008ab00000, 0x000000008ab00000, 0x000000008ac00000|  0%| F|  |TAMS 0x000000008ab00000, 0x000000008ab00000| Untracked 
| 172|0x000000008ac00000, 0x000000008ac00000, 0x000000008ad00000|  0%| F|  |TAMS 0x000000008ac00000, 0x000000008ac00000| Untracked 
| 173|0x000000008ad00000, 0x000000008ad00000, 0x000000008ae00000|  0%| F|  |TAMS 0x000000008ad00000, 0x000000008ad00000| Untracked 
| 174|0x000000008ae00000, 0x000000008ae00000, 0x000000008af00000|  0%| F|  |TAMS 0x000000008ae00000, 0x000000008ae00000| Untracked 
| 175|0x000000008af00000, 0x000000008af00000, 0x000000008b000000|  0%| F|  |TAMS 0x000000008af00000, 0x000000008af00000| Untracked 
| 176|0x000000008b000000, 0x000000008b000000, 0x000000008b100000|  0%| F|  |TAMS 0x000000008b000000, 0x000000008b000000| Untracked 
| 177|0x000000008b100000, 0x000000008b100000, 0x000000008b200000|  0%| F|  |TAMS 0x000000008b100000, 0x000000008b100000| Untracked 
| 178|0x000000008b200000, 0x000000008b200000, 0x000000008b300000|  0%| F|  |TAMS 0x000000008b200000, 0x000000008b200000| Untracked 
| 179|0x000000008b300000, 0x000000008b300000, 0x000000008b400000|  0%| F|  |TAMS 0x000000008b300000, 0x000000008b300000| Untracked 
| 180|0x000000008b400000, 0x000000008b400000, 0x000000008b500000|  0%| F|  |TAMS 0x000000008b400000, 0x000000008b400000| Untracked 
| 181|0x000000008b500000, 0x000000008b500000, 0x000000008b600000|  0%| F|  |TAMS 0x000000008b500000, 0x000000008b500000| Untracked 
| 182|0x000000008b600000, 0x000000008b600000, 0x000000008b700000|  0%| F|  |TAMS 0x000000008b600000, 0x000000008b600000| Untracked 
| 183|0x000000008b700000, 0x000000008b700000, 0x000000008b800000|  0%| F|  |TAMS 0x000000008b700000, 0x000000008b700000| Untracked 
| 184|0x000000008b800000, 0x000000008b800000, 0x000000008b900000|  0%| F|  |TAMS 0x000000008b800000, 0x000000008b800000| Untracked 
| 185|0x000000008b900000, 0x000000008b900000, 0x000000008ba00000|  0%| F|  |TAMS 0x000000008b900000, 0x000000008b900000| Untracked 

Card table byte_map: [0x000001e418a70000,0x000001e418e70000] _byte_map_base: 0x000001e418670000

Marking Bits (Prev, Next): (CMBitMap*) 0x000001e403b7bb40, (CMBitMap*) 0x000001e403b7bb08
 Prev Bits: [0x000001e41b270000, 0x000001e41d270000)
 Next Bits: [0x000001e419270000, 0x000001e41b270000)

Polling page: 0x000001e403c00000

Metaspace:

Usage:
  Non-class:     57.52 MB capacity,    56.47 MB ( 98%) used,   896.30 KB (  2%) free+waste,   185.81 KB ( <1%) overhead. 
      Class:      8.87 MB capacity,     8.20 MB ( 92%) used,   601.02 KB (  7%) free+waste,    89.25 KB ( <1%) overhead. 
       Both:     66.40 MB capacity,    64.67 MB ( 97%) used,     1.46 MB (  2%) free+waste,   275.06 KB ( <1%) overhead. 

Virtual space:
  Non-class space:       58.00 MB reserved,      57.67 MB (>99%) committed 
      Class space:        1.00 GB reserved,       8.88 MB ( <1%) committed 
             Both:        1.06 GB reserved,      66.55 MB (  6%) committed 

Chunk freelists:
   Non-Class:  23.00 KB
       Class:  2.00 KB
        Both:  25.00 KB

MaxMetaspaceSize: 17179869184.00 GB
CompressedClassSpaceSize: 1.00 GB
Initial GC threshold: 20.80 MB
Current GC threshold: 106.75 MB
CDS: off

CodeHeap 'non-profiled nmethods': size=120064Kb used=3893Kb max_used=3893Kb free=116170Kb
 bounds [0x000001e4108e0000, 0x000001e410cb0000, 0x000001e417e20000]
CodeHeap 'profiled nmethods': size=120000Kb used=14060Kb max_used=14060Kb free=105939Kb
 bounds [0x000001e4093b0000, 0x000001e40a170000, 0x000001e4108e0000]
CodeHeap 'non-nmethods': size=5696Kb used=2355Kb max_used=2400Kb free=3340Kb
 bounds [0x000001e408e20000, 0x000001e409090000, 0x000001e4093b0000]
 total_blobs=7528 nmethods=6658 adapters=782
 compilation: enabled
              stopped_count=0, restarted_count=0
 full_count=0

Compilation events (20 events):
Event: 8.045 Thread 0x000001e41fb48800 6670       3       jdk.internal.reflect.ClassFileAssembler::append (9 bytes)
Event: 8.045 Thread 0x000001e41fb48800 nmethod 6670 0x000001e40a167f10 code [0x000001e40a168120, 0x000001e40a168618]
Event: 8.045 Thread 0x000001e41fb48800 6671       3       org.gradle.internal.instantiation.generator.AsmBackedClassGenerator$ClassBuilderImpl::access$6100 (4 bytes)
Event: 8.045 Thread 0x000001e41fb48800 nmethod 6671 0x000001e40a168910 code [0x000001e40a168ac0, 0x000001e40a168bb8]
Event: 8.045 Thread 0x000001e41fb48800 6672       1       org.gradle.internal.instantiation.generator.AsmBackedClassGenerator$ClassBuilderImpl::access$6400 (5 bytes)
Event: 8.046 Thread 0x000001e41fb48800 nmethod 6672 0x000001e410caa090 code [0x000001e410caa240, 0x000001e410caa2d8]
Event: 8.046 Thread 0x000001e41fb48800 6674       3       org.gradle.model.internal.asm.MethodVisitorScope::_NEW (12 bytes)
Event: 8.046 Thread 0x000001e41fb48800 nmethod 6674 0x000001e40a168c90 code [0x000001e40a168e80, 0x000001e40a1691b8]
Event: 8.046 Thread 0x000001e41fb48800 6675       3       org.objectweb.asm.SymbolTable::hash (12 bytes)
Event: 8.046 Thread 0x000001e41fb48800 nmethod 6675 0x000001e40a169310 code [0x000001e40a1694c0, 0x000001e40a1695e8]
Event: 8.052 Thread 0x000001e41fb48800 6677       3       java.util.LinkedList$ListItr::set (28 bytes)
Event: 8.053 Thread 0x000001e41fb48800 nmethod 6677 0x000001e40a169710 code [0x000001e40a169900, 0x000001e40a169cf8]
Event: 8.056 Thread 0x000001e41fb48800 6678       3       java.lang.PublicMethods$Key::equals (52 bytes)
Event: 8.056 Thread 0x000001e41fb48800 nmethod 6678 0x000001e40a169f10 code [0x000001e40a16a0e0, 0x000001e40a16a528]
Event: 8.058 Thread 0x000001e41fb48800 6679       3       java.util.stream.ReferencePipeline::map (26 bytes)
Event: 8.058 Thread 0x000001e41fb48800 nmethod 6679 0x000001e40a16a610 code [0x000001e40a16a800, 0x000001e40a16ad18]
Event: 8.058 Thread 0x000001e41fb48800 6680       3       java.lang.String::<init> (10 bytes)
Event: 8.058 Thread 0x000001e41fb3f800 nmethod 6645 0x000001e410caa390 code [0x000001e410caa680, 0x000001e410cac0b8]
Event: 8.058 Thread 0x000001e41fb48800 nmethod 6680 0x000001e40a16af10 code [0x000001e40a16b0c0, 0x000001e40a16b208]
Event: 8.058 Thread 0x000001e41fb3f800 6676       4       groovy.lang.MetaClassImpl::checkIfStdMethod (178 bytes)

GC Heap History (20 events):
Event: 4.760 GC heap after
{Heap after GC invocations=12 (full 0):
 garbage-first heap   total 158720K, used 77712K [0x0000000080000000, 0x0000000100000000)
  region size 1024K, 3 young (3072K), 3 survivors (3072K)
 Metaspace       used 44516K, capacity 45645K, committed 45744K, reserved 1089536K
  class space    used 5697K, capacity 6120K, committed 6144K, reserved 1048576K
}
Event: 4.975 GC heap before
{Heap before GC invocations=13 (full 0):
 garbage-first heap   total 158720K, used 105360K [0x0000000080000000, 0x0000000100000000)
  region size 1024K, 27 young (27648K), 3 survivors (3072K)
 Metaspace       used 45747K, capacity 47083K, committed 47280K, reserved 1089536K
  class space    used 5844K, capacity 6340K, committed 6400K, reserved 1048576K
}
Event: 4.982 GC heap after
{Heap after GC invocations=14 (full 0):
 garbage-first heap   total 158720K, used 85896K [0x0000000080000000, 0x0000000100000000)
  region size 1024K, 6 young (6144K), 6 survivors (6144K)
 Metaspace       used 45747K, capacity 47083K, committed 47280K, reserved 1089536K
  class space    used 5844K, capacity 6340K, committed 6400K, reserved 1048576K
}
Event: 5.292 GC heap before
{Heap before GC invocations=15 (full 0):
 garbage-first heap   total 158720K, used 126856K [0x0000000080000000, 0x0000000100000000)
  region size 1024K, 45 young (46080K), 6 survivors (6144K)
 Metaspace       used 48309K, capacity 49628K, committed 49840K, reserved 1093632K
  class space    used 6140K, capacity 6650K, committed 6656K, reserved 1048576K
}
Event: 5.297 GC heap after
{Heap after GC invocations=16 (full 0):
 garbage-first heap   total 190464K, used 87879K [0x0000000080000000, 0x0000000100000000)
  region size 1024K, 3 young (3072K), 3 survivors (3072K)
 Metaspace       used 48309K, capacity 49628K, committed 49840K, reserved 1093632K
  class space    used 6140K, capacity 6650K, committed 6656K, reserved 1048576K
}
Event: 5.323 GC heap before
{Heap before GC invocations=16 (full 0):
 garbage-first heap   total 190464K, used 89927K [0x0000000080000000, 0x0000000100000000)
  region size 1024K, 6 young (6144K), 3 survivors (3072K)
 Metaspace       used 48500K, capacity 49837K, committed 49840K, reserved 1093632K
  class space    used 6171K, capacity 6656K, committed 6656K, reserved 1048576K
}
Event: 5.327 GC heap after
{Heap after GC invocations=17 (full 0):
 garbage-first heap   total 190464K, used 87874K [0x0000000080000000, 0x0000000100000000)
  region size 1024K, 3 young (3072K), 3 survivors (3072K)
 Metaspace       used 48500K, capacity 49837K, committed 49840K, reserved 1093632K
  class space    used 6171K, capacity 6656K, committed 6656K, reserved 1048576K
}
Event: 5.766 GC heap before
{Heap before GC invocations=18 (full 0):
 garbage-first heap   total 190464K, used 138050K [0x0000000080000000, 0x0000000100000000)
  region size 1024K, 47 young (48128K), 3 survivors (3072K)
 Metaspace       used 51520K, capacity 52952K, committed 53296K, reserved 1095680K
  class space    used 6638K, capacity 7182K, committed 7296K, reserved 1048576K
}
Event: 5.770 GC heap after
{Heap after GC invocations=19 (full 0):
 garbage-first heap   total 190464K, used 96074K [0x0000000080000000, 0x0000000100000000)
  region size 1024K, 6 young (6144K), 6 survivors (6144K)
 Metaspace       used 51520K, capacity 52952K, committed 53296K, reserved 1095680K
  class space    used 6638K, capacity 7182K, committed 7296K, reserved 1048576K
}
Event: 6.070 GC heap before
{Heap before GC invocations=19 (full 0):
 garbage-first heap   total 190464K, used 120650K [0x0000000080000000, 0x0000000100000000)
  region size 1024K, 31 young (31744K), 6 survivors (6144K)
 Metaspace       used 52175K, capacity 53685K, committed 53808K, reserved 1095680K
  class space    used 6677K, capacity 7248K, committed 7296K, reserved 1048576K
}
Event: 6.077 GC heap after
{Heap after GC invocations=20 (full 0):
 garbage-first heap   total 190464K, used 97035K [0x0000000080000000, 0x0000000100000000)
  region size 1024K, 5 young (5120K), 5 survivors (5120K)
 Metaspace       used 52175K, capacity 53685K, committed 53808K, reserved 1095680K
  class space    used 6677K, capacity 7248K, committed 7296K, reserved 1048576K
}
Event: 6.145 GC heap before
{Heap before GC invocations=21 (full 0):
 garbage-first heap   total 190464K, used 107275K [0x0000000080000000, 0x0000000100000000)
  region size 1024K, 14 young (14336K), 5 survivors (5120K)
 Metaspace       used 52579K, capacity 54155K, committed 54448K, reserved 1095680K
  class space    used 6741K, capacity 7322K, committed 7424K, reserved 1048576K
}
Event: 6.151 GC heap after
{Heap after GC invocations=22 (full 0):
 garbage-first heap   total 190464K, used 103099K [0x0000000080000000, 0x0000000100000000)
  region size 1024K, 6 young (6144K), 6 survivors (6144K)
 Metaspace       used 52579K, capacity 54155K, committed 54448K, reserved 1095680K
  class space    used 6741K, capacity 7322K, committed 7424K, reserved 1048576K
}
Event: 6.598 GC heap before
{Heap before GC invocations=23 (full 0):
 garbage-first heap   total 190464K, used 144059K [0x0000000080000000, 0x0000000100000000)
  region size 1024K, 45 young (46080K), 6 survivors (6144K)
 Metaspace       used 57228K, capacity 58888K, committed 59184K, reserved 1099776K
  class space    used 7300K, capacity 7937K, committed 8064K, reserved 1048576K
}
Event: 6.603 GC heap after
{Heap after GC invocations=24 (full 0):
 garbage-first heap   total 190464K, used 105287K [0x0000000080000000, 0x0000000100000000)
  region size 1024K, 3 young (3072K), 3 survivors (3072K)
 Metaspace       used 57228K, capacity 58888K, committed 59184K, reserved 1099776K
  class space    used 7300K, capacity 7937K, committed 8064K, reserved 1048576K
}
Event: 7.554 GC heap before
{Heap before GC invocations=24 (full 0):
 garbage-first heap   total 190464K, used 144199K [0x0000000080000000, 0x0000000100000000)
  region size 1024K, 42 young (43008K), 3 survivors (3072K)
 Metaspace       used 63635K, capacity 65371K, committed 65584K, reserved 1105920K
  class space    used 8071K, capacity 8761K, committed 8832K, reserved 1048576K
}
Event: 7.560 GC heap after
{Heap after GC invocations=25 (full 0):
 garbage-first heap   total 190464K, used 108244K [0x0000000080000000, 0x0000000100000000)
  region size 1024K, 6 young (6144K), 6 survivors (6144K)
 Metaspace       used 63635K, capacity 65371K, committed 65584K, reserved 1105920K
  class space    used 8071K, capacity 8761K, committed 8832K, reserved 1048576K
}
Event: 7.663 GC heap before
{Heap before GC invocations=26 (full 0):
 garbage-first heap   total 190464K, used 122580K [0x0000000080000000, 0x0000000100000000)
  region size 1024K, 16 young (16384K), 6 survivors (6144K)
 Metaspace       used 63612K, capacity 65326K, committed 65584K, reserved 1105920K
  class space    used 8063K, capacity 8745K, committed 8832K, reserved 1048576K
}
Event: 7.670 GC heap after
{Heap after GC invocations=27 (full 0):
 garbage-first heap   total 190464K, used 115174K [0x0000000080000000, 0x0000000100000000)
  region size 1024K, 5 young (5120K), 5 survivors (5120K)
 Metaspace       used 63612K, capacity 65326K, committed 65584K, reserved 1105920K
  class space    used 8063K, capacity 8745K, committed 8832K, reserved 1048576K
}
Event: 8.064 GC heap before
{Heap before GC invocations=28 (full 0):
 garbage-first heap   total 190464K, used 153062K [0x0000000080000000, 0x0000000100000000)
  region size 1024K, 40 young (40960K), 5 survivors (5120K)
 Metaspace       used 66218K, capacity 67991K, committed 68144K, reserved 1107968K
  class space    used 8395K, capacity 9086K, committed 9088K, reserved 1048576K
}

Deoptimization events (20 events):
Event: 7.735 Thread 0x000001e422f55000 Uncommon trap: trap_request=0xffffffd6 fr.pc=0x000001e410c4b0c4 relative=0x0000000000000384
Event: 7.735 Thread 0x000001e422f55000 Uncommon trap: reason=array_check action=maybe_recompile pc=0x000001e410c4b0c4 method=java.util.AbstractCollection.toArray([Ljava/lang/Object;)[Ljava/lang/Object; @ 116 c2
Event: 7.735 Thread 0x000001e422f55000 DEOPT PACKING pc=0x000001e410c4b0c4 sp=0x000000d3ce8f5c00
Event: 7.735 Thread 0x000001e422f55000 DEOPT UNPACKING pc=0x000001e408e6a1af sp=0x000000d3ce8f5ba0 mode 2
Event: 7.738 Thread 0x000001e422f55000 Uncommon trap: trap_request=0xffffffd6 fr.pc=0x000001e410c4b0c4 relative=0x0000000000000384
Event: 7.738 Thread 0x000001e422f55000 Uncommon trap: reason=array_check action=maybe_recompile pc=0x000001e410c4b0c4 method=java.util.AbstractCollection.toArray([Ljava/lang/Object;)[Ljava/lang/Object; @ 116 c2
Event: 7.738 Thread 0x000001e422f55000 DEOPT PACKING pc=0x000001e410c4b0c4 sp=0x000000d3ce8f5300
Event: 7.738 Thread 0x000001e422f55000 DEOPT UNPACKING pc=0x000001e408e6a1af sp=0x000000d3ce8f52a0 mode 2
Event: 7.741 Thread 0x000001e422f55000 Uncommon trap: trap_request=0xffffffd6 fr.pc=0x000001e410c4b0c4 relative=0x0000000000000384
Event: 7.741 Thread 0x000001e422f55000 Uncommon trap: reason=array_check action=maybe_recompile pc=0x000001e410c4b0c4 method=java.util.AbstractCollection.toArray([Ljava/lang/Object;)[Ljava/lang/Object; @ 116 c2
Event: 7.741 Thread 0x000001e422f55000 DEOPT PACKING pc=0x000001e410c4b0c4 sp=0x000000d3ce8f5300
Event: 7.741 Thread 0x000001e422f55000 DEOPT UNPACKING pc=0x000001e408e6a1af sp=0x000000d3ce8f52a0 mode 2
Event: 7.744 Thread 0x000001e422f55000 Uncommon trap: trap_request=0xffffffd6 fr.pc=0x000001e410c4b0c4 relative=0x0000000000000384
Event: 7.744 Thread 0x000001e422f55000 Uncommon trap: reason=array_check action=maybe_recompile pc=0x000001e410c4b0c4 method=java.util.AbstractCollection.toArray([Ljava/lang/Object;)[Ljava/lang/Object; @ 116 c2
Event: 7.744 Thread 0x000001e422f55000 DEOPT PACKING pc=0x000001e410c4b0c4 sp=0x000000d3ce8f5c00
Event: 7.744 Thread 0x000001e422f55000 DEOPT UNPACKING pc=0x000001e408e6a1af sp=0x000000d3ce8f5ba0 mode 2
Event: 7.834 Thread 0x000001e425d92000 Uncommon trap: trap_request=0xffffff4d fr.pc=0x000001e410b9bd0c relative=0x000000000000022c
Event: 7.834 Thread 0x000001e425d92000 Uncommon trap: reason=unstable_if action=reinterpret pc=0x000001e410b9bd0c method=com.esotericsoftware.kryo.io.Input.require(I)I @ 180 c2
Event: 7.834 Thread 0x000001e425d92000 DEOPT PACKING pc=0x000001e410b9bd0c sp=0x000000d3d43fe6b0
Event: 7.834 Thread 0x000001e425d92000 DEOPT UNPACKING pc=0x000001e408e6a1af sp=0x000000d3d43fe520 mode 2

Classes redefined (0 events):
No events

Internal exceptions (20 events):
Event: 7.153 Thread 0x000001e422f55000 Exception <a 'java/lang/NoSuchMethodError'{0x000000008a2d3a38}: 'java.lang.Object java.lang.invoke.DelegatingMethodHandle$Holder.reinvoke_L(java.lang.Object, int, int, java.lang.Object, java.lang.Object, java.lang.Object)'> (0x000000008a2d3a38) thrown at [src/hotspot/share/interpreter/linkResolver.cpp, line 773]
Event: 7.163 Thread 0x000001e422f55000 Exception <a 'java/lang/NoSuchMethodError'{0x000000008a2ea5b0}: 'java.lang.Object java.lang.invoke.DirectMethodHandle$Holder.invokeStatic(java.lang.Object, java.lang.Object, java.lang.Object, java.lang.Object, int, int)'> (0x000000008a2ea5b0) thrown at [src/hotspot/share/interpreter/linkResolver.cpp, line 773]
Event: 7.164 Thread 0x000001e422f55000 Exception <a 'java/lang/NoSuchMethodError'{0x000000008a101510}: 'java.lang.Object java.lang.invoke.DirectMethodHandle$Holder.invokeStatic(java.lang.Object, java.lang.Object, java.lang.Object, java.lang.Object, int, int, java.lang.Object)'> (0x000000008a101510) thrown at [src/hotspot/share/interpreter/linkResolver.cpp, line 773]
Event: 7.165 Thread 0x000001e422f55000 Exception <a 'java/lang/NoSuchMethodError'{0x000000008a1197a8}: 'java.lang.Object java.lang.invoke.DirectMethodHandle$Holder.invokeStatic(java.lang.Object, java.lang.Object, java.lang.Object, java.lang.Object, int, int, java.lang.Object, java.lang.Object)'> (0x000000008a1197a8) thrown at [src/hotspot/share/interpreter/linkResolver.cpp, line 773]
Event: 7.166 Thread 0x000001e422f55000 Exception <a 'java/lang/NoSuchMethodError'{0x000000008a132fc8}: 'java.lang.Object java.lang.invoke.DirectMethodHandle$Holder.invokeStatic(java.lang.Object, java.lang.Object, java.lang.Object, java.lang.Object, int, int, java.lang.Object, java.lang.Object, java.lang.Object)'> (0x000000008a132fc8) thrown at [src/hotspot/share/interpreter/linkResolver.cpp, line 773]
Event: 7.219 Thread 0x000001e422f55000 Exception <a 'java/lang/IncompatibleClassChangeError'{0x000000008a05e018}: Found class java.lang.Object, but interface was expected> (0x000000008a05e018) thrown at [src/hotspot/share/interpreter/linkResolver.cpp, line 839]
Event: 7.285 Thread 0x000001e422f55000 Implicit null exception at 0x000001e410bf9e46 to 0x000001e410bf9fec
Event: 7.419 Thread 0x000001e422f55000 Implicit null exception at 0x000001e410a1f10b to 0x000001e410a1f1e4
Event: 7.503 Thread 0x000001e422f55000 Implicit null exception at 0x000001e410a8bdac to 0x000001e410a8beda
Event: 7.748 Thread 0x000001e422f55000 Exception <a 'sun/nio/fs/WindowsException'{0x000000008b58fb00}> (0x000000008b58fb00) thrown at [src/hotspot/share/prims/jni.cpp, line 617]
Event: 7.827 Thread 0x000001e425d92000 Exception <a 'java/lang/NoSuchMethodError'{0x000000008aaca490}: <clinit>> (0x000000008aaca490) thrown at [src/hotspot/share/prims/jni.cpp, line 1367]
Event: 7.828 Thread 0x000001e425d92000 Exception <a 'java/lang/NoSuchMethodError'{0x000000008aad2920}: <clinit>> (0x000000008aad2920) thrown at [src/hotspot/share/prims/jni.cpp, line 1367]
Event: 8.049 Thread 0x000001e422f55000 Exception <a 'java/lang/ClassNotFoundException'{0x00000000895f3738}: org/gradle/api/plugins/internal/DefaultBasePluginConventionBeanInfo> (0x00000000895f3738) thrown at [src/hotspot/share/classfile/systemDictionary.cpp, line 230]
Event: 8.050 Thread 0x000001e422f55000 Exception <a 'java/lang/ClassNotFoundException'{0x0000000089438cf8}: org/gradle/api/plugins/BasePluginConventionBeanInfo> (0x0000000089438cf8) thrown at [src/hotspot/share/classfile/systemDictionary.cpp, line 230]
Event: 8.050 Thread 0x000001e422f55000 Exception <a 'java/lang/ClassNotFoundException'{0x000000008947e068}: org/gradle/api/plugins/BasePluginConventionCustomizer> (0x000000008947e068) thrown at [src/hotspot/share/classfile/systemDictionary.cpp, line 230]
Event: 8.052 Thread 0x000001e422f55000 Exception <a 'java/lang/ClassNotFoundException'{0x00000000894d5540}: org/gradle/api/plugins/internal/DefaultBasePluginConventionCustomizer> (0x00000000894d5540) thrown at [src/hotspot/share/classfile/systemDictionary.cpp, line 230]
Event: 8.054 Thread 0x000001e422f55000 Exception <a 'java/lang/ClassNotFoundException'{0x0000000089362090}: org/gradle/api/plugins/internal/DefaultJavaPluginConventionBeanInfo> (0x0000000089362090) thrown at [src/hotspot/share/classfile/systemDictionary.cpp, line 230]
Event: 8.055 Thread 0x000001e422f55000 Exception <a 'java/lang/ClassNotFoundException'{0x00000000893a73f0}: org/gradle/api/plugins/JavaPluginConventionBeanInfo> (0x00000000893a73f0) thrown at [src/hotspot/share/classfile/systemDictionary.cpp, line 230]
Event: 8.056 Thread 0x000001e422f55000 Exception <a 'java/lang/ClassNotFoundException'{0x00000000893ec760}: org/gradle/api/plugins/JavaPluginConventionCustomizer> (0x00000000893ec760) thrown at [src/hotspot/share/classfile/systemDictionary.cpp, line 230]
Event: 8.057 Thread 0x000001e422f55000 Exception <a 'java/lang/ClassNotFoundException'{0x000000008924db00}: org/gradle/api/plugins/internal/DefaultJavaPluginConventionCustomizer> (0x000000008924db00) thrown at [src/hotspot/share/classfile/systemDictionary.cpp, line 230]

Events (20 events):
Event: 8.060 loading class com/android/build/gradle/internal/tasks/factory/BootClasspathConfigImpl$mockableJarArtifact$2 done
Event: 8.062 loading class com/android/build/gradle/api/BaseVariant
Event: 8.062 loading class com/android/build/gradle/api/BaseVariant done
Event: 8.062 loading class com/android/build/gradle/api/UnitTestVariant
Event: 8.062 loading class com/android/build/gradle/api/UnitTestVariant done
Event: 8.063 loading class com/android/build/gradle/internal/core/InternalBaseVariant
Event: 8.063 loading class com/android/build/gradle/internal/core/InternalBaseVariant done
Event: 8.063 loading class com/android/build/gradle/api/TestVariant
Event: 8.063 loading class com/android/build/gradle/api/TestVariant done
Event: 8.063 loading class com/android/build/gradle/api/ApkVariant
Event: 8.063 loading class com/android/build/gradle/api/ApkVariant done
Event: 8.063 loading class com/android/build/gradle/api/InstallableVariant
Event: 8.063 loading class com/android/build/gradle/api/InstallableVariant done
Event: 8.063 loading class com/android/build/gradle/api/AndroidArtifactVariant
Event: 8.063 loading class com/android/build/gradle/api/AndroidArtifactVariant done
Event: 8.063 loading class com/android/build/gradle/api/VersionedVariant
Event: 8.063 loading class com/android/build/gradle/api/VersionedVariant done
Event: 8.064 loading class com/android/build/api/transform/Transform
Event: 8.064 loading class com/android/build/api/transform/Transform done
Event: 8.064 Executing VM operation: G1CollectForAllocation


Dynamic libraries:
0x00007ff6dbb00000 - 0x00007ff6dbb0a000 	D:\FongAndroid\jbr\bin\java.exe
0x00007ffedd590000 - 0x00007ffedd7a7000 	C:\WINDOWS\SYSTEM32\ntdll.dll
0x00007ffedcb90000 - 0x00007ffedcc54000 	C:\WINDOWS\System32\KERNEL32.DLL
0x00007ffedabc0000 - 0x00007ffedaf66000 	C:\WINDOWS\System32\KERNELBASE.dll
0x00007ffedaf70000 - 0x00007ffedb081000 	C:\WINDOWS\System32\ucrtbase.dll
0x00007ffec6010000 - 0x00007ffec6027000 	D:\FongAndroid\jbr\bin\jli.dll
0x00007ffed5670000 - 0x00007ffed568b000 	D:\FongAndroid\jbr\bin\VCRUNTIME140.dll
0x00007ffedcc60000 - 0x00007ffedce0e000 	C:\WINDOWS\System32\USER32.dll
0x00007ffeda900000 - 0x00007ffeda926000 	C:\WINDOWS\System32\win32u.dll
0x00007ffedb720000 - 0x00007ffedb749000 	C:\WINDOWS\System32\GDI32.dll
0x00007ffedaaa0000 - 0x00007ffedabb8000 	C:\WINDOWS\System32\gdi32full.dll
0x00007ffec42f0000 - 0x00007ffec4583000 	C:\WINDOWS\WinSxS\amd64_microsoft.windows.common-controls_6595b64144ccf1df_6.0.22621.2506_none_270c5ae97388e100\COMCTL32.dll
0x00007ffedb150000 - 0x00007ffedb1ea000 	C:\WINDOWS\System32\msvcp_win.dll
0x00007ffedce10000 - 0x00007ffedceb7000 	C:\WINDOWS\System32\msvcrt.dll
0x00007ffedd460000 - 0x00007ffedd491000 	C:\WINDOWS\System32\IMM32.DLL
0x00007ffea1970000 - 0x00007ffea19fd000 	D:\FongAndroid\jbr\bin\msvcp140.dll
0x00007ffeb46a0000 - 0x00007ffeb46ac000 	C:\WINDOWS\SYSTEM32\VCRUNTIME140_1.dll
0x00007ffe98b30000 - 0x00007ffe996ec000 	D:\FongAndroid\jbr\bin\server\jvm.dll
0x00007ffedcee0000 - 0x00007ffedcf93000 	C:\WINDOWS\System32\ADVAPI32.dll
0x00007ffedd4a0000 - 0x00007ffedd548000 	C:\WINDOWS\System32\sechost.dll
0x00007ffeda8d0000 - 0x00007ffeda8f8000 	C:\WINDOWS\System32\bcrypt.dll
0x00007ffedd340000 - 0x00007ffedd457000 	C:\WINDOWS\System32\RPCRT4.dll
0x00007ffedced0000 - 0x00007ffedced8000 	C:\WINDOWS\System32\PSAPI.DLL
0x00007ffed5ec0000 - 0x00007ffed5ec9000 	C:\WINDOWS\SYSTEM32\WSOCK32.dll
0x00007ffed2ea0000 - 0x00007ffed2eaa000 	C:\WINDOWS\SYSTEM32\VERSION.dll
0x00007ffedb400000 - 0x00007ffedb471000 	C:\WINDOWS\System32\WS2_32.dll
0x00007ffed35e0000 - 0x00007ffed3614000 	C:\WINDOWS\SYSTEM32\WINMM.dll
0x00007ffed9900000 - 0x00007ffed9918000 	C:\WINDOWS\SYSTEM32\kernel.appcore.dll
0x00007ffed5eb0000 - 0x00007ffed5ec0000 	D:\FongAndroid\jbr\bin\verify.dll
0x00007ffed8480000 - 0x00007ffed86b3000 	C:\WINDOWS\SYSTEM32\DBGHELP.DLL
0x00007ffedbe80000 - 0x00007ffedc209000 	C:\WINDOWS\System32\combase.dll
0x00007ffedbc30000 - 0x00007ffedbd07000 	C:\WINDOWS\System32\OLEAUT32.dll
0x00007ffeb4e50000 - 0x00007ffeb4e82000 	C:\WINDOWS\SYSTEM32\dbgcore.DLL
0x00007ffedb1f0000 - 0x00007ffedb26a000 	C:\WINDOWS\System32\bcryptPrimitives.dll
0x00007ffed4bf0000 - 0x00007ffed4c18000 	D:\FongAndroid\jbr\bin\java.dll
0x00007ffed5ea0000 - 0x00007ffed5eaa000 	D:\FongAndroid\jbr\bin\jimage.dll
0x00007ffec60f0000 - 0x00007ffec6108000 	D:\FongAndroid\jbr\bin\zip.dll
0x00007ffedc220000 - 0x00007ffedca7a000 	C:\WINDOWS\System32\SHELL32.dll
0x00007ffed8820000 - 0x00007ffed9116000 	C:\WINDOWS\SYSTEM32\windows.storage.dll
0x00007ffed86e0000 - 0x00007ffed881e000 	C:\WINDOWS\SYSTEM32\wintypes.dll
0x00007ffedb480000 - 0x00007ffedb573000 	C:\WINDOWS\System32\SHCORE.dll
0x00007ffedbbd0000 - 0x00007ffedbc2e000 	C:\WINDOWS\System32\shlwapi.dll
0x00007ffeda800000 - 0x00007ffeda826000 	C:\WINDOWS\SYSTEM32\profapi.dll
0x00007ffec60d0000 - 0x00007ffec60e9000 	D:\FongAndroid\jbr\bin\net.dll
0x00007ffed29b0000 - 0x00007ffed2ae7000 	C:\WINDOWS\SYSTEM32\WINHTTP.dll
0x00007ffed9d80000 - 0x00007ffed9de9000 	C:\WINDOWS\system32\mswsock.dll
0x00007ffec09d0000 - 0x00007ffec09e3000 	D:\FongAndroid\jbr\bin\nio.dll
0x00007ffeaa550000 - 0x00007ffeaa577000 	C:\Users\HI\.gradle\native\e1d6ef7f7dcc3fd88c89a11ec53ec762bb8ba0a96d01ffa2cd45eb1d1d8dd5c5\windows-amd64\native-platform.dll
0x00007ffe9da40000 - 0x00007ffe9db84000 	C:\Users\HI\.gradle\native\0d407fdbe67a94daf76414ababcb853783967236a71b16ec16e742cd7a986fd3\windows-amd64\native-platform-file-events.dll
0x00007ffebb710000 - 0x00007ffebb71a000 	D:\FongAndroid\jbr\bin\management.dll
0x00007ffebb700000 - 0x00007ffebb70b000 	D:\FongAndroid\jbr\bin\management_ext.dll
0x00007ffed9fe0000 - 0x00007ffed9ffb000 	C:\WINDOWS\SYSTEM32\CRYPTSP.dll
0x00007ffed9860000 - 0x00007ffed9895000 	C:\WINDOWS\system32\rsaenh.dll
0x00007ffed9e70000 - 0x00007ffed9e9c000 	C:\WINDOWS\SYSTEM32\USERENV.dll
0x00007ffed9fd0000 - 0x00007ffed9fdc000 	C:\WINDOWS\SYSTEM32\CRYPTBASE.dll
0x00007ffed9380000 - 0x00007ffed93ad000 	C:\WINDOWS\SYSTEM32\IPHLPAPI.DLL
0x00007ffedb3d0000 - 0x00007ffedb3d9000 	C:\WINDOWS\System32\NSI.dll
0x00007ffed21b0000 - 0x00007ffed21c9000 	C:\WINDOWS\SYSTEM32\dhcpcsvc6.DLL
0x00007ffed2190000 - 0x00007ffed21af000 	C:\WINDOWS\SYSTEM32\dhcpcsvc.DLL
0x00007ffed93f0000 - 0x00007ffed94e9000 	C:\WINDOWS\SYSTEM32\DNSAPI.dll

dbghelp: loaded successfully - version: 4.0.5 - missing functions: none
symbol engine: initialized successfully - sym options: 0x614 - pdb path: .;D:\FongAndroid\jbr\bin;C:\WINDOWS\SYSTEM32;C:\WINDOWS\WinSxS\amd64_microsoft.windows.common-controls_6595b64144ccf1df_6.0.22621.2506_none_270c5ae97388e100;D:\FongAndroid\jbr\bin\server;C:\Users\HI\.gradle\native\e1d6ef7f7dcc3fd88c89a11ec53ec762bb8ba0a96d01ffa2cd45eb1d1d8dd5c5\windows-amd64;C:\Users\HI\.gradle\native\0d407fdbe67a94daf76414ababcb853783967236a71b16ec16e742cd7a986fd3\windows-amd64

VM Arguments:
jvm_args: --add-opens=java.base/java.util=ALL-UNNAMED --add-opens=java.base/java.lang=ALL-UNNAMED --add-opens=java.base/java.lang.invoke=ALL-UNNAMED --add-opens=java.base/java.util=ALL-UNNAMED --add-opens=java.prefs/java.util.prefs=ALL-UNNAMED --add-opens=java.prefs/java.util.prefs=ALL-UNNAMED --add-opens=java.base/java.nio.charset=ALL-UNNAMED --add-opens=java.base/java.net=ALL-UNNAMED --add-opens=java.base/java.util.concurrent.atomic=ALL-UNNAMED -Xmx2048m -Dfile.encoding=UTF-8 -Duser.country=US -Duser.language=en -Duser.variant 
java_command: org.gradle.launcher.daemon.bootstrap.GradleDaemon 7.5
java_class_path (initial): C:\Users\HI\.gradle\wrapper\dists\gradle-7.5-bin\f1w0cc9nuo0eivz97x2xlu9sv\gradle-7.5\lib\gradle-launcher-7.5.jar
Launcher Type: SUN_STANDARD

[Global flags]
     intx CICompilerCount                          = 3                                         {product} {ergonomic}
     uint ConcGCThreads                            = 2                                         {product} {ergonomic}
     uint G1ConcRefinementThreads                  = 6                                         {product} {ergonomic}
   size_t G1HeapRegionSize                         = 1048576                                   {product} {ergonomic}
    uintx GCDrainStackTargetSize                   = 64                                        {product} {ergonomic}
   size_t InitialHeapSize                          = 123731968                                 {product} {ergonomic}
   size_t MarkStackSize                            = 4194304                                   {product} {ergonomic}
   size_t MaxHeapSize                              = 2147483648                                {product} {command line}
   size_t MaxNewSize                               = 1287651328                                {product} {ergonomic}
   size_t MinHeapDeltaBytes                        = 1048576                                   {product} {ergonomic}
    uintx NonNMethodCodeHeapSize                   = 5830732                                {pd product} {ergonomic}
    uintx NonProfiledCodeHeapSize                  = 122913754                              {pd product} {ergonomic}
    uintx ProfiledCodeHeapSize                     = 122913754                              {pd product} {ergonomic}
    uintx ReservedCodeCacheSize                    = 251658240                              {pd product} {ergonomic}
     bool SegmentedCodeCache                       = true                                      {product} {ergonomic}
     bool UseCompressedClassPointers               = true                                 {lp64_product} {ergonomic}
     bool UseCompressedOops                        = true                                 {lp64_product} {ergonomic}
     bool UseG1GC                                  = true                                      {product} {ergonomic}
     bool UseLargePagesIndividualAllocation        = false                                  {pd product} {ergonomic}

Logging:
Log output configuration:
 #0: stdout all=warning uptime,level,tags
 #1: stderr all=off uptime,level,tags

Environment Variables:
JAVA_HOME=C:\Java\
PATH=C:\Program Files\Common Files\Oracle\Java\javapath;C:\Program Files (x86)\VMware\VMware Workstation\bin\;C:\Java\bin;C:\WINDOWS\system32;C:\WINDOWS;C:\WINDOWS\System32\Wbem;C:\WINDOWS\System32\WindowsPowerShell\v1.0\;C:\WINDOWS\System32\OpenSSH\;C:\MinGW\bin\;C:\TDM-GCC-64\bin;C:\Program Files\Microsoft SQL Server\Client SDK\ODBC\170\Tools\Binn\;C:\Program Files (x86)\Microsoft SQL Server\150\Tools\Binn\;C:\Program Files\Microsoft SQL Server\150\Tools\Binn\;C:\Program Files\Microsoft SQL Server\150\DTS\Binn\;C:\Program Files (x86)\Microsoft SQL Server\160\DTS\Binn\;C:\Program Files (x86)\Microsoft SQL Server\160\Tools\Binn\;C:\Program Files\Microsoft SQL Server\160\Tools\Binn\;C:\Program Files\Microsoft SQL Server\160\DTS\Binn\;D:\;C:\dart-sdk;C:\Program Files\dotnet\;C:\Program Files\Git\cmd;C:\Program Files\MySQL\MySQL Shell 8.0\bin\;D:\Scripts\;D:\;D:\python\Scripts\;D:\python\;C:\Users\HI\AppData\Local\Microsoft\WindowsApps;C:\Users\HI\AppData\Local\Programs\Microsoft VS Code\bin;C:\TDM-GCC-64\bin;D:\php\php;C:\Program Files\JetBrains\PyCharm Community Edition 2021.2.3\bin;;;C:\Program Files\Azure Data Studio\bin;C:\Users\HI\AppData\Roaming\npm;C:\Users\HI\.dotnet\tools;C:\Program Files\JetBrains\IntelliJ IDEA 2023.2.2\bin;;C:\Program Files\JetBrains\IntelliJ IDEA Educational Edition 2022.2.2\bin;;C:\Program Files\JetBrains\IntelliJ IDEA Community Edition 2023.2.2\bin;
USERNAME=HI
OS=Windows_NT
PROCESSOR_IDENTIFIER=AMD64 Family 23 Model 96 Stepping 1, AuthenticAMD



---------------  S Y S T E M  ---------------

OS: Windows 11 , 64 bit Build 22621 (10.0.22621.2506)
OS uptime: 0 days 2:08 hours

CPU:total 6 (initial active 6) (6 cores per cpu, 1 threads per core) family 23 model 96 stepping 1 microcode 0x0, cmov, cx8, fxsr, mmx, sse, sse2, sse3, ssse3, sse4.1, sse4.2, popcnt, avx, avx2, aes, clmul, mmxext, 3dnowpref, lzcnt, sse4a, tsc, tscinvbit, tscinv, bmi1, bmi2, adx, sha, fma

Memory: 4k page, system-wide physical 7542M (463M free)
TotalPageFile size 11638M (AvailPageFile size 39M)
current process WorkingSet (physical memory assigned to process): 407M, peak: 410M
current process commit charge ("private bytes"): 442M, peak: 480M

vm_info: OpenJDK 64-Bit Server VM (11.0.15+0-b2043.56-8887301) for windows-amd64 JRE (11.0.15+0-b2043.56-8887301), built on Jul 29 2022 23:19:47 by "builduser" with unknown MS VC++:1929

END.
