#
# There is insufficient memory for the Java Runtime Environment to continue.
# Native memory allocation (malloc) failed to allocate 2276976 bytes for Chunk::new
# Possible reasons:
#   The system is out of physical RAM or swap space
#   The process is running with CompressedOops enabled, and the Java Heap may be blocking the growth of the native heap
# Possible solutions:
#   Reduce memory load on the system
#   Increase physical memory or swap space
#   Check if swap backing store is full
#   Decrease Java heap size (-Xmx/-Xms)
#   Decrease number of Java threads
#   Decrease Java thread stack sizes (-Xss)
#   Set larger code cache with -XX:ReservedCodeCacheSize=
#   JVM is running with Unscaled Compressed Oops mode in which the Java heap is
#     placed in the first 4GB address space. The Java Heap base address is the
#     maximum limit for the native heap growth. Please use -XX:HeapBaseMinAddress
#     to set the Java Heap base and to place the Java Heap above 4GB virtual address.
# This output file may be truncated or incomplete.
#
#  Out of Memory Error (src/hotspot/share/memory/arena.cpp:197), pid=13604, tid=7532
#
# JRE version: OpenJDK Runtime Environment (11.0.15) (build 11.0.15+0-b2043.56-8887301)
# Java VM: OpenJDK 64-Bit Server VM (11.0.15+0-b2043.56-8887301, mixed mode, tiered, compressed oops, g1 gc, windows-amd64)
# No core dump will be written. Minidumps are not enabled by default on client versions of Windows
#

---------------  S U M M A R Y ------------

Command Line: --add-opens=java.base/java.util=ALL-UNNAMED --add-opens=java.base/java.lang=ALL-UNNAMED --add-opens=java.base/java.lang.invoke=ALL-UNNAMED --add-opens=java.base/java.util=ALL-UNNAMED --add-opens=java.prefs/java.util.prefs=ALL-UNNAMED --add-opens=java.prefs/java.util.prefs=ALL-UNNAMED --add-opens=java.base/java.nio.charset=ALL-UNNAMED --add-opens=java.base/java.net=ALL-UNNAMED --add-opens=java.base/java.util.concurrent.atomic=ALL-UNNAMED -Xmx2048m -Dfile.encoding=UTF-8 -Duser.country=US -Duser.language=en -Duser.variant org.gradle.launcher.daemon.bootstrap.GradleDaemon 7.5

Host: AMD Ryzen 5 4500U with Radeon Graphics         , 6 cores, 7G,  Windows 11 , 64 bit Build 22621 (10.0.22621.2506)
Time: Mon Jan 29 13:48:50 2024 SE Asia Standard Time elapsed time: 43.729459 seconds (0d 0h 0m 43s)

---------------  T H R E A D  ---------------

Current thread (0x0000029b28c29000):  JavaThread "C2 CompilerThread0" daemon [_thread_in_native, id=7532, stack(0x000000ebc3f00000,0x000000ebc4000000)]


Current CompileTask:
C2:  43729 13080 %     4       groovy.lang.MetaClassImpl::inheritInterfaceNewMetaMethods @ 100 (195 bytes)

Stack: [0x000000ebc3f00000,0x000000ebc4000000]
Native frames: (J=compiled Java code, j=interpreted, Vv=VM code, C=native code)
V  [jvm.dll+0x64135a]
V  [jvm.dll+0x7d39f9]
V  [jvm.dll+0x7d51b9]
V  [jvm.dll+0x7d58a3]
V  [jvm.dll+0x2691c5]
V  [jvm.dll+0xc1a5c]
V  [jvm.dll+0xc200c]
V  [jvm.dll+0x377462]
V  [jvm.dll+0x342495]
V  [jvm.dll+0x34186a]
V  [jvm.dll+0x2214bd]
V  [jvm.dll+0x220498]
V  [jvm.dll+0x19e851]
V  [jvm.dll+0x230479]
V  [jvm.dll+0x22e5ef]
V  [jvm.dll+0x794de1]
V  [jvm.dll+0x78dc24]
V  [jvm.dll+0x6400f6]
C  [ucrtbase.dll+0x29363]
C  [KERNEL32.DLL+0x1257d]
C  [ntdll.dll+0x5aa58]


---------------  P R O C E S S  ---------------

Threads class SMR info:
_java_thread_list=0x0000029b2d42de50, length=115, elements={
0x0000029b0e25c000, 0x0000029b282a5800, 0x0000029b282ae800, 0x0000029b28c23800,
0x0000029b28c24800, 0x0000029b28c25800, 0x0000029b28c29000, 0x0000029b28c2d000,
0x0000029b28c2e000, 0x0000029b28d7f000, 0x0000029b2b114800, 0x0000029b28f74800,
0x0000029b2a3f8000, 0x0000029b29ba1800, 0x0000029b2af85800, 0x0000029b298f1000,
0x0000029b298f2000, 0x0000029b298f0800, 0x0000029b298ef800, 0x0000029b2af07000,
0x0000029b2af06800, 0x0000029b2af08000, 0x0000029b2af05800, 0x0000029b2af0d800,
0x0000029b2af0d000, 0x0000029b2af0e800, 0x0000029b2af09000, 0x0000029b2af12800,
0x0000029b2af0f800, 0x0000029b2ee02000, 0x0000029b2ee01000, 0x0000029b2edfc000,
0x0000029b2edfd000, 0x0000029b2ee02800, 0x0000029b2ee03800, 0x0000029b2edfd800,
0x0000029b2ee04000, 0x0000029b2edfe800, 0x0000029b2edff800, 0x0000029b2ee06000,
0x0000029b2cc44000, 0x0000029b2ee00000, 0x0000029b2ee08800, 0x0000029b2ee06800,
0x0000029b2ee07800, 0x0000029b2ee0a000, 0x0000029b2ee0a800, 0x0000029b2af0c000,
0x0000029b2af09800, 0x0000029b2af0a800, 0x0000029b2af0b800, 0x0000029b2af13800,
0x0000029b2af14000, 0x0000029b2cd01800, 0x0000029b2ccfb800, 0x0000029b2cd00800,
0x0000029b2ccff000, 0x0000029b2cd02000, 0x0000029b2ccfc800, 0x0000029b2cd00000,
0x0000029b2cd03000, 0x0000029b2ccfd800, 0x0000029b2ccfe000, 0x0000029b2cd04800,
0x0000029b2cd06800, 0x0000029b2cd09800, 0x0000029b2cd09000, 0x0000029b2cd04000,
0x0000029b2cd0a800, 0x0000029b2cd05800, 0x0000029b2cd07000, 0x0000029b2cd08000,
0x0000029b3108e800, 0x0000029b3108f800, 0x0000029b3108c000, 0x0000029b31090000,
0x0000029b3108d800, 0x0000029b31091000, 0x0000029b3108d000, 0x0000029b3108b800,
0x0000029b31093800, 0x0000029b31097800, 0x0000029b31092800, 0x0000029b31094800,
0x0000029b31092000, 0x0000029b31098800, 0x0000029b31095000, 0x0000029b31099000,
0x0000029b31096000, 0x0000029b31096800, 0x0000029b3109a000, 0x0000029b2e30b000,
0x0000029b2e30c000, 0x0000029b2e30f000, 0x0000029b2e30c800, 0x0000029b2e30a000,
0x0000029b2e312800, 0x0000029b2e310000, 0x0000029b2e313000, 0x0000029b2e311000,
0x0000029b2e30d800, 0x0000029b2e311800, 0x0000029b2e314000, 0x0000029b2e30e800,
0x0000029b2e315000, 0x0000029b2e316800, 0x0000029b2e319000, 0x0000029b2e317800,
0x0000029b2e318000, 0x0000029b2d063800, 0x0000029b2d061000, 0x0000029b2d062000,
0x0000029b2d063000, 0x0000029b2d05e000, 0x0000029b2d064800
}

Java Threads: ( => current thread )
  0x0000029b0e25c000 JavaThread "main" [_thread_blocked, id=4720, stack(0x000000ebc3300000,0x000000ebc3400000)]
  0x0000029b282a5800 JavaThread "Reference Handler" daemon [_thread_blocked, id=2428, stack(0x000000ebc3a00000,0x000000ebc3b00000)]
  0x0000029b282ae800 JavaThread "Finalizer" daemon [_thread_blocked, id=14628, stack(0x000000ebc3b00000,0x000000ebc3c00000)]
  0x0000029b28c23800 JavaThread "Signal Dispatcher" daemon [_thread_blocked, id=912, stack(0x000000ebc3c00000,0x000000ebc3d00000)]
  0x0000029b28c24800 JavaThread "Attach Listener" daemon [_thread_blocked, id=16164, stack(0x000000ebc3d00000,0x000000ebc3e00000)]
  0x0000029b28c25800 JavaThread "Service Thread" daemon [_thread_blocked, id=9972, stack(0x000000ebc3e00000,0x000000ebc3f00000)]
=>0x0000029b28c29000 JavaThread "C2 CompilerThread0" daemon [_thread_in_native, id=7532, stack(0x000000ebc3f00000,0x000000ebc4000000)]
  0x0000029b28c2d000 JavaThread "C1 CompilerThread0" daemon [_thread_blocked, id=3080, stack(0x000000ebc4000000,0x000000ebc4100000)]
  0x0000029b28c2e000 JavaThread "Sweeper thread" daemon [_thread_blocked, id=11640, stack(0x000000ebc4100000,0x000000ebc4200000)]
  0x0000029b28d7f000 JavaThread "Common-Cleaner" daemon [_thread_blocked, id=10360, stack(0x000000ebc4200000,0x000000ebc4300000)]
  0x0000029b2b114800 JavaThread "Daemon health stats" [_thread_blocked, id=1560, stack(0x000000ebc4600000,0x000000ebc4700000)]
  0x0000029b28f74800 JavaThread "Incoming local TCP Connector on port 52786" [_thread_in_native, id=1844, stack(0x000000ebc4400000,0x000000ebc4500000)]
  0x0000029b2a3f8000 JavaThread "Daemon periodic checks" [_thread_blocked, id=8636, stack(0x000000ebc4700000,0x000000ebc4800000)]
  0x0000029b29ba1800 JavaThread "Daemon" [_thread_blocked, id=17348, stack(0x000000ebc4800000,0x000000ebc4900000)]
  0x0000029b2af85800 JavaThread "Daemon worker" [_thread_blocked, id=15596, stack(0x000000ebc4b00000,0x000000ebc4c00000)]
  0x0000029b298f1000 JavaThread "Cache worker for journal cache (C:\Users\HI\.gradle\caches\journal-1)" [_thread_blocked, id=9096, stack(0x000000ebc5300000,0x000000ebc5400000)]
  0x0000029b298f2000 JavaThread "File lock request listener" [_thread_in_native, id=12712, stack(0x000000ebc5400000,0x000000ebc5500000)]
  0x0000029b298f0800 JavaThread "Cache worker for file hash cache (C:\Users\HI\.gradle\caches\7.5\fileHashes)" [_thread_blocked, id=16412, stack(0x000000ebc5600000,0x000000ebc5700000)]
  0x0000029b298ef800 JavaThread "File watcher server" daemon [_thread_in_native, id=2672, stack(0x000000ebc5800000,0x000000ebc5900000)]
  0x0000029b2af07000 JavaThread "File watcher consumer" daemon [_thread_blocked, id=16432, stack(0x000000ebc5900000,0x000000ebc5a00000)]
  0x0000029b2af06800 JavaThread "jar transforms" [_thread_blocked, id=9616, stack(0x000000ebc5a00000,0x000000ebc5b00000)]
  0x0000029b2af08000 JavaThread "jar transforms Thread 2" [_thread_blocked, id=3208, stack(0x000000ebc5b00000,0x000000ebc5c00000)]
  0x0000029b2af05800 JavaThread "jar transforms Thread 3" [_thread_blocked, id=2040, stack(0x000000ebc5c00000,0x000000ebc5d00000)]
  0x0000029b2af0d800 JavaThread "jar transforms Thread 4" [_thread_blocked, id=16188, stack(0x000000ebc5d00000,0x000000ebc5e00000)]
  0x0000029b2af0d000 JavaThread "jar transforms Thread 5" [_thread_blocked, id=14976, stack(0x000000ebc5e00000,0x000000ebc5f00000)]
  0x0000029b2af0e800 JavaThread "jar transforms Thread 6" [_thread_blocked, id=8344, stack(0x000000ebc5f00000,0x000000ebc6000000)]
  0x0000029b2af09000 JavaThread "Cache worker for file content cache (C:\Users\HI\.gradle\caches\7.5\fileContent)" [_thread_blocked, id=4208, stack(0x000000ebc6200000,0x000000ebc6300000)]
  0x0000029b2af12800 JavaThread "Cache worker for execution history cache (C:\Users\HI\.gradle\caches\7.5\executionHistory)" [_thread_blocked, id=13384, stack(0x000000ebc6500000,0x000000ebc6600000)]
  0x0000029b2af0f800 JavaThread "Daemon Thread 2" [_thread_blocked, id=2848, stack(0x000000ebc5700000,0x000000ebc5800000)]
  0x0000029b2ee02000 JavaThread "File lock release action executor" [_thread_blocked, id=11588, stack(0x000000ebca500000,0x000000ebca600000)]
  0x0000029b2ee01000 JavaThread "Memory manager" [_thread_blocked, id=3524, stack(0x000000ebca600000,0x000000ebca700000)]
  0x0000029b2edfc000 JavaThread "pool-3-thread-1" [_thread_blocked, id=12772, stack(0x000000ebca700000,0x000000ebca800000)]
  0x0000029b2edfd000 JavaThread "included builds" [_thread_blocked, id=8304, stack(0x000000ebc6600000,0x000000ebc6700000)]
  0x0000029b2ee02800 JavaThread "Handler for socket connection from /127.0.0.1:52786 to /127.0.0.1:52838" [_thread_in_native, id=8668, stack(0x000000ebc4c00000,0x000000ebc4d00000)]
  0x0000029b2ee03800 JavaThread "Cancel handler" [_thread_blocked, id=13416, stack(0x000000ebc4d00000,0x000000ebc4e00000)]
  0x0000029b2edfd800 JavaThread "Asynchronous log dispatcher for DefaultDaemonConnection: socket connection from /127.0.0.1:52786 to /127.0.0.1:52838" [_thread_blocked, id=872, stack(0x000000ebc4e00000,0x000000ebc4f00000)]
  0x0000029b2ee04000 JavaThread "Stdin handler" [_thread_blocked, id=15372, stack(0x000000ebc6000000,0x000000ebc6100000)]
  0x0000029b2edfe800 JavaThread "Daemon client event forwarder" [_thread_blocked, id=9528, stack(0x000000ebc6100000,0x000000ebc6200000)]
  0x0000029b2edff800 JavaThread "Cache worker for checksums cache (C:\Users\HI\AndroidStudioProjects\Caculator\.gradle\7.5\checksums)" [_thread_blocked, id=7268, stack(0x000000ebc6300000,0x000000ebc6400000)]
  0x0000029b2ee06000 JavaThread "Cache worker for cache directory md-rule (C:\Users\HI\.gradle\caches\7.5\md-rule)" [_thread_blocked, id=2444, stack(0x000000ebc6400000,0x000000ebc6500000)]
  0x0000029b2cc44000 JavaThread "C2 CompilerThread1" daemon [_thread_in_native, id=1756, stack(0x000000ebc6700000,0x000000ebc6800000)]
  0x0000029b2ee00000 JavaThread "Cache worker for file hash cache (C:\Users\HI\AndroidStudioProjects\Caculator\.gradle\7.5\fileHashes)" [_thread_blocked, id=9004, stack(0x000000ebc6800000,0x000000ebc6900000)]
  0x0000029b2ee08800 JavaThread "Cache worker for cache directory md-supplier (C:\Users\HI\.gradle\caches\7.5\md-supplier)" [_thread_blocked, id=2960, stack(0x000000ebc6900000,0x000000ebc6a00000)]
  0x0000029b2ee06800 JavaThread "Cache worker for dependencies-accessors (C:\Users\HI\AndroidStudioProjects\Caculator\.gradle\7.5\dependencies-accessors)" [_thread_blocked, id=6328, stack(0x000000ebc6a00000,0x000000ebc6b00000)]
  0x0000029b2ee07800 JavaThread "Cache worker for Build Output Cleanup Cache (C:\Users\HI\AndroidStudioProjects\Caculator\.gradle\buildOutputCleanup)" [_thread_blocked, id=10668, stack(0x000000ebc6b00000,0x000000ebc6c00000)]
  0x0000029b2ee0a000 JavaThread "Unconstrained build operations" [_thread_blocked, id=14792, stack(0x000000ebc6c00000,0x000000ebc6d00000)]
  0x0000029b2ee0a800 JavaThread "Unconstrained build operations Thread 2" [_thread_blocked, id=10832, stack(0x000000ebc6d00000,0x000000ebc6e00000)]
  0x0000029b2af0c000 JavaThread "Unconstrained build operations Thread 3" [_thread_blocked, id=6236, stack(0x000000ebc6e00000,0x000000ebc6f00000)]
  0x0000029b2af09800 JavaThread "Unconstrained build operations Thread 4" [_thread_blocked, id=4468, stack(0x000000ebc6f00000,0x000000ebc7000000)]
  0x0000029b2af0a800 JavaThread "Unconstrained build operations Thread 5" [_thread_blocked, id=7948, stack(0x000000ebc7000000,0x000000ebc7100000)]
  0x0000029b2af0b800 JavaThread "Unconstrained build operations Thread 6" [_thread_blocked, id=2436, stack(0x000000ebc7100000,0x000000ebc7200000)]
  0x0000029b2af13800 JavaThread "Unconstrained build operations Thread 7" [_thread_blocked, id=13372, stack(0x000000ebc7200000,0x000000ebc7300000)]
  0x0000029b2af14000 JavaThread "Unconstrained build operations Thread 8" [_thread_blocked, id=15240, stack(0x000000ebc7300000,0x000000ebc7400000)]
  0x0000029b2cd01800 JavaThread "Unconstrained build operations Thread 9" [_thread_blocked, id=8840, stack(0x000000ebc7400000,0x000000ebc7500000)]
  0x0000029b2ccfb800 JavaThread "Unconstrained build operations Thread 10" [_thread_blocked, id=13680, stack(0x000000ebc7500000,0x000000ebc7600000)]
  0x0000029b2cd00800 JavaThread "Unconstrained build operations Thread 11" [_thread_blocked, id=4828, stack(0x000000ebc7600000,0x000000ebc7700000)]
  0x0000029b2ccff000 JavaThread "Unconstrained build operations Thread 12" [_thread_blocked, id=3484, stack(0x000000ebc7700000,0x000000ebc7800000)]
  0x0000029b2cd02000 JavaThread "Unconstrained build operations Thread 13" [_thread_blocked, id=8648, stack(0x000000ebc7800000,0x000000ebc7900000)]
  0x0000029b2ccfc800 JavaThread "Unconstrained build operations Thread 14" [_thread_blocked, id=10760, stack(0x000000ebc7900000,0x000000ebc7a00000)]
  0x0000029b2cd00000 JavaThread "Unconstrained build operations Thread 15" [_thread_blocked, id=8824, stack(0x000000ebc7a00000,0x000000ebc7b00000)]
  0x0000029b2cd03000 JavaThread "Unconstrained build operations Thread 16" [_thread_blocked, id=4064, stack(0x000000ebc7b00000,0x000000ebc7c00000)]
  0x0000029b2ccfd800 JavaThread "Unconstrained build operations Thread 17" [_thread_blocked, id=14636, stack(0x000000ebc7c00000,0x000000ebc7d00000)]
  0x0000029b2ccfe000 JavaThread "Unconstrained build operations Thread 18" [_thread_blocked, id=13440, stack(0x000000ebc7d00000,0x000000ebc7e00000)]
  0x0000029b2cd04800 JavaThread "Unconstrained build operations Thread 19" [_thread_blocked, id=13876, stack(0x000000ebc7e00000,0x000000ebc7f00000)]
  0x0000029b2cd06800 JavaThread "Unconstrained build operations Thread 20" [_thread_blocked, id=12280, stack(0x000000ebc7f00000,0x000000ebc8000000)]
  0x0000029b2cd09800 JavaThread "Unconstrained build operations Thread 21" [_thread_blocked, id=12836, stack(0x000000ebc8000000,0x000000ebc8100000)]
  0x0000029b2cd09000 JavaThread "Unconstrained build operations Thread 22" [_thread_blocked, id=2368, stack(0x000000ebc8100000,0x000000ebc8200000)]
  0x0000029b2cd04000 JavaThread "Unconstrained build operations Thread 23" [_thread_blocked, id=16504, stack(0x000000ebc8200000,0x000000ebc8300000)]
  0x0000029b2cd0a800 JavaThread "Unconstrained build operations Thread 24" [_thread_blocked, id=11376, stack(0x000000ebc8300000,0x000000ebc8400000)]
  0x0000029b2cd05800 JavaThread "Unconstrained build operations Thread 25" [_thread_blocked, id=10108, stack(0x000000ebc8400000,0x000000ebc8500000)]
  0x0000029b2cd07000 JavaThread "Unconstrained build operations Thread 26" [_thread_blocked, id=2292, stack(0x000000ebc8500000,0x000000ebc8600000)]
  0x0000029b2cd08000 JavaThread "Unconstrained build operations Thread 27" [_thread_blocked, id=13192, stack(0x000000ebc8600000,0x000000ebc8700000)]
  0x0000029b3108e800 JavaThread "Unconstrained build operations Thread 28" [_thread_blocked, id=16172, stack(0x000000ebc8700000,0x000000ebc8800000)]
  0x0000029b3108f800 JavaThread "Unconstrained build operations Thread 29" [_thread_blocked, id=1660, stack(0x000000ebc8800000,0x000000ebc8900000)]
  0x0000029b3108c000 JavaThread "Unconstrained build operations Thread 30" [_thread_blocked, id=16976, stack(0x000000ebc8900000,0x000000ebc8a00000)]
  0x0000029b31090000 JavaThread "Unconstrained build operations Thread 31" [_thread_blocked, id=1328, stack(0x000000ebc8a00000,0x000000ebc8b00000)]
  0x0000029b3108d800 JavaThread "Unconstrained build operations Thread 32" [_thread_blocked, id=4852, stack(0x000000ebc8b00000,0x000000ebc8c00000)]
  0x0000029b31091000 JavaThread "Unconstrained build operations Thread 33" [_thread_blocked, id=13044, stack(0x000000ebc8c00000,0x000000ebc8d00000)]
  0x0000029b3108d000 JavaThread "Unconstrained build operations Thread 34" [_thread_blocked, id=14400, stack(0x000000ebc8d00000,0x000000ebc8e00000)]
  0x0000029b3108b800 JavaThread "Unconstrained build operations Thread 35" [_thread_blocked, id=2284, stack(0x000000ebc8e00000,0x000000ebc8f00000)]
  0x0000029b31093800 JavaThread "Unconstrained build operations Thread 36" [_thread_blocked, id=14836, stack(0x000000ebc8f00000,0x000000ebc9000000)]
  0x0000029b31097800 JavaThread "Unconstrained build operations Thread 37" [_thread_blocked, id=7504, stack(0x000000ebc9000000,0x000000ebc9100000)]
  0x0000029b31092800 JavaThread "Unconstrained build operations Thread 38" [_thread_blocked, id=17000, stack(0x000000ebc9100000,0x000000ebc9200000)]
  0x0000029b31094800 JavaThread "Unconstrained build operations Thread 39" [_thread_blocked, id=7708, stack(0x000000ebc9200000,0x000000ebc9300000)]
  0x0000029b31092000 JavaThread "Unconstrained build operations Thread 40" [_thread_blocked, id=6276, stack(0x000000ebc9300000,0x000000ebc9400000)]
  0x0000029b31098800 JavaThread "Unconstrained build operations Thread 41" [_thread_blocked, id=12960, stack(0x000000ebc9400000,0x000000ebc9500000)]
  0x0000029b31095000 JavaThread "Unconstrained build operations Thread 42" [_thread_blocked, id=11032, stack(0x000000ebc9500000,0x000000ebc9600000)]
  0x0000029b31099000 JavaThread "Unconstrained build operations Thread 43" [_thread_blocked, id=15108, stack(0x000000ebc9600000,0x000000ebc9700000)]
  0x0000029b31096000 JavaThread "Unconstrained build operations Thread 44" [_thread_blocked, id=8892, stack(0x000000ebc9700000,0x000000ebc9800000)]
  0x0000029b31096800 JavaThread "Unconstrained build operations Thread 45" [_thread_blocked, id=8024, stack(0x000000ebc9800000,0x000000ebc9900000)]
  0x0000029b3109a000 JavaThread "Unconstrained build operations Thread 46" [_thread_blocked, id=8916, stack(0x000000ebc9900000,0x000000ebc9a00000)]
  0x0000029b2e30b000 JavaThread "Unconstrained build operations Thread 47" [_thread_blocked, id=14588, stack(0x000000ebc9a00000,0x000000ebc9b00000)]
  0x0000029b2e30c000 JavaThread "Unconstrained build operations Thread 48" [_thread_blocked, id=3940, stack(0x000000ebc9b00000,0x000000ebc9c00000)]
  0x0000029b2e30f000 JavaThread "Unconstrained build operations Thread 49" [_thread_blocked, id=15832, stack(0x000000ebc9c00000,0x000000ebc9d00000)]
  0x0000029b2e30c800 JavaThread "Unconstrained build operations Thread 50" [_thread_blocked, id=6164, stack(0x000000ebc9d00000,0x000000ebc9e00000)]
  0x0000029b2e30a000 JavaThread "Unconstrained build operations Thread 51" [_thread_blocked, id=15592, stack(0x000000ebc9e00000,0x000000ebc9f00000)]
  0x0000029b2e312800 JavaThread "Unconstrained build operations Thread 52" [_thread_blocked, id=11148, stack(0x000000ebc9f00000,0x000000ebca000000)]
  0x0000029b2e310000 JavaThread "Unconstrained build operations Thread 53" [_thread_blocked, id=9392, stack(0x000000ebca000000,0x000000ebca100000)]
  0x0000029b2e313000 JavaThread "Unconstrained build operations Thread 54" [_thread_blocked, id=17148, stack(0x000000ebca100000,0x000000ebca200000)]
  0x0000029b2e311000 JavaThread "Unconstrained build operations Thread 55" [_thread_blocked, id=5556, stack(0x000000ebca200000,0x000000ebca300000)]
  0x0000029b2e30d800 JavaThread "Unconstrained build operations Thread 56" [_thread_blocked, id=2424, stack(0x000000ebca300000,0x000000ebca400000)]
  0x0000029b2e311800 JavaThread "Unconstrained build operations Thread 57" [_thread_blocked, id=16968, stack(0x000000ebca400000,0x000000ebca500000)]
  0x0000029b2e314000 JavaThread "Unconstrained build operations Thread 58" [_thread_blocked, id=13584, stack(0x000000ebca800000,0x000000ebca900000)]
  0x0000029b2e30e800 JavaThread "Unconstrained build operations Thread 59" [_thread_blocked, id=528, stack(0x000000ebca900000,0x000000ebcaa00000)]
  0x0000029b2e315000 JavaThread "Unconstrained build operations Thread 60" [_thread_blocked, id=15148, stack(0x000000ebcaa00000,0x000000ebcab00000)]
  0x0000029b2e316800 JavaThread "build event listener" [_thread_blocked, id=17164, stack(0x000000ebcab00000,0x000000ebcac00000)]
  0x0000029b2e319000 JavaThread "pool-6-thread-1" [_thread_blocked, id=14844, stack(0x000000ebcac00000,0x000000ebcad00000)]
  0x0000029b2e317800 JavaThread "build event listener" [_thread_blocked, id=4768, stack(0x000000ebcad00000,0x000000ebcae00000)]
  0x0000029b2e318000 JavaThread "included builds" [_thread_blocked, id=2532, stack(0x000000ebcae00000,0x000000ebcaf00000)]
  0x0000029b2d063800 JavaThread "Execution worker" [_thread_in_vm, id=6908, stack(0x000000ebcaf00000,0x000000ebcb000000)]
  0x0000029b2d061000 JavaThread "Execution worker Thread 2" [_thread_blocked, id=3892, stack(0x000000ebcb000000,0x000000ebcb100000)]
  0x0000029b2d062000 JavaThread "Execution worker Thread 3" [_thread_blocked, id=16964, stack(0x000000ebcb100000,0x000000ebcb200000)]
  0x0000029b2d063000 JavaThread "Execution worker Thread 4" [_thread_blocked, id=9640, stack(0x000000ebcb200000,0x000000ebcb300000)]
  0x0000029b2d05e000 JavaThread "Execution worker Thread 5" [_thread_blocked, id=5824, stack(0x000000ebcb300000,0x000000ebcb400000)]
  0x0000029b2d064800 JavaThread "Cache worker for execution history cache (C:\Users\HI\AndroidStudioProjects\Caculator\.gradle\7.5\executionHistory)" [_thread_blocked, id=5140, stack(0x000000ebcb400000,0x000000ebcb500000)]

Other Threads:
  0x0000029b282a0000 VMThread "VM Thread" [stack: 0x000000ebc3900000,0x000000ebc3a00000] [id=17044]
  0x0000029b28d89800 WatcherThread [stack: 0x000000ebc4300000,0x000000ebc4400000] [id=11948]
  0x0000029b0e271800 GCTaskThread "GC Thread#0" [stack: 0x000000ebc3400000,0x000000ebc3500000] [id=16516]
  0x0000029b29832800 GCTaskThread "GC Thread#1" [stack: 0x000000ebc4500000,0x000000ebc4600000] [id=12804]
  0x0000029b2a39c800 GCTaskThread "GC Thread#2" [stack: 0x000000ebc4f00000,0x000000ebc5000000] [id=5012]
  0x0000029b2b01c800 GCTaskThread "GC Thread#3" [stack: 0x000000ebc5000000,0x000000ebc5100000] [id=292]
  0x0000029b2af52000 GCTaskThread "GC Thread#4" [stack: 0x000000ebc5100000,0x000000ebc5200000] [id=6580]
  0x0000029b2af52800 GCTaskThread "GC Thread#5" [stack: 0x000000ebc5200000,0x000000ebc5300000] [id=10436]
  0x0000029b0e2a3800 ConcurrentGCThread "G1 Main Marker" [stack: 0x000000ebc3500000,0x000000ebc3600000] [id=13496]
  0x0000029b0e2a6000 ConcurrentGCThread "G1 Conc#0" [stack: 0x000000ebc3600000,0x000000ebc3700000] [id=8460]
  0x0000029b2b1ef800 ConcurrentGCThread "G1 Conc#1" [stack: 0x000000ebc5500000,0x000000ebc5600000] [id=8508]
  0x0000029b280f0800 ConcurrentGCThread "G1 Refine#0" [stack: 0x000000ebc3700000,0x000000ebc3800000] [id=5652]
  0x0000029b280f1800 ConcurrentGCThread "G1 Young RemSet Sampling" [stack: 0x000000ebc3800000,0x000000ebc3900000] [id=12768]

Threads with active compile tasks:
C2 CompilerThread0    43769 13080 %     4       groovy.lang.MetaClassImpl::inheritInterfaceNewMetaMethods @ 100 (195 bytes)
C2 CompilerThread1    43769 13116       4       java.util.TreeMap::put (247 bytes)

VM state:not at safepoint (normal execution)

VM Mutex/Monitor currently owned by a thread: None

Heap address: 0x0000000080000000, size: 2048 MB, Compressed Oops mode: 32-bit
Narrow klass base: 0x0000000000000000, Narrow klass shift: 3
Compressed class space size: 1073741824 Address: 0x0000000100000000

Heap:
 garbage-first heap   total 305152K, used 244736K [0x0000000080000000, 0x0000000100000000)
  region size 1024K, 71 young (72704K), 10 survivors (10240K)
 Metaspace       used 110413K, capacity 113793K, committed 113916K, reserved 1148928K
  class space    used 13924K, capacity 15125K, committed 15232K, reserved 1048576K
Heap Regions: E=young(eden), S=young(survivor), O=old, HS=humongous(starts), HC=humongous(continues), CS=collection set, F=free, A=archive, TAMS=top-at-mark-start (previous, next)
|   0|0x0000000080000000, 0x0000000080100000, 0x0000000080100000|100%| O|  |TAMS 0x0000000080100000, 0x0000000080000000| Untracked 
|   1|0x0000000080100000, 0x0000000080200000, 0x0000000080200000|100%| O|  |TAMS 0x0000000080200000, 0x0000000080100000| Untracked 
|   2|0x0000000080200000, 0x0000000080300000, 0x0000000080300000|100%| O|  |TAMS 0x0000000080300000, 0x0000000080200000| Untracked 
|   3|0x0000000080300000, 0x0000000080400000, 0x0000000080400000|100%|HS|  |TAMS 0x0000000080400000, 0x0000000080300000| Complete 
|   4|0x0000000080400000, 0x0000000080500000, 0x0000000080500000|100%|HC|  |TAMS 0x0000000080500000, 0x0000000080400000| Complete 
|   5|0x0000000080500000, 0x0000000080600000, 0x0000000080600000|100%|HC|  |TAMS 0x0000000080600000, 0x0000000080500000| Complete 
|   6|0x0000000080600000, 0x0000000080700000, 0x0000000080700000|100%| O|  |TAMS 0x0000000080700000, 0x0000000080600000| Untracked 
|   7|0x0000000080700000, 0x0000000080800000, 0x0000000080800000|100%| O|  |TAMS 0x0000000080800000, 0x0000000080700000| Untracked 
|   8|0x0000000080800000, 0x0000000080900000, 0x0000000080900000|100%| O|  |TAMS 0x0000000080900000, 0x0000000080800000| Untracked 
|   9|0x0000000080900000, 0x0000000080a00000, 0x0000000080a00000|100%| O|  |TAMS 0x0000000080a00000, 0x0000000080900000| Untracked 
|  10|0x0000000080a00000, 0x0000000080b00000, 0x0000000080b00000|100%| O|  |TAMS 0x0000000080b00000, 0x0000000080a00000| Untracked 
|  11|0x0000000080b00000, 0x0000000080c00000, 0x0000000080c00000|100%| O|  |TAMS 0x0000000080c00000, 0x0000000080b00000| Untracked 
|  12|0x0000000080c00000, 0x0000000080d00000, 0x0000000080d00000|100%| O|  |TAMS 0x0000000080d00000, 0x0000000080c00000| Untracked 
|  13|0x0000000080d00000, 0x0000000080e00000, 0x0000000080e00000|100%| O|  |TAMS 0x0000000080e00000, 0x0000000080d00000| Untracked 
|  14|0x0000000080e00000, 0x0000000080f00000, 0x0000000080f00000|100%| O|  |TAMS 0x0000000080f00000, 0x0000000080e00000| Untracked 
|  15|0x0000000080f00000, 0x0000000081000000, 0x0000000081000000|100%| O|  |TAMS 0x0000000081000000, 0x0000000080f00000| Untracked 
|  16|0x0000000081000000, 0x0000000081100000, 0x0000000081100000|100%|HS|  |TAMS 0x0000000081100000, 0x0000000081000000| Complete 
|  17|0x0000000081100000, 0x0000000081200000, 0x0000000081200000|100%|HC|  |TAMS 0x0000000081200000, 0x0000000081100000| Complete 
|  18|0x0000000081200000, 0x0000000081300000, 0x0000000081300000|100%|HS|  |TAMS 0x0000000081300000, 0x0000000081200000| Complete 
|  19|0x0000000081300000, 0x0000000081400000, 0x0000000081400000|100%|HC|  |TAMS 0x0000000081400000, 0x0000000081300000| Complete 
|  20|0x0000000081400000, 0x0000000081500000, 0x0000000081500000|100%|HC|  |TAMS 0x0000000081500000, 0x0000000081400000| Complete 
|  21|0x0000000081500000, 0x0000000081600000, 0x0000000081600000|100%|HS|  |TAMS 0x0000000081600000, 0x0000000081500000| Complete 
|  22|0x0000000081600000, 0x0000000081700000, 0x0000000081700000|100%|HC|  |TAMS 0x0000000081700000, 0x0000000081600000| Complete 
|  23|0x0000000081700000, 0x0000000081800000, 0x0000000081800000|100%|HC|  |TAMS 0x0000000081800000, 0x0000000081700000| Complete 
|  24|0x0000000081800000, 0x0000000081900000, 0x0000000081900000|100%|HS|  |TAMS 0x0000000081900000, 0x0000000081800000| Complete 
|  25|0x0000000081900000, 0x0000000081a00000, 0x0000000081a00000|100%|HC|  |TAMS 0x0000000081a00000, 0x0000000081900000| Complete 
|  26|0x0000000081a00000, 0x0000000081b00000, 0x0000000081b00000|100%|HS|  |TAMS 0x0000000081b00000, 0x0000000081a00000| Complete 
|  27|0x0000000081b00000, 0x0000000081c00000, 0x0000000081c00000|100%|HC|  |TAMS 0x0000000081c00000, 0x0000000081b00000| Complete 
|  28|0x0000000081c00000, 0x0000000081d00000, 0x0000000081d00000|100%|HC|  |TAMS 0x0000000081d00000, 0x0000000081c00000| Complete 
|  29|0x0000000081d00000, 0x0000000081e00000, 0x0000000081e00000|100%|HC|  |TAMS 0x0000000081e00000, 0x0000000081d00000| Complete 
|  30|0x0000000081e00000, 0x0000000081f00000, 0x0000000081f00000|100%|HC|  |TAMS 0x0000000081f00000, 0x0000000081e00000| Complete 
|  31|0x0000000081f00000, 0x0000000082000000, 0x0000000082000000|100%|HC|  |TAMS 0x0000000082000000, 0x0000000081f00000| Complete 
|  32|0x0000000082000000, 0x0000000082100000, 0x0000000082100000|100%|HC|  |TAMS 0x0000000082100000, 0x0000000082000000| Complete 
|  33|0x0000000082100000, 0x0000000082200000, 0x0000000082200000|100%|HC|  |TAMS 0x0000000082200000, 0x0000000082100000| Complete 
|  34|0x0000000082200000, 0x0000000082300000, 0x0000000082300000|100%|HC|  |TAMS 0x0000000082300000, 0x0000000082200000| Complete 
|  35|0x0000000082300000, 0x0000000082400000, 0x0000000082400000|100%|HC|  |TAMS 0x0000000082400000, 0x0000000082300000| Complete 
|  36|0x0000000082400000, 0x0000000082500000, 0x0000000082500000|100%|HS|  |TAMS 0x0000000082500000, 0x0000000082400000| Complete 
|  37|0x0000000082500000, 0x0000000082600000, 0x0000000082600000|100%|HC|  |TAMS 0x0000000082600000, 0x0000000082500000| Complete 
|  38|0x0000000082600000, 0x0000000082700000, 0x0000000082700000|100%|HS|  |TAMS 0x0000000082700000, 0x0000000082600000| Complete 
|  39|0x0000000082700000, 0x0000000082800000, 0x0000000082800000|100%|HC|  |TAMS 0x0000000082800000, 0x0000000082700000| Complete 
|  40|0x0000000082800000, 0x0000000082900000, 0x0000000082900000|100%|HC|  |TAMS 0x0000000082900000, 0x0000000082800000| Complete 
|  41|0x0000000082900000, 0x0000000082a00000, 0x0000000082a00000|100%|HC|  |TAMS 0x0000000082a00000, 0x0000000082900000| Complete 
|  42|0x0000000082a00000, 0x0000000082b00000, 0x0000000082b00000|100%|HC|  |TAMS 0x0000000082b00000, 0x0000000082a00000| Complete 
|  43|0x0000000082b00000, 0x0000000082c00000, 0x0000000082c00000|100%| O|  |TAMS 0x0000000082c00000, 0x0000000082b00000| Untracked 
|  44|0x0000000082c00000, 0x0000000082d00000, 0x0000000082d00000|100%| O|  |TAMS 0x0000000082d00000, 0x0000000082c00000| Untracked 
|  45|0x0000000082d00000, 0x0000000082e00000, 0x0000000082e00000|100%| O|  |TAMS 0x0000000082e00000, 0x0000000082d00000| Untracked 
|  46|0x0000000082e00000, 0x0000000082f00000, 0x0000000082f00000|100%| O|  |TAMS 0x0000000082f00000, 0x0000000082e00000| Untracked 
|  47|0x0000000082f00000, 0x0000000083000000, 0x0000000083000000|100%| O|  |TAMS 0x0000000083000000, 0x0000000082f00000| Untracked 
|  48|0x0000000083000000, 0x0000000083100000, 0x0000000083100000|100%| O|  |TAMS 0x0000000083100000, 0x0000000083000000| Untracked 
|  49|0x0000000083100000, 0x0000000083200000, 0x0000000083200000|100%| O|  |TAMS 0x0000000083200000, 0x0000000083100000| Untracked 
|  50|0x0000000083200000, 0x0000000083300000, 0x0000000083300000|100%| O|  |TAMS 0x0000000083300000, 0x0000000083200000| Untracked 
|  51|0x0000000083300000, 0x0000000083400000, 0x0000000083400000|100%|HS|  |TAMS 0x0000000083400000, 0x0000000083300000| Complete 
|  52|0x0000000083400000, 0x0000000083500000, 0x0000000083500000|100%|HC|  |TAMS 0x0000000083500000, 0x0000000083400000| Complete 
|  53|0x0000000083500000, 0x0000000083600000, 0x0000000083600000|100%|HC|  |TAMS 0x0000000083600000, 0x0000000083500000| Complete 
|  54|0x0000000083600000, 0x0000000083700000, 0x0000000083700000|100%| O|  |TAMS 0x0000000083700000, 0x0000000083600000| Untracked 
|  55|0x0000000083700000, 0x0000000083800000, 0x0000000083800000|100%| O|  |TAMS 0x0000000083800000, 0x0000000083700000| Untracked 
|  56|0x0000000083800000, 0x0000000083900000, 0x0000000083900000|100%| O|  |TAMS 0x0000000083900000, 0x0000000083800000| Untracked 
|  57|0x0000000083900000, 0x0000000083a00000, 0x0000000083a00000|100%| O|  |TAMS 0x0000000083a00000, 0x0000000083900000| Untracked 
|  58|0x0000000083a00000, 0x0000000083b00000, 0x0000000083b00000|100%| O|  |TAMS 0x0000000083b00000, 0x0000000083a00000| Untracked 
|  59|0x0000000083b00000, 0x0000000083c00000, 0x0000000083c00000|100%|HS|  |TAMS 0x0000000083c00000, 0x0000000083b00000| Complete 
|  60|0x0000000083c00000, 0x0000000083d00000, 0x0000000083d00000|100%|HC|  |TAMS 0x0000000083d00000, 0x0000000083c00000| Complete 
|  61|0x0000000083d00000, 0x0000000083e00000, 0x0000000083e00000|100%|HC|  |TAMS 0x0000000083e00000, 0x0000000083d00000| Complete 
|  62|0x0000000083e00000, 0x0000000083f00000, 0x0000000083f00000|100%|HC|  |TAMS 0x0000000083f00000, 0x0000000083e00000| Complete 
|  63|0x0000000083f00000, 0x0000000084000000, 0x0000000084000000|100%|HC|  |TAMS 0x0000000084000000, 0x0000000083f00000| Complete 
|  64|0x0000000084000000, 0x0000000084100000, 0x0000000084100000|100%|HC|  |TAMS 0x0000000084100000, 0x0000000084000000| Complete 
|  65|0x0000000084100000, 0x0000000084200000, 0x0000000084200000|100%|HC|  |TAMS 0x0000000084200000, 0x0000000084100000| Complete 
|  66|0x0000000084200000, 0x0000000084300000, 0x0000000084300000|100%|HC|  |TAMS 0x0000000084300000, 0x0000000084200000| Complete 
|  67|0x0000000084300000, 0x0000000084400000, 0x0000000084400000|100%|HC|  |TAMS 0x0000000084400000, 0x0000000084300000| Complete 
|  68|0x0000000084400000, 0x0000000084500000, 0x0000000084500000|100%|HC|  |TAMS 0x0000000084500000, 0x0000000084400000| Complete 
|  69|0x0000000084500000, 0x0000000084600000, 0x0000000084600000|100%|HS|  |TAMS 0x0000000084600000, 0x0000000084500000| Complete 
|  70|0x0000000084600000, 0x0000000084700000, 0x0000000084700000|100%|HC|  |TAMS 0x0000000084700000, 0x0000000084600000| Complete 
|  71|0x0000000084700000, 0x0000000084800000, 0x0000000084800000|100%|HS|  |TAMS 0x0000000084800000, 0x0000000084700000| Complete 
|  72|0x0000000084800000, 0x0000000084900000, 0x0000000084900000|100%|HC|  |TAMS 0x0000000084900000, 0x0000000084800000| Complete 
|  73|0x0000000084900000, 0x0000000084a00000, 0x0000000084a00000|100%|HC|  |TAMS 0x0000000084a00000, 0x0000000084900000| Complete 
|  74|0x0000000084a00000, 0x0000000084b00000, 0x0000000084b00000|100%|HS|  |TAMS 0x0000000084b00000, 0x0000000084a00000| Complete 
|  75|0x0000000084b00000, 0x0000000084c00000, 0x0000000084c00000|100%|HC|  |TAMS 0x0000000084c00000, 0x0000000084b00000| Complete 
|  76|0x0000000084c00000, 0x0000000084d00000, 0x0000000084d00000|100%| O|  |TAMS 0x0000000084d00000, 0x0000000084c00000| Untracked 
|  77|0x0000000084d00000, 0x0000000084e00000, 0x0000000084e00000|100%| O|  |TAMS 0x0000000084e00000, 0x0000000084d00000| Untracked 
|  78|0x0000000084e00000, 0x0000000084f00000, 0x0000000084f00000|100%| O|  |TAMS 0x0000000084f00000, 0x0000000084e00000| Untracked 
|  79|0x0000000084f00000, 0x0000000085000000, 0x0000000085000000|100%| O|  |TAMS 0x0000000085000000, 0x0000000084f00000| Untracked 
|  80|0x0000000085000000, 0x0000000085100000, 0x0000000085100000|100%| O|  |TAMS 0x0000000085100000, 0x0000000085000000| Untracked 
|  81|0x0000000085100000, 0x0000000085200000, 0x0000000085200000|100%| O|  |TAMS 0x0000000085200000, 0x0000000085100000| Untracked 
|  82|0x0000000085200000, 0x0000000085300000, 0x0000000085300000|100%| O|  |TAMS 0x0000000085300000, 0x0000000085200000| Untracked 
|  83|0x0000000085300000, 0x0000000085400000, 0x0000000085400000|100%|HS|  |TAMS 0x0000000085400000, 0x0000000085300000| Complete 
|  84|0x0000000085400000, 0x0000000085500000, 0x0000000085500000|100%|HC|  |TAMS 0x0000000085500000, 0x0000000085400000| Complete 
|  85|0x0000000085500000, 0x0000000085600000, 0x0000000085600000|100%|HC|  |TAMS 0x0000000085600000, 0x0000000085500000| Complete 
|  86|0x0000000085600000, 0x0000000085700000, 0x0000000085700000|100%|HC|  |TAMS 0x0000000085700000, 0x0000000085600000| Complete 
|  87|0x0000000085700000, 0x0000000085800000, 0x0000000085800000|100%|HC|  |TAMS 0x0000000085800000, 0x0000000085700000| Complete 
|  88|0x0000000085800000, 0x0000000085900000, 0x0000000085900000|100%| O|  |TAMS 0x0000000085900000, 0x0000000085800000| Untracked 
|  89|0x0000000085900000, 0x0000000085a00000, 0x0000000085a00000|100%| O|  |TAMS 0x0000000085a00000, 0x0000000085900000| Untracked 
|  90|0x0000000085a00000, 0x0000000085b00000, 0x0000000085b00000|100%| O|  |TAMS 0x0000000085b00000, 0x0000000085a00000| Untracked 
|  91|0x0000000085b00000, 0x0000000085c00000, 0x0000000085c00000|100%| O|  |TAMS 0x0000000085c00000, 0x0000000085b00000| Untracked 
|  92|0x0000000085c00000, 0x0000000085d00000, 0x0000000085d00000|100%| O|  |TAMS 0x0000000085d00000, 0x0000000085c00000| Untracked 
|  93|0x0000000085d00000, 0x0000000085e00000, 0x0000000085e00000|100%| O|  |TAMS 0x0000000085e00000, 0x0000000085d00000| Untracked 
|  94|0x0000000085e00000, 0x0000000085f00000, 0x0000000085f00000|100%|HS|  |TAMS 0x0000000085f00000, 0x0000000085e00000| Complete 
|  95|0x0000000085f00000, 0x0000000086000000, 0x0000000086000000|100%| O|  |TAMS 0x0000000086000000, 0x0000000085f00000| Untracked 
|  96|0x0000000086000000, 0x0000000086100000, 0x0000000086100000|100%|HS|  |TAMS 0x0000000086100000, 0x0000000086000000| Complete 
|  97|0x0000000086100000, 0x0000000086200000, 0x0000000086200000|100%| O|  |TAMS 0x0000000086200000, 0x0000000086100000| Untracked 
|  98|0x0000000086200000, 0x0000000086300000, 0x0000000086300000|100%| O|  |TAMS 0x0000000086300000, 0x0000000086200000| Untracked 
|  99|0x0000000086300000, 0x0000000086400000, 0x0000000086400000|100%| O|  |TAMS 0x0000000086400000, 0x0000000086300000| Untracked 
| 100|0x0000000086400000, 0x0000000086500000, 0x0000000086500000|100%| O|  |TAMS 0x0000000086500000, 0x0000000086400000| Untracked 
| 101|0x0000000086500000, 0x0000000086600000, 0x0000000086600000|100%| O|  |TAMS 0x0000000086600000, 0x0000000086500000| Untracked 
| 102|0x0000000086600000, 0x0000000086700000, 0x0000000086700000|100%| O|  |TAMS 0x0000000086700000, 0x0000000086600000| Untracked 
| 103|0x0000000086700000, 0x0000000086800000, 0x0000000086800000|100%| O|  |TAMS 0x0000000086800000, 0x0000000086700000| Untracked 
| 104|0x0000000086800000, 0x0000000086900000, 0x0000000086900000|100%| O|  |TAMS 0x0000000086900000, 0x0000000086800000| Untracked 
| 105|0x0000000086900000, 0x0000000086a00000, 0x0000000086a00000|100%| O|  |TAMS 0x0000000086a00000, 0x0000000086900000| Untracked 
| 106|0x0000000086a00000, 0x0000000086b00000, 0x0000000086b00000|100%| O|  |TAMS 0x0000000086b00000, 0x0000000086a00000| Untracked 
| 107|0x0000000086b00000, 0x0000000086c00000, 0x0000000086c00000|100%| O|  |TAMS 0x0000000086c00000, 0x0000000086b00000| Untracked 
| 108|0x0000000086c00000, 0x0000000086d00000, 0x0000000086d00000|100%| O|  |TAMS 0x0000000086d00000, 0x0000000086c00000| Untracked 
| 109|0x0000000086d00000, 0x0000000086e00000, 0x0000000086e00000|100%| O|  |TAMS 0x0000000086e00000, 0x0000000086d00000| Untracked 
| 110|0x0000000086e00000, 0x0000000086f00000, 0x0000000086f00000|100%| O|  |TAMS 0x0000000086f00000, 0x0000000086e00000| Untracked 
| 111|0x0000000086f00000, 0x0000000087000000, 0x0000000087000000|100%| O|  |TAMS 0x0000000087000000, 0x0000000086f00000| Untracked 
| 112|0x0000000087000000, 0x0000000087100000, 0x0000000087100000|100%| O|  |TAMS 0x0000000087100000, 0x0000000087000000| Untracked 
| 113|0x0000000087100000, 0x0000000087200000, 0x0000000087200000|100%| O|  |TAMS 0x0000000087200000, 0x0000000087100000| Untracked 
| 114|0x0000000087200000, 0x0000000087300000, 0x0000000087300000|100%| O|  |TAMS 0x0000000087300000, 0x0000000087200000| Untracked 
| 115|0x0000000087300000, 0x0000000087400000, 0x0000000087400000|100%| O|  |TAMS 0x0000000087400000, 0x0000000087300000| Untracked 
| 116|0x0000000087400000, 0x0000000087500000, 0x0000000087500000|100%| O|  |TAMS 0x0000000087500000, 0x0000000087400000| Untracked 
| 117|0x0000000087500000, 0x0000000087600000, 0x0000000087600000|100%| O|  |TAMS 0x0000000087600000, 0x0000000087500000| Untracked 
| 118|0x0000000087600000, 0x0000000087700000, 0x0000000087700000|100%| O|  |TAMS 0x0000000087700000, 0x0000000087600000| Untracked 
| 119|0x0000000087700000, 0x0000000087800000, 0x0000000087800000|100%| O|  |TAMS 0x0000000087800000, 0x0000000087700000| Untracked 
| 120|0x0000000087800000, 0x0000000087900000, 0x0000000087900000|100%| O|  |TAMS 0x0000000087900000, 0x0000000087800000| Untracked 
| 121|0x0000000087900000, 0x0000000087a00000, 0x0000000087a00000|100%| O|  |TAMS 0x0000000087a00000, 0x0000000087900000| Untracked 
| 122|0x0000000087a00000, 0x0000000087b00000, 0x0000000087b00000|100%| O|  |TAMS 0x0000000087b00000, 0x0000000087a00000| Untracked 
| 123|0x0000000087b00000, 0x0000000087c00000, 0x0000000087c00000|100%|HS|  |TAMS 0x0000000087c00000, 0x0000000087b00000| Complete 
| 124|0x0000000087c00000, 0x0000000087d00000, 0x0000000087d00000|100%|HC|  |TAMS 0x0000000087d00000, 0x0000000087c00000| Complete 
| 125|0x0000000087d00000, 0x0000000087e00000, 0x0000000087e00000|100%|HS|  |TAMS 0x0000000087e00000, 0x0000000087d00000| Complete 
| 126|0x0000000087e00000, 0x0000000087f00000, 0x0000000087f00000|100%|HC|  |TAMS 0x0000000087f00000, 0x0000000087e00000| Complete 
| 127|0x0000000087f00000, 0x0000000088000000, 0x0000000088000000|100%|HC|  |TAMS 0x0000000088000000, 0x0000000087f00000| Complete 
| 128|0x0000000088000000, 0x0000000088100000, 0x0000000088100000|100%|HS|  |TAMS 0x0000000088100000, 0x0000000088000000| Complete 
| 129|0x0000000088100000, 0x0000000088200000, 0x0000000088200000|100%|HC|  |TAMS 0x0000000088200000, 0x0000000088100000| Complete 
| 130|0x0000000088200000, 0x0000000088300000, 0x0000000088300000|100%|HC|  |TAMS 0x0000000088300000, 0x0000000088200000| Complete 
| 131|0x0000000088300000, 0x0000000088400000, 0x0000000088400000|100%|HS|  |TAMS 0x0000000088400000, 0x0000000088300000| Complete 
| 132|0x0000000088400000, 0x0000000088500000, 0x0000000088500000|100%|HC|  |TAMS 0x0000000088500000, 0x0000000088400000| Complete 
| 133|0x0000000088500000, 0x0000000088600000, 0x0000000088600000|100%|HS|  |TAMS 0x0000000088600000, 0x0000000088500000| Complete 
| 134|0x0000000088600000, 0x0000000088700000, 0x0000000088700000|100%|HC|  |TAMS 0x0000000088700000, 0x0000000088600000| Complete 
| 135|0x0000000088700000, 0x0000000088800000, 0x0000000088800000|100%|HC|  |TAMS 0x0000000088800000, 0x0000000088700000| Complete 
| 136|0x0000000088800000, 0x0000000088900000, 0x0000000088900000|100%|HC|  |TAMS 0x0000000088900000, 0x0000000088800000| Complete 
| 137|0x0000000088900000, 0x0000000088a00000, 0x0000000088a00000|100%|HC|  |TAMS 0x0000000088a00000, 0x0000000088900000| Complete 
| 138|0x0000000088a00000, 0x0000000088b00000, 0x0000000088b00000|100%|HC|  |TAMS 0x0000000088b00000, 0x0000000088a00000| Complete 
| 139|0x0000000088b00000, 0x0000000088c00000, 0x0000000088c00000|100%|HC|  |TAMS 0x0000000088c00000, 0x0000000088b00000| Complete 
| 140|0x0000000088c00000, 0x0000000088d00000, 0x0000000088d00000|100%|HC|  |TAMS 0x0000000088d00000, 0x0000000088c00000| Complete 
| 141|0x0000000088d00000, 0x0000000088e00000, 0x0000000088e00000|100%|HC|  |TAMS 0x0000000088e00000, 0x0000000088d00000| Complete 
| 142|0x0000000088e00000, 0x0000000088f00000, 0x0000000088f00000|100%|HC|  |TAMS 0x0000000088f00000, 0x0000000088e00000| Complete 
| 143|0x0000000088f00000, 0x0000000089000000, 0x0000000089000000|100%|HS|  |TAMS 0x0000000089000000, 0x0000000088f00000| Complete 
| 144|0x0000000089000000, 0x0000000089100000, 0x0000000089100000|100%|HC|  |TAMS 0x0000000089100000, 0x0000000089000000| Complete 
| 145|0x0000000089100000, 0x0000000089200000, 0x0000000089200000|100%|HS|  |TAMS 0x0000000089200000, 0x0000000089100000| Complete 
| 146|0x0000000089200000, 0x0000000089300000, 0x0000000089300000|100%|HC|  |TAMS 0x0000000089300000, 0x0000000089200000| Complete 
| 147|0x0000000089300000, 0x0000000089400000, 0x0000000089400000|100%|HC|  |TAMS 0x0000000089400000, 0x0000000089300000| Complete 
| 148|0x0000000089400000, 0x0000000089500000, 0x0000000089500000|100%|HC|  |TAMS 0x0000000089500000, 0x0000000089400000| Complete 
| 149|0x0000000089500000, 0x0000000089600000, 0x0000000089600000|100%|HC|  |TAMS 0x0000000089600000, 0x0000000089500000| Complete 
| 150|0x0000000089600000, 0x0000000089700000, 0x0000000089700000|100%| O|  |TAMS 0x0000000089700000, 0x0000000089600000| Untracked 
| 151|0x0000000089700000, 0x0000000089800000, 0x0000000089800000|100%| O|  |TAMS 0x0000000089800000, 0x0000000089700000| Untracked 
| 152|0x0000000089800000, 0x0000000089900000, 0x0000000089900000|100%| O|  |TAMS 0x0000000089900000, 0x0000000089800000| Untracked 
| 153|0x0000000089900000, 0x0000000089a00000, 0x0000000089a00000|100%| O|  |TAMS 0x0000000089a00000, 0x0000000089900000| Untracked 
| 154|0x0000000089a00000, 0x0000000089b00000, 0x0000000089b00000|100%| O|  |TAMS 0x0000000089b00000, 0x0000000089a00000| Untracked 
| 155|0x0000000089b00000, 0x0000000089c00000, 0x0000000089c00000|100%| O|  |TAMS 0x0000000089c00000, 0x0000000089b00000| Untracked 
| 156|0x0000000089c00000, 0x0000000089d00000, 0x0000000089d00000|100%| O|  |TAMS 0x0000000089d00000, 0x0000000089c00000| Untracked 
| 157|0x0000000089d00000, 0x0000000089e00000, 0x0000000089e00000|100%| O|  |TAMS 0x0000000089e00000, 0x0000000089d00000| Untracked 
| 158|0x0000000089e00000, 0x0000000089f00000, 0x0000000089f00000|100%| O|  |TAMS 0x0000000089f00000, 0x0000000089e00000| Untracked 
| 159|0x0000000089f00000, 0x000000008a000000, 0x000000008a000000|100%| O|  |TAMS 0x000000008a000000, 0x0000000089f00000| Untracked 
| 160|0x000000008a000000, 0x000000008a100000, 0x000000008a100000|100%| O|  |TAMS 0x000000008a100000, 0x000000008a000000| Untracked 
| 161|0x000000008a100000, 0x000000008a200000, 0x000000008a200000|100%| O|  |TAMS 0x000000008a200000, 0x000000008a100000| Untracked 
| 162|0x000000008a200000, 0x000000008a300000, 0x000000008a300000|100%| O|  |TAMS 0x000000008a300000, 0x000000008a200000| Untracked 
| 163|0x000000008a300000, 0x000000008a400000, 0x000000008a400000|100%| O|  |TAMS 0x000000008a400000, 0x000000008a300000| Untracked 
| 164|0x000000008a400000, 0x000000008a500000, 0x000000008a500000|100%| O|  |TAMS 0x000000008a500000, 0x000000008a400000| Untracked 
| 165|0x000000008a500000, 0x000000008a600000, 0x000000008a600000|100%| O|  |TAMS 0x000000008a600000, 0x000000008a500000| Untracked 
| 166|0x000000008a600000, 0x000000008a700000, 0x000000008a700000|100%| O|  |TAMS 0x000000008a700000, 0x000000008a600000| Untracked 
| 167|0x000000008a700000, 0x000000008a800000, 0x000000008a800000|100%| O|  |TAMS 0x000000008a800000, 0x000000008a700000| Untracked 
| 168|0x000000008a800000, 0x000000008a900000, 0x000000008a900000|100%| O|  |TAMS 0x000000008a900000, 0x000000008a800000| Untracked 
| 169|0x000000008a900000, 0x000000008aa00000, 0x000000008aa00000|100%| O|  |TAMS 0x000000008aa00000, 0x000000008a900000| Untracked 
| 170|0x000000008aa00000, 0x000000008aa00000, 0x000000008ab00000|  0%| F|  |TAMS 0x000000008aa00000, 0x000000008aa00000| Untracked 
| 171|0x000000008ab00000, 0x000000008ab00000, 0x000000008ac00000|  0%| F|  |TAMS 0x000000008ab00000, 0x000000008ab00000| Untracked 
| 172|0x000000008ac00000, 0x000000008ac00000, 0x000000008ad00000|  0%| F|  |TAMS 0x000000008ac00000, 0x000000008ac00000| Untracked 
| 173|0x000000008ad00000, 0x000000008ad00000, 0x000000008ae00000|  0%| F|  |TAMS 0x000000008ad00000, 0x000000008ad00000| Untracked 
| 174|0x000000008ae00000, 0x000000008ae00000, 0x000000008af00000|  0%| F|  |TAMS 0x000000008ae00000, 0x000000008ae00000| Untracked 
| 175|0x000000008af00000, 0x000000008af00000, 0x000000008b000000|  0%| F|  |TAMS 0x000000008af00000, 0x000000008af00000| Untracked 
| 176|0x000000008b000000, 0x000000008b000000, 0x000000008b100000|  0%| F|  |TAMS 0x000000008b000000, 0x000000008b000000| Untracked 
| 177|0x000000008b100000, 0x000000008b100000, 0x000000008b200000|  0%| F|  |TAMS 0x000000008b100000, 0x000000008b100000| Untracked 
| 178|0x000000008b200000, 0x000000008b200000, 0x000000008b300000|  0%| F|  |TAMS 0x000000008b200000, 0x000000008b200000| Untracked 
| 179|0x000000008b300000, 0x000000008b300000, 0x000000008b400000|  0%| F|  |TAMS 0x000000008b300000, 0x000000008b300000| Untracked 
| 180|0x000000008b400000, 0x000000008b400000, 0x000000008b500000|  0%| F|  |TAMS 0x000000008b400000, 0x000000008b400000| Untracked 
| 181|0x000000008b500000, 0x000000008b500000, 0x000000008b600000|  0%| F|  |TAMS 0x000000008b500000, 0x000000008b500000| Untracked 
| 182|0x000000008b600000, 0x000000008b600000, 0x000000008b700000|  0%| F|  |TAMS 0x000000008b600000, 0x000000008b600000| Untracked 
| 183|0x000000008b700000, 0x000000008b700000, 0x000000008b800000|  0%| F|  |TAMS 0x000000008b700000, 0x000000008b700000| Untracked 
| 184|0x000000008b800000, 0x000000008b800000, 0x000000008b900000|  0%| F|  |TAMS 0x000000008b800000, 0x000000008b800000| Untracked 
| 185|0x000000008b900000, 0x000000008b900000, 0x000000008ba00000|  0%| F|  |TAMS 0x000000008b900000, 0x000000008b900000| Untracked 
| 186|0x000000008ba00000, 0x000000008ba00000, 0x000000008bb00000|  0%| F|  |TAMS 0x000000008ba00000, 0x000000008ba00000| Untracked 
| 187|0x000000008bb00000, 0x000000008bb00000, 0x000000008bc00000|  0%| F|  |TAMS 0x000000008bb00000, 0x000000008bb00000| Untracked 
| 188|0x000000008bc00000, 0x000000008bc00000, 0x000000008bd00000|  0%| F|  |TAMS 0x000000008bc00000, 0x000000008bc00000| Untracked 
| 189|0x000000008bd00000, 0x000000008bd00000, 0x000000008be00000|  0%| F|  |TAMS 0x000000008bd00000, 0x000000008bd00000| Untracked 
| 190|0x000000008be00000, 0x000000008be00000, 0x000000008bf00000|  0%| F|  |TAMS 0x000000008be00000, 0x000000008be00000| Untracked 
| 191|0x000000008bf00000, 0x000000008bf00000, 0x000000008c000000|  0%| F|  |TAMS 0x000000008bf00000, 0x000000008bf00000| Untracked 
| 192|0x000000008c000000, 0x000000008c000000, 0x000000008c100000|  0%| F|  |TAMS 0x000000008c000000, 0x000000008c000000| Untracked 
| 193|0x000000008c100000, 0x000000008c100000, 0x000000008c200000|  0%| F|  |TAMS 0x000000008c100000, 0x000000008c100000| Untracked 
| 194|0x000000008c200000, 0x000000008c200000, 0x000000008c300000|  0%| F|  |TAMS 0x000000008c200000, 0x000000008c200000| Untracked 
| 195|0x000000008c300000, 0x000000008c300000, 0x000000008c400000|  0%| F|  |TAMS 0x000000008c300000, 0x000000008c300000| Untracked 
| 196|0x000000008c400000, 0x000000008c400000, 0x000000008c500000|  0%| F|  |TAMS 0x000000008c400000, 0x000000008c400000| Untracked 
| 197|0x000000008c500000, 0x000000008c500000, 0x000000008c600000|  0%| F|  |TAMS 0x000000008c500000, 0x000000008c500000| Untracked 
| 198|0x000000008c600000, 0x000000008c600000, 0x000000008c700000|  0%| F|  |TAMS 0x000000008c600000, 0x000000008c600000| Untracked 
| 199|0x000000008c700000, 0x000000008c700000, 0x000000008c800000|  0%| F|  |TAMS 0x000000008c700000, 0x000000008c700000| Untracked 
| 200|0x000000008c800000, 0x000000008c800000, 0x000000008c900000|  0%| F|  |TAMS 0x000000008c800000, 0x000000008c800000| Untracked 
| 201|0x000000008c900000, 0x000000008c900000, 0x000000008ca00000|  0%| F|  |TAMS 0x000000008c900000, 0x000000008c900000| Untracked 
| 202|0x000000008ca00000, 0x000000008ca00000, 0x000000008cb00000|  0%| F|  |TAMS 0x000000008ca00000, 0x000000008ca00000| Untracked 
| 203|0x000000008cb00000, 0x000000008cb00000, 0x000000008cc00000|  0%| F|  |TAMS 0x000000008cb00000, 0x000000008cb00000| Untracked 
| 204|0x000000008cc00000, 0x000000008cc00000, 0x000000008cd00000|  0%| F|  |TAMS 0x000000008cc00000, 0x000000008cc00000| Untracked 
| 205|0x000000008cd00000, 0x000000008cd00000, 0x000000008ce00000|  0%| F|  |TAMS 0x000000008cd00000, 0x000000008cd00000| Untracked 
| 206|0x000000008ce00000, 0x000000008ce00000, 0x000000008cf00000|  0%| F|  |TAMS 0x000000008ce00000, 0x000000008ce00000| Untracked 
| 207|0x000000008cf00000, 0x000000008cf00000, 0x000000008d000000|  0%| F|  |TAMS 0x000000008cf00000, 0x000000008cf00000| Untracked 
| 208|0x000000008d000000, 0x000000008d000000, 0x000000008d100000|  0%| F|  |TAMS 0x000000008d000000, 0x000000008d000000| Untracked 
| 209|0x000000008d100000, 0x000000008d100000, 0x000000008d200000|  0%| F|  |TAMS 0x000000008d100000, 0x000000008d100000| Untracked 
| 210|0x000000008d200000, 0x000000008d200000, 0x000000008d300000|  0%| F|  |TAMS 0x000000008d200000, 0x000000008d200000| Untracked 
| 211|0x000000008d300000, 0x000000008d300000, 0x000000008d400000|  0%| F|  |TAMS 0x000000008d300000, 0x000000008d300000| Untracked 
| 212|0x000000008d400000, 0x000000008d400000, 0x000000008d500000|  0%| F|  |TAMS 0x000000008d400000, 0x000000008d400000| Untracked 
| 213|0x000000008d500000, 0x000000008d500000, 0x000000008d600000|  0%| F|  |TAMS 0x000000008d500000, 0x000000008d500000| Untracked 
| 214|0x000000008d600000, 0x000000008d600000, 0x000000008d700000|  0%| F|  |TAMS 0x000000008d600000, 0x000000008d600000| Untracked 
| 215|0x000000008d700000, 0x000000008d700000, 0x000000008d800000|  0%| F|  |TAMS 0x000000008d700000, 0x000000008d700000| Untracked 
| 216|0x000000008d800000, 0x000000008d800000, 0x000000008d900000|  0%| F|  |TAMS 0x000000008d800000, 0x000000008d800000| Untracked 
| 217|0x000000008d900000, 0x000000008d900000, 0x000000008da00000|  0%| F|  |TAMS 0x000000008d900000, 0x000000008d900000| Untracked 
| 218|0x000000008da00000, 0x000000008da00000, 0x000000008db00000|  0%| F|  |TAMS 0x000000008da00000, 0x000000008da00000| Untracked 
| 219|0x000000008db00000, 0x000000008db00000, 0x000000008dc00000|  0%| F|  |TAMS 0x000000008db00000, 0x000000008db00000| Untracked 
| 220|0x000000008dc00000, 0x000000008dd00000, 0x000000008dd00000|100%| S|CS|TAMS 0x000000008dc00000, 0x000000008dc00000| Complete 
| 221|0x000000008dd00000, 0x000000008de00000, 0x000000008de00000|100%| S|CS|TAMS 0x000000008dd00000, 0x000000008dd00000| Complete 
| 222|0x000000008de00000, 0x000000008df00000, 0x000000008df00000|100%| S|CS|TAMS 0x000000008de00000, 0x000000008de00000| Complete 
| 223|0x000000008df00000, 0x000000008e000000, 0x000000008e000000|100%| S|CS|TAMS 0x000000008df00000, 0x000000008df00000| Complete 
| 224|0x000000008e000000, 0x000000008e100000, 0x000000008e100000|100%| S|CS|TAMS 0x000000008e000000, 0x000000008e000000| Complete 
| 225|0x000000008e100000, 0x000000008e200000, 0x000000008e200000|100%| S|CS|TAMS 0x000000008e100000, 0x000000008e100000| Complete 
| 226|0x000000008e200000, 0x000000008e300000, 0x000000008e300000|100%| S|CS|TAMS 0x000000008e200000, 0x000000008e200000| Complete 
| 227|0x000000008e300000, 0x000000008e400000, 0x000000008e400000|100%| S|CS|TAMS 0x000000008e300000, 0x000000008e300000| Complete 
| 228|0x000000008e400000, 0x000000008e500000, 0x000000008e500000|100%| S|CS|TAMS 0x000000008e400000, 0x000000008e400000| Complete 
| 229|0x000000008e500000, 0x000000008e500000, 0x000000008e600000|  0%| F|  |TAMS 0x000000008e500000, 0x000000008e500000| Untracked 
| 230|0x000000008e600000, 0x000000008e700000, 0x000000008e700000|100%| S|CS|TAMS 0x000000008e600000, 0x000000008e600000| Complete 
| 231|0x000000008e700000, 0x000000008e700000, 0x000000008e800000|  0%| F|  |TAMS 0x000000008e700000, 0x000000008e700000| Untracked 
| 232|0x000000008e800000, 0x000000008e800000, 0x000000008e900000|  0%| F|  |TAMS 0x000000008e800000, 0x000000008e800000| Untracked 
| 233|0x000000008e900000, 0x000000008e900000, 0x000000008ea00000|  0%| F|  |TAMS 0x000000008e900000, 0x000000008e900000| Untracked 
| 234|0x000000008ea00000, 0x000000008ea00000, 0x000000008eb00000|  0%| F|  |TAMS 0x000000008ea00000, 0x000000008ea00000| Untracked 
| 235|0x000000008eb00000, 0x000000008eb00000, 0x000000008ec00000|  0%| F|  |TAMS 0x000000008eb00000, 0x000000008eb00000| Untracked 
| 236|0x000000008ec00000, 0x000000008ec00000, 0x000000008ed00000|  0%| F|  |TAMS 0x000000008ec00000, 0x000000008ec00000| Untracked 
| 237|0x000000008ed00000, 0x000000008edeec48, 0x000000008ee00000| 93%| E|  |TAMS 0x000000008ed00000, 0x000000008ed00000| Complete 
| 238|0x000000008ee00000, 0x000000008ef00000, 0x000000008ef00000|100%| E|CS|TAMS 0x000000008ee00000, 0x000000008ee00000| Complete 
| 239|0x000000008ef00000, 0x000000008effffc0, 0x000000008f000000| 99%| E|  |TAMS 0x000000008ef00000, 0x000000008ef00000| Complete 
| 240|0x000000008f000000, 0x000000008f100000, 0x000000008f100000|100%| E|CS|TAMS 0x000000008f000000, 0x000000008f000000| Complete 
| 241|0x000000008f100000, 0x000000008f200000, 0x000000008f200000|100%| E|CS|TAMS 0x000000008f100000, 0x000000008f100000| Complete 
| 242|0x000000008f200000, 0x000000008f300000, 0x000000008f300000|100%| E|CS|TAMS 0x000000008f200000, 0x000000008f200000| Complete 
| 243|0x000000008f300000, 0x000000008f400000, 0x000000008f400000|100%| E|CS|TAMS 0x000000008f300000, 0x000000008f300000| Complete 
| 244|0x000000008f400000, 0x000000008f500000, 0x000000008f500000|100%| E|CS|TAMS 0x000000008f400000, 0x000000008f400000| Complete 
| 245|0x000000008f500000, 0x000000008f600000, 0x000000008f600000|100%| E|CS|TAMS 0x000000008f500000, 0x000000008f500000| Complete 
| 246|0x000000008f600000, 0x000000008f700000, 0x000000008f700000|100%| E|CS|TAMS 0x000000008f600000, 0x000000008f600000| Complete 
| 247|0x000000008f700000, 0x000000008f800000, 0x000000008f800000|100%| E|CS|TAMS 0x000000008f700000, 0x000000008f700000| Complete 
| 248|0x000000008f800000, 0x000000008f900000, 0x000000008f900000|100%| E|CS|TAMS 0x000000008f800000, 0x000000008f800000| Complete 
| 249|0x000000008f900000, 0x000000008fa00000, 0x000000008fa00000|100%| E|CS|TAMS 0x000000008f900000, 0x000000008f900000| Complete 
| 250|0x000000008fa00000, 0x000000008fb00000, 0x000000008fb00000|100%| E|CS|TAMS 0x000000008fa00000, 0x000000008fa00000| Complete 
| 251|0x000000008fb00000, 0x000000008fc00000, 0x000000008fc00000|100%| E|CS|TAMS 0x000000008fb00000, 0x000000008fb00000| Complete 
| 252|0x000000008fc00000, 0x000000008fd00000, 0x000000008fd00000|100%| E|CS|TAMS 0x000000008fc00000, 0x000000008fc00000| Complete 
| 253|0x000000008fd00000, 0x000000008fe00000, 0x000000008fe00000|100%| E|CS|TAMS 0x000000008fd00000, 0x000000008fd00000| Complete 
| 254|0x000000008fe00000, 0x000000008ff00000, 0x000000008ff00000|100%| E|CS|TAMS 0x000000008fe00000, 0x000000008fe00000| Complete 
| 255|0x000000008ff00000, 0x0000000090000000, 0x0000000090000000|100%| E|CS|TAMS 0x000000008ff00000, 0x000000008ff00000| Complete 
| 256|0x0000000090000000, 0x0000000090100000, 0x0000000090100000|100%| E|CS|TAMS 0x0000000090000000, 0x0000000090000000| Complete 
| 257|0x0000000090100000, 0x0000000090200000, 0x0000000090200000|100%| E|CS|TAMS 0x0000000090100000, 0x0000000090100000| Complete 
| 258|0x0000000090200000, 0x0000000090300000, 0x0000000090300000|100%| E|CS|TAMS 0x0000000090200000, 0x0000000090200000| Complete 
| 259|0x0000000090300000, 0x0000000090400000, 0x0000000090400000|100%| E|CS|TAMS 0x0000000090300000, 0x0000000090300000| Complete 
| 260|0x0000000090400000, 0x0000000090500000, 0x0000000090500000|100%| E|CS|TAMS 0x0000000090400000, 0x0000000090400000| Complete 
| 261|0x0000000090500000, 0x0000000090600000, 0x0000000090600000|100%| E|CS|TAMS 0x0000000090500000, 0x0000000090500000| Complete 
| 262|0x0000000090600000, 0x0000000090700000, 0x0000000090700000|100%| E|CS|TAMS 0x0000000090600000, 0x0000000090600000| Complete 
| 263|0x0000000090700000, 0x0000000090800000, 0x0000000090800000|100%| E|CS|TAMS 0x0000000090700000, 0x0000000090700000| Complete 
| 264|0x0000000090800000, 0x0000000090900000, 0x0000000090900000|100%| E|CS|TAMS 0x0000000090800000, 0x0000000090800000| Complete 
| 265|0x0000000090900000, 0x0000000090a00000, 0x0000000090a00000|100%| E|CS|TAMS 0x0000000090900000, 0x0000000090900000| Complete 
| 266|0x0000000090a00000, 0x0000000090b00000, 0x0000000090b00000|100%| E|CS|TAMS 0x0000000090a00000, 0x0000000090a00000| Complete 
| 267|0x0000000090b00000, 0x0000000090c00000, 0x0000000090c00000|100%| E|CS|TAMS 0x0000000090b00000, 0x0000000090b00000| Complete 
| 268|0x0000000090c00000, 0x0000000090d00000, 0x0000000090d00000|100%| E|CS|TAMS 0x0000000090c00000, 0x0000000090c00000| Complete 
| 269|0x0000000090d00000, 0x0000000090e00000, 0x0000000090e00000|100%| E|CS|TAMS 0x0000000090d00000, 0x0000000090d00000| Complete 
| 270|0x0000000090e00000, 0x0000000090f00000, 0x0000000090f00000|100%| E|CS|TAMS 0x0000000090e00000, 0x0000000090e00000| Complete 
| 271|0x0000000090f00000, 0x0000000091000000, 0x0000000091000000|100%| E|CS|TAMS 0x0000000090f00000, 0x0000000090f00000| Complete 
| 272|0x0000000091000000, 0x0000000091100000, 0x0000000091100000|100%| E|CS|TAMS 0x0000000091000000, 0x0000000091000000| Complete 
| 273|0x0000000091100000, 0x0000000091200000, 0x0000000091200000|100%| E|CS|TAMS 0x0000000091100000, 0x0000000091100000| Complete 
| 274|0x0000000091200000, 0x0000000091300000, 0x0000000091300000|100%| E|CS|TAMS 0x0000000091200000, 0x0000000091200000| Complete 
| 275|0x0000000091300000, 0x0000000091400000, 0x0000000091400000|100%| E|CS|TAMS 0x0000000091300000, 0x0000000091300000| Complete 
| 276|0x0000000091400000, 0x0000000091500000, 0x0000000091500000|100%| E|CS|TAMS 0x0000000091400000, 0x0000000091400000| Complete 
| 277|0x0000000091500000, 0x0000000091600000, 0x0000000091600000|100%| E|CS|TAMS 0x0000000091500000, 0x0000000091500000| Complete 
| 278|0x0000000091600000, 0x0000000091700000, 0x0000000091700000|100%| E|CS|TAMS 0x0000000091600000, 0x0000000091600000| Complete 
| 279|0x0000000091700000, 0x0000000091800000, 0x0000000091800000|100%| E|CS|TAMS 0x0000000091700000, 0x0000000091700000| Complete 
| 280|0x0000000091800000, 0x0000000091900000, 0x0000000091900000|100%| E|CS|TAMS 0x0000000091800000, 0x0000000091800000| Complete 
| 281|0x0000000091900000, 0x0000000091a00000, 0x0000000091a00000|100%| E|CS|TAMS 0x0000000091900000, 0x0000000091900000| Complete 
| 282|0x0000000091a00000, 0x0000000091b00000, 0x0000000091b00000|100%| E|CS|TAMS 0x0000000091a00000, 0x0000000091a00000| Complete 
| 283|0x0000000091b00000, 0x0000000091c00000, 0x0000000091c00000|100%| E|CS|TAMS 0x0000000091b00000, 0x0000000091b00000| Complete 
| 284|0x0000000091c00000, 0x0000000091d00000, 0x0000000091d00000|100%| E|CS|TAMS 0x0000000091c00000, 0x0000000091c00000| Complete 
| 285|0x0000000091d00000, 0x0000000091e00000, 0x0000000091e00000|100%| E|CS|TAMS 0x0000000091d00000, 0x0000000091d00000| Complete 
| 286|0x0000000091e00000, 0x0000000091f00000, 0x0000000091f00000|100%| E|CS|TAMS 0x0000000091e00000, 0x0000000091e00000| Complete 
| 287|0x0000000091f00000, 0x0000000092000000, 0x0000000092000000|100%| E|CS|TAMS 0x0000000091f00000, 0x0000000091f00000| Complete 
| 288|0x0000000092000000, 0x0000000092100000, 0x0000000092100000|100%| E|CS|TAMS 0x0000000092000000, 0x0000000092000000| Complete 
| 289|0x0000000092100000, 0x0000000092200000, 0x0000000092200000|100%| E|CS|TAMS 0x0000000092100000, 0x0000000092100000| Complete 
| 290|0x0000000092200000, 0x0000000092300000, 0x0000000092300000|100%| E|CS|TAMS 0x0000000092200000, 0x0000000092200000| Complete 
| 291|0x0000000092300000, 0x0000000092400000, 0x0000000092400000|100%| E|CS|TAMS 0x0000000092300000, 0x0000000092300000| Complete 
| 292|0x0000000092400000, 0x0000000092500000, 0x0000000092500000|100%| E|CS|TAMS 0x0000000092400000, 0x0000000092400000| Complete 
| 293|0x0000000092500000, 0x0000000092600000, 0x0000000092600000|100%| E|CS|TAMS 0x0000000092500000, 0x0000000092500000| Complete 
| 294|0x0000000092600000, 0x0000000092700000, 0x0000000092700000|100%| E|CS|TAMS 0x0000000092600000, 0x0000000092600000| Complete 
| 295|0x0000000092700000, 0x0000000092800000, 0x0000000092800000|100%| E|CS|TAMS 0x0000000092700000, 0x0000000092700000| Complete 
| 296|0x0000000092800000, 0x0000000092900000, 0x0000000092900000|100%| E|CS|TAMS 0x0000000092800000, 0x0000000092800000| Complete 
| 297|0x0000000092900000, 0x0000000092a00000, 0x0000000092a00000|100%| E|CS|TAMS 0x0000000092900000, 0x0000000092900000| Complete 

Card table byte_map: [0x0000029b21280000,0x0000029b21680000] _byte_map_base: 0x0000029b20e80000

Marking Bits (Prev, Next): (CMBitMap*) 0x0000029b0e29a808, (CMBitMap*) 0x0000029b0e29a840
 Prev Bits: [0x0000029b21a80000, 0x0000029b23a80000)
 Next Bits: [0x0000029b23a80000, 0x0000029b25a80000)

Polling page: 0x0000029b0c200000

Metaspace:

Usage:
  Non-class:     96.42 MB capacity,    94.29 MB ( 98%) used,     1.77 MB (  2%) free+waste,   356.38 KB ( <1%) overhead. 
      Class:     14.80 MB capacity,    13.60 MB ( 92%) used,     1.04 MB (  7%) free+waste,   161.69 KB (  1%) overhead. 
       Both:    111.22 MB capacity,   107.90 MB ( 97%) used,     2.81 MB (  3%) free+waste,   518.06 KB ( <1%) overhead. 

Virtual space:
  Non-class space:       98.00 MB reserved,      96.62 MB ( 99%) committed 
      Class space:        1.00 GB reserved,      14.88 MB (  1%) committed 
             Both:        1.10 GB reserved,     111.50 MB ( 10%) committed 

Chunk freelists:
   Non-Class:  16.00 KB
       Class:  11.00 KB
        Both:  27.00 KB

MaxMetaspaceSize: 17179869184.00 GB
CompressedClassSpaceSize: 1.00 GB
Initial GC threshold: 20.80 MB
Current GC threshold: 184.37 MB
CDS: off

CodeHeap 'non-profiled nmethods': size=120064Kb used=7138Kb max_used=7138Kb free=112926Kb
 bounds [0x0000029b19830000, 0x0000029b19f30000, 0x0000029b20d70000]
CodeHeap 'profiled nmethods': size=120000Kb used=28709Kb max_used=28709Kb free=91290Kb
 bounds [0x0000029b12300000, 0x0000029b13f10000, 0x0000029b19830000]
CodeHeap 'non-nmethods': size=5696Kb used=2432Kb max_used=2488Kb free=3263Kb
 bounds [0x0000029b11d70000, 0x0000029b11ff0000, 0x0000029b12300000]
 total_blobs=14049 nmethods=13084 adapters=877
 compilation: enabled
              stopped_count=0, restarted_count=0
 full_count=0

Compilation events (20 events):
Event: 43.703 Thread 0x0000029b28c2d000 13192       2       org.gradle.api.DefaultTask::getOutputs (5 bytes)
Event: 43.703 Thread 0x0000029b28c2d000 nmethod 13192 0x0000029b13f03f10 code [0x0000029b13f040c0, 0x0000029b13f041b8]
Event: 43.704 Thread 0x0000029b28c2d000 13193       2       java.lang.invoke.MethodHandles::filterArgument (73 bytes)
Event: 43.705 Thread 0x0000029b28c2d000 nmethod 13193 0x0000029b13f04290 code [0x0000029b13f044c0, 0x0000029b13f048b8]
Event: 43.706 Thread 0x0000029b28c2d000 13194       2       java.lang.invoke.MethodHandles::filterArgumentChecks (43 bytes)
Event: 43.706 Thread 0x0000029b28c2d000 nmethod 13194 0x0000029b13f04c90 code [0x0000029b13f04e60, 0x0000029b13f05078]
Event: 43.708 Thread 0x0000029b28c2d000 13195       2       java.util.concurrent.atomic.AtomicLong::<init> (10 bytes)
Event: 43.709 Thread 0x0000029b28c2d000 nmethod 13195 0x0000029b13f05290 code [0x0000029b13f05440, 0x0000029b13f05558]
Event: 43.711 Thread 0x0000029b28c2d000 13196       2       com.google.common.collect.RegularImmutableSortedSet::<init> (11 bytes)
Event: 43.711 Thread 0x0000029b28c2d000 nmethod 13196 0x0000029b13f05610 code [0x0000029b13f057c0, 0x0000029b13f05978]
Event: 43.714 Thread 0x0000029b28c2d000 13197       2       java.io.WinNTFileSystem::parentOrNull (171 bytes)
Event: 43.716 Thread 0x0000029b28c2d000 nmethod 13197 0x0000029b13f05a10 code [0x0000029b13f05c60, 0x0000029b13f064e8]
Event: 43.716 Thread 0x0000029b28c2d000 13198  s    2       java.io.ExpiringCache::get (39 bytes)
Event: 43.716 Thread 0x0000029b28c2d000 nmethod 13198 0x0000029b13f06a90 code [0x0000029b13f06c60, 0x0000029b13f06f98]
Event: 43.716 Thread 0x0000029b28c2d000 13199       2       org.gradle.cache.internal.filelock.FileLockOutcome::<init> (5 bytes)
Event: 43.717 Thread 0x0000029b28c2d000 nmethod 13199 0x0000029b13f07090 code [0x0000029b13f07240, 0x0000029b13f07338]
Event: 43.717 Thread 0x0000029b28c2d000 13200       2       org.gradle.internal.event.DefaultListenerManager$EventBroadcast::buildAllWithLogger (57 bytes)
Event: 43.718 Thread 0x0000029b28c2d000 nmethod 13200 0x0000029b13f07410 code [0x0000029b13f07640, 0x0000029b13f07c88]
Event: 43.718 Thread 0x0000029b28c2d000 13201       2       org.gradle.internal.execution.fingerprint.impl.FingerprinterRegistration::hashCode (15 bytes)
Event: 43.718 Thread 0x0000029b28c2d000 nmethod 13201 0x0000029b13f08010 code [0x0000029b13f081e0, 0x0000029b13f08448]

GC Heap History (20 events):
Event: 22.726 GC heap before
{Heap before GC invocations=58 (full 0):
 garbage-first heap   total 210944K, used 175952K [0x0000000080000000, 0x0000000100000000)
  region size 1024K, 17 young (17408K), 2 survivors (2048K)
 Metaspace       used 85735K, capacity 87968K, committed 88188K, reserved 1126400K
  class space    used 11119K, capacity 11990K, committed 12032K, reserved 1048576K
}
Event: 22.729 GC heap after
{Heap after GC invocations=59 (full 0):
 garbage-first heap   total 210944K, used 160845K [0x0000000080000000, 0x0000000100000000)
  region size 1024K, 2 young (2048K), 2 survivors (2048K)
 Metaspace       used 85735K, capacity 87968K, committed 88188K, reserved 1126400K
  class space    used 11119K, capacity 11990K, committed 12032K, reserved 1048576K
}
Event: 23.087 GC heap before
{Heap before GC invocations=59 (full 0):
 garbage-first heap   total 210944K, used 176205K [0x0000000080000000, 0x0000000100000000)
  region size 1024K, 18 young (18432K), 2 survivors (2048K)
 Metaspace       used 86279K, capacity 88647K, committed 88828K, reserved 1126400K
  class space    used 11183K, capacity 12065K, committed 12160K, reserved 1048576K
}
Event: 23.092 GC heap after
{Heap after GC invocations=60 (full 0):
 garbage-first heap   total 210944K, used 161988K [0x0000000080000000, 0x0000000100000000)
  region size 1024K, 3 young (3072K), 3 survivors (3072K)
 Metaspace       used 86279K, capacity 88647K, committed 88828K, reserved 1126400K
  class space    used 11183K, capacity 12065K, committed 12160K, reserved 1048576K
}
Event: 23.374 GC heap before
{Heap before GC invocations=61 (full 0):
 garbage-first heap   total 210944K, used 178372K [0x0000000080000000, 0x0000000100000000)
  region size 1024K, 19 young (19456K), 3 survivors (3072K)
 Metaspace       used 86784K, capacity 89163K, committed 89468K, reserved 1126400K
  class space    used 11239K, capacity 12169K, committed 12288K, reserved 1048576K
}
Event: 23.381 GC heap after
{Heap after GC invocations=62 (full 0):
 garbage-first heap   total 253952K, used 162193K [0x0000000080000000, 0x0000000100000000)
  region size 1024K, 2 young (2048K), 2 survivors (2048K)
 Metaspace       used 86784K, capacity 89163K, committed 89468K, reserved 1126400K
  class space    used 11239K, capacity 12169K, committed 12288K, reserved 1048576K
}
Event: 23.931 GC heap before
{Heap before GC invocations=62 (full 0):
 garbage-first heap   total 253952K, used 199057K [0x0000000080000000, 0x0000000100000000)
  region size 1024K, 38 young (38912K), 2 survivors (2048K)
 Metaspace       used 88717K, capacity 91193K, committed 91388K, reserved 1128448K
  class space    used 11495K, capacity 12397K, committed 12416K, reserved 1048576K
}
Event: 23.939 GC heap after
{Heap after GC invocations=63 (full 0):
 garbage-first heap   total 253952K, used 164007K [0x0000000080000000, 0x0000000100000000)
  region size 1024K, 4 young (4096K), 4 survivors (4096K)
 Metaspace       used 88717K, capacity 91193K, committed 91388K, reserved 1128448K
  class space    used 11495K, capacity 12397K, committed 12416K, reserved 1048576K
}
Event: 24.177 GC heap before
{Heap before GC invocations=64 (full 0):
 garbage-first heap   total 253952K, used 202919K [0x0000000080000000, 0x0000000100000000)
  region size 1024K, 42 young (43008K), 4 survivors (4096K)
 Metaspace       used 91071K, capacity 93568K, committed 93692K, reserved 1130496K
  class space    used 11699K, capacity 12589K, committed 12672K, reserved 1048576K
}
Event: 24.183 GC heap after
{Heap after GC invocations=65 (full 0):
 garbage-first heap   total 253952K, used 164158K [0x0000000080000000, 0x0000000100000000)
  region size 1024K, 3 young (3072K), 3 survivors (3072K)
 Metaspace       used 91071K, capacity 93568K, committed 93692K, reserved 1130496K
  class space    used 11699K, capacity 12589K, committed 12672K, reserved 1048576K
}
Event: 25.333 GC heap before
{Heap before GC invocations=65 (full 0):
 garbage-first heap   total 253952K, used 205118K [0x0000000080000000, 0x0000000100000000)
  region size 1024K, 43 young (44032K), 3 survivors (3072K)
 Metaspace       used 96229K, capacity 98909K, committed 99068K, reserved 1134592K
  class space    used 12441K, capacity 13399K, committed 13440K, reserved 1048576K
}
Event: 25.343 GC heap after
{Heap after GC invocations=66 (full 0):
 garbage-first heap   total 253952K, used 165945K [0x0000000080000000, 0x0000000100000000)
  region size 1024K, 5 young (5120K), 5 survivors (5120K)
 Metaspace       used 96229K, capacity 98909K, committed 99068K, reserved 1134592K
  class space    used 12441K, capacity 13399K, committed 13440K, reserved 1048576K
}
Event: 26.700 GC heap before
{Heap before GC invocations=67 (full 0):
 garbage-first heap   total 253952K, used 207929K [0x0000000080000000, 0x0000000100000000)
  region size 1024K, 46 young (47104K), 5 survivors (5120K)
 Metaspace       used 100265K, capacity 103199K, committed 103292K, reserved 1138688K
  class space    used 12988K, capacity 14050K, committed 14080K, reserved 1048576K
}
Event: 26.714 GC heap after
{Heap after GC invocations=68 (full 0):
 garbage-first heap   total 305152K, used 168496K [0x0000000080000000, 0x0000000100000000)
  region size 1024K, 5 young (5120K), 5 survivors (5120K)
 Metaspace       used 100265K, capacity 103199K, committed 103292K, reserved 1138688K
  class space    used 12988K, capacity 14050K, committed 14080K, reserved 1048576K
}
Event: 28.449 GC heap before
{Heap before GC invocations=68 (full 0):
 garbage-first heap   total 305152K, used 238128K [0x0000000080000000, 0x0000000100000000)
  region size 1024K, 74 young (75776K), 5 survivors (5120K)
 Metaspace       used 102541K, capacity 105468K, committed 105596K, reserved 1140736K
  class space    used 13199K, capacity 14293K, committed 14336K, reserved 1048576K
}
Event: 28.469 GC heap after
{Heap after GC invocations=69 (full 0):
 garbage-first heap   total 305152K, used 174338K [0x0000000080000000, 0x0000000100000000)
  region size 1024K, 10 young (10240K), 10 survivors (10240K)
 Metaspace       used 102541K, capacity 105468K, committed 105596K, reserved 1140736K
  class space    used 13199K, capacity 14293K, committed 14336K, reserved 1048576K
}
Event: 29.834 GC heap before
{Heap before GC invocations=70 (full 0):
 garbage-first heap   total 305152K, used 243970K [0x0000000080000000, 0x0000000100000000)
  region size 1024K, 78 young (79872K), 10 survivors (10240K)
 Metaspace       used 104674K, capacity 107864K, committed 108156K, reserved 1142784K
  class space    used 13391K, capacity 14548K, committed 14592K, reserved 1048576K
}
Event: 29.865 GC heap after
{Heap after GC invocations=71 (full 0):
 garbage-first heap   total 305152K, used 179456K [0x0000000080000000, 0x0000000100000000)
  region size 1024K, 6 young (6144K), 6 survivors (6144K)
 Metaspace       used 104674K, capacity 107864K, committed 108156K, reserved 1142784K
  class space    used 13391K, capacity 14548K, committed 14592K, reserved 1048576K
}
Event: 43.119 GC heap before
{Heap before GC invocations=71 (full 0):
 garbage-first heap   total 305152K, used 247040K [0x0000000080000000, 0x0000000100000000)
  region size 1024K, 73 young (74752K), 6 survivors (6144K)
 Metaspace       used 109474K, capacity 112755K, committed 113020K, reserved 1146880K
  class space    used 13823K, capacity 15023K, committed 15104K, reserved 1048576K
}
Event: 43.149 GC heap after
{Heap after GC invocations=72 (full 0):
 garbage-first heap   total 305152K, used 184320K [0x0000000080000000, 0x0000000100000000)
  region size 1024K, 10 young (10240K), 10 survivors (10240K)
 Metaspace       used 109474K, capacity 112755K, committed 113020K, reserved 1146880K
  class space    used 13823K, capacity 15023K, committed 15104K, reserved 1048576K
}

Deoptimization events (20 events):
Event: 43.711 Thread 0x0000029b2d063800 Uncommon trap: trap_request=0xffffffde fr.pc=0x0000029b1993fc28 relative=0x00000000000002e8
Event: 43.711 Thread 0x0000029b2d063800 Uncommon trap: reason=class_check action=maybe_recompile pc=0x0000029b1993fc28 method=java.util.Collections$SetFromMap.remove(Ljava/lang/Object;)Z @ 5 c2
Event: 43.711 Thread 0x0000029b2d063800 DEOPT PACKING pc=0x0000029b1993fc28 sp=0x000000ebcaffe5d0
Event: 43.711 Thread 0x0000029b2d063800 DEOPT UNPACKING pc=0x0000029b11dba1af sp=0x000000ebcaffe5c8 mode 2
Event: 43.718 Thread 0x0000029b2d063800 Uncommon trap: trap_request=0xffffffde fr.pc=0x0000029b19b3a0ec relative=0x000000000000022c
Event: 43.718 Thread 0x0000029b2d063800 Uncommon trap: reason=class_check action=maybe_recompile pc=0x0000029b19b3a0ec method=java.util.stream.StreamOpFlag.fromCharacteristics(Ljava/util/Spliterator;)I @ 14 c2
Event: 43.718 Thread 0x0000029b2d063800 DEOPT PACKING pc=0x0000029b19b3a0ec sp=0x000000ebcaffdf90
Event: 43.718 Thread 0x0000029b2d063800 DEOPT UNPACKING pc=0x0000029b11dba1af sp=0x000000ebcaffde78 mode 2
Event: 43.718 Thread 0x0000029b2d063800 Uncommon trap: trap_request=0xffffffde fr.pc=0x0000029b19b3a0ec relative=0x000000000000022c
Event: 43.718 Thread 0x0000029b2d063800 Uncommon trap: reason=class_check action=maybe_recompile pc=0x0000029b19b3a0ec method=java.util.stream.StreamOpFlag.fromCharacteristics(Ljava/util/Spliterator;)I @ 14 c2
Event: 43.718 Thread 0x0000029b2d063800 DEOPT PACKING pc=0x0000029b19b3a0ec sp=0x000000ebcaffdf90
Event: 43.718 Thread 0x0000029b2d063800 DEOPT UNPACKING pc=0x0000029b11dba1af sp=0x000000ebcaffde78 mode 2
Event: 43.718 Thread 0x0000029b2d063800 Uncommon trap: trap_request=0xffffffde fr.pc=0x0000029b19b3a0ec relative=0x000000000000022c
Event: 43.718 Thread 0x0000029b2d063800 Uncommon trap: reason=class_check action=maybe_recompile pc=0x0000029b19b3a0ec method=java.util.stream.StreamOpFlag.fromCharacteristics(Ljava/util/Spliterator;)I @ 14 c2
Event: 43.718 Thread 0x0000029b2d063800 DEOPT PACKING pc=0x0000029b19b3a0ec sp=0x000000ebcaffdf90
Event: 43.718 Thread 0x0000029b2d063800 DEOPT UNPACKING pc=0x0000029b11dba1af sp=0x000000ebcaffde78 mode 2
Event: 43.723 Thread 0x0000029b2ee07800 Uncommon trap: trap_request=0xffffffc6 fr.pc=0x0000029b1994d42c relative=0x0000000000000ecc
Event: 43.723 Thread 0x0000029b2ee07800 Uncommon trap: reason=bimorphic_or_optimized_type_check action=maybe_recompile pc=0x0000029b1994d42c method=java.io.DataOutputStream.writeShort(I)V @ 12 c2
Event: 43.723 Thread 0x0000029b2ee07800 DEOPT PACKING pc=0x0000029b1994d42c sp=0x000000ebc6bfdde0
Event: 43.723 Thread 0x0000029b2ee07800 DEOPT UNPACKING pc=0x0000029b11dba1af sp=0x000000ebc6bfdde8 mode 2

Classes redefined (0 events):
No events

Internal exceptions (20 events):
Event: 43.647 Thread 0x0000029b2af85800 Exception <a 'java/lang/ClassNotFoundException'{0x000000008f596470}: com/android/build/gradle/internal/tasks/AppMetadataTask_DecoratedBeanInfo> (0x000000008f596470) thrown at [src/hotspot/share/classfile/systemDictionary.cpp, line 230]
Event: 43.648 Thread 0x0000029b2af85800 Exception <a 'java/lang/ClassNotFoundException'{0x000000008f5b06f0}: com/android/build/gradle/internal/tasks/AppMetadataTaskBeanInfo> (0x000000008f5b06f0) thrown at [src/hotspot/share/classfile/systemDictionary.cpp, line 230]
Event: 43.649 Thread 0x0000029b2af85800 Exception <a 'java/lang/ClassNotFoundException'{0x000000008f5ca9a8}: com/android/build/gradle/internal/tasks/AppMetadataTaskCustomizer> (0x000000008f5ca9a8) thrown at [src/hotspot/share/classfile/systemDictionary.cpp, line 230]
Event: 43.650 Thread 0x0000029b2af85800 Exception <a 'java/lang/ClassNotFoundException'{0x000000008f5fd5b8}: com/android/build/gradle/internal/tasks/AppMetadataTask_DecoratedCustomizer> (0x000000008f5fd5b8) thrown at [src/hotspot/share/classfile/systemDictionary.cpp, line 230]
Event: 43.654 Thread 0x0000029b2af85800 Exception <a 'java/lang/ClassNotFoundException'{0x000000008f499cf8}: com/android/build/gradle/internal/tasks/SigningConfigVersionsWriterTask_DecoratedBeanInfo> (0x000000008f499cf8) thrown at [src/hotspot/share/classfile/systemDictionary.cpp, line 230]
Event: 43.655 Thread 0x0000029b2af85800 Exception <a 'java/lang/ClassNotFoundException'{0x000000008f4b66c8}: com/android/build/gradle/internal/tasks/SigningConfigVersionsWriterTaskBeanInfo> (0x000000008f4b66c8) thrown at [src/hotspot/share/classfile/systemDictionary.cpp, line 230]
Event: 43.655 Thread 0x0000029b2af85800 Exception <a 'java/lang/ClassNotFoundException'{0x000000008f4d30d0}: com/android/build/gradle/internal/tasks/SigningConfigVersionsWriterTaskCustomizer> (0x000000008f4d30d0) thrown at [src/hotspot/share/classfile/systemDictionary.cpp, line 230]
Event: 43.656 Thread 0x0000029b2af85800 Exception <a 'java/lang/ClassNotFoundException'{0x000000008f30dfd0}: com/android/build/gradle/internal/tasks/SigningConfigVersionsWriterTask_DecoratedCustomizer> (0x000000008f30dfd0) thrown at [src/hotspot/share/classfile/systemDictionary.cpp, line 230]
Event: 43.661 Thread 0x0000029b2af85800 Exception <a 'java/lang/ClassNotFoundException'{0x000000008f3e6988}: com/android/build/gradle/tasks/PackageApplication_DecoratedBeanInfo> (0x000000008f3e6988) thrown at [src/hotspot/share/classfile/systemDictionary.cpp, line 230]
Event: 43.662 Thread 0x0000029b2af85800 Exception <a 'java/lang/ClassNotFoundException'{0x000000008f3ff7d0}: com/android/build/gradle/tasks/PackageApplicationBeanInfo> (0x000000008f3ff7d0) thrown at [src/hotspot/share/classfile/systemDictionary.cpp, line 230]
Event: 43.662 Thread 0x0000029b2af85800 Exception <a 'java/lang/ClassNotFoundException'{0x000000008f219bb8}: com/android/build/gradle/tasks/PackageAndroidArtifactBeanInfo> (0x000000008f219bb8) thrown at [src/hotspot/share/classfile/systemDictionary.cpp, line 230]
Event: 43.663 Thread 0x0000029b2af85800 Exception <a 'java/lang/ClassNotFoundException'{0x000000008f233cf0}: com/android/build/gradle/tasks/PackageAndroidArtifactCustomizer> (0x000000008f233cf0) thrown at [src/hotspot/share/classfile/systemDictionary.cpp, line 230]
Event: 43.665 Thread 0x0000029b2af85800 Exception <a 'java/lang/ClassNotFoundException'{0x000000008f29b438}: com/android/build/gradle/tasks/PackageApplicationCustomizer> (0x000000008f29b438) thrown at [src/hotspot/share/classfile/systemDictionary.cpp, line 230]
Event: 43.666 Thread 0x0000029b2af85800 Exception <a 'java/lang/ClassNotFoundException'{0x000000008f2d3578}: com/android/build/gradle/tasks/PackageApplication_DecoratedCustomizer> (0x000000008f2d3578) thrown at [src/hotspot/share/classfile/systemDictionary.cpp, line 230]
Event: 43.672 Thread 0x0000029b2af85800 Exception <a 'java/lang/ClassNotFoundException'{0x000000008f1b5b08}: com/android/build/gradle/internal/tasks/ListingFileRedirectTask_DecoratedBeanInfo> (0x000000008f1b5b08) thrown at [src/hotspot/share/classfile/systemDictionary.cpp, line 230]
Event: 43.672 Thread 0x0000029b2af85800 Exception <a 'java/lang/ClassNotFoundException'{0x000000008f1d1130}: com/android/build/gradle/internal/tasks/ListingFileRedirectTaskBeanInfo> (0x000000008f1d1130) thrown at [src/hotspot/share/classfile/systemDictionary.cpp, line 230]
Event: 43.673 Thread 0x0000029b2af85800 Exception <a 'java/lang/ClassNotFoundException'{0x000000008f1ec790}: com/android/build/gradle/internal/tasks/ListingFileRedirectTaskCustomizer> (0x000000008f1ec790) thrown at [src/hotspot/share/classfile/systemDictionary.cpp, line 230]
Event: 43.674 Thread 0x0000029b2af85800 Exception <a 'java/lang/ClassNotFoundException'{0x000000008f01be80}: com/android/build/gradle/internal/tasks/ListingFileRedirectTask_DecoratedCustomizer> (0x000000008f01be80) thrown at [src/hotspot/share/classfile/systemDictionary.cpp, line 230]
Event: 43.683 Thread 0x0000029b2af85800 Exception <a 'java/lang/NoSuchMethodError'{0x000000008f07ec70}: <clinit>> (0x000000008f07ec70) thrown at [src/hotspot/share/prims/jni.cpp, line 1367]
Event: 43.693 Thread 0x0000029b2af85800 Exception <a 'sun/nio/fs/WindowsException'{0x000000008f0eec30}> (0x000000008f0eec30) thrown at [src/hotspot/share/prims/jni.cpp, line 617]

Events (20 events):
Event: 43.712 loading class org/gradle/execution/plan/ValuedVfsHierarchy$2 done
Event: 43.714 Thread 0x0000029b2d064800 Thread added: 0x0000029b2d064800
Event: 43.715 Executing VM operation: ICBufferFull
Event: 43.715 Executing VM operation: ICBufferFull done
Event: 43.719 Executing VM operation: RevokeBias
Event: 43.719 Executing VM operation: RevokeBias done
Event: 43.719 Executing VM operation: RevokeBias
Event: 43.719 Executing VM operation: RevokeBias done
Event: 43.719 Executing VM operation: RevokeBias
Event: 43.719 Executing VM operation: RevokeBias done
Event: 43.719 Executing VM operation: RevokeBias
Event: 43.719 Executing VM operation: RevokeBias done
Event: 43.720 loading class org/gradle/api/internal/changedetection/TaskExecutionMode
Event: 43.720 loading class org/gradle/api/internal/changedetection/TaskExecutionMode done
Event: 43.725 loading class org/gradle/api/internal/tasks/execution/TaskExecution
Event: 43.725 loading class org/gradle/api/internal/tasks/execution/TaskExecution done
Event: 43.727 loading class org/gradle/api/internal/tasks/SnapshotTaskInputsBuildOperationType$Details
Event: 43.727 loading class org/gradle/api/internal/tasks/SnapshotTaskInputsBuildOperationType$Details done
Event: 43.727 loading class org/gradle/api/internal/tasks/TaskValidationContext
Event: 43.727 loading class org/gradle/api/internal/tasks/TaskValidationContext done


Dynamic libraries:
0x00007ff73fcb0000 - 0x00007ff73fcba000 	D:\FongAndroid\jbr\bin\java.exe
0x00007ffc09690000 - 0x00007ffc098a7000 	C:\WINDOWS\SYSTEM32\ntdll.dll
0x00007ffc08410000 - 0x00007ffc084d4000 	C:\WINDOWS\System32\KERNEL32.DLL
0x00007ffc06d60000 - 0x00007ffc07106000 	C:\WINDOWS\System32\KERNELBASE.dll
0x00007ffc069d0000 - 0x00007ffc06ae1000 	C:\WINDOWS\System32\ucrtbase.dll
0x00007ffc01e10000 - 0x00007ffc01e27000 	D:\FongAndroid\jbr\bin\jli.dll
0x00007ffbf5b30000 - 0x00007ffbf5b4b000 	D:\FongAndroid\jbr\bin\VCRUNTIME140.dll
0x00007ffc09300000 - 0x00007ffc094ae000 	C:\WINDOWS\System32\USER32.dll
0x00007ffbef700000 - 0x00007ffbef993000 	C:\WINDOWS\WinSxS\amd64_microsoft.windows.common-controls_6595b64144ccf1df_6.0.22621.2506_none_270c5ae97388e100\COMCTL32.dll
0x00007ffc072f0000 - 0x00007ffc07316000 	C:\WINDOWS\System32\win32u.dll
0x00007ffc08d40000 - 0x00007ffc08de7000 	C:\WINDOWS\System32\msvcrt.dll
0x00007ffc08fc0000 - 0x00007ffc08fe9000 	C:\WINDOWS\System32\GDI32.dll
0x00007ffc06c40000 - 0x00007ffc06d58000 	C:\WINDOWS\System32\gdi32full.dll
0x00007ffc06af0000 - 0x00007ffc06b8a000 	C:\WINDOWS\System32\msvcp_win.dll
0x00007ffc09530000 - 0x00007ffc09561000 	C:\WINDOWS\System32\IMM32.DLL
0x00007ffbeb170000 - 0x00007ffbeb1fd000 	D:\FongAndroid\jbr\bin\msvcp140.dll
0x00007ffbe1620000 - 0x00007ffbe162c000 	C:\WINDOWS\SYSTEM32\VCRUNTIME140_1.dll
0x00007ffbb4510000 - 0x00007ffbb50cc000 	D:\FongAndroid\jbr\bin\server\jvm.dll
0x00007ffc091c0000 - 0x00007ffc09273000 	C:\WINDOWS\System32\ADVAPI32.dll
0x00007ffc08c90000 - 0x00007ffc08d38000 	C:\WINDOWS\System32\sechost.dll
0x00007ffc06b90000 - 0x00007ffc06bb8000 	C:\WINDOWS\System32\bcrypt.dll
0x00007ffc082f0000 - 0x00007ffc08407000 	C:\WINDOWS\System32\RPCRT4.dll
0x00007ffc08e60000 - 0x00007ffc08e68000 	C:\WINDOWS\System32\PSAPI.DLL
0x00007ffbda160000 - 0x00007ffbda169000 	C:\WINDOWS\SYSTEM32\WSOCK32.dll
0x00007ffbffba0000 - 0x00007ffbffbd4000 	C:\WINDOWS\SYSTEM32\WINMM.dll
0x00007ffc094b0000 - 0x00007ffc09521000 	C:\WINDOWS\System32\WS2_32.dll
0x00007ffbfe230000 - 0x00007ffbfe23a000 	C:\WINDOWS\SYSTEM32\VERSION.dll
0x00007ffc05a00000 - 0x00007ffc05a18000 	C:\WINDOWS\SYSTEM32\kernel.appcore.dll
0x00007ffbda150000 - 0x00007ffbda160000 	D:\FongAndroid\jbr\bin\verify.dll
0x00007ffc04420000 - 0x00007ffc04653000 	C:\WINDOWS\SYSTEM32\DBGHELP.DLL
0x00007ffc08900000 - 0x00007ffc08c89000 	C:\WINDOWS\System32\combase.dll
0x00007ffc09570000 - 0x00007ffc09647000 	C:\WINDOWS\System32\OLEAUT32.dll
0x00007ffbe1480000 - 0x00007ffbe14b2000 	C:\WINDOWS\SYSTEM32\dbgcore.DLL
0x00007ffc06bc0000 - 0x00007ffc06c3a000 	C:\WINDOWS\System32\bcryptPrimitives.dll
0x00007ffbcebe0000 - 0x00007ffbcec08000 	D:\FongAndroid\jbr\bin\java.dll
0x00007ffbd74f0000 - 0x00007ffbd74fa000 	D:\FongAndroid\jbr\bin\jimage.dll
0x00007ffbd7490000 - 0x00007ffbd74a8000 	D:\FongAndroid\jbr\bin\zip.dll
0x00007ffc07520000 - 0x00007ffc07d7a000 	C:\WINDOWS\System32\SHELL32.dll
0x00007ffc04920000 - 0x00007ffc05216000 	C:\WINDOWS\SYSTEM32\windows.storage.dll
0x00007ffc047e0000 - 0x00007ffc0491e000 	C:\WINDOWS\SYSTEM32\wintypes.dll
0x00007ffc087e0000 - 0x00007ffc088d3000 	C:\WINDOWS\System32\SHCORE.dll
0x00007ffc08290000 - 0x00007ffc082ee000 	C:\WINDOWS\System32\shlwapi.dll
0x00007ffc06900000 - 0x00007ffc06926000 	C:\WINDOWS\SYSTEM32\profapi.dll
0x00007ffbcdfa0000 - 0x00007ffbcdfb9000 	D:\FongAndroid\jbr\bin\net.dll
0x00007ffbfe4d0000 - 0x00007ffbfe607000 	C:\WINDOWS\SYSTEM32\WINHTTP.dll
0x00007ffc05e80000 - 0x00007ffc05ee9000 	C:\WINDOWS\system32\mswsock.dll
0x00007ffbcdf80000 - 0x00007ffbcdf93000 	D:\FongAndroid\jbr\bin\nio.dll
0x00007ffc00b10000 - 0x00007ffc00b37000 	C:\Users\HI\.gradle\native\e1d6ef7f7dcc3fd88c89a11ec53ec762bb8ba0a96d01ffa2cd45eb1d1d8dd5c5\windows-amd64\native-platform.dll
0x00007ffbeb020000 - 0x00007ffbeb164000 	C:\Users\HI\.gradle\native\0d407fdbe67a94daf76414ababcb853783967236a71b16ec16e742cd7a986fd3\windows-amd64\native-platform-file-events.dll
0x00007ffc01f30000 - 0x00007ffc01f3a000 	D:\FongAndroid\jbr\bin\management.dll
0x00007ffc01f20000 - 0x00007ffc01f2b000 	D:\FongAndroid\jbr\bin\management_ext.dll
0x00007ffc060e0000 - 0x00007ffc060fb000 	C:\WINDOWS\SYSTEM32\CRYPTSP.dll
0x00007ffc05960000 - 0x00007ffc05995000 	C:\WINDOWS\system32\rsaenh.dll
0x00007ffc05f70000 - 0x00007ffc05f9c000 	C:\WINDOWS\SYSTEM32\USERENV.dll
0x00007ffc060d0000 - 0x00007ffc060dc000 	C:\WINDOWS\SYSTEM32\CRYPTBASE.dll
0x00007ffc05480000 - 0x00007ffc054ad000 	C:\WINDOWS\SYSTEM32\IPHLPAPI.DLL
0x00007ffc088f0000 - 0x00007ffc088f9000 	C:\WINDOWS\System32\NSI.dll
0x00007ffbfe4b0000 - 0x00007ffbfe4c9000 	C:\WINDOWS\SYSTEM32\dhcpcsvc6.DLL
0x00007ffbfe490000 - 0x00007ffbfe4af000 	C:\WINDOWS\SYSTEM32\dhcpcsvc.DLL
0x00007ffc054f0000 - 0x00007ffc055e9000 	C:\WINDOWS\SYSTEM32\DNSAPI.dll

dbghelp: loaded successfully - version: 4.0.5 - missing functions: none
symbol engine: initialized successfully - sym options: 0x614 - pdb path: .;D:\FongAndroid\jbr\bin;C:\WINDOWS\SYSTEM32;C:\WINDOWS\WinSxS\amd64_microsoft.windows.common-controls_6595b64144ccf1df_6.0.22621.2506_none_270c5ae97388e100;D:\FongAndroid\jbr\bin\server;C:\Users\HI\.gradle\native\e1d6ef7f7dcc3fd88c89a11ec53ec762bb8ba0a96d01ffa2cd45eb1d1d8dd5c5\windows-amd64;C:\Users\HI\.gradle\native\0d407fdbe67a94daf76414ababcb853783967236a71b16ec16e742cd7a986fd3\windows-amd64

VM Arguments:
jvm_args: --add-opens=java.base/java.util=ALL-UNNAMED --add-opens=java.base/java.lang=ALL-UNNAMED --add-opens=java.base/java.lang.invoke=ALL-UNNAMED --add-opens=java.base/java.util=ALL-UNNAMED --add-opens=java.prefs/java.util.prefs=ALL-UNNAMED --add-opens=java.prefs/java.util.prefs=ALL-UNNAMED --add-opens=java.base/java.nio.charset=ALL-UNNAMED --add-opens=java.base/java.net=ALL-UNNAMED --add-opens=java.base/java.util.concurrent.atomic=ALL-UNNAMED -Xmx2048m -Dfile.encoding=UTF-8 -Duser.country=US -Duser.language=en -Duser.variant 
java_command: org.gradle.launcher.daemon.bootstrap.GradleDaemon 7.5
java_class_path (initial): C:\Users\HI\.gradle\wrapper\dists\gradle-7.5-bin\f1w0cc9nuo0eivz97x2xlu9sv\gradle-7.5\lib\gradle-launcher-7.5.jar
Launcher Type: SUN_STANDARD

[Global flags]
     intx CICompilerCount                          = 3                                         {product} {ergonomic}
     uint ConcGCThreads                            = 2                                         {product} {ergonomic}
     uint G1ConcRefinementThreads                  = 6                                         {product} {ergonomic}
   size_t G1HeapRegionSize                         = 1048576                                   {product} {ergonomic}
    uintx GCDrainStackTargetSize                   = 64                                        {product} {ergonomic}
   size_t InitialHeapSize                          = 123731968                                 {product} {ergonomic}
   size_t MarkStackSize                            = 4194304                                   {product} {ergonomic}
   size_t MaxHeapSize                              = 2147483648                                {product} {command line}
   size_t MaxNewSize                               = 1287651328                                {product} {ergonomic}
   size_t MinHeapDeltaBytes                        = 1048576                                   {product} {ergonomic}
    uintx NonNMethodCodeHeapSize                   = 5830732                                {pd product} {ergonomic}
    uintx NonProfiledCodeHeapSize                  = 122913754                              {pd product} {ergonomic}
    uintx ProfiledCodeHeapSize                     = 122913754                              {pd product} {ergonomic}
    uintx ReservedCodeCacheSize                    = 251658240                              {pd product} {ergonomic}
     bool SegmentedCodeCache                       = true                                      {product} {ergonomic}
     bool UseCompressedClassPointers               = true                                 {lp64_product} {ergonomic}
     bool UseCompressedOops                        = true                                 {lp64_product} {ergonomic}
     bool UseG1GC                                  = true                                      {product} {ergonomic}
     bool UseLargePagesIndividualAllocation        = false                                  {pd product} {ergonomic}

Logging:
Log output configuration:
 #0: stdout all=warning uptime,level,tags
 #1: stderr all=off uptime,level,tags

Environment Variables:
JAVA_HOME=C:\Java\
PATH=C:\Program Files\Common Files\Oracle\Java\javapath;C:\Program Files (x86)\VMware\VMware Workstation\bin\;C:\Java\bin;C:\WINDOWS\system32;C:\WINDOWS;C:\WINDOWS\System32\Wbem;C:\WINDOWS\System32\WindowsPowerShell\v1.0\;C:\WINDOWS\System32\OpenSSH\;C:\MinGW\bin\;C:\TDM-GCC-64\bin;C:\Program Files\Microsoft SQL Server\Client SDK\ODBC\170\Tools\Binn\;C:\Program Files (x86)\Microsoft SQL Server\150\Tools\Binn\;C:\Program Files\Microsoft SQL Server\150\Tools\Binn\;C:\Program Files\Microsoft SQL Server\150\DTS\Binn\;C:\Program Files (x86)\Microsoft SQL Server\160\DTS\Binn\;C:\Program Files (x86)\Microsoft SQL Server\160\Tools\Binn\;C:\Program Files\Microsoft SQL Server\160\Tools\Binn\;C:\Program Files\Microsoft SQL Server\160\DTS\Binn\;D:\;C:\dart-sdk;C:\Program Files\dotnet\;C:\Program Files\Git\cmd;C:\Program Files\MySQL\MySQL Shell 8.0\bin\;D:\Scripts\;D:\;D:\python\Scripts\;D:\python\;C:\Users\HI\AppData\Local\Microsoft\WindowsApps;C:\Users\HI\AppData\Local\Programs\Microsoft VS Code\bin;C:\TDM-GCC-64\bin;D:\php\php;C:\Program Files\JetBrains\PyCharm Community Edition 2021.2.3\bin;;;C:\Program Files\Azure Data Studio\bin;C:\Users\HI\AppData\Roaming\npm;C:\Users\HI\.dotnet\tools;C:\Program Files\JetBrains\IntelliJ IDEA 2023.2.2\bin;;C:\Program Files\JetBrains\IntelliJ IDEA Educational Edition 2022.2.2\bin;;C:\Program Files\JetBrains\IntelliJ IDEA Community Edition 2023.2.2\bin;
USERNAME=HI
OS=Windows_NT
PROCESSOR_IDENTIFIER=AMD64 Family 23 Model 96 Stepping 1, AuthenticAMD



---------------  S Y S T E M  ---------------

OS: Windows 11 , 64 bit Build 22621 (10.0.22621.2506)
OS uptime: 0 days 0:57 hours

CPU:total 6 (initial active 6) (6 cores per cpu, 1 threads per core) family 23 model 96 stepping 1 microcode 0x0, cmov, cx8, fxsr, mmx, sse, sse2, sse3, ssse3, sse4.1, sse4.2, popcnt, avx, avx2, aes, clmul, mmxext, 3dnowpref, lzcnt, sse4a, tsc, tscinvbit, tscinv, bmi1, bmi2, adx, sha, fma

Memory: 4k page, system-wide physical 7542M (352M free)
TotalPageFile size 11638M (AvailPageFile size 9M)
current process WorkingSet (physical memory assigned to process): 494M, peak: 497M
current process commit charge ("private bytes"): 635M, peak: 641M

vm_info: OpenJDK 64-Bit Server VM (11.0.15+0-b2043.56-8887301) for windows-amd64 JRE (11.0.15+0-b2043.56-8887301), built on Jul 29 2022 23:19:47 by "builduser" with unknown MS VC++:1929

END.
