#
# There is insufficient memory for the Java Runtime Environment to continue.
# Native memory allocation (malloc) failed to allocate 65552 bytes for Chunk::new
# Possible reasons:
#   The system is out of physical RAM or swap space
#   The process is running with CompressedOops enabled, and the Java Heap may be blocking the growth of the native heap
# Possible solutions:
#   Reduce memory load on the system
#   Increase physical memory or swap space
#   Check if swap backing store is full
#   Decrease Java heap size (-Xmx/-Xms)
#   Decrease number of Java threads
#   Decrease Java thread stack sizes (-Xss)
#   Set larger code cache with -XX:ReservedCodeCacheSize=
#   JVM is running with Unscaled Compressed Oops mode in which the Java heap is
#     placed in the first 4GB address space. The Java Heap base address is the
#     maximum limit for the native heap growth. Please use -XX:HeapBaseMinAddress
#     to set the Java Heap base and to place the Java Heap above 4GB virtual address.
# This output file may be truncated or incomplete.
#
#  Out of Memory Error (arena.cpp:191), pid=4824, tid=12136
#
# JRE version: OpenJDK Runtime Environment (17.0.9) (build 17.0.9+0--11185874)
# Java VM: OpenJDK 64-Bit Server VM (17.0.9+0--11185874, mixed mode, tiered, compressed oops, compressed class ptrs, g1 gc, windows-amd64)
# No core dump will be written. Minidumps are not enabled by default on client versions of Windows
#

---------------  S U M M A R Y ------------

Command Line: --add-opens=java.base/java.util=ALL-UNNAMED --add-opens=java.base/java.lang=ALL-UNNAMED --add-opens=java.base/java.lang.invoke=ALL-UNNAMED --add-opens=java.prefs/java.util.prefs=ALL-UNNAMED --add-opens=java.base/java.nio.charset=ALL-UNNAMED --add-opens=java.base/java.net=ALL-UNNAMED --add-opens=java.base/java.util.concurrent.atomic=ALL-UNNAMED -Xmx2048m -Dfile.encoding=UTF-8 -Duser.country=US -Duser.language=en -Duser.variant -javaagent:C:\Users\HI\.gradle\wrapper\dists\gradle-8.4-bin\1w5dpkrfk8irigvoxmyhowfim\gradle-8.4\lib\agents\gradle-instrumentation-agent-8.4.jar org.gradle.launcher.daemon.bootstrap.GradleDaemon 8.4

Host: AMD Ryzen 5 4500U with Radeon Graphics         , 6 cores, 7G,  Windows 11 , 64 bit Build 22621 (10.0.22621.3235)
Time: Mon Mar 25 22:44:45 2024 SE Asia Standard Time elapsed time: 5.993232 seconds (0d 0h 0m 5s)

---------------  T H R E A D  ---------------

Current thread (0x00000125281af230):  JavaThread "C2 CompilerThread0" daemon [_thread_in_native, id=12136, stack(0x0000001976d00000,0x0000001976e00000)]


Current CompileTask:
C2:   5993 5815       4       java.lang.invoke.MethodType::makeImpl (109 bytes)

Stack: [0x0000001976d00000,0x0000001976e00000]
Native frames: (J=compiled Java code, j=interpreted, Vv=VM code, C=native code)
V  [jvm.dll+0x6886e9]
V  [jvm.dll+0x841e4a]
V  [jvm.dll+0x843a8e]
V  [jvm.dll+0x8440f3]
V  [jvm.dll+0x24c14f]
V  [jvm.dll+0xac44c]
V  [jvm.dll+0xaca9c]
V  [jvm.dll+0xac55b]
V  [jvm.dll+0x665a6c]
V  [jvm.dll+0x57d6ae]
V  [jvm.dll+0x57c883]
V  [jvm.dll+0x57c83c]
V  [jvm.dll+0x580060]
V  [jvm.dll+0x57faf7]
V  [jvm.dll+0x57f10e]
V  [jvm.dll+0x57f0d5]
V  [jvm.dll+0x57f121]
V  [jvm.dll+0x57f121]
V  [jvm.dll+0x57f121]
V  [jvm.dll+0x57f121]
V  [jvm.dll+0x57f121]
V  [jvm.dll+0x590faf]
V  [jvm.dll+0x226762]
V  [jvm.dll+0x21f95e]
V  [jvm.dll+0x21d0c1]
V  [jvm.dll+0x1a674d]
V  [jvm.dll+0x22d088]
V  [jvm.dll+0x22b1c0]
V  [jvm.dll+0x7f62f7]
V  [jvm.dll+0x7f06aa]
V  [jvm.dll+0x687565]
C  [ucrtbase.dll+0x29363]
C  [KERNEL32.DLL+0x1257d]
C  [ntdll.dll+0x5aa58]


---------------  P R O C E S S  ---------------

Threads class SMR info:
_java_thread_list=0x0000012530a28380, length=47, elements={
0x000001250e5fc6a0, 0x0000012528182010, 0x0000012528182e90, 0x000001252804dff0,
0x000001252804eac0, 0x00000125281ad160, 0x00000125281ae130, 0x00000125281af230,
0x00000125281b02f0, 0x00000125281b3930, 0x00000125282a55f0, 0x00000125283ff610,
0x000001252df3ceb0, 0x000001252e1be750, 0x000001252e024730, 0x000001252de4c050,
0x000001252de4c530, 0x000001252dd93ac0, 0x000001252dd93fd0, 0x000001252dd935b0,
0x000001252dd944e0, 0x000001252dd95410, 0x000001252dd96340, 0x000001252dd949f0,
0x000001252dd92b90, 0x000001252fa3c3e0, 0x000001252fa3dd30, 0x000001252fa3bed0,
0x000001252fa40fd0, 0x000001252fa3c8f0, 0x000001252fa41f00, 0x000001252fa3e750,
0x000001252fa414e0, 0x000001252fa40ac0, 0x000001252fa3d820, 0x000001252fa3ec60,
0x000001252fa3f680, 0x000001252fa405b0, 0x000001252fa3ce00, 0x000001252fa419f0,
0x000001252fa42410, 0x000001252fa3fb90, 0x000001252fa400a0, 0x000001252fa3b4b0,
0x000001252fa42e30, 0x000001252fa3b9c0, 0x0000012528e75880
}

Java Threads: ( => current thread )
  0x000001250e5fc6a0 JavaThread "main" [_thread_blocked, id=15108, stack(0x0000001976000000,0x0000001976100000)]
  0x0000012528182010 JavaThread "Reference Handler" daemon [_thread_blocked, id=16332, stack(0x0000001976700000,0x0000001976800000)]
  0x0000012528182e90 JavaThread "Finalizer" daemon [_thread_blocked, id=12704, stack(0x0000001976800000,0x0000001976900000)]
  0x000001252804dff0 JavaThread "Signal Dispatcher" daemon [_thread_blocked, id=14316, stack(0x0000001976900000,0x0000001976a00000)]
  0x000001252804eac0 JavaThread "Attach Listener" daemon [_thread_blocked, id=15536, stack(0x0000001976a00000,0x0000001976b00000)]
  0x00000125281ad160 JavaThread "Service Thread" daemon [_thread_blocked, id=16260, stack(0x0000001976b00000,0x0000001976c00000)]
  0x00000125281ae130 JavaThread "Monitor Deflation Thread" daemon [_thread_blocked, id=2332, stack(0x0000001976c00000,0x0000001976d00000)]
=>0x00000125281af230 JavaThread "C2 CompilerThread0" daemon [_thread_in_native, id=12136, stack(0x0000001976d00000,0x0000001976e00000)]
  0x00000125281b02f0 JavaThread "C1 CompilerThread0" daemon [_thread_blocked, id=7256, stack(0x0000001976e00000,0x0000001976f00000)]
  0x00000125281b3930 JavaThread "Sweeper thread" daemon [_thread_blocked, id=15840, stack(0x0000001976f00000,0x0000001977000000)]
  0x00000125282a55f0 JavaThread "Common-Cleaner" daemon [_thread_blocked, id=11752, stack(0x0000001977000000,0x0000001977100000)]
  0x00000125283ff610 JavaThread "Notification Thread" daemon [_thread_blocked, id=8584, stack(0x0000001977100000,0x0000001977200000)]
  0x000001252df3ceb0 JavaThread "Daemon health stats" [_thread_blocked, id=14548, stack(0x0000001977700000,0x0000001977800000)]
  0x000001252e1be750 JavaThread "Incoming local TCP Connector on port 50264" [_thread_in_native, id=15716, stack(0x0000001977800000,0x0000001977900000)]
  0x000001252e024730 JavaThread "Daemon periodic checks" [_thread_blocked, id=1876, stack(0x0000001977900000,0x0000001977a00000)]
  0x000001252de4c050 JavaThread "Daemon" [_thread_blocked, id=9612, stack(0x0000001977a00000,0x0000001977b00000)]
  0x000001252de4c530 JavaThread "Handler for socket connection from /127.0.0.1:50264 to /127.0.0.1:50266" [_thread_in_native, id=8636, stack(0x0000001977b00000,0x0000001977c00000)]
  0x000001252dd93ac0 JavaThread "Cancel handler" [_thread_blocked, id=15320, stack(0x0000001977c00000,0x0000001977d00000)]
  0x000001252dd93fd0 JavaThread "Daemon worker" [_thread_in_native, id=15824, stack(0x0000001977d00000,0x0000001977e00000)]
  0x000001252dd935b0 JavaThread "Asynchronous log dispatcher for DefaultDaemonConnection: socket connection from /127.0.0.1:50264 to /127.0.0.1:50266" [_thread_blocked, id=14724, stack(0x0000001977e00000,0x0000001977f00000)]
  0x000001252dd944e0 JavaThread "Stdin handler" [_thread_blocked, id=16268, stack(0x0000001977f00000,0x0000001978000000)]
  0x000001252dd95410 JavaThread "Daemon client event forwarder" [_thread_blocked, id=2652, stack(0x0000001978000000,0x0000001978100000)]
  0x000001252dd96340 JavaThread "Cache worker for journal cache (C:\Users\HI\.gradle\caches\journal-1)" [_thread_blocked, id=7780, stack(0x0000001978300000,0x0000001978400000)]
  0x000001252dd949f0 JavaThread "File lock request listener" [_thread_in_native, id=1900, stack(0x0000001978400000,0x0000001978500000)]
  0x000001252dd92b90 JavaThread "Cache worker for file hash cache (C:\Users\HI\.gradle\caches\8.4\fileHashes)" [_thread_blocked, id=13288, stack(0x0000001978500000,0x0000001978600000)]
  0x000001252fa3c3e0 JavaThread "File watcher server" daemon [_thread_in_native, id=4704, stack(0x0000001978600000,0x0000001978700000)]
  0x000001252fa3dd30 JavaThread "File watcher consumer" daemon [_thread_blocked, id=10564, stack(0x0000001978700000,0x0000001978800000)]
  0x000001252fa3bed0 JavaThread "Cache worker for checksums cache (C:\Users\HI\AndroidStudioProjects\TablayoutCRUD\.gradle\8.4\checksums)" [_thread_blocked, id=13084, stack(0x0000001978800000,0x0000001978900000)]
  0x000001252fa40fd0 JavaThread "Cache worker for file hash cache (C:\Users\HI\AndroidStudioProjects\TablayoutCRUD\.gradle\8.4\fileHashes)" [_thread_blocked, id=11084, stack(0x0000001978900000,0x0000001978a00000)]
  0x000001252fa3c8f0 JavaThread "Cache worker for cache directory md-supplier (C:\Users\HI\.gradle\caches\8.4\md-supplier)" [_thread_blocked, id=13296, stack(0x0000001978a00000,0x0000001978b00000)]
  0x000001252fa41f00 JavaThread "Cache worker for file content cache (C:\Users\HI\.gradle\caches\8.4\fileContent)" [_thread_blocked, id=16064, stack(0x0000001978b00000,0x0000001978c00000)]
  0x000001252fa3e750 JavaThread "Cache worker for cache directory md-rule (C:\Users\HI\.gradle\caches\8.4\md-rule)" [_thread_blocked, id=13696, stack(0x0000001978c00000,0x0000001978d00000)]
  0x000001252fa414e0 JavaThread "Cache worker for execution history cache (C:\Users\HI\.gradle\caches\8.4\executionHistory)" [_thread_blocked, id=4720, stack(0x0000001978d00000,0x0000001978e00000)]
  0x000001252fa40ac0 JavaThread "Cache worker for kotlin-dsl (C:\Users\HI\.gradle\caches\8.4\kotlin-dsl)" [_thread_blocked, id=2844, stack(0x0000001978f00000,0x0000001979000000)]
  0x000001252fa3d820 JavaThread "jar transforms" [_thread_blocked, id=12920, stack(0x0000001979000000,0x0000001979100000)]
  0x000001252fa3ec60 JavaThread "jar transforms Thread 2" [_thread_blocked, id=4356, stack(0x0000001979100000,0x0000001979200000)]
  0x000001252fa3f680 JavaThread "jar transforms Thread 3" [_thread_blocked, id=9244, stack(0x0000001979200000,0x0000001979300000)]
  0x000001252fa405b0 JavaThread "jar transforms Thread 4" [_thread_blocked, id=2672, stack(0x0000001979300000,0x0000001979400000)]
  0x000001252fa3ce00 JavaThread "Cache worker for dependencies-accessors (C:\Users\HI\AndroidStudioProjects\TablayoutCRUD\.gradle\8.4\dependencies-accessors)" [_thread_blocked, id=8668, stack(0x0000001979400000,0x0000001979500000)]
  0x000001252fa419f0 JavaThread "Cache worker for Build Output Cleanup Cache (C:\Users\HI\AndroidStudioProjects\TablayoutCRUD\.gradle\buildOutputCleanup)" [_thread_blocked, id=15208, stack(0x0000001979500000,0x0000001979600000)]
  0x000001252fa42410 JavaThread "jar transforms Thread 5" [_thread_blocked, id=13276, stack(0x0000001979600000,0x0000001979700000)]
  0x000001252fa3fb90 JavaThread "jar transforms Thread 6" [_thread_blocked, id=12384, stack(0x0000001979700000,0x0000001979800000)]
  0x000001252fa400a0 JavaThread "Unconstrained build operations" [_thread_blocked, id=12364, stack(0x0000001979800000,0x0000001979900000)]
  0x000001252fa3b4b0 JavaThread "Unconstrained build operations Thread 2" [_thread_blocked, id=8608, stack(0x0000001979900000,0x0000001979a00000)]
  0x000001252fa42e30 JavaThread "Unconstrained build operations Thread 3" [_thread_blocked, id=14348, stack(0x0000001979a00000,0x0000001979b00000)]
  0x000001252fa3b9c0 JavaThread "Unconstrained build operations Thread 4" [_thread_blocked, id=1808, stack(0x0000001979b00000,0x0000001979c00000)]
  0x0000012528e75880 JavaThread "Unconstrained build operations Thread 5" [_thread_blocked, id=14744, stack(0x0000001979c00000,0x0000001979d00000)]

Other Threads:
  0x000001252802dca0 VMThread "VM Thread" [stack: 0x0000001976600000,0x0000001976700000] [id=5204]
  0x000001250e5fd520 WatcherThread [stack: 0x0000001977200000,0x0000001977300000] [id=12496]
  0x000001250e659170 GCTaskThread "GC Thread#0" [stack: 0x0000001976100000,0x0000001976200000] [id=11292]
  0x000001252d4ea180 GCTaskThread "GC Thread#1" [stack: 0x0000001977300000,0x0000001977400000] [id=13936]
  0x000001252d204ac0 GCTaskThread "GC Thread#2" [stack: 0x0000001977400000,0x0000001977500000] [id=15788]
  0x000001252d0c8400 GCTaskThread "GC Thread#3" [stack: 0x0000001977500000,0x0000001977600000] [id=15268]
  0x000001252d1fee40 GCTaskThread "GC Thread#4" [stack: 0x0000001977600000,0x0000001977700000] [id=3800]
  0x000001252de05dc0 GCTaskThread "GC Thread#5" [stack: 0x0000001978100000,0x0000001978200000] [id=11616]
  0x000001250e66a0c0 ConcurrentGCThread "G1 Main Marker" [stack: 0x0000001976200000,0x0000001976300000] [id=4312]
  0x000001250e66aae0 ConcurrentGCThread "G1 Conc#0" [stack: 0x0000001976300000,0x0000001976400000] [id=1400]
  0x000001252dbff410 ConcurrentGCThread "G1 Conc#1" [stack: 0x0000001978200000,0x0000001978300000] [id=7340]
  0x0000012527e820c0 ConcurrentGCThread "G1 Refine#0" [stack: 0x0000001976400000,0x0000001976500000] [id=10596]
  0x000001252f9e0070 ConcurrentGCThread "G1 Refine#1" [stack: 0x0000001978e00000,0x0000001978f00000] [id=7840]
  0x0000012527e82af0 ConcurrentGCThread "G1 Service" [stack: 0x0000001976500000,0x0000001976600000] [id=5068]

Threads with active compile tasks:
C2 CompilerThread0     6013 5815       4       java.lang.invoke.MethodType::makeImpl (109 bytes)

VM state: not at safepoint (normal execution)

VM Mutex/Monitor currently owned by a thread: None

Heap address: 0x0000000080000000, size: 2048 MB, Compressed Oops mode: 32-bit

CDS archive(s) not mapped
Compressed class space mapped at: 0x0000000100000000-0x0000000140000000, reserved size: 1073741824
Narrow klass base: 0x0000000000000000, Narrow klass shift: 3, Narrow klass range: 0x140000000

GC Precious Log:
 CPUs: 6 total, 6 available
 Memory: 7542M
 Large Page Support: Disabled
 NUMA Support: Disabled
 Compressed Oops: Enabled (32-bit)
 Heap Region Size: 1M
 Heap Min Capacity: 8M
 Heap Initial Capacity: 118M
 Heap Max Capacity: 2G
 Pre-touch: Disabled
 Parallel Workers: 6
 Concurrent Workers: 2
 Concurrent Refinement Workers: 6
 Periodic GC: Disabled

Heap:
 garbage-first heap   total 86016K, used 54049K [0x0000000080000000, 0x0000000100000000)
  region size 1024K, 23 young (23552K), 5 survivors (5120K)
 Metaspace       used 55810K, committed 56384K, reserved 1114112K
  class space    used 7660K, committed 7936K, reserved 1048576K

Heap Regions: E=young(eden), S=young(survivor), O=old, HS=humongous(starts), HC=humongous(continues), CS=collection set, F=free, OA=open archive, CA=closed archive, TAMS=top-at-mark-start (previous, next)
|   0|0x0000000080000000, 0x0000000080100000, 0x0000000080100000|100%|HS|  |TAMS 0x0000000080100000, 0x0000000080000000| Complete 
|   1|0x0000000080100000, 0x0000000080200000, 0x0000000080200000|100%|HC|  |TAMS 0x0000000080200000, 0x0000000080100000| Complete 
|   2|0x0000000080200000, 0x0000000080300000, 0x0000000080300000|100%|HC|  |TAMS 0x0000000080300000, 0x0000000080200000| Complete 
|   3|0x0000000080300000, 0x0000000080400000, 0x0000000080400000|100%|HC|  |TAMS 0x0000000080400000, 0x0000000080300000| Complete 
|   4|0x0000000080400000, 0x0000000080500000, 0x0000000080500000|100%| O|  |TAMS 0x0000000080500000, 0x0000000080400000| Untracked 
|   5|0x0000000080500000, 0x0000000080600000, 0x0000000080600000|100%| O|  |TAMS 0x0000000080600000, 0x0000000080500000| Untracked 
|   6|0x0000000080600000, 0x0000000080700000, 0x0000000080700000|100%| O|  |TAMS 0x0000000080700000, 0x0000000080600000| Untracked 
|   7|0x0000000080700000, 0x0000000080800000, 0x0000000080800000|100%| O|  |TAMS 0x0000000080800000, 0x0000000080700000| Untracked 
|   8|0x0000000080800000, 0x0000000080900000, 0x0000000080900000|100%| O|  |TAMS 0x0000000080900000, 0x0000000080800000| Untracked 
|   9|0x0000000080900000, 0x0000000080a00000, 0x0000000080a00000|100%| O|  |TAMS 0x0000000080a00000, 0x0000000080900000| Untracked 
|  10|0x0000000080a00000, 0x0000000080a48c00, 0x0000000080b00000| 28%| O|  |TAMS 0x0000000080a48c00, 0x0000000080a00000| Untracked 
|  11|0x0000000080b00000, 0x0000000080c00000, 0x0000000080c00000|100%| O|  |TAMS 0x0000000080c00000, 0x0000000080b00000| Untracked 
|  12|0x0000000080c00000, 0x0000000080d00000, 0x0000000080d00000|100%| O|  |TAMS 0x0000000080d00000, 0x0000000080c00000| Untracked 
|  13|0x0000000080d00000, 0x0000000080e00000, 0x0000000080e00000|100%| O|  |TAMS 0x0000000080e00000, 0x0000000080d00000| Untracked 
|  14|0x0000000080e00000, 0x0000000080f00000, 0x0000000080f00000|100%| O|  |TAMS 0x0000000080f00000, 0x0000000080e00000| Untracked 
|  15|0x0000000080f00000, 0x0000000081000000, 0x0000000081000000|100%| O|  |TAMS 0x0000000081000000, 0x0000000080f00000| Untracked 
|  16|0x0000000081000000, 0x0000000081100000, 0x0000000081100000|100%| O|  |TAMS 0x0000000081100000, 0x0000000081000000| Untracked 
|  17|0x0000000081100000, 0x0000000081200000, 0x0000000081200000|100%| O|  |TAMS 0x0000000081200000, 0x0000000081100000| Untracked 
|  18|0x0000000081200000, 0x0000000081300000, 0x0000000081300000|100%| O|  |TAMS 0x0000000081300000, 0x0000000081200000| Untracked 
|  19|0x0000000081300000, 0x0000000081400000, 0x0000000081400000|100%| O|  |TAMS 0x0000000081400000, 0x0000000081300000| Untracked 
|  20|0x0000000081400000, 0x0000000081500000, 0x0000000081500000|100%| O|  |TAMS 0x000000008149c600, 0x0000000081400000| Untracked 
|  21|0x0000000081500000, 0x0000000081600000, 0x0000000081600000|100%| O|  |TAMS 0x0000000081500000, 0x0000000081500000| Untracked 
|  22|0x0000000081600000, 0x0000000081700000, 0x0000000081700000|100%| O|  |TAMS 0x0000000081600000, 0x0000000081600000| Untracked 
|  23|0x0000000081700000, 0x0000000081800000, 0x0000000081800000|100%| O|  |TAMS 0x0000000081700000, 0x0000000081700000| Untracked 
|  24|0x0000000081800000, 0x0000000081900000, 0x0000000081900000|100%| O|  |TAMS 0x0000000081800000, 0x0000000081800000| Untracked 
|  25|0x0000000081900000, 0x0000000081a00000, 0x0000000081a00000|100%| O|  |TAMS 0x0000000081900000, 0x0000000081900000| Untracked 
|  26|0x0000000081a00000, 0x0000000081b00000, 0x0000000081b00000|100%| O|  |TAMS 0x0000000081a00000, 0x0000000081a00000| Untracked 
|  27|0x0000000081b00000, 0x0000000081c00000, 0x0000000081c00000|100%| O|  |TAMS 0x0000000081b00000, 0x0000000081b00000| Untracked 
|  28|0x0000000081c00000, 0x0000000081d00000, 0x0000000081d00000|100%| O|  |TAMS 0x0000000081c00000, 0x0000000081c00000| Untracked 
|  29|0x0000000081d00000, 0x0000000081e00000, 0x0000000081e00000|100%| O|  |TAMS 0x0000000081d00000, 0x0000000081d00000| Untracked 
|  30|0x0000000081e00000, 0x0000000081ecdc00, 0x0000000081f00000| 80%| O|  |TAMS 0x0000000081e00000, 0x0000000081e00000| Untracked 
|  31|0x0000000081f00000, 0x0000000082000000, 0x0000000082000000|100%|HS|  |TAMS 0x0000000081f00000, 0x0000000081f00000| Complete 
|  32|0x0000000082000000, 0x0000000082100000, 0x0000000082100000|100%|HS|  |TAMS 0x0000000082000000, 0x0000000082000000| Complete 
|  33|0x0000000082100000, 0x0000000082100000, 0x0000000082200000|  0%| F|  |TAMS 0x0000000082100000, 0x0000000082100000| Untracked 
|  34|0x0000000082200000, 0x0000000082200000, 0x0000000082300000|  0%| F|  |TAMS 0x0000000082200000, 0x0000000082200000| Untracked 
|  35|0x0000000082300000, 0x0000000082300000, 0x0000000082400000|  0%| F|  |TAMS 0x0000000082300000, 0x0000000082300000| Untracked 
|  36|0x0000000082400000, 0x0000000082400000, 0x0000000082500000|  0%| F|  |TAMS 0x0000000082400000, 0x0000000082400000| Untracked 
|  37|0x0000000082500000, 0x0000000082500000, 0x0000000082600000|  0%| F|  |TAMS 0x0000000082500000, 0x0000000082500000| Untracked 
|  38|0x0000000082600000, 0x0000000082600000, 0x0000000082700000|  0%| F|  |TAMS 0x0000000082600000, 0x0000000082600000| Untracked 
|  39|0x0000000082700000, 0x0000000082700000, 0x0000000082800000|  0%| F|  |TAMS 0x0000000082700000, 0x0000000082700000| Untracked 
|  40|0x0000000082800000, 0x0000000082800000, 0x0000000082900000|  0%| F|  |TAMS 0x0000000082800000, 0x0000000082800000| Untracked 
|  41|0x0000000082900000, 0x00000000829b1c00, 0x0000000082a00000| 69%| S|CS|TAMS 0x0000000082900000, 0x0000000082900000| Complete 
|  42|0x0000000082a00000, 0x0000000082a00000, 0x0000000082b00000|  0%| F|  |TAMS 0x0000000082a00000, 0x0000000082a00000| Untracked 
|  43|0x0000000082b00000, 0x0000000082b00000, 0x0000000082c00000|  0%| F|  |TAMS 0x0000000082b00000, 0x0000000082b00000| Untracked 
|  44|0x0000000082c00000, 0x0000000082c00000, 0x0000000082d00000|  0%| F|  |TAMS 0x0000000082c00000, 0x0000000082c00000| Untracked 
|  45|0x0000000082d00000, 0x0000000082e00000, 0x0000000082e00000|100%| S|CS|TAMS 0x0000000082d00000, 0x0000000082d00000| Complete 
|  46|0x0000000082e00000, 0x0000000082f00000, 0x0000000082f00000|100%| S|CS|TAMS 0x0000000082e00000, 0x0000000082e00000| Complete 
|  47|0x0000000082f00000, 0x0000000083000000, 0x0000000083000000|100%| S|CS|TAMS 0x0000000082f00000, 0x0000000082f00000| Complete 
|  48|0x0000000083000000, 0x0000000083100000, 0x0000000083100000|100%| S|CS|TAMS 0x0000000083000000, 0x0000000083000000| Complete 
|  49|0x0000000083100000, 0x0000000083100000, 0x0000000083200000|  0%| F|  |TAMS 0x0000000083100000, 0x0000000083100000| Untracked 
|  50|0x0000000083200000, 0x0000000083200000, 0x0000000083300000|  0%| F|  |TAMS 0x0000000083200000, 0x0000000083200000| Untracked 
|  51|0x0000000083300000, 0x0000000083300000, 0x0000000083400000|  0%| F|  |TAMS 0x0000000083300000, 0x0000000083300000| Untracked 
|  52|0x0000000083400000, 0x0000000083400000, 0x0000000083500000|  0%| F|  |TAMS 0x0000000083400000, 0x0000000083400000| Untracked 
|  53|0x0000000083500000, 0x0000000083500000, 0x0000000083600000|  0%| F|  |TAMS 0x0000000083500000, 0x0000000083500000| Untracked 
|  54|0x0000000083600000, 0x0000000083600000, 0x0000000083700000|  0%| F|  |TAMS 0x0000000083600000, 0x0000000083600000| Untracked 
|  55|0x0000000083700000, 0x0000000083700000, 0x0000000083800000|  0%| F|  |TAMS 0x0000000083700000, 0x0000000083700000| Untracked 
|  56|0x0000000083800000, 0x0000000083800000, 0x0000000083900000|  0%| F|  |TAMS 0x0000000083800000, 0x0000000083800000| Untracked 
|  57|0x0000000083900000, 0x0000000083900000, 0x0000000083a00000|  0%| F|  |TAMS 0x0000000083900000, 0x0000000083900000| Untracked 
|  58|0x0000000083a00000, 0x0000000083a00000, 0x0000000083b00000|  0%| F|  |TAMS 0x0000000083a00000, 0x0000000083a00000| Untracked 
|  59|0x0000000083b00000, 0x0000000083b00000, 0x0000000083c00000|  0%| F|  |TAMS 0x0000000083b00000, 0x0000000083b00000| Untracked 
|  60|0x0000000083c00000, 0x0000000083c00000, 0x0000000083d00000|  0%| F|  |TAMS 0x0000000083c00000, 0x0000000083c00000| Untracked 
|  61|0x0000000083d00000, 0x0000000083d00000, 0x0000000083e00000|  0%| F|  |TAMS 0x0000000083d00000, 0x0000000083d00000| Untracked 
|  62|0x0000000083e00000, 0x0000000083e00000, 0x0000000083f00000|  0%| F|  |TAMS 0x0000000083e00000, 0x0000000083e00000| Untracked 
|  63|0x0000000083f00000, 0x0000000083f00000, 0x0000000084000000|  0%| F|  |TAMS 0x0000000083f00000, 0x0000000083f00000| Untracked 
|  64|0x0000000084000000, 0x0000000084000000, 0x0000000084100000|  0%| F|  |TAMS 0x0000000084000000, 0x0000000084000000| Untracked 
|  65|0x0000000084100000, 0x0000000084100000, 0x0000000084200000|  0%| F|  |TAMS 0x0000000084100000, 0x0000000084100000| Untracked 
|  66|0x0000000084200000, 0x0000000084300000, 0x0000000084300000|100%| E|  |TAMS 0x0000000084200000, 0x0000000084200000| Complete 
|  67|0x0000000084300000, 0x0000000084400000, 0x0000000084400000|100%| E|CS|TAMS 0x0000000084300000, 0x0000000084300000| Complete 
|  68|0x0000000084400000, 0x0000000084500000, 0x0000000084500000|100%| E|CS|TAMS 0x0000000084400000, 0x0000000084400000| Complete 
|  69|0x0000000084500000, 0x0000000084600000, 0x0000000084600000|100%| E|CS|TAMS 0x0000000084500000, 0x0000000084500000| Complete 
|  70|0x0000000084600000, 0x0000000084700000, 0x0000000084700000|100%| E|CS|TAMS 0x0000000084600000, 0x0000000084600000| Complete 
|  71|0x0000000084700000, 0x0000000084800000, 0x0000000084800000|100%| E|CS|TAMS 0x0000000084700000, 0x0000000084700000| Complete 
|  72|0x0000000084800000, 0x0000000084900000, 0x0000000084900000|100%| E|CS|TAMS 0x0000000084800000, 0x0000000084800000| Complete 
|  73|0x0000000084900000, 0x0000000084a00000, 0x0000000084a00000|100%| E|CS|TAMS 0x0000000084900000, 0x0000000084900000| Complete 
|  74|0x0000000084a00000, 0x0000000084b00000, 0x0000000084b00000|100%| E|  |TAMS 0x0000000084a00000, 0x0000000084a00000| Complete 
|  75|0x0000000084b00000, 0x0000000084c00000, 0x0000000084c00000|100%| E|CS|TAMS 0x0000000084b00000, 0x0000000084b00000| Complete 
|  76|0x0000000084c00000, 0x0000000084d00000, 0x0000000084d00000|100%| E|CS|TAMS 0x0000000084c00000, 0x0000000084c00000| Complete 
|  77|0x0000000084d00000, 0x0000000084e00000, 0x0000000084e00000|100%| E|CS|TAMS 0x0000000084d00000, 0x0000000084d00000| Complete 
|  78|0x0000000084e00000, 0x0000000084f00000, 0x0000000084f00000|100%| E|CS|TAMS 0x0000000084e00000, 0x0000000084e00000| Complete 
|  79|0x0000000084f00000, 0x0000000085000000, 0x0000000085000000|100%| E|CS|TAMS 0x0000000084f00000, 0x0000000084f00000| Complete 
|  80|0x0000000085000000, 0x0000000085100000, 0x0000000085100000|100%| E|CS|TAMS 0x0000000085000000, 0x0000000085000000| Complete 
|  81|0x0000000085100000, 0x0000000085200000, 0x0000000085200000|100%| E|CS|TAMS 0x0000000085100000, 0x0000000085100000| Complete 
|  82|0x0000000085200000, 0x0000000085300000, 0x0000000085300000|100%| E|CS|TAMS 0x0000000085200000, 0x0000000085200000| Complete 
| 117|0x0000000087500000, 0x0000000087600000, 0x0000000087600000|100%| E|CS|TAMS 0x0000000087500000, 0x0000000087500000| Complete 

Card table byte_map: [0x0000012520ff0000,0x00000125213f0000] _byte_map_base: 0x0000012520bf0000

Marking Bits (Prev, Next): (CMBitMap*) 0x000001250e659790, (CMBitMap*) 0x000001250e6597d0
 Prev Bits: [0x00000125217f0000, 0x00000125237f0000)
 Next Bits: [0x00000125237f0000, 0x00000125257f0000)

Polling page: 0x000001250c5b0000

Metaspace:

Usage:
  Non-class:     47.02 MB used.
      Class:      7.48 MB used.
       Both:     54.50 MB used.

Virtual space:
  Non-class space:       64.00 MB reserved,      47.31 MB ( 74%) committed,  1 nodes.
      Class space:        1.00 GB reserved,       7.75 MB ( <1%) committed,  1 nodes.
             Both:        1.06 GB reserved,      55.06 MB (  5%) committed. 

Chunk freelists:
   Non-Class:  288.00 KB
       Class:  8.30 MB
        Both:  8.58 MB

MaxMetaspaceSize: unlimited
CompressedClassSpaceSize: 1.00 GB
Initial GC threshold: 21.00 MB
Current GC threshold: 58.69 MB
CDS: off
MetaspaceReclaimPolicy: balanced
 - commit_granule_bytes: 65536.
 - commit_granule_words: 8192.
 - virtual_space_node_default_size: 8388608.
 - enlarge_chunks_in_place: 1.
 - new_chunks_are_fully_committed: 0.
 - uncommit_free_chunks: 1.
 - use_allocation_guard: 0.
 - handle_deallocations: 1.


Internal statistics:

num_allocs_failed_limit: 6.
num_arena_births: 634.
num_arena_deaths: 0.
num_vsnodes_births: 2.
num_vsnodes_deaths: 0.
num_space_committed: 881.
num_space_uncommitted: 0.
num_chunks_returned_to_freelist: 6.
num_chunks_taken_from_freelist: 2483.
num_chunk_merges: 6.
num_chunk_splits: 1636.
num_chunks_enlarged: 1097.
num_inconsistent_stats: 0.

CodeHeap 'non-profiled nmethods': size=120000Kb used=2737Kb max_used=2737Kb free=117262Kb
 bounds [0x00000125195a0000, 0x0000012519850000, 0x0000012520ad0000]
CodeHeap 'profiled nmethods': size=120000Kb used=10796Kb max_used=10796Kb free=109203Kb
 bounds [0x0000012511ad0000, 0x0000012512560000, 0x0000012519000000]
CodeHeap 'non-nmethods': size=5760Kb used=1624Kb max_used=1663Kb free=4136Kb
 bounds [0x0000012519000000, 0x0000012519270000, 0x00000125195a0000]
 total_blobs=6583 nmethods=5887 adapters=608
 compilation: enabled
              stopped_count=0, restarted_count=0
 full_count=0

Compilation events (20 events):
Event: 5.987 Thread 0x00000125281b02f0 5893   !   3       com.google.common.util.concurrent.Uninterruptibles::getUninterruptibly (40 bytes)
Event: 5.987 Thread 0x00000125281b02f0 nmethod 5893 0x0000012512545b10 code [0x0000012512545ce0, 0x0000012512546188]
Event: 5.987 Thread 0x00000125281b02f0 5900   !   3       com.google.common.cache.LocalCache$Segment::storeLoadedValue (371 bytes)
Event: 5.990 Thread 0x00000125281b02f0 nmethod 5900 0x0000012512546390 code [0x0000012512546b80, 0x000001251254b598]
Event: 5.990 Thread 0x00000125281b02f0 5894       3       com.google.common.util.concurrent.AbstractFuture$TrustedFuture::get (5 bytes)
Event: 5.990 Thread 0x00000125281b02f0 nmethod 5894 0x000001251254da90 code [0x000001251254dc20, 0x000001251254dd68]
Event: 5.990 Thread 0x00000125281b02f0 5895       3       com.google.common.util.concurrent.AbstractFuture::get (170 bytes)
Event: 5.991 Thread 0x00000125281b02f0 nmethod 5895 0x000001251254de10 code [0x000001251254e120, 0x000001251254f1c8]
Event: 5.991 Thread 0x00000125281b02f0 5896       3       com.google.common.util.concurrent.AbstractFuture::getDoneValue (57 bytes)
Event: 5.991 Thread 0x00000125281b02f0 nmethod 5896 0x000001251254f690 code [0x000001251254f8a0, 0x0000012512550118]
Event: 5.991 Thread 0x00000125281b02f0 5897       3       com.google.common.cache.LocalCache$LoadingValueReference::elapsedNanos (11 bytes)
Event: 5.991 Thread 0x00000125281b02f0 nmethod 5897 0x0000012512550390 code [0x0000012512550540, 0x0000012512550718]
Event: 5.991 Thread 0x00000125281b02f0 5898       3       com.google.common.base.Stopwatch::elapsed (12 bytes)
Event: 5.991 Thread 0x00000125281b02f0 nmethod 5898 0x0000012512550810 code [0x00000125125509e0, 0x0000012512550cd8]
Event: 5.991 Thread 0x00000125281b02f0 5899       3       com.google.common.base.Stopwatch::elapsedNanos (32 bytes)
Event: 5.991 Thread 0x00000125281b02f0 nmethod 5899 0x0000012512550e10 code [0x0000012512550fc0, 0x0000012512551228]
Event: 5.991 Thread 0x00000125281b02f0 5901       3       com.google.common.cache.LocalCache$LoadingValueReference::notifyNewValue (21 bytes)
Event: 5.992 Thread 0x00000125281b02f0 nmethod 5901 0x0000012512551310 code [0x00000125125514e0, 0x0000012512551888]
Event: 5.992 Thread 0x00000125281b02f0 5903       1       java.util.AbstractMap$SimpleImmutableEntry::getKey (5 bytes)
Event: 5.992 Thread 0x00000125281b02f0 nmethod 5903 0x000001251984bd90 code [0x000001251984bf20, 0x000001251984bff8]

GC Heap History (20 events):
Event: 1.988 GC heap before
{Heap before GC invocations=2 (full 0):
 garbage-first heap   total 120832K, used 62600K [0x0000000080000000, 0x0000000100000000)
  region size 1024K, 51 young (52224K), 1 survivors (1024K)
 Metaspace       used 21307K, committed 21504K, reserved 1114112K
  class space    used 2515K, committed 2624K, reserved 1048576K
}
Event: 1.994 GC heap after
{Heap after GC invocations=3 (full 0):
 garbage-first heap   total 120832K, used 18827K [0x0000000080000000, 0x0000000100000000)
  region size 1024K, 9 young (9216K), 9 survivors (9216K)
 Metaspace       used 21307K, committed 21504K, reserved 1114112K
  class space    used 2515K, committed 2624K, reserved 1048576K
}
Event: 2.506 GC heap before
{Heap before GC invocations=4 (full 0):
 garbage-first heap   total 71680K, used 52619K [0x0000000080000000, 0x0000000100000000)
  region size 1024K, 42 young (43008K), 9 survivors (9216K)
 Metaspace       used 26512K, committed 26752K, reserved 1114112K
  class space    used 3411K, committed 3520K, reserved 1048576K
}
Event: 2.511 GC heap after
{Heap after GC invocations=5 (full 0):
 garbage-first heap   total 71680K, used 20675K [0x0000000080000000, 0x0000000100000000)
  region size 1024K, 2 young (2048K), 2 survivors (2048K)
 Metaspace       used 26512K, committed 26752K, reserved 1114112K
  class space    used 3411K, committed 3520K, reserved 1048576K
}
Event: 2.892 GC heap before
{Heap before GC invocations=5 (full 0):
 garbage-first heap   total 71680K, used 49347K [0x0000000080000000, 0x0000000100000000)
  region size 1024K, 30 young (30720K), 2 survivors (2048K)
 Metaspace       used 30494K, committed 30720K, reserved 1114112K
  class space    used 4055K, committed 4160K, reserved 1048576K
}
Event: 2.894 GC heap after
{Heap after GC invocations=6 (full 0):
 garbage-first heap   total 71680K, used 22043K [0x0000000080000000, 0x0000000100000000)
  region size 1024K, 4 young (4096K), 4 survivors (4096K)
 Metaspace       used 30494K, committed 30720K, reserved 1114112K
  class space    used 4055K, committed 4160K, reserved 1048576K
}
Event: 3.290 GC heap before
{Heap before GC invocations=6 (full 0):
 garbage-first heap   total 71680K, used 50715K [0x0000000080000000, 0x0000000100000000)
  region size 1024K, 32 young (32768K), 4 survivors (4096K)
 Metaspace       used 33852K, committed 34176K, reserved 1114112K
  class space    used 4611K, committed 4736K, reserved 1048576K
}
Event: 3.293 GC heap after
{Heap after GC invocations=7 (full 0):
 garbage-first heap   total 71680K, used 23302K [0x0000000080000000, 0x0000000100000000)
  region size 1024K, 3 young (3072K), 3 survivors (3072K)
 Metaspace       used 33852K, committed 34176K, reserved 1114112K
  class space    used 4611K, committed 4736K, reserved 1048576K
}
Event: 3.425 GC heap before
{Heap before GC invocations=7 (full 0):
 garbage-first heap   total 71680K, used 32518K [0x0000000080000000, 0x0000000100000000)
  region size 1024K, 14 young (14336K), 3 survivors (3072K)
 Metaspace       used 35660K, committed 35968K, reserved 1114112K
  class space    used 4858K, committed 5056K, reserved 1048576K
}
Event: 3.428 GC heap after
{Heap after GC invocations=8 (full 0):
 garbage-first heap   total 71680K, used 23824K [0x0000000080000000, 0x0000000100000000)
  region size 1024K, 2 young (2048K), 2 survivors (2048K)
 Metaspace       used 35660K, committed 35968K, reserved 1114112K
  class space    used 4858K, committed 5056K, reserved 1048576K
}
Event: 3.775 GC heap before
{Heap before GC invocations=9 (full 0):
 garbage-first heap   total 71680K, used 53520K [0x0000000080000000, 0x0000000100000000)
  region size 1024K, 32 young (32768K), 2 survivors (2048K)
 Metaspace       used 40931K, committed 41216K, reserved 1114112K
  class space    used 5421K, committed 5568K, reserved 1048576K
}
Event: 3.779 GC heap after
{Heap after GC invocations=10 (full 0):
 garbage-first heap   total 71680K, used 27634K [0x0000000080000000, 0x0000000100000000)
  region size 1024K, 4 young (4096K), 4 survivors (4096K)
 Metaspace       used 40931K, committed 41216K, reserved 1114112K
  class space    used 5421K, committed 5568K, reserved 1048576K
}
Event: 3.962 GC heap before
{Heap before GC invocations=10 (full 0):
 garbage-first heap   total 71680K, used 54258K [0x0000000080000000, 0x0000000100000000)
  region size 1024K, 30 young (30720K), 4 survivors (4096K)
 Metaspace       used 42115K, committed 42496K, reserved 1114112K
  class space    used 5597K, committed 5760K, reserved 1048576K
}
Event: 3.966 GC heap after
{Heap after GC invocations=11 (full 0):
 garbage-first heap   total 86016K, used 28707K [0x0000000080000000, 0x0000000100000000)
  region size 1024K, 2 young (2048K), 2 survivors (2048K)
 Metaspace       used 42115K, committed 42496K, reserved 1114112K
  class space    used 5597K, committed 5760K, reserved 1048576K
}
Event: 4.462 GC heap before
{Heap before GC invocations=11 (full 0):
 garbage-first heap   total 86016K, used 65571K [0x0000000080000000, 0x0000000100000000)
  region size 1024K, 37 young (37888K), 2 survivors (2048K)
 Metaspace       used 47003K, committed 47360K, reserved 1114112K
  class space    used 6314K, committed 6464K, reserved 1048576K
}
Event: 4.465 GC heap after
{Heap after GC invocations=12 (full 0):
 garbage-first heap   total 86016K, used 30881K [0x0000000080000000, 0x0000000100000000)
  region size 1024K, 4 young (4096K), 4 survivors (4096K)
 Metaspace       used 47003K, committed 47360K, reserved 1114112K
  class space    used 6314K, committed 6464K, reserved 1048576K
}
Event: 4.976 GC heap before
{Heap before GC invocations=12 (full 0):
 garbage-first heap   total 86016K, used 65697K [0x0000000080000000, 0x0000000100000000)
  region size 1024K, 38 young (38912K), 4 survivors (4096K)
 Metaspace       used 51560K, committed 52032K, reserved 1114112K
  class space    used 7042K, committed 7232K, reserved 1048576K
}
Event: 4.980 GC heap after
{Heap after GC invocations=13 (full 0):
 garbage-first heap   total 86016K, used 32536K [0x0000000080000000, 0x0000000100000000)
  region size 1024K, 4 young (4096K), 4 survivors (4096K)
 Metaspace       used 51560K, committed 52032K, reserved 1114112K
  class space    used 7042K, committed 7232K, reserved 1048576K
}
Event: 5.700 GC heap before
{Heap before GC invocations=13 (full 0):
 garbage-first heap   total 86016K, used 67352K [0x0000000080000000, 0x0000000100000000)
  region size 1024K, 38 young (38912K), 4 survivors (4096K)
 Metaspace       used 55230K, committed 55680K, reserved 1114112K
  class space    used 7603K, committed 7808K, reserved 1048576K
}
Event: 5.704 GC heap after
{Heap after GC invocations=14 (full 0):
 garbage-first heap   total 86016K, used 35617K [0x0000000080000000, 0x0000000100000000)
  region size 1024K, 5 young (5120K), 5 survivors (5120K)
 Metaspace       used 55230K, committed 55680K, reserved 1114112K
  class space    used 7603K, committed 7808K, reserved 1048576K
}

Dll operation events (3 events):
Event: 0.076 Loaded shared library D:\AndroidProjects\jbr\bin\java.dll
Event: 0.191 Loaded shared library D:\AndroidProjects\jbr\bin\zip.dll
Event: 0.491 Loaded shared library D:\AndroidProjects\jbr\bin\verify.dll

Deoptimization events (20 events):
Event: 5.967 Thread 0x000001252dd93fd0 DEOPT PACKING pc=0x000001251227402a sp=0x0000001977df86c0
Event: 5.967 Thread 0x000001252dd93fd0 DEOPT UNPACKING pc=0x0000012519057143 sp=0x0000001977df7bb8 mode 0
Event: 5.968 Thread 0x000001252dd93fd0 DEOPT PACKING pc=0x00000125122785d1 sp=0x0000001977df8790
Event: 5.968 Thread 0x000001252dd93fd0 DEOPT UNPACKING pc=0x0000012519057143 sp=0x0000001977df7c88 mode 0
Event: 5.968 Thread 0x000001252dd93fd0 DEOPT PACKING pc=0x000001251227402a sp=0x0000001977df86c0
Event: 5.968 Thread 0x000001252dd93fd0 DEOPT UNPACKING pc=0x0000012519057143 sp=0x0000001977df7bb8 mode 0
Event: 5.969 Thread 0x000001252dd93fd0 DEOPT PACKING pc=0x00000125122785d1 sp=0x0000001977df8790
Event: 5.969 Thread 0x000001252dd93fd0 DEOPT UNPACKING pc=0x0000012519057143 sp=0x0000001977df7c88 mode 0
Event: 5.970 Thread 0x000001252dd93fd0 DEOPT PACKING pc=0x000001251227402a sp=0x0000001977df86c0
Event: 5.970 Thread 0x000001252dd93fd0 DEOPT UNPACKING pc=0x0000012519057143 sp=0x0000001977df7bb8 mode 0
Event: 5.971 Thread 0x000001252dd93fd0 DEOPT PACKING pc=0x00000125122785d1 sp=0x0000001977df8d10
Event: 5.971 Thread 0x000001252dd93fd0 DEOPT UNPACKING pc=0x0000012519057143 sp=0x0000001977df8208 mode 0
Event: 5.971 Thread 0x000001252dd93fd0 DEOPT PACKING pc=0x000001251227402a sp=0x0000001977df8c40
Event: 5.971 Thread 0x000001252dd93fd0 DEOPT UNPACKING pc=0x0000012519057143 sp=0x0000001977df8138 mode 0
Event: 5.971 Thread 0x000001252dd93fd0 DEOPT PACKING pc=0x00000125122785d1 sp=0x0000001977df8d10
Event: 5.971 Thread 0x000001252dd93fd0 DEOPT UNPACKING pc=0x0000012519057143 sp=0x0000001977df8208 mode 0
Event: 5.971 Thread 0x000001252dd93fd0 DEOPT PACKING pc=0x000001251227402a sp=0x0000001977df8c40
Event: 5.971 Thread 0x000001252dd93fd0 DEOPT UNPACKING pc=0x0000012519057143 sp=0x0000001977df8138 mode 0
Event: 5.973 Thread 0x000001252dd93fd0 DEOPT PACKING pc=0x00000125122b3f51 sp=0x0000001977df7880
Event: 5.973 Thread 0x000001252dd93fd0 DEOPT UNPACKING pc=0x0000012519057143 sp=0x0000001977df6dc0 mode 0

Classes unloaded (0 events):
No events

Classes redefined (0 events):
No events

Internal exceptions (20 events):
Event: 5.284 Thread 0x000001252dd93fd0 Exception <a 'java/lang/NoSuchMethodError'{0x0000000084335698}: static Lorg/gradle/api/internal/catalog/DependencyModel;.<clinit>()V> (0x0000000084335698) 
thrown [s\src\hotspot\share\prims\jni.cpp, line 1108]
Event: 5.284 Thread 0x000001252dd93fd0 Exception <a 'java/lang/NoSuchMethodError'{0x0000000084338de8}: static Lorg/gradle/api/internal/catalog/AbstractContextAwareModel;.<clinit>()V> (0x0000000084338de8) 
thrown [s\src\hotspot\share\prims\jni.cpp, line 1108]
Event: 5.285 Thread 0x000001252dd93fd0 Exception <a 'java/lang/NoSuchMethodError'{0x0000000084350758}: static Lorg/gradle/api/internal/artifacts/dependencies/AbstractVersionConstraint;.<clinit>()V> (0x0000000084350758) 
thrown [s\src\hotspot\share\prims\jni.cpp, line 1108]
Event: 5.291 Thread 0x000001252dd93fd0 Exception <a 'java/lang/NoSuchMethodError'{0x00000000843fbaf8}: static Lorg/gradle/api/internal/catalog/PluginModel;.<clinit>()V> (0x00000000843fbaf8) 
thrown [s\src\hotspot\share\prims\jni.cpp, line 1108]
Event: 5.292 Thread 0x000001252dd93fd0 Exception <a 'java/lang/NoSuchMethodError'{0x0000000084210dd8}: static Lorg/gradle/api/internal/catalog/VersionModel;.<clinit>()V> (0x0000000084210dd8) 
thrown [s\src\hotspot\share\prims\jni.cpp, line 1108]
Event: 5.294 Thread 0x000001252dd93fd0 Exception <a 'java/lang/NoSuchMethodError'{0x0000000084235248}: 'void java.lang.invoke.DirectMethodHandle$Holder.invokeSpecial(java.lang.Object, java.lang.Object, java.lang.Object, int)'> (0x0000000084235248) 
thrown [s\src\hotspot\share\interpreter\linkResolver.cpp, line 771]
Event: 5.355 Thread 0x000001252dd93fd0 Exception <a 'java/lang/NoSuchMethodError'{0x0000000083e06978}: 'int java.lang.invoke.DirectMethodHandle$Holder.invokeSpecialIFC(java.lang.Object, java.lang.Object, java.lang.Object)'> (0x0000000083e06978) 
thrown [s\src\hotspot\share\interpreter\linkResolver.cpp, line 771]
Event: 5.405 Thread 0x000001252dd93fd0 Exception <a 'java/lang/NoSuchMethodError'{0x0000000083bccc28}: 'java.lang.Object java.lang.invoke.DirectMethodHandle$Holder.newInvokeSpecial(java.lang.Object, java.lang.Object, java.lang.Object, java.lang.Object, java.lang.Object, int)'> (0x0000000083bccc28) 
thrown [s\src\hotspot\share\interpreter\linkResolver.cpp, line 771]
Event: 5.405 Thread 0x000001252dd93fd0 Exception <a 'java/lang/NoSuchMethodError'{0x0000000083bd2080}: 'java.lang.Object java.lang.invoke.DirectMethodHandle$Holder.invokeSpecial(java.lang.Object, java.lang.Object, java.lang.Object, java.lang.Object, java.lang.Object, java.lang.Object, int)'> (0x0000000083bd2080) 
thrown [s\src\hotspot\share\interpreter\linkResolver.cpp, line 771]
Event: 5.408 Thread 0x000001252dd93fd0 Exception <a 'java/lang/NoSuchMethodError'{0x0000000083a09068}: 'java.lang.Object java.lang.invoke.DirectMethodHandle$Holder.invokeSpecial(java.lang.Object, java.lang.Object, java.lang.Object, java.lang.Object, java.lang.Object, long)'> (0x0000000083a09068) 
thrown [s\src\hotspot\share\interpreter\linkResolver.cpp, line 771]
Event: 5.409 Thread 0x000001252dd93fd0 Exception <a 'java/lang/NoSuchMethodError'{0x0000000083a2b708}: 'void java.lang.invoke.DirectMethodHandle$Holder.invokeStatic(java.lang.Object, java.lang.Object, java.lang.Object, int, java.lang.Object)'> (0x0000000083a2b708) 
thrown [s\src\hotspot\share\interpreter\linkResolver.cpp, line 771]
Event: 5.949 Thread 0x000001252dd93fd0 Exception <a 'java/lang/NoSuchMethodError'{0x0000000084665660}: 'long java.lang.invoke.DirectMethodHandle$Holder.invokeVirtual(java.lang.Object, java.lang.Object)'> (0x0000000084665660) 
thrown [s\src\hotspot\share\interpreter\linkResolver.cpp, line 771]
Event: 5.952 Thread 0x000001252dd95410 Exception <a 'java/lang/NoSuchMethodError'{0x00000000845075f8}: static Lorg/gradle/internal/build/event/types/DefaultOperationFinishedProgressEvent;.<clinit>()V> (0x00000000845075f8) 
thrown [s\src\hotspot\share\prims\jni.cpp, line 1108]
Event: 5.954 Thread 0x000001252dd95410 Exception <a 'java/lang/NoSuchMethodError'{0x000000008452d8a8}: static Lorg/gradle/internal/build/event/types/DefaultProjectConfigurationSuccessResult;.<clinit>()V> (0x000000008452d8a8) 
thrown [s\src\hotspot\share\prims\jni.cpp, line 1108]
Event: 5.954 Thread 0x000001252dd95410 Exception <a 'java/lang/NoSuchMethodError'{0x0000000084531bc0}: static Lorg/gradle/internal/build/event/types/AbstractProjectConfigurationResult;.<clinit>()V> (0x0000000084531bc0) 
thrown [s\src\hotspot\share\prims\jni.cpp, line 1108]
Event: 5.954 Thread 0x000001252dd95410 Exception <a 'java/lang/NoSuchMethodError'{0x00000000845330e8}: static Lorg/gradle/internal/build/event/types/AbstractOperationResult;.<clinit>()V> (0x00000000845330e8) 
thrown [s\src\hotspot\share\prims\jni.cpp, line 1108]
Event: 5.954 Thread 0x000001252dd95410 Exception <a 'java/lang/NoSuchMethodError'{0x0000000084534308}: static Lorg/gradle/internal/build/event/types/AbstractResult;.<clinit>()V> (0x0000000084534308) 
thrown [s\src\hotspot\share\prims\jni.cpp, line 1108]
Event: 5.956 Thread 0x000001252dd95410 Exception <a 'java/lang/NoSuchMethodError'{0x000000008454a2d0}: static Lorg/gradle/internal/build/event/types/DefaultPluginApplicationResult;.<clinit>()V> (0x000000008454a2d0) 
thrown [s\src\hotspot\share\prims\jni.cpp, line 1108]
Event: 5.957 Thread 0x000001252dd95410 Exception <a 'java/lang/NoSuchMethodError'{0x0000000084555a08}: static Lorg/gradle/internal/build/event/types/DefaultBinaryPluginIdentifier;.<clinit>()V> (0x0000000084555a08) 
thrown [s\src\hotspot\share\prims\jni.cpp, line 1108]
Event: 5.958 Thread 0x000001252dd95410 Exception <a 'java/lang/NoSuchMethodError'{0x000000008456cbf8}: static Lorg/gradle/internal/build/event/types/DefaultScriptPluginIdentifier;.<clinit>()V> (0x000000008456cbf8) 
thrown [s\src\hotspot\share\prims\jni.cpp, line 1108]

VM Operations (20 events):
Event: 4.462 Executing VM operation: G1CollectForAllocation
Event: 4.465 Executing VM operation: G1CollectForAllocation done
Event: 4.671 Executing VM operation: HandshakeAllThreads
Event: 4.671 Executing VM operation: HandshakeAllThreads done
Event: 4.733 Executing VM operation: HandshakeAllThreads
Event: 4.733 Executing VM operation: HandshakeAllThreads done
Event: 4.839 Executing VM operation: HandshakeAllThreads
Event: 4.839 Executing VM operation: HandshakeAllThreads done
Event: 4.976 Executing VM operation: G1CollectForAllocation
Event: 4.980 Executing VM operation: G1CollectForAllocation done
Event: 5.280 Executing VM operation: HandshakeAllThreads
Event: 5.280 Executing VM operation: HandshakeAllThreads done
Event: 5.545 Executing VM operation: ICBufferFull
Event: 5.545 Executing VM operation: ICBufferFull done
Event: 5.699 Executing VM operation: HandshakeAllThreads
Event: 5.699 Executing VM operation: HandshakeAllThreads done
Event: 5.700 Executing VM operation: G1CollectForAllocation
Event: 5.704 Executing VM operation: G1CollectForAllocation done
Event: 5.939 Executing VM operation: ICBufferFull
Event: 5.939 Executing VM operation: ICBufferFull done

Events (20 events):
Event: 5.303 loading class sun/reflect/ReflectionFactory done
Event: 5.303 loading class sun/reflect/ReflectionFactory$1
Event: 5.303 loading class sun/reflect/ReflectionFactory$1 done
Event: 5.421 loading class java/util/LinkedList$LLSpliterator
Event: 5.421 loading class java/util/LinkedList$LLSpliterator done
Event: 5.432 loading class java/util/Collections$2
Event: 5.432 loading class java/util/Collections$2 done
Event: 5.643 loading class java/util/Collections$ReverseComparator
Event: 5.643 loading class java/util/Collections$ReverseComparator done
Event: 5.643 loading class java/util/Collections$ReverseComparator2
Event: 5.643 loading class java/util/Collections$ReverseComparator2 done
Event: 5.747 Thread 0x000001252fa400a0 Thread added: 0x000001252fa400a0
Event: 5.747 Thread 0x000001252fa3b4b0 Thread added: 0x000001252fa3b4b0
Event: 5.747 Thread 0x000001252fa42e30 Thread added: 0x000001252fa42e30
Event: 5.747 Thread 0x000001252fa3b9c0 Thread added: 0x000001252fa3b9c0
Event: 5.748 Thread 0x0000012528e75880 Thread added: 0x0000012528e75880
Event: 5.950 loading class java/util/stream/SortedOps$RefSortingSink
Event: 5.950 loading class java/util/stream/SortedOps$RefSortingSink done
Event: 5.957 loading class java/time/Ser
Event: 5.957 loading class java/time/Ser done


Dynamic libraries:
0x00007ff60c490000 - 0x00007ff60c49a000 	D:\AndroidProjects\jbr\bin\java.exe
0x00007ffdff0d0000 - 0x00007ffdff2e6000 	C:\WINDOWS\SYSTEM32\ntdll.dll
0x00007ffdfddc0000 - 0x00007ffdfde84000 	C:\WINDOWS\System32\KERNEL32.DLL
0x00007ffdfc440000 - 0x00007ffdfc7e6000 	C:\WINDOWS\System32\KERNELBASE.dll
0x00007ffdfcc30000 - 0x00007ffdfcd41000 	C:\WINDOWS\System32\ucrtbase.dll
0x00007ffde2b20000 - 0x00007ffde2b37000 	D:\AndroidProjects\jbr\bin\jli.dll
0x00007ffdfd0e0000 - 0x00007ffdfd28d000 	C:\WINDOWS\System32\USER32.dll
0x00007ffde0540000 - 0x00007ffde07d3000 	C:\WINDOWS\WinSxS\amd64_microsoft.windows.common-controls_6595b64144ccf1df_6.0.22621.3235_none_270f74e173860f98\COMCTL32.dll
0x00007ffdfc410000 - 0x00007ffdfc436000 	C:\WINDOWS\System32\win32u.dll
0x00007ffdfd550000 - 0x00007ffdfd5f7000 	C:\WINDOWS\System32\msvcrt.dll
0x00007ffdfe220000 - 0x00007ffdfe249000 	C:\WINDOWS\System32\GDI32.dll
0x00007ffdfcb10000 - 0x00007ffdfcc28000 	C:\WINDOWS\System32\gdi32full.dll
0x00007ffdfcd50000 - 0x00007ffdfcdea000 	C:\WINDOWS\System32\msvcp_win.dll
0x00007ffde5c60000 - 0x00007ffde5c7b000 	D:\AndroidProjects\jbr\bin\VCRUNTIME140.dll
0x00007ffdfd720000 - 0x00007ffdfd751000 	C:\WINDOWS\System32\IMM32.DLL
0x00007ffdeaf40000 - 0x00007ffdeaf4c000 	D:\AndroidProjects\jbr\bin\vcruntime140_1.dll
0x00007ffdd5c60000 - 0x00007ffdd5ced000 	D:\AndroidProjects\jbr\bin\msvcp140.dll
0x00007ffde4460000 - 0x00007ffde50e3000 	D:\AndroidProjects\jbr\bin\server\jvm.dll
0x00007ffdfd420000 - 0x00007ffdfd4d2000 	C:\WINDOWS\System32\ADVAPI32.dll
0x00007ffdfef40000 - 0x00007ffdfefe8000 	C:\WINDOWS\System32\sechost.dll
0x00007ffdfcdf0000 - 0x00007ffdfce18000 	C:\WINDOWS\System32\bcrypt.dll
0x00007ffdfd600000 - 0x00007ffdfd715000 	C:\WINDOWS\System32\RPCRT4.dll
0x00007ffdfc2e0000 - 0x00007ffdfc32d000 	C:\WINDOWS\SYSTEM32\POWRPROF.dll
0x00007ffdf53d0000 - 0x00007ffdf5404000 	C:\WINDOWS\SYSTEM32\WINMM.dll
0x00007ffdf3df0000 - 0x00007ffdf3dfa000 	C:\WINDOWS\SYSTEM32\VERSION.dll
0x00007ffdf7950000 - 0x00007ffdf7959000 	C:\WINDOWS\SYSTEM32\WSOCK32.dll
0x00007ffdfcf30000 - 0x00007ffdfcfa1000 	C:\WINDOWS\System32\WS2_32.dll
0x00007ffdfc2c0000 - 0x00007ffdfc2d3000 	C:\WINDOWS\SYSTEM32\UMPDC.dll
0x00007ffdfb450000 - 0x00007ffdfb468000 	C:\WINDOWS\SYSTEM32\kernel.appcore.dll
0x00007ffdf7940000 - 0x00007ffdf794a000 	D:\AndroidProjects\jbr\bin\jimage.dll
0x00007ffdf9e10000 - 0x00007ffdfa043000 	C:\WINDOWS\SYSTEM32\DBGHELP.DLL
0x00007ffdfde90000 - 0x00007ffdfe218000 	C:\WINDOWS\System32\combase.dll
0x00007ffdfcfb0000 - 0x00007ffdfd087000 	C:\WINDOWS\System32\OLEAUT32.dll
0x00007ffdd8090000 - 0x00007ffdd80c2000 	C:\WINDOWS\SYSTEM32\dbgcore.DLL
0x00007ffdfc8b0000 - 0x00007ffdfc92a000 	C:\WINDOWS\System32\bcryptPrimitives.dll
0x00007ffde2b40000 - 0x00007ffde2b4e000 	D:\AndroidProjects\jbr\bin\instrument.dll
0x00007ffdf6810000 - 0x00007ffdf6835000 	D:\AndroidProjects\jbr\bin\java.dll
0x00007ffde78d0000 - 0x00007ffde78e8000 	D:\AndroidProjects\jbr\bin\zip.dll
0x00007ffdfe250000 - 0x00007ffdfeaad000 	C:\WINDOWS\System32\SHELL32.dll
0x00007ffdfa370000 - 0x00007ffdfac68000 	C:\WINDOWS\SYSTEM32\windows.storage.dll
0x00007ffdfa230000 - 0x00007ffdfa36e000 	C:\WINDOWS\SYSTEM32\wintypes.dll
0x00007ffdfee40000 - 0x00007ffdfef33000 	C:\WINDOWS\System32\SHCORE.dll
0x00007ffdfede0000 - 0x00007ffdfee3e000 	C:\WINDOWS\System32\shlwapi.dll
0x00007ffdfc340000 - 0x00007ffdfc366000 	C:\WINDOWS\SYSTEM32\profapi.dll
0x00007ffde5190000 - 0x00007ffde51a9000 	D:\AndroidProjects\jbr\bin\net.dll
0x00007ffdf3b40000 - 0x00007ffdf3c77000 	C:\WINDOWS\SYSTEM32\WINHTTP.dll
0x00007ffdfb8d0000 - 0x00007ffdfb939000 	C:\WINDOWS\system32\mswsock.dll
0x00007ffde5170000 - 0x00007ffde5186000 	D:\AndroidProjects\jbr\bin\nio.dll
0x00007ffde2cc0000 - 0x00007ffde2cd0000 	D:\AndroidProjects\jbr\bin\verify.dll
0x00007ffde5b30000 - 0x00007ffde5b57000 	C:\Users\HI\.gradle\native\c067742578af261105cb4f569cf0c3c89f3d7b1fecec35dd04571415982c5e48\windows-amd64\native-platform.dll
0x00007ffdbf050000 - 0x00007ffdbf194000 	C:\Users\HI\.gradle\native\38dada09dfb8b06ba9b0570ebf7e218e3eb74d4ef43ca46872605cf95ebc2f47\windows-amd64\native-platform-file-events.dll
0x00007ffdf7980000 - 0x00007ffdf7989000 	D:\AndroidProjects\jbr\bin\management.dll
0x00007ffde2cd0000 - 0x00007ffde2cdb000 	D:\AndroidProjects\jbr\bin\management_ext.dll
0x00007ffdfcf20000 - 0x00007ffdfcf28000 	C:\WINDOWS\System32\PSAPI.DLL
0x00007ffdfbb20000 - 0x00007ffdfbb3b000 	C:\WINDOWS\SYSTEM32\CRYPTSP.dll
0x00007ffdfb3b0000 - 0x00007ffdfb3e5000 	C:\WINDOWS\system32\rsaenh.dll
0x00007ffdfb9c0000 - 0x00007ffdfb9ec000 	C:\WINDOWS\SYSTEM32\USERENV.dll
0x00007ffdfbb40000 - 0x00007ffdfbb4c000 	C:\WINDOWS\SYSTEM32\CRYPTBASE.dll
0x00007ffdfaed0000 - 0x00007ffdfaefd000 	C:\WINDOWS\SYSTEM32\IPHLPAPI.DLL
0x00007ffdfd540000 - 0x00007ffdfd549000 	C:\WINDOWS\System32\NSI.dll
0x00007ffdf3ce0000 - 0x00007ffdf3cf9000 	C:\WINDOWS\SYSTEM32\dhcpcsvc6.DLL
0x00007ffdf3a70000 - 0x00007ffdf3a8f000 	C:\WINDOWS\SYSTEM32\dhcpcsvc.DLL
0x00007ffdfaf40000 - 0x00007ffdfb039000 	C:\WINDOWS\SYSTEM32\DNSAPI.dll
0x00007ffdf7990000 - 0x00007ffdf7998000 	C:\WINDOWS\system32\wshunix.dll

dbghelp: loaded successfully - version: 4.0.5 - missing functions: none
symbol engine: initialized successfully - sym options: 0x614 - pdb path: .;D:\AndroidProjects\jbr\bin;C:\WINDOWS\SYSTEM32;C:\WINDOWS\WinSxS\amd64_microsoft.windows.common-controls_6595b64144ccf1df_6.0.22621.3235_none_270f74e173860f98;D:\AndroidProjects\jbr\bin\server;C:\Users\HI\.gradle\native\c067742578af261105cb4f569cf0c3c89f3d7b1fecec35dd04571415982c5e48\windows-amd64;C:\Users\HI\.gradle\native\38dada09dfb8b06ba9b0570ebf7e218e3eb74d4ef43ca46872605cf95ebc2f47\windows-amd64

VM Arguments:
jvm_args: --add-opens=java.base/java.util=ALL-UNNAMED --add-opens=java.base/java.lang=ALL-UNNAMED --add-opens=java.base/java.lang.invoke=ALL-UNNAMED --add-opens=java.prefs/java.util.prefs=ALL-UNNAMED --add-opens=java.base/java.nio.charset=ALL-UNNAMED --add-opens=java.base/java.net=ALL-UNNAMED --add-opens=java.base/java.util.concurrent.atomic=ALL-UNNAMED -Xmx2048m -Dfile.encoding=UTF-8 -Duser.country=US -Duser.language=en -Duser.variant -javaagent:C:\Users\HI\.gradle\wrapper\dists\gradle-8.4-bin\1w5dpkrfk8irigvoxmyhowfim\gradle-8.4\lib\agents\gradle-instrumentation-agent-8.4.jar 
java_command: org.gradle.launcher.daemon.bootstrap.GradleDaemon 8.4
java_class_path (initial): C:\Users\HI\.gradle\wrapper\dists\gradle-8.4-bin\1w5dpkrfk8irigvoxmyhowfim\gradle-8.4\lib\gradle-launcher-8.4.jar
Launcher Type: SUN_STANDARD

[Global flags]
     intx CICompilerCount                          = 3                                         {product} {ergonomic}
     uint ConcGCThreads                            = 2                                         {product} {ergonomic}
     uint G1ConcRefinementThreads                  = 6                                         {product} {ergonomic}
   size_t G1HeapRegionSize                         = 1048576                                   {product} {ergonomic}
    uintx GCDrainStackTargetSize                   = 64                                        {product} {ergonomic}
   size_t InitialHeapSize                          = 123731968                                 {product} {ergonomic}
   size_t MarkStackSize                            = 4194304                                   {product} {ergonomic}
   size_t MaxHeapSize                              = 2147483648                                {product} {command line}
   size_t MaxNewSize                               = 1287651328                                {product} {ergonomic}
   size_t MinHeapDeltaBytes                        = 1048576                                   {product} {ergonomic}
   size_t MinHeapSize                              = 8388608                                   {product} {ergonomic}
    uintx NonNMethodCodeHeapSize                   = 5832780                                {pd product} {ergonomic}
    uintx NonProfiledCodeHeapSize                  = 122912730                              {pd product} {ergonomic}
    uintx ProfiledCodeHeapSize                     = 122912730                              {pd product} {ergonomic}
    uintx ReservedCodeCacheSize                    = 251658240                              {pd product} {ergonomic}
     bool SegmentedCodeCache                       = true                                      {product} {ergonomic}
   size_t SoftMaxHeapSize                          = 2147483648                             {manageable} {ergonomic}
     bool UseCompressedClassPointers               = true                           {product lp64_product} {ergonomic}
     bool UseCompressedOops                        = true                           {product lp64_product} {ergonomic}
     bool UseG1GC                                  = true                                      {product} {ergonomic}
     bool UseLargePagesIndividualAllocation        = false                                  {pd product} {ergonomic}

Logging:
Log output configuration:
 #0: stdout all=warning uptime,level,tags
 #1: stderr all=off uptime,level,tags

Environment Variables:
JAVA_HOME=C:\Java\
PATH=C:\Program Files\Common Files\Oracle\Java\javapath;C:\Program Files (x86)\VMware\VMware Workstation\bin\;C:\Java\bin;C:\WINDOWS\system32;C:\WINDOWS;C:\WINDOWS\System32\Wbem;C:\WINDOWS\System32\WindowsPowerShell\v1.0\;C:\WINDOWS\System32\OpenSSH\;C:\MinGW\bin\;C:\TDM-GCC-64\bin;C:\Program Files\Microsoft SQL Server\Client SDK\ODBC\170\Tools\Binn\;C:\Program Files (x86)\Microsoft SQL Server\150\Tools\Binn\;C:\Program Files\Microsoft SQL Server\150\Tools\Binn\;C:\Program Files\Microsoft SQL Server\150\DTS\Binn\;C:\Program Files (x86)\Microsoft SQL Server\160\DTS\Binn\;C:\Program Files (x86)\Microsoft SQL Server\160\Tools\Binn\;C:\Program Files\Microsoft SQL Server\160\Tools\Binn\;C:\Program Files\Microsoft SQL Server\160\DTS\Binn\;D:\;C:\dart-sdk;C:\Program Files\dotnet\;C:\Program Files\Git\cmd;C:\Program Files\MySQL\MySQL Shell 8.0\bin\;D:\Scripts\;D:\;D:\python\Scripts\;D:\python\;C:\Users\HI\AppData\Local\Microsoft\WindowsApps;C:\Users\HI\AppData\Local\Programs\Microsoft VS Code\bin;C:\TDM-GCC-64\bin;D:\php\php;C:\Program Files\JetBrains\PyCharm Community Edition 2021.2.3\bin;;;C:\Program Files\Azure Data Studio\bin;C:\Users\HI\AppData\Roaming\npm;C:\Users\HI\.dotnet\tools;C:\Program Files\JetBrains\IntelliJ IDEA 2023.2.2\bin;;C:\Program Files\JetBrains\IntelliJ IDEA Educational Edition 2022.2.2\bin;;C:\Program Files\JetBrains\IntelliJ IDEA Community Edition 2023.2.2\bin;
USERNAME=HI
OS=Windows_NT
PROCESSOR_IDENTIFIER=AMD64 Family 23 Model 96 Stepping 1, AuthenticAMD
TMP=C:\Users\HI\AppData\Local\Temp
TEMP=C:\Users\HI\AppData\Local\Temp



Periodic native trim disabled

JNI global refs:
JNI global refs: 25, weak refs: 3

JNI global refs memory usage: 843, weak refs: 841

OOME stack traces (most recent first):
Classloader memory used:
Loader org.gradle.internal.classloader.VisitableURLClassLoader                         : 3395K
Loader bootstrap                                                                       : 2426K
Loader org.gradle.initialization.MixInLegacyTypesClassLoader                           : 1027K
Loader jdk.internal.loader.ClassLoaders$PlatformClassLoader                            : 65510B
Loader jdk.internal.loader.ClassLoaders$AppClassLoader                                 : 28453B
Loader jdk.internal.reflect.DelegatingClassLoader                                      : 21651B
Loader org.gradle.internal.classloader.VisitableURLClassLoader                         : 7975B
Loader org.gradle.internal.classloader.VisitableURLClassLoader$InstrumentingVisitableURLClassLoader: 6370B

Classes loaded by more than one classloader:
Class Program                                                                         : loaded 4 times (x 72B)
Class org.gradle.internal.classpath.ClassPath                                         : loaded 2 times (x 68B)
Class org.gradle.api.internal.classpath.DefaultModuleRegistry                         : loaded 2 times (x 84B)
Class Settings_gradle$1$1                                                             : loaded 2 times (x 72B)
Class org.gradle.api.Action                                                           : loaded 2 times (x 68B)
Class org.gradle.api.internal.DefaultClassPathProvider                                : loaded 2 times (x 74B)
Class org.gradle.internal.installation.GradleInstallation$1                           : loaded 2 times (x 73B)
Class org.gradle.internal.classloader.FilteringClassLoader                            : loaded 2 times (x 103B)
Class org.gradle.internal.classpath.DefaultClassPath$ImmutableUniqueList$Builder      : loaded 2 times (x 73B)
Class org.gradle.internal.classloader.ClassLoaderVisitor                              : loaded 2 times (x 74B)
Class org.gradle.internal.service.DefaultServiceLocator                               : loaded 2 times (x 81B)
Class org.gradle.internal.service.UnknownServiceException                             : loaded 2 times (x 81B)
Class org.gradle.internal.classloader.DefaultClassLoaderFactory                       : loaded 2 times (x 80B)
Class org.gradle.internal.classloader.VisitableURLClassLoader$Spec                    : loaded 2 times (x 72B)
Class org.gradle.api.GradleException                                                  : loaded 2 times (x 80B)
Class org.gradle.api.internal.classpath.ModuleRegistry                                : loaded 2 times (x 68B)
Class org.gradle.api.internal.ClassPathProvider                                       : loaded 2 times (x 68B)
Class org.gradle.internal.classloader.ClasspathUtil$1                                 : loaded 2 times (x 74B)
Class org.gradle.internal.classloader.ClassLoaderFactory                              : loaded 2 times (x 68B)
Class org.gradle.api.internal.classpath.ManifestUtil                                  : loaded 2 times (x 69B)
Class org.gradle.api.specs.Spec                                                       : loaded 2 times (x 68B)
Class org.gradle.internal.IoActions                                                   : loaded 2 times (x 69B)
Class org.gradle.api.internal.classpath.EffectiveClassPath                            : loaded 2 times (x 88B)
Class org.gradle.internal.installation.CurrentGradleInstallation                      : loaded 2 times (x 71B)
Class org.gradle.internal.agents.InstrumentingClassLoader                             : loaded 2 times (x 68B)
Class org.gradle.internal.installation.CurrentGradleInstallationLocator               : loaded 2 times (x 69B)
Class org.gradle.api.internal.classpath.Module                                        : loaded 2 times (x 68B)
Class org.gradle.internal.service.CachingServiceLocator                               : loaded 2 times (x 80B)
Class org.gradle.internal.classpath.DefaultClassPath                                  : loaded 2 times (x 88B)
Class Build_gradle$1                                                                  : loaded 2 times (x 76B)
Class org.gradle.internal.classloader.SystemClassLoaderSpec                           : loaded 2 times (x 69B)
Class org.gradle.api.UncheckedIOException                                             : loaded 2 times (x 80B)
Class org.gradle.internal.installation.GradleInstallation                             : loaded 2 times (x 73B)
Class org.gradle.internal.classloader.ClasspathUtil                                   : loaded 2 times (x 69B)
Class org.gradle.api.internal.DefaultClassPathRegistry                                : loaded 2 times (x 74B)
Class org.gradle.api.internal.classpath.DefaultModuleRegistry$DefaultModule           : loaded 2 times (x 84B)
Class org.gradle.kotlin.dsl.VersionCatalogAccessorsKt                                 : loaded 2 times (x 69B)
Class org.gradle.api.internal.classpath.UnknownModuleException                        : loaded 2 times (x 80B)
Class org.gradle.internal.service.ServiceLookupException                              : loaded 2 times (x 80B)
Class org.gradle.cache.GlobalCache                                                    : loaded 2 times (x 68B)
Class [Lorg.gradle.api.internal.ClassPathProvider;                                    : loaded 2 times (x 67B)
Class org.gradle.util.internal.GUtil                                                  : loaded 2 times (x 69B)
Class org.gradle.internal.classloader.ClassLoaderSpec                                 : loaded 2 times (x 69B)
Class org.gradle.internal.classloader.VisitableURLClassLoader                         : loaded 2 times (x 115B)
Class org.gradle.internal.Cast                                                        : loaded 2 times (x 69B)
Class Build_gradle                                                                    : loaded 2 times (x 70B)
Class org.gradle.api.internal.ClassPathRegistry                                       : loaded 2 times (x 68B)
Class org.gradle.internal.classloader.VisitableURLClassLoader$InstrumentingVisitableURLClassLoader: loaded 2 times (x 121B)
Class org.gradle.internal.classloader.ClassLoaderHierarchy                            : loaded 2 times (x 68B)
Class org.gradle.internal.InternalTransformer                                         : loaded 2 times (x 68B)
Class org.gradle.internal.service.ServiceLocator                                      : loaded 2 times (x 68B)
Class Settings_gradle$1                                                               : loaded 2 times (x 72B)
Class org.gradle.internal.classpath.DefaultClassPath$ImmutableUniqueList              : loaded 2 times (x 159B)
Class org.gradle.internal.classpath.TransformedClassPath                              : loaded 2 times (x 94B)
Class Settings_gradle                                                                 : loaded 2 times (x 126B)


---------------  S Y S T E M  ---------------

OS:
 Windows 11 , 64 bit Build 22621 (10.0.22621.3235)
OS uptime: 0 days 1:45 hours

CPU: total 6 (initial active 6) (6 cores per cpu, 1 threads per core) family 23 model 96 stepping 1 microcode 0x0, cx8, cmov, fxsr, mmx, 3dnowpref, sse, sse2, sse3, ssse3, sse4a, sse4.1, sse4.2, popcnt, lzcnt, tsc, tscinvbit, avx, avx2, aes, clmul, bmi1, bmi2, adx, sha, fma, vzeroupper, clflush, clflushopt
Processor Information for all 6 processors :
  Max Mhz: 2375, Current Mhz: 2375, Mhz Limit: 2375

Memory: 4k page, system-wide physical 7542M (293M free)
TotalPageFile size 11638M (AvailPageFile size 4M)
current process WorkingSet (physical memory assigned to process): 241M, peak: 244M
current process commit charge ("private bytes"): 273M, peak: 277M

vm_info: OpenJDK 64-Bit Server VM (17.0.9+0--11185874) for windows-amd64 JRE (17.0.9+0--11185874), built on Dec  6 2023 18:57:44 by "androidbuild" with MS VC++ 16.10 / 16.11 (VS2019)

END.
