#
# There is insufficient memory for the Java Runtime Environment to continue.
# Native memory allocation (malloc) failed to allocate 386896 bytes for Chunk::new
# Possible reasons:
#   The system is out of physical RAM or swap space
#   The process is running with CompressedOops enabled, and the Java Heap may be blocking the growth of the native heap
# Possible solutions:
#   Reduce memory load on the system
#   Increase physical memory or swap space
#   Check if swap backing store is full
#   Decrease Java heap size (-Xmx/-Xms)
#   Decrease number of Java threads
#   Decrease Java thread stack sizes (-Xss)
#   Set larger code cache with -XX:ReservedCodeCacheSize=
#   JVM is running with Unscaled Compressed Oops mode in which the Java heap is
#     placed in the first 4GB address space. The Java Heap base address is the
#     maximum limit for the native heap growth. Please use -XX:HeapBaseMinAddress
#     to set the Java Heap base and to place the Java Heap above 4GB virtual address.
# This output file may be truncated or incomplete.
#
#  Out of Memory Error (arena.cpp:191), pid=896, tid=2236
#
# JRE version: OpenJDK Runtime Environment (17.0.9) (build 17.0.9+0--11185874)
# Java VM: OpenJDK 64-Bit Server VM (17.0.9+0--11185874, mixed mode, tiered, compressed oops, compressed class ptrs, g1 gc, windows-amd64)
# No core dump will be written. Minidumps are not enabled by default on client versions of Windows
#

---------------  S U M M A R Y ------------

Command Line: --add-opens=java.base/java.util=ALL-UNNAMED --add-opens=java.base/java.lang=ALL-UNNAMED --add-opens=java.base/java.lang.invoke=ALL-UNNAMED --add-opens=java.prefs/java.util.prefs=ALL-UNNAMED --add-opens=java.base/java.nio.charset=ALL-UNNAMED --add-opens=java.base/java.net=ALL-UNNAMED --add-opens=java.base/java.util.concurrent.atomic=ALL-UNNAMED -Xmx2048m -Dfile.encoding=UTF-8 -Duser.country=US -Duser.language=en -Duser.variant -javaagent:C:\Users\HI\.gradle\wrapper\dists\gradle-8.4-bin\1w5dpkrfk8irigvoxmyhowfim\gradle-8.4\lib\agents\gradle-instrumentation-agent-8.4.jar org.gradle.launcher.daemon.bootstrap.GradleDaemon 8.4

Host: AMD Ryzen 5 4500U with Radeon Graphics         , 6 cores, 7G,  Windows 11 , 64 bit Build 22621 (10.0.22621.3235)
Time: Mon Mar 25 22:44:51 2024 SE Asia Standard Time elapsed time: 2.869323 seconds (0d 0h 0m 2s)

---------------  T H R E A D  ---------------

Current thread (0x0000013713f1e760):  JavaThread "C2 CompilerThread1" daemon [_thread_in_native, id=2236, stack(0x0000002e55300000,0x0000002e55400000)]


Current CompileTask:
C2:   2869 2807   !   4       java.lang.reflect.Executable::declaredAnnotations (85 bytes)

Stack: [0x0000002e55300000,0x0000002e55400000]
Native frames: (J=compiled Java code, j=interpreted, Vv=VM code, C=native code)
V  [jvm.dll+0x6886e9]
V  [jvm.dll+0x841e4a]
V  [jvm.dll+0x843a8e]
V  [jvm.dll+0x8440f3]
V  [jvm.dll+0x24c14f]
V  [jvm.dll+0xac44c]
V  [jvm.dll+0xaca9c]
V  [jvm.dll+0x2b376f]
V  [jvm.dll+0x590767]
V  [jvm.dll+0x226762]
V  [jvm.dll+0x226b4f]
V  [jvm.dll+0x21fc76]
V  [jvm.dll+0x21d0c1]
V  [jvm.dll+0x1a674d]
V  [jvm.dll+0x22d088]
V  [jvm.dll+0x22b1c0]
V  [jvm.dll+0x7f62f7]
V  [jvm.dll+0x7f06aa]
V  [jvm.dll+0x687565]
C  [ucrtbase.dll+0x29363]
C  [KERNEL32.DLL+0x1257d]
C  [ntdll.dll+0x5aa58]


---------------  P R O C E S S  ---------------

Threads class SMR info:
_java_thread_list=0x0000013715c5e510, length=33, elements={
0x00000137744fd6a0, 0x000001377ef06500, 0x000001377ef3b4d0, 0x000001377f0976a0,
0x000001377f098170, 0x000001377f099550, 0x000001377f09bf20, 0x000001377f09dc80,
0x000001377f09f150, 0x000001377f0a2510, 0x000001377f1c1970, 0x000001377f34e620,
0x0000013713ebfe50, 0x0000013713ccb7f0, 0x0000013713f1e760, 0x000001371400fb30,
0x0000013713c5f360, 0x0000013714c59000, 0x00000137135e09e0, 0x00000137139e8a30,
0x00000137139e0780, 0x00000137139dfd60, 0x00000137139e20d0, 0x00000137139e0c90,
0x00000137139e11a0, 0x00000137139e25e0, 0x00000137139e0270, 0x00000137139dee30,
0x00000137139e1bc0, 0x00000137139df850, 0x0000013715d149b0, 0x0000013715d12640,
0x0000013715d14ec0
}

Java Threads: ( => current thread )
  0x00000137744fd6a0 JavaThread "main" [_thread_blocked, id=3756, stack(0x0000002e53a00000,0x0000002e53b00000)]
  0x000001377ef06500 JavaThread "Reference Handler" daemon [_thread_blocked, id=11536, stack(0x0000002e54100000,0x0000002e54200000)]
  0x000001377ef3b4d0 JavaThread "Finalizer" daemon [_thread_blocked, id=12348, stack(0x0000002e54200000,0x0000002e54300000)]
  0x000001377f0976a0 JavaThread "Signal Dispatcher" daemon [_thread_blocked, id=11580, stack(0x0000002e54300000,0x0000002e54400000)]
  0x000001377f098170 JavaThread "Attach Listener" daemon [_thread_blocked, id=14544, stack(0x0000002e54400000,0x0000002e54500000)]
  0x000001377f099550 JavaThread "Service Thread" daemon [_thread_blocked, id=15952, stack(0x0000002e54500000,0x0000002e54600000)]
  0x000001377f09bf20 JavaThread "Monitor Deflation Thread" daemon [_thread_blocked, id=5344, stack(0x0000002e54600000,0x0000002e54700000)]
  0x000001377f09dc80 JavaThread "C2 CompilerThread0" daemon [_thread_in_native, id=5132, stack(0x0000002e54700000,0x0000002e54800000)]
  0x000001377f09f150 JavaThread "C1 CompilerThread0" daemon [_thread_blocked, id=5416, stack(0x0000002e54800000,0x0000002e54900000)]
  0x000001377f0a2510 JavaThread "Sweeper thread" daemon [_thread_blocked, id=8116, stack(0x0000002e54900000,0x0000002e54a00000)]
  0x000001377f1c1970 JavaThread "Common-Cleaner" daemon [_thread_blocked, id=2288, stack(0x0000002e54a00000,0x0000002e54b00000)]
  0x000001377f34e620 JavaThread "Notification Thread" daemon [_thread_blocked, id=2820, stack(0x0000002e54b00000,0x0000002e54c00000)]
  0x0000013713ebfe50 JavaThread "Daemon health stats" [_thread_blocked, id=12040, stack(0x0000002e55200000,0x0000002e55300000)]
  0x0000013713ccb7f0 JavaThread "Incoming local TCP Connector on port 50285" [_thread_in_native, id=15256, stack(0x0000002e54d00000,0x0000002e54e00000)]
=>0x0000013713f1e760 JavaThread "C2 CompilerThread1" daemon [_thread_in_native, id=2236, stack(0x0000002e55300000,0x0000002e55400000)]
  0x000001371400fb30 JavaThread "Daemon periodic checks" [_thread_blocked, id=2928, stack(0x0000002e55400000,0x0000002e55500000)]
  0x0000013713c5f360 JavaThread "Daemon" [_thread_blocked, id=11716, stack(0x0000002e55500000,0x0000002e55600000)]
  0x0000013714c59000 JavaThread "Handler for socket connection from /127.0.0.1:50285 to /127.0.0.1:50286" [_thread_in_native, id=6108, stack(0x0000002e55600000,0x0000002e55700000)]
  0x00000137135e09e0 JavaThread "Cancel handler" [_thread_blocked, id=9052, stack(0x0000002e55700000,0x0000002e55800000)]
  0x00000137139e8a30 JavaThread "Daemon worker" [_thread_in_vm, id=9624, stack(0x0000002e55800000,0x0000002e55900000)]
  0x00000137139e0780 JavaThread "Asynchronous log dispatcher for DefaultDaemonConnection: socket connection from /127.0.0.1:50285 to /127.0.0.1:50286" [_thread_blocked, id=9196, stack(0x0000002e55900000,0x0000002e55a00000)]
  0x00000137139dfd60 JavaThread "Stdin handler" [_thread_blocked, id=11740, stack(0x0000002e55a00000,0x0000002e55b00000)]
  0x00000137139e20d0 JavaThread "Daemon client event forwarder" [_thread_blocked, id=3616, stack(0x0000002e55b00000,0x0000002e55c00000)]
  0x00000137139e0c90 JavaThread "Cache worker for journal cache (C:\Users\HI\.gradle\caches\journal-1)" [_thread_blocked, id=11200, stack(0x0000002e55e00000,0x0000002e55f00000)]
  0x00000137139e11a0 JavaThread "File lock request listener" [_thread_in_native, id=13176, stack(0x0000002e55f00000,0x0000002e56000000)]
  0x00000137139e25e0 JavaThread "Cache worker for file hash cache (C:\Users\HI\.gradle\caches\8.4\fileHashes)" [_thread_blocked, id=5208, stack(0x0000002e56000000,0x0000002e56100000)]
  0x00000137139e0270 JavaThread "File watcher server" daemon [_thread_in_native, id=14460, stack(0x0000002e56100000,0x0000002e56200000)]
  0x00000137139dee30 JavaThread "File watcher consumer" daemon [_thread_blocked, id=60, stack(0x0000002e56200000,0x0000002e56300000)]
  0x00000137139e1bc0 JavaThread "Cache worker for checksums cache (C:\Users\HI\AndroidStudioProjects\TablayoutCRUD\.gradle\8.4\checksums)" [_thread_blocked, id=8324, stack(0x0000002e56300000,0x0000002e56400000)]
  0x00000137139df850 JavaThread "Cache worker for file hash cache (C:\Users\HI\AndroidStudioProjects\TablayoutCRUD\.gradle\8.4\fileHashes)" [_thread_blocked, id=14860, stack(0x0000002e56400000,0x0000002e56500000)]
  0x0000013715d149b0 JavaThread "Cache worker for cache directory md-supplier (C:\Users\HI\.gradle\caches\8.4\md-supplier)" [_thread_blocked, id=1448, stack(0x0000002e56500000,0x0000002e56600000)]
  0x0000013715d12640 JavaThread "Cache worker for file content cache (C:\Users\HI\.gradle\caches\8.4\fileContent)" [_thread_blocked, id=7224, stack(0x0000002e56600000,0x0000002e56700000)]
  0x0000013715d14ec0 JavaThread "Cache worker for cache directory md-rule (C:\Users\HI\.gradle\caches\8.4\md-rule)" [_thread_blocked, id=15500, stack(0x0000002e56700000,0x0000002e56800000)]

Other Threads:
  0x000001377ef04820 VMThread "VM Thread" [stack: 0x0000002e54000000,0x0000002e54100000] [id=6404]
  0x000001377f2ff780 WatcherThread [stack: 0x0000002e54c00000,0x0000002e54d00000] [id=16028]
  0x0000013774559160 GCTaskThread "GC Thread#0" [stack: 0x0000002e53b00000,0x0000002e53c00000] [id=1812]
  0x00000137130570d0 GCTaskThread "GC Thread#1" [stack: 0x0000002e54e00000,0x0000002e54f00000] [id=632]
  0x00000137131cc130 GCTaskThread "GC Thread#2" [stack: 0x0000002e54f00000,0x0000002e55000000] [id=1180]
  0x00000137133c54b0 GCTaskThread "GC Thread#3" [stack: 0x0000002e55000000,0x0000002e55100000] [id=11768]
  0x000001371315eb70 GCTaskThread "GC Thread#4" [stack: 0x0000002e55100000,0x0000002e55200000] [id=296]
  0x00000137136b4bf0 GCTaskThread "GC Thread#5" [stack: 0x0000002e55c00000,0x0000002e55d00000] [id=4292]
  0x000001377456a0b0 ConcurrentGCThread "G1 Main Marker" [stack: 0x0000002e53c00000,0x0000002e53d00000] [id=16252]
  0x000001377456aad0 ConcurrentGCThread "G1 Conc#0" [stack: 0x0000002e53d00000,0x0000002e53e00000] [id=14516]
  0x0000013713f68d00 ConcurrentGCThread "G1 Conc#1" [stack: 0x0000002e55d00000,0x0000002e55e00000] [id=2996]
  0x000001377ed724c0 ConcurrentGCThread "G1 Refine#0" [stack: 0x0000002e53e00000,0x0000002e53f00000] [id=15644]
  0x000001377ed72ef0 ConcurrentGCThread "G1 Service" [stack: 0x0000002e53f00000,0x0000002e54000000] [id=16296]

Threads with active compile tasks:
C2 CompilerThread0     2879 2802       4       java.lang.invoke.MethodType::makeImpl (109 bytes)
C2 CompilerThread1     2879 2807   !   4       java.lang.reflect.Executable::declaredAnnotations (85 bytes)

VM state: not at safepoint (normal execution)

VM Mutex/Monitor currently owned by a thread: None

Heap address: 0x0000000080000000, size: 2048 MB, Compressed Oops mode: 32-bit

CDS archive(s) not mapped
Compressed class space mapped at: 0x0000000100000000-0x0000000140000000, reserved size: 1073741824
Narrow klass base: 0x0000000000000000, Narrow klass shift: 3, Narrow klass range: 0x140000000

GC Precious Log:
 CPUs: 6 total, 6 available
 Memory: 7542M
 Large Page Support: Disabled
 NUMA Support: Disabled
 Compressed Oops: Enabled (32-bit)
 Heap Region Size: 1M
 Heap Min Capacity: 8M
 Heap Initial Capacity: 118M
 Heap Max Capacity: 2G
 Pre-touch: Disabled
 Parallel Workers: 6
 Concurrent Workers: 2
 Concurrent Refinement Workers: 6
 Periodic GC: Disabled

Heap:
 garbage-first heap   total 86016K, used 49061K [0x0000000080000000, 0x0000000100000000)
  region size 1024K, 30 young (30720K), 4 survivors (4096K)
 Metaspace       used 33458K, committed 33728K, reserved 1114112K
  class space    used 4545K, committed 4672K, reserved 1048576K

Heap Regions: E=young(eden), S=young(survivor), O=old, HS=humongous(starts), HC=humongous(continues), CS=collection set, F=free, OA=open archive, CA=closed archive, TAMS=top-at-mark-start (previous, next)
|   0|0x0000000080000000, 0x0000000080100000, 0x0000000080100000|100%|HS|  |TAMS 0x0000000080100000, 0x0000000080000000| Complete 
|   1|0x0000000080100000, 0x0000000080200000, 0x0000000080200000|100%|HC|  |TAMS 0x0000000080200000, 0x0000000080100000| Complete 
|   2|0x0000000080200000, 0x0000000080300000, 0x0000000080300000|100%|HC|  |TAMS 0x0000000080300000, 0x0000000080200000| Complete 
|   3|0x0000000080300000, 0x0000000080400000, 0x0000000080400000|100%|HC|  |TAMS 0x0000000080400000, 0x0000000080300000| Complete 
|   4|0x0000000080400000, 0x0000000080500000, 0x0000000080500000|100%| O|  |TAMS 0x0000000080500000, 0x0000000080400000| Untracked 
|   5|0x0000000080500000, 0x0000000080600000, 0x0000000080600000|100%| O|  |TAMS 0x0000000080600000, 0x0000000080500000| Untracked 
|   6|0x0000000080600000, 0x0000000080700000, 0x0000000080700000|100%| O|  |TAMS 0x0000000080700000, 0x0000000080600000| Untracked 
|   7|0x0000000080700000, 0x0000000080800000, 0x0000000080800000|100%| O|  |TAMS 0x0000000080800000, 0x0000000080700000| Untracked 
|   8|0x0000000080800000, 0x0000000080900000, 0x0000000080900000|100%| O|  |TAMS 0x0000000080900000, 0x0000000080800000| Untracked 
|   9|0x0000000080900000, 0x0000000080a00000, 0x0000000080a00000|100%| O|  |TAMS 0x0000000080a00000, 0x0000000080900000| Untracked 
|  10|0x0000000080a00000, 0x0000000080ac2400, 0x0000000080b00000| 75%| O|  |TAMS 0x0000000080ac2400, 0x0000000080a00000| Untracked 
|  11|0x0000000080b00000, 0x0000000080c00000, 0x0000000080c00000|100%| O|  |TAMS 0x0000000080b00000, 0x0000000080b00000| Untracked 
|  12|0x0000000080c00000, 0x0000000080d00000, 0x0000000080d00000|100%| O|  |TAMS 0x0000000080c00000, 0x0000000080c00000| Untracked 
|  13|0x0000000080d00000, 0x0000000080e00000, 0x0000000080e00000|100%| O|  |TAMS 0x0000000080d00000, 0x0000000080d00000| Untracked 
|  14|0x0000000080e00000, 0x0000000080f00000, 0x0000000080f00000|100%| O|  |TAMS 0x0000000080e00000, 0x0000000080e00000| Untracked 
|  15|0x0000000080f00000, 0x0000000081000000, 0x0000000081000000|100%| O|  |TAMS 0x0000000080f00000, 0x0000000080f00000| Untracked 
|  16|0x0000000081000000, 0x0000000081100000, 0x0000000081100000|100%| O|  |TAMS 0x0000000081000000, 0x0000000081000000| Untracked 
|  17|0x0000000081100000, 0x0000000081200000, 0x0000000081200000|100%| O|  |TAMS 0x0000000081100000, 0x0000000081100000| Untracked 
|  18|0x0000000081200000, 0x0000000081300000, 0x0000000081300000|100%| O|  |TAMS 0x0000000081200000, 0x0000000081200000| Untracked 
|  19|0x0000000081300000, 0x0000000081376400, 0x0000000081400000| 46%| O|  |TAMS 0x0000000081300000, 0x0000000081300000| Untracked 
|  20|0x0000000081400000, 0x0000000081400000, 0x0000000081500000|  0%| F|  |TAMS 0x0000000081400000, 0x0000000081400000| Untracked 
|  21|0x0000000081500000, 0x0000000081500000, 0x0000000081600000|  0%| F|  |TAMS 0x0000000081500000, 0x0000000081500000| Untracked 
|  22|0x0000000081600000, 0x0000000081600000, 0x0000000081700000|  0%| F|  |TAMS 0x0000000081600000, 0x0000000081600000| Untracked 
|  23|0x0000000081700000, 0x0000000081700000, 0x0000000081800000|  0%| F|  |TAMS 0x0000000081700000, 0x0000000081700000| Untracked 
|  24|0x0000000081800000, 0x0000000081800000, 0x0000000081900000|  0%| F|  |TAMS 0x0000000081800000, 0x0000000081800000| Untracked 
|  25|0x0000000081900000, 0x0000000081900000, 0x0000000081a00000|  0%| F|  |TAMS 0x0000000081900000, 0x0000000081900000| Untracked 
|  26|0x0000000081a00000, 0x0000000081a00000, 0x0000000081b00000|  0%| F|  |TAMS 0x0000000081a00000, 0x0000000081a00000| Untracked 
|  27|0x0000000081b00000, 0x0000000081b00000, 0x0000000081c00000|  0%| F|  |TAMS 0x0000000081b00000, 0x0000000081b00000| Untracked 
|  28|0x0000000081c00000, 0x0000000081c00000, 0x0000000081d00000|  0%| F|  |TAMS 0x0000000081c00000, 0x0000000081c00000| Untracked 
|  29|0x0000000081d00000, 0x0000000081d00000, 0x0000000081e00000|  0%| F|  |TAMS 0x0000000081d00000, 0x0000000081d00000| Untracked 
|  30|0x0000000081e00000, 0x0000000081e00000, 0x0000000081f00000|  0%| F|  |TAMS 0x0000000081e00000, 0x0000000081e00000| Untracked 
|  31|0x0000000081f00000, 0x0000000081f00000, 0x0000000082000000|  0%| F|  |TAMS 0x0000000081f00000, 0x0000000081f00000| Untracked 
|  32|0x0000000082000000, 0x0000000082000000, 0x0000000082100000|  0%| F|  |TAMS 0x0000000082000000, 0x0000000082000000| Untracked 
|  33|0x0000000082100000, 0x0000000082100000, 0x0000000082200000|  0%| F|  |TAMS 0x0000000082100000, 0x0000000082100000| Untracked 
|  34|0x0000000082200000, 0x0000000082200000, 0x0000000082300000|  0%| F|  |TAMS 0x0000000082200000, 0x0000000082200000| Untracked 
|  35|0x0000000082300000, 0x0000000082300000, 0x0000000082400000|  0%| F|  |TAMS 0x0000000082300000, 0x0000000082300000| Untracked 
|  36|0x0000000082400000, 0x0000000082400000, 0x0000000082500000|  0%| F|  |TAMS 0x0000000082400000, 0x0000000082400000| Untracked 
|  37|0x0000000082500000, 0x0000000082500000, 0x0000000082600000|  0%| F|  |TAMS 0x0000000082500000, 0x0000000082500000| Untracked 
|  38|0x0000000082600000, 0x0000000082600000, 0x0000000082700000|  0%| F|  |TAMS 0x0000000082600000, 0x0000000082600000| Untracked 
|  39|0x0000000082700000, 0x00000000827b0db8, 0x0000000082800000| 69%| S|CS|TAMS 0x0000000082700000, 0x0000000082700000| Complete 
|  40|0x0000000082800000, 0x0000000082900000, 0x0000000082900000|100%| S|CS|TAMS 0x0000000082800000, 0x0000000082800000| Complete 
|  41|0x0000000082900000, 0x0000000082a00000, 0x0000000082a00000|100%| S|CS|TAMS 0x0000000082900000, 0x0000000082900000| Complete 
|  42|0x0000000082a00000, 0x0000000082b00000, 0x0000000082b00000|100%| S|CS|TAMS 0x0000000082a00000, 0x0000000082a00000| Complete 
|  43|0x0000000082b00000, 0x0000000082b00000, 0x0000000082c00000|  0%| F|  |TAMS 0x0000000082b00000, 0x0000000082b00000| Untracked 
|  44|0x0000000082c00000, 0x0000000082c00000, 0x0000000082d00000|  0%| F|  |TAMS 0x0000000082c00000, 0x0000000082c00000| Untracked 
|  45|0x0000000082d00000, 0x0000000082d00000, 0x0000000082e00000|  0%| F|  |TAMS 0x0000000082d00000, 0x0000000082d00000| Untracked 
|  46|0x0000000082e00000, 0x0000000082e00000, 0x0000000082f00000|  0%| F|  |TAMS 0x0000000082e00000, 0x0000000082e00000| Untracked 
|  47|0x0000000082f00000, 0x0000000082f00000, 0x0000000083000000|  0%| F|  |TAMS 0x0000000082f00000, 0x0000000082f00000| Untracked 
|  48|0x0000000083000000, 0x0000000083000000, 0x0000000083100000|  0%| F|  |TAMS 0x0000000083000000, 0x0000000083000000| Untracked 
|  49|0x0000000083100000, 0x0000000083100000, 0x0000000083200000|  0%| F|  |TAMS 0x0000000083100000, 0x0000000083100000| Untracked 
|  50|0x0000000083200000, 0x0000000083200000, 0x0000000083300000|  0%| F|  |TAMS 0x0000000083200000, 0x0000000083200000| Untracked 
|  51|0x0000000083300000, 0x0000000083300000, 0x0000000083400000|  0%| F|  |TAMS 0x0000000083300000, 0x0000000083300000| Untracked 
|  52|0x0000000083400000, 0x0000000083400000, 0x0000000083500000|  0%| F|  |TAMS 0x0000000083400000, 0x0000000083400000| Untracked 
|  53|0x0000000083500000, 0x0000000083500000, 0x0000000083600000|  0%| F|  |TAMS 0x0000000083500000, 0x0000000083500000| Untracked 
|  54|0x0000000083600000, 0x0000000083600000, 0x0000000083700000|  0%| F|  |TAMS 0x0000000083600000, 0x0000000083600000| Untracked 
|  55|0x0000000083700000, 0x0000000083700000, 0x0000000083800000|  0%| F|  |TAMS 0x0000000083700000, 0x0000000083700000| Untracked 
|  56|0x0000000083800000, 0x0000000083800000, 0x0000000083900000|  0%| F|  |TAMS 0x0000000083800000, 0x0000000083800000| Untracked 
|  57|0x0000000083900000, 0x0000000083900000, 0x0000000083a00000|  0%| F|  |TAMS 0x0000000083900000, 0x0000000083900000| Untracked 
|  58|0x0000000083a00000, 0x0000000083b00000, 0x0000000083b00000|100%| E|  |TAMS 0x0000000083a00000, 0x0000000083a00000| Complete 
|  59|0x0000000083b00000, 0x0000000083c00000, 0x0000000083c00000|100%| E|CS|TAMS 0x0000000083b00000, 0x0000000083b00000| Complete 
|  60|0x0000000083c00000, 0x0000000083d00000, 0x0000000083d00000|100%| E|CS|TAMS 0x0000000083c00000, 0x0000000083c00000| Complete 
|  61|0x0000000083d00000, 0x0000000083e00000, 0x0000000083e00000|100%| E|CS|TAMS 0x0000000083d00000, 0x0000000083d00000| Complete 
|  62|0x0000000083e00000, 0x0000000083f00000, 0x0000000083f00000|100%| E|CS|TAMS 0x0000000083e00000, 0x0000000083e00000| Complete 
|  63|0x0000000083f00000, 0x0000000084000000, 0x0000000084000000|100%| E|CS|TAMS 0x0000000083f00000, 0x0000000083f00000| Complete 
|  64|0x0000000084000000, 0x0000000084100000, 0x0000000084100000|100%| E|CS|TAMS 0x0000000084000000, 0x0000000084000000| Complete 
|  65|0x0000000084100000, 0x0000000084200000, 0x0000000084200000|100%| E|CS|TAMS 0x0000000084100000, 0x0000000084100000| Complete 
|  66|0x0000000084200000, 0x0000000084300000, 0x0000000084300000|100%| E|CS|TAMS 0x0000000084200000, 0x0000000084200000| Complete 
|  67|0x0000000084300000, 0x0000000084400000, 0x0000000084400000|100%| E|CS|TAMS 0x0000000084300000, 0x0000000084300000| Complete 
|  68|0x0000000084400000, 0x0000000084500000, 0x0000000084500000|100%| E|CS|TAMS 0x0000000084400000, 0x0000000084400000| Complete 
|  69|0x0000000084500000, 0x0000000084600000, 0x0000000084600000|100%| E|CS|TAMS 0x0000000084500000, 0x0000000084500000| Complete 
|  70|0x0000000084600000, 0x0000000084700000, 0x0000000084700000|100%| E|CS|TAMS 0x0000000084600000, 0x0000000084600000| Complete 
|  71|0x0000000084700000, 0x0000000084800000, 0x0000000084800000|100%| E|CS|TAMS 0x0000000084700000, 0x0000000084700000| Complete 
|  72|0x0000000084800000, 0x0000000084900000, 0x0000000084900000|100%| E|CS|TAMS 0x0000000084800000, 0x0000000084800000| Complete 
|  73|0x0000000084900000, 0x0000000084a00000, 0x0000000084a00000|100%| E|CS|TAMS 0x0000000084900000, 0x0000000084900000| Complete 
|  74|0x0000000084a00000, 0x0000000084b00000, 0x0000000084b00000|100%| E|CS|TAMS 0x0000000084a00000, 0x0000000084a00000| Complete 
|  75|0x0000000084b00000, 0x0000000084c00000, 0x0000000084c00000|100%| E|CS|TAMS 0x0000000084b00000, 0x0000000084b00000| Complete 
|  76|0x0000000084c00000, 0x0000000084d00000, 0x0000000084d00000|100%| E|CS|TAMS 0x0000000084c00000, 0x0000000084c00000| Complete 
|  77|0x0000000084d00000, 0x0000000084e00000, 0x0000000084e00000|100%| E|CS|TAMS 0x0000000084d00000, 0x0000000084d00000| Complete 
|  78|0x0000000084e00000, 0x0000000084f00000, 0x0000000084f00000|100%| E|CS|TAMS 0x0000000084e00000, 0x0000000084e00000| Complete 
|  79|0x0000000084f00000, 0x0000000085000000, 0x0000000085000000|100%| E|CS|TAMS 0x0000000084f00000, 0x0000000084f00000| Complete 
|  80|0x0000000085000000, 0x0000000085100000, 0x0000000085100000|100%| E|CS|TAMS 0x0000000085000000, 0x0000000085000000| Complete 
|  81|0x0000000085100000, 0x0000000085200000, 0x0000000085200000|100%| E|CS|TAMS 0x0000000085100000, 0x0000000085100000| Complete 
|  82|0x0000000085200000, 0x0000000085300000, 0x0000000085300000|100%| E|CS|TAMS 0x0000000085200000, 0x0000000085200000| Complete 
| 117|0x0000000087500000, 0x0000000087600000, 0x0000000087600000|100%| E|CS|TAMS 0x0000000087500000, 0x0000000087500000| Complete 

Card table byte_map: [0x0000013777ee0000,0x00000137782e0000] _byte_map_base: 0x0000013777ae0000

Marking Bits (Prev, Next): (CMBitMap*) 0x00000137745597c0, (CMBitMap*) 0x0000013774559780
 Prev Bits: [0x000001377a6e0000, 0x000001377c6e0000)
 Next Bits: [0x00000137786e0000, 0x000001377a6e0000)

Polling page: 0x0000013772460000

Metaspace:

Usage:
  Non-class:     28.26 MB used.
      Class:      4.44 MB used.
       Both:     32.71 MB used.

Virtual space:
  Non-class space:       64.00 MB reserved,      28.38 MB ( 44%) committed,  1 nodes.
      Class space:        1.00 GB reserved,       4.56 MB ( <1%) committed,  1 nodes.
             Both:        1.06 GB reserved,      32.94 MB (  3%) committed. 

Chunk freelists:
   Non-Class:  2.88 MB
       Class:  11.41 MB
        Both:  14.28 MB

MaxMetaspaceSize: unlimited
CompressedClassSpaceSize: 1.00 GB
Initial GC threshold: 21.00 MB
Current GC threshold: 35.12 MB
CDS: off
MetaspaceReclaimPolicy: balanced
 - commit_granule_bytes: 65536.
 - commit_granule_words: 8192.
 - virtual_space_node_default_size: 8388608.
 - enlarge_chunks_in_place: 1.
 - new_chunks_are_fully_committed: 0.
 - uncommit_free_chunks: 1.
 - use_allocation_guard: 0.
 - handle_deallocations: 1.


Internal statistics:

num_allocs_failed_limit: 3.
num_arena_births: 244.
num_arena_deaths: 0.
num_vsnodes_births: 2.
num_vsnodes_deaths: 0.
num_space_committed: 528.
num_space_uncommitted: 0.
num_chunks_returned_to_freelist: 3.
num_chunks_taken_from_freelist: 1123.
num_chunk_merges: 3.
num_chunk_splits: 759.
num_chunks_enlarged: 567.
num_inconsistent_stats: 0.

CodeHeap 'non-profiled nmethods': size=120000Kb used=1524Kb max_used=1524Kb free=118475Kb
 bounds [0x0000013707ad0000, 0x0000013707d40000, 0x000001370f000000]
CodeHeap 'profiled nmethods': size=120000Kb used=5730Kb max_used=5730Kb free=114270Kb
 bounds [0x0000013700000000, 0x00000137005a0000, 0x0000013707530000]
CodeHeap 'non-nmethods': size=5760Kb used=1241Kb max_used=1280Kb free=4518Kb
 bounds [0x0000013707530000, 0x00000137077a0000, 0x0000013707ad0000]
 total_blobs=3368 nmethods=2819 adapters=461
 compilation: enabled
              stopped_count=0, restarted_count=0
 full_count=0

Compilation events (20 events):
Event: 2.843 Thread 0x000001377f09f150 2816       3       org.objectweb.asm.MethodWriter::hasFrames (13 bytes)
Event: 2.843 Thread 0x000001377f09f150 nmethod 2816 0x000001370058fb10 code [0x000001370058fca0, 0x000001370058fe18]
Event: 2.843 Thread 0x000001377f09f150 2817       3       org.objectweb.asm.MethodWriter::putMethodInfo (1274 bytes)
Event: 2.844 Thread 0x0000013713f1e760 nmethod 2803 0x0000013707c4b710 code [0x0000013707c4b900, 0x0000013707c4c828]
Event: 2.844 Thread 0x0000013713f1e760 2813       4       java.lang.reflect.Method::getParameterTypes (11 bytes)
Event: 2.845 Thread 0x0000013713f1e760 nmethod 2813 0x0000013707c4ce10 code [0x0000013707c4cfa0, 0x0000013707c4d0f8]
Event: 2.845 Thread 0x0000013713f1e760 2807   !   4       java.lang.reflect.Executable::declaredAnnotations (85 bytes)
Event: 2.845 Thread 0x000001377f09f150 nmethod 2817 0x000001370058fe90 code [0x0000013700590560, 0x0000013700592d68]
Event: 2.845 Thread 0x000001377f09f150 2818       3       org.objectweb.asm.Handler::putExceptionTable (63 bytes)
Event: 2.846 Thread 0x000001377f09f150 nmethod 2818 0x0000013700594090 code [0x00000137005942a0, 0x0000013700594728]
Event: 2.846 Thread 0x000001377f09f150 2819       3       java.util.LinkedHashMap::<init> (11 bytes)
Event: 2.846 Thread 0x000001377f09f150 nmethod 2819 0x0000013700594a10 code [0x0000013700594be0, 0x0000013700594da8]
Event: 2.846 Thread 0x000001377f09f150 2821       3       java.lang.invoke.DirectMethodHandle::make (275 bytes)
Event: 2.847 Thread 0x000001377f09f150 nmethod 2821 0x0000013700594e90 code [0x0000013700595220, 0x0000013700596678]
Event: 2.849 Thread 0x000001377f09f150 2822       3       java.lang.invoke.MethodHandles$Lookup::checkMethod (87 bytes)
Event: 2.849 Thread 0x000001377f09f150 nmethod 2822 0x0000013700596e90 code [0x00000137005970a0, 0x0000013700597818]
Event: 2.866 Thread 0x000001377f09f150 2823       3       com.google.common.base.Preconditions::checkArgument (28 bytes)
Event: 2.866 Thread 0x000001377f09f150 nmethod 2823 0x0000013700597a90 code [0x0000013700597c80, 0x0000013700598278]
Event: 2.866 Thread 0x000001377f09f150 2824       3       com.google.common.io.BaseEncoding$Alphabet::encode (7 bytes)
Event: 2.866 Thread 0x000001377f09f150 nmethod 2824 0x0000013700598490 code [0x0000013700598620, 0x0000013700598758]

GC Heap History (10 events):
Event: 0.456 GC heap before
{Heap before GC invocations=0 (full 0):
 garbage-first heap   total 120832K, used 24576K [0x0000000080000000, 0x0000000100000000)
  region size 1024K, 21 young (21504K), 0 survivors (0K)
 Metaspace       used 10207K, committed 10304K, reserved 1114112K
  class space    used 1043K, committed 1088K, reserved 1048576K
}
Event: 0.461 GC heap after
{Heap after GC invocations=1 (full 0):
 garbage-first heap   total 120832K, used 10174K [0x0000000080000000, 0x0000000100000000)
  region size 1024K, 3 young (3072K), 3 survivors (3072K)
 Metaspace       used 10207K, committed 10304K, reserved 1114112K
  class space    used 1043K, committed 1088K, reserved 1048576K
}
Event: 0.763 GC heap before
{Heap before GC invocations=1 (full 0):
 garbage-first heap   total 120832K, used 34750K [0x0000000080000000, 0x0000000100000000)
  region size 1024K, 27 young (27648K), 3 survivors (3072K)
 Metaspace       used 11430K, committed 11584K, reserved 1114112K
  class space    used 1197K, committed 1280K, reserved 1048576K
}
Event: 0.767 GC heap after
{Heap after GC invocations=2 (full 0):
 garbage-first heap   total 120832K, used 11839K [0x0000000080000000, 0x0000000100000000)
  region size 1024K, 1 young (1024K), 1 survivors (1024K)
 Metaspace       used 11430K, committed 11584K, reserved 1114112K
  class space    used 1197K, committed 1280K, reserved 1048576K
}
Event: 1.655 GC heap before
{Heap before GC invocations=2 (full 0):
 garbage-first heap   total 120832K, used 62015K [0x0000000080000000, 0x0000000100000000)
  region size 1024K, 50 young (51200K), 1 survivors (1024K)
 Metaspace       used 21300K, committed 21504K, reserved 1114112K
  class space    used 2515K, committed 2624K, reserved 1048576K
}
Event: 1.662 GC heap after
{Heap after GC invocations=3 (full 0):
 garbage-first heap   total 120832K, used 19601K [0x0000000080000000, 0x0000000100000000)
  region size 1024K, 9 young (9216K), 9 survivors (9216K)
 Metaspace       used 21300K, committed 21504K, reserved 1114112K
  class space    used 2515K, committed 2624K, reserved 1048576K
}
Event: 2.200 GC heap before
{Heap before GC invocations=4 (full 0):
 garbage-first heap   total 71680K, used 53393K [0x0000000080000000, 0x0000000100000000)
  region size 1024K, 42 young (43008K), 9 survivors (9216K)
 Metaspace       used 26540K, committed 26816K, reserved 1114112K
  class space    used 3415K, committed 3520K, reserved 1048576K
}
Event: 2.206 GC heap after
{Heap after GC invocations=5 (full 0):
 garbage-first heap   total 71680K, used 21678K [0x0000000080000000, 0x0000000100000000)
  region size 1024K, 2 young (2048K), 2 survivors (2048K)
 Metaspace       used 26540K, committed 26816K, reserved 1114112K
  class space    used 3415K, committed 3520K, reserved 1048576K
}
Event: 2.576 GC heap before
{Heap before GC invocations=5 (full 0):
 garbage-first heap   total 71680K, used 48302K [0x0000000080000000, 0x0000000100000000)
  region size 1024K, 29 young (29696K), 2 survivors (2048K)
 Metaspace       used 30324K, committed 30592K, reserved 1114112K
  class space    used 4034K, committed 4160K, reserved 1048576K
}
Event: 2.579 GC heap after
{Heap after GC invocations=6 (full 0):
 garbage-first heap   total 86016K, used 23461K [0x0000000080000000, 0x0000000100000000)
  region size 1024K, 4 young (4096K), 4 survivors (4096K)
 Metaspace       used 30324K, committed 30592K, reserved 1114112K
  class space    used 4034K, committed 4160K, reserved 1048576K
}

Dll operation events (3 events):
Event: 0.006 Loaded shared library D:\AndroidProjects\jbr\bin\java.dll
Event: 0.107 Loaded shared library D:\AndroidProjects\jbr\bin\zip.dll
Event: 0.302 Loaded shared library D:\AndroidProjects\jbr\bin\verify.dll

Deoptimization events (20 events):
Event: 1.921 Thread 0x00000137139e8a30 Uncommon trap: trap_request=0xffffff45 fr.pc=0x0000013707af0310 relative=0x0000000000000a90
Event: 1.921 Thread 0x00000137139e8a30 Uncommon trap: reason=unstable_if action=reinterpret pc=0x0000013707af0310 method=java.io.WinNTFileSystem.resolve(Ljava/lang/String;Ljava/lang/String;)Ljava/lang/String; @ 19 c2
Event: 1.921 Thread 0x00000137139e8a30 DEOPT PACKING pc=0x0000013707af0310 sp=0x0000002e558fcb90
Event: 1.921 Thread 0x00000137139e8a30 DEOPT UNPACKING pc=0x00000137075869a3 sp=0x0000002e558fcb38 mode 2
Event: 1.922 Thread 0x00000137139e8a30 Uncommon trap: trap_request=0xffffff45 fr.pc=0x0000013707b41fc0 relative=0x00000000000005a0
Event: 1.922 Thread 0x00000137139e8a30 Uncommon trap: reason=unstable_if action=reinterpret pc=0x0000013707b41fc0 method=java.io.File.getName()Ljava/lang/String; @ 16 c2
Event: 1.922 Thread 0x00000137139e8a30 DEOPT PACKING pc=0x0000013707b41fc0 sp=0x0000002e558fcb30
Event: 1.922 Thread 0x00000137139e8a30 DEOPT UNPACKING pc=0x00000137075869a3 sp=0x0000002e558fcb00 mode 2
Event: 2.296 Thread 0x00000137139e8a30 Uncommon trap: trap_request=0xffffff45 fr.pc=0x0000013707bd33a0 relative=0x0000000000000180
Event: 2.296 Thread 0x00000137139e8a30 Uncommon trap: reason=unstable_if action=reinterpret pc=0x0000013707bd33a0 method=java.util.HashMap.getNode(Ljava/lang/Object;)Ljava/util/HashMap$Node; @ 131 c2
Event: 2.296 Thread 0x00000137139e8a30 DEOPT PACKING pc=0x0000013707bd33a0 sp=0x0000002e558faad0
Event: 2.296 Thread 0x00000137139e8a30 DEOPT UNPACKING pc=0x00000137075869a3 sp=0x0000002e558fa9e0 mode 2
Event: 2.296 Thread 0x00000137139e8a30 Uncommon trap: trap_request=0xffffff45 fr.pc=0x0000013707c011cc relative=0x000000000000022c
Event: 2.296 Thread 0x00000137139e8a30 Uncommon trap: reason=unstable_if action=reinterpret pc=0x0000013707c011cc method=java.util.HashMap.getNode(Ljava/lang/Object;)Ljava/util/HashMap$Node; @ 131 c2
Event: 2.296 Thread 0x00000137139e8a30 DEOPT PACKING pc=0x0000013707c011cc sp=0x0000002e558faa60
Event: 2.296 Thread 0x00000137139e8a30 DEOPT UNPACKING pc=0x00000137075869a3 sp=0x0000002e558fa9e0 mode 2
Event: 2.362 Thread 0x00000137139e8a30 Uncommon trap: trap_request=0xffffff45 fr.pc=0x0000013707b00cf4 relative=0x00000000000000d4
Event: 2.362 Thread 0x00000137139e8a30 Uncommon trap: reason=unstable_if action=reinterpret pc=0x0000013707b00cf4 method=java.util.HashMap.hash(Ljava/lang/Object;)I @ 1 c2
Event: 2.362 Thread 0x00000137139e8a30 DEOPT PACKING pc=0x0000013707b00cf4 sp=0x0000002e558f99f0
Event: 2.362 Thread 0x00000137139e8a30 DEOPT UNPACKING pc=0x00000137075869a3 sp=0x0000002e558f9930 mode 2

Classes unloaded (0 events):
No events

Classes redefined (0 events):
No events

Internal exceptions (20 events):
Event: 2.131 Thread 0x00000137139e8a30 Exception <a 'java/lang/IncompatibleClassChangeError'{0x00000000821ea7f8}: Found class java.lang.Object, but interface was expected> (0x00000000821ea7f8) 
thrown [s\src\hotspot\share\interpreter\linkResolver.cpp, line 838]
Event: 2.170 Thread 0x00000137139e8a30 Exception <a 'java/lang/NoSuchMethodError'{0x0000000081e221a0}: 'int java.lang.invoke.DirectMethodHandle$Holder.invokeStatic(java.lang.Object, java.lang.Object, java.lang.Object, java.lang.Object)'> (0x0000000081e221a0) 
thrown [s\src\hotspot\share\interpreter\linkResolver.cpp, line 771]
Event: 2.170 Thread 0x00000137139e8a30 Exception <a 'java/lang/NoSuchMethodError'{0x0000000081e25dc8}: 'java.lang.Object java.lang.invoke.Invokers$Holder.invokeExact_MT(java.lang.Object, java.lang.Object, java.lang.Object, java.lang.Object, java.lang.Object, java.lang.Object)'> (0x0000000081e25dc8) 
thrown [s\src\hotspot\share\interpreter\linkResolver.cpp, line 771]
Event: 2.220 Thread 0x00000137139e8a30 Exception <a 'java/lang/NoSuchMethodError'{0x000000008440d760}: 'java.lang.Object java.lang.invoke.DirectMethodHandle$Holder.invokeSpecial(java.lang.Object, java.lang.Object, java.lang.Object, java.lang.Object, java.lang.Object, java.lang.Object, java.lang.Object, java.lang.Object, java.lang.Object)'> (0x000000008440d760) 
thrown [s\src\hotspot\share\interpreter\linkResolver.cpp, line 771]
Event: 2.283 Thread 0x00000137139e8a30 Exception <a 'java/lang/NoSuchMethodError'{0x0000000083f73100}: 'java.lang.Object java.lang.invoke.DirectMethodHandle$Holder.invokeVirtual(java.lang.Object, java.lang.Object, java.lang.Object, java.lang.Object)'> (0x0000000083f73100) 
thrown [s\src\hotspot\share\interpreter\linkResolver.cpp, line 771]
Event: 2.304 Thread 0x00000137139e8a30 Exception <a 'java/lang/NoSuchMethodError'{0x0000000083ebb8d0}: 'java.lang.Object java.lang.invoke.DirectMethodHandle$Holder.newInvokeSpecial(java.lang.Object, java.lang.Object, java.lang.Object, java.lang.Object, java.lang.Object, java.lang.Object, java.lang.Object)'> (0x0000000083ebb8d0) 
thrown [s\src\hotspot\share\interpreter\linkResolver.cpp, line 771]
Event: 2.304 Thread 0x00000137139e8a30 Exception <a 'java/lang/NoSuchMethodError'{0x0000000083ec05a0}: 'java.lang.Object java.lang.invoke.Invokers$Holder.linkToTargetMethod(java.lang.Object, java.lang.Object, java.lang.Object, java.lang.Object, java.lang.Object, java.lang.Object, java.lang.Object)'> (0x0000000083ec05a0) 
thrown [s\src\hotspot\share\interpreter\linkResolver.cpp, line 771]
Event: 2.323 Thread 0x00000137139e8a30 Exception <a 'java/lang/NoSuchMethodError'{0x0000000083c15420}: 'java.lang.Object java.lang.invoke.DirectMethodHandle$Holder.invokeVirtual(java.lang.Object, java.lang.Object, java.lang.Object, java.lang.Object, java.lang.Object, java.lang.Object, java.lang.Object, java.lang.Object, java.lang.Object, java.lang.Object, java.lang.Object, java.lang.Object, java.lang.Object, java.lang.Object, java.lang.Object, java.lang.Object, java.lang.Object, java.lang.Object, java.lang.Object, java.lang.Object, java.lang.Ob
Event: 2.362 Thread 0x00000137139e8a30 Implicit null exception at 0x0000013707b00c58 to 0x0000013707b00cea
Event: 2.535 Thread 0x00000137139e8a30 Exception <a 'java/lang/NoSuchMethodError'{0x0000000082ee3968}: 'void java.lang.invoke.DirectMethodHandle$Holder.invokeStatic(java.lang.Object, java.lang.Object, java.lang.Object, java.lang.Object)'> (0x0000000082ee3968) 
thrown [s\src\hotspot\share\interpreter\linkResolver.cpp, line 771]
Event: 2.537 Thread 0x00000137139e8a30 Exception <a 'java/lang/NoSuchMethodError'{0x0000000082d0ae50}: 'int java.lang.invoke.DirectMethodHandle$Holder.invokeVirtual(java.lang.Object, java.lang.Object)'> (0x0000000082d0ae50) 
thrown [s\src\hotspot\share\interpreter\linkResolver.cpp, line 771]
Event: 2.538 Thread 0x00000137139e8a30 Exception <a 'java/lang/NoSuchMethodError'{0x0000000082d1d740}: 'java.lang.Object java.lang.invoke.DirectMethodHandle$Holder.invokeStaticInit(java.lang.Object, java.lang.Object, java.lang.Object)'> (0x0000000082d1d740) 
thrown [s\src\hotspot\share\interpreter\linkResolver.cpp, line 771]
Event: 2.543 Thread 0x00000137139e8a30 Exception <a 'java/lang/NoSuchMethodError'{0x0000000082d44900}: 'int java.lang.invoke.DirectMethodHandle$Holder.invokeVirtual(java.lang.Object, java.lang.Object, java.lang.Object)'> (0x0000000082d44900) 
thrown [s\src\hotspot\share\interpreter\linkResolver.cpp, line 771]
Event: 2.685 Thread 0x00000137139e8a30 Exception <a 'java/lang/NoSuchMethodError'{0x0000000084b7f4b0}: 'java.lang.Object java.lang.invoke.DirectMethodHandle$Holder.invokeSpecialIFC(java.lang.Object, java.lang.Object, java.lang.Object, java.lang.Object)'> (0x0000000084b7f4b0) 
thrown [s\src\hotspot\share\interpreter\linkResolver.cpp, line 771]
Event: 2.690 Thread 0x00000137139e8a30 Exception <a 'java/lang/NoSuchMethodError'{0x0000000084a235a8}: 'java.lang.Object java.lang.invoke.DirectMethodHandle$Holder.newInvokeSpecial(java.lang.Object, java.lang.Object, java.lang.Object, java.lang.Object, java.lang.Object, java.lang.Object, java.lang.Object, java.lang.Object, java.lang.Object, java.lang.Object)'> (0x0000000084a235a8) 
thrown [s\src\hotspot\share\interpreter\linkResolver.cpp, line 771]
Event: 2.691 Thread 0x00000137139e8a30 Exception <a 'java/lang/NoSuchMethodError'{0x0000000084a28490}: 'java.lang.Object java.lang.invoke.Invokers$Holder.linkToTargetMethod(java.lang.Object, java.lang.Object, java.lang.Object, java.lang.Object, java.lang.Object, java.lang.Object, java.lang.Object, java.lang.Object, java.lang.Object, java.lang.Object)'> (0x0000000084a28490) 
thrown [s\src\hotspot\share\interpreter\linkResolver.cpp, line 771]
Event: 2.695 Thread 0x00000137139e8a30 Exception <a 'java/lang/NoSuchMethodError'{0x0000000084aa0250}: 'java.lang.Object java.lang.invoke.DirectMethodHandle$Holder.newInvokeSpecial(java.lang.Object, java.lang.Object, java.lang.Object, java.lang.Object, java.lang.Object, java.lang.Object, java.lang.Object, java.lang.Object, java.lang.Object, java.lang.Object, java.lang.Object)'> (0x0000000084aa0250) 
thrown [s\src\hotspot\share\interpreter\linkResolver.cpp, line 771]
Event: 2.696 Thread 0x00000137139e8a30 Exception <a 'java/lang/NoSuchMethodError'{0x0000000084aa6038}: 'java.lang.Object java.lang.invoke.DirectMethodHandle$Holder.invokeSpecial(java.lang.Object, java.lang.Object, java.lang.Object, java.lang.Object, java.lang.Object, java.lang.Object, java.lang.Object, java.lang.Object, java.lang.Object, java.lang.Object, java.lang.Object, java.lang.Object)'> (0x0000000084aa6038) 
thrown [s\src\hotspot\share\interpreter\linkResolver.cpp, line 771]
Event: 2.696 Thread 0x00000137139e8a30 Exception <a 'java/lang/NoSuchMethodError'{0x0000000084aab6d0}: 'java.lang.Object java.lang.invoke.Invokers$Holder.linkToTargetMethod(java.lang.Object, java.lang.Object, java.lang.Object, java.lang.Object, java.lang.Object, java.lang.Object, java.lang.Object, java.lang.Object, java.lang.Object, java.lang.Object, java.lang.Object)'> (0x0000000084aab6d0) 
thrown [s\src\hotspot\share\interpreter\linkResolver.cpp, line 771]
Event: 2.708 Thread 0x00000137139e8a30 Exception <a 'java/lang/NoSuchMethodError'{0x000000008495c8c8}: 'java.lang.Object java.lang.invoke.DirectMethodHandle$Holder.invokeStaticInit(java.lang.Object, java.lang.Object, java.lang.Object, java.lang.Object)'> (0x000000008495c8c8) 
thrown [s\src\hotspot\share\interpreter\linkResolver.cpp, line 771]

VM Operations (20 events):
Event: 1.655 Executing VM operation: CollectForMetadataAllocation
Event: 1.662 Executing VM operation: CollectForMetadataAllocation done
Event: 1.666 Executing VM operation: G1PauseRemark
Event: 1.668 Executing VM operation: G1PauseRemark done
Event: 1.669 Executing VM operation: G1PauseCleanup
Event: 1.670 Executing VM operation: G1PauseCleanup done
Event: 1.731 Executing VM operation: HandshakeAllThreads
Event: 1.731 Executing VM operation: HandshakeAllThreads done
Event: 1.956 Executing VM operation: HandshakeAllThreads
Event: 1.956 Executing VM operation: HandshakeAllThreads done
Event: 1.957 Executing VM operation: HandshakeAllThreads
Event: 1.957 Executing VM operation: HandshakeAllThreads done
Event: 2.200 Executing VM operation: G1CollectForAllocation
Event: 2.206 Executing VM operation: G1CollectForAllocation done
Event: 2.570 Executing VM operation: HandshakeAllThreads
Event: 2.570 Executing VM operation: HandshakeAllThreads done
Event: 2.576 Executing VM operation: G1CollectForAllocation
Event: 2.579 Executing VM operation: G1CollectForAllocation done
Event: 2.771 Executing VM operation: HandshakeAllThreads
Event: 2.771 Executing VM operation: HandshakeAllThreads done

Events (20 events):
Event: 2.700 Thread 0x00000137139df850 Thread added: 0x00000137139df850
Event: 2.723 Thread 0x0000013715d149b0 Thread added: 0x0000013715d149b0
Event: 2.738 Thread 0x0000013715d12640 Thread added: 0x0000013715d12640
Event: 2.763 loading class java/lang/invoke/SerializedLambda
Event: 2.763 loading class java/lang/invoke/SerializedLambda done
Event: 2.768 loading class java/lang/reflect/AnnotatedType
Event: 2.768 loading class java/lang/reflect/AnnotatedType done
Event: 2.769 loading class sun/reflect/misc/ReflectUtil
Event: 2.769 loading class sun/reflect/misc/ReflectUtil done
Event: 2.772 loading class java/lang/Class$EnclosingMethodInfo
Event: 2.772 loading class java/lang/Class$EnclosingMethodInfo done
Event: 2.773 loading class sun/reflect/generics/tree/IntSignature
Event: 2.773 loading class sun/reflect/generics/tree/IntSignature done
Event: 2.773 loading class sun/reflect/generics/tree/ArrayTypeSignature
Event: 2.773 loading class sun/reflect/generics/tree/ArrayTypeSignature done
Event: 2.776 loading class java/lang/SafeVarargs
Event: 2.776 loading class java/lang/SafeVarargs done
Event: 2.806 loading class java/util/regex/Pattern$GroupCurly
Event: 2.806 loading class java/util/regex/Pattern$GroupCurly done
Event: 2.815 Thread 0x0000013715d14ec0 Thread added: 0x0000013715d14ec0


Dynamic libraries:
0x00007ff60c490000 - 0x00007ff60c49a000 	D:\AndroidProjects\jbr\bin\java.exe
0x00007ffdff0d0000 - 0x00007ffdff2e6000 	C:\WINDOWS\SYSTEM32\ntdll.dll
0x00007ffdfddc0000 - 0x00007ffdfde84000 	C:\WINDOWS\System32\KERNEL32.DLL
0x00007ffdfc440000 - 0x00007ffdfc7e6000 	C:\WINDOWS\System32\KERNELBASE.dll
0x00007ffdfcc30000 - 0x00007ffdfcd41000 	C:\WINDOWS\System32\ucrtbase.dll
0x00007ffde2b20000 - 0x00007ffde2b37000 	D:\AndroidProjects\jbr\bin\jli.dll
0x00007ffde5c60000 - 0x00007ffde5c7b000 	D:\AndroidProjects\jbr\bin\VCRUNTIME140.dll
0x00007ffdfd0e0000 - 0x00007ffdfd28d000 	C:\WINDOWS\System32\USER32.dll
0x00007ffdfc410000 - 0x00007ffdfc436000 	C:\WINDOWS\System32\win32u.dll
0x00007ffdfe220000 - 0x00007ffdfe249000 	C:\WINDOWS\System32\GDI32.dll
0x00007ffdfcb10000 - 0x00007ffdfcc28000 	C:\WINDOWS\System32\gdi32full.dll
0x00007ffdfcd50000 - 0x00007ffdfcdea000 	C:\WINDOWS\System32\msvcp_win.dll
0x00007ffde0540000 - 0x00007ffde07d3000 	C:\WINDOWS\WinSxS\amd64_microsoft.windows.common-controls_6595b64144ccf1df_6.0.22621.3235_none_270f74e173860f98\COMCTL32.dll
0x00007ffdfd550000 - 0x00007ffdfd5f7000 	C:\WINDOWS\System32\msvcrt.dll
0x00007ffdfd720000 - 0x00007ffdfd751000 	C:\WINDOWS\System32\IMM32.DLL
0x00007ffdeaf40000 - 0x00007ffdeaf4c000 	D:\AndroidProjects\jbr\bin\vcruntime140_1.dll
0x00007ffdd5c60000 - 0x00007ffdd5ced000 	D:\AndroidProjects\jbr\bin\msvcp140.dll
0x00007ffde4460000 - 0x00007ffde50e3000 	D:\AndroidProjects\jbr\bin\server\jvm.dll
0x00007ffdfd420000 - 0x00007ffdfd4d2000 	C:\WINDOWS\System32\ADVAPI32.dll
0x00007ffdfef40000 - 0x00007ffdfefe8000 	C:\WINDOWS\System32\sechost.dll
0x00007ffdfcdf0000 - 0x00007ffdfce18000 	C:\WINDOWS\System32\bcrypt.dll
0x00007ffdfd600000 - 0x00007ffdfd715000 	C:\WINDOWS\System32\RPCRT4.dll
0x00007ffdf53d0000 - 0x00007ffdf5404000 	C:\WINDOWS\SYSTEM32\WINMM.dll
0x00007ffdf7950000 - 0x00007ffdf7959000 	C:\WINDOWS\SYSTEM32\WSOCK32.dll
0x00007ffdfc2e0000 - 0x00007ffdfc32d000 	C:\WINDOWS\SYSTEM32\POWRPROF.dll
0x00007ffdf3df0000 - 0x00007ffdf3dfa000 	C:\WINDOWS\SYSTEM32\VERSION.dll
0x00007ffdfcf30000 - 0x00007ffdfcfa1000 	C:\WINDOWS\System32\WS2_32.dll
0x00007ffdfc2c0000 - 0x00007ffdfc2d3000 	C:\WINDOWS\SYSTEM32\UMPDC.dll
0x00007ffdfb450000 - 0x00007ffdfb468000 	C:\WINDOWS\SYSTEM32\kernel.appcore.dll
0x00007ffdf7940000 - 0x00007ffdf794a000 	D:\AndroidProjects\jbr\bin\jimage.dll
0x00007ffdf9e10000 - 0x00007ffdfa043000 	C:\WINDOWS\SYSTEM32\DBGHELP.DLL
0x00007ffdfde90000 - 0x00007ffdfe218000 	C:\WINDOWS\System32\combase.dll
0x00007ffdfcfb0000 - 0x00007ffdfd087000 	C:\WINDOWS\System32\OLEAUT32.dll
0x00007ffdd8090000 - 0x00007ffdd80c2000 	C:\WINDOWS\SYSTEM32\dbgcore.DLL
0x00007ffdfc8b0000 - 0x00007ffdfc92a000 	C:\WINDOWS\System32\bcryptPrimitives.dll
0x00007ffde2b40000 - 0x00007ffde2b4e000 	D:\AndroidProjects\jbr\bin\instrument.dll
0x00007ffdf6810000 - 0x00007ffdf6835000 	D:\AndroidProjects\jbr\bin\java.dll
0x00007ffde78d0000 - 0x00007ffde78e8000 	D:\AndroidProjects\jbr\bin\zip.dll
0x00007ffdfe250000 - 0x00007ffdfeaad000 	C:\WINDOWS\System32\SHELL32.dll
0x00007ffdfa370000 - 0x00007ffdfac68000 	C:\WINDOWS\SYSTEM32\windows.storage.dll
0x00007ffdfa230000 - 0x00007ffdfa36e000 	C:\WINDOWS\SYSTEM32\wintypes.dll
0x00007ffdfee40000 - 0x00007ffdfef33000 	C:\WINDOWS\System32\SHCORE.dll
0x00007ffdfede0000 - 0x00007ffdfee3e000 	C:\WINDOWS\System32\shlwapi.dll
0x00007ffdfc340000 - 0x00007ffdfc366000 	C:\WINDOWS\SYSTEM32\profapi.dll
0x00007ffde5190000 - 0x00007ffde51a9000 	D:\AndroidProjects\jbr\bin\net.dll
0x00007ffdf3b40000 - 0x00007ffdf3c77000 	C:\WINDOWS\SYSTEM32\WINHTTP.dll
0x00007ffdfb8d0000 - 0x00007ffdfb939000 	C:\WINDOWS\system32\mswsock.dll
0x00007ffde5170000 - 0x00007ffde5186000 	D:\AndroidProjects\jbr\bin\nio.dll
0x00007ffde2cc0000 - 0x00007ffde2cd0000 	D:\AndroidProjects\jbr\bin\verify.dll
0x00007ffde5b30000 - 0x00007ffde5b57000 	C:\Users\HI\.gradle\native\c067742578af261105cb4f569cf0c3c89f3d7b1fecec35dd04571415982c5e48\windows-amd64\native-platform.dll
0x00007ffdbf050000 - 0x00007ffdbf194000 	C:\Users\HI\.gradle\native\38dada09dfb8b06ba9b0570ebf7e218e3eb74d4ef43ca46872605cf95ebc2f47\windows-amd64\native-platform-file-events.dll
0x00007ffdf7980000 - 0x00007ffdf7989000 	D:\AndroidProjects\jbr\bin\management.dll
0x00007ffde2cd0000 - 0x00007ffde2cdb000 	D:\AndroidProjects\jbr\bin\management_ext.dll
0x00007ffdfcf20000 - 0x00007ffdfcf28000 	C:\WINDOWS\System32\PSAPI.DLL
0x00007ffdfbb20000 - 0x00007ffdfbb3b000 	C:\WINDOWS\SYSTEM32\CRYPTSP.dll
0x00007ffdfb3b0000 - 0x00007ffdfb3e5000 	C:\WINDOWS\system32\rsaenh.dll
0x00007ffdfb9c0000 - 0x00007ffdfb9ec000 	C:\WINDOWS\SYSTEM32\USERENV.dll
0x00007ffdfbb40000 - 0x00007ffdfbb4c000 	C:\WINDOWS\SYSTEM32\CRYPTBASE.dll
0x00007ffdfaed0000 - 0x00007ffdfaefd000 	C:\WINDOWS\SYSTEM32\IPHLPAPI.DLL
0x00007ffdfd540000 - 0x00007ffdfd549000 	C:\WINDOWS\System32\NSI.dll
0x00007ffdf3ce0000 - 0x00007ffdf3cf9000 	C:\WINDOWS\SYSTEM32\dhcpcsvc6.DLL
0x00007ffdf3a70000 - 0x00007ffdf3a8f000 	C:\WINDOWS\SYSTEM32\dhcpcsvc.DLL
0x00007ffdfaf40000 - 0x00007ffdfb039000 	C:\WINDOWS\SYSTEM32\DNSAPI.dll
0x00007ffdf7990000 - 0x00007ffdf7998000 	C:\WINDOWS\system32\wshunix.dll

dbghelp: loaded successfully - version: 4.0.5 - missing functions: none
symbol engine: initialized successfully - sym options: 0x614 - pdb path: .;D:\AndroidProjects\jbr\bin;C:\WINDOWS\SYSTEM32;C:\WINDOWS\WinSxS\amd64_microsoft.windows.common-controls_6595b64144ccf1df_6.0.22621.3235_none_270f74e173860f98;D:\AndroidProjects\jbr\bin\server;C:\Users\HI\.gradle\native\c067742578af261105cb4f569cf0c3c89f3d7b1fecec35dd04571415982c5e48\windows-amd64;C:\Users\HI\.gradle\native\38dada09dfb8b06ba9b0570ebf7e218e3eb74d4ef43ca46872605cf95ebc2f47\windows-amd64

VM Arguments:
jvm_args: --add-opens=java.base/java.util=ALL-UNNAMED --add-opens=java.base/java.lang=ALL-UNNAMED --add-opens=java.base/java.lang.invoke=ALL-UNNAMED --add-opens=java.prefs/java.util.prefs=ALL-UNNAMED --add-opens=java.base/java.nio.charset=ALL-UNNAMED --add-opens=java.base/java.net=ALL-UNNAMED --add-opens=java.base/java.util.concurrent.atomic=ALL-UNNAMED -Xmx2048m -Dfile.encoding=UTF-8 -Duser.country=US -Duser.language=en -Duser.variant -javaagent:C:\Users\HI\.gradle\wrapper\dists\gradle-8.4-bin\1w5dpkrfk8irigvoxmyhowfim\gradle-8.4\lib\agents\gradle-instrumentation-agent-8.4.jar 
java_command: org.gradle.launcher.daemon.bootstrap.GradleDaemon 8.4
java_class_path (initial): C:\Users\HI\.gradle\wrapper\dists\gradle-8.4-bin\1w5dpkrfk8irigvoxmyhowfim\gradle-8.4\lib\gradle-launcher-8.4.jar
Launcher Type: SUN_STANDARD

[Global flags]
     intx CICompilerCount                          = 3                                         {product} {ergonomic}
     uint ConcGCThreads                            = 2                                         {product} {ergonomic}
     uint G1ConcRefinementThreads                  = 6                                         {product} {ergonomic}
   size_t G1HeapRegionSize                         = 1048576                                   {product} {ergonomic}
    uintx GCDrainStackTargetSize                   = 64                                        {product} {ergonomic}
   size_t InitialHeapSize                          = 123731968                                 {product} {ergonomic}
   size_t MarkStackSize                            = 4194304                                   {product} {ergonomic}
   size_t MaxHeapSize                              = 2147483648                                {product} {command line}
   size_t MaxNewSize                               = 1287651328                                {product} {ergonomic}
   size_t MinHeapDeltaBytes                        = 1048576                                   {product} {ergonomic}
   size_t MinHeapSize                              = 8388608                                   {product} {ergonomic}
    uintx NonNMethodCodeHeapSize                   = 5832780                                {pd product} {ergonomic}
    uintx NonProfiledCodeHeapSize                  = 122912730                              {pd product} {ergonomic}
    uintx ProfiledCodeHeapSize                     = 122912730                              {pd product} {ergonomic}
    uintx ReservedCodeCacheSize                    = 251658240                              {pd product} {ergonomic}
     bool SegmentedCodeCache                       = true                                      {product} {ergonomic}
   size_t SoftMaxHeapSize                          = 2147483648                             {manageable} {ergonomic}
     bool UseCompressedClassPointers               = true                           {product lp64_product} {ergonomic}
     bool UseCompressedOops                        = true                           {product lp64_product} {ergonomic}
     bool UseG1GC                                  = true                                      {product} {ergonomic}
     bool UseLargePagesIndividualAllocation        = false                                  {pd product} {ergonomic}

Logging:
Log output configuration:
 #0: stdout all=warning uptime,level,tags
 #1: stderr all=off uptime,level,tags

Environment Variables:
JAVA_HOME=C:\Java\
PATH=C:\Program Files\Common Files\Oracle\Java\javapath;C:\Program Files (x86)\VMware\VMware Workstation\bin\;C:\Java\bin;C:\WINDOWS\system32;C:\WINDOWS;C:\WINDOWS\System32\Wbem;C:\WINDOWS\System32\WindowsPowerShell\v1.0\;C:\WINDOWS\System32\OpenSSH\;C:\MinGW\bin\;C:\TDM-GCC-64\bin;C:\Program Files\Microsoft SQL Server\Client SDK\ODBC\170\Tools\Binn\;C:\Program Files (x86)\Microsoft SQL Server\150\Tools\Binn\;C:\Program Files\Microsoft SQL Server\150\Tools\Binn\;C:\Program Files\Microsoft SQL Server\150\DTS\Binn\;C:\Program Files (x86)\Microsoft SQL Server\160\DTS\Binn\;C:\Program Files (x86)\Microsoft SQL Server\160\Tools\Binn\;C:\Program Files\Microsoft SQL Server\160\Tools\Binn\;C:\Program Files\Microsoft SQL Server\160\DTS\Binn\;D:\;C:\dart-sdk;C:\Program Files\dotnet\;C:\Program Files\Git\cmd;C:\Program Files\MySQL\MySQL Shell 8.0\bin\;D:\Scripts\;D:\;D:\python\Scripts\;D:\python\;C:\Users\HI\AppData\Local\Microsoft\WindowsApps;C:\Users\HI\AppData\Local\Programs\Microsoft VS Code\bin;C:\TDM-GCC-64\bin;D:\php\php;C:\Program Files\JetBrains\PyCharm Community Edition 2021.2.3\bin;;;C:\Program Files\Azure Data Studio\bin;C:\Users\HI\AppData\Roaming\npm;C:\Users\HI\.dotnet\tools;C:\Program Files\JetBrains\IntelliJ IDEA 2023.2.2\bin;;C:\Program Files\JetBrains\IntelliJ IDEA Educational Edition 2022.2.2\bin;;C:\Program Files\JetBrains\IntelliJ IDEA Community Edition 2023.2.2\bin;
USERNAME=HI
OS=Windows_NT
PROCESSOR_IDENTIFIER=AMD64 Family 23 Model 96 Stepping 1, AuthenticAMD
TMP=C:\Users\HI\AppData\Local\Temp
TEMP=C:\Users\HI\AppData\Local\Temp



Periodic native trim disabled

JNI global refs:
JNI global refs: 23, weak refs: 1

JNI global refs memory usage: 843, weak refs: 841

OOME stack traces (most recent first):
Classloader memory used:
Loader bootstrap                                                                       : 1916K
Loader org.gradle.internal.classloader.VisitableURLClassLoader                         : 1842K
Loader org.gradle.initialization.MixInLegacyTypesClassLoader                           : 388K
Loader jdk.internal.loader.ClassLoaders$AppClassLoader                                 : 28117B
Loader jdk.internal.loader.ClassLoaders$PlatformClassLoader                            : 14820B
Loader jdk.internal.reflect.DelegatingClassLoader                                      : 3102B

Classes loaded by more than one classloader:
Class org.gradle.internal.installation.GradleInstallation                             : loaded 2 times (x 73B)
Class org.gradle.internal.classpath.ClassPath                                         : loaded 2 times (x 68B)
Class org.gradle.api.internal.classpath.DefaultModuleRegistry                         : loaded 2 times (x 84B)
Class org.gradle.api.Action                                                           : loaded 2 times (x 68B)
Class org.gradle.api.internal.DefaultClassPathProvider                                : loaded 2 times (x 74B)
Class org.gradle.internal.installation.GradleInstallation$1                           : loaded 2 times (x 73B)
Class org.gradle.internal.classloader.FilteringClassLoader                            : loaded 2 times (x 103B)
Class org.gradle.internal.classpath.DefaultClassPath$ImmutableUniqueList$Builder      : loaded 2 times (x 73B)
Class org.gradle.internal.classloader.ClassLoaderVisitor                              : loaded 2 times (x 74B)
Class org.gradle.internal.service.DefaultServiceLocator                               : loaded 2 times (x 81B)
Class org.gradle.internal.service.UnknownServiceException                             : loaded 2 times (x 81B)
Class org.gradle.internal.classloader.DefaultClassLoaderFactory                       : loaded 2 times (x 80B)
Class org.gradle.internal.classloader.VisitableURLClassLoader$Spec                    : loaded 2 times (x 72B)
Class org.gradle.api.GradleException                                                  : loaded 2 times (x 80B)
Class org.gradle.api.internal.classpath.ModuleRegistry                                : loaded 2 times (x 68B)
Class org.gradle.api.internal.ClassPathProvider                                       : loaded 2 times (x 68B)
Class org.gradle.internal.classloader.ClasspathUtil$1                                 : loaded 2 times (x 74B)
Class org.gradle.internal.classloader.ClassLoaderFactory                              : loaded 2 times (x 68B)
Class org.gradle.api.internal.classpath.ManifestUtil                                  : loaded 2 times (x 69B)
Class org.gradle.api.specs.Spec                                                       : loaded 2 times (x 68B)
Class org.gradle.internal.IoActions                                                   : loaded 2 times (x 69B)
Class org.gradle.api.internal.classpath.EffectiveClassPath                            : loaded 2 times (x 88B)
Class org.gradle.internal.installation.CurrentGradleInstallation                      : loaded 2 times (x 71B)
Class org.gradle.internal.agents.InstrumentingClassLoader                             : loaded 2 times (x 68B)
Class org.gradle.internal.installation.CurrentGradleInstallationLocator               : loaded 2 times (x 69B)
Class org.gradle.api.internal.classpath.Module                                        : loaded 2 times (x 68B)
Class org.gradle.internal.service.CachingServiceLocator                               : loaded 2 times (x 80B)
Class org.gradle.internal.classpath.DefaultClassPath                                  : loaded 2 times (x 88B)
Class org.gradle.internal.classloader.SystemClassLoaderSpec                           : loaded 2 times (x 69B)
Class org.gradle.api.UncheckedIOException                                             : loaded 2 times (x 80B)
Class org.gradle.internal.classloader.ClasspathUtil                                   : loaded 2 times (x 69B)
Class org.gradle.api.internal.DefaultClassPathRegistry                                : loaded 2 times (x 74B)
Class org.gradle.api.internal.classpath.DefaultModuleRegistry$DefaultModule           : loaded 2 times (x 84B)
Class org.gradle.api.internal.classpath.UnknownModuleException                        : loaded 2 times (x 80B)
Class org.gradle.internal.service.ServiceLookupException                              : loaded 2 times (x 80B)
Class org.gradle.cache.GlobalCache                                                    : loaded 2 times (x 68B)
Class [Lorg.gradle.api.internal.ClassPathProvider;                                    : loaded 2 times (x 67B)
Class org.gradle.util.internal.GUtil                                                  : loaded 2 times (x 69B)
Class org.gradle.internal.classloader.ClassLoaderSpec                                 : loaded 2 times (x 69B)
Class org.gradle.internal.classloader.VisitableURLClassLoader                         : loaded 2 times (x 115B)
Class org.gradle.internal.Cast                                                        : loaded 2 times (x 69B)
Class org.gradle.api.internal.ClassPathRegistry                                       : loaded 2 times (x 68B)
Class org.gradle.internal.classloader.VisitableURLClassLoader$InstrumentingVisitableURLClassLoader: loaded 2 times (x 121B)
Class org.gradle.internal.classloader.ClassLoaderHierarchy                            : loaded 2 times (x 68B)
Class org.gradle.internal.InternalTransformer                                         : loaded 2 times (x 68B)
Class org.gradle.internal.service.ServiceLocator                                      : loaded 2 times (x 68B)
Class org.gradle.internal.classpath.DefaultClassPath$ImmutableUniqueList              : loaded 2 times (x 159B)
Class org.gradle.internal.classpath.TransformedClassPath                              : loaded 2 times (x 94B)


---------------  S Y S T E M  ---------------

OS:
 Windows 11 , 64 bit Build 22621 (10.0.22621.3235)
OS uptime: 0 days 1:46 hours

CPU: total 6 (initial active 6) (6 cores per cpu, 1 threads per core) family 23 model 96 stepping 1 microcode 0x0, cx8, cmov, fxsr, mmx, 3dnowpref, sse, sse2, sse3, ssse3, sse4a, sse4.1, sse4.2, popcnt, lzcnt, tsc, tscinvbit, avx, avx2, aes, clmul, bmi1, bmi2, adx, sha, fma, vzeroupper, clflush, clflushopt
Processor Information for all 6 processors :
  Max Mhz: 2375, Current Mhz: 2375, Mhz Limit: 2375

Memory: 4k page, system-wide physical 7542M (302M free)
TotalPageFile size 11638M (AvailPageFile size 5M)
current process WorkingSet (physical memory assigned to process): 208M, peak: 208M
current process commit charge ("private bytes"): 249M, peak: 256M

vm_info: OpenJDK 64-Bit Server VM (17.0.9+0--11185874) for windows-amd64 JRE (17.0.9+0--11185874), built on Dec  6 2023 18:57:44 by "androidbuild" with MS VC++ 16.10 / 16.11 (VS2019)

END.
