#
# There is insufficient memory for the Java Runtime Environment to continue.
# Native memory allocation (mmap) failed to map 30408704 bytes for Failed to commit area from 0x0000000088e00000 to 0x000000008ab00000 of length 30408704.
# Possible reasons:
#   The system is out of physical RAM or swap space
#   The process is running with CompressedOops enabled, and the Java Heap may be blocking the growth of the native heap
# Possible solutions:
#   Reduce memory load on the system
#   Increase physical memory or swap space
#   Check if swap backing store is full
#   Decrease Java heap size (-Xmx/-Xms)
#   Decrease number of Java threads
#   Decrease Java thread stack sizes (-Xss)
#   Set larger code cache with -XX:ReservedCodeCacheSize=
#   JVM is running with Unscaled Compressed Oops mode in which the Java heap is
#     placed in the first 4GB address space. The Java Heap base address is the
#     maximum limit for the native heap growth. Please use -XX:HeapBaseMinAddress
#     to set the Java Heap base and to place the Java Heap above 4GB virtual address.
# This output file may be truncated or incomplete.
#
#  Out of Memory Error (src/hotspot/os/windows/os_windows.cpp:3627), pid=15388, tid=1768
#
# JRE version: OpenJDK Runtime Environment (11.0.15) (build 11.0.15+0-b2043.56-8887301)
# Java VM: OpenJDK 64-Bit Server VM (11.0.15+0-b2043.56-8887301, mixed mode, tiered, compressed oops, g1 gc, windows-amd64)
# No core dump will be written. Minidumps are not enabled by default on client versions of Windows
#

---------------  S U M M A R Y ------------

Command Line: --add-opens=java.base/java.util=ALL-UNNAMED --add-opens=java.base/java.lang=ALL-UNNAMED --add-opens=java.base/java.lang.invoke=ALL-UNNAMED --add-opens=java.base/java.util=ALL-UNNAMED --add-opens=java.prefs/java.util.prefs=ALL-UNNAMED --add-opens=java.prefs/java.util.prefs=ALL-UNNAMED --add-opens=java.base/java.nio.charset=ALL-UNNAMED --add-opens=java.base/java.net=ALL-UNNAMED --add-opens=java.base/java.util.concurrent.atomic=ALL-UNNAMED -Xmx2048m -Dfile.encoding=UTF-8 -Duser.country=US -Duser.language=en -Duser.variant org.gradle.launcher.daemon.bootstrap.GradleDaemon 7.5

Host: AMD Ryzen 5 4500U with Radeon Graphics         , 6 cores, 7G,  Windows 11 , 64 bit Build 22621 (10.0.22621.2506)
Time: Fri Jan 19 16:14:10 2024 SE Asia Standard Time elapsed time: 16.950962 seconds (0d 0h 0m 16s)

---------------  T H R E A D  ---------------

Current thread (0x000001d848580800):  VMThread "VM Thread" [stack: 0x0000005483b00000,0x0000005483c00000] [id=1768]

Stack: [0x0000005483b00000,0x0000005483c00000]
[error occurred during error reporting (printing stack bounds), id 0xc0000005, EXCEPTION_ACCESS_VIOLATION (0xc0000005) at pc=0x000001d83205112d]

Native frames: (J=compiled Java code, j=interpreted, Vv=VM code, C=native code)
V  [jvm.dll+0x64135a]
V  [jvm.dll+0x7d39f9]
V  [jvm.dll+0x7d51b9]
V  [jvm.dll+0x7d5805]
V  [jvm.dll+0x7d57bb]
V  [jvm.dll+0x640655]
V  [jvm.dll+0x640d68]
C  [ntdll.dll+0xa441f]
C  [ntdll.dll+0x1e466]
C  [ntdll.dll+0xa340e]
C  0x000001d83205112d

VM_Operation (0x000000548aaf8820): G1CollectForAllocation, mode: safepoint, requested by thread 0x000001d84ee9d800


---------------  P R O C E S S  ---------------

Threads class SMR info:
_java_thread_list=0x000001d84a334220, length=112, elements={
0x000001d82e537000, 0x000001d848585800, 0x000001d848586800, 0x000001d848f03800,
0x000001d84859c000, 0x000001d84859d800, 0x000001d8485a0800, 0x000001d8485a6000,
0x000001d8485a8000, 0x000001d84905d000, 0x000001d84a3e8800, 0x000001d84a23d000,
0x000001d84a04d800, 0x000001d84aa88000, 0x000001d84acf8000, 0x000001d84aa7b000,
0x000001d84a429000, 0x000001d84a429800, 0x000001d84aeae800, 0x000001d84aeaf000,
0x000001d84adaf800, 0x000001d84adac000, 0x000001d84adae800, 0x000001d84adb0000,
0x000001d84adaa800, 0x000001d84adad800, 0x000001d84adb1000, 0x000001d84adad000,
0x000001d84adab000, 0x000001d84e701000, 0x000001d84e700000, 0x000001d84e703800,
0x000001d84e701800, 0x000001d84e704000, 0x000001d84e702800, 0x000001d84e6ff000,
0x000001d84e706000, 0x000001d84e70b800, 0x000001d84e70a000, 0x000001d84e70a800,
0x000001d84e70c800, 0x000001d84e706800, 0x000001d84e70d000, 0x000001d84e707800,
0x000001d84e70e000, 0x000001d84e709000, 0x000001d84e708000, 0x000001d84e6ef800,
0x000001d84e6f3000, 0x000001d84e6ed000, 0x000001d84e6f0800, 0x000001d84e6f3800,
0x000001d84e6ef000, 0x000001d84e6f1000, 0x000001d84e6f2000, 0x000001d84e6ee000,
0x000001d84e6f4800, 0x000001d84e6fb000, 0x000001d84e6f5800, 0x000001d84e6f7000,
0x000001d84e6fc000, 0x000001d84e6f6000, 0x000001d84e6f8000, 0x000001d84e6fa000,
0x000001d84e6f8800, 0x000001d84e6f9800, 0x000001d849dcb800, 0x000001d849dcd000,
0x000001d849dcf000, 0x000001d849dd2000, 0x000001d849dcc800, 0x000001d849dd3800,
0x000001d849dd3000, 0x000001d849dcf800, 0x000001d849dd1000, 0x000001d849dce000,
0x000001d849dd4800, 0x000001d849dd5800, 0x000001d849dd6000, 0x000001d849dd0800,
0x000001d849dd8000, 0x000001d849dd9800, 0x000001d849dd7000, 0x000001d849dd8800,
0x000001d849dda000, 0x000001d84932a800, 0x000001d849328000, 0x000001d849328800,
0x000001d849327000, 0x000001d849324800, 0x000001d849329800, 0x000001d84932b000,
0x000001d849326800, 0x000001d849325800, 0x000001d849331800, 0x000001d849330000,
0x000001d84932d000, 0x000001d84932c000, 0x000001d849331000, 0x000001d849333800,
0x000001d849332800, 0x000001d84932d800, 0x000001d84932e800, 0x000001d84932f000,
0x000001d84ee9d800, 0x000001d84ee9c800, 0x000001d84ee9e000, 0x000001d84ee9f000,
0x000001d84eea0000, 0x000001d84ee9b800, 0x000001d84eea0800, 0x000001d84ee9b000
}

Java Threads: ( => current thread )
  0x000001d82e537000 JavaThread "main" [_thread_blocked, id=16568, stack(0x0000005483500000,0x0000005483600000)]
  0x000001d848585800 JavaThread "Reference Handler" daemon [_thread_blocked, id=7456, stack(0x0000005483c00000,0x0000005483d00000)]
  0x000001d848586800 JavaThread "Finalizer" daemon [_thread_blocked, id=3356, stack(0x0000005483d00000,0x0000005483e00000)]
  0x000001d848f03800 JavaThread "Signal Dispatcher" daemon [_thread_blocked, id=1140, stack(0x0000005483e00000,0x0000005483f00000)]
  0x000001d84859c000 JavaThread "Attach Listener" daemon [_thread_blocked, id=2252, stack(0x0000005483f00000,0x0000005484000000)]
  0x000001d84859d800 JavaThread "Service Thread" daemon [_thread_blocked, id=11096, stack(0x0000005484000000,0x0000005484100000)]
  0x000001d8485a0800 JavaThread "C2 CompilerThread0" daemon [_thread_blocked, id=12692, stack(0x0000005484100000,0x0000005484200000)]
  0x000001d8485a6000 JavaThread "C1 CompilerThread0" daemon [_thread_blocked, id=8636, stack(0x0000005484200000,0x0000005484300000)]
  0x000001d8485a8000 JavaThread "Sweeper thread" daemon [_thread_blocked, id=18064, stack(0x0000005484300000,0x0000005484400000)]
  0x000001d84905d000 JavaThread "Common-Cleaner" daemon [_thread_blocked, id=14388, stack(0x0000005484400000,0x0000005484500000)]
  0x000001d84a3e8800 JavaThread "Daemon health stats" [_thread_blocked, id=3076, stack(0x0000005484700000,0x0000005484800000)]
  0x000001d84a23d000 JavaThread "Incoming local TCP Connector on port 52329" [_thread_in_native, id=15736, stack(0x0000005484800000,0x0000005484900000)]
  0x000001d84a04d800 JavaThread "Daemon periodic checks" [_thread_blocked, id=4180, stack(0x0000005484900000,0x0000005484a00000)]
  0x000001d84aa88000 JavaThread "Daemon" [_thread_blocked, id=10656, stack(0x0000005484a00000,0x0000005484b00000)]
  0x000001d84acf8000 JavaThread "Handler for socket connection from /127.0.0.1:52329 to /127.0.0.1:52331" [_thread_in_native, id=16596, stack(0x0000005484b00000,0x0000005484c00000)]
  0x000001d84aa7b000 JavaThread "Cancel handler" [_thread_blocked, id=17268, stack(0x0000005484c00000,0x0000005484d00000)]
  0x000001d84a429000 JavaThread "Daemon worker" [_thread_blocked, id=7312, stack(0x0000005484d00000,0x0000005484e00000)]
  0x000001d84a429800 JavaThread "Asynchronous log dispatcher for DefaultDaemonConnection: socket connection from /127.0.0.1:52329 to /127.0.0.1:52331" [_thread_blocked, id=16628, stack(0x0000005484e00000,0x0000005484f00000)]
  0x000001d84aeae800 JavaThread "Stdin handler" [_thread_blocked, id=11604, stack(0x0000005484f00000,0x0000005485000000)]
  0x000001d84aeaf000 JavaThread "Daemon client event forwarder" [_thread_blocked, id=17476, stack(0x0000005485000000,0x0000005485100000)]
  0x000001d84adaf800 JavaThread "Cache worker for journal cache (C:\Users\HI\.gradle\caches\journal-1)" [_thread_blocked, id=8116, stack(0x0000005485500000,0x0000005485600000)]
  0x000001d84adac000 JavaThread "File lock request listener" [_thread_in_native, id=13756, stack(0x0000005485600000,0x0000005485700000)]
  0x000001d84adae800 JavaThread "Cache worker for file hash cache (C:\Users\HI\.gradle\caches\7.5\fileHashes)" [_thread_blocked, id=10828, stack(0x0000005485700000,0x0000005485800000)]
  0x000001d84adb0000 JavaThread "File watcher server" daemon [_thread_blocked, id=13400, stack(0x0000005485a00000,0x0000005485b00000)]
  0x000001d84adaa800 JavaThread "File watcher consumer" daemon [_thread_blocked, id=8984, stack(0x0000005485b00000,0x0000005485c00000)]
  0x000001d84adad800 JavaThread "Cache worker for checksums cache (C:\Users\HI\AndroidStudioProjects\RecycleView\.gradle\7.5\checksums)" [_thread_blocked, id=17864, stack(0x0000005485c00000,0x0000005485d00000)]
  0x000001d84adb1000 JavaThread "Cache worker for cache directory md-rule (C:\Users\HI\.gradle\caches\7.5\md-rule)" [_thread_blocked, id=300, stack(0x0000005485d00000,0x0000005485e00000)]
  0x000001d84adad000 JavaThread "Cache worker for file content cache (C:\Users\HI\.gradle\caches\7.5\fileContent)" [_thread_blocked, id=10284, stack(0x0000005485e00000,0x0000005485f00000)]
  0x000001d84adab000 JavaThread "Cache worker for file hash cache (C:\Users\HI\AndroidStudioProjects\RecycleView\.gradle\7.5\fileHashes)" [_thread_blocked, id=10728, stack(0x0000005485f00000,0x0000005486000000)]
  0x000001d84e701000 JavaThread "Cache worker for cache directory md-supplier (C:\Users\HI\.gradle\caches\7.5\md-supplier)" [_thread_blocked, id=3772, stack(0x0000005486000000,0x0000005486100000)]
  0x000001d84e700000 JavaThread "Cache worker for execution history cache (C:\Users\HI\.gradle\caches\7.5\executionHistory)" [_thread_blocked, id=9396, stack(0x0000005486100000,0x0000005486200000)]
  0x000001d84e703800 JavaThread "jar transforms" [_thread_blocked, id=656, stack(0x0000005486200000,0x0000005486300000)]
  0x000001d84e701800 JavaThread "jar transforms Thread 2" [_thread_blocked, id=3504, stack(0x0000005486300000,0x0000005486400000)]
  0x000001d84e704000 JavaThread "jar transforms Thread 3" [_thread_blocked, id=16412, stack(0x0000005486400000,0x0000005486500000)]
  0x000001d84e702800 JavaThread "jar transforms Thread 4" [_thread_blocked, id=12384, stack(0x0000005486500000,0x0000005486600000)]
  0x000001d84e6ff000 JavaThread "Cache worker for dependencies-accessors (C:\Users\HI\AndroidStudioProjects\RecycleView\.gradle\7.5\dependencies-accessors)" [_thread_blocked, id=10852, stack(0x0000005486600000,0x0000005486700000)]
  0x000001d84e706000 JavaThread "jar transforms Thread 5" [_thread_blocked, id=7896, stack(0x0000005486700000,0x0000005486800000)]
  0x000001d84e70b800 JavaThread "Cache worker for Build Output Cleanup Cache (C:\Users\HI\AndroidStudioProjects\RecycleView\.gradle\buildOutputCleanup)" [_thread_blocked, id=17388, stack(0x0000005486800000,0x0000005486900000)]
  0x000001d84e70a000 JavaThread "Unconstrained build operations" [_thread_blocked, id=10504, stack(0x0000005485900000,0x0000005485a00000)]
  0x000001d84e70a800 JavaThread "Unconstrained build operations Thread 2" [_thread_blocked, id=18072, stack(0x0000005486900000,0x0000005486a00000)]
  0x000001d84e70c800 JavaThread "Unconstrained build operations Thread 3" [_thread_blocked, id=7372, stack(0x0000005486a00000,0x0000005486b00000)]
  0x000001d84e706800 JavaThread "Unconstrained build operations Thread 4" [_thread_blocked, id=2764, stack(0x0000005486b00000,0x0000005486c00000)]
  0x000001d84e70d000 JavaThread "Unconstrained build operations Thread 5" [_thread_blocked, id=2112, stack(0x0000005486c00000,0x0000005486d00000)]
  0x000001d84e707800 JavaThread "Unconstrained build operations Thread 6" [_thread_blocked, id=16844, stack(0x0000005486d00000,0x0000005486e00000)]
  0x000001d84e70e000 JavaThread "Unconstrained build operations Thread 7" [_thread_blocked, id=16132, stack(0x0000005486e00000,0x0000005486f00000)]
  0x000001d84e709000 JavaThread "Unconstrained build operations Thread 8" [_thread_blocked, id=9352, stack(0x0000005486f00000,0x0000005487000000)]
  0x000001d84e708000 JavaThread "Unconstrained build operations Thread 9" [_thread_blocked, id=13724, stack(0x0000005487000000,0x0000005487100000)]
  0x000001d84e6ef800 JavaThread "Unconstrained build operations Thread 10" [_thread_blocked, id=17152, stack(0x0000005487100000,0x0000005487200000)]
  0x000001d84e6f3000 JavaThread "Unconstrained build operations Thread 11" [_thread_blocked, id=7572, stack(0x0000005487200000,0x0000005487300000)]
  0x000001d84e6ed000 JavaThread "Unconstrained build operations Thread 12" [_thread_blocked, id=3224, stack(0x0000005487300000,0x0000005487400000)]
  0x000001d84e6f0800 JavaThread "Unconstrained build operations Thread 13" [_thread_blocked, id=12284, stack(0x0000005487400000,0x0000005487500000)]
  0x000001d84e6f3800 JavaThread "Unconstrained build operations Thread 14" [_thread_blocked, id=11476, stack(0x0000005487500000,0x0000005487600000)]
  0x000001d84e6ef000 JavaThread "Unconstrained build operations Thread 15" [_thread_blocked, id=17420, stack(0x0000005487600000,0x0000005487700000)]
  0x000001d84e6f1000 JavaThread "Unconstrained build operations Thread 16" [_thread_blocked, id=11952, stack(0x0000005487700000,0x0000005487800000)]
  0x000001d84e6f2000 JavaThread "Unconstrained build operations Thread 17" [_thread_blocked, id=8060, stack(0x0000005487800000,0x0000005487900000)]
  0x000001d84e6ee000 JavaThread "Unconstrained build operations Thread 18" [_thread_blocked, id=5876, stack(0x0000005487900000,0x0000005487a00000)]
  0x000001d84e6f4800 JavaThread "Unconstrained build operations Thread 19" [_thread_blocked, id=1388, stack(0x0000005487a00000,0x0000005487b00000)]
  0x000001d84e6fb000 JavaThread "Unconstrained build operations Thread 20" [_thread_blocked, id=8820, stack(0x0000005487b00000,0x0000005487c00000)]
  0x000001d84e6f5800 JavaThread "Unconstrained build operations Thread 21" [_thread_blocked, id=14512, stack(0x0000005487c00000,0x0000005487d00000)]
  0x000001d84e6f7000 JavaThread "Unconstrained build operations Thread 22" [_thread_blocked, id=11664, stack(0x0000005487d00000,0x0000005487e00000)]
  0x000001d84e6fc000 JavaThread "Unconstrained build operations Thread 23" [_thread_blocked, id=9016, stack(0x0000005487e00000,0x0000005487f00000)]
  0x000001d84e6f6000 JavaThread "Unconstrained build operations Thread 24" [_thread_blocked, id=1912, stack(0x0000005487f00000,0x0000005488000000)]
  0x000001d84e6f8000 JavaThread "Unconstrained build operations Thread 25" [_thread_blocked, id=11812, stack(0x0000005488000000,0x0000005488100000)]
  0x000001d84e6fa000 JavaThread "Unconstrained build operations Thread 26" [_thread_blocked, id=16172, stack(0x0000005488100000,0x0000005488200000)]
  0x000001d84e6f8800 JavaThread "Unconstrained build operations Thread 27" [_thread_blocked, id=9704, stack(0x0000005488200000,0x0000005488300000)]
  0x000001d84e6f9800 JavaThread "Unconstrained build operations Thread 28" [_thread_blocked, id=6040, stack(0x0000005488300000,0x0000005488400000)]
  0x000001d849dcb800 JavaThread "Unconstrained build operations Thread 29" [_thread_blocked, id=14548, stack(0x0000005488400000,0x0000005488500000)]
  0x000001d849dcd000 JavaThread "Unconstrained build operations Thread 30" [_thread_blocked, id=5108, stack(0x0000005488500000,0x0000005488600000)]
  0x000001d849dcf000 JavaThread "Unconstrained build operations Thread 31" [_thread_blocked, id=6316, stack(0x0000005488600000,0x0000005488700000)]
  0x000001d849dd2000 JavaThread "Unconstrained build operations Thread 32" [_thread_blocked, id=3992, stack(0x0000005488700000,0x0000005488800000)]
  0x000001d849dcc800 JavaThread "Unconstrained build operations Thread 33" [_thread_blocked, id=16688, stack(0x0000005488800000,0x0000005488900000)]
  0x000001d849dd3800 JavaThread "Unconstrained build operations Thread 34" [_thread_blocked, id=8412, stack(0x0000005488900000,0x0000005488a00000)]
  0x000001d849dd3000 JavaThread "Unconstrained build operations Thread 35" [_thread_blocked, id=7448, stack(0x0000005488a00000,0x0000005488b00000)]
  0x000001d849dcf800 JavaThread "Unconstrained build operations Thread 36" [_thread_blocked, id=13512, stack(0x0000005488b00000,0x0000005488c00000)]
  0x000001d849dd1000 JavaThread "Unconstrained build operations Thread 37" [_thread_blocked, id=17020, stack(0x0000005488c00000,0x0000005488d00000)]
  0x000001d849dce000 JavaThread "Unconstrained build operations Thread 38" [_thread_blocked, id=14252, stack(0x0000005488d00000,0x0000005488e00000)]
  0x000001d849dd4800 JavaThread "Unconstrained build operations Thread 39" [_thread_blocked, id=5544, stack(0x0000005488e00000,0x0000005488f00000)]
  0x000001d849dd5800 JavaThread "Unconstrained build operations Thread 40" [_thread_blocked, id=7396, stack(0x0000005488f00000,0x0000005489000000)]
  0x000001d849dd6000 JavaThread "Unconstrained build operations Thread 41" [_thread_blocked, id=2884, stack(0x0000005489000000,0x0000005489100000)]
  0x000001d849dd0800 JavaThread "Unconstrained build operations Thread 42" [_thread_blocked, id=17232, stack(0x0000005489100000,0x0000005489200000)]
  0x000001d849dd8000 JavaThread "Unconstrained build operations Thread 43" [_thread_blocked, id=6452, stack(0x0000005489200000,0x0000005489300000)]
  0x000001d849dd9800 JavaThread "Unconstrained build operations Thread 44" [_thread_blocked, id=7164, stack(0x0000005489300000,0x0000005489400000)]
  0x000001d849dd7000 JavaThread "Unconstrained build operations Thread 45" [_thread_blocked, id=9756, stack(0x0000005489400000,0x0000005489500000)]
  0x000001d849dd8800 JavaThread "Unconstrained build operations Thread 46" [_thread_blocked, id=4504, stack(0x0000005489500000,0x0000005489600000)]
  0x000001d849dda000 JavaThread "Unconstrained build operations Thread 47" [_thread_blocked, id=9684, stack(0x0000005489600000,0x0000005489700000)]
  0x000001d84932a800 JavaThread "Unconstrained build operations Thread 48" [_thread_blocked, id=15620, stack(0x0000005489700000,0x0000005489800000)]
  0x000001d849328000 JavaThread "Unconstrained build operations Thread 49" [_thread_blocked, id=2552, stack(0x0000005489800000,0x0000005489900000)]
  0x000001d849328800 JavaThread "Unconstrained build operations Thread 50" [_thread_blocked, id=15264, stack(0x0000005489900000,0x0000005489a00000)]
  0x000001d849327000 JavaThread "Unconstrained build operations Thread 51" [_thread_blocked, id=9580, stack(0x0000005489a00000,0x0000005489b00000)]
  0x000001d849324800 JavaThread "Unconstrained build operations Thread 52" [_thread_blocked, id=9728, stack(0x0000005489b00000,0x0000005489c00000)]
  0x000001d849329800 JavaThread "Unconstrained build operations Thread 53" [_thread_blocked, id=12820, stack(0x0000005489c00000,0x0000005489d00000)]
  0x000001d84932b000 JavaThread "Unconstrained build operations Thread 54" [_thread_blocked, id=14860, stack(0x0000005489d00000,0x0000005489e00000)]
  0x000001d849326800 JavaThread "Unconstrained build operations Thread 55" [_thread_blocked, id=5392, stack(0x0000005489e00000,0x0000005489f00000)]
  0x000001d849325800 JavaThread "Unconstrained build operations Thread 56" [_thread_blocked, id=14348, stack(0x0000005489f00000,0x000000548a000000)]
  0x000001d849331800 JavaThread "Unconstrained build operations Thread 57" [_thread_blocked, id=14268, stack(0x000000548a000000,0x000000548a100000)]
  0x000001d849330000 JavaThread "Unconstrained build operations Thread 58" [_thread_blocked, id=14140, stack(0x000000548a100000,0x000000548a200000)]
  0x000001d84932d000 JavaThread "Unconstrained build operations Thread 59" [_thread_blocked, id=16720, stack(0x000000548a200000,0x000000548a300000)]
  0x000001d84932c000 JavaThread "Unconstrained build operations Thread 60" [_thread_blocked, id=6752, stack(0x000000548a300000,0x000000548a400000)]
  0x000001d849331000 JavaThread "jar transforms Thread 6" [_thread_blocked, id=9708, stack(0x000000548a400000,0x000000548a500000)]
  0x000001d849333800 JavaThread "build event listener" [_thread_blocked, id=15172, stack(0x000000548a500000,0x000000548a600000)]
  0x000001d849332800 JavaThread "Memory manager" [_thread_blocked, id=14996, stack(0x000000548a600000,0x000000548a700000)]
  0x000001d84932d800 JavaThread "pool-3-thread-1" [_thread_blocked, id=4600, stack(0x000000548a700000,0x000000548a800000)]
  0x000001d84932e800 JavaThread "build event listener" [_thread_blocked, id=12380, stack(0x000000548a800000,0x000000548a900000)]
  0x000001d84932f000 JavaThread "included builds" [_thread_blocked, id=15184, stack(0x000000548a900000,0x000000548aa00000)]
  0x000001d84ee9d800 JavaThread "Execution worker" [_thread_blocked, id=4904, stack(0x000000548aa00000,0x000000548ab00000)]
  0x000001d84ee9c800 JavaThread "Execution worker Thread 2" [_thread_blocked, id=15164, stack(0x000000548ab00000,0x000000548ac00000)]
  0x000001d84ee9e000 JavaThread "Execution worker Thread 3" [_thread_blocked, id=10300, stack(0x000000548ac00000,0x000000548ad00000)]
  0x000001d84ee9f000 JavaThread "Execution worker Thread 4" [_thread_blocked, id=16808, stack(0x000000548ad00000,0x000000548ae00000)]
  0x000001d84eea0000 JavaThread "Execution worker Thread 5" [_thread_blocked, id=4156, stack(0x000000548ae00000,0x000000548af00000)]
  0x000001d84ee9b800 JavaThread "Cache worker for execution history cache (C:\Users\HI\AndroidStudioProjects\RecycleView\.gradle\7.5\executionHistory)" [_thread_blocked, id=16836, stack(0x000000548af00000,0x000000548b000000)]
  0x000001d84eea0800 JavaThread "WorkerExecutor Queue" [_thread_blocked, id=5320, stack(0x000000548b000000,0x000000548b100000)]
  0x000001d84ee9b000 JavaThread "WorkerExecutor Queue Thread 2" [_thread_blocked, id=14492, stack(0x000000548b100000,0x000000548b200000)]

Other Threads:
=>0x000001d848580800 VMThread "VM Thread" [stack: 0x0000005483b00000,0x0000005483c00000] [id=1768]
  0x000001d84906a800 WatcherThread [stack: 0x0000005484500000,0x0000005484600000] [id=2096]
  0x000001d82e551800 GCTaskThread "GC Thread#0" [stack: 0x0000005483600000,0x0000005483700000] [id=16992]
  0x000001d849ae5800 GCTaskThread "GC Thread#1" [stack: 0x0000005484600000,0x0000005484700000] [id=8020]
  0x000001d84b108800 GCTaskThread "GC Thread#2" [stack: 0x0000005485100000,0x0000005485200000] [id=2948]
  0x000001d84b109000 GCTaskThread "GC Thread#3" [stack: 0x0000005485200000,0x0000005485300000] [id=16768]
  0x000001d84ae27000 GCTaskThread "GC Thread#4" [stack: 0x0000005485300000,0x0000005485400000] [id=2576]
  0x000001d84ae27800 GCTaskThread "GC Thread#5" [stack: 0x0000005485400000,0x0000005485500000] [id=14704]
  0x000001d82e582000 ConcurrentGCThread "G1 Main Marker" [stack: 0x0000005483700000,0x0000005483800000] [id=13432]
  0x000001d82e583800 ConcurrentGCThread "G1 Conc#0" [stack: 0x0000005483800000,0x0000005483900000] [id=924]
  0x000001d84b103000 ConcurrentGCThread "G1 Conc#1" [stack: 0x0000005485800000,0x0000005485900000] [id=18168]
  0x000001d8483d0800 ConcurrentGCThread "G1 Refine#0" [stack: 0x0000005483900000,0x0000005483a00000] [id=11868]
  0x000001d8483d1000 ConcurrentGCThread "G1 Young RemSet Sampling" [stack: 0x0000005483a00000,0x0000005483b00000] [id=8572]

Threads with active compile tasks:
C2 CompilerThread0    16966 10744 % !   4       com.android.ide.common.resources.DataMerger::mergeData @ 247 (611 bytes)

VM state:at safepoint (normal execution)

VM Mutex/Monitor currently owned by a thread:  ([mutex/lock_event])
[0x000001d82e533c40] Threads_lock - owner thread: 0x000001d848580800
[0x000001d82e5336a0] Heap_lock - owner thread: 0x000001d84ee9d800

Heap address: 0x0000000080000000, size: 2048 MB, Compressed Oops mode: 32-bit
Narrow klass base: 0x0000000000000000, Narrow klass shift: 3
Compressed class space size: 1073741824 Address: 0x0000000100000000

Heap:
 garbage-first heap   total 175104K, used 111132K [0x0000000080000000, 0x0000000100000000)
  region size 1024K, 2 young (2048K), 2 survivors (2048K)
 Metaspace       used 90167K, capacity 92725K, committed 93392K, reserved 1130496K
  class space    used 11617K, capacity 12617K, committed 12876K, reserved 1048576K
Heap Regions: E=young(eden), S=young(survivor), O=old, HS=humongous(starts), HC=humongous(continues), CS=collection set, F=free, A=archive, TAMS=top-at-mark-start (previous, next)
|   0|0x0000000080000000, 0x0000000080100000, 0x0000000080100000|100%| O|  |TAMS 0x0000000080100000, 0x0000000080000000| Untracked 
|   1|0x0000000080100000, 0x0000000080200000, 0x0000000080200000|100%| O|  |TAMS 0x0000000080200000, 0x0000000080100000| Untracked 
|   2|0x0000000080200000, 0x0000000080300000, 0x0000000080300000|100%| O|  |TAMS 0x0000000080300000, 0x0000000080200000| Untracked 
|   3|0x0000000080300000, 0x0000000080400000, 0x0000000080400000|100%|HS|  |TAMS 0x0000000080400000, 0x0000000080300000| Complete 
|   4|0x0000000080400000, 0x0000000080500000, 0x0000000080500000|100%|HC|  |TAMS 0x0000000080500000, 0x0000000080400000| Complete 
|   5|0x0000000080500000, 0x0000000080600000, 0x0000000080600000|100%|HC|  |TAMS 0x0000000080600000, 0x0000000080500000| Complete 
|   6|0x0000000080600000, 0x0000000080700000, 0x0000000080700000|100%| O|  |TAMS 0x0000000080700000, 0x0000000080600000| Untracked 
|   7|0x0000000080700000, 0x0000000080800000, 0x0000000080800000|100%| O|  |TAMS 0x0000000080800000, 0x0000000080700000| Untracked 
|   8|0x0000000080800000, 0x0000000080900000, 0x0000000080900000|100%| O|  |TAMS 0x0000000080900000, 0x0000000080800000| Untracked 
|   9|0x0000000080900000, 0x0000000080a00000, 0x0000000080a00000|100%| O|  |TAMS 0x0000000080a00000, 0x0000000080900000| Untracked 
|  10|0x0000000080a00000, 0x0000000080b00000, 0x0000000080b00000|100%| O|  |TAMS 0x0000000080b00000, 0x0000000080a00000| Untracked 
|  11|0x0000000080b00000, 0x0000000080c00000, 0x0000000080c00000|100%| O|  |TAMS 0x0000000080c00000, 0x0000000080b00000| Untracked 
|  12|0x0000000080c00000, 0x0000000080d00000, 0x0000000080d00000|100%| O|  |TAMS 0x0000000080d00000, 0x0000000080c00000| Untracked 
|  13|0x0000000080d00000, 0x0000000080e00000, 0x0000000080e00000|100%| O|  |TAMS 0x0000000080e00000, 0x0000000080d00000| Untracked 
|  14|0x0000000080e00000, 0x0000000080f00000, 0x0000000080f00000|100%| O|  |TAMS 0x0000000080f00000, 0x0000000080e00000| Untracked 
|  15|0x0000000080f00000, 0x0000000081000000, 0x0000000081000000|100%| O|  |TAMS 0x0000000081000000, 0x0000000080f00000| Untracked 
|  16|0x0000000081000000, 0x0000000081100000, 0x0000000081100000|100%| O|  |TAMS 0x0000000081100000, 0x0000000081000000| Untracked 
|  17|0x0000000081100000, 0x0000000081200000, 0x0000000081200000|100%| O|  |TAMS 0x0000000081200000, 0x0000000081100000| Untracked 
|  18|0x0000000081200000, 0x0000000081300000, 0x0000000081300000|100%| O|  |TAMS 0x0000000081300000, 0x0000000081200000| Untracked 
|  19|0x0000000081300000, 0x0000000081400000, 0x0000000081400000|100%| O|  |TAMS 0x0000000081400000, 0x0000000081300000| Untracked 
|  20|0x0000000081400000, 0x0000000081500000, 0x0000000081500000|100%| O|  |TAMS 0x0000000081500000, 0x0000000081400000| Untracked 
|  21|0x0000000081500000, 0x0000000081600000, 0x0000000081600000|100%| O|  |TAMS 0x0000000081600000, 0x0000000081500000| Untracked 
|  22|0x0000000081600000, 0x0000000081700000, 0x0000000081700000|100%| O|  |TAMS 0x0000000081700000, 0x0000000081600000| Untracked 
|  23|0x0000000081700000, 0x0000000081800000, 0x0000000081800000|100%| O|  |TAMS 0x0000000081800000, 0x0000000081700000| Untracked 
|  24|0x0000000081800000, 0x0000000081900000, 0x0000000081900000|100%| O|  |TAMS 0x0000000081900000, 0x0000000081800000| Untracked 
|  25|0x0000000081900000, 0x0000000081a00000, 0x0000000081a00000|100%| O|  |TAMS 0x0000000081a00000, 0x0000000081900000| Untracked 
|  26|0x0000000081a00000, 0x0000000081b00000, 0x0000000081b00000|100%| O|  |TAMS 0x0000000081b00000, 0x0000000081a00000| Untracked 
|  27|0x0000000081b00000, 0x0000000081c00000, 0x0000000081c00000|100%| O|  |TAMS 0x0000000081c00000, 0x0000000081b00000| Untracked 
|  28|0x0000000081c00000, 0x0000000081d00000, 0x0000000081d00000|100%|HS|  |TAMS 0x0000000081d00000, 0x0000000081c00000| Complete 
|  29|0x0000000081d00000, 0x0000000081e00000, 0x0000000081e00000|100%|HS|  |TAMS 0x0000000081e00000, 0x0000000081d00000| Complete 
|  30|0x0000000081e00000, 0x0000000081f00000, 0x0000000081f00000|100%| O|  |TAMS 0x0000000081f00000, 0x0000000081e00000| Untracked 
|  31|0x0000000081f00000, 0x0000000082000000, 0x0000000082000000|100%| O|  |TAMS 0x0000000082000000, 0x0000000081f00000| Untracked 
|  32|0x0000000082000000, 0x0000000082100000, 0x0000000082100000|100%| O|  |TAMS 0x0000000082100000, 0x0000000082000000| Untracked 
|  33|0x0000000082100000, 0x0000000082200000, 0x0000000082200000|100%| O|  |TAMS 0x0000000082200000, 0x0000000082100000| Untracked 
|  34|0x0000000082200000, 0x0000000082300000, 0x0000000082300000|100%| O|  |TAMS 0x0000000082300000, 0x0000000082200000| Untracked 
|  35|0x0000000082300000, 0x0000000082400000, 0x0000000082400000|100%| O|  |TAMS 0x0000000082400000, 0x0000000082300000| Untracked 
|  36|0x0000000082400000, 0x0000000082500000, 0x0000000082500000|100%| O|  |TAMS 0x0000000082500000, 0x0000000082400000| Untracked 
|  37|0x0000000082500000, 0x0000000082600000, 0x0000000082600000|100%| O|  |TAMS 0x0000000082600000, 0x0000000082500000| Untracked 
|  38|0x0000000082600000, 0x0000000082700000, 0x0000000082700000|100%| O|  |TAMS 0x0000000082700000, 0x0000000082600000| Untracked 
|  39|0x0000000082700000, 0x0000000082800000, 0x0000000082800000|100%| O|  |TAMS 0x0000000082800000, 0x0000000082700000| Untracked 
|  40|0x0000000082800000, 0x0000000082900000, 0x0000000082900000|100%| O|  |TAMS 0x0000000082900000, 0x0000000082800000| Untracked 
|  41|0x0000000082900000, 0x0000000082a00000, 0x0000000082a00000|100%| O|  |TAMS 0x0000000082a00000, 0x0000000082900000| Untracked 
|  42|0x0000000082a00000, 0x0000000082b00000, 0x0000000082b00000|100%| O|  |TAMS 0x0000000082b00000, 0x0000000082a00000| Untracked 
|  43|0x0000000082b00000, 0x0000000082c00000, 0x0000000082c00000|100%| O|  |TAMS 0x0000000082c00000, 0x0000000082b00000| Untracked 
|  44|0x0000000082c00000, 0x0000000082d00000, 0x0000000082d00000|100%| O|  |TAMS 0x0000000082d00000, 0x0000000082c00000| Untracked 
|  45|0x0000000082d00000, 0x0000000082e00000, 0x0000000082e00000|100%| O|  |TAMS 0x0000000082e00000, 0x0000000082d00000| Untracked 
|  46|0x0000000082e00000, 0x0000000082f00000, 0x0000000082f00000|100%| O|  |TAMS 0x0000000082f00000, 0x0000000082e00000| Untracked 
|  47|0x0000000082f00000, 0x0000000083000000, 0x0000000083000000|100%| O|  |TAMS 0x0000000083000000, 0x0000000082f00000| Untracked 
|  48|0x0000000083000000, 0x0000000083100000, 0x0000000083100000|100%| O|  |TAMS 0x0000000083100000, 0x0000000083000000| Untracked 
|  49|0x0000000083100000, 0x0000000083200000, 0x0000000083200000|100%| O|  |TAMS 0x0000000083200000, 0x0000000083100000| Untracked 
|  50|0x0000000083200000, 0x0000000083300000, 0x0000000083300000|100%| O|  |TAMS 0x0000000083300000, 0x0000000083200000| Untracked 
|  51|0x0000000083300000, 0x0000000083400000, 0x0000000083400000|100%| O|  |TAMS 0x0000000083400000, 0x0000000083300000| Untracked 
|  52|0x0000000083400000, 0x0000000083500000, 0x0000000083500000|100%| O|  |TAMS 0x0000000083500000, 0x0000000083400000| Untracked 
|  53|0x0000000083500000, 0x0000000083600000, 0x0000000083600000|100%| O|  |TAMS 0x0000000083600000, 0x0000000083500000| Untracked 
|  54|0x0000000083600000, 0x0000000083700000, 0x0000000083700000|100%| O|  |TAMS 0x0000000083700000, 0x0000000083600000| Untracked 
|  55|0x0000000083700000, 0x0000000083800000, 0x0000000083800000|100%| O|  |TAMS 0x0000000083800000, 0x0000000083700000| Untracked 
|  56|0x0000000083800000, 0x0000000083900000, 0x0000000083900000|100%| O|  |TAMS 0x0000000083900000, 0x0000000083800000| Untracked 
|  57|0x0000000083900000, 0x0000000083a00000, 0x0000000083a00000|100%| O|  |TAMS 0x0000000083a00000, 0x0000000083900000| Untracked 
|  58|0x0000000083a00000, 0x0000000083b00000, 0x0000000083b00000|100%| O|  |TAMS 0x0000000083b00000, 0x0000000083a00000| Untracked 
|  59|0x0000000083b00000, 0x0000000083c00000, 0x0000000083c00000|100%| O|  |TAMS 0x0000000083c00000, 0x0000000083b00000| Untracked 
|  60|0x0000000083c00000, 0x0000000083d00000, 0x0000000083d00000|100%| O|  |TAMS 0x0000000083d00000, 0x0000000083c00000| Untracked 
|  61|0x0000000083d00000, 0x0000000083e00000, 0x0000000083e00000|100%| O|  |TAMS 0x0000000083e00000, 0x0000000083d00000| Untracked 
|  62|0x0000000083e00000, 0x0000000083f00000, 0x0000000083f00000|100%| O|  |TAMS 0x0000000083f00000, 0x0000000083e00000| Untracked 
|  63|0x0000000083f00000, 0x0000000084000000, 0x0000000084000000|100%| O|  |TAMS 0x0000000084000000, 0x0000000083f00000| Untracked 
|  64|0x0000000084000000, 0x0000000084100000, 0x0000000084100000|100%| O|  |TAMS 0x0000000084100000, 0x0000000084000000| Untracked 
|  65|0x0000000084100000, 0x0000000084200000, 0x0000000084200000|100%| O|  |TAMS 0x0000000084200000, 0x0000000084100000| Untracked 
|  66|0x0000000084200000, 0x0000000084300000, 0x0000000084300000|100%| O|  |TAMS 0x0000000084300000, 0x0000000084200000| Untracked 
|  67|0x0000000084300000, 0x0000000084400000, 0x0000000084400000|100%| O|  |TAMS 0x0000000084400000, 0x0000000084300000| Untracked 
|  68|0x0000000084400000, 0x0000000084500000, 0x0000000084500000|100%| O|  |TAMS 0x0000000084500000, 0x0000000084400000| Untracked 
|  69|0x0000000084500000, 0x0000000084600000, 0x0000000084600000|100%| O|  |TAMS 0x0000000084600000, 0x0000000084500000| Untracked 
|  70|0x0000000084600000, 0x0000000084700000, 0x0000000084700000|100%| O|  |TAMS 0x0000000084700000, 0x0000000084600000| Untracked 
|  71|0x0000000084700000, 0x0000000084800000, 0x0000000084800000|100%| O|  |TAMS 0x0000000084800000, 0x0000000084700000| Untracked 
|  72|0x0000000084800000, 0x0000000084900000, 0x0000000084900000|100%| O|  |TAMS 0x0000000084900000, 0x0000000084800000| Untracked 
|  73|0x0000000084900000, 0x0000000084a00000, 0x0000000084a00000|100%| O|  |TAMS 0x0000000084a00000, 0x0000000084900000| Untracked 
|  74|0x0000000084a00000, 0x0000000084b00000, 0x0000000084b00000|100%| O|  |TAMS 0x0000000084b00000, 0x0000000084a00000| Untracked 
|  75|0x0000000084b00000, 0x0000000084c00000, 0x0000000084c00000|100%| O|  |TAMS 0x0000000084c00000, 0x0000000084b00000| Untracked 
|  76|0x0000000084c00000, 0x0000000084d00000, 0x0000000084d00000|100%| O|  |TAMS 0x0000000084d00000, 0x0000000084c00000| Untracked 
|  77|0x0000000084d00000, 0x0000000084e00000, 0x0000000084e00000|100%| O|  |TAMS 0x0000000084e00000, 0x0000000084d00000| Untracked 
|  78|0x0000000084e00000, 0x0000000084f00000, 0x0000000084f00000|100%| O|  |TAMS 0x0000000084f00000, 0x0000000084e00000| Untracked 
|  79|0x0000000084f00000, 0x0000000085000000, 0x0000000085000000|100%| O|  |TAMS 0x0000000085000000, 0x0000000084f00000| Untracked 
|  80|0x0000000085000000, 0x0000000085100000, 0x0000000085100000|100%| O|  |TAMS 0x0000000085100000, 0x0000000085000000| Untracked 
|  81|0x0000000085100000, 0x0000000085200000, 0x0000000085200000|100%| O|  |TAMS 0x0000000085200000, 0x0000000085100000| Untracked 
|  82|0x0000000085200000, 0x0000000085300000, 0x0000000085300000|100%| O|  |TAMS 0x0000000085300000, 0x0000000085200000| Untracked 
|  83|0x0000000085300000, 0x0000000085400000, 0x0000000085400000|100%| O|  |TAMS 0x0000000085400000, 0x0000000085300000| Untracked 
|  84|0x0000000085400000, 0x0000000085500000, 0x0000000085500000|100%| O|  |TAMS 0x0000000085500000, 0x0000000085400000| Untracked 
|  85|0x0000000085500000, 0x0000000085600000, 0x0000000085600000|100%| O|  |TAMS 0x0000000085600000, 0x0000000085500000| Untracked 
|  86|0x0000000085600000, 0x0000000085700000, 0x0000000085700000|100%| O|  |TAMS 0x0000000085700000, 0x0000000085600000| Untracked 
|  87|0x0000000085700000, 0x0000000085800000, 0x0000000085800000|100%| O|  |TAMS 0x0000000085800000, 0x0000000085700000| Untracked 
|  88|0x0000000085800000, 0x0000000085900000, 0x0000000085900000|100%| O|  |TAMS 0x0000000085900000, 0x0000000085800000| Untracked 
|  89|0x0000000085900000, 0x0000000085a00000, 0x0000000085a00000|100%| O|  |TAMS 0x0000000085a00000, 0x0000000085900000| Untracked 
|  90|0x0000000085a00000, 0x0000000085b00000, 0x0000000085b00000|100%| O|  |TAMS 0x0000000085b00000, 0x0000000085a00000| Untracked 
|  91|0x0000000085b00000, 0x0000000085c00000, 0x0000000085c00000|100%|HS|  |TAMS 0x0000000085c00000, 0x0000000085b00000| Complete 
|  92|0x0000000085c00000, 0x0000000085d00000, 0x0000000085d00000|100%|HC|  |TAMS 0x0000000085d00000, 0x0000000085c00000| Complete 
|  93|0x0000000085d00000, 0x0000000085e00000, 0x0000000085e00000|100%| O|  |TAMS 0x0000000085e00000, 0x0000000085d00000| Untracked 
|  94|0x0000000085e00000, 0x0000000085f00000, 0x0000000085f00000|100%| O|  |TAMS 0x0000000085f00000, 0x0000000085e00000| Untracked 
|  95|0x0000000085f00000, 0x0000000086000000, 0x0000000086000000|100%| O|  |TAMS 0x0000000086000000, 0x0000000085f00000| Untracked 
|  96|0x0000000086000000, 0x0000000086100000, 0x0000000086100000|100%| O|  |TAMS 0x0000000086100000, 0x0000000086000000| Untracked 
|  97|0x0000000086100000, 0x0000000086200000, 0x0000000086200000|100%| O|  |TAMS 0x0000000086200000, 0x0000000086100000| Untracked 
|  98|0x0000000086200000, 0x0000000086300000, 0x0000000086300000|100%| O|  |TAMS 0x0000000086300000, 0x0000000086200000| Untracked 
|  99|0x0000000086300000, 0x0000000086400000, 0x0000000086400000|100%| O|  |TAMS 0x0000000086400000, 0x0000000086300000| Untracked 
| 100|0x0000000086400000, 0x0000000086500000, 0x0000000086500000|100%| O|  |TAMS 0x0000000086500000, 0x0000000086400000| Untracked 
| 101|0x0000000086500000, 0x0000000086600000, 0x0000000086600000|100%| O|  |TAMS 0x0000000086600000, 0x0000000086500000| Untracked 
| 102|0x0000000086600000, 0x0000000086700000, 0x0000000086700000|100%| O|  |TAMS 0x0000000086700000, 0x0000000086600000| Untracked 
| 103|0x0000000086700000, 0x0000000086700000, 0x0000000086800000|  0%| F|  |TAMS 0x0000000086700000, 0x0000000086700000| Untracked 
| 104|0x0000000086800000, 0x0000000086900000, 0x0000000086900000|100%| O|  |TAMS 0x0000000086900000, 0x0000000086800000| Untracked 
| 105|0x0000000086900000, 0x0000000086a00000, 0x0000000086a00000|100%| O|  |TAMS 0x0000000086a00000, 0x0000000086900000| Untracked 
| 106|0x0000000086a00000, 0x0000000086b00000, 0x0000000086b00000|100%| O|  |TAMS 0x0000000086a9ce00, 0x0000000086a00000| Untracked 
| 107|0x0000000086b00000, 0x0000000086b00000, 0x0000000086c00000|  0%| F|  |TAMS 0x0000000086b00000, 0x0000000086b00000| Untracked 
| 108|0x0000000086c00000, 0x0000000086c00000, 0x0000000086d00000|  0%| F|  |TAMS 0x0000000086c00000, 0x0000000086c00000| Untracked 
| 109|0x0000000086d00000, 0x0000000086d00000, 0x0000000086e00000|  0%| F|  |TAMS 0x0000000086d00000, 0x0000000086d00000| Untracked 
| 110|0x0000000086e00000, 0x0000000086e00000, 0x0000000086f00000|  0%| F|  |TAMS 0x0000000086e00000, 0x0000000086e00000| Untracked 
| 111|0x0000000086f00000, 0x0000000086f00000, 0x0000000087000000|  0%| F|  |TAMS 0x0000000086f00000, 0x0000000086f00000| Untracked 
| 112|0x0000000087000000, 0x0000000087000000, 0x0000000087100000|  0%| F|  |TAMS 0x0000000087000000, 0x0000000087000000| Untracked 
| 113|0x0000000087100000, 0x0000000087100000, 0x0000000087200000|  0%| F|  |TAMS 0x0000000087100000, 0x0000000087100000| Untracked 
| 114|0x0000000087200000, 0x0000000087300000, 0x0000000087300000|100%| O|  |TAMS 0x0000000087200000, 0x0000000087200000| Untracked 
| 115|0x0000000087300000, 0x0000000087300000, 0x0000000087400000|  0%| F|  |TAMS 0x0000000087300000, 0x0000000087300000| Untracked 
| 116|0x0000000087400000, 0x0000000087400000, 0x0000000087500000|  0%| F|  |TAMS 0x0000000087400000, 0x0000000087400000| Untracked 
| 117|0x0000000087500000, 0x0000000087500000, 0x0000000087600000|  0%| F|  |TAMS 0x0000000087500000, 0x0000000087500000| Untracked 
| 118|0x0000000087600000, 0x0000000087600000, 0x0000000087700000|  0%| F|  |TAMS 0x0000000087600000, 0x0000000087600000| Untracked 
| 119|0x0000000087700000, 0x0000000087700000, 0x0000000087800000|  0%| F|  |TAMS 0x0000000087700000, 0x0000000087700000| Untracked 
| 120|0x0000000087800000, 0x0000000087800000, 0x0000000087900000|  0%| F|  |TAMS 0x0000000087800000, 0x0000000087800000| Untracked 
| 121|0x0000000087900000, 0x0000000087900000, 0x0000000087a00000|  0%| F|  |TAMS 0x0000000087900000, 0x0000000087900000| Untracked 
| 122|0x0000000087a00000, 0x0000000087a00000, 0x0000000087b00000|  0%| F|  |TAMS 0x0000000087a00000, 0x0000000087a00000| Untracked 
| 123|0x0000000087b00000, 0x0000000087b00000, 0x0000000087c00000|  0%| F|  |TAMS 0x0000000087b00000, 0x0000000087b00000| Untracked 
| 124|0x0000000087c00000, 0x0000000087c00000, 0x0000000087d00000|  0%| F|  |TAMS 0x0000000087c00000, 0x0000000087c00000| Untracked 
| 125|0x0000000087d00000, 0x0000000087d00000, 0x0000000087e00000|  0%| F|  |TAMS 0x0000000087d00000, 0x0000000087d00000| Untracked 
| 126|0x0000000087e00000, 0x0000000087e00000, 0x0000000087f00000|  0%| F|  |TAMS 0x0000000087e00000, 0x0000000087e00000| Untracked 
| 127|0x0000000087f00000, 0x0000000087f00000, 0x0000000088000000|  0%| F|  |TAMS 0x0000000087f00000, 0x0000000087f00000| Untracked 
| 128|0x0000000088000000, 0x0000000088000000, 0x0000000088100000|  0%| F|  |TAMS 0x0000000088000000, 0x0000000088000000| Untracked 
| 129|0x0000000088100000, 0x0000000088187318, 0x0000000088200000| 52%| S|CS|TAMS 0x0000000088100000, 0x0000000088100000| Complete 
| 130|0x0000000088200000, 0x0000000088300000, 0x0000000088300000|100%| S|CS|TAMS 0x0000000088200000, 0x0000000088200000| Complete 
| 131|0x0000000088300000, 0x0000000088300000, 0x0000000088400000|  0%| F|  |TAMS 0x0000000088300000, 0x0000000088300000| Untracked 
| 132|0x0000000088400000, 0x0000000088400000, 0x0000000088500000|  0%| F|  |TAMS 0x0000000088400000, 0x0000000088400000| Untracked 
| 133|0x0000000088500000, 0x0000000088500000, 0x0000000088600000|  0%| F|  |TAMS 0x0000000088500000, 0x0000000088500000| Untracked 
| 134|0x0000000088600000, 0x0000000088600000, 0x0000000088700000|  0%| F|  |TAMS 0x0000000088600000, 0x0000000088600000| Untracked 
| 135|0x0000000088700000, 0x0000000088700000, 0x0000000088800000|  0%| F|  |TAMS 0x0000000088700000, 0x0000000088700000| Untracked 
| 136|0x0000000088800000, 0x0000000088800000, 0x0000000088900000|  0%| F|  |TAMS 0x0000000088800000, 0x0000000088800000| Untracked 
| 137|0x0000000088900000, 0x0000000088900000, 0x0000000088a00000|  0%| F|  |TAMS 0x0000000088900000, 0x0000000088900000| Untracked 
| 138|0x0000000088a00000, 0x0000000088a00000, 0x0000000088b00000|  0%| F|  |TAMS 0x0000000088a00000, 0x0000000088a00000| Untracked 
| 139|0x0000000088b00000, 0x0000000088b00000, 0x0000000088c00000|  0%| F|  |TAMS 0x0000000088b00000, 0x0000000088b00000| Untracked 
| 140|0x0000000088c00000, 0x0000000088c00000, 0x0000000088d00000|  0%| F|  |TAMS 0x0000000088c00000, 0x0000000088c00000| Untracked 
| 141|0x0000000088d00000, 0x0000000088d00000, 0x0000000088e00000|  0%| F|  |TAMS 0x0000000088d00000, 0x0000000088d00000| Untracked 

Card table byte_map: [0x000001d841560000,0x000001d841960000] _byte_map_base: 0x000001d841160000

Marking Bits (Prev, Next): (CMBitMap*) 0x000001d82e579320, (CMBitMap*) 0x000001d82e5792e8
 Prev Bits: [0x000001d843d60000, 0x000001d845d60000)
 Next Bits: [0x000001d841d60000, 0x000001d843d60000)

Polling page: 0x000001d82c4e0000

Metaspace:

Usage:
  Non-class:     78.23 MB capacity,    76.71 MB ( 98%) used,     1.24 MB (  2%) free+waste,   287.94 KB ( <1%) overhead. 
      Class:     12.32 MB capacity,    11.35 MB ( 92%) used,   865.48 KB (  7%) free+waste,   133.62 KB (  1%) overhead. 
       Both:     90.55 MB capacity,    88.05 MB ( 97%) used,     2.09 MB (  2%) free+waste,   421.56 KB ( <1%) overhead. 

Virtual space:
  Non-class space:       80.00 MB reserved,      78.63 MB ( 98%) committed 
      Class space:        1.00 GB reserved,      12.57 MB (  1%) committed 
             Both:        1.08 GB reserved,      91.20 MB (  8%) committed 

Chunk freelists:
   Non-Class:  280.00 KB
       Class:  151.00 KB
        Both:  431.00 KB

MaxMetaspaceSize: 17179869184.00 GB
CompressedClassSpaceSize: 1.00 GB
Initial GC threshold: 20.80 MB
Current GC threshold: 152.01 MB
CDS: off

CodeHeap 'non-profiled nmethods': size=120064Kb used=5643Kb max_used=5643Kb free=114420Kb
 bounds [0x000001d839b10000, 0x000001d83a0a0000, 0x000001d841050000]
CodeHeap 'profiled nmethods': size=120000Kb used=22107Kb max_used=22107Kb free=97892Kb
 bounds [0x000001d8325e0000, 0x000001d833b80000, 0x000001d839b10000]
CodeHeap 'non-nmethods': size=5696Kb used=2390Kb max_used=2431Kb free=3305Kb
 bounds [0x000001d832050000, 0x000001d8322c0000, 0x000001d8325e0000]
 total_blobs=11708 nmethods=10790 adapters=830
 compilation: enabled
              stopped_count=0, restarted_count=0
 full_count=0

Compilation events (20 events):
Event: 16.894 Thread 0x000001d8485a6000 10917       2       com.google.common.cache.LocalCache::expiresAfterAccess (15 bytes)
Event: 16.894 Thread 0x000001d8485a6000 nmethod 10917 0x000001d833b71410 code [0x000001d833b715c0, 0x000001d833b716d8]
Event: 16.896 Thread 0x000001d8485a6000 10918 %     3       org.apache.xerces.dom.NamedNodeMapImpl::setOwnerDocument @ 22 (43 bytes)
Event: 16.896 Thread 0x000001d8485a6000 nmethod 10918% 0x000001d833b71790 code [0x000001d833b71980, 0x000001d833b71f48]
Event: 16.899 Thread 0x000001d8485a6000 10919       2       java.lang.invoke.LambdaForm$MH/0x00000001007c3840::invoke (93 bytes)
Event: 16.900 Thread 0x000001d8485a6000 nmethod 10919 0x000001d833b72110 code [0x000001d833b72300, 0x000001d833b725e8]
Event: 16.902 Thread 0x000001d8485a6000 10920       2       java.util.List::sort (66 bytes)
Event: 16.903 Thread 0x000001d8485a6000 nmethod 10920 0x000001d833b72890 code [0x000001d833b72a80, 0x000001d833b72ce8]
Event: 16.910 Thread 0x000001d8485a6000 10921       2       org.apache.xerces.dom.AttrImpl::setValue (369 bytes)
Event: 16.911 Thread 0x000001d8485a6000 nmethod 10921 0x000001d833b72f10 code [0x000001d833b73200, 0x000001d833b74258]
Event: 16.928 Thread 0x000001d8485a6000 10923   !   2       java.util.concurrent.ArrayBlockingQueue::take (46 bytes)
Event: 16.928 Thread 0x000001d8485a6000 nmethod 10923 0x000001d833b74890 code [0x000001d833b74ac0, 0x000001d833b74eb8]
Event: 16.929 Thread 0x000001d8485a6000 10924   !   2       java.util.concurrent.ArrayBlockingQueue::offer (56 bytes)
Event: 16.930 Thread 0x000001d8485a6000 nmethod 10924 0x000001d833b75290 code [0x000001d833b754c0, 0x000001d833b75868]
Event: 16.931 Thread 0x000001d8485a6000 10925       2       com.google.common.cache.LocalCache$Segment::drainRecencyQueue (45 bytes)
Event: 16.932 Thread 0x000001d8485a6000 nmethod 10925 0x000001d833b75c10 code [0x000001d833b75e00, 0x000001d833b760c8]
Event: 16.933 Thread 0x000001d8485a6000 10926       2       java.util.Formatter$FormatSpecifier::checkBadFlags (49 bytes)
Event: 16.933 Thread 0x000001d8485a6000 nmethod 10926 0x000001d833b76210 code [0x000001d833b763e0, 0x000001d833b76618]
Event: 16.933 Thread 0x000001d8485a6000 10927 %     3       java.lang.StringUTF16::lastIndexOf @ 17 (47 bytes)
Event: 16.933 Thread 0x000001d8485a6000 nmethod 10927% 0x000001d833b76810 code [0x000001d833b769e0, 0x000001d833b76d48]

GC Heap History (20 events):
Event: 11.895 GC heap after
{Heap after GC invocations=20 (full 0):
 garbage-first heap   total 145408K, used 61203K [0x0000000080000000, 0x0000000100000000)
  region size 1024K, 7 young (7168K), 7 survivors (7168K)
 Metaspace       used 79971K, capacity 81945K, committed 82000K, reserved 1120256K
  class space    used 10428K, capacity 11178K, committed 11212K, reserved 1048576K
}
Event: 12.258 GC heap before
{Heap before GC invocations=20 (full 0):
 garbage-first heap   total 145408K, used 116499K [0x0000000080000000, 0x0000000100000000)
  region size 1024K, 61 young (62464K), 7 survivors (7168K)
 Metaspace       used 81501K, capacity 83561K, committed 83792K, reserved 1122304K
  class space    used 10599K, capacity 11346K, committed 11468K, reserved 1048576K
}
Event: 12.266 GC heap after
{Heap after GC invocations=21 (full 0):
 garbage-first heap   total 145408K, used 67030K [0x0000000080000000, 0x0000000100000000)
  region size 1024K, 8 young (8192K), 8 survivors (8192K)
 Metaspace       used 81501K, capacity 83561K, committed 83792K, reserved 1122304K
  class space    used 10599K, capacity 11346K, committed 11468K, reserved 1048576K
}
Event: 12.626 GC heap before
{Heap before GC invocations=21 (full 0):
 garbage-first heap   total 145408K, used 116182K [0x0000000080000000, 0x0000000100000000)
  region size 1024K, 57 young (58368K), 8 survivors (8192K)
 Metaspace       used 84318K, capacity 86528K, committed 86736K, reserved 1124352K
  class space    used 10930K, capacity 11750K, committed 11852K, reserved 1048576K
}
Event: 12.637 GC heap after
{Heap after GC invocations=22 (full 0):
 garbage-first heap   total 145408K, used 74972K [0x0000000080000000, 0x0000000100000000)
  region size 1024K, 8 young (8192K), 8 survivors (8192K)
 Metaspace       used 84318K, capacity 86528K, committed 86736K, reserved 1124352K
  class space    used 10930K, capacity 11750K, committed 11852K, reserved 1048576K
}
Event: 13.543 GC heap before
{Heap before GC invocations=22 (full 0):
 garbage-first heap   total 145408K, used 116956K [0x0000000080000000, 0x0000000100000000)
  region size 1024K, 49 young (50176K), 8 survivors (8192K)
 Metaspace       used 86409K, capacity 88955K, committed 89296K, reserved 1126400K
  class space    used 11278K, capacity 12257K, committed 12364K, reserved 1048576K
}
Event: 13.551 GC heap after
{Heap after GC invocations=23 (full 0):
 garbage-first heap   total 145408K, used 78533K [0x0000000080000000, 0x0000000100000000)
  region size 1024K, 4 young (4096K), 4 survivors (4096K)
 Metaspace       used 86409K, capacity 88955K, committed 89296K, reserved 1126400K
  class space    used 11278K, capacity 12257K, committed 12364K, reserved 1048576K
}
Event: 13.992 GC heap before
{Heap before GC invocations=24 (full 0):
 garbage-first heap   total 145408K, used 116421K [0x0000000080000000, 0x0000000100000000)
  region size 1024K, 42 young (43008K), 4 survivors (4096K)
 Metaspace       used 87198K, capacity 89821K, committed 90064K, reserved 1126400K
  class space    used 11369K, capacity 12363K, committed 12364K, reserved 1048576K
}
Event: 13.999 GC heap after
{Heap after GC invocations=25 (full 0):
 garbage-first heap   total 145408K, used 79968K [0x0000000080000000, 0x0000000100000000)
  region size 1024K, 5 young (5120K), 5 survivors (5120K)
 Metaspace       used 87198K, capacity 89821K, committed 90064K, reserved 1126400K
  class space    used 11369K, capacity 12363K, committed 12364K, reserved 1048576K
}
Event: 15.144 GC heap before
{Heap before GC invocations=25 (full 0):
 garbage-first heap   total 145408K, used 117856K [0x0000000080000000, 0x0000000100000000)
  region size 1024K, 43 young (44032K), 5 survivors (5120K)
 Metaspace       used 89771K, capacity 92469K, committed 92752K, reserved 1130496K
  class space    used 11646K, capacity 12709K, committed 12748K, reserved 1048576K
}
Event: 15.157 GC heap after
{Heap after GC invocations=26 (full 0):
 garbage-first heap   total 145408K, used 84664K [0x0000000080000000, 0x0000000100000000)
  region size 1024K, 6 young (6144K), 6 survivors (6144K)
 Metaspace       used 89771K, capacity 92469K, committed 92752K, reserved 1130496K
  class space    used 11646K, capacity 12709K, committed 12748K, reserved 1048576K
}
Event: 15.718 GC heap before
{Heap before GC invocations=27 (full 0):
 garbage-first heap   total 145408K, used 95928K [0x0000000080000000, 0x0000000100000000)
  region size 1024K, 19 young (19456K), 6 survivors (6144K)
 Metaspace       used 89817K, capacity 92519K, committed 92752K, reserved 1130496K
  class space    used 11644K, capacity 12704K, committed 12748K, reserved 1048576K
}
Event: 15.733 GC heap after
{Heap after GC invocations=28 (full 0):
 garbage-first heap   total 145408K, used 89547K [0x0000000080000000, 0x0000000100000000)
  region size 1024K, 5 young (5120K), 5 survivors (5120K)
 Metaspace       used 89817K, capacity 92519K, committed 92752K, reserved 1130496K
  class space    used 11644K, capacity 12704K, committed 12748K, reserved 1048576K
}
Event: 16.312 GC heap before
{Heap before GC invocations=29 (full 0):
 garbage-first heap   total 145408K, used 119243K [0x0000000080000000, 0x0000000100000000)
  region size 1024K, 26 young (26624K), 5 survivors (5120K)
 Metaspace       used 89665K, capacity 92264K, committed 92752K, reserved 1130496K
  class space    used 11569K, capacity 12571K, committed 12748K, reserved 1048576K
}
Event: 16.319 GC heap after
{Heap after GC invocations=30 (full 0):
 garbage-first heap   total 145408K, used 102341K [0x0000000080000000, 0x0000000100000000)
  region size 1024K, 4 young (4096K), 4 survivors (4096K)
 Metaspace       used 89665K, capacity 92264K, committed 92752K, reserved 1130496K
  class space    used 11569K, capacity 12571K, committed 12748K, reserved 1048576K
}
Event: 16.632 GC heap before
{Heap before GC invocations=30 (full 0):
 garbage-first heap   total 145408K, used 116677K [0x0000000080000000, 0x0000000100000000)
  region size 1024K, 18 young (18432K), 4 survivors (4096K)
 Metaspace       used 89838K, capacity 92330K, committed 93008K, reserved 1130496K
  class space    used 11588K, capacity 12572K, committed 12748K, reserved 1048576K
}
Event: 16.638 GC heap after
{Heap after GC invocations=31 (full 0):
 garbage-first heap   total 145408K, used 107827K [0x0000000080000000, 0x0000000100000000)
  region size 1024K, 3 young (3072K), 3 survivors (3072K)
 Metaspace       used 89838K, capacity 92330K, committed 93008K, reserved 1130496K
  class space    used 11588K, capacity 12572K, committed 12748K, reserved 1048576K
}
Event: 16.760 GC heap before
{Heap before GC invocations=32 (full 0):
 garbage-first heap   total 145408K, used 116019K [0x0000000080000000, 0x0000000100000000)
  region size 1024K, 11 young (11264K), 3 survivors (3072K)
 Metaspace       used 90046K, capacity 92618K, committed 93392K, reserved 1130496K
  class space    used 11602K, capacity 12604K, committed 12876K, reserved 1048576K
}
Event: 16.766 GC heap after
{Heap after GC invocations=33 (full 0):
 garbage-first heap   total 145408K, used 110740K [0x0000000080000000, 0x0000000100000000)
  region size 1024K, 2 young (2048K), 2 survivors (2048K)
 Metaspace       used 90046K, capacity 92618K, committed 93392K, reserved 1130496K
  class space    used 11602K, capacity 12604K, committed 12876K, reserved 1048576K
}
Event: 16.944 GC heap before
{Heap before GC invocations=34 (full 0):
 garbage-first heap   total 145408K, used 126100K [0x0000000080000000, 0x0000000100000000)
  region size 1024K, 11 young (11264K), 2 survivors (2048K)
 Metaspace       used 90167K, capacity 92725K, committed 93392K, reserved 1130496K
  class space    used 11617K, capacity 12617K, committed 12876K, reserved 1048576K
}

Deoptimization events (20 events):
Event: 16.796 Thread 0x000001d84ee9d800 Uncommon trap: trap_request=0xffffffbe fr.pc=0x000001d839fd6340 relative=0x0000000000001200
Event: 16.796 Thread 0x000001d84ee9d800 Uncommon trap: reason=profile_predicate action=maybe_recompile pc=0x000001d839fd6340 method=java.lang.invoke.InvokerBytecodeGenerator.<init>(Ljava/lang/String;Ljava/lang/String;Ljava/lang/invoke/LambdaForm;Ljava/lang/invoke/MethodType;)V @ 33 c2
Event: 16.796 Thread 0x000001d84ee9d800 DEOPT PACKING pc=0x000001d839fd6340 sp=0x000000548aaf8e70
Event: 16.796 Thread 0x000001d84ee9d800 DEOPT UNPACKING pc=0x000001d83209a1af sp=0x000000548aaf8bf0 mode 2
Event: 16.797 Thread 0x000001d84ee9d800 Uncommon trap: trap_request=0xffffffbe fr.pc=0x000001d839fd6340 relative=0x0000000000001200
Event: 16.797 Thread 0x000001d84ee9d800 Uncommon trap: reason=profile_predicate action=maybe_recompile pc=0x000001d839fd6340 method=java.lang.invoke.InvokerBytecodeGenerator.<init>(Ljava/lang/String;Ljava/lang/String;Ljava/lang/invoke/LambdaForm;Ljava/lang/invoke/MethodType;)V @ 33 c2
Event: 16.797 Thread 0x000001d84ee9d800 DEOPT PACKING pc=0x000001d839fd6340 sp=0x000000548aaf8dc0
Event: 16.797 Thread 0x000001d84ee9d800 DEOPT UNPACKING pc=0x000001d83209a1af sp=0x000000548aaf8b40 mode 2
Event: 16.797 Thread 0x000001d84ee9d800 Uncommon trap: trap_request=0xffffffbe fr.pc=0x000001d839fd6340 relative=0x0000000000001200
Event: 16.797 Thread 0x000001d84ee9d800 Uncommon trap: reason=profile_predicate action=maybe_recompile pc=0x000001d839fd6340 method=java.lang.invoke.InvokerBytecodeGenerator.<init>(Ljava/lang/String;Ljava/lang/String;Ljava/lang/invoke/LambdaForm;Ljava/lang/invoke/MethodType;)V @ 33 c2
Event: 16.797 Thread 0x000001d84ee9d800 DEOPT PACKING pc=0x000001d839fd6340 sp=0x000000548aaf8de0
Event: 16.797 Thread 0x000001d84ee9d800 DEOPT UNPACKING pc=0x000001d83209a1af sp=0x000000548aaf8b60 mode 2
Event: 16.797 Thread 0x000001d84ee9d800 Uncommon trap: trap_request=0xffffffbe fr.pc=0x000001d839fd6340 relative=0x0000000000001200
Event: 16.797 Thread 0x000001d84ee9d800 Uncommon trap: reason=profile_predicate action=maybe_recompile pc=0x000001d839fd6340 method=java.lang.invoke.InvokerBytecodeGenerator.<init>(Ljava/lang/String;Ljava/lang/String;Ljava/lang/invoke/LambdaForm;Ljava/lang/invoke/MethodType;)V @ 33 c2
Event: 16.797 Thread 0x000001d84ee9d800 DEOPT PACKING pc=0x000001d839fd6340 sp=0x000000548aaf8dd0
Event: 16.797 Thread 0x000001d84ee9d800 DEOPT UNPACKING pc=0x000001d83209a1af sp=0x000000548aaf8b50 mode 2
Event: 16.848 Thread 0x000001d84ee9d800 DEOPT PACKING pc=0x000001d83368d137 sp=0x000000548aafa0e0
Event: 16.848 Thread 0x000001d84ee9d800 DEOPT UNPACKING pc=0x000001d83209a95e sp=0x000000548aaf95b0 mode 0
Event: 16.848 Thread 0x000001d84ee9d800 DEOPT PACKING pc=0x000001d833a19137 sp=0x000000548aaf9d80
Event: 16.848 Thread 0x000001d84ee9d800 DEOPT UNPACKING pc=0x000001d83209a95e sp=0x000000548aaf9258 mode 0

Classes redefined (0 events):
No events

Internal exceptions (20 events):
Event: 13.414 Thread 0x000001d84e6ef800 Exception <a 'java/lang/NoSuchMethodError'{0x00000000876afe60}: 'java.lang.Object java.lang.invoke.DirectMethodHandle$Holder.invokeSpecialIFC(java.lang.Object, java.lang.Object, java.lang.Object)'> (0x00000000876afe60) thrown at [src/hotspot/share/interpreter/linkResolver.cpp, line 773]
Event: 13.414 Thread 0x000001d84ee9f000 Exception <a 'java/lang/NoSuchMethodError'{0x000000008766a110}: 'java.lang.Object java.lang.invoke.DirectMethodHandle$Holder.invokeSpecialIFC(java.lang.Object, java.lang.Object, java.lang.Object)'> (0x000000008766a110) thrown at [src/hotspot/share/interpreter/linkResolver.cpp, line 773]
Event: 13.414 Thread 0x000001d84e6f1000 Exception <a 'java/lang/NoSuchMethodError'{0x0000000087696440}: 'java.lang.Object java.lang.invoke.DirectMethodHandle$Holder.invokeSpecialIFC(java.lang.Object, java.lang.Object, java.lang.Object)'> (0x0000000087696440) thrown at [src/hotspot/share/interpreter/linkResolver.cpp, line 773]
Event: 13.414 Thread 0x000001d84e6ed000 Exception <a 'java/lang/NoSuchMethodError'{0x00000000876a2d60}: 'java.lang.Object java.lang.invoke.DirectMethodHandle$Holder.invokeSpecialIFC(java.lang.Object, java.lang.Object, java.lang.Object)'> (0x00000000876a2d60) thrown at [src/hotspot/share/interpreter/linkResolver.cpp, line 773]
Event: 13.448 Thread 0x000001d84ee9f000 Exception <a 'java/lang/NoSuchMethodError'{0x000000008732d540}: 'int java.lang.invoke.DirectMethodHandle$Holder.invokeStaticInit(java.lang.Object, java.lang.Object, java.lang.Object, java.lang.Object, java.lang.Object)'> (0x000000008732d540) thrown at [src/hotspot/share/interpreter/linkResolver.cpp, line 773]
Event: 13.672 Thread 0x000001d849dd4800 Implicit null exception at 0x000001d839f8505b to 0x000001d839f850f0
Event: 13.788 Thread 0x000001d849dd3000 Implicit null exception at 0x000001d839f95b2a to 0x000001d839f96288
Event: 13.839 Thread 0x000001d84ee9f000 Exception <a 'java/lang/NoSuchMethodError'{0x00000000877c4728}: <clinit>> (0x00000000877c4728) thrown at [src/hotspot/share/prims/jni.cpp, line 1367]
Event: 13.895 Thread 0x000001d84eea0800 Exception <a 'java/lang/NoSuchMethodError'{0x00000000871f7d00}: 'java.lang.Object java.lang.invoke.DirectMethodHandle$Holder.invokeSpecial(java.lang.Object, java.lang.Object, int, int, java.lang.Object, java.lang.Object, java.lang.Object, java.lang.Object)'> (0x00000000871f7d00) thrown at [src/hotspot/share/interpreter/linkResolver.cpp, line 773]
Event: 13.895 Thread 0x000001d84eea0800 Exception <a 'java/lang/NoSuchMethodError'{0x0000000087003ad0}: 'java.lang.Object java.lang.invoke.DelegatingMethodHandle$Holder.reinvoke_L(java.lang.Object, int, int, java.lang.Object, java.lang.Object, java.lang.Object, java.lang.Object)'> (0x0000000087003ad0) thrown at [src/hotspot/share/interpreter/linkResolver.cpp, line 773]
Event: 13.898 Thread 0x000001d84eea0800 Exception <a 'java/lang/NoSuchMethodError'{0x000000008707b2e8}: 'java.lang.Object java.lang.invoke.DirectMethodHandle$Holder.invokeStatic(java.lang.Object, java.lang.Object, java.lang.Object, java.lang.Object, java.lang.Object, java.lang.Object, java.lang.Object, java.lang.Object, java.lang.Object, java.lang.Object, int, int, java.lang.Object, java.lang.Object)'> (0x000000008707b2e8) thrown at [src/hotspot/share/interpreter/linkResolver.cpp, line 773]
Event: 13.899 Thread 0x000001d84eea0800 Exception <a 'java/lang/NoSuchMethodError'{0x00000000870adb88}: 'java.lang.Object java.lang.invoke.DirectMethodHandle$Holder.invokeStatic(java.lang.Object, java.lang.Object, java.lang.Object, java.lang.Object, java.lang.Object, java.lang.Object, java.lang.Object, java.lang.Object, java.lang.Object, java.lang.Object, int, int, java.lang.Object, java.lang.Object, java.lang.Object)'> (0x00000000870adb88) thrown at [src/hotspot/share/interpreter/linkResolver.cpp, line 773]
Event: 13.925 Thread 0x000001d84ee9d800 Exception <a 'sun/nio/fs/WindowsException'{0x0000000086d477e8}> (0x0000000086d477e8) thrown at [src/hotspot/share/prims/jni.cpp, line 617]
Event: 13.925 Thread 0x000001d84ee9d800 Exception <a 'sun/nio/fs/WindowsException'{0x0000000086d48678}> (0x0000000086d48678) thrown at [src/hotspot/share/prims/jni.cpp, line 617]
Event: 13.944 Thread 0x000001d84ee9d800 Exception <a 'java/lang/NoSuchMethodError'{0x0000000086c81998}: 'java.lang.Object java.lang.invoke.DirectMethodHandle$Holder.invokeSpecial(java.lang.Object, java.lang.Object, int, int, int, java.lang.Object, java.lang.Object, java.lang.Object, int)'> (0x0000000086c81998) thrown at [src/hotspot/share/interpreter/linkResolver.cpp, line 773]
Event: 13.944 Thread 0x000001d84ee9d800 Exception <a 'java/lang/NoSuchMethodError'{0x0000000086c85ce0}: 'java.lang.Object java.lang.invoke.DelegatingMethodHandle$Holder.reinvoke_L(java.lang.Object, int, int, int, java.lang.Object, java.lang.Object, java.lang.Object, int)'> (0x0000000086c85ce0) thrown at [src/hotspot/share/interpreter/linkResolver.cpp, line 773]
Event: 13.945 Thread 0x000001d84ee9d800 Exception <a 'java/lang/NoSuchMethodError'{0x0000000086cd11b0}: 'java.lang.Object java.lang.invoke.DirectMethodHandle$Holder.invokeStatic(java.lang.Object, java.lang.Object, java.lang.Object, java.lang.Object, java.lang.Object, java.lang.Object, java.lang.Object, int)'> (0x0000000086cd11b0) thrown at [src/hotspot/share/interpreter/linkResolver.cpp, line 773]
Event: 13.951 Thread 0x000001d84aeaf000 Exception <a 'java/lang/NoSuchMethodError'{0x0000000086905698}: <clinit>> (0x0000000086905698) thrown at [src/hotspot/share/prims/jni.cpp, line 1367]
Event: 13.952 Thread 0x000001d84aeaf000 Exception <a 'java/lang/NoSuchMethodError'{0x00000000869181f0}: <clinit>> (0x00000000869181f0) thrown at [src/hotspot/share/prims/jni.cpp, line 1367]
Event: 16.643 Thread 0x000001d84ee9d800 Implicit null exception at 0x000001d83a02d190 to 0x000001d83a02dfaf

Events (20 events):
Event: 16.786 loading class com/google/common/io/Files$2 done
Event: 16.786 loading class com/google/common/io/CharSink
Event: 16.786 loading class com/google/common/io/CharSink done
Event: 16.786 loading class com/google/common/io/ByteSink$AsCharSink
Event: 16.786 loading class com/google/common/io/ByteSink$AsCharSink done
Event: 16.794 loading class com/android/builder/internal/aapt/v2/Aapt2RenamingConventions
Event: 16.794 loading class com/android/builder/internal/aapt/v2/Aapt2RenamingConventions done
Event: 16.795 loading class com/android/builder/internal/aapt/v2/Aapt2Exception
Event: 16.795 loading class com/android/builder/internal/aapt/v2/Aapt2Exception done
Event: 16.796 Executing VM operation: RevokeBias
Event: 16.796 Executing VM operation: RevokeBias done
Event: 16.799 loading class com/android/ide/common/blame/MergingLogPersistUtil
Event: 16.799 loading class com/android/ide/common/blame/MergingLogPersistUtil done
Event: 16.800 loading class com/android/ide/common/blame/MergingLogPersistUtil$SourcePositionsSerializer$JsonTypeAdapter
Event: 16.800 loading class com/android/ide/common/blame/MergingLogPersistUtil$SourcePositionsSerializer$JsonTypeAdapter done
Event: 16.837 Executing VM operation: CGC_Operation
Event: 16.845 Executing VM operation: CGC_Operation done
Event: 16.885 Executing VM operation: CGC_Operation
Event: 16.885 Executing VM operation: CGC_Operation done
Event: 16.944 Executing VM operation: G1CollectForAllocation


Dynamic libraries:
0x00007ff6639b0000 - 0x00007ff6639ba000 	D:\FongAndroid\jbr\bin\java.exe
0x00007ffd528f0000 - 0x00007ffd52b07000 	C:\WINDOWS\SYSTEM32\ntdll.dll
0x00007ffd516c0000 - 0x00007ffd51784000 	C:\WINDOWS\System32\KERNEL32.DLL
0x00007ffd4fc30000 - 0x00007ffd4ffd6000 	C:\WINDOWS\System32\KERNELBASE.dll
0x00007ffd50120000 - 0x00007ffd50231000 	C:\WINDOWS\System32\ucrtbase.dll
0x00007ffd36e10000 - 0x00007ffd36e27000 	D:\FongAndroid\jbr\bin\jli.dll
0x00007ffd517b0000 - 0x00007ffd5195e000 	C:\WINDOWS\System32\USER32.dll
0x00007ffd4ffe0000 - 0x00007ffd50006000 	C:\WINDOWS\System32\win32u.dll
0x00007ffd3a660000 - 0x00007ffd3a8f3000 	C:\WINDOWS\WinSxS\amd64_microsoft.windows.common-controls_6595b64144ccf1df_6.0.22621.2506_none_270c5ae97388e100\COMCTL32.dll
0x00007ffd51f10000 - 0x00007ffd51f39000 	C:\WINDOWS\System32\GDI32.dll
0x00007ffd52800000 - 0x00007ffd528a7000 	C:\WINDOWS\System32\msvcrt.dll
0x00007ffd50270000 - 0x00007ffd50388000 	C:\WINDOWS\System32\gdi32full.dll
0x00007ffd50080000 - 0x00007ffd5011a000 	C:\WINDOWS\System32\msvcp_win.dll
0x00007ffd254c0000 - 0x00007ffd254db000 	D:\FongAndroid\jbr\bin\VCRUNTIME140.dll
0x00007ffd51670000 - 0x00007ffd516a1000 	C:\WINDOWS\System32\IMM32.DLL
0x00007ffd24720000 - 0x00007ffd247ad000 	D:\FongAndroid\jbr\bin\msvcp140.dll
0x00007ffd29ee0000 - 0x00007ffd29eec000 	C:\WINDOWS\SYSTEM32\VCRUNTIME140_1.dll
0x00007ffc99220000 - 0x00007ffc99ddc000 	D:\FongAndroid\jbr\bin\server\jvm.dll
0x00007ffd50640000 - 0x00007ffd506f3000 	C:\WINDOWS\System32\ADVAPI32.dll
0x00007ffd50e40000 - 0x00007ffd50ee8000 	C:\WINDOWS\System32\sechost.dll
0x00007ffd50240000 - 0x00007ffd50268000 	C:\WINDOWS\System32\bcrypt.dll
0x00007ffd51d50000 - 0x00007ffd51e67000 	C:\WINDOWS\System32\RPCRT4.dll
0x00007ffd51790000 - 0x00007ffd51798000 	C:\WINDOWS\System32\PSAPI.DLL
0x00007ffd475f0000 - 0x00007ffd47624000 	C:\WINDOWS\SYSTEM32\WINMM.dll
0x00007ffd492c0000 - 0x00007ffd492c9000 	C:\WINDOWS\SYSTEM32\WSOCK32.dll
0x00007ffd51e70000 - 0x00007ffd51ee1000 	C:\WINDOWS\System32\WS2_32.dll
0x00007ffd45cf0000 - 0x00007ffd45cfa000 	C:\WINDOWS\SYSTEM32\VERSION.dll
0x00007ffd4ec60000 - 0x00007ffd4ec78000 	C:\WINDOWS\SYSTEM32\kernel.appcore.dll
0x00007ffd3fa20000 - 0x00007ffd3fa30000 	D:\FongAndroid\jbr\bin\verify.dll
0x00007ffd4d7e0000 - 0x00007ffd4da13000 	C:\WINDOWS\SYSTEM32\DBGHELP.DLL
0x00007ffd50750000 - 0x00007ffd50ad9000 	C:\WINDOWS\System32\combase.dll
0x00007ffd51450000 - 0x00007ffd51527000 	C:\WINDOWS\System32\OLEAUT32.dll
0x00007ffd2a5f0000 - 0x00007ffd2a622000 	C:\WINDOWS\SYSTEM32\dbgcore.DLL
0x00007ffd50390000 - 0x00007ffd5040a000 	C:\WINDOWS\System32\bcryptPrimitives.dll
0x00007ffd2b1a0000 - 0x00007ffd2b1c8000 	D:\FongAndroid\jbr\bin\java.dll
0x00007ffd342f0000 - 0x00007ffd342fa000 	D:\FongAndroid\jbr\bin\jimage.dll
0x00007ffd324d0000 - 0x00007ffd324e8000 	D:\FongAndroid\jbr\bin\zip.dll
0x00007ffd51fa0000 - 0x00007ffd527fa000 	C:\WINDOWS\System32\SHELL32.dll
0x00007ffd4db80000 - 0x00007ffd4e476000 	C:\WINDOWS\SYSTEM32\windows.storage.dll
0x00007ffd4da40000 - 0x00007ffd4db7e000 	C:\WINDOWS\SYSTEM32\wintypes.dll
0x00007ffd51c50000 - 0x00007ffd51d43000 	C:\WINDOWS\System32\SHCORE.dll
0x00007ffd51f40000 - 0x00007ffd51f9e000 	C:\WINDOWS\System32\shlwapi.dll
0x00007ffd4fb60000 - 0x00007ffd4fb86000 	C:\WINDOWS\SYSTEM32\profapi.dll
0x00007ffd27000000 - 0x00007ffd27019000 	D:\FongAndroid\jbr\bin\net.dll
0x00007ffd49150000 - 0x00007ffd49287000 	C:\WINDOWS\SYSTEM32\WINHTTP.dll
0x00007ffd4f0e0000 - 0x00007ffd4f149000 	C:\WINDOWS\system32\mswsock.dll
0x00007ffd26fe0000 - 0x00007ffd26ff3000 	D:\FongAndroid\jbr\bin\nio.dll
0x00007ffd258c0000 - 0x00007ffd258e7000 	C:\Users\HI\.gradle\native\e1d6ef7f7dcc3fd88c89a11ec53ec762bb8ba0a96d01ffa2cd45eb1d1d8dd5c5\windows-amd64\native-platform.dll
0x00007ffd131b0000 - 0x00007ffd132f4000 	C:\Users\HI\.gradle\native\0d407fdbe67a94daf76414ababcb853783967236a71b16ec16e742cd7a986fd3\windows-amd64\native-platform-file-events.dll
0x00007ffd2da50000 - 0x00007ffd2da5a000 	D:\FongAndroid\jbr\bin\management.dll
0x00007ffd29310000 - 0x00007ffd2931b000 	D:\FongAndroid\jbr\bin\management_ext.dll
0x00007ffd4f330000 - 0x00007ffd4f34b000 	C:\WINDOWS\SYSTEM32\CRYPTSP.dll
0x00007ffd4ebc0000 - 0x00007ffd4ebf5000 	C:\WINDOWS\system32\rsaenh.dll
0x00007ffd4f1d0000 - 0x00007ffd4f1fc000 	C:\WINDOWS\SYSTEM32\USERENV.dll
0x00007ffd4f350000 - 0x00007ffd4f35c000 	C:\WINDOWS\SYSTEM32\CRYPTBASE.dll
0x00007ffd4e720000 - 0x00007ffd4e74d000 	C:\WINDOWS\SYSTEM32\IPHLPAPI.DLL
0x00007ffd517a0000 - 0x00007ffd517a9000 	C:\WINDOWS\System32\NSI.dll
0x00007ffd49390000 - 0x00007ffd493a9000 	C:\WINDOWS\SYSTEM32\dhcpcsvc6.DLL
0x00007ffd48f00000 - 0x00007ffd48f1f000 	C:\WINDOWS\SYSTEM32\dhcpcsvc.DLL
0x00007ffd4e750000 - 0x00007ffd4e849000 	C:\WINDOWS\SYSTEM32\DNSAPI.dll

dbghelp: loaded successfully - version: 4.0.5 - missing functions: none
symbol engine: initialized successfully - sym options: 0x614 - pdb path: .;D:\FongAndroid\jbr\bin;C:\WINDOWS\SYSTEM32;C:\WINDOWS\WinSxS\amd64_microsoft.windows.common-controls_6595b64144ccf1df_6.0.22621.2506_none_270c5ae97388e100;D:\FongAndroid\jbr\bin\server;C:\Users\HI\.gradle\native\e1d6ef7f7dcc3fd88c89a11ec53ec762bb8ba0a96d01ffa2cd45eb1d1d8dd5c5\windows-amd64;C:\Users\HI\.gradle\native\0d407fdbe67a94daf76414ababcb853783967236a71b16ec16e742cd7a986fd3\windows-amd64

VM Arguments:
jvm_args: --add-opens=java.base/java.util=ALL-UNNAMED --add-opens=java.base/java.lang=ALL-UNNAMED --add-opens=java.base/java.lang.invoke=ALL-UNNAMED --add-opens=java.base/java.util=ALL-UNNAMED --add-opens=java.prefs/java.util.prefs=ALL-UNNAMED --add-opens=java.prefs/java.util.prefs=ALL-UNNAMED --add-opens=java.base/java.nio.charset=ALL-UNNAMED --add-opens=java.base/java.net=ALL-UNNAMED --add-opens=java.base/java.util.concurrent.atomic=ALL-UNNAMED -Xmx2048m -Dfile.encoding=UTF-8 -Duser.country=US -Duser.language=en -Duser.variant 
java_command: org.gradle.launcher.daemon.bootstrap.GradleDaemon 7.5
java_class_path (initial): C:\Users\HI\.gradle\wrapper\dists\gradle-7.5-bin\f1w0cc9nuo0eivz97x2xlu9sv\gradle-7.5\lib\gradle-launcher-7.5.jar
Launcher Type: SUN_STANDARD

[Global flags]
     intx CICompilerCount                          = 3                                         {product} {ergonomic}
     uint ConcGCThreads                            = 2                                         {product} {ergonomic}
     uint G1ConcRefinementThreads                  = 6                                         {product} {ergonomic}
   size_t G1HeapRegionSize                         = 1048576                                   {product} {ergonomic}
    uintx GCDrainStackTargetSize                   = 64                                        {product} {ergonomic}
   size_t InitialHeapSize                          = 123731968                                 {product} {ergonomic}
   size_t MarkStackSize                            = 4194304                                   {product} {ergonomic}
   size_t MaxHeapSize                              = 2147483648                                {product} {command line}
   size_t MaxNewSize                               = 1287651328                                {product} {ergonomic}
   size_t MinHeapDeltaBytes                        = 1048576                                   {product} {ergonomic}
    uintx NonNMethodCodeHeapSize                   = 5830732                                {pd product} {ergonomic}
    uintx NonProfiledCodeHeapSize                  = 122913754                              {pd product} {ergonomic}
    uintx ProfiledCodeHeapSize                     = 122913754                              {pd product} {ergonomic}
    uintx ReservedCodeCacheSize                    = 251658240                              {pd product} {ergonomic}
     bool SegmentedCodeCache                       = true                                      {product} {ergonomic}
     bool UseCompressedClassPointers               = true                                 {lp64_product} {ergonomic}
     bool UseCompressedOops                        = true                                 {lp64_product} {ergonomic}
     bool UseG1GC                                  = true                                      {product} {ergonomic}
     bool UseLargePagesIndividualAllocation        = false                                  {pd product} {ergonomic}

Logging:
Log output configuration:
 #0: stdout all=warning uptime,level,tags
 #1: stderr all=off uptime,level,tags

Environment Variables:
JAVA_HOME=C:\Java\
PATH=C:\Program Files\Common Files\Oracle\Java\javapath;C:\Program Files (x86)\VMware\VMware Workstation\bin\;C:\Java\bin;C:\WINDOWS\system32;C:\WINDOWS;C:\WINDOWS\System32\Wbem;C:\WINDOWS\System32\WindowsPowerShell\v1.0\;C:\WINDOWS\System32\OpenSSH\;C:\MinGW\bin\;C:\TDM-GCC-64\bin;C:\Program Files\Microsoft SQL Server\Client SDK\ODBC\170\Tools\Binn\;C:\Program Files (x86)\Microsoft SQL Server\150\Tools\Binn\;C:\Program Files\Microsoft SQL Server\150\Tools\Binn\;C:\Program Files\Microsoft SQL Server\150\DTS\Binn\;C:\Program Files (x86)\Microsoft SQL Server\160\DTS\Binn\;C:\Program Files (x86)\Microsoft SQL Server\160\Tools\Binn\;C:\Program Files\Microsoft SQL Server\160\Tools\Binn\;C:\Program Files\Microsoft SQL Server\160\DTS\Binn\;D:\;C:\dart-sdk;C:\Program Files\dotnet\;C:\Program Files\Git\cmd;C:\Program Files\MySQL\MySQL Shell 8.0\bin\;D:\Scripts\;D:\;D:\python\Scripts\;D:\python\;C:\Users\HI\AppData\Local\Microsoft\WindowsApps;C:\Users\HI\AppData\Local\Programs\Microsoft VS Code\bin;C:\TDM-GCC-64\bin;D:\php\php;C:\Program Files\JetBrains\PyCharm Community Edition 2021.2.3\bin;;;C:\Program Files\Azure Data Studio\bin;C:\Users\HI\AppData\Roaming\npm;C:\Users\HI\.dotnet\tools;C:\Program Files\JetBrains\IntelliJ IDEA 2023.2.2\bin;;C:\Program Files\JetBrains\IntelliJ IDEA Educational Edition 2022.2.2\bin;;C:\Program Files\JetBrains\IntelliJ IDEA Community Edition 2023.2.2\bin;
USERNAME=HI
OS=Windows_NT
PROCESSOR_IDENTIFIER=AMD64 Family 23 Model 96 Stepping 1, AuthenticAMD



---------------  S Y S T E M  ---------------

OS: Windows 11 , 64 bit Build 22621 (10.0.22621.2506)
OS uptime: 0 days 8:38 hours

CPU:total 6 (initial active 6) (6 cores per cpu, 1 threads per core) family 23 model 96 stepping 1 microcode 0x0, cmov, cx8, fxsr, mmx, sse, sse2, sse3, ssse3, sse4.1, sse4.2, popcnt, avx, avx2, aes, clmul, mmxext, 3dnowpref, lzcnt, sse4a, tsc, tscinvbit, tscinv, bmi1, bmi2, adx, sha, fma

Memory: 4k page, system-wide physical 7542M (304M free)
TotalPageFile size 11638M (AvailPageFile size 31M)
current process WorkingSet (physical memory assigned to process): 388M, peak: 390M
current process commit charge ("private bytes"): 421M, peak: 452M

vm_info: OpenJDK 64-Bit Server VM (11.0.15+0-b2043.56-8887301) for windows-amd64 JRE (11.0.15+0-b2043.56-8887301), built on Jul 29 2022 23:19:47 by "builduser" with unknown MS VC++:1929

END.
