#
# There is insufficient memory for the Java Runtime Environment to continue.
# Native memory allocation (mmap) failed to map 52428800 bytes for G1 virtual space
# Possible reasons:
#   The system is out of physical RAM or swap space
#   The process is running with CompressedOops enabled, and the Java Heap may be blocking the growth of the native heap
# Possible solutions:
#   Reduce memory load on the system
#   Increase physical memory or swap space
#   Check if swap backing store is full
#   Decrease Java heap size (-Xmx/-Xms)
#   Decrease number of Java threads
#   Decrease Java thread stack sizes (-Xss)
#   Set larger code cache with -XX:ReservedCodeCacheSize=
#   JVM is running with Unscaled Compressed Oops mode in which the Java heap is
#     placed in the first 4GB address space. The Java Heap base address is the
#     maximum limit for the native heap growth. Please use -XX:HeapBaseMinAddress
#     to set the Java Heap base and to place the Java Heap above 4GB virtual address.
# This output file may be truncated or incomplete.
#
#  Out of Memory Error (os_windows.cpp:3825), pid=1288, tid=9408
#
# JRE version: OpenJDK Runtime Environment (17.0.9) (build 17.0.9+0--11185874)
# Java VM: OpenJDK 64-Bit Server VM (17.0.9+0--11185874, mixed mode, tiered, compressed oops, compressed class ptrs, g1 gc, windows-amd64)
# No core dump will be written. Minidumps are not enabled by default on client versions of Windows
#

---------------  S U M M A R Y ------------

Command Line: --add-opens=java.base/java.util=ALL-UNNAMED --add-opens=java.base/java.lang=ALL-UNNAMED --add-opens=java.base/java.lang.invoke=ALL-UNNAMED --add-opens=java.base/java.util=ALL-UNNAMED --add-opens=java.prefs/java.util.prefs=ALL-UNNAMED --add-opens=java.prefs/java.util.prefs=ALL-UNNAMED --add-opens=java.base/java.nio.charset=ALL-UNNAMED --add-opens=java.base/java.net=ALL-UNNAMED --add-opens=java.base/java.util.concurrent.atomic=ALL-UNNAMED -Xmx2048m -Dfile.encoding=UTF-8 -Duser.country=US -Duser.language=en -Duser.variant org.gradle.launcher.daemon.bootstrap.GradleDaemon 7.5

Host: AMD Ryzen 5 4500U with Radeon Graphics         , 6 cores, 7G,  Windows 11 , 64 bit Build 22621 (10.0.22621.3085)
Time: Wed Mar 13 14:11:22 2024 SE Asia Standard Time elapsed time: 12.176818 seconds (0d 0h 0m 12s)

---------------  T H R E A D  ---------------

Current thread (0x0000021d7ad66810):  VMThread "VM Thread" [stack: 0x000000a7f7d00000,0x000000a7f7e00000] [id=9408]

Stack: [0x000000a7f7d00000,0x000000a7f7e00000]
Native frames: (J=compiled Java code, j=interpreted, Vv=VM code, C=native code)
V  [jvm.dll+0x6886e9]
V  [jvm.dll+0x841e4a]
V  [jvm.dll+0x843a8e]
V  [jvm.dll+0x8440f3]
V  [jvm.dll+0x24c14f]
V  [jvm.dll+0x685499]
V  [jvm.dll+0x679c2a]
V  [jvm.dll+0x30cf9b]
V  [jvm.dll+0x314446]
V  [jvm.dll+0x36425e]
V  [jvm.dll+0x36448f]
V  [jvm.dll+0x2e2d68]
V  [jvm.dll+0x2e0f44]
V  [jvm.dll+0x2e054c]
V  [jvm.dll+0x334cbc]
V  [jvm.dll+0x8487eb]
V  [jvm.dll+0x849531]
V  [jvm.dll+0x849a4d]
V  [jvm.dll+0x849e24]
V  [jvm.dll+0x849ef0]
V  [jvm.dll+0x7f06aa]
V  [jvm.dll+0x687565]
C  [ucrtbase.dll+0x29363]
C  [KERNEL32.DLL+0x1257d]
C  [ntdll.dll+0x5aa58]

VM_Operation (0x000000a7f96f4390): CollectForMetadataAllocation, mode: safepoint, requested by thread 0x0000021d0161c590


---------------  P R O C E S S  ---------------

Threads class SMR info:
_java_thread_list=0x0000021d7f411610, length=42, elements={
0x0000021d6133cdd0, 0x0000021d7ad7e6d0, 0x0000021d7ad72c50, 0x0000021d7ad7b700,
0x0000021d7ad7c1d0, 0x0000021d7f02a500, 0x0000021d7f02cde0, 0x0000021d7f02faa0,
0x0000021d7f030460, 0x0000021d7f034270, 0x0000021d7f1c0050, 0x0000021d7f1d3410,
0x0000021d007b4d10, 0x0000021d0028ab40, 0x0000021d01892e50, 0x0000021d0124c830,
0x0000021d00873380, 0x0000021d00be2730, 0x0000021d0161c590, 0x0000021d0161d9d0,
0x0000021d0161d4c0, 0x0000021d0161caa0, 0x0000021d0161c080, 0x0000021d013ce740,
0x0000021d013ca570, 0x0000021d013c8c20, 0x0000021d013cc3d0, 0x0000021d013caa80,
0x0000021d013ce230, 0x0000021d013c77e0, 0x0000021d013cf160, 0x0000021d013caf90,
0x0000021d013c8200, 0x0000021d013c9640, 0x0000021d013c7cf0, 0x0000021d013cc8e0,
0x0000021d013ccdf0, 0x0000021d013cb9b0, 0x0000021d013cbec0, 0x0000021d03140400,
0x0000021d03f7f010, 0x0000021d0376df30
}

Java Threads: ( => current thread )
  0x0000021d6133cdd0 JavaThread "main" [_thread_blocked, id=11340, stack(0x000000a7f7700000,0x000000a7f7800000)]
  0x0000021d7ad7e6d0 JavaThread "Reference Handler" daemon [_thread_blocked, id=12256, stack(0x000000a7f7e00000,0x000000a7f7f00000)]
  0x0000021d7ad72c50 JavaThread "Finalizer" daemon [_thread_blocked, id=10260, stack(0x000000a7f7f00000,0x000000a7f8000000)]
  0x0000021d7ad7b700 JavaThread "Signal Dispatcher" daemon [_thread_blocked, id=12972, stack(0x000000a7f8000000,0x000000a7f8100000)]
  0x0000021d7ad7c1d0 JavaThread "Attach Listener" daemon [_thread_blocked, id=10304, stack(0x000000a7f8100000,0x000000a7f8200000)]
  0x0000021d7f02a500 JavaThread "Service Thread" daemon [_thread_blocked, id=15380, stack(0x000000a7f8200000,0x000000a7f8300000)]
  0x0000021d7f02cde0 JavaThread "Monitor Deflation Thread" daemon [_thread_blocked, id=16336, stack(0x000000a7f8300000,0x000000a7f8400000)]
  0x0000021d7f02faa0 JavaThread "C2 CompilerThread0" daemon [_thread_in_native, id=16288, stack(0x000000a7f8400000,0x000000a7f8500000)]
  0x0000021d7f030460 JavaThread "C1 CompilerThread0" daemon [_thread_blocked, id=6524, stack(0x000000a7f8500000,0x000000a7f8600000)]
  0x0000021d7f034270 JavaThread "Sweeper thread" daemon [_thread_blocked, id=9716, stack(0x000000a7f8600000,0x000000a7f8700000)]
  0x0000021d7f1c0050 JavaThread "Common-Cleaner" daemon [_thread_blocked, id=15644, stack(0x000000a7f8700000,0x000000a7f8800000)]
  0x0000021d7f1d3410 JavaThread "Notification Thread" daemon [_thread_blocked, id=15416, stack(0x000000a7f8800000,0x000000a7f8900000)]
  0x0000021d007b4d10 JavaThread "Daemon health stats" [_thread_blocked, id=3792, stack(0x000000a7f9000000,0x000000a7f9100000)]
  0x0000021d0028ab40 JavaThread "Incoming local TCP Connector on port 51434" [_thread_in_native, id=15632, stack(0x000000a7f9100000,0x000000a7f9200000)]
  0x0000021d01892e50 JavaThread "Daemon periodic checks" [_thread_blocked, id=13920, stack(0x000000a7f9200000,0x000000a7f9300000)]
  0x0000021d0124c830 JavaThread "Daemon" [_thread_blocked, id=16188, stack(0x000000a7f9300000,0x000000a7f9400000)]
  0x0000021d00873380 JavaThread "Handler for socket connection from /127.0.0.1:51434 to /127.0.0.1:51435" [_thread_in_native, id=11468, stack(0x000000a7f9400000,0x000000a7f9500000)]
  0x0000021d00be2730 JavaThread "Cancel handler" [_thread_blocked, id=1484, stack(0x000000a7f9500000,0x000000a7f9600000)]
  0x0000021d0161c590 JavaThread "Daemon worker" [_thread_blocked, id=7208, stack(0x000000a7f9600000,0x000000a7f9700000)]
  0x0000021d0161d9d0 JavaThread "Asynchronous log dispatcher for DefaultDaemonConnection: socket connection from /127.0.0.1:51434 to /127.0.0.1:51435" [_thread_blocked, id=11700, stack(0x000000a7f9700000,0x000000a7f9800000)]
  0x0000021d0161d4c0 JavaThread "Stdin handler" [_thread_blocked, id=7768, stack(0x000000a7f9800000,0x000000a7f9900000)]
  0x0000021d0161caa0 JavaThread "Daemon client event forwarder" [_thread_blocked, id=8904, stack(0x000000a7f9900000,0x000000a7f9a00000)]
  0x0000021d0161c080 JavaThread "Cache worker for journal cache (C:\Users\HI\.gradle\caches\journal-1)" [_thread_blocked, id=5916, stack(0x000000a7f9a00000,0x000000a7f9b00000)]
  0x0000021d013ce740 JavaThread "File lock request listener" [_thread_in_native, id=6888, stack(0x000000a7f9b00000,0x000000a7f9c00000)]
  0x0000021d013ca570 JavaThread "Cache worker for file hash cache (C:\Users\HI\.gradle\caches\7.5\fileHashes)" [_thread_blocked, id=7544, stack(0x000000a7f9e00000,0x000000a7f9f00000)]
  0x0000021d013c8c20 JavaThread "File watcher server" daemon [_thread_in_native, id=7724, stack(0x000000a7f9f00000,0x000000a7fa000000)]
  0x0000021d013cc3d0 JavaThread "File watcher consumer" daemon [_thread_blocked, id=10288, stack(0x000000a7fa000000,0x000000a7fa100000)]
  0x0000021d013caa80 JavaThread "jar transforms" [_thread_blocked, id=6196, stack(0x000000a7fa100000,0x000000a7fa200000)]
  0x0000021d013ce230 JavaThread "jar transforms Thread 2" [_thread_blocked, id=2244, stack(0x000000a7fa200000,0x000000a7fa300000)]
  0x0000021d013c77e0 JavaThread "jar transforms Thread 3" [_thread_blocked, id=6116, stack(0x000000a7fa300000,0x000000a7fa400000)]
  0x0000021d013cf160 JavaThread "jar transforms Thread 4" [_thread_blocked, id=11280, stack(0x000000a7fa400000,0x000000a7fa500000)]
  0x0000021d013caf90 JavaThread "jar transforms Thread 5" [_thread_blocked, id=10060, stack(0x000000a7fa500000,0x000000a7fa600000)]
  0x0000021d013c8200 JavaThread "jar transforms Thread 6" [_thread_blocked, id=2540, stack(0x000000a7fa600000,0x000000a7fa700000)]
  0x0000021d013c9640 JavaThread "Cache worker for checksums cache (C:\Users\HI\AndroidStudioProjects\Spinner_Object\.gradle\7.5\checksums)" [_thread_blocked, id=12236, stack(0x000000a7fa700000,0x000000a7fa800000)]
  0x0000021d013c7cf0 JavaThread "Cache worker for cache directory md-rule (C:\Users\HI\.gradle\caches\7.5\md-rule)" [_thread_blocked, id=11764, stack(0x000000a7fa800000,0x000000a7fa900000)]
  0x0000021d013cc8e0 JavaThread "Cache worker for file content cache (C:\Users\HI\.gradle\caches\7.5\fileContent)" [_thread_blocked, id=6820, stack(0x000000a7fa900000,0x000000a7faa00000)]
  0x0000021d013ccdf0 JavaThread "Cache worker for file hash cache (C:\Users\HI\AndroidStudioProjects\Spinner_Object\.gradle\7.5\fileHashes)" [_thread_blocked, id=10700, stack(0x000000a7faa00000,0x000000a7fab00000)]
  0x0000021d013cb9b0 JavaThread "Cache worker for cache directory md-supplier (C:\Users\HI\.gradle\caches\7.5\md-supplier)" [_thread_blocked, id=960, stack(0x000000a7fab00000,0x000000a7fac00000)]
  0x0000021d013cbec0 JavaThread "Cache worker for execution history cache (C:\Users\HI\.gradle\caches\7.5\executionHistory)" [_thread_blocked, id=8740, stack(0x000000a7fac00000,0x000000a7fad00000)]
  0x0000021d03140400 JavaThread "Cache worker for dependencies-accessors (C:\Users\HI\AndroidStudioProjects\Spinner_Object\.gradle\7.5\dependencies-accessors)" [_thread_blocked, id=5580, stack(0x000000a7f8a00000,0x000000a7f8b00000)]
  0x0000021d03f7f010 JavaThread "C2 CompilerThread1" daemon [_thread_blocked, id=15680, stack(0x000000a7fad00000,0x000000a7fae00000)]
  0x0000021d0376df30 JavaThread "Cache worker for Build Output Cleanup Cache (C:\Users\HI\AndroidStudioProjects\Spinner_Object\.gradle\buildOutputCleanup)" [_thread_blocked, id=15060, stack(0x000000a7fae00000,0x000000a7faf00000)]

Other Threads:
=>0x0000021d7ad66810 VMThread "VM Thread" [stack: 0x000000a7f7d00000,0x000000a7f7e00000] [id=9408]
  0x0000021d7f1d4310 WatcherThread [stack: 0x000000a7f8900000,0x000000a7f8a00000] [id=4772]
  0x0000021d6139a2f0 GCTaskThread "GC Thread#0" [stack: 0x000000a7f7800000,0x000000a7f7900000] [id=3732]
  0x0000021d00583370 GCTaskThread "GC Thread#1" [stack: 0x000000a7f8b00000,0x000000a7f8c00000] [id=15012]
  0x0000021d001d3880 GCTaskThread "GC Thread#2" [stack: 0x000000a7f8c00000,0x000000a7f8d00000] [id=6440]
  0x0000021d7f974510 GCTaskThread "GC Thread#3" [stack: 0x000000a7f8d00000,0x000000a7f8e00000] [id=8812]
  0x0000021d0094dc80 GCTaskThread "GC Thread#4" [stack: 0x000000a7f8f00000,0x000000a7f9000000] [id=1088]
  0x0000021d017ceab0 GCTaskThread "GC Thread#5" [stack: 0x000000a7f9c00000,0x000000a7f9d00000] [id=7304]
  0x0000021d613ab800 ConcurrentGCThread "G1 Main Marker" [stack: 0x000000a7f7900000,0x000000a7f7a00000] [id=10252]
  0x0000021d613abfd0 ConcurrentGCThread "G1 Conc#0" [stack: 0x000000a7f7a00000,0x000000a7f7b00000] [id=9276]
  0x0000021d01103400 ConcurrentGCThread "G1 Conc#1" [stack: 0x000000a7f9d00000,0x000000a7f9e00000] [id=6264]
  0x0000021d7abb20c0 ConcurrentGCThread "G1 Refine#0" [stack: 0x000000a7f7b00000,0x000000a7f7c00000] [id=4204]
  0x0000021d002b76c0 ConcurrentGCThread "G1 Refine#1" [stack: 0x000000a7f8e00000,0x000000a7f8f00000] [id=2864]
  0x0000021d7abb28a0 ConcurrentGCThread "G1 Service" [stack: 0x000000a7f7c00000,0x000000a7f7d00000] [id=15376]

Threads with active compile tasks:
C2 CompilerThread0    12192 6702       4       java.lang.String::split (327 bytes)
C2 CompilerThread1    12192 6806       4       sun.security.util.DerValue::<init> (445 bytes)

VM state: at safepoint (normal execution)

VM Mutex/Monitor currently owned by a thread:  ([mutex/lock_event])
[0x0000021d61338f20] Threads_lock - owner thread: 0x0000021d7ad66810
[0x0000021d613387d0] Heap_lock - owner thread: 0x0000021d0161c590

Heap address: 0x0000000080000000, size: 2048 MB, Compressed Oops mode: 32-bit

CDS archive(s) not mapped
Compressed class space mapped at: 0x0000000100000000-0x0000000140000000, reserved size: 1073741824
Narrow klass base: 0x0000000000000000, Narrow klass shift: 3, Narrow klass range: 0x140000000

GC Precious Log:
 CPUs: 6 total, 6 available
 Memory: 7542M
 Large Page Support: Disabled
 NUMA Support: Disabled
 Compressed Oops: Enabled (32-bit)
 Heap Region Size: 1M
 Heap Min Capacity: 8M
 Heap Initial Capacity: 118M
 Heap Max Capacity: 2G
 Pre-touch: Disabled
 Parallel Workers: 6
 Concurrent Workers: 2
 Concurrent Refinement Workers: 6
 Periodic GC: Disabled

Heap:
 garbage-first heap   total 253952K, used 62422K [0x0000000080000000, 0x0000000100000000)
  region size 1024K, 12 young (12288K), 12 survivors (12288K)
 Metaspace       used 59551K, committed 60096K, reserved 1114112K
  class space    used 7863K, committed 8128K, reserved 1048576K

Heap Regions: E=young(eden), S=young(survivor), O=old, HS=humongous(starts), HC=humongous(continues), CS=collection set, F=free, OA=open archive, CA=closed archive, TAMS=top-at-mark-start (previous, next)
|   0|0x0000000080000000, 0x0000000080100000, 0x0000000080100000|100%| O|  |TAMS 0x0000000080100000, 0x0000000080100000| Untracked 
|   1|0x0000000080100000, 0x0000000080200000, 0x0000000080200000|100%| O|  |TAMS 0x0000000080200000, 0x0000000080200000| Untracked 
|   2|0x0000000080200000, 0x00000000802fe400, 0x0000000080300000| 99%| O|  |TAMS 0x00000000802fe400, 0x00000000802fe400| Untracked 
|   3|0x0000000080300000, 0x0000000080400000, 0x0000000080400000|100%|HS|  |TAMS 0x0000000080400000, 0x0000000080400000| Complete 
|   4|0x0000000080400000, 0x0000000080500000, 0x0000000080500000|100%|HC|  |TAMS 0x0000000080500000, 0x0000000080500000| Complete 
|   5|0x0000000080500000, 0x0000000080600000, 0x0000000080600000|100%|HC|  |TAMS 0x0000000080600000, 0x0000000080600000| Complete 
|   6|0x0000000080600000, 0x0000000080700000, 0x0000000080700000|100%| O|  |TAMS 0x0000000080700000, 0x0000000080700000| Untracked 
|   7|0x0000000080700000, 0x0000000080800000, 0x0000000080800000|100%| O|  |TAMS 0x0000000080800000, 0x0000000080800000| Untracked 
|   8|0x0000000080800000, 0x0000000080900000, 0x0000000080900000|100%| O|  |TAMS 0x0000000080900000, 0x0000000080900000| Untracked 
|   9|0x0000000080900000, 0x0000000080a00000, 0x0000000080a00000|100%| O|  |TAMS 0x0000000080a00000, 0x0000000080a00000| Untracked 
|  10|0x0000000080a00000, 0x0000000080b00000, 0x0000000080b00000|100%| O|  |TAMS 0x0000000080b00000, 0x0000000080b00000| Untracked 
|  11|0x0000000080b00000, 0x0000000080c00000, 0x0000000080c00000|100%| O|  |TAMS 0x0000000080c00000, 0x0000000080c00000| Untracked 
|  12|0x0000000080c00000, 0x0000000080d00000, 0x0000000080d00000|100%| O|  |TAMS 0x0000000080d00000, 0x0000000080d00000| Untracked 
|  13|0x0000000080d00000, 0x0000000080e00000, 0x0000000080e00000|100%| O|  |TAMS 0x0000000080e00000, 0x0000000080e00000| Untracked 
|  14|0x0000000080e00000, 0x0000000080f00000, 0x0000000080f00000|100%| O|  |TAMS 0x0000000080f00000, 0x0000000080f00000| Untracked 
|  15|0x0000000080f00000, 0x0000000081000000, 0x0000000081000000|100%| O|  |TAMS 0x0000000081000000, 0x0000000081000000| Untracked 
|  16|0x0000000081000000, 0x0000000081100000, 0x0000000081100000|100%| O|  |TAMS 0x0000000081100000, 0x0000000081100000| Untracked 
|  17|0x0000000081100000, 0x0000000081200000, 0x0000000081200000|100%| O|  |TAMS 0x0000000081200000, 0x0000000081200000| Untracked 
|  18|0x0000000081200000, 0x0000000081300000, 0x0000000081300000|100%| O|  |TAMS 0x0000000081300000, 0x0000000081300000| Untracked 
|  19|0x0000000081300000, 0x0000000081400000, 0x0000000081400000|100%|HS|  |TAMS 0x0000000081400000, 0x0000000081400000| Complete 
|  20|0x0000000081400000, 0x0000000081500000, 0x0000000081500000|100%|HC|  |TAMS 0x0000000081500000, 0x0000000081500000| Complete 
|  21|0x0000000081500000, 0x0000000081600000, 0x0000000081600000|100%| O|  |TAMS 0x0000000081600000, 0x0000000081600000| Untracked 
|  22|0x0000000081600000, 0x0000000081700000, 0x0000000081700000|100%| O|  |TAMS 0x0000000081600000, 0x0000000081700000| Untracked 
|  23|0x0000000081700000, 0x0000000081800000, 0x0000000081800000|100%|HS|  |TAMS 0x0000000081800000, 0x0000000081800000| Complete 
|  24|0x0000000081800000, 0x0000000081900000, 0x0000000081900000|100%|HC|  |TAMS 0x0000000081900000, 0x0000000081900000| Complete 
|  25|0x0000000081900000, 0x0000000081a00000, 0x0000000081a00000|100%|HC|  |TAMS 0x0000000081a00000, 0x0000000081a00000| Complete 
|  26|0x0000000081a00000, 0x0000000081b00000, 0x0000000081b00000|100%|HS|  |TAMS 0x0000000081b00000, 0x0000000081b00000| Complete 
|  27|0x0000000081b00000, 0x0000000081c00000, 0x0000000081c00000|100%|HC|  |TAMS 0x0000000081c00000, 0x0000000081c00000| Complete 
|  28|0x0000000081c00000, 0x0000000081d00000, 0x0000000081d00000|100%|HC|  |TAMS 0x0000000081d00000, 0x0000000081d00000| Complete 
|  29|0x0000000081d00000, 0x0000000081e00000, 0x0000000081e00000|100%|HS|  |TAMS 0x0000000081e00000, 0x0000000081e00000| Complete 
|  30|0x0000000081e00000, 0x0000000081f00000, 0x0000000081f00000|100%|HC|  |TAMS 0x0000000081f00000, 0x0000000081f00000| Complete 
|  31|0x0000000081f00000, 0x0000000082000000, 0x0000000082000000|100%|HC|  |TAMS 0x0000000082000000, 0x0000000082000000| Complete 
|  32|0x0000000082000000, 0x0000000082100000, 0x0000000082100000|100%| O|  |TAMS 0x00000000820f2600, 0x0000000082100000| Untracked 
|  33|0x0000000082100000, 0x0000000082200000, 0x0000000082200000|100%| O|  |TAMS 0x0000000082100000, 0x0000000082200000| Untracked 
|  34|0x0000000082200000, 0x0000000082300000, 0x0000000082300000|100%| O|  |TAMS 0x0000000082200000, 0x0000000082300000| Untracked 
|  35|0x0000000082300000, 0x0000000082400000, 0x0000000082400000|100%| O|  |TAMS 0x0000000082300000, 0x0000000082400000| Untracked 
|  36|0x0000000082400000, 0x0000000082500000, 0x0000000082500000|100%| O|  |TAMS 0x0000000082400000, 0x0000000082500000| Untracked 
|  37|0x0000000082500000, 0x0000000082600000, 0x0000000082600000|100%| O|  |TAMS 0x0000000082500000, 0x0000000082600000| Untracked 
|  38|0x0000000082600000, 0x0000000082700000, 0x0000000082700000|100%| O|  |TAMS 0x0000000082600000, 0x0000000082700000| Untracked 
|  39|0x0000000082700000, 0x0000000082800000, 0x0000000082800000|100%| O|  |TAMS 0x0000000082700000, 0x0000000082800000| Untracked 
|  40|0x0000000082800000, 0x0000000082900000, 0x0000000082900000|100%| O|  |TAMS 0x0000000082800000, 0x0000000082900000| Untracked 
|  41|0x0000000082900000, 0x0000000082a00000, 0x0000000082a00000|100%|HS|  |TAMS 0x0000000082900000, 0x0000000082a00000| Complete 
|  42|0x0000000082a00000, 0x0000000082b00000, 0x0000000082b00000|100%|HC|  |TAMS 0x0000000082a00000, 0x0000000082b00000| Complete 
|  43|0x0000000082b00000, 0x0000000082c00000, 0x0000000082c00000|100%|HC|  |TAMS 0x0000000082b00000, 0x0000000082c00000| Complete 
|  44|0x0000000082c00000, 0x0000000082cf7600, 0x0000000082d00000| 96%| O|  |TAMS 0x0000000082c00000, 0x0000000082ccd400| Untracked 
|  45|0x0000000082d00000, 0x0000000082e00000, 0x0000000082e00000|100%|HS|  |TAMS 0x0000000082d00000, 0x0000000082e00000| Complete 
|  46|0x0000000082e00000, 0x0000000082f00000, 0x0000000082f00000|100%|HC|  |TAMS 0x0000000082e00000, 0x0000000082f00000| Complete 
|  47|0x0000000082f00000, 0x0000000083000000, 0x0000000083000000|100%|HC|  |TAMS 0x0000000082f00000, 0x0000000083000000| Complete 
|  48|0x0000000083000000, 0x0000000083100000, 0x0000000083100000|100%|HC|  |TAMS 0x0000000083000000, 0x0000000083100000| Complete 
|  49|0x0000000083100000, 0x0000000083100000, 0x0000000083200000|  0%| F|  |TAMS 0x0000000083100000, 0x0000000083100000| Untracked 
|  50|0x0000000083200000, 0x0000000083200000, 0x0000000083300000|  0%| F|  |TAMS 0x0000000083200000, 0x0000000083200000| Untracked 
|  51|0x0000000083300000, 0x0000000083300000, 0x0000000083400000|  0%| F|  |TAMS 0x0000000083300000, 0x0000000083300000| Untracked 
|  52|0x0000000083400000, 0x0000000083400000, 0x0000000083500000|  0%| F|  |TAMS 0x0000000083400000, 0x0000000083400000| Untracked 
|  53|0x0000000083500000, 0x0000000083500000, 0x0000000083600000|  0%| F|  |TAMS 0x0000000083500000, 0x0000000083500000| Untracked 
|  54|0x0000000083600000, 0x0000000083600000, 0x0000000083700000|  0%| F|  |TAMS 0x0000000083600000, 0x0000000083600000| Untracked 
|  55|0x0000000083700000, 0x0000000083700000, 0x0000000083800000|  0%| F|  |TAMS 0x0000000083700000, 0x0000000083700000| Untracked 
|  56|0x0000000083800000, 0x0000000083800000, 0x0000000083900000|  0%| F|  |TAMS 0x0000000083800000, 0x0000000083800000| Untracked 
|  57|0x0000000083900000, 0x0000000083900000, 0x0000000083a00000|  0%| F|  |TAMS 0x0000000083900000, 0x0000000083900000| Untracked 
|  58|0x0000000083a00000, 0x0000000083a00000, 0x0000000083b00000|  0%| F|  |TAMS 0x0000000083a00000, 0x0000000083a00000| Untracked 
|  59|0x0000000083b00000, 0x0000000083b00000, 0x0000000083c00000|  0%| F|  |TAMS 0x0000000083b00000, 0x0000000083b00000| Untracked 
|  60|0x0000000083c00000, 0x0000000083c00000, 0x0000000083d00000|  0%| F|  |TAMS 0x0000000083c00000, 0x0000000083c00000| Untracked 
|  61|0x0000000083d00000, 0x0000000083d00000, 0x0000000083e00000|  0%| F|  |TAMS 0x0000000083d00000, 0x0000000083d00000| Untracked 
|  62|0x0000000083e00000, 0x0000000083e00000, 0x0000000083f00000|  0%| F|  |TAMS 0x0000000083e00000, 0x0000000083e00000| Untracked 
|  63|0x0000000083f00000, 0x0000000083f00000, 0x0000000084000000|  0%| F|  |TAMS 0x0000000083f00000, 0x0000000083f00000| Untracked 
|  64|0x0000000084000000, 0x0000000084000000, 0x0000000084100000|  0%| F|  |TAMS 0x0000000084000000, 0x0000000084000000| Untracked 
|  65|0x0000000084100000, 0x0000000084100000, 0x0000000084200000|  0%| F|  |TAMS 0x0000000084100000, 0x0000000084100000| Untracked 
|  66|0x0000000084200000, 0x0000000084200000, 0x0000000084300000|  0%| F|  |TAMS 0x0000000084200000, 0x0000000084200000| Untracked 
|  67|0x0000000084300000, 0x0000000084300000, 0x0000000084400000|  0%| F|  |TAMS 0x0000000084300000, 0x0000000084300000| Untracked 
|  68|0x0000000084400000, 0x0000000084400000, 0x0000000084500000|  0%| F|  |TAMS 0x0000000084400000, 0x0000000084400000| Untracked 
|  69|0x0000000084500000, 0x0000000084500000, 0x0000000084600000|  0%| F|  |TAMS 0x0000000084500000, 0x0000000084500000| Untracked 
|  70|0x0000000084600000, 0x0000000084600000, 0x0000000084700000|  0%| F|  |TAMS 0x0000000084600000, 0x0000000084600000| Untracked 
|  71|0x0000000084700000, 0x0000000084700000, 0x0000000084800000|  0%| F|  |TAMS 0x0000000084700000, 0x0000000084700000| Untracked 
|  72|0x0000000084800000, 0x0000000084800000, 0x0000000084900000|  0%| F|  |TAMS 0x0000000084800000, 0x0000000084800000| Untracked 
|  73|0x0000000084900000, 0x0000000084900000, 0x0000000084a00000|  0%| F|  |TAMS 0x0000000084900000, 0x0000000084900000| Untracked 
|  74|0x0000000084a00000, 0x0000000084a00000, 0x0000000084b00000|  0%| F|  |TAMS 0x0000000084a00000, 0x0000000084a00000| Untracked 
|  75|0x0000000084b00000, 0x0000000084b00000, 0x0000000084c00000|  0%| F|  |TAMS 0x0000000084b00000, 0x0000000084b00000| Untracked 
|  76|0x0000000084c00000, 0x0000000084c00000, 0x0000000084d00000|  0%| F|  |TAMS 0x0000000084c00000, 0x0000000084c00000| Untracked 
|  77|0x0000000084d00000, 0x0000000084d00000, 0x0000000084e00000|  0%| F|  |TAMS 0x0000000084d00000, 0x0000000084d00000| Untracked 
|  78|0x0000000084e00000, 0x0000000084e00000, 0x0000000084f00000|  0%| F|  |TAMS 0x0000000084e00000, 0x0000000084e00000| Untracked 
|  79|0x0000000084f00000, 0x0000000084f00000, 0x0000000085000000|  0%| F|  |TAMS 0x0000000084f00000, 0x0000000084f00000| Untracked 
|  80|0x0000000085000000, 0x0000000085000000, 0x0000000085100000|  0%| F|  |TAMS 0x0000000085000000, 0x0000000085000000| Untracked 
|  81|0x0000000085100000, 0x0000000085100000, 0x0000000085200000|  0%| F|  |TAMS 0x0000000085100000, 0x0000000085100000| Untracked 
|  82|0x0000000085200000, 0x0000000085200000, 0x0000000085300000|  0%| F|  |TAMS 0x0000000085200000, 0x0000000085200000| Untracked 
|  83|0x0000000085300000, 0x0000000085300000, 0x0000000085400000|  0%| F|  |TAMS 0x0000000085300000, 0x0000000085300000| Untracked 
|  84|0x0000000085400000, 0x0000000085400000, 0x0000000085500000|  0%| F|  |TAMS 0x0000000085400000, 0x0000000085400000| Untracked 
|  85|0x0000000085500000, 0x0000000085500000, 0x0000000085600000|  0%| F|  |TAMS 0x0000000085500000, 0x0000000085500000| Untracked 
|  86|0x0000000085600000, 0x0000000085600000, 0x0000000085700000|  0%| F|  |TAMS 0x0000000085600000, 0x0000000085600000| Untracked 
|  87|0x0000000085700000, 0x0000000085700000, 0x0000000085800000|  0%| F|  |TAMS 0x0000000085700000, 0x0000000085700000| Untracked 
|  88|0x0000000085800000, 0x0000000085800000, 0x0000000085900000|  0%| F|  |TAMS 0x0000000085800000, 0x0000000085800000| Untracked 
|  89|0x0000000085900000, 0x0000000085900000, 0x0000000085a00000|  0%| F|  |TAMS 0x0000000085900000, 0x0000000085900000| Untracked 
|  90|0x0000000085a00000, 0x0000000085a00000, 0x0000000085b00000|  0%| F|  |TAMS 0x0000000085a00000, 0x0000000085a00000| Untracked 
|  91|0x0000000085b00000, 0x0000000085b00000, 0x0000000085c00000|  0%| F|  |TAMS 0x0000000085b00000, 0x0000000085b00000| Untracked 
|  92|0x0000000085c00000, 0x0000000085c00000, 0x0000000085d00000|  0%| F|  |TAMS 0x0000000085c00000, 0x0000000085c00000| Untracked 
|  93|0x0000000085d00000, 0x0000000085d00000, 0x0000000085e00000|  0%| F|  |TAMS 0x0000000085d00000, 0x0000000085d00000| Untracked 
|  94|0x0000000085e00000, 0x0000000085e00000, 0x0000000085f00000|  0%| F|  |TAMS 0x0000000085e00000, 0x0000000085e00000| Untracked 
|  95|0x0000000085f00000, 0x0000000085f00000, 0x0000000086000000|  0%| F|  |TAMS 0x0000000085f00000, 0x0000000085f00000| Untracked 
|  96|0x0000000086000000, 0x0000000086000000, 0x0000000086100000|  0%| F|  |TAMS 0x0000000086000000, 0x0000000086000000| Untracked 
|  97|0x0000000086100000, 0x0000000086100000, 0x0000000086200000|  0%| F|  |TAMS 0x0000000086100000, 0x0000000086100000| Untracked 
|  98|0x0000000086200000, 0x0000000086200000, 0x0000000086300000|  0%| F|  |TAMS 0x0000000086200000, 0x0000000086200000| Untracked 
|  99|0x0000000086300000, 0x0000000086300000, 0x0000000086400000|  0%| F|  |TAMS 0x0000000086300000, 0x0000000086300000| Untracked 
| 100|0x0000000086400000, 0x0000000086400000, 0x0000000086500000|  0%| F|  |TAMS 0x0000000086400000, 0x0000000086400000| Untracked 
| 101|0x0000000086500000, 0x0000000086500000, 0x0000000086600000|  0%| F|  |TAMS 0x0000000086500000, 0x0000000086500000| Untracked 
| 102|0x0000000086600000, 0x0000000086600000, 0x0000000086700000|  0%| F|  |TAMS 0x0000000086600000, 0x0000000086600000| Untracked 
| 103|0x0000000086700000, 0x0000000086700000, 0x0000000086800000|  0%| F|  |TAMS 0x0000000086700000, 0x0000000086700000| Untracked 
| 104|0x0000000086800000, 0x0000000086800000, 0x0000000086900000|  0%| F|  |TAMS 0x0000000086800000, 0x0000000086800000| Untracked 
| 105|0x0000000086900000, 0x0000000086900000, 0x0000000086a00000|  0%| F|  |TAMS 0x0000000086900000, 0x0000000086900000| Untracked 
| 106|0x0000000086a00000, 0x0000000086a00000, 0x0000000086b00000|  0%| F|  |TAMS 0x0000000086a00000, 0x0000000086a00000| Untracked 
| 107|0x0000000086b00000, 0x0000000086b00000, 0x0000000086c00000|  0%| F|  |TAMS 0x0000000086b00000, 0x0000000086b00000| Untracked 
| 108|0x0000000086c00000, 0x0000000086c00000, 0x0000000086d00000|  0%| F|  |TAMS 0x0000000086c00000, 0x0000000086c00000| Untracked 
| 109|0x0000000086d00000, 0x0000000086d00000, 0x0000000086e00000|  0%| F|  |TAMS 0x0000000086d00000, 0x0000000086d00000| Untracked 
| 110|0x0000000086e00000, 0x0000000086e00000, 0x0000000086f00000|  0%| F|  |TAMS 0x0000000086e00000, 0x0000000086e00000| Untracked 
| 111|0x0000000086f00000, 0x0000000086f00000, 0x0000000087000000|  0%| F|  |TAMS 0x0000000086f00000, 0x0000000086f00000| Untracked 
| 112|0x0000000087000000, 0x0000000087000000, 0x0000000087100000|  0%| F|  |TAMS 0x0000000087000000, 0x0000000087000000| Untracked 
| 113|0x0000000087100000, 0x0000000087100000, 0x0000000087200000|  0%| F|  |TAMS 0x0000000087100000, 0x0000000087100000| Untracked 
| 114|0x0000000087200000, 0x0000000087200000, 0x0000000087300000|  0%| F|  |TAMS 0x0000000087200000, 0x0000000087200000| Untracked 
| 115|0x0000000087300000, 0x0000000087300000, 0x0000000087400000|  0%| F|  |TAMS 0x0000000087300000, 0x0000000087300000| Untracked 
| 116|0x0000000087400000, 0x0000000087400000, 0x0000000087500000|  0%| F|  |TAMS 0x0000000087400000, 0x0000000087400000| Untracked 
| 117|0x0000000087500000, 0x0000000087500000, 0x0000000087600000|  0%| F|  |TAMS 0x0000000087500000, 0x0000000087500000| Untracked 
| 118|0x0000000087600000, 0x0000000087600000, 0x0000000087700000|  0%| F|  |TAMS 0x0000000087600000, 0x0000000087600000| Untracked 
| 119|0x0000000087700000, 0x0000000087700000, 0x0000000087800000|  0%| F|  |TAMS 0x0000000087700000, 0x0000000087700000| Untracked 
| 120|0x0000000087800000, 0x0000000087800000, 0x0000000087900000|  0%| F|  |TAMS 0x0000000087800000, 0x0000000087800000| Untracked 
| 121|0x0000000087900000, 0x0000000087900000, 0x0000000087a00000|  0%| F|  |TAMS 0x0000000087900000, 0x0000000087900000| Untracked 
| 122|0x0000000087a00000, 0x0000000087a00000, 0x0000000087b00000|  0%| F|  |TAMS 0x0000000087a00000, 0x0000000087a00000| Untracked 
| 123|0x0000000087b00000, 0x0000000087b00000, 0x0000000087c00000|  0%| F|  |TAMS 0x0000000087b00000, 0x0000000087b00000| Untracked 
| 124|0x0000000087c00000, 0x0000000087c00000, 0x0000000087d00000|  0%| F|  |TAMS 0x0000000087c00000, 0x0000000087c00000| Untracked 
| 125|0x0000000087d00000, 0x0000000087d00000, 0x0000000087e00000|  0%| F|  |TAMS 0x0000000087d00000, 0x0000000087d00000| Untracked 
| 126|0x0000000087e00000, 0x0000000087e00000, 0x0000000087f00000|  0%| F|  |TAMS 0x0000000087e00000, 0x0000000087e00000| Untracked 
| 127|0x0000000087f00000, 0x0000000087f00000, 0x0000000088000000|  0%| F|  |TAMS 0x0000000087f00000, 0x0000000087f00000| Untracked 
| 128|0x0000000088000000, 0x0000000088000000, 0x0000000088100000|  0%| F|  |TAMS 0x0000000088000000, 0x0000000088000000| Untracked 
| 129|0x0000000088100000, 0x0000000088100000, 0x0000000088200000|  0%| F|  |TAMS 0x0000000088100000, 0x0000000088100000| Untracked 
| 130|0x0000000088200000, 0x0000000088200000, 0x0000000088300000|  0%| F|  |TAMS 0x0000000088200000, 0x0000000088200000| Untracked 
| 131|0x0000000088300000, 0x0000000088400000, 0x0000000088400000|100%| S|CS|TAMS 0x0000000088300000, 0x0000000088300000| Complete 
| 132|0x0000000088400000, 0x0000000088500000, 0x0000000088500000|100%| S|CS|TAMS 0x0000000088400000, 0x0000000088400000| Complete 
| 133|0x0000000088500000, 0x0000000088600000, 0x0000000088600000|100%| S|CS|TAMS 0x0000000088500000, 0x0000000088500000| Complete 
| 134|0x0000000088600000, 0x0000000088700000, 0x0000000088700000|100%| S|CS|TAMS 0x0000000088600000, 0x0000000088600000| Complete 
| 135|0x0000000088700000, 0x0000000088800000, 0x0000000088800000|100%| S|CS|TAMS 0x0000000088700000, 0x0000000088700000| Complete 
| 136|0x0000000088800000, 0x0000000088900000, 0x0000000088900000|100%| S|CS|TAMS 0x0000000088800000, 0x0000000088800000| Complete 
| 137|0x0000000088900000, 0x0000000088a00000, 0x0000000088a00000|100%| S|CS|TAMS 0x0000000088900000, 0x0000000088900000| Complete 
| 138|0x0000000088a00000, 0x0000000088b00000, 0x0000000088b00000|100%| S|CS|TAMS 0x0000000088a00000, 0x0000000088a00000| Complete 
| 139|0x0000000088b00000, 0x0000000088c00000, 0x0000000088c00000|100%| S|CS|TAMS 0x0000000088b00000, 0x0000000088b00000| Complete 
| 140|0x0000000088c00000, 0x0000000088d00000, 0x0000000088d00000|100%| S|CS|TAMS 0x0000000088c00000, 0x0000000088c00000| Complete 
| 141|0x0000000088d00000, 0x0000000088e00000, 0x0000000088e00000|100%| S|CS|TAMS 0x0000000088d00000, 0x0000000088d00000| Complete 
| 142|0x0000000088e00000, 0x0000000088f00000, 0x0000000088f00000|100%| S|CS|TAMS 0x0000000088e00000, 0x0000000088e00000| Complete 
| 143|0x0000000088f00000, 0x0000000088f00000, 0x0000000089000000|  0%| F|  |TAMS 0x0000000088f00000, 0x0000000088f00000| Untracked 
| 144|0x0000000089000000, 0x0000000089000000, 0x0000000089100000|  0%| F|  |TAMS 0x0000000089000000, 0x0000000089000000| Untracked 
| 145|0x0000000089100000, 0x0000000089100000, 0x0000000089200000|  0%| F|  |TAMS 0x0000000089100000, 0x0000000089100000| Untracked 
| 146|0x0000000089200000, 0x0000000089200000, 0x0000000089300000|  0%| F|  |TAMS 0x0000000089200000, 0x0000000089200000| Untracked 
| 147|0x0000000089300000, 0x0000000089300000, 0x0000000089400000|  0%| F|  |TAMS 0x0000000089300000, 0x0000000089300000| Untracked 
| 148|0x0000000089400000, 0x0000000089400000, 0x0000000089500000|  0%| F|  |TAMS 0x0000000089400000, 0x0000000089400000| Untracked 
| 149|0x0000000089500000, 0x0000000089500000, 0x0000000089600000|  0%| F|  |TAMS 0x0000000089500000, 0x0000000089500000| Untracked 
| 150|0x0000000089600000, 0x0000000089600000, 0x0000000089700000|  0%| F|  |TAMS 0x0000000089600000, 0x0000000089600000| Untracked 
| 151|0x0000000089700000, 0x0000000089700000, 0x0000000089800000|  0%| F|  |TAMS 0x0000000089700000, 0x0000000089700000| Untracked 
| 152|0x0000000089800000, 0x0000000089800000, 0x0000000089900000|  0%| F|  |TAMS 0x0000000089800000, 0x0000000089800000| Untracked 
| 153|0x0000000089900000, 0x0000000089900000, 0x0000000089a00000|  0%| F|  |TAMS 0x0000000089900000, 0x0000000089900000| Untracked 
| 154|0x0000000089a00000, 0x0000000089a00000, 0x0000000089b00000|  0%| F|  |TAMS 0x0000000089a00000, 0x0000000089a00000| Untracked 
| 155|0x0000000089b00000, 0x0000000089b00000, 0x0000000089c00000|  0%| F|  |TAMS 0x0000000089b00000, 0x0000000089b00000| Untracked 
| 156|0x0000000089c00000, 0x0000000089c00000, 0x0000000089d00000|  0%| F|  |TAMS 0x0000000089c00000, 0x0000000089c00000| Untracked 
| 157|0x0000000089d00000, 0x0000000089d00000, 0x0000000089e00000|  0%| F|  |TAMS 0x0000000089d00000, 0x0000000089d00000| Untracked 
| 158|0x0000000089e00000, 0x0000000089e00000, 0x0000000089f00000|  0%| F|  |TAMS 0x0000000089e00000, 0x0000000089e00000| Untracked 
| 159|0x0000000089f00000, 0x0000000089f00000, 0x000000008a000000|  0%| F|  |TAMS 0x0000000089f00000, 0x0000000089f00000| Untracked 
| 160|0x000000008a000000, 0x000000008a000000, 0x000000008a100000|  0%| F|  |TAMS 0x000000008a000000, 0x000000008a000000| Untracked 
| 161|0x000000008a100000, 0x000000008a100000, 0x000000008a200000|  0%| F|  |TAMS 0x000000008a100000, 0x000000008a100000| Untracked 
| 162|0x000000008a200000, 0x000000008a200000, 0x000000008a300000|  0%| F|  |TAMS 0x000000008a200000, 0x000000008a200000| Untracked 
| 163|0x000000008a300000, 0x000000008a300000, 0x000000008a400000|  0%| F|  |TAMS 0x000000008a300000, 0x000000008a300000| Untracked 
| 164|0x000000008a400000, 0x000000008a400000, 0x000000008a500000|  0%| F|  |TAMS 0x000000008a400000, 0x000000008a400000| Untracked 
| 165|0x000000008a500000, 0x000000008a500000, 0x000000008a600000|  0%| F|  |TAMS 0x000000008a500000, 0x000000008a500000| Untracked 
| 166|0x000000008a600000, 0x000000008a600000, 0x000000008a700000|  0%| F|  |TAMS 0x000000008a600000, 0x000000008a600000| Untracked 
| 167|0x000000008a700000, 0x000000008a700000, 0x000000008a800000|  0%| F|  |TAMS 0x000000008a700000, 0x000000008a700000| Untracked 
| 168|0x000000008a800000, 0x000000008a800000, 0x000000008a900000|  0%| F|  |TAMS 0x000000008a800000, 0x000000008a800000| Untracked 
| 169|0x000000008a900000, 0x000000008a900000, 0x000000008aa00000|  0%| F|  |TAMS 0x000000008a900000, 0x000000008a900000| Untracked 
| 170|0x000000008aa00000, 0x000000008aa00000, 0x000000008ab00000|  0%| F|  |TAMS 0x000000008aa00000, 0x000000008aa00000| Untracked 
| 171|0x000000008ab00000, 0x000000008ab00000, 0x000000008ac00000|  0%| F|  |TAMS 0x000000008ab00000, 0x000000008ab00000| Untracked 
| 172|0x000000008ac00000, 0x000000008ac00000, 0x000000008ad00000|  0%| F|  |TAMS 0x000000008ac00000, 0x000000008ac00000| Untracked 
| 173|0x000000008ad00000, 0x000000008ad00000, 0x000000008ae00000|  0%| F|  |TAMS 0x000000008ad00000, 0x000000008ad00000| Untracked 
| 174|0x000000008ae00000, 0x000000008ae00000, 0x000000008af00000|  0%| F|  |TAMS 0x000000008ae00000, 0x000000008ae00000| Untracked 
| 175|0x000000008af00000, 0x000000008af00000, 0x000000008b000000|  0%| F|  |TAMS 0x000000008af00000, 0x000000008af00000| Untracked 
| 176|0x000000008b000000, 0x000000008b000000, 0x000000008b100000|  0%| F|  |TAMS 0x000000008b000000, 0x000000008b000000| Untracked 
| 177|0x000000008b100000, 0x000000008b100000, 0x000000008b200000|  0%| F|  |TAMS 0x000000008b100000, 0x000000008b100000| Untracked 
| 178|0x000000008b200000, 0x000000008b200000, 0x000000008b300000|  0%| F|  |TAMS 0x000000008b200000, 0x000000008b200000| Untracked 
| 179|0x000000008b300000, 0x000000008b300000, 0x000000008b400000|  0%| F|  |TAMS 0x000000008b300000, 0x000000008b300000| Untracked 
| 180|0x000000008b400000, 0x000000008b400000, 0x000000008b500000|  0%| F|  |TAMS 0x000000008b400000, 0x000000008b400000| Untracked 
| 181|0x000000008b500000, 0x000000008b500000, 0x000000008b600000|  0%| F|  |TAMS 0x000000008b500000, 0x000000008b500000| Untracked 
| 182|0x000000008b600000, 0x000000008b600000, 0x000000008b700000|  0%| F|  |TAMS 0x000000008b600000, 0x000000008b600000| Untracked 
| 183|0x000000008b700000, 0x000000008b700000, 0x000000008b800000|  0%| F|  |TAMS 0x000000008b700000, 0x000000008b700000| Untracked 
| 184|0x000000008b800000, 0x000000008b800000, 0x000000008b900000|  0%| F|  |TAMS 0x000000008b800000, 0x000000008b800000| Untracked 
| 185|0x000000008b900000, 0x000000008b900000, 0x000000008ba00000|  0%| F|  |TAMS 0x000000008b900000, 0x000000008b900000| Untracked 
| 186|0x000000008ba00000, 0x000000008ba00000, 0x000000008bb00000|  0%| F|  |TAMS 0x000000008ba00000, 0x000000008ba00000| Untracked 
| 187|0x000000008bb00000, 0x000000008bb00000, 0x000000008bc00000|  0%| F|  |TAMS 0x000000008bb00000, 0x000000008bb00000| Untracked 
| 188|0x000000008bc00000, 0x000000008bc00000, 0x000000008bd00000|  0%| F|  |TAMS 0x000000008bc00000, 0x000000008bc00000| Untracked 
| 189|0x000000008bd00000, 0x000000008bd00000, 0x000000008be00000|  0%| F|  |TAMS 0x000000008bd00000, 0x000000008bd00000| Untracked 
| 190|0x000000008be00000, 0x000000008be00000, 0x000000008bf00000|  0%| F|  |TAMS 0x000000008be00000, 0x000000008be00000| Untracked 
| 191|0x000000008bf00000, 0x000000008bf00000, 0x000000008c000000|  0%| F|  |TAMS 0x000000008bf00000, 0x000000008bf00000| Untracked 
| 192|0x000000008c000000, 0x000000008c000000, 0x000000008c100000|  0%| F|  |TAMS 0x000000008c000000, 0x000000008c000000| Untracked 
| 193|0x000000008c100000, 0x000000008c100000, 0x000000008c200000|  0%| F|  |TAMS 0x000000008c100000, 0x000000008c100000| Untracked 
| 194|0x000000008c200000, 0x000000008c200000, 0x000000008c300000|  0%| F|  |TAMS 0x000000008c200000, 0x000000008c200000| Untracked 
| 195|0x000000008c300000, 0x000000008c300000, 0x000000008c400000|  0%| F|  |TAMS 0x000000008c300000, 0x000000008c300000| Untracked 
| 196|0x000000008c400000, 0x000000008c400000, 0x000000008c500000|  0%| F|  |TAMS 0x000000008c400000, 0x000000008c400000| Untracked 
| 197|0x000000008c500000, 0x000000008c500000, 0x000000008c600000|  0%| F|  |TAMS 0x000000008c500000, 0x000000008c500000| Untracked 
| 198|0x000000008c600000, 0x000000008c600000, 0x000000008c700000|  0%| F|  |TAMS 0x000000008c600000, 0x000000008c600000| Untracked 
| 199|0x000000008c700000, 0x000000008c700000, 0x000000008c800000|  0%| F|  |TAMS 0x000000008c700000, 0x000000008c700000| Untracked 
| 200|0x000000008c800000, 0x000000008c800000, 0x000000008c900000|  0%| F|  |TAMS 0x000000008c800000, 0x000000008c800000| Untracked 
| 201|0x000000008c900000, 0x000000008c900000, 0x000000008ca00000|  0%| F|  |TAMS 0x000000008c900000, 0x000000008c900000| Untracked 
| 202|0x000000008ca00000, 0x000000008ca00000, 0x000000008cb00000|  0%| F|  |TAMS 0x000000008ca00000, 0x000000008ca00000| Untracked 
| 203|0x000000008cb00000, 0x000000008cb00000, 0x000000008cc00000|  0%| F|  |TAMS 0x000000008cb00000, 0x000000008cb00000| Untracked 
| 204|0x000000008cc00000, 0x000000008cc00000, 0x000000008cd00000|  0%| F|  |TAMS 0x000000008cc00000, 0x000000008cc00000| Untracked 
| 205|0x000000008cd00000, 0x000000008cd00000, 0x000000008ce00000|  0%| F|  |TAMS 0x000000008cd00000, 0x000000008cd00000| Untracked 
| 206|0x000000008ce00000, 0x000000008ce00000, 0x000000008cf00000|  0%| F|  |TAMS 0x000000008ce00000, 0x000000008ce00000| Untracked 
| 207|0x000000008cf00000, 0x000000008cf00000, 0x000000008d000000|  0%| F|  |TAMS 0x000000008cf00000, 0x000000008cf00000| Untracked 
| 208|0x000000008d000000, 0x000000008d000000, 0x000000008d100000|  0%| F|  |TAMS 0x000000008d000000, 0x000000008d000000| Untracked 
| 209|0x000000008d100000, 0x000000008d100000, 0x000000008d200000|  0%| F|  |TAMS 0x000000008d100000, 0x000000008d100000| Untracked 
| 210|0x000000008d200000, 0x000000008d200000, 0x000000008d300000|  0%| F|  |TAMS 0x000000008d200000, 0x000000008d200000| Untracked 
| 211|0x000000008d300000, 0x000000008d300000, 0x000000008d400000|  0%| F|  |TAMS 0x000000008d300000, 0x000000008d300000| Untracked 
| 212|0x000000008d400000, 0x000000008d400000, 0x000000008d500000|  0%| F|  |TAMS 0x000000008d400000, 0x000000008d400000| Untracked 
| 213|0x000000008d500000, 0x000000008d500000, 0x000000008d600000|  0%| F|  |TAMS 0x000000008d500000, 0x000000008d500000| Untracked 
| 214|0x000000008d600000, 0x000000008d600000, 0x000000008d700000|  0%| F|  |TAMS 0x000000008d600000, 0x000000008d600000| Untracked 
| 215|0x000000008d700000, 0x000000008d700000, 0x000000008d800000|  0%| F|  |TAMS 0x000000008d700000, 0x000000008d700000| Untracked 
| 216|0x000000008d800000, 0x000000008d800000, 0x000000008d900000|  0%| F|  |TAMS 0x000000008d800000, 0x000000008d800000| Untracked 
| 217|0x000000008d900000, 0x000000008d900000, 0x000000008da00000|  0%| F|  |TAMS 0x000000008d900000, 0x000000008d900000| Untracked 
| 218|0x000000008da00000, 0x000000008da00000, 0x000000008db00000|  0%| F|  |TAMS 0x000000008da00000, 0x000000008da00000| Untracked 
| 219|0x000000008db00000, 0x000000008db00000, 0x000000008dc00000|  0%| F|  |TAMS 0x000000008db00000, 0x000000008db00000| Untracked 
| 220|0x000000008dc00000, 0x000000008dc00000, 0x000000008dd00000|  0%| F|  |TAMS 0x000000008dc00000, 0x000000008dc00000| Untracked 
| 221|0x000000008dd00000, 0x000000008dd00000, 0x000000008de00000|  0%| F|  |TAMS 0x000000008dd00000, 0x000000008dd00000| Untracked 
| 222|0x000000008de00000, 0x000000008de00000, 0x000000008df00000|  0%| F|  |TAMS 0x000000008de00000, 0x000000008de00000| Untracked 
| 223|0x000000008df00000, 0x000000008df00000, 0x000000008e000000|  0%| F|  |TAMS 0x000000008df00000, 0x000000008df00000| Untracked 
| 224|0x000000008e000000, 0x000000008e000000, 0x000000008e100000|  0%| F|  |TAMS 0x000000008e000000, 0x000000008e000000| Untracked 
| 225|0x000000008e100000, 0x000000008e100000, 0x000000008e200000|  0%| F|  |TAMS 0x000000008e100000, 0x000000008e100000| Untracked 
| 226|0x000000008e200000, 0x000000008e200000, 0x000000008e300000|  0%| F|  |TAMS 0x000000008e200000, 0x000000008e200000| Untracked 
| 227|0x000000008e300000, 0x000000008e300000, 0x000000008e400000|  0%| F|  |TAMS 0x000000008e300000, 0x000000008e300000| Untracked 
| 228|0x000000008e400000, 0x000000008e400000, 0x000000008e500000|  0%| F|  |TAMS 0x000000008e400000, 0x000000008e400000| Untracked 
| 229|0x000000008e500000, 0x000000008e500000, 0x000000008e600000|  0%| F|  |TAMS 0x000000008e500000, 0x000000008e500000| Untracked 
| 230|0x000000008e600000, 0x000000008e600000, 0x000000008e700000|  0%| F|  |TAMS 0x000000008e600000, 0x000000008e600000| Untracked 
| 231|0x000000008e700000, 0x000000008e700000, 0x000000008e800000|  0%| F|  |TAMS 0x000000008e700000, 0x000000008e700000| Untracked 
| 232|0x000000008e800000, 0x000000008e800000, 0x000000008e900000|  0%| F|  |TAMS 0x000000008e800000, 0x000000008e800000| Untracked 
| 233|0x000000008e900000, 0x000000008e900000, 0x000000008ea00000|  0%| F|  |TAMS 0x000000008e900000, 0x000000008e900000| Untracked 
| 234|0x000000008ea00000, 0x000000008ea00000, 0x000000008eb00000|  0%| F|  |TAMS 0x000000008ea00000, 0x000000008ea00000| Untracked 
| 235|0x000000008eb00000, 0x000000008eb00000, 0x000000008ec00000|  0%| F|  |TAMS 0x000000008eb00000, 0x000000008eb00000| Untracked 
| 236|0x000000008ec00000, 0x000000008ec00000, 0x000000008ed00000|  0%| F|  |TAMS 0x000000008ec00000, 0x000000008ec00000| Untracked 
| 237|0x000000008ed00000, 0x000000008ed00000, 0x000000008ee00000|  0%| F|  |TAMS 0x000000008ed00000, 0x000000008ed00000| Untracked 
| 238|0x000000008ee00000, 0x000000008ee00000, 0x000000008ef00000|  0%| F|  |TAMS 0x000000008ee00000, 0x000000008ee00000| Untracked 
| 239|0x000000008ef00000, 0x000000008ef00000, 0x000000008f000000|  0%| F|  |TAMS 0x000000008ef00000, 0x000000008ef00000| Untracked 
| 240|0x000000008f000000, 0x000000008f000000, 0x000000008f100000|  0%| F|  |TAMS 0x000000008f000000, 0x000000008f000000| Untracked 
| 241|0x000000008f100000, 0x000000008f100000, 0x000000008f200000|  0%| F|  |TAMS 0x000000008f100000, 0x000000008f100000| Untracked 
| 242|0x000000008f200000, 0x000000008f200000, 0x000000008f300000|  0%| F|  |TAMS 0x000000008f200000, 0x000000008f200000| Untracked 
| 243|0x000000008f300000, 0x000000008f300000, 0x000000008f400000|  0%| F|  |TAMS 0x000000008f300000, 0x000000008f300000| Untracked 
| 244|0x000000008f400000, 0x000000008f400000, 0x000000008f500000|  0%| F|  |TAMS 0x000000008f400000, 0x000000008f400000| Untracked 
| 245|0x000000008f500000, 0x000000008f500000, 0x000000008f600000|  0%| F|  |TAMS 0x000000008f500000, 0x000000008f500000| Untracked 
| 246|0x000000008f600000, 0x000000008f600000, 0x000000008f700000|  0%| F|  |TAMS 0x000000008f600000, 0x000000008f600000| Untracked 
| 247|0x000000008f700000, 0x000000008f700000, 0x000000008f800000|  0%| F|  |TAMS 0x000000008f700000, 0x000000008f700000| Untracked 

Card table byte_map: [0x0000021d73d20000,0x0000021d74120000] _byte_map_base: 0x0000021d73920000

Marking Bits (Prev, Next): (CMBitMap*) 0x0000021d6139a6c0, (CMBitMap*) 0x0000021d6139a700
 Prev Bits: [0x0000021d74520000, 0x0000021d76520000)
 Next Bits: [0x0000021d76520000, 0x0000021d78520000)

Polling page: 0x0000021d5f140000

Metaspace:

Usage:
  Non-class:     50.48 MB used.
      Class:      7.68 MB used.
       Both:     58.16 MB used.

Virtual space:
  Non-class space:       64.00 MB reserved,      50.75 MB ( 79%) committed,  1 nodes.
      Class space:        1.00 GB reserved,       7.94 MB ( <1%) committed,  1 nodes.
             Both:        1.06 GB reserved,      58.69 MB (  5%) committed. 

Chunk freelists:
   Non-Class:  12.91 MB
       Class:  8.08 MB
        Both:  20.98 MB

MaxMetaspaceSize: unlimited
CompressedClassSpaceSize: 1.00 GB
Initial GC threshold: 21.00 MB
Current GC threshold: 58.69 MB
CDS: off
MetaspaceReclaimPolicy: balanced
 - commit_granule_bytes: 65536.
 - commit_granule_words: 8192.
 - virtual_space_node_default_size: 8388608.
 - enlarge_chunks_in_place: 1.
 - new_chunks_are_fully_committed: 0.
 - uncommit_free_chunks: 1.
 - use_allocation_guard: 0.
 - handle_deallocations: 1.


Internal statistics:

num_allocs_failed_limit: 9.
num_arena_births: 544.
num_arena_deaths: 0.
num_vsnodes_births: 2.
num_vsnodes_deaths: 0.
num_space_committed: 939.
num_space_uncommitted: 0.
num_chunks_returned_to_freelist: 9.
num_chunks_taken_from_freelist: 2409.
num_chunk_merges: 6.
num_chunk_splits: 1545.
num_chunks_enlarged: 1019.
num_inconsistent_stats: 0.

CodeHeap 'non-profiled nmethods': size=120000Kb used=4217Kb max_used=4237Kb free=115782Kb
 bounds [0x0000021d6c2e0000, 0x0000021d6c710000, 0x0000021d73810000]
CodeHeap 'profiled nmethods': size=120000Kb used=10635Kb max_used=10635Kb free=109364Kb
 bounds [0x0000021d64810000, 0x0000021d65280000, 0x0000021d6bd40000]
CodeHeap 'non-nmethods': size=5760Kb used=2373Kb max_used=2378Kb free=3386Kb
 bounds [0x0000021d6bd40000, 0x0000021d6bfb0000, 0x0000021d6c2e0000]
 total_blobs=6520 nmethods=5639 adapters=791
 compilation: enabled
              stopped_count=0, restarted_count=0
 full_count=0

Compilation events (20 events):
Event: 12.155 Thread 0x0000021d7f030460 nmethod 6799 0x0000021d6526ee10 code [0x0000021d6526f000, 0x0000021d6526f518]
Event: 12.158 Thread 0x0000021d7f030460 6800       3       com.sun.crypto.provider.GHASH::blockMult (245 bytes)
Event: 12.158 Thread 0x0000021d03f7f010 6801       4       java.lang.Long::reverseBytes (46 bytes)
Event: 12.159 Thread 0x0000021d7f030460 nmethod 6800 0x0000021d6526f710 code [0x0000021d6526f8c0, 0x0000021d6526fd18]
Event: 12.159 Thread 0x0000021d7f030460 6802       3       com.sun.crypto.provider.GHASH::processBlock (37 bytes)
Event: 12.159 Thread 0x0000021d03f7f010 nmethod 6801 0x0000021d6c601490 code [0x0000021d6c601600, 0x0000021d6c6016b8]
Event: 12.160 Thread 0x0000021d7f030460 nmethod 6802 0x0000021d6526ff90 code [0x0000021d65270240, 0x0000021d65270ea8]
Event: 12.160 Thread 0x0000021d7f030460 6803       3       com.sun.crypto.provider.AESCrypt::implEncryptBlock (953 bytes)
Event: 12.160 Thread 0x0000021d7f030460 nmethod 6803 0x0000021d65271410 code [0x0000021d65271640, 0x0000021d65272398]
Event: 12.160 Thread 0x0000021d7f030460 6805       3       com.sun.crypto.provider.CounterMode::increment (28 bytes)
Event: 12.160 Thread 0x0000021d7f030460 nmethod 6805 0x0000021d65272a90 code [0x0000021d65272c40, 0x0000021d65272e38]
Event: 12.160 Thread 0x0000021d7f030460 6804       3       com.sun.crypto.provider.AESCrypt::encryptBlock (10 bytes)
Event: 12.160 Thread 0x0000021d7f030460 nmethod 6804 0x0000021d65272f10 code [0x0000021d652730a0, 0x0000021d652731e8]
Event: 12.161 Thread 0x0000021d03f7f010 6806       4       sun.security.util.DerValue::<init> (445 bytes)
Event: 12.161 Thread 0x0000021d7f030460 6807       1       sun.security.util.DerValue::resetTag (6 bytes)
Event: 12.161 Thread 0x0000021d7f030460 nmethod 6807 0x0000021d6c601190 code [0x0000021d6c601320, 0x0000021d6c6013f8]
Event: 12.161 Thread 0x0000021d7f030460 6808       3       sun.security.util.ObjectIdentifier::hashCode (8 bytes)
Event: 12.161 Thread 0x0000021d7f030460 nmethod 6808 0x0000021d65273290 code [0x0000021d65273420, 0x0000021d65273568]
Event: 12.165 Thread 0x0000021d7f030460 6809       3       java.lang.CharacterDataLatin1::isWhitespace (23 bytes)
Event: 12.165 Thread 0x0000021d7f030460 nmethod 6809 0x0000021d65273610 code [0x0000021d652737c0, 0x0000021d652739b8]

GC Heap History (20 events):
Event: 6.644 GC heap after
{Heap after GC invocations=21 (full 0):
 garbage-first heap   total 210944K, used 53500K [0x0000000080000000, 0x0000000100000000)
  region size 1024K, 8 young (8192K), 8 survivors (8192K)
 Metaspace       used 46090K, committed 46528K, reserved 1114112K
  class space    used 6071K, committed 6272K, reserved 1048576K
}
Event: 7.124 GC heap before
{Heap before GC invocations=21 (full 0):
 garbage-first heap   total 210944K, used 179452K [0x0000000080000000, 0x0000000100000000)
  region size 1024K, 123 young (125952K), 8 survivors (8192K)
 Metaspace       used 46258K, committed 46656K, reserved 1114112K
  class space    used 6098K, committed 6272K, reserved 1048576K
}
Event: 7.127 GC heap after
{Heap after GC invocations=22 (full 0):
 garbage-first heap   total 253952K, used 49136K [0x0000000080000000, 0x0000000100000000)
  region size 1024K, 4 young (4096K), 4 survivors (4096K)
 Metaspace       used 46258K, committed 46656K, reserved 1114112K
  class space    used 6098K, committed 6272K, reserved 1048576K
}
Event: 7.382 GC heap before
{Heap before GC invocations=22 (full 0):
 garbage-first heap   total 253952K, used 196592K [0x0000000080000000, 0x0000000100000000)
  region size 1024K, 148 young (151552K), 4 survivors (4096K)
 Metaspace       used 46259K, committed 46656K, reserved 1114112K
  class space    used 6098K, committed 6272K, reserved 1048576K
}
Event: 7.384 GC heap after
{Heap after GC invocations=23 (full 0):
 garbage-first heap   total 253952K, used 48895K [0x0000000080000000, 0x0000000100000000)
  region size 1024K, 3 young (3072K), 3 survivors (3072K)
 Metaspace       used 46259K, committed 46656K, reserved 1114112K
  class space    used 6098K, committed 6272K, reserved 1048576K
}
Event: 7.753 GC heap before
{Heap before GC invocations=23 (full 0):
 garbage-first heap   total 253952K, used 197375K [0x0000000080000000, 0x0000000100000000)
  region size 1024K, 148 young (151552K), 3 survivors (3072K)
 Metaspace       used 46259K, committed 46656K, reserved 1114112K
  class space    used 6098K, committed 6272K, reserved 1048576K
}
Event: 7.755 GC heap after
{Heap after GC invocations=24 (full 0):
 garbage-first heap   total 253952K, used 48672K [0x0000000080000000, 0x0000000100000000)
  region size 1024K, 3 young (3072K), 3 survivors (3072K)
 Metaspace       used 46259K, committed 46656K, reserved 1114112K
  class space    used 6098K, committed 6272K, reserved 1048576K
}
Event: 8.024 GC heap before
{Heap before GC invocations=24 (full 0):
 garbage-first heap   total 253952K, used 198176K [0x0000000080000000, 0x0000000100000000)
  region size 1024K, 148 young (151552K), 3 survivors (3072K)
 Metaspace       used 46260K, committed 46656K, reserved 1114112K
  class space    used 6098K, committed 6272K, reserved 1048576K
}
Event: 8.027 GC heap after
{Heap after GC invocations=25 (full 0):
 garbage-first heap   total 253952K, used 49862K [0x0000000080000000, 0x0000000100000000)
  region size 1024K, 4 young (4096K), 4 survivors (4096K)
 Metaspace       used 46260K, committed 46656K, reserved 1114112K
  class space    used 6098K, committed 6272K, reserved 1048576K
}
Event: 8.281 GC heap before
{Heap before GC invocations=25 (full 0):
 garbage-first heap   total 253952K, used 197318K [0x0000000080000000, 0x0000000100000000)
  region size 1024K, 148 young (151552K), 4 survivors (4096K)
 Metaspace       used 46260K, committed 46656K, reserved 1114112K
  class space    used 6098K, committed 6272K, reserved 1048576K
}
Event: 8.285 GC heap after
{Heap after GC invocations=26 (full 0):
 garbage-first heap   total 253952K, used 51047K [0x0000000080000000, 0x0000000100000000)
  region size 1024K, 6 young (6144K), 6 survivors (6144K)
 Metaspace       used 46260K, committed 46656K, reserved 1114112K
  class space    used 6098K, committed 6272K, reserved 1048576K
}
Event: 8.506 GC heap before
{Heap before GC invocations=26 (full 0):
 garbage-first heap   total 253952K, used 196455K [0x0000000080000000, 0x0000000100000000)
  region size 1024K, 148 young (151552K), 6 survivors (6144K)
 Metaspace       used 46260K, committed 46656K, reserved 1114112K
  class space    used 6098K, committed 6272K, reserved 1048576K
}
Event: 8.511 GC heap after
{Heap after GC invocations=27 (full 0):
 garbage-first heap   total 253952K, used 52379K [0x0000000080000000, 0x0000000100000000)
  region size 1024K, 7 young (7168K), 7 survivors (7168K)
 Metaspace       used 46260K, committed 46656K, reserved 1114112K
  class space    used 6098K, committed 6272K, reserved 1048576K
}
Event: 8.720 GC heap before
{Heap before GC invocations=27 (full 0):
 garbage-first heap   total 253952K, used 196763K [0x0000000080000000, 0x0000000100000000)
  region size 1024K, 148 young (151552K), 7 survivors (7168K)
 Metaspace       used 46261K, committed 46656K, reserved 1114112K
  class space    used 6098K, committed 6272K, reserved 1048576K
}
Event: 8.724 GC heap after
{Heap after GC invocations=28 (full 0):
 garbage-first heap   total 253952K, used 54015K [0x0000000080000000, 0x0000000100000000)
  region size 1024K, 8 young (8192K), 8 survivors (8192K)
 Metaspace       used 46261K, committed 46656K, reserved 1114112K
  class space    used 6098K, committed 6272K, reserved 1048576K
}
Event: 8.956 GC heap before
{Heap before GC invocations=28 (full 0):
 garbage-first heap   total 253952K, used 197375K [0x0000000080000000, 0x0000000100000000)
  region size 1024K, 148 young (151552K), 8 survivors (8192K)
 Metaspace       used 46261K, committed 46656K, reserved 1114112K
  class space    used 6098K, committed 6272K, reserved 1048576K
}
Event: 8.962 GC heap after
{Heap after GC invocations=29 (full 0):
 garbage-first heap   total 253952K, used 55513K [0x0000000080000000, 0x0000000100000000)
  region size 1024K, 10 young (10240K), 10 survivors (10240K)
 Metaspace       used 46261K, committed 46656K, reserved 1114112K
  class space    used 6098K, committed 6272K, reserved 1048576K
}
Event: 9.201 GC heap before
{Heap before GC invocations=29 (full 0):
 garbage-first heap   total 253952K, used 200921K [0x0000000080000000, 0x0000000100000000)
  region size 1024K, 148 young (151552K), 10 survivors (10240K)
 Metaspace       used 46262K, committed 46656K, reserved 1114112K
  class space    used 6098K, committed 6272K, reserved 1048576K
}
Event: 9.207 GC heap after
{Heap after GC invocations=30 (full 0):
 garbage-first heap   total 253952K, used 53584K [0x0000000080000000, 0x0000000100000000)
  region size 1024K, 11 young (11264K), 11 survivors (11264K)
 Metaspace       used 46262K, committed 46656K, reserved 1114112K
  class space    used 6098K, committed 6272K, reserved 1048576K
}
Event: 12.166 GC heap before
{Heap before GC invocations=30 (full 0):
 garbage-first heap   total 253952K, used 167248K [0x0000000080000000, 0x0000000100000000)
  region size 1024K, 116 young (118784K), 11 survivors (11264K)
 Metaspace       used 59551K, committed 60096K, reserved 1114112K
  class space    used 7863K, committed 8128K, reserved 1048576K
}

Dll operation events (2 events):
Event: 0.005 Loaded shared library D:\AndroidProjects\jbr\bin\java.dll
Event: 0.345 Loaded shared library D:\AndroidProjects\jbr\bin\verify.dll

Deoptimization events (20 events):
Event: 12.146 Thread 0x0000021d0161c590 Uncommon trap: trap_request=0xffffff45 fr.pc=0x0000021d6c3ea688 relative=0x00000000000001e8
Event: 12.146 Thread 0x0000021d0161c590 Uncommon trap: reason=unstable_if action=reinterpret pc=0x0000021d6c3ea688 method=java.lang.invoke.VarHandle.getTypesAndInvokers()Ljava/lang/invoke/VarHandle$TypesAndInvokers; @ 6 c2
Event: 12.146 Thread 0x0000021d0161c590 DEOPT PACKING pc=0x0000021d6c3ea688 sp=0x000000a7f96f6c00
Event: 12.146 Thread 0x0000021d0161c590 DEOPT UNPACKING pc=0x0000021d6bd969a3 sp=0x000000a7f96f6b00 mode 2
Event: 12.151 Thread 0x0000021d0161c590 Uncommon trap: trap_request=0xffffff45 fr.pc=0x0000021d6c35c424 relative=0x0000000000000544
Event: 12.151 Thread 0x0000021d0161c590 Uncommon trap: reason=unstable_if action=reinterpret pc=0x0000021d6c35c424 method=sun.security.provider.DigestBase.engineUpdate([BII)V @ 1 c2
Event: 12.151 Thread 0x0000021d0161c590 DEOPT PACKING pc=0x0000021d6c35c424 sp=0x000000a7f96f6d10
Event: 12.151 Thread 0x0000021d0161c590 DEOPT UNPACKING pc=0x0000021d6bd969a3 sp=0x000000a7f96f6ce8 mode 2
Event: 12.152 Thread 0x0000021d0161c590 Uncommon trap: trap_request=0xffffff76 fr.pc=0x0000021d6c30fcb0 relative=0x0000000000000190
Event: 12.152 Thread 0x0000021d0161c590 Uncommon trap: reason=predicate action=maybe_recompile pc=0x0000021d6c30fcb0 method=sun.security.provider.DigestBase.implCompressMultiBlock0([BII)I @ 2 c2
Event: 12.152 Thread 0x0000021d0161c590 DEOPT PACKING pc=0x0000021d6c30fcb0 sp=0x000000a7f96f6b70
Event: 12.152 Thread 0x0000021d0161c590 DEOPT UNPACKING pc=0x0000021d6bd969a3 sp=0x000000a7f96f6b58 mode 2
Event: 12.161 Thread 0x0000021d0161c590 Uncommon trap: trap_request=0xffffffe4 fr.pc=0x0000021d6c62a6f0 relative=0x0000000000000450
Event: 12.161 Thread 0x0000021d0161c590 Uncommon trap: reason=range_check action=make_not_entrant pc=0x0000021d6c62a6f0 method=sun.security.util.DerValue.<init>([BIIZZ)V @ 83 c2
Event: 12.161 Thread 0x0000021d0161c590 DEOPT PACKING pc=0x0000021d6c62a6f0 sp=0x000000a7f96f6a60
Event: 12.161 Thread 0x0000021d0161c590 DEOPT UNPACKING pc=0x0000021d6bd969a3 sp=0x000000a7f96f69f0 mode 2
Event: 12.165 Thread 0x0000021d0161c590 Uncommon trap: trap_request=0xffffff45 fr.pc=0x0000021d6c391e04 relative=0x0000000000000084
Event: 12.165 Thread 0x0000021d0161c590 Uncommon trap: reason=unstable_if action=reinterpret pc=0x0000021d6c391e04 method=java.lang.CharacterDataLatin1.isWhitespace(I)Z @ 14 c2
Event: 12.165 Thread 0x0000021d0161c590 DEOPT PACKING pc=0x0000021d6c391e04 sp=0x000000a7f96f6a10
Event: 12.165 Thread 0x0000021d0161c590 DEOPT UNPACKING pc=0x0000021d6bd969a3 sp=0x000000a7f96f6980 mode 2

Classes unloaded (0 events):
No events

Classes redefined (0 events):
No events

Internal exceptions (20 events):
Event: 10.485 Thread 0x0000021d0161c590 Exception <a 'java/lang/ClassNotFoundException'{0x000000008b7b5550}: org/gradle/plugin/use/internal/PluginRequestCollector$PluginDependenciesSpecImplBeanInfo> (0x000000008b7b5550) 
thrown [s\src\hotspot\share\classfile\systemDictionary.cpp, line 256]
Event: 10.486 Thread 0x0000021d0161c590 Exception <a 'java/lang/ClassNotFoundException'{0x000000008b7c7988}: org/gradle/plugin/use/internal/PluginRequestCollector$PluginDependenciesSpecImplCustomizer> (0x000000008b7c7988) 
thrown [s\src\hotspot\share\classfile\systemDictionary.cpp, line 256]
Event: 10.488 Thread 0x0000021d0161c590 Exception <a 'java/lang/ClassNotFoundException'{0x000000008b602a68}: org/gradle/plugin/use/internal/PluginRequestCollector$PluginDependencySpecImplBeanInfo> (0x000000008b602a68) 
thrown [s\src\hotspot\share\classfile\systemDictionary.cpp, line 256]
Event: 10.488 Thread 0x0000021d0161c590 Exception <a 'java/lang/ClassNotFoundException'{0x000000008b6148f0}: org/gradle/plugin/use/internal/PluginRequestCollector$PluginDependencySpecImplCustomizer> (0x000000008b6148f0) 
thrown [s\src\hotspot\share\classfile\systemDictionary.cpp, line 256]
Event: 10.634 Thread 0x0000021d0161c590 Exception <a 'java/lang/NoSuchMethodError'{0x000000008ad71f48}: 'void java.lang.invoke.DirectMethodHandle$Holder.invokeStatic(java.lang.Object, java.lang.Object, java.lang.Object, int, java.lang.Object)'> (0x000000008ad71f48) 
thrown [s\src\hotspot\share\interpreter\linkResolver.cpp, line 771]
Event: 10.664 Thread 0x0000021d0161c590 Exception <a 'java/lang/NoSuchMethodError'{0x000000008adff6d0}: 'java.lang.Object java.lang.invoke.DelegatingMethodHandle$Holder.reinvoke_L(java.lang.Object, java.lang.Object, java.lang.Object, java.lang.Object, java.lang.Object, java.lang.Object, java.lang.Object, java.lang.Object, java.lang.Object, java.lang.Object, java.lang.Object, java.lang.Object, java.lang.Object, java.lang.Object, java.lang.Object, java.lang.Object, java.lang.Object, java.lang.Object, java.lang.Object, java.lang.Object, java.lang.O
Event: 10.665 Thread 0x0000021d0161c590 Exception <a 'java/lang/NoSuchMethodError'{0x000000008ac0c148}: 'java.lang.Object java.lang.invoke.Invokers$Holder.invoker(java.lang.Object, java.lang.Object, java.lang.Object, java.lang.Object, java.lang.Object, java.lang.Object, java.lang.Object, java.lang.Object, java.lang.Object, java.lang.Object, java.lang.Object, java.lang.Object, java.lang.Object, java.lang.Object, java.lang.Object, java.lang.Object, java.lang.Object, java.lang.Object, java.lang.Object, java.lang.Object, java.lang.Object)'> (0x00000
Event: 10.665 Thread 0x0000021d0161c590 Exception <a 'java/lang/NoSuchMethodError'{0x000000008ac13378}: 'java.lang.Object java.lang.invoke.DelegatingMethodHandle$Holder.delegate(java.lang.Object, java.lang.Object, java.lang.Object, java.lang.Object, java.lang.Object, java.lang.Object, java.lang.Object, java.lang.Object, java.lang.Object, java.lang.Object, java.lang.Object, java.lang.Object, java.lang.Object, java.lang.Object, java.lang.Object, java.lang.Object, java.lang.Object, java.lang.Object, java.lang.Object, java.lang.Object, java.lang.Obj
Event: 10.673 Thread 0x0000021d0161c590 Exception <a 'java/lang/NoSuchMethodError'{0x000000008ac8b428}: 'java.lang.Object java.lang.invoke.DirectMethodHandle$Holder.invokeStatic(java.lang.Object, java.lang.Object, java.lang.Object, java.lang.Object, java.lang.Object, java.lang.Object, java.lang.Object, java.lang.Object, java.lang.Object, java.lang.Object, java.lang.Object, java.lang.Object, java.lang.Object, java.lang.Object, java.lang.Object, java.lang.Object, java.lang.Object)'> (0x000000008ac8b428) 
thrown [s\src\hotspot\share\interpreter\lin
Event: 10.675 Thread 0x0000021d0161c590 Exception <a 'java/lang/NoSuchMethodError'{0x000000008acb3598}: 'java.lang.Object java.lang.invoke.DirectMethodHandle$Holder.invokeStatic(java.lang.Object, java.lang.Object, java.lang.Object, java.lang.Object, java.lang.Object, java.lang.Object, java.lang.Object, java.lang.Object, java.lang.Object, java.lang.Object, java.lang.Object, java.lang.Object, java.lang.Object, java.lang.Object, java.lang.Object, java.lang.Object, java.lang.Object, java.lang.Object)'> (0x000000008acb3598) 
thrown [s\src\hotspot\sha
Event: 10.677 Thread 0x0000021d0161c590 Exception <a 'java/lang/NoSuchMethodError'{0x000000008acdc130}: 'java.lang.Object java.lang.invoke.DirectMethodHandle$Holder.invokeStatic(java.lang.Object, java.lang.Object, java.lang.Object, java.lang.Object, java.lang.Object, java.lang.Object, java.lang.Object, java.lang.Object, java.lang.Object, java.lang.Object, java.lang.Object, java.lang.Object, java.lang.Object, java.lang.Object, java.lang.Object, java.lang.Object, java.lang.Object, java.lang.Object, java.lang.Object)'> (0x000000008acdc130) 
thrown 
Event: 10.679 Thread 0x0000021d0161c590 Exception <a 'java/lang/NoSuchMethodError'{0x000000008ab06428}: 'java.lang.Object java.lang.invoke.DirectMethodHandle$Holder.invokeStatic(java.lang.Object, java.lang.Object, java.lang.Object, java.lang.Object, java.lang.Object, java.lang.Object, java.lang.Object, java.lang.Object, java.lang.Object, java.lang.Object, java.lang.Object, java.lang.Object, java.lang.Object, java.lang.Object, java.lang.Object, java.lang.Object, java.lang.Object, java.lang.Object, java.lang.Object, java.lang.Object)'> (0x00000000
Event: 10.681 Thread 0x0000021d0161c590 Exception <a 'java/lang/NoSuchMethodError'{0x000000008ab312e0}: 'java.lang.Object java.lang.invoke.DirectMethodHandle$Holder.invokeStatic(java.lang.Object, java.lang.Object, java.lang.Object, java.lang.Object, java.lang.Object, java.lang.Object, java.lang.Object, java.lang.Object, java.lang.Object, java.lang.Object, java.lang.Object, java.lang.Object, java.lang.Object, java.lang.Object, java.lang.Object, java.lang.Object, java.lang.Object, java.lang.Object, java.lang.Object, java.lang.Object, java.lang.Obj
Event: 10.683 Thread 0x0000021d0161c590 Exception <a 'java/lang/NoSuchMethodError'{0x000000008ab5cb38}: 'java.lang.Object java.lang.invoke.DirectMethodHandle$Holder.invokeStatic(java.lang.Object, java.lang.Object, java.lang.Object, java.lang.Object, java.lang.Object, java.lang.Object, java.lang.Object, java.lang.Object, java.lang.Object, java.lang.Object, java.lang.Object, java.lang.Object, java.lang.Object, java.lang.Object, java.lang.Object, java.lang.Object, java.lang.Object, java.lang.Object, java.lang.Object, java.lang.Object, java.lang.Obj
Event: 10.684 Thread 0x0000021d0161c590 Exception <a 'java/lang/NoSuchMethodError'{0x000000008ab8a2b8}: 'java.lang.Object java.lang.invoke.DirectMethodHandle$Holder.invokeStatic(java.lang.Object, java.lang.Object, java.lang.Object, java.lang.Object, java.lang.Object, java.lang.Object, java.lang.Object, java.lang.Object, java.lang.Object, java.lang.Object, java.lang.Object, java.lang.Object, java.lang.Object, java.lang.Object, java.lang.Object, java.lang.Object, java.lang.Object, java.lang.Object, java.lang.Object, java.lang.Object, java.lang.Obj
Event: 10.685 Thread 0x0000021d0161c590 Exception <a 'java/lang/NoSuchMethodError'{0x000000008abb8e60}: 'java.lang.Object java.lang.invoke.DirectMethodHandle$Holder.invokeStatic(java.lang.Object, java.lang.Object, java.lang.Object, java.lang.Object, java.lang.Object, java.lang.Object, java.lang.Object, java.lang.Object, java.lang.Object, java.lang.Object, java.lang.Object, java.lang.Object, java.lang.Object, java.lang.Object, java.lang.Object, java.lang.Object, java.lang.Object, java.lang.Object, java.lang.Object, java.lang.Object, java.lang.Obj
Event: 11.687 Thread 0x0000021d0161c590 Implicit null exception at 0x0000021d6c6541ef to 0x0000021d6c654864
Event: 11.694 Thread 0x0000021d0161c590 Implicit null exception at 0x0000021d6c332ef2 to 0x0000021d6c3334cc
Event: 11.730 Thread 0x0000021d0161c590 Exception <a 'sun/nio/fs/WindowsException'{0x000000008a0e5520}> (0x000000008a0e5520) 
thrown [s\src\hotspot\share\prims\jni.cpp, line 517]
Event: 12.146 Thread 0x0000021d0161c590 Implicit null exception at 0x0000021d6c3ea4e8 to 0x0000021d6c3ea668

VM Operations (20 events):
Event: 10.403 Executing VM operation: ICBufferFull done
Event: 11.096 Executing VM operation: ICBufferFull
Event: 11.096 Executing VM operation: ICBufferFull done
Event: 11.418 Executing VM operation: HandshakeAllThreads
Event: 11.418 Executing VM operation: HandshakeAllThreads done
Event: 11.588 Executing VM operation: HandshakeAllThreads
Event: 11.588 Executing VM operation: HandshakeAllThreads done
Event: 11.703 Executing VM operation: HandshakeAllThreads
Event: 11.704 Executing VM operation: HandshakeAllThreads done
Event: 11.732 Executing VM operation: HandshakeAllThreads
Event: 11.732 Executing VM operation: HandshakeAllThreads done
Event: 11.736 Executing VM operation: HandshakeAllThreads
Event: 11.736 Executing VM operation: HandshakeAllThreads done
Event: 11.737 Executing VM operation: HandshakeAllThreads
Event: 11.737 Executing VM operation: HandshakeAllThreads done
Event: 11.754 Executing VM operation: ICBufferFull
Event: 11.754 Executing VM operation: ICBufferFull done
Event: 11.780 Executing VM operation: HandshakeAllThreads
Event: 11.780 Executing VM operation: HandshakeAllThreads done
Event: 12.166 Executing VM operation: CollectForMetadataAllocation

Events (20 events):
Event: 12.166 loading class jdk/internal/icu/text/NormalizerBase$NFCMode done
Event: 12.166 loading class jdk/internal/icu/text/NormalizerBase$NFKCMode
Event: 12.166 loading class jdk/internal/icu/text/NormalizerBase$NFKCMode done
Event: 12.166 loading class jdk/internal/icu/text/NormalizerBase$1
Event: 12.166 loading class jdk/internal/icu/text/NormalizerBase$1 done
Event: 12.166 loading class jdk/internal/icu/text/NormalizerBase$NFKDModeImpl
Event: 12.166 loading class jdk/internal/icu/text/NormalizerBase$NFKDModeImpl done
Event: 12.166 loading class jdk/internal/icu/text/NormalizerBase$ModeImpl
Event: 12.166 loading class jdk/internal/icu/text/NormalizerBase$ModeImpl done
Event: 12.166 loading class jdk/internal/icu/text/Normalizer2
Event: 12.166 loading class jdk/internal/icu/text/Normalizer2 done
Event: 12.166 loading class jdk/internal/icu/impl/Norm2AllModes
Event: 12.166 loading class jdk/internal/icu/impl/Norm2AllModes done
Event: 12.166 loading class jdk/internal/icu/impl/Norm2AllModes$NoopNormalizer2
Event: 12.166 loading class jdk/internal/icu/impl/Norm2AllModes$NoopNormalizer2 done
Event: 12.166 loading class jdk/internal/icu/impl/Norm2AllModes$NFKCSingleton
Event: 12.166 loading class jdk/internal/icu/impl/Norm2AllModes$NFKCSingleton done
Event: 12.166 loading class jdk/internal/icu/impl/Norm2AllModes$Norm2AllModesSingleton
Event: 12.166 loading class jdk/internal/icu/impl/Norm2AllModes$Norm2AllModesSingleton done
Event: 12.166 loading class jdk/internal/icu/impl/NormalizerImpl


Dynamic libraries:
0x00007ff73e6b0000 - 0x00007ff73e6ba000 	D:\AndroidProjects\jbr\bin\java.exe
0x00007ffac2a90000 - 0x00007ffac2ca7000 	C:\WINDOWS\SYSTEM32\ntdll.dll
0x00007ffac18a0000 - 0x00007ffac1964000 	C:\WINDOWS\System32\KERNEL32.DLL
0x00007ffac0430000 - 0x00007ffac07d6000 	C:\WINDOWS\System32\KERNELBASE.dll
0x00007ffabfe50000 - 0x00007ffabff61000 	C:\WINDOWS\System32\ucrtbase.dll
0x00007ffaae0e0000 - 0x00007ffaae0f7000 	D:\AndroidProjects\jbr\bin\jli.dll
0x00007ffab8bb0000 - 0x00007ffab8bcb000 	D:\AndroidProjects\jbr\bin\VCRUNTIME140.dll
0x00007ffac13a0000 - 0x00007ffac154e000 	C:\WINDOWS\System32\USER32.dll
0x00007ffac0290000 - 0x00007ffac02b6000 	C:\WINDOWS\System32\win32u.dll
0x00007ffac07e0000 - 0x00007ffac0809000 	C:\WINDOWS\System32\GDI32.dll
0x00007ffac0170000 - 0x00007ffac0288000 	C:\WINDOWS\System32\gdi32full.dll
0x00007ffabff70000 - 0x00007ffac000a000 	C:\WINDOWS\System32\msvcp_win.dll
0x00007ffaa5ad0000 - 0x00007ffaa5d63000 	C:\WINDOWS\WinSxS\amd64_microsoft.windows.common-controls_6595b64144ccf1df_6.0.22621.2506_none_270c5ae97388e100\COMCTL32.dll
0x00007ffac1ce0000 - 0x00007ffac1d87000 	C:\WINDOWS\System32\msvcrt.dll
0x00007ffac1860000 - 0x00007ffac1891000 	C:\WINDOWS\System32\IMM32.DLL
0x00007ffab9e10000 - 0x00007ffab9e1c000 	D:\AndroidProjects\jbr\bin\vcruntime140_1.dll
0x00007ffab1730000 - 0x00007ffab17bd000 	D:\AndroidProjects\jbr\bin\msvcp140.dll
0x00007ffa37a50000 - 0x00007ffa386d3000 	D:\AndroidProjects\jbr\bin\server\jvm.dll
0x00007ffac0e50000 - 0x00007ffac0f03000 	C:\WINDOWS\System32\ADVAPI32.dll
0x00007ffac2140000 - 0x00007ffac21e8000 	C:\WINDOWS\System32\sechost.dll
0x00007ffac0140000 - 0x00007ffac0168000 	C:\WINDOWS\System32\bcrypt.dll
0x00007ffac1b40000 - 0x00007ffac1c57000 	C:\WINDOWS\System32\RPCRT4.dll
0x00007ffabfca0000 - 0x00007ffabfced000 	C:\WINDOWS\SYSTEM32\POWRPROF.dll
0x00007ffab7ab0000 - 0x00007ffab7aba000 	C:\WINDOWS\SYSTEM32\VERSION.dll
0x00007ffab87a0000 - 0x00007ffab87d4000 	C:\WINDOWS\SYSTEM32\WINMM.dll
0x00007ffabb3a0000 - 0x00007ffabb3a9000 	C:\WINDOWS\SYSTEM32\WSOCK32.dll
0x00007ffac1c60000 - 0x00007ffac1cd1000 	C:\WINDOWS\System32\WS2_32.dll
0x00007ffabfc80000 - 0x00007ffabfc93000 	C:\WINDOWS\SYSTEM32\UMPDC.dll
0x00007ffabee10000 - 0x00007ffabee28000 	C:\WINDOWS\SYSTEM32\kernel.appcore.dll
0x00007ffabb390000 - 0x00007ffabb39a000 	D:\AndroidProjects\jbr\bin\jimage.dll
0x00007ffabd990000 - 0x00007ffabdbc3000 	C:\WINDOWS\SYSTEM32\DBGHELP.DLL
0x00007ffac1010000 - 0x00007ffac1399000 	C:\WINDOWS\System32\combase.dll
0x00007ffac1780000 - 0x00007ffac1857000 	C:\WINDOWS\System32\OLEAUT32.dll
0x00007ffaac190000 - 0x00007ffaac1c2000 	C:\WINDOWS\SYSTEM32\dbgcore.DLL
0x00007ffabfdd0000 - 0x00007ffabfe4a000 	C:\WINDOWS\System32\bcryptPrimitives.dll
0x00007ffab1dc0000 - 0x00007ffab1de5000 	D:\AndroidProjects\jbr\bin\java.dll
0x00007ffabb370000 - 0x00007ffabb388000 	D:\AndroidProjects\jbr\bin\zip.dll
0x00007ffac21f0000 - 0x00007ffac2a4b000 	C:\WINDOWS\System32\SHELL32.dll
0x00007ffabdd30000 - 0x00007ffabe626000 	C:\WINDOWS\SYSTEM32\windows.storage.dll
0x00007ffabdbf0000 - 0x00007ffabdd2e000 	C:\WINDOWS\SYSTEM32\wintypes.dll
0x00007ffac1970000 - 0x00007ffac1a63000 	C:\WINDOWS\System32\SHCORE.dll
0x00007ffac0c90000 - 0x00007ffac0cee000 	C:\WINDOWS\System32\shlwapi.dll
0x00007ffabfd00000 - 0x00007ffabfd26000 	C:\WINDOWS\SYSTEM32\profapi.dll
0x00007ffabaf40000 - 0x00007ffabaf59000 	D:\AndroidProjects\jbr\bin\net.dll
0x00007ffab9fb0000 - 0x00007ffaba0e7000 	C:\WINDOWS\SYSTEM32\WINHTTP.dll
0x00007ffabf290000 - 0x00007ffabf2f9000 	C:\WINDOWS\system32\mswsock.dll
0x00007ffab1da0000 - 0x00007ffab1db6000 	D:\AndroidProjects\jbr\bin\nio.dll
0x00007ffaae730000 - 0x00007ffaae740000 	D:\AndroidProjects\jbr\bin\verify.dll
0x00007ffab1d30000 - 0x00007ffab1d57000 	C:\Users\HI\.gradle\native\e1d6ef7f7dcc3fd88c89a11ec53ec762bb8ba0a96d01ffa2cd45eb1d1d8dd5c5\windows-amd64\native-platform.dll
0x00007ffa868a0000 - 0x00007ffa869e4000 	C:\Users\HI\.gradle\native\0d407fdbe67a94daf76414ababcb853783967236a71b16ec16e742cd7a986fd3\windows-amd64\native-platform-file-events.dll
0x00007ffaae750000 - 0x00007ffaae759000 	D:\AndroidProjects\jbr\bin\management.dll
0x00007ffaae740000 - 0x00007ffaae74b000 	D:\AndroidProjects\jbr\bin\management_ext.dll
0x00007ffac15b0000 - 0x00007ffac15b8000 	C:\WINDOWS\System32\PSAPI.DLL
0x00007ffabf4f0000 - 0x00007ffabf50b000 	C:\WINDOWS\SYSTEM32\CRYPTSP.dll
0x00007ffabed70000 - 0x00007ffabeda5000 	C:\WINDOWS\system32\rsaenh.dll
0x00007ffabf380000 - 0x00007ffabf3ac000 	C:\WINDOWS\SYSTEM32\USERENV.dll
0x00007ffabf4e0000 - 0x00007ffabf4ec000 	C:\WINDOWS\SYSTEM32\CRYPTBASE.dll
0x00007ffabe890000 - 0x00007ffabe8bd000 	C:\WINDOWS\SYSTEM32\IPHLPAPI.DLL
0x00007ffac1000000 - 0x00007ffac1009000 	C:\WINDOWS\System32\NSI.dll
0x00007ffab9e50000 - 0x00007ffab9e69000 	C:\WINDOWS\SYSTEM32\dhcpcsvc6.DLL
0x00007ffab9e30000 - 0x00007ffab9e4f000 	C:\WINDOWS\SYSTEM32\dhcpcsvc.DLL
0x00007ffabe900000 - 0x00007ffabe9f9000 	C:\WINDOWS\SYSTEM32\DNSAPI.dll
0x00007ffab6e20000 - 0x00007ffab6e28000 	C:\WINDOWS\system32\wshunix.dll
0x00007ffab5410000 - 0x00007ffab541a000 	C:\Windows\System32\rasadhlp.dll
0x00007ffab87e0000 - 0x00007ffab8863000 	C:\WINDOWS\System32\fwpuclnt.dll

dbghelp: loaded successfully - version: 4.0.5 - missing functions: none
symbol engine: initialized successfully - sym options: 0x614 - pdb path: .;D:\AndroidProjects\jbr\bin;C:\WINDOWS\SYSTEM32;C:\WINDOWS\WinSxS\amd64_microsoft.windows.common-controls_6595b64144ccf1df_6.0.22621.2506_none_270c5ae97388e100;D:\AndroidProjects\jbr\bin\server;C:\Users\HI\.gradle\native\e1d6ef7f7dcc3fd88c89a11ec53ec762bb8ba0a96d01ffa2cd45eb1d1d8dd5c5\windows-amd64;C:\Users\HI\.gradle\native\0d407fdbe67a94daf76414ababcb853783967236a71b16ec16e742cd7a986fd3\windows-amd64

VM Arguments:
jvm_args: --add-opens=java.base/java.util=ALL-UNNAMED --add-opens=java.base/java.lang=ALL-UNNAMED --add-opens=java.base/java.lang.invoke=ALL-UNNAMED --add-opens=java.base/java.util=ALL-UNNAMED --add-opens=java.prefs/java.util.prefs=ALL-UNNAMED --add-opens=java.prefs/java.util.prefs=ALL-UNNAMED --add-opens=java.base/java.nio.charset=ALL-UNNAMED --add-opens=java.base/java.net=ALL-UNNAMED --add-opens=java.base/java.util.concurrent.atomic=ALL-UNNAMED -Xmx2048m -Dfile.encoding=UTF-8 -Duser.country=US -Duser.language=en -Duser.variant 
java_command: org.gradle.launcher.daemon.bootstrap.GradleDaemon 7.5
java_class_path (initial): C:\Users\HI\.gradle\wrapper\dists\gradle-7.5-bin\f1w0cc9nuo0eivz97x2xlu9sv\gradle-7.5\lib\gradle-launcher-7.5.jar
Launcher Type: SUN_STANDARD

[Global flags]
     intx CICompilerCount                          = 3                                         {product} {ergonomic}
     uint ConcGCThreads                            = 2                                         {product} {ergonomic}
     uint G1ConcRefinementThreads                  = 6                                         {product} {ergonomic}
   size_t G1HeapRegionSize                         = 1048576                                   {product} {ergonomic}
    uintx GCDrainStackTargetSize                   = 64                                        {product} {ergonomic}
   size_t InitialHeapSize                          = 123731968                                 {product} {ergonomic}
   size_t MarkStackSize                            = 4194304                                   {product} {ergonomic}
   size_t MaxHeapSize                              = 2147483648                                {product} {command line}
   size_t MaxNewSize                               = 1287651328                                {product} {ergonomic}
   size_t MinHeapDeltaBytes                        = 1048576                                   {product} {ergonomic}
   size_t MinHeapSize                              = 8388608                                   {product} {ergonomic}
    uintx NonNMethodCodeHeapSize                   = 5832780                                {pd product} {ergonomic}
    uintx NonProfiledCodeHeapSize                  = 122912730                              {pd product} {ergonomic}
    uintx ProfiledCodeHeapSize                     = 122912730                              {pd product} {ergonomic}
    uintx ReservedCodeCacheSize                    = 251658240                              {pd product} {ergonomic}
     bool SegmentedCodeCache                       = true                                      {product} {ergonomic}
   size_t SoftMaxHeapSize                          = 2147483648                             {manageable} {ergonomic}
     bool UseCompressedClassPointers               = true                           {product lp64_product} {ergonomic}
     bool UseCompressedOops                        = true                           {product lp64_product} {ergonomic}
     bool UseG1GC                                  = true                                      {product} {ergonomic}
     bool UseLargePagesIndividualAllocation        = false                                  {pd product} {ergonomic}

Logging:
Log output configuration:
 #0: stdout all=warning uptime,level,tags
 #1: stderr all=off uptime,level,tags

Environment Variables:
JAVA_HOME=C:\Java\
PATH=C:\Program Files\Common Files\Oracle\Java\javapath;C:\Program Files (x86)\VMware\VMware Workstation\bin\;C:\Java\bin;C:\WINDOWS\system32;C:\WINDOWS;C:\WINDOWS\System32\Wbem;C:\WINDOWS\System32\WindowsPowerShell\v1.0\;C:\WINDOWS\System32\OpenSSH\;C:\MinGW\bin\;C:\TDM-GCC-64\bin;C:\Program Files\Microsoft SQL Server\Client SDK\ODBC\170\Tools\Binn\;C:\Program Files (x86)\Microsoft SQL Server\150\Tools\Binn\;C:\Program Files\Microsoft SQL Server\150\Tools\Binn\;C:\Program Files\Microsoft SQL Server\150\DTS\Binn\;C:\Program Files (x86)\Microsoft SQL Server\160\DTS\Binn\;C:\Program Files (x86)\Microsoft SQL Server\160\Tools\Binn\;C:\Program Files\Microsoft SQL Server\160\Tools\Binn\;C:\Program Files\Microsoft SQL Server\160\DTS\Binn\;D:\;C:\dart-sdk;C:\Program Files\dotnet\;C:\Program Files\Git\cmd;C:\Program Files\MySQL\MySQL Shell 8.0\bin\;D:\Scripts\;D:\;D:\python\Scripts\;D:\python\;C:\Users\HI\AppData\Local\Microsoft\WindowsApps;C:\Users\HI\AppData\Local\Programs\Microsoft VS Code\bin;C:\TDM-GCC-64\bin;D:\php\php;C:\Program Files\JetBrains\PyCharm Community Edition 2021.2.3\bin;;;C:\Program Files\Azure Data Studio\bin;C:\Users\HI\AppData\Roaming\npm;C:\Users\HI\.dotnet\tools;C:\Program Files\JetBrains\IntelliJ IDEA 2023.2.2\bin;;C:\Program Files\JetBrains\IntelliJ IDEA Educational Edition 2022.2.2\bin;;C:\Program Files\JetBrains\IntelliJ IDEA Community Edition 2023.2.2\bin;
USERNAME=HI
OS=Windows_NT
PROCESSOR_IDENTIFIER=AMD64 Family 23 Model 96 Stepping 1, AuthenticAMD
TMP=C:\Users\HI\AppData\Local\Temp
TEMP=C:\Users\HI\AppData\Local\Temp



Periodic native trim disabled

JNI global refs:
JNI global refs: 24, weak refs: 0

JNI global refs memory usage: 843, weak refs: 841

OOME stack traces (most recent first):
Classloader memory used:
Loader org.gradle.internal.classloader.VisitableURLClassLoader                         : 3092K
Loader bootstrap                                                                       : 2953K
Loader org.gradle.initialization.MixInLegacyTypesClassLoader                           : 1058K
Loader org.gradle.internal.classloader.VisitableURLClassLoader                         : 167K
Loader jdk.internal.loader.ClassLoaders$PlatformClassLoader                            : 97314B
Loader jdk.internal.reflect.DelegatingClassLoader                                      : 28487B
Loader jdk.internal.loader.ClassLoaders$AppClassLoader                                 : 25675B
Loader org.gradle.groovy.scripts.internal.DefaultScriptCompilationHandler$ScriptClassLoader: 16146B
Loader org.codehaus.groovy.runtime.callsite.CallSiteClassLoader                        : 7882B

Classes loaded by more than one classloader:
Class org.gradle.internal.Cast                                                        : loaded 3 times (x 69B)
Class org.gradle.api.GradleException                                                  : loaded 3 times (x 80B)
Class org.jetbrains.plugins.gradle.model.MavenRepositoryModel                         : loaded 2 times (x 68B)
Class org.gradle.internal.classpath.ClassPath                                         : loaded 2 times (x 68B)
Class org.gradle.api.internal.classpath.DefaultModuleRegistry                         : loaded 2 times (x 84B)
Class com.intellij.openapi.externalSystem.model.ExternalSystemException               : loaded 2 times (x 84B)
Class org.gradle.api.Action                                                           : loaded 2 times (x 68B)
Class org.jetbrains.kotlin.idea.gradleTooling.model.samWithReceiver.SamWithReceiverModel: loaded 2 times (x 68B)
Class org.jetbrains.plugins.gradle.model.ExternalProject                              : loaded 2 times (x 68B)
Class settings_3z7k7vgsf0z1pskmbnhklh8ga$_run_closure1$_closure2                      : loaded 2 times (x 134B)
Class org.jetbrains.plugins.gradle.model.IntelliJSettings                             : loaded 2 times (x 68B)
Class org.jetbrains.kotlin.idea.gradleTooling.KotlinMPPGradleModel                    : loaded 2 times (x 68B)
Class org.gradle.api.internal.DefaultClassPathProvider                                : loaded 2 times (x 74B)
Class org.gradle.internal.installation.GradleInstallation$1                           : loaded 2 times (x 73B)
Class org.gradle.internal.exceptions.DefaultMultiCauseException                       : loaded 2 times (x 89B)
Class org.gradle.tooling.model.UnsupportedMethodException                             : loaded 2 times (x 80B)
Class org.gradle.util.GradleVersion                                                   : loaded 2 times (x 81B)
Class org.gradle.internal.classloader.FilteringClassLoader                            : loaded 2 times (x 103B)
Class org.gradle.tooling.model.Model                                                  : loaded 2 times (x 68B)
Class org.gradle.internal.classpath.DefaultClassPath$ImmutableUniqueList$Builder      : loaded 2 times (x 73B)
Class org.jetbrains.kotlin.idea.gradleTooling.KotlinSourceSetContainer                : loaded 2 times (x 68B)
Class org.gradle.internal.classloader.ClassLoaderVisitor                              : loaded 2 times (x 74B)
Class org.gradle.internal.time.DefaultCountdownTimer                                  : loaded 2 times (x 86B)
Class org.gradle.internal.service.DefaultServiceLocator                               : loaded 2 times (x 81B)
Class org.gradle.internal.service.UnknownServiceException                             : loaded 2 times (x 81B)
Class org.jetbrains.plugins.gradle.model.DependencyAccessorsModel                     : loaded 2 times (x 68B)
Class org.gradle.internal.classloader.DefaultClassLoaderFactory                       : loaded 2 times (x 80B)
Class org.jetbrains.plugins.gradle.model.GradleExtensions                             : loaded 2 times (x 68B)
Class org.jetbrains.plugins.gradle.model.VersionCatalogsModel                         : loaded 2 times (x 68B)
Class org.gradle.internal.classloader.VisitableURLClassLoader$Spec                    : loaded 2 times (x 72B)
Class org.gradle.tooling.model.ProjectModel                                           : loaded 2 times (x 68B)
Class org.gradle.internal.time.MonotonicClock                                         : loaded 2 times (x 75B)
Class org.gradle.tooling.internal.gradle.DefaultProjectIdentifier                     : loaded 2 times (x 84B)
Class org.gradle.api.internal.classpath.ModuleRegistry                                : loaded 2 times (x 68B)
Class org.jetbrains.plugins.gradle.model.RepositoriesModel                            : loaded 2 times (x 68B)
Class org.gradle.api.internal.ClassPathProvider                                       : loaded 2 times (x 68B)
Class org.gradle.internal.classloader.ClasspathUtil$1                                 : loaded 2 times (x 74B)
Class org.gradle.internal.classloader.ClassLoaderFactory                              : loaded 2 times (x 68B)
Class org.gradle.api.internal.classpath.ManifestUtil                                  : loaded 2 times (x 69B)
Class org.gradle.api.specs.Spec                                                       : loaded 2 times (x 68B)
Class org.gradle.tooling.internal.gradle.GradleBuildIdentity                          : loaded 2 times (x 68B)
Class org.gradle.internal.IoActions                                                   : loaded 2 times (x 69B)
Class org.gradle.api.internal.classpath.EffectiveClassPath                            : loaded 2 times (x 88B)
Class kotlin.jvm.internal.DefaultConstructorMarker                                    : loaded 2 times (x 69B)
Class org.jetbrains.kotlin.idea.gradleTooling.model.annotation.AnnotationBasedPluginModel: loaded 2 times (x 68B)
Class org.jetbrains.kotlin.idea.gradleTooling.model.assignment.AssignmentModel        : loaded 2 times (x 68B)
Class org.gradle.internal.installation.CurrentGradleInstallation                      : loaded 2 times (x 71B)
Class org.gradle.internal.installation.CurrentGradleInstallationLocator               : loaded 2 times (x 69B)
Class org.gradle.api.internal.classpath.Module                                        : loaded 2 times (x 68B)
Class org.gradle.internal.service.CachingServiceLocator                               : loaded 2 times (x 80B)
Class org.gradle.internal.time.Timer                                                  : loaded 2 times (x 68B)
Class org.jetbrains.kotlin.idea.gradleTooling.KotlinDslScriptAdditionalTask           : loaded 2 times (x 68B)
Class org.jetbrains.plugins.gradle.model.tests.ExternalTestsModel                     : loaded 2 times (x 68B)
Class org.gradle.internal.classpath.DefaultClassPath                                  : loaded 2 times (x 88B)
Class org.gradle.api.Transformer                                                      : loaded 2 times (x 68B)
Class com.intellij.openapi.externalSystem.model.project.dependencies.ProjectDependencies: loaded 2 times (x 68B)
Class org.jetbrains.kotlin.idea.gradleTooling.PrepareKotlinIdeImportTaskModel         : loaded 2 times (x 68B)
Class org.gradle.internal.impldep.com.google.common.base.Preconditions                : loaded 2 times (x 69B)
Class kotlin.jvm.functions.Function1                                                  : loaded 2 times (x 68B)
Class org.gradle.internal.time.Time                                                   : loaded 2 times (x 69B)
Class org.gradle.internal.time.TimeSource$1                                           : loaded 2 times (x 75B)
Class org.gradle.internal.classloader.SystemClassLoaderSpec                           : loaded 2 times (x 69B)
Class settings_3z7k7vgsf0z1pskmbnhklh8ga$_run_closure1                                : loaded 2 times (x 134B)
Class ijInit1_nmjuqd13m5i98iv05l3z5819                                                : loaded 2 times (x 177B)
Class kotlin.Function                                                                 : loaded 2 times (x 68B)
Class org.gradle.api.UncheckedIOException                                             : loaded 2 times (x 80B)
Class org.gradle.tooling.internal.gradle.GradleProjectIdentity                        : loaded 2 times (x 68B)
Class org.gradle.internal.time.CountdownTimer                                         : loaded 2 times (x 68B)
Class org.gradle.internal.time.Clock                                                  : loaded 2 times (x 68B)
Class org.gradle.internal.classloader.ClasspathUtil                                   : loaded 2 times (x 69B)
Class org.gradle.tooling.model.BuildIdentifier                                        : loaded 2 times (x 68B)
Class org.gradle.api.internal.DefaultClassPathRegistry                                : loaded 2 times (x 74B)
Class org.gradle.api.internal.classpath.DefaultModuleRegistry$DefaultModule           : loaded 2 times (x 84B)
Class org.gradle.internal.time.TimeSource                                             : loaded 2 times (x 68B)
Class org.jetbrains.kotlin.android.synthetic.idea.AndroidExtensionsGradleModel        : loaded 2 times (x 68B)
Class org.gradle.api.internal.classpath.UnknownModuleException                        : loaded 2 times (x 80B)
Class org.jetbrains.plugins.gradle.model.IntelliJProjectSettings                      : loaded 2 times (x 68B)
Class org.gradle.internal.service.ServiceLookupException                              : loaded 2 times (x 80B)
Class sync_studio_tooling10_co684kf4pv8o08aximrgff6by$_run_closure1                   : loaded 2 times (x 134B)
Class org.gradle.cache.GlobalCache                                                    : loaded 2 times (x 68B)
Class org.jetbrains.kotlin.idea.gradleTooling.model.lombok.LombokModel                : loaded 2 times (x 68B)
Class org.gradle.tooling.model.ProjectIdentifier                                      : loaded 2 times (x 68B)
Class [Lorg.gradle.api.internal.ClassPathProvider;                                    : loaded 2 times (x 67B)
Class org.gradle.internal.operations.MultipleBuildOperationFailures                   : loaded 2 times (x 89B)
Class org.gradle.util.internal.GUtil                                                  : loaded 2 times (x 69B)
Class org.jetbrains.plugins.gradle.model.AnnotationProcessingModel                    : loaded 2 times (x 68B)
Class org.gradle.internal.classloader.ClassLoaderSpec                                 : loaded 2 times (x 69B)
Class org.jetbrains.plugins.gradle.model.BuildScriptClasspathModel                    : loaded 2 times (x 68B)
Class org.gradle.internal.classloader.VisitableURLClassLoader                         : loaded 2 times (x 115B)
Class org.gradle.internal.installation.GradleInstallation                             : loaded 2 times (x 73B)
Class org.gradle.api.internal.ClassPathRegistry                                       : loaded 2 times (x 68B)
Class org.gradle.internal.classloader.ClassLoaderHierarchy                            : loaded 2 times (x 68B)
Class org.gradle.internal.exceptions.MultiCauseException                              : loaded 2 times (x 68B)
Class org.jetbrains.kotlin.idea.gradleTooling.model.parcelize.ParcelizeGradleModel    : loaded 2 times (x 68B)
Class org.jetbrains.kotlin.idea.gradleTooling.model.noarg.NoArgModel                  : loaded 2 times (x 68B)
Class org.jetbrains.kotlin.idea.gradleTooling.KotlinGradleModel                       : loaded 2 times (x 68B)
Class org.gradle.tooling.internal.gradle.DefaultBuildIdentifier                       : loaded 2 times (x 77B)
Class org.gradle.internal.service.ServiceLocator                                      : loaded 2 times (x 68B)
Class org.jetbrains.kotlin.idea.gradleTooling.model.allopen.AllOpenModel              : loaded 2 times (x 68B)
Class settings_3z7k7vgsf0z1pskmbnhklh8ga                                              : loaded 2 times (x 177B)
Class sync_studio_tooling10_co684kf4pv8o08aximrgff6by                                 : loaded 2 times (x 177B)
Class org.gradle.internal.classpath.DefaultClassPath$ImmutableUniqueList              : loaded 2 times (x 159B)
Class org.gradle.internal.time.DefaultTimer                                           : loaded 2 times (x 78B)


---------------  S Y S T E M  ---------------

OS:
 Windows 11 , 64 bit Build 22621 (10.0.22621.3085)
OS uptime: 0 days 0:39 hours

CPU: total 6 (initial active 6) (6 cores per cpu, 1 threads per core) family 23 model 96 stepping 1 microcode 0x0, cx8, cmov, fxsr, mmx, 3dnowpref, sse, sse2, sse3, ssse3, sse4a, sse4.1, sse4.2, popcnt, lzcnt, tsc, tscinvbit, avx, avx2, aes, clmul, bmi1, bmi2, adx, sha, fma, vzeroupper, clflush, clflushopt
Processor Information for all 6 processors :
  Max Mhz: 2375, Current Mhz: 2375, Mhz Limit: 2375

Memory: 4k page, system-wide physical 7542M (374M free)
TotalPageFile size 11638M (AvailPageFile size 49M)
current process WorkingSet (physical memory assigned to process): 438M, peak: 440M
current process commit charge ("private bytes"): 473M, peak: 524M

vm_info: OpenJDK 64-Bit Server VM (17.0.9+0--11185874) for windows-amd64 JRE (17.0.9+0--11185874), built on Dec  6 2023 18:57:44 by "androidbuild" with MS VC++ 16.10 / 16.11 (VS2019)

END.
