#
# There is insufficient memory for the Java Runtime Environment to continue.
# Native memory allocation (malloc) failed to allocate 1753776 bytes for Chunk::new
# Possible reasons:
#   The system is out of physical RAM or swap space
#   The process is running with CompressedOops enabled, and the Java Heap may be blocking the growth of the native heap
# Possible solutions:
#   Reduce memory load on the system
#   Increase physical memory or swap space
#   Check if swap backing store is full
#   Decrease Java heap size (-Xmx/-Xms)
#   Decrease number of Java threads
#   Decrease Java thread stack sizes (-Xss)
#   Set larger code cache with -XX:ReservedCodeCacheSize=
#   JVM is running with Unscaled Compressed Oops mode in which the Java heap is
#     placed in the first 4GB address space. The Java Heap base address is the
#     maximum limit for the native heap growth. Please use -XX:HeapBaseMinAddress
#     to set the Java Heap base and to place the Java Heap above 4GB virtual address.
# This output file may be truncated or incomplete.
#
#  Out of Memory Error (src/hotspot/share/memory/arena.cpp:197), pid=17344, tid=4224
#
# JRE version: OpenJDK Runtime Environment (11.0.15) (build 11.0.15+0-b2043.56-8887301)
# Java VM: OpenJDK 64-Bit Server VM (11.0.15+0-b2043.56-8887301, mixed mode, tiered, compressed oops, g1 gc, windows-amd64)
# No core dump will be written. Minidumps are not enabled by default on client versions of Windows
#

---------------  S U M M A R Y ------------

Command Line: --add-opens=java.base/java.util=ALL-UNNAMED --add-opens=java.base/java.lang=ALL-UNNAMED --add-opens=java.base/java.lang.invoke=ALL-UNNAMED --add-opens=java.base/java.util=ALL-UNNAMED --add-opens=java.prefs/java.util.prefs=ALL-UNNAMED --add-opens=java.prefs/java.util.prefs=ALL-UNNAMED --add-opens=java.base/java.nio.charset=ALL-UNNAMED --add-opens=java.base/java.net=ALL-UNNAMED --add-opens=java.base/java.util.concurrent.atomic=ALL-UNNAMED -Xmx2048m -Dfile.encoding=UTF-8 -Duser.country=US -Duser.language=en -Duser.variant org.gradle.launcher.daemon.bootstrap.GradleDaemon 7.5

Host: AMD Ryzen 5 4500U with Radeon Graphics         , 6 cores, 7G,  Windows 11 , 64 bit Build 22621 (10.0.22621.3085)
Time: Sun Feb 25 15:00:28 2024 SE Asia Standard Time elapsed time: 14.040910 seconds (0d 0h 0m 14s)

---------------  T H R E A D  ---------------

Current thread (0x0000020d43877000):  JavaThread "C2 CompilerThread0" daemon [_thread_in_native, id=4224, stack(0x0000005185f00000,0x0000005186000000)]


Current CompileTask:
C2:  14040 4169       4       groovy.lang.MetaClassImpl$1MOPIter::methodNameAction (325 bytes)

Stack: [0x0000005185f00000,0x0000005186000000]
Native frames: (J=compiled Java code, j=interpreted, Vv=VM code, C=native code)
V  [jvm.dll+0x64135a]
V  [jvm.dll+0x7d39f9]
V  [jvm.dll+0x7d51b9]
V  [jvm.dll+0x7d58a3]
V  [jvm.dll+0x2691c5]
V  [jvm.dll+0xc1a5c]
V  [jvm.dll+0xc200c]
V  [jvm.dll+0x377462]
V  [jvm.dll+0x342495]
V  [jvm.dll+0x34186a]
V  [jvm.dll+0x2214bd]
V  [jvm.dll+0x220498]
V  [jvm.dll+0x19e851]
V  [jvm.dll+0x230479]
V  [jvm.dll+0x22e5ef]
V  [jvm.dll+0x794de1]
V  [jvm.dll+0x78dc24]
V  [jvm.dll+0x6400f6]
C  [ucrtbase.dll+0x29363]
C  [KERNEL32.DLL+0x1257d]
C  [ntdll.dll+0x5aa58]


---------------  P R O C E S S  ---------------

Threads class SMR info:
_java_thread_list=0x0000020d44415610, length=38, elements={
0x0000020d28e9c800, 0x0000020d42ef2000, 0x0000020d42ef5000, 0x0000020d43873800,
0x0000020d43874800, 0x0000020d43875800, 0x0000020d43877000, 0x0000020d43879000,
0x0000020d4387e000, 0x0000020d439ba800, 0x0000020d44562000, 0x0000020d45a55000,
0x0000020d45ad0800, 0x0000020d45c54800, 0x0000020d45c56800, 0x0000020d45c01000,
0x0000020d45a3c800, 0x0000020d45787000, 0x0000020d45a3b000, 0x0000020d45a37800,
0x0000020d45c19000, 0x0000020d45c1b000, 0x0000020d45c1a000, 0x0000020d45c1b800,
0x0000020d45c1c800, 0x0000020d45c1d800, 0x0000020d45c1e000, 0x0000020d45c1f000,
0x0000020d45c1f800, 0x0000020d45dbb000, 0x0000020d45db6800, 0x0000020d45db7800,
0x0000020d45dbb800, 0x0000020d45db9000, 0x0000020d45dbc800, 0x0000020d45dba000,
0x0000020d45dbd800, 0x0000020d45dbe000
}

Java Threads: ( => current thread )
  0x0000020d28e9c800 JavaThread "main" [_thread_blocked, id=11796, stack(0x0000005185300000,0x0000005185400000)]
  0x0000020d42ef2000 JavaThread "Reference Handler" daemon [_thread_blocked, id=1200, stack(0x0000005185a00000,0x0000005185b00000)]
  0x0000020d42ef5000 JavaThread "Finalizer" daemon [_thread_blocked, id=12312, stack(0x0000005185b00000,0x0000005185c00000)]
  0x0000020d43873800 JavaThread "Signal Dispatcher" daemon [_thread_blocked, id=16952, stack(0x0000005185c00000,0x0000005185d00000)]
  0x0000020d43874800 JavaThread "Attach Listener" daemon [_thread_blocked, id=8668, stack(0x0000005185d00000,0x0000005185e00000)]
  0x0000020d43875800 JavaThread "Service Thread" daemon [_thread_blocked, id=7884, stack(0x0000005185e00000,0x0000005185f00000)]
=>0x0000020d43877000 JavaThread "C2 CompilerThread0" daemon [_thread_in_native, id=4224, stack(0x0000005185f00000,0x0000005186000000)]
  0x0000020d43879000 JavaThread "C1 CompilerThread0" daemon [_thread_in_native, id=13472, stack(0x0000005186000000,0x0000005186100000)]
  0x0000020d4387e000 JavaThread "Sweeper thread" daemon [_thread_blocked, id=3124, stack(0x0000005186100000,0x0000005186200000)]
  0x0000020d439ba800 JavaThread "Common-Cleaner" daemon [_thread_blocked, id=9696, stack(0x0000005186200000,0x0000005186300000)]
  0x0000020d44562000 JavaThread "Daemon health stats" [_thread_blocked, id=14836, stack(0x0000005186500000,0x0000005186600000)]
  0x0000020d45a55000 JavaThread "Incoming local TCP Connector on port 56901" [_thread_in_native, id=2184, stack(0x0000005186600000,0x0000005186700000)]
  0x0000020d45ad0800 JavaThread "Daemon periodic checks" [_thread_blocked, id=2544, stack(0x0000005186c00000,0x0000005186d00000)]
  0x0000020d45c54800 JavaThread "Daemon" [_thread_blocked, id=14520, stack(0x0000005186d00000,0x0000005186e00000)]
  0x0000020d45c56800 JavaThread "Handler for socket connection from /127.0.0.1:56901 to /127.0.0.1:56902" [_thread_in_native, id=13992, stack(0x0000005186e00000,0x0000005186f00000)]
  0x0000020d45c01000 JavaThread "Cancel handler" [_thread_blocked, id=17044, stack(0x0000005186f00000,0x0000005187000000)]
  0x0000020d45a3c800 JavaThread "Daemon worker" [_thread_in_vm, id=16428, stack(0x0000005187000000,0x0000005187100000)]
  0x0000020d45787000 JavaThread "Asynchronous log dispatcher for DefaultDaemonConnection: socket connection from /127.0.0.1:56901 to /127.0.0.1:56902" [_thread_blocked, id=7000, stack(0x0000005187100000,0x0000005187200000)]
  0x0000020d45a3b000 JavaThread "Stdin handler" [_thread_blocked, id=8904, stack(0x0000005187200000,0x0000005187300000)]
  0x0000020d45a37800 JavaThread "Daemon client event forwarder" [_thread_blocked, id=12332, stack(0x0000005187300000,0x0000005187400000)]
  0x0000020d45c19000 JavaThread "Cache worker for journal cache (C:\Users\HI\.gradle\caches\journal-1)" [_thread_blocked, id=11388, stack(0x0000005187400000,0x0000005187500000)]
  0x0000020d45c1b000 JavaThread "File lock request listener" [_thread_in_native, id=2312, stack(0x0000005187500000,0x0000005187600000)]
  0x0000020d45c1a000 JavaThread "Cache worker for file hash cache (C:\Users\HI\.gradle\caches\7.5\fileHashes)" [_thread_blocked, id=4736, stack(0x0000005187700000,0x0000005187800000)]
  0x0000020d45c1b800 JavaThread "File lock release action executor" [_thread_blocked, id=9992, stack(0x0000005187800000,0x0000005187900000)]
  0x0000020d45c1c800 JavaThread "File watcher server" daemon [_thread_in_native, id=14736, stack(0x0000005187900000,0x0000005187a00000)]
  0x0000020d45c1d800 JavaThread "File watcher consumer" daemon [_thread_blocked, id=8908, stack(0x0000005187a00000,0x0000005187b00000)]
  0x0000020d45c1e000 JavaThread "jar transforms" [_thread_blocked, id=12868, stack(0x0000005187b00000,0x0000005187c00000)]
  0x0000020d45c1f000 JavaThread "jar transforms Thread 2" [_thread_blocked, id=3848, stack(0x0000005187c00000,0x0000005187d00000)]
  0x0000020d45c1f800 JavaThread "jar transforms Thread 3" [_thread_blocked, id=13324, stack(0x0000005187d00000,0x0000005187e00000)]
  0x0000020d45dbb000 JavaThread "jar transforms Thread 4" [_thread_blocked, id=3908, stack(0x0000005187e00000,0x0000005187f00000)]
  0x0000020d45db6800 JavaThread "jar transforms Thread 5" [_thread_blocked, id=11888, stack(0x0000005187f00000,0x0000005188000000)]
  0x0000020d45db7800 JavaThread "jar transforms Thread 6" [_thread_blocked, id=15496, stack(0x0000005188000000,0x0000005188100000)]
  0x0000020d45dbb800 JavaThread "Cache worker for checksums cache (C:\Users\HI\AndroidStudioProjects\Detector\.gradle\7.5\checksums)" [_thread_blocked, id=7248, stack(0x0000005188100000,0x0000005188200000)]
  0x0000020d45db9000 JavaThread "Cache worker for cache directory md-rule (C:\Users\HI\.gradle\caches\7.5\md-rule)" [_thread_blocked, id=2520, stack(0x0000005188200000,0x0000005188300000)]
  0x0000020d45dbc800 JavaThread "Cache worker for file content cache (C:\Users\HI\.gradle\caches\7.5\fileContent)" [_thread_blocked, id=11508, stack(0x0000005188300000,0x0000005188400000)]
  0x0000020d45dba000 JavaThread "Cache worker for file hash cache (C:\Users\HI\AndroidStudioProjects\Detector\.gradle\7.5\fileHashes)" [_thread_blocked, id=12776, stack(0x0000005188400000,0x0000005188500000)]
  0x0000020d45dbd800 JavaThread "Cache worker for cache directory md-supplier (C:\Users\HI\.gradle\caches\7.5\md-supplier)" [_thread_blocked, id=15504, stack(0x0000005188500000,0x0000005188600000)]
  0x0000020d45dbe000 JavaThread "Cache worker for execution history cache (C:\Users\HI\.gradle\caches\7.5\executionHistory)" [_thread_blocked, id=8304, stack(0x0000005188600000,0x0000005188700000)]

Other Threads:
  0x0000020d42eeb800 VMThread "VM Thread" [stack: 0x0000005185900000,0x0000005185a00000] [id=1228]
  0x0000020d439e4800 WatcherThread [stack: 0x0000005186300000,0x0000005186400000] [id=8608]
  0x0000020d28eb0800 GCTaskThread "GC Thread#0" [stack: 0x0000005185400000,0x0000005185500000] [id=10920]
  0x0000020d44583800 GCTaskThread "GC Thread#1" [stack: 0x0000005186400000,0x0000005186500000] [id=10096]
  0x0000020d45ad5800 GCTaskThread "GC Thread#2" [stack: 0x0000005186700000,0x0000005186800000] [id=10528]
  0x0000020d44f49000 GCTaskThread "GC Thread#3" [stack: 0x0000005186800000,0x0000005186900000] [id=12892]
  0x0000020d447d2800 GCTaskThread "GC Thread#4" [stack: 0x0000005186900000,0x0000005186a00000] [id=16708]
  0x0000020d4457a000 GCTaskThread "GC Thread#5" [stack: 0x0000005186a00000,0x0000005186b00000] [id=5764]
  0x0000020d28ee2800 ConcurrentGCThread "G1 Main Marker" [stack: 0x0000005185500000,0x0000005185600000] [id=14176]
  0x0000020d28ee3800 ConcurrentGCThread "G1 Conc#0" [stack: 0x0000005185600000,0x0000005185700000] [id=2680]
  0x0000020d45ce8800 ConcurrentGCThread "G1 Conc#1" [stack: 0x0000005187600000,0x0000005187700000] [id=12884]
  0x0000020d42d41800 ConcurrentGCThread "G1 Refine#0" [stack: 0x0000005185700000,0x0000005185800000] [id=7816]
  0x0000020d45ae0000 ConcurrentGCThread "G1 Refine#1" [stack: 0x0000005186b00000,0x0000005186c00000] [id=12524]
  0x0000020d28f5c800 ConcurrentGCThread "G1 Young RemSet Sampling" [stack: 0x0000005185800000,0x0000005185900000] [id=6564]

Threads with active compile tasks:
C2 CompilerThread0    14062 4169       4       groovy.lang.MetaClassImpl$1MOPIter::methodNameAction (325 bytes)

VM state:not at safepoint (normal execution)

VM Mutex/Monitor currently owned by a thread: None

Heap address: 0x0000000080000000, size: 2048 MB, Compressed Oops mode: 32-bit
Narrow klass base: 0x0000000000000000, Narrow klass shift: 3
Compressed class space size: 1073741824 Address: 0x0000000100000000

Heap:
 garbage-first heap   total 120832K, used 77533K [0x0000000080000000, 0x0000000100000000)
  region size 1024K, 7 young (7168K), 2 survivors (2048K)
 Metaspace       used 46753K, capacity 48024K, committed 48208K, reserved 1091584K
  class space    used 5890K, capacity 6352K, committed 6400K, reserved 1048576K
Heap Regions: E=young(eden), S=young(survivor), O=old, HS=humongous(starts), HC=humongous(continues), CS=collection set, F=free, A=archive, TAMS=top-at-mark-start (previous, next)
|   0|0x0000000080000000, 0x0000000080100000, 0x0000000080100000|100%| O|  |TAMS 0x0000000080100000, 0x0000000080000000| Untracked 
|   1|0x0000000080100000, 0x0000000080200000, 0x0000000080200000|100%| O|  |TAMS 0x0000000080200000, 0x0000000080100000| Untracked 
|   2|0x0000000080200000, 0x0000000080300000, 0x0000000080300000|100%| O|  |TAMS 0x0000000080300000, 0x0000000080200000| Untracked 
|   3|0x0000000080300000, 0x0000000080400000, 0x0000000080400000|100%|HS|  |TAMS 0x0000000080400000, 0x0000000080300000| Complete 
|   4|0x0000000080400000, 0x0000000080500000, 0x0000000080500000|100%|HC|  |TAMS 0x0000000080500000, 0x0000000080400000| Complete 
|   5|0x0000000080500000, 0x0000000080600000, 0x0000000080600000|100%|HC|  |TAMS 0x0000000080600000, 0x0000000080500000| Complete 
|   6|0x0000000080600000, 0x0000000080700000, 0x0000000080700000|100%| O|  |TAMS 0x0000000080700000, 0x0000000080600000| Untracked 
|   7|0x0000000080700000, 0x0000000080800000, 0x0000000080800000|100%| O|  |TAMS 0x0000000080800000, 0x0000000080700000| Untracked 
|   8|0x0000000080800000, 0x0000000080900000, 0x0000000080900000|100%| O|  |TAMS 0x0000000080900000, 0x0000000080800000| Untracked 
|   9|0x0000000080900000, 0x0000000080a00000, 0x0000000080a00000|100%| O|  |TAMS 0x0000000080a00000, 0x0000000080900000| Untracked 
|  10|0x0000000080a00000, 0x0000000080b00000, 0x0000000080b00000|100%| O|  |TAMS 0x0000000080b00000, 0x0000000080a00000| Untracked 
|  11|0x0000000080b00000, 0x0000000080c00000, 0x0000000080c00000|100%| O|  |TAMS 0x0000000080c00000, 0x0000000080b00000| Untracked 
|  12|0x0000000080c00000, 0x0000000080d00000, 0x0000000080d00000|100%| O|  |TAMS 0x0000000080d00000, 0x0000000080c00000| Untracked 
|  13|0x0000000080d00000, 0x0000000080e00000, 0x0000000080e00000|100%| O|  |TAMS 0x0000000080e00000, 0x0000000080d00000| Untracked 
|  14|0x0000000080e00000, 0x0000000080f00000, 0x0000000080f00000|100%| O|  |TAMS 0x0000000080f00000, 0x0000000080e00000| Untracked 
|  15|0x0000000080f00000, 0x0000000081000000, 0x0000000081000000|100%|HS|  |TAMS 0x0000000081000000, 0x0000000080f00000| Complete 
|  16|0x0000000081000000, 0x0000000081100000, 0x0000000081100000|100%|HC|  |TAMS 0x0000000081100000, 0x0000000081000000| Complete 
|  17|0x0000000081100000, 0x0000000081200000, 0x0000000081200000|100%|HS|  |TAMS 0x0000000081200000, 0x0000000081100000| Complete 
|  18|0x0000000081200000, 0x0000000081300000, 0x0000000081300000|100%|HC|  |TAMS 0x0000000081300000, 0x0000000081200000| Complete 
|  19|0x0000000081300000, 0x0000000081400000, 0x0000000081400000|100%|HC|  |TAMS 0x0000000081400000, 0x0000000081300000| Complete 
|  20|0x0000000081400000, 0x0000000081500000, 0x0000000081500000|100%|HS|  |TAMS 0x0000000081500000, 0x0000000081400000| Complete 
|  21|0x0000000081500000, 0x0000000081600000, 0x0000000081600000|100%|HC|  |TAMS 0x0000000081600000, 0x0000000081500000| Complete 
|  22|0x0000000081600000, 0x0000000081700000, 0x0000000081700000|100%|HC|  |TAMS 0x0000000081700000, 0x0000000081600000| Complete 
|  23|0x0000000081700000, 0x0000000081800000, 0x0000000081800000|100%|HS|  |TAMS 0x0000000081800000, 0x0000000081700000| Complete 
|  24|0x0000000081800000, 0x0000000081900000, 0x0000000081900000|100%|HC|  |TAMS 0x0000000081900000, 0x0000000081800000| Complete 
|  25|0x0000000081900000, 0x0000000081a00000, 0x0000000081a00000|100%|HS|  |TAMS 0x0000000081a00000, 0x0000000081900000| Complete 
|  26|0x0000000081a00000, 0x0000000081b00000, 0x0000000081b00000|100%|HC|  |TAMS 0x0000000081b00000, 0x0000000081a00000| Complete 
|  27|0x0000000081b00000, 0x0000000081c00000, 0x0000000081c00000|100%|HC|  |TAMS 0x0000000081c00000, 0x0000000081b00000| Complete 
|  28|0x0000000081c00000, 0x0000000081d00000, 0x0000000081d00000|100%|HC|  |TAMS 0x0000000081d00000, 0x0000000081c00000| Complete 
|  29|0x0000000081d00000, 0x0000000081e00000, 0x0000000081e00000|100%|HC|  |TAMS 0x0000000081e00000, 0x0000000081d00000| Complete 
|  30|0x0000000081e00000, 0x0000000081f00000, 0x0000000081f00000|100%| O|  |TAMS 0x0000000081f00000, 0x0000000081e00000| Untracked 
|  31|0x0000000081f00000, 0x0000000082000000, 0x0000000082000000|100%| O|  |TAMS 0x0000000082000000, 0x0000000081f00000| Untracked 
|  32|0x0000000082000000, 0x0000000082100000, 0x0000000082100000|100%| O|  |TAMS 0x0000000082100000, 0x0000000082000000| Untracked 
|  33|0x0000000082100000, 0x0000000082200000, 0x0000000082200000|100%| O|  |TAMS 0x0000000082200000, 0x0000000082100000| Untracked 
|  34|0x0000000082200000, 0x0000000082300000, 0x0000000082300000|100%| O|  |TAMS 0x0000000082300000, 0x0000000082200000| Untracked 
|  35|0x0000000082300000, 0x0000000082400000, 0x0000000082400000|100%| O|  |TAMS 0x0000000082400000, 0x0000000082300000| Untracked 
|  36|0x0000000082400000, 0x0000000082500000, 0x0000000082500000|100%| O|  |TAMS 0x0000000082500000, 0x0000000082400000| Untracked 
|  37|0x0000000082500000, 0x0000000082600000, 0x0000000082600000|100%| O|  |TAMS 0x0000000082600000, 0x0000000082500000| Untracked 
|  38|0x0000000082600000, 0x0000000082700000, 0x0000000082700000|100%| O|  |TAMS 0x0000000082700000, 0x0000000082600000| Untracked 
|  39|0x0000000082700000, 0x0000000082800000, 0x0000000082800000|100%|HS|  |TAMS 0x0000000082800000, 0x0000000082700000| Complete 
|  40|0x0000000082800000, 0x0000000082900000, 0x0000000082900000|100%|HC|  |TAMS 0x0000000082900000, 0x0000000082800000| Complete 
|  41|0x0000000082900000, 0x0000000082a00000, 0x0000000082a00000|100%|HC|  |TAMS 0x0000000082a00000, 0x0000000082900000| Complete 
|  42|0x0000000082a00000, 0x0000000082b00000, 0x0000000082b00000|100%| O|  |TAMS 0x0000000082b00000, 0x0000000082a00000| Untracked 
|  43|0x0000000082b00000, 0x0000000082c00000, 0x0000000082c00000|100%| O|  |TAMS 0x0000000082c00000, 0x0000000082b00000| Untracked 
|  44|0x0000000082c00000, 0x0000000082d00000, 0x0000000082d00000|100%| O|  |TAMS 0x0000000082d00000, 0x0000000082c00000| Untracked 
|  45|0x0000000082d00000, 0x0000000082e00000, 0x0000000082e00000|100%| O|  |TAMS 0x0000000082e00000, 0x0000000082d00000| Untracked 
|  46|0x0000000082e00000, 0x0000000082f00000, 0x0000000082f00000|100%| O|  |TAMS 0x0000000082f00000, 0x0000000082e00000| Untracked 
|  47|0x0000000082f00000, 0x0000000083000000, 0x0000000083000000|100%|HS|  |TAMS 0x0000000083000000, 0x0000000082f00000| Complete 
|  48|0x0000000083000000, 0x0000000083100000, 0x0000000083100000|100%|HC|  |TAMS 0x0000000083100000, 0x0000000083000000| Complete 
|  49|0x0000000083100000, 0x0000000083200000, 0x0000000083200000|100%|HC|  |TAMS 0x0000000083200000, 0x0000000083100000| Complete 
|  50|0x0000000083200000, 0x0000000083300000, 0x0000000083300000|100%|HC|  |TAMS 0x0000000083300000, 0x0000000083200000| Complete 
|  51|0x0000000083300000, 0x0000000083400000, 0x0000000083400000|100%|HC|  |TAMS 0x0000000083400000, 0x0000000083300000| Complete 
|  52|0x0000000083400000, 0x0000000083500000, 0x0000000083500000|100%|HC|  |TAMS 0x0000000083500000, 0x0000000083400000| Complete 
|  53|0x0000000083500000, 0x0000000083600000, 0x0000000083600000|100%|HC|  |TAMS 0x0000000083600000, 0x0000000083500000| Complete 
|  54|0x0000000083600000, 0x0000000083700000, 0x0000000083700000|100%|HC|  |TAMS 0x0000000083700000, 0x0000000083600000| Complete 
|  55|0x0000000083700000, 0x0000000083800000, 0x0000000083800000|100%|HC|  |TAMS 0x0000000083800000, 0x0000000083700000| Complete 
|  56|0x0000000083800000, 0x0000000083900000, 0x0000000083900000|100%|HC|  |TAMS 0x0000000083900000, 0x0000000083800000| Complete 
|  57|0x0000000083900000, 0x0000000083a00000, 0x0000000083a00000|100%| O|  |TAMS 0x0000000083a00000, 0x0000000083900000| Untracked 
|  58|0x0000000083a00000, 0x0000000083b00000, 0x0000000083b00000|100%| O|  |TAMS 0x0000000083b00000, 0x0000000083a00000| Untracked 
|  59|0x0000000083b00000, 0x0000000083c00000, 0x0000000083c00000|100%|HS|  |TAMS 0x0000000083c00000, 0x0000000083b00000| Complete 
|  60|0x0000000083c00000, 0x0000000083d00000, 0x0000000083d00000|100%|HC|  |TAMS 0x0000000083d00000, 0x0000000083c00000| Complete 
|  61|0x0000000083d00000, 0x0000000083e00000, 0x0000000083e00000|100%|HS|  |TAMS 0x0000000083e00000, 0x0000000083d00000| Complete 
|  62|0x0000000083e00000, 0x0000000083f00000, 0x0000000083f00000|100%|HC|  |TAMS 0x0000000083f00000, 0x0000000083e00000| Complete 
|  63|0x0000000083f00000, 0x0000000084000000, 0x0000000084000000|100%|HC|  |TAMS 0x0000000084000000, 0x0000000083f00000| Complete 
|  64|0x0000000084000000, 0x0000000084100000, 0x0000000084100000|100%|HS|  |TAMS 0x0000000084100000, 0x0000000084000000| Complete 
|  65|0x0000000084100000, 0x0000000084200000, 0x0000000084200000|100%|HC|  |TAMS 0x0000000084200000, 0x0000000084100000| Complete 
|  66|0x0000000084200000, 0x0000000084300000, 0x0000000084300000|100%| O|  |TAMS 0x0000000084300000, 0x0000000084200000| Untracked 
|  67|0x0000000084300000, 0x0000000084400000, 0x0000000084400000|100%| O|  |TAMS 0x0000000084400000, 0x0000000084300000| Untracked 
|  68|0x0000000084400000, 0x0000000084500000, 0x0000000084500000|100%| O|  |TAMS 0x0000000084500000, 0x0000000084400000| Untracked 
|  69|0x0000000084500000, 0x0000000084600000, 0x0000000084600000|100%| O|  |TAMS 0x0000000084600000, 0x0000000084500000| Untracked 
|  70|0x0000000084600000, 0x000000008467f000, 0x0000000084700000| 49%| O|  |TAMS 0x000000008467f000, 0x0000000084600000| Untracked 
|  71|0x0000000084700000, 0x0000000084700000, 0x0000000084800000|  0%| F|  |TAMS 0x0000000084700000, 0x0000000084700000| Untracked 
|  72|0x0000000084800000, 0x0000000084800000, 0x0000000084900000|  0%| F|  |TAMS 0x0000000084800000, 0x0000000084800000| Untracked 
|  73|0x0000000084900000, 0x0000000084900000, 0x0000000084a00000|  0%| F|  |TAMS 0x0000000084900000, 0x0000000084900000| Untracked 
|  74|0x0000000084a00000, 0x0000000084a00000, 0x0000000084b00000|  0%| F|  |TAMS 0x0000000084a00000, 0x0000000084a00000| Untracked 
|  75|0x0000000084b00000, 0x0000000084b00000, 0x0000000084c00000|  0%| F|  |TAMS 0x0000000084b00000, 0x0000000084b00000| Untracked 
|  76|0x0000000084c00000, 0x0000000084c00000, 0x0000000084d00000|  0%| F|  |TAMS 0x0000000084c00000, 0x0000000084c00000| Untracked 
|  77|0x0000000084d00000, 0x0000000084d00000, 0x0000000084e00000|  0%| F|  |TAMS 0x0000000084d00000, 0x0000000084d00000| Untracked 
|  78|0x0000000084e00000, 0x0000000084e00000, 0x0000000084f00000|  0%| F|  |TAMS 0x0000000084e00000, 0x0000000084e00000| Untracked 
|  79|0x0000000084f00000, 0x0000000084f00000, 0x0000000085000000|  0%| F|  |TAMS 0x0000000084f00000, 0x0000000084f00000| Untracked 
|  80|0x0000000085000000, 0x0000000085000000, 0x0000000085100000|  0%| F|  |TAMS 0x0000000085000000, 0x0000000085000000| Untracked 
|  81|0x0000000085100000, 0x0000000085100000, 0x0000000085200000|  0%| F|  |TAMS 0x0000000085100000, 0x0000000085100000| Untracked 
|  82|0x0000000085200000, 0x0000000085200000, 0x0000000085300000|  0%| F|  |TAMS 0x0000000085200000, 0x0000000085200000| Untracked 
|  83|0x0000000085300000, 0x0000000085300000, 0x0000000085400000|  0%| F|  |TAMS 0x0000000085300000, 0x0000000085300000| Untracked 
|  84|0x0000000085400000, 0x0000000085400000, 0x0000000085500000|  0%| F|  |TAMS 0x0000000085400000, 0x0000000085400000| Untracked 
|  85|0x0000000085500000, 0x0000000085500000, 0x0000000085600000|  0%| F|  |TAMS 0x0000000085500000, 0x0000000085500000| Untracked 
|  86|0x0000000085600000, 0x0000000085600000, 0x0000000085700000|  0%| F|  |TAMS 0x0000000085600000, 0x0000000085600000| Untracked 
|  87|0x0000000085700000, 0x0000000085700000, 0x0000000085800000|  0%| F|  |TAMS 0x0000000085700000, 0x0000000085700000| Untracked 
|  88|0x0000000085800000, 0x0000000085800000, 0x0000000085900000|  0%| F|  |TAMS 0x0000000085800000, 0x0000000085800000| Untracked 
|  89|0x0000000085900000, 0x0000000085900000, 0x0000000085a00000|  0%| F|  |TAMS 0x0000000085900000, 0x0000000085900000| Untracked 
|  90|0x0000000085a00000, 0x0000000085a00000, 0x0000000085b00000|  0%| F|  |TAMS 0x0000000085a00000, 0x0000000085a00000| Untracked 
|  91|0x0000000085b00000, 0x0000000085b00000, 0x0000000085c00000|  0%| F|  |TAMS 0x0000000085b00000, 0x0000000085b00000| Untracked 
|  92|0x0000000085c00000, 0x0000000085c00000, 0x0000000085d00000|  0%| F|  |TAMS 0x0000000085c00000, 0x0000000085c00000| Untracked 
|  93|0x0000000085d00000, 0x0000000085d00000, 0x0000000085e00000|  0%| F|  |TAMS 0x0000000085d00000, 0x0000000085d00000| Untracked 
|  94|0x0000000085e00000, 0x0000000085e00000, 0x0000000085f00000|  0%| F|  |TAMS 0x0000000085e00000, 0x0000000085e00000| Untracked 
|  95|0x0000000085f00000, 0x0000000085f00000, 0x0000000086000000|  0%| F|  |TAMS 0x0000000085f00000, 0x0000000085f00000| Untracked 
|  96|0x0000000086000000, 0x0000000086000000, 0x0000000086100000|  0%| F|  |TAMS 0x0000000086000000, 0x0000000086000000| Untracked 
|  97|0x0000000086100000, 0x0000000086100000, 0x0000000086200000|  0%| F|  |TAMS 0x0000000086100000, 0x0000000086100000| Untracked 
|  98|0x0000000086200000, 0x0000000086200000, 0x0000000086300000|  0%| F|  |TAMS 0x0000000086200000, 0x0000000086200000| Untracked 
|  99|0x0000000086300000, 0x0000000086300000, 0x0000000086400000|  0%| F|  |TAMS 0x0000000086300000, 0x0000000086300000| Untracked 
| 100|0x0000000086400000, 0x0000000086438580, 0x0000000086500000| 22%| S|CS|TAMS 0x0000000086400000, 0x0000000086400000| Complete 
| 101|0x0000000086500000, 0x0000000086600000, 0x0000000086600000|100%| S|CS|TAMS 0x0000000086500000, 0x0000000086500000| Complete 
| 102|0x0000000086600000, 0x0000000086600000, 0x0000000086700000|  0%| F|  |TAMS 0x0000000086600000, 0x0000000086600000| Untracked 
| 103|0x0000000086700000, 0x0000000086700000, 0x0000000086800000|  0%| F|  |TAMS 0x0000000086700000, 0x0000000086700000| Untracked 
| 104|0x0000000086800000, 0x0000000086800000, 0x0000000086900000|  0%| F|  |TAMS 0x0000000086800000, 0x0000000086800000| Untracked 
| 105|0x0000000086900000, 0x0000000086900000, 0x0000000086a00000|  0%| F|  |TAMS 0x0000000086900000, 0x0000000086900000| Untracked 
| 106|0x0000000086a00000, 0x0000000086a00000, 0x0000000086b00000|  0%| F|  |TAMS 0x0000000086a00000, 0x0000000086a00000| Untracked 
| 107|0x0000000086b00000, 0x0000000086b00000, 0x0000000086c00000|  0%| F|  |TAMS 0x0000000086b00000, 0x0000000086b00000| Untracked 
| 108|0x0000000086c00000, 0x0000000086c00000, 0x0000000086d00000|  0%| F|  |TAMS 0x0000000086c00000, 0x0000000086c00000| Untracked 
| 109|0x0000000086d00000, 0x0000000086d00000, 0x0000000086e00000|  0%| F|  |TAMS 0x0000000086d00000, 0x0000000086d00000| Untracked 
| 110|0x0000000086e00000, 0x0000000086e00000, 0x0000000086f00000|  0%| F|  |TAMS 0x0000000086e00000, 0x0000000086e00000| Untracked 
| 111|0x0000000086f00000, 0x0000000086f00000, 0x0000000087000000|  0%| F|  |TAMS 0x0000000086f00000, 0x0000000086f00000| Untracked 
| 112|0x0000000087000000, 0x0000000087000000, 0x0000000087100000|  0%| F|  |TAMS 0x0000000087000000, 0x0000000087000000| Untracked 
| 113|0x0000000087100000, 0x0000000087150c28, 0x0000000087200000| 31%| E|  |TAMS 0x0000000087100000, 0x0000000087100000| Complete 
| 114|0x0000000087200000, 0x0000000087300000, 0x0000000087300000|100%| E|CS|TAMS 0x0000000087200000, 0x0000000087200000| Complete 
| 115|0x0000000087300000, 0x0000000087400000, 0x0000000087400000|100%| E|CS|TAMS 0x0000000087300000, 0x0000000087300000| Complete 
| 116|0x0000000087400000, 0x0000000087500000, 0x0000000087500000|100%| E|CS|TAMS 0x0000000087400000, 0x0000000087400000| Complete 
| 117|0x0000000087500000, 0x0000000087600000, 0x0000000087600000|100%| E|CS|TAMS 0x0000000087500000, 0x0000000087500000| Complete 

Card table byte_map: [0x0000020d3bec0000,0x0000020d3c2c0000] _byte_map_base: 0x0000020d3bac0000

Marking Bits (Prev, Next): (CMBitMap*) 0x0000020d28ed9bb8, (CMBitMap*) 0x0000020d28ed9bf0
 Prev Bits: [0x0000020d3c6c0000, 0x0000020d3e6c0000)
 Next Bits: [0x0000020d3e6c0000, 0x0000020d406c0000)

Polling page: 0x0000020d26e40000

Metaspace:

Usage:
  Non-class:     40.70 MB capacity,    39.92 MB ( 98%) used,   667.48 KB (  2%) free+waste,   121.81 KB ( <1%) overhead. 
      Class:      6.20 MB capacity,     5.76 MB ( 93%) used,   396.09 KB (  6%) free+waste,    59.19 KB ( <1%) overhead. 
       Both:     46.90 MB capacity,    45.68 MB ( 97%) used,     1.04 MB (  2%) free+waste,   181.00 KB ( <1%) overhead. 

Virtual space:
  Non-class space:       42.00 MB reserved,      40.83 MB ( 97%) committed 
      Class space:        1.00 GB reserved,       6.25 MB ( <1%) committed 
             Both:        1.04 GB reserved,      47.08 MB (  4%) committed 

Chunk freelists:
   Non-Class:  8.00 KB
       Class:  16.00 KB
        Both:  24.00 KB

MaxMetaspaceSize: 17179869184.00 GB
CompressedClassSpaceSize: 1.00 GB
Initial GC threshold: 20.80 MB
Current GC threshold: 77.63 MB
CDS: off

CodeHeap 'non-profiled nmethods': size=120064Kb used=2113Kb max_used=2113Kb free=117950Kb
 bounds [0x0000020d34470000, 0x0000020d346e0000, 0x0000020d3b9b0000]
CodeHeap 'profiled nmethods': size=120000Kb used=9042Kb max_used=9042Kb free=110957Kb
 bounds [0x0000020d2cf40000, 0x0000020d2d820000, 0x0000020d34470000]
CodeHeap 'non-nmethods': size=5696Kb used=2289Kb max_used=2328Kb free=3406Kb
 bounds [0x0000020d2c9b0000, 0x0000020d2cc20000, 0x0000020d2cf40000]
 total_blobs=5029 nmethods=4242 adapters=699
 compilation: enabled
              stopped_count=0, restarted_count=0
 full_count=0

Compilation events (20 events):
Event: 14.023 Thread 0x0000020d43879000 nmethod 4251 0x0000020d2d7fcb90 code [0x0000020d2d7fcde0, 0x0000020d2d7fd728]
Event: 14.023 Thread 0x0000020d43879000 4250       3       sun.reflect.generics.scope.AbstractScope::lookup (66 bytes)
Event: 14.023 Thread 0x0000020d43879000 nmethod 4250 0x0000020d2d7fd990 code [0x0000020d2d7fdbc0, 0x0000020d2d7fe368]
Event: 14.024 Thread 0x0000020d43879000 4252       3       sun.reflect.generics.repository.ConstructorRepository::computeParameterTypes (62 bytes)
Event: 14.025 Thread 0x0000020d43879000 nmethod 4252 0x0000020d2d7fe610 code [0x0000020d2d7fe840, 0x0000020d2d7ff208]
Event: 14.026 Thread 0x0000020d43879000 4253       3       java.beans.FeatureDescriptor::<init> (137 bytes)
Event: 14.027 Thread 0x0000020d43879000 nmethod 4253 0x0000020d2d7ff510 code [0x0000020d2d7ff7c0, 0x0000020d2d8005b8]
Event: 14.027 Thread 0x0000020d43879000 4254       3       java.util.Collections$UnmodifiableSet::<init> (6 bytes)
Event: 14.027 Thread 0x0000020d43879000 nmethod 4254 0x0000020d2d800910 code [0x0000020d2d800ae0, 0x0000020d2d800de8]
Event: 14.028 Thread 0x0000020d43879000 4255       3       java.lang.Class::getEnclosingMethodInfo (20 bytes)
Event: 14.029 Thread 0x0000020d43879000 nmethod 4255 0x0000020d2d800f10 code [0x0000020d2d8010e0, 0x0000020d2d8012f8]
Event: 14.029 Thread 0x0000020d43879000 4256       3       java.lang.Class::getEnclosingClass (69 bytes)
Event: 14.029 Thread 0x0000020d43879000 nmethod 4256 0x0000020d2d801410 code [0x0000020d2d801660, 0x0000020d2d801cf8]
Event: 14.033 Thread 0x0000020d43879000 4257       3       sun.reflect.generics.reflectiveObjects.LazyReflectiveObjectGenerator::getReifier (8 bytes)
Event: 14.033 Thread 0x0000020d43879000 nmethod 4257 0x0000020d2d801f90 code [0x0000020d2d802160, 0x0000020d2d802438]
Event: 14.033 Thread 0x0000020d43879000 4258   !   3       java.beans.PropertyDescriptor::findPropertyType (144 bytes)
Event: 14.036 Thread 0x0000020d43879000 nmethod 4258 0x0000020d2d802590 code [0x0000020d2d802c00, 0x0000020d2d806188]
Event: 14.036 Thread 0x0000020d43879000 4259       3       com.sun.beans.TypeResolver::prepare (234 bytes)
Event: 14.038 Thread 0x0000020d43879000 nmethod 4259 0x0000020d2d807d10 code [0x0000020d2d808180, 0x0000020d2d80a7b8]
Event: 14.038 Thread 0x0000020d43879000 4260       3       java.util.Spliterators::checkFromToBounds (74 bytes)

GC Heap History (20 events):
Event: 11.396 GC heap before
{Heap before GC invocations=7 (full 0):
 garbage-first heap   total 120832K, used 80779K [0x0000000080000000, 0x0000000100000000)
  region size 1024K, 48 young (49152K), 7 survivors (7168K)
 Metaspace       used 34103K, capacity 35047K, committed 35120K, reserved 1079296K
  class space    used 4591K, capacity 4941K, committed 4992K, reserved 1048576K
}
Event: 11.402 GC heap after
{Heap after GC invocations=8 (full 0):
 garbage-first heap   total 120832K, used 40676K [0x0000000080000000, 0x0000000100000000)
  region size 1024K, 2 young (2048K), 2 survivors (2048K)
 Metaspace       used 34103K, capacity 35047K, committed 35120K, reserved 1079296K
  class space    used 4591K, capacity 4941K, committed 4992K, reserved 1048576K
}
Event: 11.492 GC heap before
{Heap before GC invocations=8 (full 0):
 garbage-first heap   total 120832K, used 43748K [0x0000000080000000, 0x0000000100000000)
  region size 1024K, 6 young (6144K), 2 survivors (2048K)
 Metaspace       used 34828K, capacity 35795K, committed 35920K, reserved 1081344K
  class space    used 4668K, capacity 5042K, committed 5120K, reserved 1048576K
}
Event: 11.495 GC heap after
{Heap after GC invocations=9 (full 0):
 garbage-first heap   total 120832K, used 41277K [0x0000000080000000, 0x0000000100000000)
  region size 1024K, 3 young (3072K), 3 survivors (3072K)
 Metaspace       used 34828K, capacity 35795K, committed 35920K, reserved 1081344K
  class space    used 4668K, capacity 5042K, committed 5120K, reserved 1048576K
}
Event: 12.008 GC heap before
{Heap before GC invocations=10 (full 0):
 garbage-first heap   total 120832K, used 76093K [0x0000000080000000, 0x0000000100000000)
  region size 1024K, 38 young (38912K), 3 survivors (3072K)
 Metaspace       used 39855K, capacity 40998K, committed 41296K, reserved 1085440K
  class space    used 5139K, capacity 5580K, committed 5632K, reserved 1048576K
}
Event: 12.013 GC heap after
{Heap after GC invocations=11 (full 0):
 garbage-first heap   total 120832K, used 44853K [0x0000000080000000, 0x0000000100000000)
  region size 1024K, 5 young (5120K), 5 survivors (5120K)
 Metaspace       used 39855K, capacity 40998K, committed 41296K, reserved 1085440K
  class space    used 5139K, capacity 5580K, committed 5632K, reserved 1048576K
}
Event: 12.997 GC heap before
{Heap before GC invocations=11 (full 0):
 garbage-first heap   total 120832K, used 84789K [0x0000000080000000, 0x0000000100000000)
  region size 1024K, 41 young (41984K), 5 survivors (5120K)
 Metaspace       used 43356K, capacity 44474K, committed 44752K, reserved 1087488K
  class space    used 5525K, capacity 5969K, committed 6016K, reserved 1048576K
}
Event: 13.002 GC heap after
{Heap after GC invocations=12 (full 0):
 garbage-first heap   total 120832K, used 47077K [0x0000000080000000, 0x0000000100000000)
  region size 1024K, 5 young (5120K), 5 survivors (5120K)
 Metaspace       used 43356K, capacity 44474K, committed 44752K, reserved 1087488K
  class space    used 5525K, capacity 5969K, committed 6016K, reserved 1048576K
}
Event: 13.317 GC heap before
{Heap before GC invocations=12 (full 0):
 garbage-first heap   total 120832K, used 64485K [0x0000000080000000, 0x0000000100000000)
  region size 1024K, 20 young (20480K), 5 survivors (5120K)
 Metaspace       used 44258K, capacity 45429K, committed 45648K, reserved 1089536K
  class space    used 5656K, capacity 6110K, committed 6144K, reserved 1048576K
}
Event: 13.324 GC heap after
{Heap after GC invocations=13 (full 0):
 garbage-first heap   total 120832K, used 51851K [0x0000000080000000, 0x0000000100000000)
  region size 1024K, 4 young (4096K), 4 survivors (4096K)
 Metaspace       used 44258K, capacity 45429K, committed 45648K, reserved 1089536K
  class space    used 5656K, capacity 6110K, committed 6144K, reserved 1048576K
}
Event: 13.412 GC heap before
{Heap before GC invocations=14 (full 0):
 garbage-first heap   total 120832K, used 62091K [0x0000000080000000, 0x0000000100000000)
  region size 1024K, 5 young (5120K), 4 survivors (4096K)
 Metaspace       used 44258K, capacity 45429K, committed 45648K, reserved 1089536K
  class space    used 5656K, capacity 6110K, committed 6144K, reserved 1048576K
}
Event: 13.416 GC heap after
{Heap after GC invocations=15 (full 0):
 garbage-first heap   total 120832K, used 62247K [0x0000000080000000, 0x0000000100000000)
  region size 1024K, 2 young (2048K), 2 survivors (2048K)
 Metaspace       used 44258K, capacity 45429K, committed 45648K, reserved 1089536K
  class space    used 5656K, capacity 6110K, committed 6144K, reserved 1048576K
}
Event: 13.476 GC heap before
{Heap before GC invocations=16 (full 0):
 garbage-first heap   total 120832K, used 64295K [0x0000000080000000, 0x0000000100000000)
  region size 1024K, 3 young (3072K), 2 survivors (2048K)
 Metaspace       used 44258K, capacity 45429K, committed 45648K, reserved 1089536K
  class space    used 5656K, capacity 6110K, committed 6144K, reserved 1048576K
}
Event: 13.478 GC heap after
{Heap after GC invocations=17 (full 0):
 garbage-first heap   total 120832K, used 64277K [0x0000000080000000, 0x0000000100000000)
  region size 1024K, 2 young (2048K), 2 survivors (2048K)
 Metaspace       used 44258K, capacity 45429K, committed 45648K, reserved 1089536K
  class space    used 5656K, capacity 6110K, committed 6144K, reserved 1048576K
}
Event: 13.814 GC heap before
{Heap before GC invocations=18 (full 0):
 garbage-first heap   total 120832K, used 89877K [0x0000000080000000, 0x0000000100000000)
  region size 1024K, 23 young (23552K), 2 survivors (2048K)
 Metaspace       used 45294K, capacity 46503K, committed 46672K, reserved 1089536K
  class space    used 5796K, capacity 6273K, committed 6400K, reserved 1048576K
}
Event: 13.817 GC heap after
{Heap after GC invocations=19 (full 0):
 garbage-first heap   total 120832K, used 72074K [0x0000000080000000, 0x0000000100000000)
  region size 1024K, 3 young (3072K), 3 survivors (3072K)
 Metaspace       used 45294K, capacity 46503K, committed 46672K, reserved 1089536K
  class space    used 5796K, capacity 6273K, committed 6400K, reserved 1048576K
}
Event: 13.845 GC heap before
{Heap before GC invocations=19 (full 0):
 garbage-first heap   total 120832K, used 73098K [0x0000000080000000, 0x0000000100000000)
  region size 1024K, 6 young (6144K), 3 survivors (3072K)
 Metaspace       used 45488K, capacity 46759K, committed 46928K, reserved 1089536K
  class space    used 5805K, capacity 6273K, committed 6400K, reserved 1048576K
}
Event: 13.848 GC heap after
{Heap after GC invocations=20 (full 0):
 garbage-first heap   total 120832K, used 73018K [0x0000000080000000, 0x0000000100000000)
  region size 1024K, 1 young (1024K), 1 survivors (1024K)
 Metaspace       used 45488K, capacity 46759K, committed 46928K, reserved 1089536K
  class space    used 5805K, capacity 6273K, committed 6400K, reserved 1048576K
}
Event: 14.014 GC heap before
{Heap before GC invocations=21 (full 0):
 garbage-first heap   total 120832K, used 89402K [0x0000000080000000, 0x0000000100000000)
  region size 1024K, 16 young (16384K), 1 survivors (1024K)
 Metaspace       used 46619K, capacity 47864K, committed 47952K, reserved 1091584K
  class space    used 5859K, capacity 6320K, committed 6400K, reserved 1048576K
}
Event: 14.017 GC heap after
{Heap after GC invocations=22 (full 0):
 garbage-first heap   total 120832K, used 73437K [0x0000000080000000, 0x0000000100000000)
  region size 1024K, 2 young (2048K), 2 survivors (2048K)
 Metaspace       used 46619K, capacity 47864K, committed 47952K, reserved 1091584K
  class space    used 5859K, capacity 6320K, committed 6400K, reserved 1048576K
}

Deoptimization events (20 events):
Event: 13.537 Thread 0x0000020d45a3c800 DEOPT PACKING pc=0x0000020d34547dbc sp=0x00000051870f76c0
Event: 13.537 Thread 0x0000020d45a3c800 DEOPT UNPACKING pc=0x0000020d2c9fa1af sp=0x00000051870f7590 mode 2
Event: 13.581 Thread 0x0000020d45a3c800 Uncommon trap: trap_request=0xffffff4d fr.pc=0x0000020d3464cd68 relative=0x0000000000004888
Event: 13.581 Thread 0x0000020d45a3c800 Uncommon trap: reason=unstable_if action=reinterpret pc=0x0000020d3464cd68 method=java.lang.ClassLoader.checkCerts(Ljava/lang/String;Ljava/security/CodeSource;)V @ 29 c2
Event: 13.581 Thread 0x0000020d45a3c800 DEOPT PACKING pc=0x0000020d3464cd68 sp=0x00000051870f6c50
Event: 13.581 Thread 0x0000020d45a3c800 DEOPT UNPACKING pc=0x0000020d2c9fa1af sp=0x00000051870f6b70 mode 2
Event: 13.818 Thread 0x0000020d45a3c800 Uncommon trap: trap_request=0xffffff4d fr.pc=0x0000020d344cf3bc relative=0x000000000000055c
Event: 13.818 Thread 0x0000020d45a3c800 Uncommon trap: reason=unstable_if action=reinterpret pc=0x0000020d344cf3bc method=java.util.jar.Manifest$FastInputStream.readLine([BII)I @ 130 c2
Event: 13.818 Thread 0x0000020d45a3c800 DEOPT PACKING pc=0x0000020d344cf3bc sp=0x00000051870f4f30
Event: 13.818 Thread 0x0000020d45a3c800 DEOPT UNPACKING pc=0x0000020d2c9fa1af sp=0x00000051870f4ec0 mode 2
Event: 13.895 Thread 0x0000020d45a3c800 DEOPT PACKING pc=0x0000020d2d003c1b sp=0x00000051870f9a20
Event: 13.895 Thread 0x0000020d45a3c800 DEOPT UNPACKING pc=0x0000020d2c9fa95e sp=0x00000051870f8f60 mode 0
Event: 13.940 Thread 0x0000020d45a3c800 Uncommon trap: trap_request=0xffffff4d fr.pc=0x0000020d34548b50 relative=0x00000000000001f0
Event: 13.940 Thread 0x0000020d45a3c800 Uncommon trap: reason=unstable_if action=reinterpret pc=0x0000020d34548b50 method=java.util.HashMap.putVal(ILjava/lang/Object;Ljava/lang/Object;ZZ)Ljava/lang/Object; @ 162 c2
Event: 13.940 Thread 0x0000020d45a3c800 DEOPT PACKING pc=0x0000020d34548b50 sp=0x00000051870f9af0
Event: 13.940 Thread 0x0000020d45a3c800 DEOPT UNPACKING pc=0x0000020d2c9fa1af sp=0x00000051870f9a70 mode 2
Event: 13.951 Thread 0x0000020d45a3c800 Uncommon trap: trap_request=0xffffffcc fr.pc=0x0000020d3467d89c relative=0x00000000000011fc
Event: 13.952 Thread 0x0000020d45a3c800 Uncommon trap: reason=intrinsic_or_type_checked_inlining action=make_not_entrant pc=0x0000020d3467d89c method=java.util.ArrayList.toArray([Ljava/lang/Object;)[Ljava/lang/Object; @ 36 c2
Event: 13.952 Thread 0x0000020d45a3c800 DEOPT PACKING pc=0x0000020d3467d89c sp=0x00000051870fa050
Event: 13.952 Thread 0x0000020d45a3c800 DEOPT UNPACKING pc=0x0000020d2c9fa1af sp=0x00000051870f9fa8 mode 2

Classes redefined (0 events):
No events

Internal exceptions (20 events):
Event: 13.975 Thread 0x0000020d45a3c800 Exception <a 'java/lang/ClassNotFoundException'{0x0000000086d8fd28}: org/gradle/initialization/DefaultSettingsCustomizer> (0x0000000086d8fd28) thrown at [src/hotspot/share/classfile/systemDictionary.cpp, line 230]
Event: 13.978 Thread 0x0000020d45a3c800 Exception <a 'java/lang/ClassNotFoundException'{0x0000000086de73a8}: org/gradle/initialization/DefaultSettings_DecoratedCustomizer> (0x0000000086de73a8) thrown at [src/hotspot/share/classfile/systemDictionary.cpp, line 230]
Event: 13.990 Thread 0x0000020d45a3c800 Exception <a 'java/lang/ClassNotFoundException'{0x0000000086b16748}: org/gradle/plugin/management/internal/DefaultPluginManagementSpec_DecoratedBeanInfo> (0x0000000086b16748) thrown at [src/hotspot/share/classfile/systemDictionary.cpp, line 230]
Event: 13.990 Thread 0x0000020d45a3c800 Exception <a 'java/lang/ClassNotFoundException'{0x0000000086b51518}: org/gradle/plugin/management/internal/DefaultPluginManagementSpecBeanInfo> (0x0000000086b51518) thrown at [src/hotspot/share/classfile/systemDictionary.cpp, line 230]
Event: 13.991 Thread 0x0000020d45a3c800 Exception <a 'java/lang/ClassNotFoundException'{0x0000000086b8e480}: org/gradle/plugin/management/internal/DefaultPluginManagementSpecCustomizer> (0x0000000086b8e480) thrown at [src/hotspot/share/classfile/systemDictionary.cpp, line 230]
Event: 13.993 Thread 0x0000020d45a3c800 Exception <a 'java/lang/ClassNotFoundException'{0x0000000086bdee70}: org/gradle/plugin/management/internal/DefaultPluginManagementSpec_DecoratedCustomizer> (0x0000000086bdee70) thrown at [src/hotspot/share/classfile/systemDictionary.cpp, line 230]
Event: 14.013 Thread 0x0000020d45a3c800 Exception <a 'java/lang/ClassNotFoundException'{0x000000008666e018}: org/gradle/api/internal/artifacts/dsl/DefaultRepositoryHandler_DecoratedBeanInfo> (0x000000008666e018) thrown at [src/hotspot/share/classfile/systemDictionary.cpp, line 230]
Event: 14.013 Thread 0x0000020d45a3c800 Exception <a 'java/lang/ClassNotFoundException'{0x00000000866aaaf8}: org/gradle/api/internal/artifacts/dsl/DefaultRepositoryHandlerBeanInfo> (0x00000000866aaaf8) thrown at [src/hotspot/share/classfile/systemDictionary.cpp, line 230]
Event: 14.014 Thread 0x0000020d45a3c800 Exception <a 'java/lang/ClassNotFoundException'{0x00000000866ea788}: org/gradle/api/internal/artifacts/DefaultArtifactRepositoryContainerBeanInfo> (0x00000000866ea788) thrown at [src/hotspot/share/classfile/systemDictionary.cpp, line 230]
Event: 14.018 Thread 0x0000020d45a3c800 Exception <a 'java/lang/ClassNotFoundException'{0x00000000875193f8}: org/gradle/api/internal/DefaultNamedDomainObjectListBeanInfo> (0x00000000875193f8) thrown at [src/hotspot/share/classfile/systemDictionary.cpp, line 230]
Event: 14.019 Thread 0x0000020d45a3c800 Exception <a 'java/lang/ClassNotFoundException'{0x0000000087548758}: org/gradle/api/internal/DefaultNamedDomainObjectCollectionBeanInfo> (0x0000000087548758) thrown at [src/hotspot/share/classfile/systemDictionary.cpp, line 230]
Event: 14.020 Thread 0x0000020d45a3c800 Exception <a 'java/lang/ClassNotFoundException'{0x0000000087576aa8}: org/gradle/api/internal/DefaultDomainObjectCollectionBeanInfo> (0x0000000087576aa8) thrown at [src/hotspot/share/classfile/systemDictionary.cpp, line 230]
Event: 14.020 Thread 0x0000020d45a3c800 Exception <a 'java/lang/ClassNotFoundException'{0x000000008757da28}: java/util/AbstractCollectionBeanInfo> (0x000000008757da28) thrown at [src/hotspot/share/classfile/systemDictionary.cpp, line 230]
Event: 14.020 Thread 0x0000020d45a3c800 Exception <a 'java/lang/ClassNotFoundException'{0x0000000087584978}: java/util/AbstractCollectionCustomizer> (0x0000000087584978) thrown at [src/hotspot/share/classfile/systemDictionary.cpp, line 230]
Event: 14.022 Thread 0x0000020d45a3c800 Exception <a 'java/lang/ClassNotFoundException'{0x00000000875bc130}: org/gradle/api/internal/DefaultDomainObjectCollectionCustomizer> (0x00000000875bc130) thrown at [src/hotspot/share/classfile/systemDictionary.cpp, line 230]
Event: 14.024 Thread 0x0000020d45a3c800 Exception <a 'java/lang/ClassNotFoundException'{0x0000000087409150}: org/gradle/api/internal/DefaultNamedDomainObjectCollectionCustomizer> (0x0000000087409150) thrown at [src/hotspot/share/classfile/systemDictionary.cpp, line 230]
Event: 14.028 Thread 0x0000020d45a3c800 Exception <a 'java/lang/ClassNotFoundException'{0x000000008747d458}: org/gradle/api/internal/DefaultNamedDomainObjectListCustomizer> (0x000000008747d458) thrown at [src/hotspot/share/classfile/systemDictionary.cpp, line 230]
Event: 14.030 Thread 0x0000020d45a3c800 Exception <a 'java/lang/ClassNotFoundException'{0x00000000874d6568}: org/gradle/api/internal/artifacts/DefaultArtifactRepositoryContainerCustomizer> (0x00000000874d6568) thrown at [src/hotspot/share/classfile/systemDictionary.cpp, line 230]
Event: 14.032 Thread 0x0000020d45a3c800 Exception <a 'java/lang/ClassNotFoundException'{0x0000000087324b00}: org/gradle/api/internal/artifacts/dsl/DefaultRepositoryHandlerCustomizer> (0x0000000087324b00) thrown at [src/hotspot/share/classfile/systemDictionary.cpp, line 230]
Event: 14.035 Thread 0x0000020d45a3c800 Exception <a 'java/lang/ClassNotFoundException'{0x0000000087386600}: org/gradle/api/internal/artifacts/dsl/DefaultRepositoryHandler_DecoratedCustomizer> (0x0000000087386600) thrown at [src/hotspot/share/classfile/systemDictionary.cpp, line 230]

Events (20 events):
Event: 14.031 loading class org/gradle/api/internal/artifacts/dsl/DefaultRepositoryHandlerCustomizer
Event: 14.031 loading class org/gradle/api/internal/artifacts/dsl/DefaultRepositoryHandlerCustomizer done
Event: 14.031 loading class org/gradle/api/internal/artifacts/dsl/DefaultRepositoryHandlerCustomizer
Event: 14.031 loading class org/gradle/api/internal/artifacts/dsl/DefaultRepositoryHandlerCustomizer done
Event: 14.032 loading class org/gradle/api/internal/artifacts/dsl/DefaultRepositoryHandlerCustomizer
Event: 14.032 loading class org/gradle/api/internal/artifacts/dsl/DefaultRepositoryHandlerCustomizer done
Event: 14.032 loading class org/gradle/api/artifacts/repositories/ExclusiveContentRepository
Event: 14.032 loading class org/gradle/api/artifacts/repositories/ExclusiveContentRepository done
Event: 14.033 loading class org/gradle/api/internal/artifacts/dsl/DefaultRepositoryHandler_DecoratedCustomizer
Event: 14.033 loading class org/gradle/api/internal/artifacts/dsl/DefaultRepositoryHandler_DecoratedCustomizer done
Event: 14.034 loading class org/gradle/api/internal/artifacts/dsl/DefaultRepositoryHandler_DecoratedCustomizer
Event: 14.034 loading class org/gradle/api/internal/artifacts/dsl/DefaultRepositoryHandler_DecoratedCustomizer done
Event: 14.034 loading class org/gradle/api/internal/artifacts/dsl/DefaultRepositoryHandler_DecoratedCustomizer
Event: 14.034 loading class org/gradle/api/internal/artifacts/dsl/DefaultRepositoryHandler_DecoratedCustomizer done
Event: 14.035 loading class org/gradle/api/internal/artifacts/dsl/DefaultRepositoryHandler_DecoratedCustomizer
Event: 14.035 loading class org/gradle/api/internal/artifacts/dsl/DefaultRepositoryHandler_DecoratedCustomizer done
Event: 14.037 loading class org/gradle/api/internal/artifacts/repositories/DefaultBaseRepositoryFactory$NamedMavenRepositoryDescriber
Event: 14.037 loading class org/gradle/api/internal/artifacts/repositories/DefaultBaseRepositoryFactory$NamedMavenRepositoryDescriber done
Event: 14.039 loading class org/gradle/api/internal/artifacts/repositories/DefaultMavenArtifactRepository
Event: 14.039 loading class org/gradle/api/internal/artifacts/repositories/DefaultMavenArtifactRepository done


Dynamic libraries:
0x00007ff6d6330000 - 0x00007ff6d633a000 	D:\FongAndroid\jbr\bin\java.exe
0x00007ffb6ae30000 - 0x00007ffb6b047000 	C:\WINDOWS\SYSTEM32\ntdll.dll
0x00007ffb69f90000 - 0x00007ffb6a054000 	C:\WINDOWS\System32\KERNEL32.DLL
0x00007ffb68760000 - 0x00007ffb68b06000 	C:\WINDOWS\System32\KERNELBASE.dll
0x00007ffb682f0000 - 0x00007ffb68401000 	C:\WINDOWS\System32\ucrtbase.dll
0x00007ffb5d9b0000 - 0x00007ffb5d9c7000 	D:\FongAndroid\jbr\bin\jli.dll
0x00007ffb6aac0000 - 0x00007ffb6ac6e000 	C:\WINDOWS\System32\USER32.dll
0x00007ffb68170000 - 0x00007ffb68196000 	C:\WINDOWS\System32\win32u.dll
0x00007ffb6a300000 - 0x00007ffb6a329000 	C:\WINDOWS\System32\GDI32.dll
0x00007ffb684d0000 - 0x00007ffb685e8000 	C:\WINDOWS\System32\gdi32full.dll
0x00007ffb68250000 - 0x00007ffb682ea000 	C:\WINDOWS\System32\msvcp_win.dll
0x00007ffb5d990000 - 0x00007ffb5d9ab000 	D:\FongAndroid\jbr\bin\VCRUNTIME140.dll
0x00007ffb4c840000 - 0x00007ffb4cad3000 	C:\WINDOWS\WinSxS\amd64_microsoft.windows.common-controls_6595b64144ccf1df_6.0.22621.2506_none_270c5ae97388e100\COMCTL32.dll
0x00007ffb6a4d0000 - 0x00007ffb6a577000 	C:\WINDOWS\System32\msvcrt.dll
0x00007ffb6a880000 - 0x00007ffb6a8b1000 	C:\WINDOWS\System32\IMM32.DLL
0x00007ffb5a5f0000 - 0x00007ffb5a67d000 	D:\FongAndroid\jbr\bin\msvcp140.dll
0x00007ffb52580000 - 0x00007ffb5258c000 	C:\WINDOWS\SYSTEM32\VCRUNTIME140_1.dll
0x00007ffaea400000 - 0x00007ffaeafbc000 	D:\FongAndroid\jbr\bin\server\jvm.dll
0x00007ffb69400000 - 0x00007ffb694b3000 	C:\WINDOWS\System32\ADVAPI32.dll
0x00007ffb69ee0000 - 0x00007ffb69f88000 	C:\WINDOWS\System32\sechost.dll
0x00007ffb681a0000 - 0x00007ffb681c8000 	C:\WINDOWS\System32\bcrypt.dll
0x00007ffb6a8c0000 - 0x00007ffb6a9d7000 	C:\WINDOWS\System32\RPCRT4.dll
0x00007ffb69e30000 - 0x00007ffb69e38000 	C:\WINDOWS\System32\PSAPI.DLL
0x00007ffb3f250000 - 0x00007ffb3f259000 	C:\WINDOWS\SYSTEM32\WSOCK32.dll
0x00007ffb6a9e0000 - 0x00007ffb6aa51000 	C:\WINDOWS\System32\WS2_32.dll
0x00007ffb615d0000 - 0x00007ffb61604000 	C:\WINDOWS\SYSTEM32\WINMM.dll
0x00007ffb5f840000 - 0x00007ffb5f84a000 	C:\WINDOWS\SYSTEM32\VERSION.dll
0x00007ffb671b0000 - 0x00007ffb671c8000 	C:\WINDOWS\SYSTEM32\kernel.appcore.dll
0x00007ffb3ed90000 - 0x00007ffb3eda0000 	D:\FongAndroid\jbr\bin\verify.dll
0x00007ffb65b80000 - 0x00007ffb65db3000 	C:\WINDOWS\SYSTEM32\DBGHELP.DLL
0x00007ffb69070000 - 0x00007ffb693f9000 	C:\WINDOWS\System32\combase.dll
0x00007ffb6a220000 - 0x00007ffb6a2f7000 	C:\WINDOWS\System32\OLEAUT32.dll
0x00007ffb52650000 - 0x00007ffb52682000 	C:\WINDOWS\SYSTEM32\dbgcore.DLL
0x00007ffb681d0000 - 0x00007ffb6824a000 	C:\WINDOWS\System32\bcryptPrimitives.dll
0x00007ffb2c1e0000 - 0x00007ffb2c208000 	D:\FongAndroid\jbr\bin\java.dll
0x00007ffb3d3c0000 - 0x00007ffb3d3ca000 	D:\FongAndroid\jbr\bin\jimage.dll
0x00007ffb2aa80000 - 0x00007ffb2aa98000 	D:\FongAndroid\jbr\bin\zip.dll
0x00007ffb695d0000 - 0x00007ffb69e2b000 	C:\WINDOWS\System32\SHELL32.dll
0x00007ffb660d0000 - 0x00007ffb669c6000 	C:\WINDOWS\SYSTEM32\windows.storage.dll
0x00007ffb65f90000 - 0x00007ffb660ce000 	C:\WINDOWS\SYSTEM32\wintypes.dll
0x00007ffb6acf0000 - 0x00007ffb6ade3000 	C:\WINDOWS\System32\SHCORE.dll
0x00007ffb6a440000 - 0x00007ffb6a49e000 	C:\WINDOWS\System32\shlwapi.dll
0x00007ffb680a0000 - 0x00007ffb680c6000 	C:\WINDOWS\SYSTEM32\profapi.dll
0x00007ffb10790000 - 0x00007ffb107a9000 	D:\FongAndroid\jbr\bin\net.dll
0x00007ffb62330000 - 0x00007ffb62467000 	C:\WINDOWS\SYSTEM32\WINHTTP.dll
0x00007ffb67630000 - 0x00007ffb67699000 	C:\WINDOWS\system32\mswsock.dll
0x00007ffb10030000 - 0x00007ffb10043000 	D:\FongAndroid\jbr\bin\nio.dll
0x00007ffb63180000 - 0x00007ffb631a7000 	C:\Users\HI\.gradle\native\e1d6ef7f7dcc3fd88c89a11ec53ec762bb8ba0a96d01ffa2cd45eb1d1d8dd5c5\windows-amd64\native-platform.dll
0x00007ffb56fd0000 - 0x00007ffb57114000 	C:\Users\HI\.gradle\native\0d407fdbe67a94daf76414ababcb853783967236a71b16ec16e742cd7a986fd3\windows-amd64\native-platform-file-events.dll
0x00007ffb3b420000 - 0x00007ffb3b42a000 	D:\FongAndroid\jbr\bin\management.dll
0x00007ffb37e90000 - 0x00007ffb37e9b000 	D:\FongAndroid\jbr\bin\management_ext.dll
0x00007ffb67890000 - 0x00007ffb678ab000 	C:\WINDOWS\SYSTEM32\CRYPTSP.dll
0x00007ffb67110000 - 0x00007ffb67145000 	C:\WINDOWS\system32\rsaenh.dll
0x00007ffb67720000 - 0x00007ffb6774c000 	C:\WINDOWS\SYSTEM32\USERENV.dll
0x00007ffb67880000 - 0x00007ffb6788c000 	C:\WINDOWS\SYSTEM32\CRYPTBASE.dll
0x00007ffb66c30000 - 0x00007ffb66c5d000 	C:\WINDOWS\SYSTEM32\IPHLPAPI.DLL
0x00007ffb6a430000 - 0x00007ffb6a439000 	C:\WINDOWS\System32\NSI.dll
0x00007ffb62640000 - 0x00007ffb62659000 	C:\WINDOWS\SYSTEM32\dhcpcsvc6.DLL
0x00007ffb61eb0000 - 0x00007ffb61ecf000 	C:\WINDOWS\SYSTEM32\dhcpcsvc.DLL
0x00007ffb66ca0000 - 0x00007ffb66d99000 	C:\WINDOWS\SYSTEM32\DNSAPI.dll

dbghelp: loaded successfully - version: 4.0.5 - missing functions: none
symbol engine: initialized successfully - sym options: 0x614 - pdb path: .;D:\FongAndroid\jbr\bin;C:\WINDOWS\SYSTEM32;C:\WINDOWS\WinSxS\amd64_microsoft.windows.common-controls_6595b64144ccf1df_6.0.22621.2506_none_270c5ae97388e100;D:\FongAndroid\jbr\bin\server;C:\Users\HI\.gradle\native\e1d6ef7f7dcc3fd88c89a11ec53ec762bb8ba0a96d01ffa2cd45eb1d1d8dd5c5\windows-amd64;C:\Users\HI\.gradle\native\0d407fdbe67a94daf76414ababcb853783967236a71b16ec16e742cd7a986fd3\windows-amd64

VM Arguments:
jvm_args: --add-opens=java.base/java.util=ALL-UNNAMED --add-opens=java.base/java.lang=ALL-UNNAMED --add-opens=java.base/java.lang.invoke=ALL-UNNAMED --add-opens=java.base/java.util=ALL-UNNAMED --add-opens=java.prefs/java.util.prefs=ALL-UNNAMED --add-opens=java.prefs/java.util.prefs=ALL-UNNAMED --add-opens=java.base/java.nio.charset=ALL-UNNAMED --add-opens=java.base/java.net=ALL-UNNAMED --add-opens=java.base/java.util.concurrent.atomic=ALL-UNNAMED -Xmx2048m -Dfile.encoding=UTF-8 -Duser.country=US -Duser.language=en -Duser.variant 
java_command: org.gradle.launcher.daemon.bootstrap.GradleDaemon 7.5
java_class_path (initial): C:\Users\HI\.gradle\wrapper\dists\gradle-7.5-bin\f1w0cc9nuo0eivz97x2xlu9sv\gradle-7.5\lib\gradle-launcher-7.5.jar
Launcher Type: SUN_STANDARD

[Global flags]
     intx CICompilerCount                          = 3                                         {product} {ergonomic}
     uint ConcGCThreads                            = 2                                         {product} {ergonomic}
     uint G1ConcRefinementThreads                  = 6                                         {product} {ergonomic}
   size_t G1HeapRegionSize                         = 1048576                                   {product} {ergonomic}
    uintx GCDrainStackTargetSize                   = 64                                        {product} {ergonomic}
   size_t InitialHeapSize                          = 123731968                                 {product} {ergonomic}
   size_t MarkStackSize                            = 4194304                                   {product} {ergonomic}
   size_t MaxHeapSize                              = 2147483648                                {product} {command line}
   size_t MaxNewSize                               = 1287651328                                {product} {ergonomic}
   size_t MinHeapDeltaBytes                        = 1048576                                   {product} {ergonomic}
    uintx NonNMethodCodeHeapSize                   = 5830732                                {pd product} {ergonomic}
    uintx NonProfiledCodeHeapSize                  = 122913754                              {pd product} {ergonomic}
    uintx ProfiledCodeHeapSize                     = 122913754                              {pd product} {ergonomic}
    uintx ReservedCodeCacheSize                    = 251658240                              {pd product} {ergonomic}
     bool SegmentedCodeCache                       = true                                      {product} {ergonomic}
     bool UseCompressedClassPointers               = true                                 {lp64_product} {ergonomic}
     bool UseCompressedOops                        = true                                 {lp64_product} {ergonomic}
     bool UseG1GC                                  = true                                      {product} {ergonomic}
     bool UseLargePagesIndividualAllocation        = false                                  {pd product} {ergonomic}

Logging:
Log output configuration:
 #0: stdout all=warning uptime,level,tags
 #1: stderr all=off uptime,level,tags

Environment Variables:
JAVA_HOME=C:\Java\
PATH=C:\Program Files\Common Files\Oracle\Java\javapath;C:\Program Files (x86)\VMware\VMware Workstation\bin\;C:\Java\bin;C:\WINDOWS\system32;C:\WINDOWS;C:\WINDOWS\System32\Wbem;C:\WINDOWS\System32\WindowsPowerShell\v1.0\;C:\WINDOWS\System32\OpenSSH\;C:\MinGW\bin\;C:\TDM-GCC-64\bin;C:\Program Files\Microsoft SQL Server\Client SDK\ODBC\170\Tools\Binn\;C:\Program Files (x86)\Microsoft SQL Server\150\Tools\Binn\;C:\Program Files\Microsoft SQL Server\150\Tools\Binn\;C:\Program Files\Microsoft SQL Server\150\DTS\Binn\;C:\Program Files (x86)\Microsoft SQL Server\160\DTS\Binn\;C:\Program Files (x86)\Microsoft SQL Server\160\Tools\Binn\;C:\Program Files\Microsoft SQL Server\160\Tools\Binn\;C:\Program Files\Microsoft SQL Server\160\DTS\Binn\;D:\;C:\dart-sdk;C:\Program Files\dotnet\;C:\Program Files\Git\cmd;C:\Program Files\MySQL\MySQL Shell 8.0\bin\;D:\Scripts\;D:\;D:\python\Scripts\;D:\python\;C:\Users\HI\AppData\Local\Microsoft\WindowsApps;C:\Users\HI\AppData\Local\Programs\Microsoft VS Code\bin;C:\TDM-GCC-64\bin;D:\php\php;C:\Program Files\JetBrains\PyCharm Community Edition 2021.2.3\bin;;;C:\Program Files\Azure Data Studio\bin;C:\Users\HI\AppData\Roaming\npm;C:\Users\HI\.dotnet\tools;C:\Program Files\JetBrains\IntelliJ IDEA 2023.2.2\bin;;C:\Program Files\JetBrains\IntelliJ IDEA Educational Edition 2022.2.2\bin;;C:\Program Files\JetBrains\IntelliJ IDEA Community Edition 2023.2.2\bin;
USERNAME=HI
OS=Windows_NT
PROCESSOR_IDENTIFIER=AMD64 Family 23 Model 96 Stepping 1, AuthenticAMD



---------------  S Y S T E M  ---------------

OS: Windows 11 , 64 bit Build 22621 (10.0.22621.3085)
OS uptime: 0 days 1:18 hours

CPU:total 6 (initial active 6) (6 cores per cpu, 1 threads per core) family 23 model 96 stepping 1 microcode 0x0, cmov, cx8, fxsr, mmx, sse, sse2, sse3, ssse3, sse4.1, sse4.2, popcnt, avx, avx2, aes, clmul, mmxext, 3dnowpref, lzcnt, sse4a, tsc, tscinvbit, tscinv, bmi1, bmi2, adx, sha, fma

Memory: 4k page, system-wide physical 7542M (203M free)
TotalPageFile size 11638M (AvailPageFile size 4M)
current process WorkingSet (physical memory assigned to process): 267M, peak: 267M
current process commit charge ("private bytes"): 300M, peak: 301M

vm_info: OpenJDK 64-Bit Server VM (11.0.15+0-b2043.56-8887301) for windows-amd64 JRE (11.0.15+0-b2043.56-8887301), built on Jul 29 2022 23:19:47 by "builduser" with unknown MS VC++:1929

END.
